[2022-12-12 18:34:21] [INFO   ] cannot read configuration file config.properties trying from resources.
[2022-12-12 18:34:21] [INFO   ] configuration file was loaded from resources directory.
[2022-12-12 18:34:22] [INFO   ] Thread dealer starting.
[2022-12-12 18:34:22] [INFO   ] Thread Player 0starting.
[2022-12-12 18:34:22] [INFO   ] Thread Player 1starting.
[2022-12-12 18:34:22] [SEVERE ] placing card 19 in slot 0
[2022-12-12 18:34:22] [SEVERE ] placing card 15 in slot 1
[2022-12-12 18:34:22] [SEVERE ] placing card 33 in slot 2
[2022-12-12 18:34:22] [SEVERE ] placing card 36 in slot 3
[2022-12-12 18:34:23] [SEVERE ] placing card 30 in slot 4
[2022-12-12 18:34:23] [SEVERE ] placing card 73 in slot 5
[2022-12-12 18:34:23] [SEVERE ] placing card 24 in slot 6
[2022-12-12 18:34:23] [SEVERE ] placing card 75 in slot 7
[2022-12-12 18:34:23] [SEVERE ] placing card 49 in slot 8
[2022-12-12 18:34:23] [SEVERE ] placing card 79 in slot 9
[2022-12-12 18:34:23] [SEVERE ] placing card 7 in slot 10
[2022-12-12 18:34:23] [SEVERE ] placing card 41 in slot 11
[2022-12-12 18:34:25] [SEVERE ] Key 81 was pressed by player 0
[2022-12-12 18:35:35] [SEVERE ] player 0 placing token on slot 0
[2022-12-12 18:35:37] [SEVERE ] removing player 0 token from slot 0
[2022-12-12 18:35:38] [SEVERE ] removing card from slot 0
[2022-12-12 18:35:40] [SEVERE ] removing card from slot 1
[2022-12-12 18:35:40] [SEVERE ] Key 87 was pressed by player 0
[2022-12-12 18:35:42] [SEVERE ] removing card from slot 2
[2022-12-12 18:35:43] [SEVERE ] removing card from slot 3
[2022-12-12 18:35:43] [SEVERE ] removing card from slot 4
[2022-12-12 18:35:43] [SEVERE ] removing card from slot 5
[2022-12-12 18:35:44] [SEVERE ] removing card from slot 6
[2022-12-12 18:35:44] [SEVERE ] removing card from slot 7
[2022-12-12 18:35:44] [SEVERE ] removing card from slot 8
[2022-12-12 18:35:44] [SEVERE ] removing card from slot 9
[2022-12-12 18:35:44] [SEVERE ] removing card from slot 10
[2022-12-12 18:35:44] [SEVERE ] removing card from slot 11
[2022-12-12 18:35:44] [SEVERE ] placing card 43 in slot 0
[2022-12-12 18:35:44] [SEVERE ] placing card 59 in slot 1
[2022-12-12 18:35:44] [SEVERE ] placing card 68 in slot 2
[2022-12-12 18:35:45] [SEVERE ] placing card 40 in slot 3
[2022-12-12 18:35:45] [SEVERE ] placing card 19 in slot 4
[2022-12-12 18:35:45] [SEVERE ] placing card 74 in slot 5
[2022-12-12 18:35:45] [SEVERE ] placing card 41 in slot 6
[2022-12-12 18:35:45] [SEVERE ] placing card 31 in slot 7
[2022-12-12 18:35:45] [SEVERE ] placing card 36 in slot 8
[2022-12-12 18:35:45] [SEVERE ] placing card 12 in slot 9
[2022-12-12 18:35:45] [SEVERE ] placing card 7 in slot 10
[2022-12-12 18:35:45] [SEVERE ] placing card 5 in slot 11
[2022-12-12 18:35:49] [SEVERE ] player 0 placing token on slot 1
[2022-12-12 18:35:55] [SEVERE ] Key 69 was pressed by player 0
[2022-12-12 18:36:00] [SEVERE ] player 0 placing token on slot 2
[2022-12-12 18:36:03] [SEVERE ] removing player 0 token from slot 1
[2022-12-12 18:36:03] [SEVERE ] removing player 0 token from slot 2
[2022-12-12 18:36:03] [SEVERE ] removing card from slot 0
[2022-12-12 18:36:03] [SEVERE ] removing card from slot 1
[2022-12-12 18:36:03] [SEVERE ] removing card from slot 2
[2022-12-12 18:36:03] [SEVERE ] removing card from slot 3
[2022-12-12 18:36:03] [SEVERE ] removing card from slot 4
[2022-12-12 18:36:04] [SEVERE ] removing card from slot 5
[2022-12-12 18:36:04] [SEVERE ] removing card from slot 6
[2022-12-12 18:36:04] [SEVERE ] removing card from slot 7
[2022-12-12 18:36:04] [SEVERE ] removing card from slot 8
[2022-12-12 18:36:04] [SEVERE ] removing card from slot 9
[2022-12-12 18:36:04] [SEVERE ] removing card from slot 10
[2022-12-12 18:36:04] [SEVERE ] removing card from slot 11
[2022-12-12 18:36:04] [SEVERE ] placing card 21 in slot 0
[2022-12-12 18:36:04] [SEVERE ] placing card 1 in slot 1
[2022-12-12 18:36:05] [SEVERE ] placing card 73 in slot 2
[2022-12-12 18:36:05] [SEVERE ] placing card 17 in slot 3
[2022-12-12 18:36:05] [SEVERE ] placing card 19 in slot 4
[2022-12-12 18:36:05] [SEVERE ] placing card 31 in slot 5
[2022-12-12 18:36:05] [SEVERE ] placing card 72 in slot 6
[2022-12-12 18:36:05] [SEVERE ] placing card 26 in slot 7
[2022-12-12 18:36:05] [SEVERE ] placing card 7 in slot 8
[2022-12-12 18:36:05] [SEVERE ] placing card 48 in slot 9
[2022-12-12 18:36:05] [SEVERE ] placing card 68 in slot 10
[2022-12-12 18:36:05] [SEVERE ] placing card 49 in slot 11
[2022-12-12 18:36:08] [SEVERE ] Key 81 was pressed by player 0
[2022-12-12 18:36:19] [SEVERE ] player 0 placing token on slot 0
[2022-12-12 18:36:21] [SEVERE ] removing player 0 token from slot 0
[2022-12-12 18:36:21] [SEVERE ] Key 87 was pressed by player 0
[2022-12-12 18:36:23] [SEVERE ] removing card from slot 0
[2022-12-12 18:36:24] [SEVERE ] removing card from slot 1
[2022-12-12 18:36:24] [SEVERE ] removing card from slot 2
[2022-12-12 18:36:24] [SEVERE ] removing card from slot 3
[2022-12-12 18:36:24] [SEVERE ] removing card from slot 4
[2022-12-12 18:36:24] [SEVERE ] removing card from slot 5
[2022-12-12 18:36:24] [SEVERE ] removing card from slot 6
[2022-12-12 18:36:24] [SEVERE ] removing card from slot 7
[2022-12-12 18:36:24] [SEVERE ] removing card from slot 8
[2022-12-12 18:36:24] [SEVERE ] removing card from slot 9
[2022-12-12 18:36:25] [SEVERE ] removing card from slot 10
[2022-12-12 18:36:25] [SEVERE ] removing card from slot 11
[2022-12-12 18:36:25] [SEVERE ] placing card 51 in slot 0
[2022-12-12 18:36:25] [SEVERE ] placing card 31 in slot 1
[2022-12-12 18:36:25] [SEVERE ] placing card 37 in slot 2
[2022-12-12 18:36:25] [SEVERE ] placing card 61 in slot 3
[2022-12-12 18:36:25] [SEVERE ] placing card 49 in slot 4
[2022-12-12 18:36:25] [SEVERE ] placing card 28 in slot 5
[2022-12-12 18:36:25] [SEVERE ] placing card 80 in slot 6
[2022-12-12 18:36:25] [SEVERE ] placing card 7 in slot 7
[2022-12-12 18:36:26] [SEVERE ] placing card 77 in slot 8
[2022-12-12 18:36:26] [SEVERE ] placing card 5 in slot 9
[2022-12-12 18:36:26] [SEVERE ] placing card 45 in slot 10
[2022-12-12 18:36:26] [SEVERE ] placing card 55 in slot 11
[2022-12-12 18:36:36] [SEVERE ] player 0 placing token on slot 1
[2022-12-12 18:36:42] [SEVERE ] Key 81 was pressed by player 0
[2022-12-12 18:36:56] [SEVERE ] removing player 0 token from slot 1
[2022-12-12 18:36:56] [SEVERE ] removing card from slot 0
[2022-12-12 18:36:56] [SEVERE ] removing card from slot 1
[2022-12-12 18:36:56] [SEVERE ] removing card from slot 2
[2022-12-12 18:36:56] [SEVERE ] removing card from slot 3
[2022-12-12 18:36:56] [SEVERE ] removing card from slot 4
[2022-12-12 18:36:56] [SEVERE ] removing card from slot 5
[2022-12-12 18:36:56] [SEVERE ] removing card from slot 6
[2022-12-12 18:36:57] [SEVERE ] removing card from slot 7
[2022-12-12 18:36:57] [SEVERE ] removing card from slot 8
[2022-12-12 18:36:57] [SEVERE ] removing card from slot 9
[2022-12-12 18:36:57] [SEVERE ] removing card from slot 10
[2022-12-12 18:36:57] [SEVERE ] removing card from slot 11
[2022-12-12 18:36:57] [SEVERE ] placing card 34 in slot 0
[2022-12-12 18:36:57] [SEVERE ] placing card 23 in slot 1
[2022-12-12 18:36:57] [SEVERE ] placing card 55 in slot 2
[2022-12-12 18:36:57] [SEVERE ] placing card 74 in slot 3
[2022-12-12 18:36:57] [SEVERE ] placing card 72 in slot 4
[2022-12-12 18:36:58] [SEVERE ] placing card 70 in slot 5
[2022-12-12 18:36:58] [SEVERE ] placing card 69 in slot 6
[2022-12-12 18:36:58] [SEVERE ] placing card 27 in slot 7
[2022-12-12 18:36:58] [SEVERE ] placing card 28 in slot 8
[2022-12-12 18:36:58] [SEVERE ] placing card 6 in slot 9
[2022-12-12 18:36:58] [SEVERE ] placing card 7 in slot 10
[2022-12-12 18:36:58] [SEVERE ] placing card 1 in slot 11
[2022-12-12 18:36:58] [SEVERE ] player 0 placing token on slot 0
[2022-12-12 18:36:58] [SEVERE ] Key 69 was pressed by player 0
[2022-12-12 18:37:21] [SEVERE ] player 0 placing token on slot 2
[2022-12-12 18:37:22] [SEVERE ] removing player 0 token from slot 0
[2022-12-12 18:37:22] [SEVERE ] removing player 0 token from slot 2
[2022-12-12 18:37:23] [SEVERE ] removing card from slot 0
[2022-12-12 18:37:24] [SEVERE ] removing card from slot 1
[2022-12-12 18:37:24] [SEVERE ] removing card from slot 2
[2022-12-12 18:37:24] [SEVERE ] removing card from slot 3
[2022-12-12 18:37:24] [SEVERE ] removing card from slot 4
[2022-12-12 18:37:25] [SEVERE ] removing card from slot 5
[2022-12-12 18:37:25] [SEVERE ] removing card from slot 6
[2022-12-12 18:37:25] [SEVERE ] removing card from slot 7
[2022-12-12 18:37:25] [SEVERE ] removing card from slot 8
[2022-12-12 18:37:25] [SEVERE ] removing card from slot 9
[2022-12-12 18:37:25] [SEVERE ] removing card from slot 10
[2022-12-12 18:37:25] [SEVERE ] removing card from slot 11
[2022-12-12 18:37:25] [SEVERE ] placing card 42 in slot 0
[2022-12-12 18:37:25] [SEVERE ] placing card 35 in slot 1
[2022-12-12 18:37:25] [SEVERE ] placing card 20 in slot 2
[2022-12-12 18:37:26] [SEVERE ] placing card 77 in slot 3
[2022-12-12 18:37:26] [SEVERE ] placing card 14 in slot 4
[2022-12-12 18:37:26] [SEVERE ] placing card 51 in slot 5
[2022-12-12 18:37:26] [SEVERE ] placing card 44 in slot 6
[2022-12-12 18:37:26] [SEVERE ] placing card 69 in slot 7
[2022-12-12 18:37:26] [SEVERE ] placing card 0 in slot 8
[2022-12-12 18:37:26] [SEVERE ] placing card 16 in slot 9
[2022-12-12 18:37:26] [SEVERE ] placing card 2 in slot 10
[2022-12-12 18:37:26] [SEVERE ] placing card 17 in slot 11
[2022-12-12 18:37:28] [SEVERE ] Key 87 was pressed by player 0
[2022-12-12 18:37:32] [SEVERE ] player 0 placing token on slot 1
[2022-12-12 18:37:32] [SEVERE ] Key 81 was pressed by player 0
[2022-12-12 18:37:33] [SEVERE ] player 0 placing token on slot 0
[2022-12-12 18:37:33] [SEVERE ] Key 69 was pressed by player 0
[2022-12-12 18:37:34] [SEVERE ] player 0 placing token on slot 2
[2022-12-12 18:37:34] [SEVERE ] setting player 0 freeze to 1000
[2022-12-12 18:37:34] [SEVERE ] removing player 0 token from slot 1
[2022-12-12 18:37:45] [SEVERE ] removing player 0 token from slot 0
[2022-12-12 18:37:45] [SEVERE ] removing player 0 token from slot 2
[2022-12-12 18:37:46] [SEVERE ] removing card from slot 0
[2022-12-12 18:37:46] [SEVERE ] removing card from slot 1
[2022-12-12 18:37:46] [SEVERE ] removing card from slot 2
[2022-12-12 18:37:46] [SEVERE ] removing card from slot 3
[2022-12-12 18:37:46] [SEVERE ] removing card from slot 4
[2022-12-12 18:37:46] [SEVERE ] removing card from slot 5
[2022-12-12 18:37:46] [SEVERE ] removing card from slot 6
[2022-12-12 18:37:46] [SEVERE ] removing card from slot 7
[2022-12-12 18:37:46] [SEVERE ] removing card from slot 8
[2022-12-12 18:37:46] [SEVERE ] removing card from slot 9
[2022-12-12 18:37:47] [SEVERE ] removing card from slot 10
[2022-12-12 18:37:47] [SEVERE ] removing card from slot 11
[2022-12-12 18:37:47] [SEVERE ] placing card 8 in slot 0
[2022-12-12 18:37:47] [SEVERE ] placing card 56 in slot 1
[2022-12-12 18:37:47] [SEVERE ] placing card 38 in slot 2
[2022-12-12 18:37:47] [SEVERE ] placing card 13 in slot 3
[2022-12-12 18:37:47] [SEVERE ] placing card 55 in slot 4
[2022-12-12 18:37:47] [SEVERE ] placing card 41 in slot 5
[2022-12-12 18:37:47] [SEVERE ] placing card 43 in slot 6
[2022-12-12 18:37:47] [SEVERE ] placing card 64 in slot 7
[2022-12-12 18:37:48] [SEVERE ] placing card 15 in slot 8
[2022-12-12 18:37:48] [SEVERE ] placing card 54 in slot 9
[2022-12-12 18:37:48] [SEVERE ] placing card 73 in slot 10
[2022-12-12 18:37:48] [SEVERE ] placing card 19 in slot 11
[2022-12-12 18:37:48] [SEVERE ] Key 81 was pressed by player 0
[2022-12-12 18:37:53] [SEVERE ] player 0 placing token on slot 0
[2022-12-12 18:37:53] [SEVERE ] Key 87 was pressed by player 0
[2022-12-12 18:37:54] [SEVERE ] player 0 placing token on slot 1
[2022-12-12 18:37:54] [SEVERE ] Key 69 was pressed by player 0
[2022-12-12 18:38:28] [SEVERE ] player 0 placing token on slot 2
[2022-12-12 18:38:28] [SEVERE ] setting player 0 freeze to 1000
[2022-12-12 18:38:28] [SEVERE ] removing player 0 token from slot 0
[2022-12-12 18:38:28] [SEVERE ] removing player 0 token from slot 1
[2022-12-12 18:38:28] [SEVERE ] removing player 0 token from slot 2
