[2022-12-15 13:51:23] [INFO   ] cannot read configuration file config.properties trying from resources.
[2022-12-15 13:51:23] [INFO   ] configuration file was loaded from resources directory.
[2022-12-15 13:51:24] [INFO   ] Thread dealer starting.
[2022-12-15 13:51:24] [INFO   ] Thread Player 1starting.
[2022-12-15 13:51:24] [INFO   ] Thread Player 2starting.
[2022-12-15 13:51:24] [INFO   ] Thread Player 3starting.
[2022-12-15 13:51:24] [INFO   ] Thread Player 0starting.
[2022-12-15 13:51:24] [INFO   ] Thread computer-3 starting.
[2022-12-15 13:51:24] [INFO   ] Thread computer-1 starting.
[2022-12-15 13:51:24] [INFO   ] Thread computer-2 starting.
[2022-12-15 13:51:24] [SEVERE ] placing card 14 in slot 0
[2022-12-15 13:51:24] [SEVERE ] placing card 60 in slot 1
[2022-12-15 13:51:24] [SEVERE ] placing card 55 in slot 2
[2022-12-15 13:51:24] [SEVERE ] placing card 39 in slot 3
[2022-12-15 13:51:24] [SEVERE ] placing card 66 in slot 4
[2022-12-15 13:51:24] [SEVERE ] placing card 0 in slot 5
[2022-12-15 13:51:25] [SEVERE ] placing card 41 in slot 6
[2022-12-15 13:51:25] [SEVERE ] placing card 37 in slot 7
[2022-12-15 13:51:25] [SEVERE ] placing card 18 in slot 8
[2022-12-15 13:51:25] [SEVERE ] placing card 16 in slot 9
[2022-12-15 13:51:25] [SEVERE ] placing card 57 in slot 10
[2022-12-15 13:51:25] [SEVERE ] placing card 58 in slot 11
[2022-12-15 13:51:25] [SEVERE ] player 3 placing token on slot 4
[2022-12-15 13:51:25] [SEVERE ] player 1 placing token on slot 8
[2022-12-15 13:51:25] [SEVERE ] player 2 placing token on slot 4
[2022-12-15 13:51:26] [SEVERE ] player 3 placing token on slot 9
[2022-12-15 13:51:26] [SEVERE ] player 2 placing token on slot 9
[2022-12-15 13:51:26] [SEVERE ] player 1 placing token on slot 10
[2022-12-15 13:51:27] [SEVERE ] player 1 placing token on slot 11
[2022-12-15 13:51:27] [SEVERE ] player 2 placing token on slot 6
[2022-12-15 13:51:27] [SEVERE ] removing player 3 token from slot 4
[2022-12-15 13:51:27] [SEVERE ] removing player 2 token from slot 4
[2022-12-15 13:51:27] [SEVERE ] removing player 2 token from slot 9
[2022-12-15 13:51:27] [SEVERE ] removing player 2 token from slot 6
[2022-12-15 13:51:27] [SEVERE ] setting player 2 freeze to 3000
[2022-12-15 13:51:27] [SEVERE ] removing player 1 token from slot 8
[2022-12-15 13:51:27] [SEVERE ] removing player 1 token from slot 10
[2022-12-15 13:51:27] [SEVERE ] removing player 1 token from slot 11
[2022-12-15 13:51:27] [SEVERE ] setting player 1 freeze to 3000
[2022-12-15 13:51:27] [SEVERE ] setting player 2 freeze to 2987
[2022-12-15 13:51:27] [SEVERE ] setting player 2 freeze to 2972
[2022-12-15 13:51:27] [SEVERE ] setting player 1 freeze to 2975
[2022-12-15 13:51:27] [SEVERE ] setting player 2 freeze to 2957
[2022-12-15 13:51:27] [SEVERE ] setting player 1 freeze to 2960
[2022-12-15 13:51:27] [SEVERE ] setting player 1 freeze to 2944
[2022-12-15 13:51:27] [SEVERE ] setting player 2 freeze to 2941
[2022-12-15 13:51:27] [SEVERE ] setting player 1 freeze to 2928
[2022-12-15 13:51:27] [SEVERE ] setting player 2 freeze to 2925
[2022-12-15 13:51:27] [SEVERE ] setting player 1 freeze to 2912
[2022-12-15 13:51:27] [SEVERE ] setting player 2 freeze to 2909
[2022-12-15 13:51:27] [SEVERE ] setting player 2 freeze to 2893
[2022-12-15 13:51:27] [SEVERE ] setting player 1 freeze to 2896
[2022-12-15 13:51:27] [SEVERE ] setting player 2 freeze to 2877
[2022-12-15 13:51:27] [SEVERE ] setting player 1 freeze to 2880
[2022-12-15 13:51:27] [SEVERE ] setting player 2 freeze to 2861
[2022-12-15 13:51:27] [SEVERE ] setting player 1 freeze to 2864
[2022-12-15 13:51:27] [SEVERE ] setting player 2 freeze to 2845
[2022-12-15 13:51:27] [SEVERE ] setting player 1 freeze to 2848
[2022-12-15 13:51:27] [SEVERE ] setting player 2 freeze to 2829
[2022-12-15 13:51:27] [SEVERE ] setting player 1 freeze to 2832
[2022-12-15 13:51:27] [SEVERE ] setting player 1 freeze to 2817
[2022-12-15 13:51:27] [SEVERE ] setting player 2 freeze to 2814
[2022-12-15 13:51:27] [SEVERE ] setting player 2 freeze to 2798
[2022-12-15 13:51:27] [SEVERE ] setting player 1 freeze to 2801
[2022-12-15 13:51:27] [SEVERE ] setting player 2 freeze to 2782
[2022-12-15 13:51:27] [SEVERE ] setting player 1 freeze to 2785
[2022-12-15 13:51:27] [SEVERE ] setting player 1 freeze to 2769
[2022-12-15 13:51:27] [SEVERE ] setting player 2 freeze to 2766
[2022-12-15 13:51:27] [SEVERE ] setting player 2 freeze to 2750
[2022-12-15 13:51:27] [SEVERE ] setting player 1 freeze to 2753
[2022-12-15 13:51:27] [SEVERE ] setting player 2 freeze to 2734
[2022-12-15 13:51:27] [SEVERE ] setting player 1 freeze to 2737
[2022-12-15 13:51:27] [SEVERE ] setting player 2 freeze to 2718
[2022-12-15 13:51:27] [SEVERE ] setting player 1 freeze to 2721
[2022-12-15 13:51:27] [SEVERE ] setting player 1 freeze to 2705
[2022-12-15 13:51:27] [SEVERE ] setting player 2 freeze to 2702
[2022-12-15 13:51:27] [SEVERE ] setting player 2 freeze to 2687
[2022-12-15 13:51:27] [SEVERE ] setting player 1 freeze to 2690
[2022-12-15 13:51:27] [SEVERE ] setting player 2 freeze to 2671
[2022-12-15 13:51:27] [SEVERE ] setting player 1 freeze to 2674
[2022-12-15 13:51:27] [SEVERE ] setting player 1 freeze to 2658
[2022-12-15 13:51:27] [SEVERE ] setting player 2 freeze to 2655
[2022-12-15 13:51:28] [SEVERE ] setting player 1 freeze to 2642
[2022-12-15 13:51:28] [SEVERE ] setting player 2 freeze to 2639
[2022-12-15 13:51:28] [SEVERE ] setting player 1 freeze to 2626
[2022-12-15 13:51:28] [SEVERE ] setting player 2 freeze to 2623
[2022-12-15 13:51:28] [SEVERE ] setting player 1 freeze to 2611
[2022-12-15 13:51:28] [SEVERE ] setting player 2 freeze to 2608
[2022-12-15 13:51:28] [SEVERE ] setting player 1 freeze to 2595
[2022-12-15 13:51:28] [SEVERE ] setting player 2 freeze to 2592
[2022-12-15 13:51:28] [SEVERE ] setting player 1 freeze to 2580
[2022-12-15 13:51:28] [SEVERE ] setting player 2 freeze to 2577
[2022-12-15 13:51:28] [SEVERE ] setting player 2 freeze to 2561
[2022-12-15 13:51:28] [SEVERE ] setting player 1 freeze to 2564
[2022-12-15 13:51:28] [SEVERE ] setting player 1 freeze to 2548
[2022-12-15 13:51:28] [SEVERE ] setting player 2 freeze to 2545
[2022-12-15 13:51:28] [SEVERE ] setting player 2 freeze to 2529
[2022-12-15 13:51:28] [SEVERE ] setting player 1 freeze to 2532
[2022-12-15 13:51:28] [SEVERE ] setting player 2 freeze to 2513
[2022-12-15 13:51:28] [SEVERE ] setting player 1 freeze to 2516
[2022-12-15 13:51:28] [SEVERE ] setting player 2 freeze to 2497
[2022-12-15 13:51:28] [SEVERE ] setting player 1 freeze to 2500
[2022-12-15 13:51:28] [SEVERE ] setting player 1 freeze to 2484
[2022-12-15 13:51:28] [SEVERE ] setting player 2 freeze to 2481
[2022-12-15 13:51:28] [SEVERE ] setting player 2 freeze to 2466
[2022-12-15 13:51:28] [SEVERE ] setting player 1 freeze to 2469
[2022-12-15 13:51:28] [SEVERE ] setting player 1 freeze to 2453
[2022-12-15 13:51:28] [SEVERE ] setting player 2 freeze to 2450
[2022-12-15 13:51:28] [SEVERE ] setting player 1 freeze to 2439
[2022-12-15 13:51:28] [SEVERE ] setting player 2 freeze to 2436
[2022-12-15 13:51:28] [SEVERE ] setting player 2 freeze to 2420
[2022-12-15 13:51:28] [SEVERE ] setting player 1 freeze to 2423
[2022-12-15 13:51:28] [SEVERE ] setting player 2 freeze to 2404
[2022-12-15 13:51:28] [SEVERE ] setting player 1 freeze to 2407
[2022-12-15 13:51:28] [SEVERE ] setting player 1 freeze to 2391
[2022-12-15 13:51:28] [SEVERE ] setting player 2 freeze to 2388
[2022-12-15 13:51:28] [SEVERE ] setting player 2 freeze to 2372
[2022-12-15 13:51:28] [SEVERE ] setting player 1 freeze to 2375
[2022-12-15 13:51:28] [SEVERE ] setting player 1 freeze to 2360
[2022-12-15 13:51:28] [SEVERE ] setting player 2 freeze to 2357
[2022-12-15 13:51:28] [SEVERE ] setting player 2 freeze to 2341
[2022-12-15 13:51:28] [SEVERE ] setting player 1 freeze to 2344
[2022-12-15 13:51:28] [SEVERE ] setting player 2 freeze to 2325
[2022-12-15 13:51:28] [SEVERE ] setting player 1 freeze to 2328
[2022-12-15 13:51:28] [SEVERE ] setting player 1 freeze to 2312
[2022-12-15 13:51:28] [SEVERE ] setting player 2 freeze to 2309
[2022-12-15 13:51:28] [SEVERE ] setting player 1 freeze to 2296
[2022-12-15 13:51:28] [SEVERE ] setting player 2 freeze to 2293
[2022-12-15 13:51:28] [SEVERE ] setting player 2 freeze to 2278
[2022-12-15 13:51:28] [SEVERE ] setting player 1 freeze to 2281
[2022-12-15 13:51:28] [SEVERE ] setting player 2 freeze to 2266
[2022-12-15 13:51:28] [SEVERE ] setting player 1 freeze to 2265
[2022-12-15 13:51:28] [SEVERE ] setting player 1 freeze to 2249
[2022-12-15 13:51:28] [SEVERE ] setting player 2 freeze to 2246
[2022-12-15 13:51:28] [SEVERE ] setting player 1 freeze to 2233
[2022-12-15 13:51:28] [SEVERE ] setting player 2 freeze to 2230
[2022-12-15 13:51:28] [SEVERE ] setting player 2 freeze to 2214
[2022-12-15 13:51:28] [SEVERE ] setting player 1 freeze to 2217
[2022-12-15 13:51:28] [SEVERE ] setting player 2 freeze to 2198
[2022-12-15 13:51:28] [SEVERE ] setting player 1 freeze to 2201
[2022-12-15 13:51:28] [SEVERE ] setting player 1 freeze to 2186
[2022-12-15 13:51:28] [SEVERE ] setting player 2 freeze to 2183
[2022-12-15 13:51:28] [SEVERE ] setting player 1 freeze to 2170
[2022-12-15 13:51:28] [SEVERE ] setting player 2 freeze to 2167
[2022-12-15 13:51:28] [SEVERE ] setting player 1 freeze to 2154
[2022-12-15 13:51:28] [SEVERE ] setting player 2 freeze to 2151
[2022-12-15 13:51:28] [SEVERE ] setting player 1 freeze to 2139
[2022-12-15 13:51:28] [SEVERE ] setting player 2 freeze to 2136
[2022-12-15 13:51:28] [SEVERE ] setting player 2 freeze to 2120
[2022-12-15 13:51:28] [SEVERE ] setting player 1 freeze to 2123
[2022-12-15 13:51:28] [SEVERE ] setting player 1 freeze to 2107
[2022-12-15 13:51:28] [SEVERE ] setting player 2 freeze to 2104
[2022-12-15 13:51:28] [SEVERE ] setting player 1 freeze to 2096
[2022-12-15 13:51:28] [SEVERE ] setting player 2 freeze to 2088
[2022-12-15 13:51:28] [SEVERE ] setting player 1 freeze to 2075
[2022-12-15 13:51:28] [SEVERE ] setting player 2 freeze to 2072
[2022-12-15 13:51:28] [SEVERE ] setting player 1 freeze to 2065
[2022-12-15 13:51:28] [SEVERE ] setting player 2 freeze to 2058
[2022-12-15 13:51:28] [SEVERE ] setting player 2 freeze to 2042
[2022-12-15 13:51:28] [SEVERE ] setting player 1 freeze to 2045
[2022-12-15 13:51:28] [SEVERE ] setting player 2 freeze to 2026
[2022-12-15 13:51:28] [SEVERE ] setting player 1 freeze to 2029
[2022-12-15 13:51:28] [SEVERE ] setting player 2 freeze to 2010
[2022-12-15 13:51:28] [SEVERE ] setting player 1 freeze to 2013
[2022-12-15 13:51:28] [SEVERE ] player 3 placing token on slot 0
[2022-12-15 13:51:28] [SEVERE ] setting player 1 freeze to 1997
[2022-12-15 13:51:28] [SEVERE ] setting player 2 freeze to 1994
[2022-12-15 13:51:28] [SEVERE ] setting player 1 freeze to 1981
[2022-12-15 13:51:28] [SEVERE ] setting player 2 freeze to 1978
[2022-12-15 13:51:28] [SEVERE ] setting player 1 freeze to 1965
[2022-12-15 13:51:28] [SEVERE ] setting player 2 freeze to 1962
[2022-12-15 13:51:28] [SEVERE ] setting player 1 freeze to 1950
[2022-12-15 13:51:28] [SEVERE ] setting player 2 freeze to 1947
[2022-12-15 13:51:28] [SEVERE ] setting player 1 freeze to 1934
[2022-12-15 13:51:28] [SEVERE ] setting player 2 freeze to 1931
[2022-12-15 13:51:28] [SEVERE ] setting player 2 freeze to 1915
[2022-12-15 13:51:28] [SEVERE ] setting player 1 freeze to 1918
[2022-12-15 13:51:28] [SEVERE ] setting player 2 freeze to 1900
[2022-12-15 13:51:28] [SEVERE ] setting player 1 freeze to 1903
[2022-12-15 13:51:28] [SEVERE ] setting player 2 freeze to 1884
[2022-12-15 13:51:28] [SEVERE ] setting player 1 freeze to 1887
[2022-12-15 13:51:28] [SEVERE ] setting player 2 freeze to 1868
[2022-12-15 13:51:28] [SEVERE ] setting player 1 freeze to 1871
[2022-12-15 13:51:28] [SEVERE ] setting player 2 freeze to 1852
[2022-12-15 13:51:28] [SEVERE ] setting player 1 freeze to 1855
[2022-12-15 13:51:28] [SEVERE ] setting player 1 freeze to 1839
[2022-12-15 13:51:28] [SEVERE ] setting player 2 freeze to 1836
[2022-12-15 13:51:28] [SEVERE ] setting player 1 freeze to 1823
[2022-12-15 13:51:28] [SEVERE ] setting player 2 freeze to 1820
[2022-12-15 13:51:28] [SEVERE ] setting player 1 freeze to 1807
[2022-12-15 13:51:28] [SEVERE ] setting player 2 freeze to 1804
[2022-12-15 13:51:28] [SEVERE ] setting player 1 freeze to 1791
[2022-12-15 13:51:28] [SEVERE ] setting player 2 freeze to 1788
[2022-12-15 13:51:28] [SEVERE ] setting player 2 freeze to 1772
[2022-12-15 13:51:28] [SEVERE ] setting player 1 freeze to 1775
[2022-12-15 13:51:28] [SEVERE ] setting player 1 freeze to 1759
[2022-12-15 13:51:28] [SEVERE ] setting player 2 freeze to 1756
[2022-12-15 13:51:28] [SEVERE ] setting player 1 freeze to 1743
[2022-12-15 13:51:28] [SEVERE ] setting player 2 freeze to 1740
[2022-12-15 13:51:28] [SEVERE ] setting player 2 freeze to 1724
[2022-12-15 13:51:28] [SEVERE ] setting player 1 freeze to 1727
[2022-12-15 13:51:28] [SEVERE ] setting player 1 freeze to 1711
[2022-12-15 13:51:28] [SEVERE ] setting player 2 freeze to 1708
[2022-12-15 13:51:28] [SEVERE ] setting player 2 freeze to 1693
[2022-12-15 13:51:28] [SEVERE ] setting player 1 freeze to 1696
[2022-12-15 13:51:28] [SEVERE ] setting player 2 freeze to 1682
[2022-12-15 13:51:28] [SEVERE ] setting player 1 freeze to 1680
[2022-12-15 13:51:28] [SEVERE ] setting player 1 freeze to 1664
[2022-12-15 13:51:28] [SEVERE ] setting player 2 freeze to 1661
[2022-12-15 13:51:28] [SEVERE ] setting player 2 freeze to 1645
[2022-12-15 13:51:28] [SEVERE ] setting player 1 freeze to 1648
[2022-12-15 13:51:29] [SEVERE ] setting player 1 freeze to 1633
[2022-12-15 13:51:29] [SEVERE ] setting player 2 freeze to 1630
[2022-12-15 13:51:29] [SEVERE ] setting player 1 freeze to 1617
[2022-12-15 13:51:29] [SEVERE ] setting player 2 freeze to 1614
[2022-12-15 13:51:29] [SEVERE ] setting player 1 freeze to 1602
[2022-12-15 13:51:29] [SEVERE ] setting player 2 freeze to 1599
[2022-12-15 13:51:29] [SEVERE ] setting player 2 freeze to 1583
[2022-12-15 13:51:29] [SEVERE ] setting player 1 freeze to 1586
[2022-12-15 13:51:29] [SEVERE ] setting player 1 freeze to 1570
[2022-12-15 13:51:29] [SEVERE ] setting player 2 freeze to 1567
[2022-12-15 13:51:29] [SEVERE ] setting player 2 freeze to 1551
[2022-12-15 13:51:29] [SEVERE ] setting player 1 freeze to 1554
[2022-12-15 13:51:29] [SEVERE ] setting player 2 freeze to 1535
[2022-12-15 13:51:29] [SEVERE ] setting player 1 freeze to 1538
[2022-12-15 13:51:29] [SEVERE ] setting player 1 freeze to 1523
[2022-12-15 13:51:29] [SEVERE ] setting player 2 freeze to 1520
[2022-12-15 13:51:29] [SEVERE ] setting player 1 freeze to 1507
[2022-12-15 13:51:29] [SEVERE ] setting player 2 freeze to 1504
[2022-12-15 13:51:29] [SEVERE ] setting player 2 freeze to 1488
[2022-12-15 13:51:29] [SEVERE ] setting player 1 freeze to 1491
[2022-12-15 13:51:29] [SEVERE ] setting player 1 freeze to 1475
[2022-12-15 13:51:29] [SEVERE ] setting player 2 freeze to 1472
[2022-12-15 13:51:29] [SEVERE ] setting player 1 freeze to 1464
[2022-12-15 13:51:29] [SEVERE ] setting player 2 freeze to 1456
[2022-12-15 13:51:29] [SEVERE ] setting player 2 freeze to 1440
[2022-12-15 13:51:29] [SEVERE ] setting player 1 freeze to 1443
[2022-12-15 13:51:29] [SEVERE ] setting player 1 freeze to 1427
[2022-12-15 13:51:29] [SEVERE ] setting player 2 freeze to 1424
[2022-12-15 13:51:29] [SEVERE ] setting player 2 freeze to 1408
[2022-12-15 13:51:29] [SEVERE ] setting player 1 freeze to 1411
[2022-12-15 13:51:29] [SEVERE ] setting player 2 freeze to 1393
[2022-12-15 13:51:29] [SEVERE ] setting player 1 freeze to 1396
[2022-12-15 13:51:29] [SEVERE ] setting player 2 freeze to 1382
[2022-12-15 13:51:29] [SEVERE ] setting player 1 freeze to 1380
[2022-12-15 13:51:29] [SEVERE ] setting player 2 freeze to 1361
[2022-12-15 13:51:29] [SEVERE ] setting player 1 freeze to 1364
[2022-12-15 13:51:29] [SEVERE ] setting player 2 freeze to 1345
[2022-12-15 13:51:29] [SEVERE ] setting player 1 freeze to 1348
[2022-12-15 13:51:29] [SEVERE ] setting player 1 freeze to 1332
[2022-12-15 13:51:29] [SEVERE ] setting player 2 freeze to 1329
[2022-12-15 13:51:29] [SEVERE ] setting player 2 freeze to 1314
[2022-12-15 13:51:29] [SEVERE ] setting player 1 freeze to 1317
[2022-12-15 13:51:29] [SEVERE ] setting player 2 freeze to 1299
[2022-12-15 13:51:29] [SEVERE ] setting player 1 freeze to 1302
[2022-12-15 13:51:29] [SEVERE ] setting player 1 freeze to 1286
[2022-12-15 13:51:29] [SEVERE ] setting player 2 freeze to 1283
[2022-12-15 13:51:29] [SEVERE ] setting player 1 freeze to 1275
[2022-12-15 13:51:29] [SEVERE ] setting player 2 freeze to 1268
[2022-12-15 13:51:29] [SEVERE ] setting player 2 freeze to 1252
[2022-12-15 13:51:29] [SEVERE ] setting player 1 freeze to 1254
[2022-12-15 13:51:29] [SEVERE ] setting player 2 freeze to 1236
[2022-12-15 13:51:29] [SEVERE ] setting player 1 freeze to 1239
[2022-12-15 13:51:29] [SEVERE ] setting player 2 freeze to 1225
[2022-12-15 13:51:29] [SEVERE ] setting player 1 freeze to 1223
[2022-12-15 13:51:29] [SEVERE ] setting player 2 freeze to 1204
[2022-12-15 13:51:29] [SEVERE ] setting player 1 freeze to 1207
[2022-12-15 13:51:29] [SEVERE ] setting player 2 freeze to 1188
[2022-12-15 13:51:29] [SEVERE ] setting player 1 freeze to 1191
[2022-12-15 13:51:29] [SEVERE ] setting player 1 freeze to 1175
[2022-12-15 13:51:29] [SEVERE ] setting player 2 freeze to 1172
[2022-12-15 13:51:29] [SEVERE ] setting player 2 freeze to 1157
[2022-12-15 13:51:29] [SEVERE ] setting player 1 freeze to 1160
[2022-12-15 13:51:29] [SEVERE ] setting player 1 freeze to 1144
[2022-12-15 13:51:29] [SEVERE ] setting player 2 freeze to 1141
[2022-12-15 13:51:29] [SEVERE ] setting player 1 freeze to 1128
[2022-12-15 13:51:29] [SEVERE ] setting player 2 freeze to 1125
[2022-12-15 13:51:29] [SEVERE ] setting player 2 freeze to 1109
[2022-12-15 13:51:29] [SEVERE ] setting player 1 freeze to 1112
[2022-12-15 13:51:29] [SEVERE ] setting player 2 freeze to 1093
[2022-12-15 13:51:29] [SEVERE ] setting player 1 freeze to 1096
[2022-12-15 13:51:29] [SEVERE ] setting player 1 freeze to 1080
[2022-12-15 13:51:29] [SEVERE ] setting player 2 freeze to 1077
[2022-12-15 13:51:29] [SEVERE ] setting player 1 freeze to 1065
[2022-12-15 13:51:29] [SEVERE ] setting player 2 freeze to 1062
[2022-12-15 13:51:29] [SEVERE ] setting player 2 freeze to 1046
[2022-12-15 13:51:29] [SEVERE ] setting player 1 freeze to 1049
[2022-12-15 13:51:29] [SEVERE ] setting player 2 freeze to 1030
[2022-12-15 13:51:29] [SEVERE ] setting player 1 freeze to 1033
[2022-12-15 13:51:29] [SEVERE ] setting player 2 freeze to 1014
[2022-12-15 13:51:29] [SEVERE ] setting player 1 freeze to 1017
[2022-12-15 13:51:29] [SEVERE ] setting player 2 freeze to 998
[2022-12-15 13:51:29] [SEVERE ] setting player 1 freeze to 1001
[2022-12-15 13:51:29] [SEVERE ] removing player 3 token from slot 0
[2022-12-15 13:51:29] [SEVERE ] setting player 1 freeze to 985
[2022-12-15 13:51:29] [SEVERE ] setting player 2 freeze to 982
[2022-12-15 13:51:29] [SEVERE ] setting player 2 freeze to 966
[2022-12-15 13:51:29] [SEVERE ] setting player 1 freeze to 969
[2022-12-15 13:51:29] [SEVERE ] setting player 2 freeze to 950
[2022-12-15 13:51:29] [SEVERE ] setting player 1 freeze to 953
[2022-12-15 13:51:29] [SEVERE ] setting player 2 freeze to 934
[2022-12-15 13:51:29] [SEVERE ] setting player 1 freeze to 937
[2022-12-15 13:51:29] [SEVERE ] setting player 1 freeze to 922
[2022-12-15 13:51:29] [SEVERE ] setting player 2 freeze to 919
[2022-12-15 13:51:29] [SEVERE ] setting player 2 freeze to 903
[2022-12-15 13:51:29] [SEVERE ] setting player 1 freeze to 906
[2022-12-15 13:51:29] [SEVERE ] setting player 2 freeze to 887
[2022-12-15 13:51:29] [SEVERE ] setting player 1 freeze to 890
[2022-12-15 13:51:29] [SEVERE ] setting player 1 freeze to 874
[2022-12-15 13:51:29] [SEVERE ] setting player 2 freeze to 871
[2022-12-15 13:51:29] [SEVERE ] setting player 1 freeze to 858
[2022-12-15 13:51:29] [SEVERE ] setting player 2 freeze to 855
[2022-12-15 13:51:29] [SEVERE ] setting player 2 freeze to 839
[2022-12-15 13:51:29] [SEVERE ] setting player 1 freeze to 842
[2022-12-15 13:51:29] [SEVERE ] setting player 2 freeze to 823
[2022-12-15 13:51:29] [SEVERE ] setting player 1 freeze to 826
[2022-12-15 13:51:29] [SEVERE ] setting player 2 freeze to 807
[2022-12-15 13:51:29] [SEVERE ] setting player 1 freeze to 810
[2022-12-15 13:51:29] [SEVERE ] setting player 2 freeze to 791
[2022-12-15 13:51:29] [SEVERE ] setting player 1 freeze to 794
[2022-12-15 13:51:29] [SEVERE ] setting player 1 freeze to 778
[2022-12-15 13:51:29] [SEVERE ] setting player 2 freeze to 775
[2022-12-15 13:51:29] [SEVERE ] setting player 1 freeze to 762
[2022-12-15 13:51:29] [SEVERE ] setting player 2 freeze to 759
[2022-12-15 13:51:29] [SEVERE ] setting player 1 freeze to 746
[2022-12-15 13:51:29] [SEVERE ] setting player 2 freeze to 743
[2022-12-15 13:51:29] [SEVERE ] setting player 1 freeze to 730
[2022-12-15 13:51:29] [SEVERE ] setting player 2 freeze to 727
[2022-12-15 13:51:29] [SEVERE ] setting player 2 freeze to 711
[2022-12-15 13:51:29] [SEVERE ] setting player 1 freeze to 714
[2022-12-15 13:51:29] [SEVERE ] setting player 2 freeze to 695
[2022-12-15 13:51:29] [SEVERE ] setting player 1 freeze to 698
[2022-12-15 13:51:29] [SEVERE ] setting player 1 freeze to 682
[2022-12-15 13:51:29] [SEVERE ] setting player 2 freeze to 679
[2022-12-15 13:51:29] [SEVERE ] setting player 1 freeze to 666
[2022-12-15 13:51:29] [SEVERE ] setting player 2 freeze to 663
[2022-12-15 13:51:29] [SEVERE ] setting player 2 freeze to 647
[2022-12-15 13:51:29] [SEVERE ] setting player 1 freeze to 650
[2022-12-15 13:51:30] [SEVERE ] setting player 1 freeze to 634
[2022-12-15 13:51:30] [SEVERE ] setting player 2 freeze to 631
[2022-12-15 13:51:30] [SEVERE ] setting player 2 freeze to 615
[2022-12-15 13:51:30] [SEVERE ] setting player 1 freeze to 618
[2022-12-15 13:51:30] [SEVERE ] setting player 1 freeze to 602
[2022-12-15 13:51:30] [SEVERE ] setting player 2 freeze to 599
[2022-12-15 13:51:30] [SEVERE ] setting player 1 freeze to 586
[2022-12-15 13:51:30] [SEVERE ] setting player 2 freeze to 583
[2022-12-15 13:51:30] [SEVERE ] setting player 2 freeze to 568
[2022-12-15 13:51:30] [SEVERE ] setting player 1 freeze to 571
[2022-12-15 13:51:30] [SEVERE ] setting player 1 freeze to 555
[2022-12-15 13:51:30] [SEVERE ] setting player 2 freeze to 552
[2022-12-15 13:51:30] [SEVERE ] setting player 1 freeze to 539
[2022-12-15 13:51:30] [SEVERE ] setting player 2 freeze to 536
[2022-12-15 13:51:30] [SEVERE ] setting player 2 freeze to 520
[2022-12-15 13:51:30] [SEVERE ] setting player 1 freeze to 523
[2022-12-15 13:51:30] [SEVERE ] setting player 2 freeze to 504
[2022-12-15 13:51:30] [SEVERE ] setting player 1 freeze to 507
[2022-12-15 13:51:30] [SEVERE ] setting player 2 freeze to 488
[2022-12-15 13:51:30] [SEVERE ] setting player 1 freeze to 491
[2022-12-15 13:51:30] [SEVERE ] setting player 2 freeze to 472
[2022-12-15 13:51:30] [SEVERE ] setting player 1 freeze to 475
[2022-12-15 13:51:30] [SEVERE ] setting player 1 freeze to 459
[2022-12-15 13:51:30] [SEVERE ] setting player 2 freeze to 456
[2022-12-15 13:51:30] [SEVERE ] setting player 1 freeze to 444
[2022-12-15 13:51:30] [SEVERE ] setting player 2 freeze to 441
[2022-12-15 13:51:30] [SEVERE ] setting player 2 freeze to 425
[2022-12-15 13:51:30] [SEVERE ] setting player 1 freeze to 428
[2022-12-15 13:51:30] [SEVERE ] setting player 2 freeze to 410
[2022-12-15 13:51:30] [SEVERE ] setting player 1 freeze to 413
[2022-12-15 13:51:30] [SEVERE ] setting player 1 freeze to 397
[2022-12-15 13:51:30] [SEVERE ] setting player 2 freeze to 394
[2022-12-15 13:51:30] [SEVERE ] setting player 2 freeze to 379
[2022-12-15 13:51:30] [SEVERE ] setting player 1 freeze to 382
[2022-12-15 13:51:30] [SEVERE ] setting player 2 freeze to 363
[2022-12-15 13:51:30] [SEVERE ] setting player 1 freeze to 366
[2022-12-15 13:51:30] [SEVERE ] setting player 1 freeze to 350
[2022-12-15 13:51:30] [SEVERE ] setting player 2 freeze to 347
[2022-12-15 13:51:30] [SEVERE ] setting player 2 freeze to 331
[2022-12-15 13:51:30] [SEVERE ] setting player 1 freeze to 334
[2022-12-15 13:51:30] [SEVERE ] setting player 1 freeze to 318
[2022-12-15 13:51:30] [SEVERE ] setting player 2 freeze to 315
[2022-12-15 13:51:30] [SEVERE ] setting player 1 freeze to 302
[2022-12-15 13:51:30] [SEVERE ] setting player 2 freeze to 299
[2022-12-15 13:51:30] [SEVERE ] setting player 1 freeze to 286
[2022-12-15 13:51:30] [SEVERE ] setting player 2 freeze to 282
[2022-12-15 13:51:30] [SEVERE ] setting player 1 freeze to 270
[2022-12-15 13:51:30] [SEVERE ] setting player 2 freeze to 267
[2022-12-15 13:51:30] [SEVERE ] setting player 1 freeze to 254
[2022-12-15 13:51:30] [SEVERE ] setting player 2 freeze to 251
[2022-12-15 13:51:30] [SEVERE ] setting player 1 freeze to 238
[2022-12-15 13:51:30] [SEVERE ] setting player 2 freeze to 235
[2022-12-15 13:51:30] [SEVERE ] setting player 1 freeze to 222
[2022-12-15 13:51:30] [SEVERE ] setting player 2 freeze to 219
[2022-12-15 13:51:30] [SEVERE ] setting player 2 freeze to 203
[2022-12-15 13:51:30] [SEVERE ] setting player 1 freeze to 206
[2022-12-15 13:51:30] [SEVERE ] setting player 1 freeze to 191
[2022-12-15 13:51:30] [SEVERE ] setting player 2 freeze to 188
[2022-12-15 13:51:30] [SEVERE ] setting player 1 freeze to 175
[2022-12-15 13:51:30] [SEVERE ] setting player 2 freeze to 172
[2022-12-15 13:51:30] [SEVERE ] setting player 1 freeze to 160
[2022-12-15 13:51:30] [SEVERE ] setting player 2 freeze to 157
[2022-12-15 13:51:30] [SEVERE ] setting player 1 freeze to 144
[2022-12-15 13:51:30] [SEVERE ] setting player 2 freeze to 141
[2022-12-15 13:51:30] [SEVERE ] setting player 2 freeze to 125
[2022-12-15 13:51:30] [SEVERE ] setting player 1 freeze to 128
[2022-12-15 13:51:30] [SEVERE ] setting player 2 freeze to 109
[2022-12-15 13:51:30] [SEVERE ] setting player 1 freeze to 112
[2022-12-15 13:51:30] [SEVERE ] setting player 2 freeze to 96
[2022-12-15 13:51:30] [SEVERE ] setting player 1 freeze to 96
[2022-12-15 13:51:30] [SEVERE ] setting player 1 freeze to 80
[2022-12-15 13:51:30] [SEVERE ] setting player 2 freeze to 77
[2022-12-15 13:51:30] [SEVERE ] setting player 2 freeze to 61
[2022-12-15 13:51:30] [SEVERE ] setting player 1 freeze to 64
[2022-12-15 13:51:30] [SEVERE ] setting player 1 freeze to 48
[2022-12-15 13:51:30] [SEVERE ] setting player 2 freeze to 45
[2022-12-15 13:51:30] [SEVERE ] setting player 1 freeze to 32
[2022-12-15 13:51:30] [SEVERE ] setting player 2 freeze to 29
[2022-12-15 13:51:30] [SEVERE ] setting player 2 freeze to 13
[2022-12-15 13:51:30] [SEVERE ] setting player 1 freeze to 16
[2022-12-15 13:51:30] [SEVERE ] setting player 2 freeze to 2
[2022-12-15 13:51:30] [SEVERE ] player 3 placing token on slot 10
[2022-12-15 13:51:30] [SEVERE ] setting player 1 freeze to 0
[2022-12-15 13:51:30] [SEVERE ] setting player 2 freeze to 0
[2022-12-15 13:51:30] [SEVERE ] player 2 placing token on slot 9
[2022-12-15 13:51:30] [SEVERE ] player 1 placing token on slot 6
[2022-12-15 13:51:31] [SEVERE ] Exit button pressed
[2022-12-15 13:51:31] [INFO   ] Thread computer-2 terminated.
[2022-12-15 13:51:31] [INFO   ] Thread Player 0 terminated.
[2022-12-15 13:51:31] [INFO   ] Thread Player 3 terminated.
[2022-12-15 13:51:31] [INFO   ] Thread computer-3 terminated.
[2022-12-15 13:51:31] [INFO   ] Thread computer-1 terminated.
[2022-12-15 13:51:31] [INFO   ] Thread Player 1 terminated.
[2022-12-15 13:51:31] [INFO   ] Thread Player 2 terminated.
[2022-12-15 13:51:31] [SEVERE ] announcing winners: [0, 1, 2, 3]
[2022-12-15 13:51:31] [INFO   ] Thread dealer terminated.
[2022-12-15 13:51:31] [INFO   ] Thread main terminated.
