[2022-12-12 15:03:48] [INFO   ] cannot read configuration file config.properties trying from resources.
[2022-12-12 15:03:48] [INFO   ] configuration file was loaded from resources directory.
[2022-12-12 15:03:49] [INFO   ] Thread dealer starting.
[2022-12-12 15:03:49] [SEVERE ] placing card 76 in slot 0
[2022-12-12 15:03:50] [SEVERE ] placing card 52 in slot 1
[2022-12-12 15:03:50] [SEVERE ] placing card 69 in slot 2
[2022-12-12 15:03:50] [SEVERE ] placing card 58 in slot 3
[2022-12-12 15:03:50] [SEVERE ] placing card 30 in slot 4
[2022-12-12 15:03:50] [SEVERE ] placing card 63 in slot 5
[2022-12-12 15:03:50] [SEVERE ] placing card 35 in slot 6
[2022-12-12 15:03:50] [SEVERE ] placing card 39 in slot 7
[2022-12-12 15:03:50] [SEVERE ] placing card 68 in slot 8
[2022-12-12 15:03:50] [SEVERE ] placing card 79 in slot 9
[2022-12-12 15:03:50] [SEVERE ] placing card 7 in slot 10
[2022-12-12 15:03:51] [SEVERE ] placing card 17 in slot 11
[2022-12-12 15:03:51] [SEVERE ] Key 81 was pressed by player 0
[2022-12-12 15:03:51] [SEVERE ] player 0 placing token on slot 0
[2022-12-12 15:03:52] [SEVERE ] Key 81 was pressed by player 0
[2022-12-12 15:03:52] [SEVERE ] removing player 0 token from slot 0
[2022-12-12 15:03:52] [SEVERE ] Key 81 was pressed by player 0
[2022-12-12 15:03:52] [SEVERE ] player 0 placing token on slot 0
[2022-12-12 15:03:53] [SEVERE ] Key 87 was pressed by player 0
[2022-12-12 15:03:53] [SEVERE ] player 0 placing token on slot 1
[2022-12-12 15:03:53] [SEVERE ] Key 69 was pressed by player 0
[2022-12-12 15:03:53] [SEVERE ] player 0 placing token on slot 2
[2022-12-12 15:03:53] [SEVERE ] setting player 0 freeze to 1000
[2022-12-12 15:03:54] [SEVERE ] removing player 0 token from slot 0
[2022-12-12 15:03:54] [SEVERE ] removing player 0 token from slot 1
[2022-12-12 15:03:54] [SEVERE ] removing player 0 token from slot 2
[2022-12-12 15:03:55] [SEVERE ] Key 81 was pressed by player 0
[2022-12-12 15:03:55] [SEVERE ] player 0 placing token on slot 0
[2022-12-12 15:03:56] [SEVERE ] Key 87 was pressed by player 0
[2022-12-12 15:03:56] [SEVERE ] player 0 placing token on slot 1
[2022-12-12 15:03:56] [SEVERE ] Key 69 was pressed by player 0
[2022-12-12 15:03:56] [SEVERE ] player 0 placing token on slot 2
[2022-12-12 15:03:56] [SEVERE ] setting player 0 freeze to 1000
[2022-12-12 15:03:57] [SEVERE ] removing player 0 token from slot 0
[2022-12-12 15:03:57] [SEVERE ] removing player 0 token from slot 1
[2022-12-12 15:03:57] [SEVERE ] removing player 0 token from slot 2
[2022-12-12 15:03:58] [SEVERE ] Key 81 was pressed by player 0
[2022-12-12 15:03:58] [SEVERE ] player 0 placing token on slot 0
[2022-12-12 15:03:58] [SEVERE ] Key 87 was pressed by player 0
[2022-12-12 15:03:58] [SEVERE ] player 0 placing token on slot 1
[2022-12-12 15:03:58] [SEVERE ] Key 69 was pressed by player 0
[2022-12-12 15:03:58] [SEVERE ] player 0 placing token on slot 2
[2022-12-12 15:03:58] [SEVERE ] setting player 0 freeze to 1000
[2022-12-12 15:03:59] [SEVERE ] removing player 0 token from slot 0
[2022-12-12 15:03:59] [SEVERE ] removing player 0 token from slot 1
[2022-12-12 15:03:59] [SEVERE ] removing player 0 token from slot 2
[2022-12-12 15:03:59] [SEVERE ] Key 87 was pressed by player 0
[2022-12-12 15:03:59] [SEVERE ] player 0 placing token on slot 1
[2022-12-12 15:03:59] [SEVERE ] Key 81 was pressed by player 0
[2022-12-12 15:03:59] [SEVERE ] player 0 placing token on slot 0
[2022-12-12 15:03:59] [SEVERE ] Key 87 was pressed by player 0
[2022-12-12 15:03:59] [SEVERE ] removing player 0 token from slot 1
[2022-12-12 15:03:59] [SEVERE ] Key 69 was pressed by player 0
[2022-12-12 15:03:59] [SEVERE ] player 0 placing token on slot 2
[2022-12-12 15:03:59] [SEVERE ] Key 81 was pressed by player 0
[2022-12-12 15:03:59] [SEVERE ] removing player 0 token from slot 0
[2022-12-12 15:03:59] [SEVERE ] Key 87 was pressed by player 0
[2022-12-12 15:03:59] [SEVERE ] player 0 placing token on slot 1
[2022-12-12 15:03:59] [SEVERE ] Key 69 was pressed by player 0
[2022-12-12 15:03:59] [SEVERE ] removing player 0 token from slot 2
[2022-12-12 15:03:59] [SEVERE ] Key 81 was pressed by player 0
[2022-12-12 15:03:59] [SEVERE ] player 0 placing token on slot 0
[2022-12-12 15:03:59] [SEVERE ] Key 87 was pressed by player 0
[2022-12-12 15:03:59] [SEVERE ] removing player 0 token from slot 1
[2022-12-12 15:03:59] [SEVERE ] Key 69 was pressed by player 0
[2022-12-12 15:03:59] [SEVERE ] player 0 placing token on slot 2
[2022-12-12 15:04:00] [SEVERE ] Key 81 was pressed by player 0
[2022-12-12 15:04:00] [SEVERE ] removing player 0 token from slot 0
[2022-12-12 15:04:00] [SEVERE ] Key 87 was pressed by player 0
[2022-12-12 15:04:00] [SEVERE ] player 0 placing token on slot 1
[2022-12-12 15:04:00] [SEVERE ] Key 69 was pressed by player 0
[2022-12-12 15:04:00] [SEVERE ] removing player 0 token from slot 2
[2022-12-12 15:04:00] [SEVERE ] Key 81 was pressed by player 0
[2022-12-12 15:04:00] [SEVERE ] player 0 placing token on slot 0
[2022-12-12 15:04:00] [SEVERE ] Key 87 was pressed by player 0
[2022-12-12 15:04:00] [SEVERE ] removing player 0 token from slot 1
[2022-12-12 15:04:00] [SEVERE ] Key 69 was pressed by player 0
[2022-12-12 15:04:00] [SEVERE ] player 0 placing token on slot 2
[2022-12-12 15:04:01] [SEVERE ] Key 81 was pressed by player 0
[2022-12-12 15:04:01] [SEVERE ] removing player 0 token from slot 0
[2022-12-12 15:04:01] [SEVERE ] Key 87 was pressed by player 0
[2022-12-12 15:04:01] [SEVERE ] player 0 placing token on slot 1
[2022-12-12 15:04:01] [SEVERE ] Key 69 was pressed by player 0
[2022-12-12 15:04:01] [SEVERE ] removing player 0 token from slot 2
[2022-12-12 15:04:01] [SEVERE ] Key 81 was pressed by player 0
[2022-12-12 15:04:01] [SEVERE ] player 0 placing token on slot 0
[2022-12-12 15:04:02] [SEVERE ] Key 81 was pressed by player 0
[2022-12-12 15:04:02] [SEVERE ] removing player 0 token from slot 0
[2022-12-12 15:04:02] [SEVERE ] Key 81 was pressed by player 0
[2022-12-12 15:04:02] [SEVERE ] player 0 placing token on slot 0
[2022-12-12 15:04:02] [SEVERE ] Key 81 was pressed by player 0
[2022-12-12 15:04:02] [SEVERE ] removing player 0 token from slot 0
[2022-12-12 15:04:02] [SEVERE ] Key 81 was pressed by player 0
[2022-12-12 15:04:02] [SEVERE ] player 0 placing token on slot 0
[2022-12-12 15:04:03] [SEVERE ] Key 81 was pressed by player 0
[2022-12-12 15:04:03] [SEVERE ] removing player 0 token from slot 0
[2022-12-12 15:04:04] [SEVERE ] Key 81 was pressed by player 0
[2022-12-12 15:04:04] [SEVERE ] player 0 placing token on slot 0
[2022-12-12 15:04:05] [SEVERE ] Key 69 was pressed by player 0
[2022-12-12 15:04:05] [SEVERE ] player 0 placing token on slot 2
[2022-12-12 15:04:05] [SEVERE ] setting player 0 freeze to 1000
[2022-12-12 15:04:06] [SEVERE ] removing player 0 token from slot 1
[2022-12-12 15:04:06] [SEVERE ] removing player 0 token from slot 0
[2022-12-12 15:04:06] [SEVERE ] removing player 0 token from slot 2
[2022-12-12 15:04:06] [SEVERE ] removing card from slot 0
[2022-12-12 15:04:06] [SEVERE ] removing card from slot 1
[2022-12-12 15:04:06] [SEVERE ] Key 81 was pressed by player 0
[2022-12-12 15:04:06] [SEVERE ] removing card from slot 2
[2022-12-12 15:04:06] [SEVERE ] removing card from slot 3
[2022-12-12 15:04:06] [SEVERE ] removing card from slot 4
[2022-12-12 15:04:06] [SEVERE ] removing card from slot 5
[2022-12-12 15:04:07] [SEVERE ] removing card from slot 6
[2022-12-12 15:04:07] [SEVERE ] removing card from slot 7
[2022-12-12 15:04:07] [SEVERE ] removing card from slot 8
[2022-12-12 15:04:07] [SEVERE ] removing card from slot 9
[2022-12-12 15:04:07] [SEVERE ] removing card from slot 10
[2022-12-12 15:04:07] [SEVERE ] removing card from slot 11
[2022-12-12 15:04:07] [SEVERE ] placing card 34 in slot 0
[2022-12-12 15:04:07] [SEVERE ] placing card 50 in slot 1
[2022-12-12 15:04:07] [SEVERE ] placing card 32 in slot 2
[2022-12-12 15:04:08] [SEVERE ] placing card 56 in slot 3
[2022-12-12 15:04:08] [SEVERE ] placing card 54 in slot 4
[2022-12-12 15:04:08] [SEVERE ] placing card 14 in slot 5
[2022-12-12 15:04:08] [SEVERE ] placing card 33 in slot 6
[2022-12-12 15:04:08] [SEVERE ] placing card 10 in slot 7
[2022-12-12 15:04:08] [SEVERE ] placing card 0 in slot 8
[2022-12-12 15:04:08] [SEVERE ] placing card 57 in slot 9
[2022-12-12 15:04:08] [SEVERE ] placing card 66 in slot 10
[2022-12-12 15:04:08] [SEVERE ] placing card 16 in slot 11
[2022-12-12 15:04:08] [SEVERE ] player 0 placing token on slot 0
[2022-12-12 15:04:08] [SEVERE ] Key 69 was pressed by player 0
[2022-12-12 15:04:08] [SEVERE ] player 0 placing token on slot 2
[2022-12-12 15:04:08] [SEVERE ] Key 87 was pressed by player 0
[2022-12-12 15:04:08] [SEVERE ] player 0 placing token on slot 1
[2022-12-12 15:04:08] [SEVERE ] setting player 0 freeze to 1000
[2022-12-12 15:04:09] [SEVERE ] removing player 0 token from slot 0
[2022-12-12 15:04:09] [SEVERE ] removing player 0 token from slot 2
[2022-12-12 15:04:09] [SEVERE ] removing player 0 token from slot 1
