[2022-12-15 14:22:26] [INFO   ] cannot read configuration file config.properties trying from resources.
[2022-12-15 14:22:26] [INFO   ] configuration file was loaded from resources directory.
[2022-12-15 14:22:27] [INFO   ] Thread dealer starting.
[2022-12-15 14:22:27] [INFO   ] Thread Player 0starting.
[2022-12-15 14:22:27] [INFO   ] Thread Player 3starting.
[2022-12-15 14:22:27] [INFO   ] Thread Player 2starting.
[2022-12-15 14:22:27] [INFO   ] Thread Player 1starting.
[2022-12-15 14:22:27] [INFO   ] Thread computer-3 starting.
[2022-12-15 14:22:27] [INFO   ] Thread computer-1 starting.
[2022-12-15 14:22:27] [INFO   ] Thread computer-2 starting.
[2022-12-15 14:22:27] [SEVERE ] placing card 34 in slot 0
[2022-12-15 14:22:27] [SEVERE ] placing card 11 in slot 1
[2022-12-15 14:22:28] [SEVERE ] placing card 15 in slot 2
[2022-12-15 14:22:28] [SEVERE ] placing card 79 in slot 3
[2022-12-15 14:22:28] [SEVERE ] placing card 49 in slot 4
[2022-12-15 14:22:28] [SEVERE ] placing card 17 in slot 5
[2022-12-15 14:22:28] [SEVERE ] placing card 55 in slot 6
[2022-12-15 14:22:28] [SEVERE ] placing card 29 in slot 7
[2022-12-15 14:22:28] [SEVERE ] placing card 72 in slot 8
[2022-12-15 14:22:28] [SEVERE ] placing card 1 in slot 9
[2022-12-15 14:22:28] [SEVERE ] placing card 73 in slot 10
[2022-12-15 14:22:29] [SEVERE ] placing card 7 in slot 11
[2022-12-15 14:22:29] [SEVERE ] player 2 placing token on slot 11
[2022-12-15 14:22:29] [SEVERE ] player 3 placing token on slot 2
[2022-12-15 14:22:29] [SEVERE ] player 1 placing token on slot 4
[2022-12-15 14:22:30] [SEVERE ] player 2 placing token on slot 10
[2022-12-15 14:22:30] [SEVERE ] player 3 placing token on slot 9
[2022-12-15 14:22:30] [SEVERE ] player 1 placing token on slot 6
[2022-12-15 14:22:31] [SEVERE ] player 1 placing token on slot 9
[2022-12-15 14:22:31] [SEVERE ] player 3 placing token on slot 6
[2022-12-15 14:22:31] [SEVERE ] removing player 1 token from slot 4
[2022-12-15 14:22:31] [SEVERE ] removing player 3 token from slot 2
[2022-12-15 14:22:31] [SEVERE ] removing player 1 token from slot 6
[2022-12-15 14:22:31] [SEVERE ] removing player 3 token from slot 9
[2022-12-15 14:22:31] [SEVERE ] removing player 1 token from slot 9
[2022-12-15 14:22:31] [SEVERE ] removing player 3 token from slot 6
[2022-12-15 14:22:31] [SEVERE ] setting player 1 freeze to 3000
[2022-12-15 14:22:31] [SEVERE ] setting player 3 freeze to 3000
[2022-12-15 14:22:31] [SEVERE ] removing player 2 token from slot 10
[2022-12-15 14:22:31] [SEVERE ] setting player 1 freeze to 2981
[2022-12-15 14:22:31] [SEVERE ] setting player 3 freeze to 2981
[2022-12-15 14:22:31] [SEVERE ] setting player 1 freeze to 2965
[2022-12-15 14:22:31] [SEVERE ] setting player 3 freeze to 2965
[2022-12-15 14:22:31] [SEVERE ] setting player 3 freeze to 2950
[2022-12-15 14:22:31] [SEVERE ] setting player 1 freeze to 2950
[2022-12-15 14:22:31] [SEVERE ] setting player 1 freeze to 2934
[2022-12-15 14:22:31] [SEVERE ] setting player 3 freeze to 2934
[2022-12-15 14:22:31] [SEVERE ] setting player 1 freeze to 2918
[2022-12-15 14:22:31] [SEVERE ] setting player 3 freeze to 2918
[2022-12-15 14:22:31] [SEVERE ] setting player 3 freeze to 2902
[2022-12-15 14:22:31] [SEVERE ] setting player 1 freeze to 2902
[2022-12-15 14:22:31] [SEVERE ] setting player 3 freeze to 2887
[2022-12-15 14:22:31] [SEVERE ] setting player 1 freeze to 2887
[2022-12-15 14:22:31] [SEVERE ] setting player 1 freeze to 2871
[2022-12-15 14:22:31] [SEVERE ] setting player 3 freeze to 2871
[2022-12-15 14:22:31] [SEVERE ] setting player 1 freeze to 2855
[2022-12-15 14:22:31] [SEVERE ] setting player 3 freeze to 2855
[2022-12-15 14:22:31] [SEVERE ] setting player 3 freeze to 2839
[2022-12-15 14:22:31] [SEVERE ] setting player 1 freeze to 2839
[2022-12-15 14:22:31] [SEVERE ] setting player 1 freeze to 2823
[2022-12-15 14:22:31] [SEVERE ] setting player 3 freeze to 2823
[2022-12-15 14:22:31] [SEVERE ] setting player 3 freeze to 2807
[2022-12-15 14:22:31] [SEVERE ] setting player 1 freeze to 2807
[2022-12-15 14:22:31] [SEVERE ] setting player 1 freeze to 2791
[2022-12-15 14:22:31] [SEVERE ] setting player 3 freeze to 2791
[2022-12-15 14:22:31] [SEVERE ] setting player 3 freeze to 2775
[2022-12-15 14:22:31] [SEVERE ] setting player 1 freeze to 2775
[2022-12-15 14:22:31] [SEVERE ] setting player 1 freeze to 2759
[2022-12-15 14:22:31] [SEVERE ] setting player 3 freeze to 2759
[2022-12-15 14:22:31] [SEVERE ] setting player 3 freeze to 2743
[2022-12-15 14:22:31] [SEVERE ] setting player 1 freeze to 2743
[2022-12-15 14:22:31] [SEVERE ] setting player 3 freeze to 2727
[2022-12-15 14:22:31] [SEVERE ] setting player 1 freeze to 2727
[2022-12-15 14:22:31] [SEVERE ] setting player 3 freeze to 2711
[2022-12-15 14:22:31] [SEVERE ] setting player 1 freeze to 2711
[2022-12-15 14:22:31] [SEVERE ] setting player 1 freeze to 2695
[2022-12-15 14:22:31] [SEVERE ] setting player 3 freeze to 2695
[2022-12-15 14:22:31] [SEVERE ] setting player 1 freeze to 2679
[2022-12-15 14:22:31] [SEVERE ] setting player 3 freeze to 2679
[2022-12-15 14:22:31] [SEVERE ] setting player 1 freeze to 2663
[2022-12-15 14:22:31] [SEVERE ] setting player 3 freeze to 2663
[2022-12-15 14:22:31] [SEVERE ] setting player 3 freeze to 2647
[2022-12-15 14:22:31] [SEVERE ] setting player 1 freeze to 2647
[2022-12-15 14:22:31] [SEVERE ] setting player 1 freeze to 2631
[2022-12-15 14:22:31] [SEVERE ] setting player 3 freeze to 2631
[2022-12-15 14:22:31] [SEVERE ] setting player 1 freeze to 2615
[2022-12-15 14:22:31] [SEVERE ] setting player 3 freeze to 2615
[2022-12-15 14:22:31] [SEVERE ] setting player 1 freeze to 2599
[2022-12-15 14:22:31] [SEVERE ] setting player 3 freeze to 2599
[2022-12-15 14:22:31] [SEVERE ] setting player 1 freeze to 2584
[2022-12-15 14:22:31] [SEVERE ] setting player 3 freeze to 2584
[2022-12-15 14:22:31] [SEVERE ] setting player 1 freeze to 2568
[2022-12-15 14:22:31] [SEVERE ] setting player 3 freeze to 2568
[2022-12-15 14:22:31] [SEVERE ] setting player 1 freeze to 2552
[2022-12-15 14:22:31] [SEVERE ] setting player 3 freeze to 2552
[2022-12-15 14:22:31] [SEVERE ] setting player 1 freeze to 2536
[2022-12-15 14:22:31] [SEVERE ] setting player 3 freeze to 2536
[2022-12-15 14:22:31] [SEVERE ] setting player 1 freeze to 2520
[2022-12-15 14:22:31] [SEVERE ] setting player 3 freeze to 2520
[2022-12-15 14:22:31] [SEVERE ] setting player 3 freeze to 2504
[2022-12-15 14:22:31] [SEVERE ] setting player 1 freeze to 2504
[2022-12-15 14:22:31] [SEVERE ] setting player 3 freeze to 2489
[2022-12-15 14:22:31] [SEVERE ] setting player 1 freeze to 2489
[2022-12-15 14:22:31] [SEVERE ] setting player 3 freeze to 2473
[2022-12-15 14:22:31] [SEVERE ] setting player 1 freeze to 2473
[2022-12-15 14:22:31] [SEVERE ] setting player 3 freeze to 2457
[2022-12-15 14:22:31] [SEVERE ] setting player 1 freeze to 2457
[2022-12-15 14:22:31] [SEVERE ] setting player 1 freeze to 2441
[2022-12-15 14:22:31] [SEVERE ] setting player 3 freeze to 2441
[2022-12-15 14:22:31] [SEVERE ] setting player 1 freeze to 2425
[2022-12-15 14:22:31] [SEVERE ] setting player 3 freeze to 2425
[2022-12-15 14:22:31] [SEVERE ] setting player 3 freeze to 2409
[2022-12-15 14:22:31] [SEVERE ] setting player 1 freeze to 2409
[2022-12-15 14:22:31] [SEVERE ] setting player 3 freeze to 2394
[2022-12-15 14:22:31] [SEVERE ] setting player 1 freeze to 2394
[2022-12-15 14:22:31] [SEVERE ] setting player 3 freeze to 2378
[2022-12-15 14:22:31] [SEVERE ] setting player 1 freeze to 2378
[2022-12-15 14:22:31] [SEVERE ] setting player 3 freeze to 2362
[2022-12-15 14:22:31] [SEVERE ] setting player 1 freeze to 2362
[2022-12-15 14:22:31] [SEVERE ] setting player 3 freeze to 2346
[2022-12-15 14:22:31] [SEVERE ] setting player 1 freeze to 2346
[2022-12-15 14:22:31] [SEVERE ] setting player 3 freeze to 2335
[2022-12-15 14:22:31] [SEVERE ] setting player 1 freeze to 2330
[2022-12-15 14:22:31] [SEVERE ] setting player 1 freeze to 2314
[2022-12-15 14:22:31] [SEVERE ] setting player 3 freeze to 2314
[2022-12-15 14:22:31] [SEVERE ] setting player 3 freeze to 2298
[2022-12-15 14:22:31] [SEVERE ] setting player 1 freeze to 2298
[2022-12-15 14:22:31] [SEVERE ] setting player 3 freeze to 2282
[2022-12-15 14:22:31] [SEVERE ] setting player 1 freeze to 2282
[2022-12-15 14:22:31] [SEVERE ] setting player 1 freeze to 2267
[2022-12-15 14:22:31] [SEVERE ] setting player 3 freeze to 2267
[2022-12-15 14:22:31] [SEVERE ] setting player 3 freeze to 2251
[2022-12-15 14:22:31] [SEVERE ] setting player 1 freeze to 2251
[2022-12-15 14:22:31] [SEVERE ] setting player 3 freeze to 2240
[2022-12-15 14:22:31] [SEVERE ] setting player 1 freeze to 2235
[2022-12-15 14:22:31] [SEVERE ] setting player 1 freeze to 2219
[2022-12-15 14:22:31] [SEVERE ] setting player 3 freeze to 2219
[2022-12-15 14:22:31] [SEVERE ] setting player 1 freeze to 2205
[2022-12-15 14:22:31] [SEVERE ] setting player 3 freeze to 2205
[2022-12-15 14:22:31] [SEVERE ] setting player 3 freeze to 2189
[2022-12-15 14:22:31] [SEVERE ] setting player 1 freeze to 2189
[2022-12-15 14:22:31] [SEVERE ] setting player 3 freeze to 2173
[2022-12-15 14:22:31] [SEVERE ] setting player 1 freeze to 2173
[2022-12-15 14:22:31] [SEVERE ] setting player 3 freeze to 2157
[2022-12-15 14:22:31] [SEVERE ] setting player 1 freeze to 2157
[2022-12-15 14:22:31] [SEVERE ] setting player 1 freeze to 2141
[2022-12-15 14:22:31] [SEVERE ] setting player 3 freeze to 2141
[2022-12-15 14:22:31] [SEVERE ] setting player 3 freeze to 2125
[2022-12-15 14:22:31] [SEVERE ] setting player 1 freeze to 2125
[2022-12-15 14:22:31] [SEVERE ] Exit button pressed
[2022-12-15 14:22:31] [SEVERE ] setting player 1 freeze to 2109
[2022-12-15 14:22:31] [SEVERE ] announcing winners: [0, 1, 2, 3]
[2022-12-15 14:22:31] [INFO   ] Thread dealer terminated.
[2022-12-15 14:22:31] [INFO   ] Thread main terminated.
