[2022-12-12 18:50:19] [INFO   ] cannot read configuration file config.properties trying from resources.
[2022-12-12 18:50:19] [INFO   ] configuration file was loaded from resources directory.
[2022-12-12 18:50:19] [INFO   ] Thread dealer starting.
[2022-12-12 18:50:19] [INFO   ] Thread Player 0starting.
[2022-12-12 18:50:19] [INFO   ] Thread Player 1starting.
[2022-12-12 18:50:19] [SEVERE ] placing card 52 in slot 0
[2022-12-12 18:50:20] [SEVERE ] placing card 45 in slot 1
[2022-12-12 18:50:20] [SEVERE ] placing card 32 in slot 2
[2022-12-12 18:50:20] [SEVERE ] placing card 64 in slot 3
[2022-12-12 18:50:20] [SEVERE ] placing card 28 in slot 4
[2022-12-12 18:50:20] [SEVERE ] placing card 75 in slot 5
[2022-12-12 18:50:20] [SEVERE ] placing card 31 in slot 6
[2022-12-12 18:50:20] [SEVERE ] placing card 29 in slot 7
[2022-12-12 18:50:20] [SEVERE ] placing card 4 in slot 8
[2022-12-12 18:50:20] [SEVERE ] placing card 3 in slot 9
[2022-12-12 18:50:20] [SEVERE ] placing card 55 in slot 10
[2022-12-12 18:50:21] [SEVERE ] placing card 23 in slot 11
[2022-12-12 18:50:22] [SEVERE ] Key 81 was pressed by player 0
[2022-12-12 18:50:22] [SEVERE ] player 0 placing token on slot 0
[2022-12-12 18:50:22] [SEVERE ] Key 87 was pressed by player 0
[2022-12-12 18:50:22] [SEVERE ] player 0 placing token on slot 1
[2022-12-12 18:50:22] [SEVERE ] Key 69 was pressed by player 0
[2022-12-12 18:50:22] [SEVERE ] player 0 placing token on slot 2
[2022-12-12 18:50:22] [SEVERE ] setting player 0 freeze to 1000
[2022-12-12 18:50:22] [SEVERE ] removing player 0 token from slot 0
[2022-12-12 18:50:22] [SEVERE ] removing player 0 token from slot 1
[2022-12-12 18:50:22] [SEVERE ] removing player 0 token from slot 2
[2022-12-12 18:50:24] [SEVERE ] Key 81 was pressed by player 0
[2022-12-12 18:50:24] [SEVERE ] player 0 placing token on slot 0
[2022-12-12 18:50:24] [SEVERE ] Key 87 was pressed by player 0
[2022-12-12 18:50:24] [SEVERE ] player 0 placing token on slot 1
[2022-12-12 18:50:24] [SEVERE ] Key 69 was pressed by player 0
[2022-12-12 18:50:24] [SEVERE ] player 0 placing token on slot 2
[2022-12-12 18:50:24] [SEVERE ] setting player 0 freeze to 1000
[2022-12-12 18:50:24] [SEVERE ] removing player 0 token from slot 0
[2022-12-12 18:50:24] [SEVERE ] removing player 0 token from slot 1
[2022-12-12 18:50:24] [SEVERE ] removing player 0 token from slot 2
[2022-12-12 18:50:25] [SEVERE ] Key 81 was pressed by player 0
[2022-12-12 18:50:25] [SEVERE ] player 0 placing token on slot 0
[2022-12-12 18:50:25] [SEVERE ] Key 87 was pressed by player 0
[2022-12-12 18:50:25] [SEVERE ] player 0 placing token on slot 1
[2022-12-12 18:50:25] [SEVERE ] Key 69 was pressed by player 0
[2022-12-12 18:50:25] [SEVERE ] player 0 placing token on slot 2
[2022-12-12 18:50:25] [SEVERE ] setting player 0 freeze to 1000
[2022-12-12 18:50:25] [SEVERE ] removing player 0 token from slot 0
[2022-12-12 18:50:25] [SEVERE ] removing player 0 token from slot 1
[2022-12-12 18:50:25] [SEVERE ] removing player 0 token from slot 2
[2022-12-12 18:50:25] [SEVERE ] Key 81 was pressed by player 0
[2022-12-12 18:50:25] [SEVERE ] player 0 placing token on slot 0
[2022-12-12 18:50:26] [SEVERE ] Key 87 was pressed by player 0
[2022-12-12 18:50:26] [SEVERE ] player 0 placing token on slot 1
[2022-12-12 18:50:26] [SEVERE ] Key 69 was pressed by player 0
[2022-12-12 18:50:26] [SEVERE ] player 0 placing token on slot 2
[2022-12-12 18:50:26] [SEVERE ] setting player 0 freeze to 1000
[2022-12-12 18:50:26] [SEVERE ] removing player 0 token from slot 0
[2022-12-12 18:50:26] [SEVERE ] removing player 0 token from slot 1
[2022-12-12 18:50:26] [SEVERE ] removing player 0 token from slot 2
[2022-12-12 18:50:26] [SEVERE ] Key 81 was pressed by player 0
[2022-12-12 18:50:26] [SEVERE ] player 0 placing token on slot 0
[2022-12-12 18:50:26] [SEVERE ] Key 87 was pressed by player 0
[2022-12-12 18:50:26] [SEVERE ] player 0 placing token on slot 1
[2022-12-12 18:50:26] [SEVERE ] Key 69 was pressed by player 0
[2022-12-12 18:50:26] [SEVERE ] player 0 placing token on slot 2
[2022-12-12 18:50:26] [SEVERE ] setting player 0 freeze to 1000
[2022-12-12 18:50:26] [SEVERE ] removing player 0 token from slot 0
[2022-12-12 18:50:26] [SEVERE ] removing player 0 token from slot 1
[2022-12-12 18:50:26] [SEVERE ] removing player 0 token from slot 2
[2022-12-12 18:50:26] [SEVERE ] Key 81 was pressed by player 0
[2022-12-12 18:50:26] [SEVERE ] player 0 placing token on slot 0
[2022-12-12 18:50:26] [SEVERE ] Key 87 was pressed by player 0
[2022-12-12 18:50:26] [SEVERE ] player 0 placing token on slot 1
[2022-12-12 18:50:26] [SEVERE ] Key 69 was pressed by player 0
[2022-12-12 18:50:26] [SEVERE ] player 0 placing token on slot 2
[2022-12-12 18:50:26] [SEVERE ] setting player 0 freeze to 1000
[2022-12-12 18:50:26] [SEVERE ] removing player 0 token from slot 0
[2022-12-12 18:50:26] [SEVERE ] removing player 0 token from slot 1
[2022-12-12 18:50:26] [SEVERE ] removing player 0 token from slot 2
[2022-12-12 18:50:27] [SEVERE ] Key 81 was pressed by player 0
[2022-12-12 18:50:27] [SEVERE ] player 0 placing token on slot 0
[2022-12-12 18:50:27] [SEVERE ] Key 87 was pressed by player 0
[2022-12-12 18:50:27] [SEVERE ] player 0 placing token on slot 1
[2022-12-12 18:50:27] [SEVERE ] Key 69 was pressed by player 0
[2022-12-12 18:50:27] [SEVERE ] player 0 placing token on slot 2
[2022-12-12 18:50:27] [SEVERE ] setting player 0 freeze to 1000
[2022-12-12 18:50:27] [SEVERE ] removing player 0 token from slot 0
[2022-12-12 18:50:27] [SEVERE ] removing player 0 token from slot 1
[2022-12-12 18:50:27] [SEVERE ] removing player 0 token from slot 2
[2022-12-12 18:50:27] [SEVERE ] Key 81 was pressed by player 0
[2022-12-12 18:50:27] [SEVERE ] player 0 placing token on slot 0
[2022-12-12 18:50:27] [SEVERE ] Key 87 was pressed by player 0
[2022-12-12 18:50:27] [SEVERE ] player 0 placing token on slot 1
[2022-12-12 18:50:27] [SEVERE ] Key 69 was pressed by player 0
[2022-12-12 18:50:27] [SEVERE ] player 0 placing token on slot 2
[2022-12-12 18:50:27] [SEVERE ] setting player 0 freeze to 1000
[2022-12-12 18:50:27] [SEVERE ] removing player 0 token from slot 0
[2022-12-12 18:50:27] [SEVERE ] removing player 0 token from slot 1
[2022-12-12 18:50:27] [SEVERE ] removing player 0 token from slot 2
[2022-12-12 18:50:27] [SEVERE ] Key 81 was pressed by player 0
[2022-12-12 18:50:27] [SEVERE ] player 0 placing token on slot 0
[2022-12-12 18:50:36] [SEVERE ] removing player 0 token from slot 0
[2022-12-12 18:50:36] [SEVERE ] removing card from slot 0
[2022-12-12 18:50:36] [SEVERE ] removing card from slot 1
[2022-12-12 18:50:36] [SEVERE ] removing card from slot 2
[2022-12-12 18:50:36] [SEVERE ] removing card from slot 3
[2022-12-12 18:50:36] [SEVERE ] removing card from slot 4
[2022-12-12 18:50:36] [SEVERE ] removing card from slot 5
[2022-12-12 18:50:36] [SEVERE ] removing card from slot 6
[2022-12-12 18:50:36] [SEVERE ] removing card from slot 7
[2022-12-12 18:50:37] [SEVERE ] removing card from slot 8
[2022-12-12 18:50:37] [SEVERE ] removing card from slot 9
[2022-12-12 18:50:37] [SEVERE ] removing card from slot 10
[2022-12-12 18:50:37] [SEVERE ] removing card from slot 11
[2022-12-12 18:50:37] [SEVERE ] placing card 34 in slot 0
[2022-12-12 18:50:37] [SEVERE ] placing card 3 in slot 1
[2022-12-12 18:50:37] [SEVERE ] placing card 51 in slot 2
[2022-12-12 18:50:37] [SEVERE ] placing card 9 in slot 3
[2022-12-12 18:50:37] [SEVERE ] placing card 39 in slot 4
[2022-12-12 18:50:37] [SEVERE ] placing card 76 in slot 5
[2022-12-12 18:50:38] [SEVERE ] placing card 54 in slot 6
[2022-12-12 18:50:38] [SEVERE ] placing card 32 in slot 7
[2022-12-12 18:50:38] [SEVERE ] placing card 40 in slot 8
[2022-12-12 18:50:38] [SEVERE ] placing card 31 in slot 9
[2022-12-12 18:50:38] [SEVERE ] placing card 35 in slot 10
[2022-12-12 18:50:38] [SEVERE ] placing card 77 in slot 11
[2022-12-12 18:50:53] [SEVERE ] removing card from slot 0
[2022-12-12 18:50:53] [SEVERE ] removing card from slot 1
[2022-12-12 18:50:53] [SEVERE ] removing card from slot 2
[2022-12-12 18:50:53] [SEVERE ] removing card from slot 3
[2022-12-12 18:50:54] [SEVERE ] removing card from slot 4
[2022-12-12 18:50:54] [SEVERE ] removing card from slot 5
[2022-12-12 18:50:54] [SEVERE ] removing card from slot 6
[2022-12-12 18:50:54] [SEVERE ] removing card from slot 7
[2022-12-12 18:50:54] [SEVERE ] removing card from slot 8
[2022-12-12 18:50:54] [SEVERE ] removing card from slot 9
[2022-12-12 18:50:54] [SEVERE ] removing card from slot 10
[2022-12-12 18:50:54] [SEVERE ] removing card from slot 11
[2022-12-12 18:50:54] [SEVERE ] placing card 10 in slot 0
[2022-12-12 18:50:54] [SEVERE ] placing card 71 in slot 1
[2022-12-12 18:50:55] [SEVERE ] placing card 66 in slot 2
[2022-12-12 18:50:55] [SEVERE ] placing card 14 in slot 3
[2022-12-12 18:50:55] [SEVERE ] placing card 49 in slot 4
[2022-12-12 18:50:55] [SEVERE ] placing card 23 in slot 5
[2022-12-12 18:50:55] [SEVERE ] placing card 20 in slot 6
[2022-12-12 18:50:55] [SEVERE ] placing card 34 in slot 7
[2022-12-12 18:50:55] [SEVERE ] placing card 17 in slot 8
[2022-12-12 18:50:55] [SEVERE ] placing card 65 in slot 9
[2022-12-12 18:50:55] [SEVERE ] placing card 5 in slot 10
[2022-12-12 18:50:55] [SEVERE ] placing card 46 in slot 11
[2022-12-12 18:51:11] [SEVERE ] removing card from slot 0
[2022-12-12 18:51:11] [SEVERE ] removing card from slot 1
[2022-12-12 18:51:11] [SEVERE ] removing card from slot 2
[2022-12-12 18:51:11] [SEVERE ] removing card from slot 3
[2022-12-12 18:51:11] [SEVERE ] removing card from slot 4
[2022-12-12 18:51:11] [SEVERE ] removing card from slot 5
[2022-12-12 18:51:11] [SEVERE ] removing card from slot 6
[2022-12-12 18:51:11] [SEVERE ] removing card from slot 7
[2022-12-12 18:51:11] [SEVERE ] removing card from slot 8
[2022-12-12 18:51:11] [SEVERE ] removing card from slot 9
[2022-12-12 18:51:12] [SEVERE ] removing card from slot 10
[2022-12-12 18:51:12] [SEVERE ] removing card from slot 11
[2022-12-12 18:51:12] [SEVERE ] placing card 2 in slot 0
[2022-12-12 18:51:12] [SEVERE ] placing card 17 in slot 1
[2022-12-12 18:51:12] [SEVERE ] placing card 7 in slot 2
[2022-12-12 18:51:12] [SEVERE ] placing card 72 in slot 3
[2022-12-12 18:51:12] [SEVERE ] placing card 32 in slot 4
[2022-12-12 18:51:12] [SEVERE ] placing card 11 in slot 5
[2022-12-12 18:51:12] [SEVERE ] placing card 18 in slot 6
[2022-12-12 18:51:12] [SEVERE ] placing card 26 in slot 7
[2022-12-12 18:51:13] [SEVERE ] placing card 4 in slot 8
[2022-12-12 18:51:13] [SEVERE ] placing card 34 in slot 9
[2022-12-12 18:51:13] [SEVERE ] placing card 23 in slot 10
[2022-12-12 18:51:13] [SEVERE ] placing card 62 in slot 11
