[2022-12-12 15:23:00] [INFO   ] cannot read configuration file config.properties trying from resources.
[2022-12-12 15:23:00] [INFO   ] configuration file was loaded from resources directory.
[2022-12-12 15:23:00] [INFO   ] Thread dealer starting.
[2022-12-12 15:23:00] [SEVERE ] placing card 6 in slot 0
[2022-12-12 15:23:01] [SEVERE ] placing card 58 in slot 1
[2022-12-12 15:23:01] [SEVERE ] placing card 40 in slot 2
[2022-12-12 15:23:01] [SEVERE ] placing card 59 in slot 3
[2022-12-12 15:23:01] [SEVERE ] placing card 24 in slot 4
[2022-12-12 15:23:01] [SEVERE ] placing card 38 in slot 5
[2022-12-12 15:23:01] [SEVERE ] placing card 77 in slot 6
[2022-12-12 15:23:01] [SEVERE ] placing card 67 in slot 7
[2022-12-12 15:23:01] [SEVERE ] placing card 1 in slot 8
[2022-12-12 15:23:01] [SEVERE ] placing card 46 in slot 9
[2022-12-12 15:23:01] [SEVERE ] placing card 43 in slot 10
[2022-12-12 15:23:02] [SEVERE ] placing card 71 in slot 11
[2022-12-12 15:23:04] [SEVERE ] Key 81 was pressed by player 0
[2022-12-12 15:23:04] [SEVERE ] player 0 placing token on slot 0
[2022-12-12 15:23:04] [SEVERE ] Key 87 was pressed by player 0
[2022-12-12 15:23:04] [SEVERE ] player 0 placing token on slot 1
[2022-12-12 15:23:04] [SEVERE ] Key 69 was pressed by player 0
[2022-12-12 15:23:04] [SEVERE ] player 0 placing token on slot 2
[2022-12-12 15:23:04] [SEVERE ] setting player 0 freeze to 1000
[2022-12-12 15:23:05] [SEVERE ] removing player 0 token from slot 0
[2022-12-12 15:23:05] [SEVERE ] removing player 0 token from slot 1
[2022-12-12 15:23:05] [SEVERE ] removing player 0 token from slot 2
[2022-12-12 15:23:17] [SEVERE ] removing card from slot 0
[2022-12-12 15:23:17] [SEVERE ] removing card from slot 1
[2022-12-12 15:23:17] [SEVERE ] removing card from slot 2
[2022-12-12 15:23:17] [SEVERE ] removing card from slot 3
[2022-12-12 15:23:17] [SEVERE ] removing card from slot 4
[2022-12-12 15:23:17] [SEVERE ] removing card from slot 5
[2022-12-12 15:23:17] [SEVERE ] removing card from slot 6
[2022-12-12 15:23:17] [SEVERE ] removing card from slot 7
[2022-12-12 15:23:17] [SEVERE ] removing card from slot 8
[2022-12-12 15:23:18] [SEVERE ] removing card from slot 9
[2022-12-12 15:23:18] [SEVERE ] removing card from slot 10
[2022-12-12 15:23:18] [SEVERE ] removing card from slot 11
[2022-12-12 15:23:18] [SEVERE ] placing card 39 in slot 0
[2022-12-12 15:23:18] [SEVERE ] placing card 77 in slot 1
[2022-12-12 15:23:18] [SEVERE ] placing card 1 in slot 2
[2022-12-12 15:23:18] [SEVERE ] placing card 55 in slot 3
[2022-12-12 15:23:18] [SEVERE ] placing card 70 in slot 4
[2022-12-12 15:23:18] [SEVERE ] placing card 14 in slot 5
[2022-12-12 15:23:19] [SEVERE ] placing card 57 in slot 6
[2022-12-12 15:23:19] [SEVERE ] placing card 80 in slot 7
[2022-12-12 15:23:19] [SEVERE ] placing card 0 in slot 8
[2022-12-12 15:23:19] [SEVERE ] placing card 13 in slot 9
[2022-12-12 15:23:19] [SEVERE ] placing card 51 in slot 10
[2022-12-12 15:23:19] [SEVERE ] placing card 53 in slot 11
