[2022-12-12 18:56:53] [INFO   ] cannot read configuration file config.properties trying from resources.
[2022-12-12 18:56:53] [INFO   ] configuration file was loaded from resources directory.
[2022-12-12 18:56:53] [INFO   ] Thread dealer starting.
[2022-12-12 18:56:53] [INFO   ] Thread Player 0starting.
[2022-12-12 18:56:53] [INFO   ] Thread Player 1starting.
[2022-12-12 18:56:53] [SEVERE ] placing card 37 in slot 0
[2022-12-12 18:56:54] [SEVERE ] placing card 15 in slot 1
[2022-12-12 18:56:54] [SEVERE ] placing card 55 in slot 2
[2022-12-12 18:56:54] [SEVERE ] placing card 66 in slot 3
[2022-12-12 18:56:54] [SEVERE ] placing card 69 in slot 4
[2022-12-12 18:56:54] [SEVERE ] placing card 80 in slot 5
[2022-12-12 18:56:54] [SEVERE ] placing card 73 in slot 6
[2022-12-12 18:56:54] [SEVERE ] placing card 78 in slot 7
[2022-12-12 18:56:54] [SEVERE ] placing card 48 in slot 8
[2022-12-12 18:56:54] [SEVERE ] placing card 68 in slot 9
[2022-12-12 18:56:54] [SEVERE ] placing card 43 in slot 10
[2022-12-12 18:56:55] [SEVERE ] placing card 56 in slot 11
[2022-12-12 18:56:56] [SEVERE ] Key 81 was pressed by player 0
[2022-12-12 18:56:56] [SEVERE ] player 0 placing token on slot 0
[2022-12-12 18:56:56] [SEVERE ] Key 87 was pressed by player 0
[2022-12-12 18:56:56] [SEVERE ] player 0 placing token on slot 1
[2022-12-12 18:56:56] [SEVERE ] Key 69 was pressed by player 0
[2022-12-12 18:56:56] [SEVERE ] player 0 placing token on slot 2
[2022-12-12 18:56:56] [SEVERE ] setting player 0 freeze to 1000
[2022-12-12 18:56:56] [SEVERE ] removing player 0 token from slot 0
[2022-12-12 18:56:56] [SEVERE ] removing player 0 token from slot 1
[2022-12-12 18:56:56] [SEVERE ] removing player 0 token from slot 2
[2022-12-12 18:56:58] [SEVERE ] Key 81 was pressed by player 0
[2022-12-12 18:56:58] [SEVERE ] player 0 placing token on slot 0
[2022-12-12 18:56:58] [SEVERE ] Key 87 was pressed by player 0
[2022-12-12 18:56:58] [SEVERE ] player 0 placing token on slot 1
[2022-12-12 18:56:58] [SEVERE ] Key 69 was pressed by player 0
[2022-12-12 18:56:58] [SEVERE ] player 0 placing token on slot 2
[2022-12-12 18:56:58] [SEVERE ] setting player 0 freeze to 1000
[2022-12-12 18:56:58] [SEVERE ] removing player 0 token from slot 0
[2022-12-12 18:56:58] [SEVERE ] removing player 0 token from slot 1
[2022-12-12 18:56:58] [SEVERE ] removing player 0 token from slot 2
[2022-12-12 18:57:02] [SEVERE ] Key 81 was pressed by player 0
[2022-12-12 18:57:02] [SEVERE ] player 0 placing token on slot 0
[2022-12-12 18:57:02] [SEVERE ] Key 87 was pressed by player 0
[2022-12-12 18:57:02] [SEVERE ] player 0 placing token on slot 1
[2022-12-12 18:57:02] [SEVERE ] Key 69 was pressed by player 0
[2022-12-12 18:57:02] [SEVERE ] player 0 placing token on slot 2
[2022-12-12 18:57:02] [SEVERE ] setting player 0 freeze to 1000
[2022-12-12 18:57:02] [SEVERE ] removing player 0 token from slot 0
[2022-12-12 18:57:02] [SEVERE ] removing player 0 token from slot 1
[2022-12-12 18:57:02] [SEVERE ] removing player 0 token from slot 2
[2022-12-12 18:57:04] [SEVERE ] Key 85 was pressed by player 1
[2022-12-12 18:57:04] [SEVERE ] player 1 placing token on slot 0
[2022-12-12 18:57:04] [SEVERE ] Key 73 was pressed by player 1
[2022-12-12 18:57:04] [SEVERE ] player 1 placing token on slot 1
[2022-12-12 18:57:04] [SEVERE ] Key 79 was pressed by player 1
[2022-12-12 18:57:04] [SEVERE ] player 1 placing token on slot 2
[2022-12-12 18:57:04] [SEVERE ] setting player 1 freeze to 1000
[2022-12-12 18:57:04] [SEVERE ] removing player 1 token from slot 0
[2022-12-12 18:57:04] [SEVERE ] removing player 1 token from slot 1
[2022-12-12 18:57:04] [SEVERE ] removing player 1 token from slot 2
[2022-12-12 18:57:05] [SEVERE ] Key 85 was pressed by player 1
[2022-12-12 18:57:05] [SEVERE ] player 1 placing token on slot 0
[2022-12-12 18:57:05] [SEVERE ] Key 73 was pressed by player 1
[2022-12-12 18:57:05] [SEVERE ] player 1 placing token on slot 1
[2022-12-12 18:57:05] [SEVERE ] Key 79 was pressed by player 1
[2022-12-12 18:57:05] [SEVERE ] player 1 placing token on slot 2
[2022-12-12 18:57:05] [SEVERE ] setting player 1 freeze to 1000
[2022-12-12 18:57:05] [SEVERE ] removing player 1 token from slot 0
[2022-12-12 18:57:05] [SEVERE ] removing player 1 token from slot 1
[2022-12-12 18:57:05] [SEVERE ] removing player 1 token from slot 2
[2022-12-12 18:57:10] [SEVERE ] removing card from slot 0
[2022-12-12 18:57:10] [SEVERE ] removing card from slot 1
[2022-12-12 18:57:10] [SEVERE ] removing card from slot 2
[2022-12-12 18:57:10] [SEVERE ] removing card from slot 3
[2022-12-12 18:57:10] [SEVERE ] removing card from slot 4
[2022-12-12 18:57:10] [SEVERE ] removing card from slot 5
[2022-12-12 18:57:10] [SEVERE ] removing card from slot 6
[2022-12-12 18:57:10] [SEVERE ] removing card from slot 7
[2022-12-12 18:57:11] [SEVERE ] removing card from slot 8
[2022-12-12 18:57:11] [SEVERE ] removing card from slot 9
[2022-12-12 18:57:11] [SEVERE ] removing card from slot 10
[2022-12-12 18:57:11] [SEVERE ] removing card from slot 11
[2022-12-12 18:57:11] [SEVERE ] placing card 39 in slot 0
[2022-12-12 18:57:11] [SEVERE ] placing card 11 in slot 1
[2022-12-12 18:57:11] [SEVERE ] placing card 75 in slot 2
[2022-12-12 18:57:11] [SEVERE ] placing card 74 in slot 3
[2022-12-12 18:57:11] [SEVERE ] placing card 40 in slot 4
[2022-12-12 18:57:11] [SEVERE ] placing card 63 in slot 5
[2022-12-12 18:57:12] [SEVERE ] placing card 56 in slot 6
[2022-12-12 18:57:12] [SEVERE ] placing card 16 in slot 7
[2022-12-12 18:57:12] [SEVERE ] placing card 71 in slot 8
[2022-12-12 18:57:12] [SEVERE ] placing card 58 in slot 9
[2022-12-12 18:57:12] [SEVERE ] placing card 36 in slot 10
[2022-12-12 18:57:12] [SEVERE ] placing card 0 in slot 11
