[2022-12-12 17:34:05] [INFO   ] cannot read configuration file config.properties trying from resources.
[2022-12-12 17:34:05] [INFO   ] configuration file was loaded from resources directory.
[2022-12-12 17:34:06] [INFO   ] Thread dealer starting.
[2022-12-12 17:34:06] [INFO   ] Thread Player 0starting.
[2022-12-12 17:34:06] [INFO   ] Thread Player 1starting.
[2022-12-12 17:34:06] [SEVERE ] placing card 22 in slot 0
[2022-12-12 17:34:06] [SEVERE ] placing card 16 in slot 1
[2022-12-12 17:34:06] [SEVERE ] placing card 50 in slot 2
[2022-12-12 17:34:06] [SEVERE ] placing card 72 in slot 3
[2022-12-12 17:34:06] [SEVERE ] placing card 62 in slot 4
[2022-12-12 17:34:06] [SEVERE ] placing card 42 in slot 5
[2022-12-12 17:34:06] [SEVERE ] placing card 9 in slot 6
[2022-12-12 17:34:07] [SEVERE ] placing card 71 in slot 7
[2022-12-12 17:34:07] [SEVERE ] placing card 51 in slot 8
[2022-12-12 17:34:07] [SEVERE ] placing card 35 in slot 9
[2022-12-12 17:34:07] [SEVERE ] placing card 67 in slot 10
[2022-12-12 17:34:07] [SEVERE ] placing card 14 in slot 11
[2022-12-12 17:34:09] [SEVERE ] Key 81 was pressed by player 0
[2022-12-12 17:34:09] [SEVERE ] player 0 placing token on slot 0
[2022-12-12 17:34:09] [SEVERE ] Key 87 was pressed by player 0
[2022-12-12 17:34:09] [SEVERE ] player 0 placing token on slot 1
[2022-12-12 17:34:09] [SEVERE ] Key 69 was pressed by player 0
[2022-12-12 17:34:09] [SEVERE ] player 0 placing token on slot 2
[2022-12-12 17:34:09] [SEVERE ] setting player 0 freeze to 1000
[2022-12-12 17:34:10] [SEVERE ] removing player 0 token from slot 0
[2022-12-12 17:34:10] [SEVERE ] removing player 0 token from slot 1
[2022-12-12 17:34:10] [SEVERE ] removing player 0 token from slot 2
[2022-12-12 17:34:22] [SEVERE ] removing card from slot 0
[2022-12-12 17:34:22] [SEVERE ] removing card from slot 1
[2022-12-12 17:34:22] [SEVERE ] removing card from slot 2
[2022-12-12 17:34:22] [SEVERE ] removing card from slot 3
[2022-12-12 17:34:22] [SEVERE ] removing card from slot 4
[2022-12-12 17:34:23] [SEVERE ] removing card from slot 5
[2022-12-12 17:34:23] [SEVERE ] removing card from slot 6
[2022-12-12 17:34:23] [SEVERE ] removing card from slot 7
[2022-12-12 17:34:23] [SEVERE ] removing card from slot 8
[2022-12-12 17:34:23] [SEVERE ] removing card from slot 9
[2022-12-12 17:34:23] [SEVERE ] removing card from slot 10
[2022-12-12 17:34:23] [SEVERE ] removing card from slot 11
[2022-12-12 17:34:23] [SEVERE ] placing card 23 in slot 0
[2022-12-12 17:34:23] [SEVERE ] placing card 53 in slot 1
[2022-12-12 17:34:23] [SEVERE ] placing card 50 in slot 2
[2022-12-12 17:34:24] [SEVERE ] placing card 52 in slot 3
[2022-12-12 17:34:24] [SEVERE ] placing card 6 in slot 4
[2022-12-12 17:34:24] [SEVERE ] placing card 32 in slot 5
[2022-12-12 17:34:24] [SEVERE ] placing card 27 in slot 6
[2022-12-12 17:34:24] [SEVERE ] placing card 20 in slot 7
[2022-12-12 17:34:24] [SEVERE ] placing card 63 in slot 8
[2022-12-12 17:34:24] [SEVERE ] placing card 8 in slot 9
[2022-12-12 17:34:24] [SEVERE ] placing card 79 in slot 10
[2022-12-12 17:34:24] [SEVERE ] placing card 73 in slot 11
[2022-12-12 17:34:39] [SEVERE ] removing card from slot 0
[2022-12-12 17:34:40] [SEVERE ] removing card from slot 1
[2022-12-12 17:34:40] [SEVERE ] removing card from slot 2
[2022-12-12 17:34:40] [SEVERE ] removing card from slot 3
[2022-12-12 17:34:40] [SEVERE ] removing card from slot 4
[2022-12-12 17:34:40] [SEVERE ] removing card from slot 5
[2022-12-12 17:34:40] [SEVERE ] removing card from slot 6
[2022-12-12 17:34:40] [SEVERE ] removing card from slot 7
[2022-12-12 17:34:40] [SEVERE ] removing card from slot 8
[2022-12-12 17:34:40] [SEVERE ] removing card from slot 9
[2022-12-12 17:34:41] [SEVERE ] removing card from slot 10
[2022-12-12 17:34:41] [SEVERE ] removing card from slot 11
[2022-12-12 17:34:41] [SEVERE ] placing card 62 in slot 0
[2022-12-12 17:34:41] [SEVERE ] placing card 23 in slot 1
[2022-12-12 17:34:41] [SEVERE ] placing card 80 in slot 2
[2022-12-12 17:34:41] [SEVERE ] placing card 76 in slot 3
[2022-12-12 17:34:41] [SEVERE ] placing card 5 in slot 4
[2022-12-12 17:34:41] [SEVERE ] placing card 41 in slot 5
[2022-12-12 17:34:42] [SEVERE ] placing card 49 in slot 6
[2022-12-12 17:34:42] [SEVERE ] placing card 73 in slot 7
[2022-12-12 17:34:42] [SEVERE ] placing card 57 in slot 8
[2022-12-12 17:34:42] [SEVERE ] placing card 16 in slot 9
[2022-12-12 17:34:42] [SEVERE ] placing card 38 in slot 10
[2022-12-12 17:34:42] [SEVERE ] placing card 75 in slot 11
