[14:53:07.838] [INFO   ] thread main starting.
[14:53:07.849] [SEVERE ] cannot read configuration file config.properties trying from resources.
[14:53:07.853] [SEVERE ] configuration file was loaded from resources directory.
[14:53:08.614] [INFO   ] thread dealer starting.
[14:53:08.622] [INFO   ] Thread dealer starting.
[14:53:08.624] [INFO   ] Thread Player 0 starting.
[14:53:08.624] [INFO   ] Thread Player 2 starting.
[14:53:08.624] [INFO   ] Thread Player 1 starting.
[14:53:08.625] [INFO   ] Thread Player 3 starting.
[14:53:08.649] [INFO   ] Thread computer-2 starting.
[14:53:08.649] [INFO   ] Thread computer-3 starting.
[14:53:08.649] [INFO   ] Thread computer-1 starting.
[14:53:08.745] [SEVERE ] placing card 22 in slot 0
[14:53:08.856] [SEVERE ] placing card 65 in slot 1
[14:53:08.967] [SEVERE ] placing card 61 in slot 2
[14:53:09.079] [SEVERE ] placing card 24 in slot 3
[14:53:09.191] [SEVERE ] placing card 20 in slot 4
[14:53:09.301] [SEVERE ] placing card 9 in slot 5
[14:53:09.411] [SEVERE ] placing card 21 in slot 6
[14:53:09.523] [SEVERE ] placing card 2 in slot 7
[14:53:09.634] [SEVERE ] placing card 18 in slot 8
[14:53:09.745] [SEVERE ] placing card 6 in slot 9
[14:53:09.855] [SEVERE ] placing card 42 in slot 10
[14:53:09.964] [SEVERE ] placing card 25 in slot 11
[14:53:09.965] [SEVERE ] player 2 placing token on slot 2
[14:53:09.965] [SEVERE ] player 3 placing token on slot 2
[14:53:09.966] [SEVERE ] player 4 placing token on slot 1
[14:53:09.976] [SEVERE ] updating countdown to 9988
[14:53:09.988] [SEVERE ] updating countdown to 9976
[14:53:10.000] [SEVERE ] updating countdown to 9964
[14:53:10.012] [SEVERE ] updating countdown to 9952
[14:53:10.024] [SEVERE ] updating countdown to 9940
[14:53:10.035] [SEVERE ] updating countdown to 9929
[14:53:10.046] [SEVERE ] updating countdown to 9918
[14:53:10.057] [SEVERE ] updating countdown to 9907
[14:53:10.069] [SEVERE ] updating countdown to 9895
[14:53:10.081] [SEVERE ] updating countdown to 9883
[14:53:10.093] [SEVERE ] updating countdown to 9871
[14:53:10.104] [SEVERE ] updating countdown to 9860
[14:53:10.116] [SEVERE ] updating countdown to 9848
[14:53:10.127] [SEVERE ] updating countdown to 9837
[14:53:10.138] [SEVERE ] updating countdown to 9826
[14:53:10.149] [SEVERE ] updating countdown to 9815
[14:53:10.160] [SEVERE ] updating countdown to 9804
[14:53:10.171] [SEVERE ] updating countdown to 9793
[14:53:10.183] [SEVERE ] updating countdown to 9781
[14:53:10.194] [SEVERE ] updating countdown to 9770
[14:53:10.205] [SEVERE ] updating countdown to 9759
[14:53:10.216] [SEVERE ] updating countdown to 9748
[14:53:10.227] [SEVERE ] updating countdown to 9737
[14:53:10.238] [SEVERE ] updating countdown to 9726
[14:53:10.249] [SEVERE ] updating countdown to 9715
[14:53:10.251] [SEVERE ] player 3 placing token on slot 7
[14:53:10.251] [SEVERE ] player 2 placing token on slot 11
[14:53:10.251] [SEVERE ] player 4 placing token on slot 5
[14:53:10.338] [SEVERE ] updating countdown to 9626
[14:53:10.349] [SEVERE ] updating countdown to 9615
[14:53:10.360] [SEVERE ] updating countdown to 9604
[14:53:10.371] [SEVERE ] updating countdown to 9593
[14:53:10.382] [SEVERE ] updating countdown to 9582
[14:53:10.393] [SEVERE ] updating countdown to 9571
[14:53:10.403] [SEVERE ] updating countdown to 9561
[14:53:10.414] [SEVERE ] updating countdown to 9550
[14:53:10.425] [SEVERE ] updating countdown to 9539
[14:53:10.436] [SEVERE ] updating countdown to 9528
[14:53:10.444] [SEVERE ] exit button pressed
[14:53:10.447] [SEVERE ] updating countdown to 9517
[14:53:10.447] [SEVERE ] updating countdown to 10000
[14:53:10.447] [SEVERE ] updating countdown to 10000
[14:53:10.449] [SEVERE ] announcing winner(s): player 1, player 2, player 3, player 4
[14:53:10.450] [INFO   ] Thread dealer terminated.
[14:53:10.450] [INFO   ] thread dealer terminated.
[14:53:10.450] [SEVERE ] disposing of user interface elements
[14:53:10.537] [INFO   ] Thread computer-3 terminated.
[14:53:10.537] [SEVERE ] player 3 placing token on slot 9
[14:53:10.537] [SEVERE ] player 2 placing token on slot 1
[14:53:10.537] [INFO   ] Thread Player 3 terminated.
[14:53:10.823] [INFO   ] Thread computer-2 terminated.
[14:53:10.823] [SEVERE ] removing player 2 token from slot 11
[14:53:10.823] [INFO   ] Thread Player 2 terminated.
[14:53:11.110] [INFO   ] Thread computer-1 terminated.
[14:53:11.110] [INFO   ] Thread Player 1 terminated.
[14:53:11.304] [INFO   ] Thread Player 0 terminated.
[14:53:11.304] [SEVERE ] thanks for playing... it was fun!
[14:53:11.305] [INFO   ] thread main terminated.
