[2022-12-15 14:15:30] [INFO   ] cannot read configuration file config.properties trying from resources.
[2022-12-15 14:15:31] [INFO   ] configuration file was loaded from resources directory.
[2022-12-15 14:15:31] [INFO   ] Thread dealer starting.
[2022-12-15 14:15:31] [INFO   ] Thread Player 0starting.
[2022-12-15 14:15:31] [INFO   ] Thread Player 3starting.
[2022-12-15 14:15:31] [INFO   ] Thread Player 2starting.
[2022-12-15 14:15:31] [INFO   ] Thread Player 1starting.
[2022-12-15 14:15:31] [INFO   ] Thread computer-2 starting.
[2022-12-15 14:15:31] [INFO   ] Thread computer-3 starting.
[2022-12-15 14:15:31] [INFO   ] Thread computer-1 starting.
[2022-12-15 14:15:31] [SEVERE ] placing card 29 in slot 0
[2022-12-15 14:15:32] [SEVERE ] placing card 33 in slot 1
[2022-12-15 14:15:32] [SEVERE ] placing card 75 in slot 2
[2022-12-15 14:15:32] [SEVERE ] placing card 17 in slot 3
[2022-12-15 14:15:32] [SEVERE ] placing card 73 in slot 4
[2022-12-15 14:15:32] [SEVERE ] placing card 6 in slot 5
[2022-12-15 14:15:32] [SEVERE ] placing card 51 in slot 6
[2022-12-15 14:15:32] [SEVERE ] placing card 60 in slot 7
[2022-12-15 14:15:32] [SEVERE ] placing card 80 in slot 8
[2022-12-15 14:15:32] [SEVERE ] placing card 14 in slot 9
[2022-12-15 14:15:33] [SEVERE ] placing card 72 in slot 10
[2022-12-15 14:15:33] [SEVERE ] placing card 79 in slot 11
[2022-12-15 14:15:33] [SEVERE ] player 3 placing token on slot 11
[2022-12-15 14:15:33] [SEVERE ] player 2 placing token on slot 6
[2022-12-15 14:15:33] [SEVERE ] player 1 placing token on slot 3
[2022-12-15 14:15:34] [SEVERE ] player 1 placing token on slot 5
[2022-12-15 14:15:34] [SEVERE ] player 3 placing token on slot 9
[2022-12-15 14:15:34] [SEVERE ] player 2 placing token on slot 11
[2022-12-15 14:15:35] [SEVERE ] player 1 placing token on slot 4
[2022-12-15 14:15:35] [SEVERE ] player 2 placing token on slot 7
[2022-12-15 14:15:35] [SEVERE ] player 3 placing token on slot 4
[2022-12-15 14:15:35] [SEVERE ] removing player 2 token from slot 6
[2022-12-15 14:15:35] [SEVERE ] removing player 3 token from slot 11
[2022-12-15 14:15:35] [SEVERE ] removing player 1 token from slot 3
[2022-12-15 14:15:35] [SEVERE ] removing player 3 token from slot 9
[2022-12-15 14:15:35] [SEVERE ] removing player 2 token from slot 11
[2022-12-15 14:15:35] [SEVERE ] removing player 3 token from slot 4
[2022-12-15 14:15:35] [SEVERE ] removing player 1 token from slot 5
[2022-12-15 14:15:35] [SEVERE ] setting player 3 freeze to 3000
[2022-12-15 14:15:35] [SEVERE ] removing player 2 token from slot 7
[2022-12-15 14:15:35] [SEVERE ] removing player 1 token from slot 4
[2022-12-15 14:15:35] [SEVERE ] setting player 2 freeze to 3000
[2022-12-15 14:15:35] [SEVERE ] setting player 1 freeze to 3000
[2022-12-15 14:15:35] [SEVERE ] setting player 3 freeze to 2985
[2022-12-15 14:15:35] [SEVERE ] setting player 2 freeze to 2986
[2022-12-15 14:15:35] [SEVERE ] setting player 1 freeze to 2986
[2022-12-15 14:15:35] [SEVERE ] setting player 3 freeze to 2974
[2022-12-15 14:15:35] [SEVERE ] setting player 1 freeze to 2971
[2022-12-15 14:15:35] [SEVERE ] setting player 2 freeze to 2971
[2022-12-15 14:15:35] [SEVERE ] setting player 1 freeze to 2955
[2022-12-15 14:15:35] [SEVERE ] setting player 2 freeze to 2955
[2022-12-15 14:15:35] [SEVERE ] setting player 3 freeze to 2954
[2022-12-15 14:15:35] [SEVERE ] setting player 1 freeze to 2944
[2022-12-15 14:15:35] [SEVERE ] setting player 3 freeze to 2938
[2022-12-15 14:15:35] [SEVERE ] setting player 2 freeze to 2939
[2022-12-15 14:15:35] [SEVERE ] setting player 3 freeze to 2922
[2022-12-15 14:15:35] [SEVERE ] setting player 2 freeze to 2923
[2022-12-15 14:15:35] [SEVERE ] setting player 1 freeze to 2923
[2022-12-15 14:15:35] [SEVERE ] setting player 3 freeze to 2911
[2022-12-15 14:15:35] [SEVERE ] setting player 1 freeze to 2907
[2022-12-15 14:15:35] [SEVERE ] setting player 2 freeze to 2907
[2022-12-15 14:15:35] [SEVERE ] setting player 2 freeze to 2891
[2022-12-15 14:15:35] [SEVERE ] setting player 3 freeze to 2890
[2022-12-15 14:15:35] [SEVERE ] setting player 1 freeze to 2891
[2022-12-15 14:15:35] [SEVERE ] setting player 2 freeze to 2881
[2022-12-15 14:15:35] [SEVERE ] setting player 3 freeze to 2875
[2022-12-15 14:15:35] [SEVERE ] setting player 1 freeze to 2876
[2022-12-15 14:15:35] [SEVERE ] setting player 2 freeze to 2860
[2022-12-15 14:15:35] [SEVERE ] setting player 1 freeze to 2860
[2022-12-15 14:15:35] [SEVERE ] setting player 3 freeze to 2859
[2022-12-15 14:15:35] [SEVERE ] setting player 2 freeze to 2849
[2022-12-15 14:15:35] [SEVERE ] setting player 1 freeze to 2844
[2022-12-15 14:15:35] [SEVERE ] setting player 3 freeze to 2843
[2022-12-15 14:15:35] [SEVERE ] setting player 2 freeze to 2828
[2022-12-15 14:15:35] [SEVERE ] setting player 3 freeze to 2827
[2022-12-15 14:15:35] [SEVERE ] setting player 1 freeze to 2828
[2022-12-15 14:15:35] [SEVERE ] setting player 2 freeze to 2817
[2022-12-15 14:15:35] [SEVERE ] setting player 3 freeze to 2811
[2022-12-15 14:15:35] [SEVERE ] setting player 1 freeze to 2812
[2022-12-15 14:15:35] [SEVERE ] setting player 2 freeze to 2796
[2022-12-15 14:15:35] [SEVERE ] setting player 3 freeze to 2795
[2022-12-15 14:15:35] [SEVERE ] setting player 1 freeze to 2796
[2022-12-15 14:15:35] [SEVERE ] setting player 2 freeze to 2785
[2022-12-15 14:15:35] [SEVERE ] setting player 3 freeze to 2779
[2022-12-15 14:15:35] [SEVERE ] setting player 1 freeze to 2780
[2022-12-15 14:15:35] [SEVERE ] setting player 3 freeze to 2763
[2022-12-15 14:15:35] [SEVERE ] setting player 2 freeze to 2764
[2022-12-15 14:15:35] [SEVERE ] setting player 1 freeze to 2764
[2022-12-15 14:15:35] [SEVERE ] setting player 3 freeze to 2752
[2022-12-15 14:15:35] [SEVERE ] setting player 1 freeze to 2749
[2022-12-15 14:15:35] [SEVERE ] setting player 2 freeze to 2749
[2022-12-15 14:15:35] [SEVERE ] setting player 2 freeze to 2733
[2022-12-15 14:15:35] [SEVERE ] setting player 1 freeze to 2733
[2022-12-15 14:15:35] [SEVERE ] setting player 3 freeze to 2732
[2022-12-15 14:15:35] [SEVERE ] setting player 2 freeze to 2722
[2022-12-15 14:15:35] [SEVERE ] setting player 1 freeze to 2717
[2022-12-15 14:15:35] [SEVERE ] setting player 3 freeze to 2716
[2022-12-15 14:15:35] [SEVERE ] setting player 1 freeze to 2701
[2022-12-15 14:15:35] [SEVERE ] setting player 2 freeze to 2701
[2022-12-15 14:15:35] [SEVERE ] setting player 3 freeze to 2700
[2022-12-15 14:15:35] [SEVERE ] setting player 1 freeze to 2690
[2022-12-15 14:15:35] [SEVERE ] setting player 2 freeze to 2686
[2022-12-15 14:15:35] [SEVERE ] setting player 3 freeze to 2685
[2022-12-15 14:15:35] [SEVERE ] setting player 2 freeze to 2670
[2022-12-15 14:15:35] [SEVERE ] setting player 3 freeze to 2669
[2022-12-15 14:15:35] [SEVERE ] setting player 1 freeze to 2670
[2022-12-15 14:15:35] [SEVERE ] setting player 2 freeze to 2658
[2022-12-15 14:15:35] [SEVERE ] setting player 1 freeze to 2654
[2022-12-15 14:15:35] [SEVERE ] setting player 3 freeze to 2653
[2022-12-15 14:15:35] [SEVERE ] setting player 1 freeze to 2643
[2022-12-15 14:15:35] [SEVERE ] setting player 3 freeze to 2637
[2022-12-15 14:15:35] [SEVERE ] setting player 2 freeze to 2638
[2022-12-15 14:15:35] [SEVERE ] setting player 1 freeze to 2622
[2022-12-15 14:15:35] [SEVERE ] setting player 2 freeze to 2622
[2022-12-15 14:15:35] [SEVERE ] setting player 3 freeze to 2621
[2022-12-15 14:15:35] [SEVERE ] setting player 1 freeze to 2611
[2022-12-15 14:15:35] [SEVERE ] setting player 3 freeze to 2605
[2022-12-15 14:15:35] [SEVERE ] setting player 2 freeze to 2606
[2022-12-15 14:15:35] [SEVERE ] setting player 1 freeze to 2590
[2022-12-15 14:15:35] [SEVERE ] setting player 3 freeze to 2589
[2022-12-15 14:15:35] [SEVERE ] setting player 2 freeze to 2590
[2022-12-15 14:15:35] [SEVERE ] setting player 1 freeze to 2578
[2022-12-15 14:15:35] [SEVERE ] setting player 2 freeze to 2574
[2022-12-15 14:15:35] [SEVERE ] setting player 3 freeze to 2573
[2022-12-15 14:15:35] [SEVERE ] setting player 3 freeze to 2557
[2022-12-15 14:15:35] [SEVERE ] setting player 1 freeze to 2558
[2022-12-15 14:15:35] [SEVERE ] setting player 2 freeze to 2558
[2022-12-15 14:15:35] [SEVERE ] setting player 3 freeze to 2546
[2022-12-15 14:15:35] [SEVERE ] setting player 2 freeze to 2542
[2022-12-15 14:15:35] [SEVERE ] setting player 1 freeze to 2542
[2022-12-15 14:15:35] [SEVERE ] setting player 2 freeze to 2526
[2022-12-15 14:15:35] [SEVERE ] setting player 3 freeze to 2525
[2022-12-15 14:15:35] [SEVERE ] setting player 1 freeze to 2526
[2022-12-15 14:15:35] [SEVERE ] setting player 2 freeze to 2515
[2022-12-15 14:15:35] [SEVERE ] setting player 1 freeze to 2511
[2022-12-15 14:15:35] [SEVERE ] setting player 3 freeze to 2510
[2022-12-15 14:15:35] [SEVERE ] setting player 3 freeze to 2494
[2022-12-15 14:15:35] [SEVERE ] setting player 1 freeze to 2495
[2022-12-15 14:15:35] [SEVERE ] setting player 2 freeze to 2495
[2022-12-15 14:15:35] [SEVERE ] setting player 3 freeze to 2483
[2022-12-15 14:15:35] [SEVERE ] setting player 1 freeze to 2480
[2022-12-15 14:15:35] [SEVERE ] setting player 2 freeze to 2480
[2022-12-15 14:15:35] [SEVERE ] setting player 1 freeze to 2464
[2022-12-15 14:15:35] [SEVERE ] setting player 3 freeze to 2463
[2022-12-15 14:15:35] [SEVERE ] setting player 2 freeze to 2464
[2022-12-15 14:15:35] [SEVERE ] setting player 1 freeze to 2453
[2022-12-15 14:15:35] [SEVERE ] setting player 2 freeze to 2448
[2022-12-15 14:15:35] [SEVERE ] setting player 3 freeze to 2447
[2022-12-15 14:15:35] [SEVERE ] setting player 1 freeze to 2432
[2022-12-15 14:15:35] [SEVERE ] setting player 2 freeze to 2432
[2022-12-15 14:15:35] [SEVERE ] setting player 3 freeze to 2431
[2022-12-15 14:15:35] [SEVERE ] setting player 1 freeze to 2421
[2022-12-15 14:15:35] [SEVERE ] setting player 3 freeze to 2415
[2022-12-15 14:15:35] [SEVERE ] setting player 2 freeze to 2416
[2022-12-15 14:15:35] [SEVERE ] setting player 3 freeze to 2399
[2022-12-15 14:15:35] [SEVERE ] setting player 1 freeze to 2400
[2022-12-15 14:15:35] [SEVERE ] setting player 2 freeze to 2400
[2022-12-15 14:15:35] [SEVERE ] setting player 3 freeze to 2388
[2022-12-15 14:15:35] [SEVERE ] setting player 1 freeze to 2384
[2022-12-15 14:15:35] [SEVERE ] setting player 2 freeze to 2384
[2022-12-15 14:15:35] [SEVERE ] setting player 1 freeze to 2368
[2022-12-15 14:15:35] [SEVERE ] setting player 3 freeze to 2367
[2022-12-15 14:15:35] [SEVERE ] setting player 2 freeze to 2368
[2022-12-15 14:15:35] [SEVERE ] setting player 1 freeze to 2357
[2022-12-15 14:15:35] [SEVERE ] setting player 3 freeze to 2351
[2022-12-15 14:15:35] [SEVERE ] setting player 2 freeze to 2352
[2022-12-15 14:15:35] [SEVERE ] setting player 3 freeze to 2340
[2022-12-15 14:15:35] [SEVERE ] setting player 2 freeze to 2336
[2022-12-15 14:15:35] [SEVERE ] setting player 1 freeze to 2336
[2022-12-15 14:15:35] [SEVERE ] setting player 1 freeze to 2321
[2022-12-15 14:15:35] [SEVERE ] setting player 2 freeze to 2321
[2022-12-15 14:15:35] [SEVERE ] setting player 3 freeze to 2320
[2022-12-15 14:15:35] [SEVERE ] setting player 1 freeze to 2309
[2022-12-15 14:15:35] [SEVERE ] setting player 3 freeze to 2305
[2022-12-15 14:15:35] [SEVERE ] setting player 2 freeze to 2306
[2022-12-15 14:15:35] [SEVERE ] setting player 2 freeze to 2290
[2022-12-15 14:15:35] [SEVERE ] setting player 1 freeze to 2290
[2022-12-15 14:15:35] [SEVERE ] setting player 3 freeze to 2289
[2022-12-15 14:15:35] [SEVERE ] setting player 2 freeze to 2279
[2022-12-15 14:15:35] [SEVERE ] setting player 3 freeze to 2273
[2022-12-15 14:15:35] [SEVERE ] setting player 1 freeze to 2274
[2022-12-15 14:15:35] [SEVERE ] setting player 2 freeze to 2258
[2022-12-15 14:15:35] [SEVERE ] setting player 1 freeze to 2258
[2022-12-15 14:15:35] [SEVERE ] setting player 3 freeze to 2257
[2022-12-15 14:15:35] [SEVERE ] setting player 2 freeze to 2247
[2022-12-15 14:15:35] [SEVERE ] setting player 1 freeze to 2243
[2022-12-15 14:15:35] [SEVERE ] setting player 3 freeze to 2242
[2022-12-15 14:15:35] [SEVERE ] setting player 1 freeze to 2227
[2022-12-15 14:15:35] [SEVERE ] setting player 3 freeze to 2226
[2022-12-15 14:15:35] [SEVERE ] setting player 2 freeze to 2227
[2022-12-15 14:15:35] [SEVERE ] setting player 1 freeze to 2215
[2022-12-15 14:15:35] [SEVERE ] setting player 2 freeze to 2211
[2022-12-15 14:15:35] [SEVERE ] setting player 3 freeze to 2210
[2022-12-15 14:15:36] [SEVERE ] setting player 2 freeze to 2200
[2022-12-15 14:15:36] [SEVERE ] setting player 3 freeze to 2194
[2022-12-15 14:15:36] [SEVERE ] setting player 1 freeze to 2195
[2022-12-15 14:15:36] [SEVERE ] setting player 1 freeze to 2179
[2022-12-15 14:15:36] [SEVERE ] setting player 3 freeze to 2178
[2022-12-15 14:15:36] [SEVERE ] setting player 2 freeze to 2179
[2022-12-15 14:15:36] [SEVERE ] setting player 1 freeze to 2168
[2022-12-15 14:15:36] [SEVERE ] setting player 3 freeze to 2162
[2022-12-15 14:15:36] [SEVERE ] setting player 2 freeze to 2163
[2022-12-15 14:15:36] [SEVERE ] setting player 3 freeze to 2151
[2022-12-15 14:15:36] [SEVERE ] setting player 1 freeze to 2147
[2022-12-15 14:15:36] [SEVERE ] setting player 2 freeze to 2147
[2022-12-15 14:15:36] [SEVERE ] setting player 1 freeze to 2132
[2022-12-15 14:15:36] [SEVERE ] setting player 2 freeze to 2132
[2022-12-15 14:15:36] [SEVERE ] setting player 3 freeze to 2131
[2022-12-15 14:15:36] [SEVERE ] setting player 1 freeze to 2121
[2022-12-15 14:15:36] [SEVERE ] setting player 2 freeze to 2116
[2022-12-15 14:15:36] [SEVERE ] setting player 3 freeze to 2115
[2022-12-15 14:15:36] [SEVERE ] setting player 1 freeze to 2100
[2022-12-15 14:15:36] [SEVERE ] setting player 2 freeze to 2100
[2022-12-15 14:15:36] [SEVERE ] setting player 3 freeze to 2099
[2022-12-15 14:15:36] [SEVERE ] setting player 1 freeze to 2089
[2022-12-15 14:15:36] [SEVERE ] setting player 3 freeze to 2083
[2022-12-15 14:15:36] [SEVERE ] setting player 2 freeze to 2084
[2022-12-15 14:15:36] [SEVERE ] setting player 1 freeze to 2068
[2022-12-15 14:15:36] [SEVERE ] setting player 2 freeze to 2068
[2022-12-15 14:15:36] [SEVERE ] setting player 3 freeze to 2067
[2022-12-15 14:15:36] [SEVERE ] setting player 1 freeze to 2057
[2022-12-15 14:15:36] [SEVERE ] setting player 3 freeze to 2051
[2022-12-15 14:15:36] [SEVERE ] setting player 2 freeze to 2052
[2022-12-15 14:15:36] [SEVERE ] setting player 1 freeze to 2036
[2022-12-15 14:15:36] [SEVERE ] setting player 2 freeze to 2036
[2022-12-15 14:15:36] [SEVERE ] setting player 3 freeze to 2035
[2022-12-15 14:15:36] [SEVERE ] setting player 1 freeze to 2025
[2022-12-15 14:15:36] [SEVERE ] setting player 2 freeze to 2020
[2022-12-15 14:15:36] [SEVERE ] setting player 3 freeze to 2019
[2022-12-15 14:15:36] [SEVERE ] setting player 2 freeze to 2004
[2022-12-15 14:15:36] [SEVERE ] setting player 1 freeze to 2004
[2022-12-15 14:15:36] [SEVERE ] setting player 3 freeze to 2003
[2022-12-15 14:15:36] [SEVERE ] setting player 2 freeze to 1993
[2022-12-15 14:15:36] [SEVERE ] setting player 1 freeze to 1988
[2022-12-15 14:15:36] [SEVERE ] setting player 3 freeze to 1987
[2022-12-15 14:15:36] [SEVERE ] setting player 3 freeze to 1972
[2022-12-15 14:15:36] [SEVERE ] setting player 2 freeze to 1973
[2022-12-15 14:15:36] [SEVERE ] setting player 1 freeze to 1973
[2022-12-15 14:15:36] [SEVERE ] setting player 3 freeze to 1960
[2022-12-15 14:15:36] [SEVERE ] setting player 1 freeze to 1958
[2022-12-15 14:15:36] [SEVERE ] setting player 2 freeze to 1958
[2022-12-15 14:15:36] [SEVERE ] setting player 1 freeze to 1942
[2022-12-15 14:15:36] [SEVERE ] setting player 3 freeze to 1941
[2022-12-15 14:15:36] [SEVERE ] setting player 2 freeze to 1942
[2022-12-15 14:15:36] [SEVERE ] setting player 1 freeze to 1931
[2022-12-15 14:15:36] [SEVERE ] setting player 3 freeze to 1925
[2022-12-15 14:15:36] [SEVERE ] setting player 2 freeze to 1926
[2022-12-15 14:15:36] [SEVERE ] setting player 3 freeze to 1909
[2022-12-15 14:15:36] [SEVERE ] setting player 1 freeze to 1910
[2022-12-15 14:15:36] [SEVERE ] setting player 2 freeze to 1910
[2022-12-15 14:15:36] [SEVERE ] setting player 3 freeze to 1898
[2022-12-15 14:15:36] [SEVERE ] setting player 1 freeze to 1894
[2022-12-15 14:15:36] [SEVERE ] setting player 2 freeze to 1894
[2022-12-15 14:15:36] [SEVERE ] setting player 2 freeze to 1878
[2022-12-15 14:15:36] [SEVERE ] setting player 1 freeze to 1878
[2022-12-15 14:15:36] [SEVERE ] setting player 3 freeze to 1877
[2022-12-15 14:15:36] [SEVERE ] setting player 3 freeze to 1861
[2022-12-15 14:15:36] [SEVERE ] setting player 2 freeze to 1862
[2022-12-15 14:15:36] [SEVERE ] setting player 1 freeze to 1862
[2022-12-15 14:15:36] [SEVERE ] setting player 3 freeze to 1850
[2022-12-15 14:15:36] [SEVERE ] setting player 2 freeze to 1846
[2022-12-15 14:15:36] [SEVERE ] setting player 1 freeze to 1846
[2022-12-15 14:15:36] [SEVERE ] setting player 2 freeze to 1835
[2022-12-15 14:15:36] [SEVERE ] setting player 1 freeze to 1831
[2022-12-15 14:15:36] [SEVERE ] setting player 3 freeze to 1830
[2022-12-15 14:15:36] [SEVERE ] setting player 3 freeze to 1815
[2022-12-15 14:15:36] [SEVERE ] setting player 2 freeze to 1816
[2022-12-15 14:15:36] [SEVERE ] setting player 1 freeze to 1816
[2022-12-15 14:15:36] [SEVERE ] setting player 3 freeze to 1804
[2022-12-15 14:15:36] [SEVERE ] setting player 1 freeze to 1800
[2022-12-15 14:15:36] [SEVERE ] setting player 2 freeze to 1800
[2022-12-15 14:15:36] [SEVERE ] setting player 1 freeze to 1784
[2022-12-15 14:15:36] [SEVERE ] setting player 3 freeze to 1783
[2022-12-15 14:15:36] [SEVERE ] setting player 2 freeze to 1784
[2022-12-15 14:15:36] [SEVERE ] setting player 1 freeze to 1773
[2022-12-15 14:15:36] [SEVERE ] setting player 2 freeze to 1768
[2022-12-15 14:15:36] [SEVERE ] setting player 3 freeze to 1767
[2022-12-15 14:15:36] [SEVERE ] setting player 2 freeze to 1753
[2022-12-15 14:15:36] [SEVERE ] setting player 3 freeze to 1752
[2022-12-15 14:15:36] [SEVERE ] setting player 1 freeze to 1753
[2022-12-15 14:15:36] [SEVERE ] setting player 2 freeze to 1742
[2022-12-15 14:15:36] [SEVERE ] setting player 1 freeze to 1737
[2022-12-15 14:15:36] [SEVERE ] setting player 3 freeze to 1736
[2022-12-15 14:15:36] [SEVERE ] setting player 3 freeze to 1720
[2022-12-15 14:15:36] [SEVERE ] setting player 1 freeze to 1721
[2022-12-15 14:15:36] [SEVERE ] setting player 2 freeze to 1721
[2022-12-15 14:15:36] [SEVERE ] setting player 2 freeze to 1705
[2022-12-15 14:15:36] [SEVERE ] setting player 3 freeze to 1704
[2022-12-15 14:15:36] [SEVERE ] setting player 1 freeze to 1705
[2022-12-15 14:15:36] [SEVERE ] setting player 3 freeze to 1693
[2022-12-15 14:15:36] [SEVERE ] setting player 2 freeze to 1694
[2022-12-15 14:15:36] [SEVERE ] setting player 1 freeze to 1689
[2022-12-15 14:15:36] [SEVERE ] setting player 1 freeze to 1673
[2022-12-15 14:15:36] [SEVERE ] setting player 3 freeze to 1672
[2022-12-15 14:15:36] [SEVERE ] setting player 2 freeze to 1673
[2022-12-15 14:15:36] [SEVERE ] setting player 3 freeze to 1661
[2022-12-15 14:15:36] [SEVERE ] setting player 1 freeze to 1662
[2022-12-15 14:15:36] [SEVERE ] setting player 2 freeze to 1657
[2022-12-15 14:15:36] [SEVERE ] setting player 1 freeze to 1641
[2022-12-15 14:15:36] [SEVERE ] setting player 3 freeze to 1640
[2022-12-15 14:15:36] [SEVERE ] setting player 2 freeze to 1641
[2022-12-15 14:15:36] [SEVERE ] setting player 1 freeze to 1630
[2022-12-15 14:15:36] [SEVERE ] setting player 3 freeze to 1624
[2022-12-15 14:15:36] [SEVERE ] setting player 2 freeze to 1625
[2022-12-15 14:15:36] [SEVERE ] setting player 2 freeze to 1609
[2022-12-15 14:15:36] [SEVERE ] setting player 1 freeze to 1609
[2022-12-15 14:15:36] [SEVERE ] setting player 3 freeze to 1608
[2022-12-15 14:15:36] [SEVERE ] setting player 2 freeze to 1598
[2022-12-15 14:15:36] [SEVERE ] setting player 1 freeze to 1594
[2022-12-15 14:15:36] [SEVERE ] setting player 3 freeze to 1593
[2022-12-15 14:15:36] [SEVERE ] setting player 1 freeze to 1578
[2022-12-15 14:15:36] [SEVERE ] setting player 2 freeze to 1578
[2022-12-15 14:15:36] [SEVERE ] setting player 3 freeze to 1577
[2022-12-15 14:15:36] [SEVERE ] setting player 1 freeze to 1567
[2022-12-15 14:15:36] [SEVERE ] setting player 2 freeze to 1562
[2022-12-15 14:15:36] [SEVERE ] setting player 3 freeze to 1561
[2022-12-15 14:15:36] [SEVERE ] setting player 3 freeze to 1545
[2022-12-15 14:15:36] [SEVERE ] setting player 2 freeze to 1546
[2022-12-15 14:15:36] [SEVERE ] setting player 1 freeze to 1546
[2022-12-15 14:15:36] [SEVERE ] setting player 3 freeze to 1534
[2022-12-15 14:15:36] [SEVERE ] setting player 1 freeze to 1530
[2022-12-15 14:15:36] [SEVERE ] setting player 2 freeze to 1530
[2022-12-15 14:15:36] [SEVERE ] setting player 1 freeze to 1514
[2022-12-15 14:15:36] [SEVERE ] setting player 3 freeze to 1513
[2022-12-15 14:15:36] [SEVERE ] setting player 2 freeze to 1514
[2022-12-15 14:15:36] [SEVERE ] setting player 1 freeze to 1503
[2022-12-15 14:15:36] [SEVERE ] setting player 2 freeze to 1498
[2022-12-15 14:15:36] [SEVERE ] setting player 3 freeze to 1497
[2022-12-15 14:15:36] [SEVERE ] setting player 3 freeze to 1481
[2022-12-15 14:15:36] [SEVERE ] setting player 1 freeze to 1482
[2022-12-15 14:15:36] [SEVERE ] setting player 2 freeze to 1482
[2022-12-15 14:15:36] [SEVERE ] setting player 3 freeze to 1470
[2022-12-15 14:15:36] [SEVERE ] setting player 1 freeze to 1466
[2022-12-15 14:15:36] [SEVERE ] setting player 2 freeze to 1466
[2022-12-15 14:15:36] [SEVERE ] setting player 2 freeze to 1450
[2022-12-15 14:15:36] [SEVERE ] setting player 1 freeze to 1450
[2022-12-15 14:15:36] [SEVERE ] setting player 3 freeze to 1449
[2022-12-15 14:15:36] [SEVERE ] setting player 2 freeze to 1439
[2022-12-15 14:15:36] [SEVERE ] setting player 1 freeze to 1434
[2022-12-15 14:15:36] [SEVERE ] setting player 3 freeze to 1433
[2022-12-15 14:15:36] [SEVERE ] setting player 3 freeze to 1417
[2022-12-15 14:15:36] [SEVERE ] setting player 1 freeze to 1418
[2022-12-15 14:15:36] [SEVERE ] setting player 2 freeze to 1418
[2022-12-15 14:15:36] [SEVERE ] setting player 3 freeze to 1406
[2022-12-15 14:15:36] [SEVERE ] setting player 2 freeze to 1402
[2022-12-15 14:15:36] [SEVERE ] setting player 1 freeze to 1402
[2022-12-15 14:15:36] [SEVERE ] setting player 3 freeze to 1386
[2022-12-15 14:15:36] [SEVERE ] setting player 1 freeze to 1387
[2022-12-15 14:15:36] [SEVERE ] setting player 2 freeze to 1387
[2022-12-15 14:15:36] [SEVERE ] setting player 3 freeze to 1375
[2022-12-15 14:15:36] [SEVERE ] setting player 1 freeze to 1371
[2022-12-15 14:15:36] [SEVERE ] setting player 2 freeze to 1371
[2022-12-15 14:15:36] [SEVERE ] setting player 1 freeze to 1355
[2022-12-15 14:15:36] [SEVERE ] setting player 2 freeze to 1355
[2022-12-15 14:15:36] [SEVERE ] setting player 3 freeze to 1354
[2022-12-15 14:15:36] [SEVERE ] setting player 1 freeze to 1344
[2022-12-15 14:15:36] [SEVERE ] setting player 3 freeze to 1338
[2022-12-15 14:15:36] [SEVERE ] setting player 2 freeze to 1339
[2022-12-15 14:15:36] [SEVERE ] setting player 2 freeze to 1323
[2022-12-15 14:15:36] [SEVERE ] setting player 3 freeze to 1322
[2022-12-15 14:15:36] [SEVERE ] setting player 1 freeze to 1323
[2022-12-15 14:15:36] [SEVERE ] setting player 2 freeze to 1312
[2022-12-15 14:15:36] [SEVERE ] setting player 3 freeze to 1306
[2022-12-15 14:15:36] [SEVERE ] setting player 1 freeze to 1307
[2022-12-15 14:15:36] [SEVERE ] setting player 2 freeze to 1291
[2022-12-15 14:15:36] [SEVERE ] setting player 3 freeze to 1290
[2022-12-15 14:15:36] [SEVERE ] setting player 1 freeze to 1291
[2022-12-15 14:15:36] [SEVERE ] setting player 2 freeze to 1280
[2022-12-15 14:15:36] [SEVERE ] setting player 1 freeze to 1275
[2022-12-15 14:15:36] [SEVERE ] setting player 3 freeze to 1274
[2022-12-15 14:15:36] [SEVERE ] setting player 1 freeze to 1264
[2022-12-15 14:15:36] [SEVERE ] setting player 2 freeze to 1259
[2022-12-15 14:15:36] [SEVERE ] setting player 3 freeze to 1258
[2022-12-15 14:15:36] [SEVERE ] setting player 2 freeze to 1247
[2022-12-15 14:15:36] [SEVERE ] setting player 3 freeze to 1242
[2022-12-15 14:15:36] [SEVERE ] setting player 1 freeze to 1243
[2022-12-15 14:15:36] [SEVERE ] setting player 3 freeze to 1226
[2022-12-15 14:15:36] [SEVERE ] setting player 2 freeze to 1227
[2022-12-15 14:15:36] [SEVERE ] setting player 1 freeze to 1227
[2022-12-15 14:15:36] [SEVERE ] setting player 3 freeze to 1215
[2022-12-15 14:15:36] [SEVERE ] setting player 1 freeze to 1211
[2022-12-15 14:15:36] [SEVERE ] setting player 2 freeze to 1211
[2022-12-15 14:15:37] [SEVERE ] setting player 1 freeze to 1200
[2022-12-15 14:15:37] [SEVERE ] setting player 3 freeze to 1194
[2022-12-15 14:15:37] [SEVERE ] setting player 2 freeze to 1195
[2022-12-15 14:15:37] [SEVERE ] setting player 1 freeze to 1179
[2022-12-15 14:15:37] [SEVERE ] setting player 3 freeze to 1178
[2022-12-15 14:15:37] [SEVERE ] setting player 2 freeze to 1179
[2022-12-15 14:15:37] [SEVERE ] setting player 1 freeze to 1167
[2022-12-15 14:15:37] [SEVERE ] setting player 2 freeze to 1163
[2022-12-15 14:15:37] [SEVERE ] setting player 3 freeze to 1162
[2022-12-15 14:15:37] [SEVERE ] setting player 2 freeze to 1147
[2022-12-15 14:15:37] [SEVERE ] setting player 1 freeze to 1147
[2022-12-15 14:15:37] [SEVERE ] setting player 3 freeze to 1146
[2022-12-15 14:15:37] [SEVERE ] setting player 2 freeze to 1136
[2022-12-15 14:15:37] [SEVERE ] setting player 3 freeze to 1130
[2022-12-15 14:15:37] [SEVERE ] setting player 1 freeze to 1131
[2022-12-15 14:15:37] [SEVERE ] setting player 3 freeze to 1114
[2022-12-15 14:15:37] [SEVERE ] setting player 2 freeze to 1115
[2022-12-15 14:15:37] [SEVERE ] setting player 1 freeze to 1115
[2022-12-15 14:15:37] [SEVERE ] setting player 3 freeze to 1103
[2022-12-15 14:15:37] [SEVERE ] setting player 2 freeze to 1099
[2022-12-15 14:15:37] [SEVERE ] setting player 1 freeze to 1099
[2022-12-15 14:15:37] [SEVERE ] setting player 1 freeze to 1083
[2022-12-15 14:15:37] [SEVERE ] setting player 3 freeze to 1082
[2022-12-15 14:15:37] [SEVERE ] setting player 2 freeze to 1083
[2022-12-15 14:15:37] [SEVERE ] setting player 1 freeze to 1071
[2022-12-15 14:15:37] [SEVERE ] setting player 2 freeze to 1067
[2022-12-15 14:15:37] [SEVERE ] setting player 3 freeze to 1066
[2022-12-15 14:15:37] [SEVERE ] setting player 3 freeze to 1050
[2022-12-15 14:15:37] [SEVERE ] setting player 2 freeze to 1051
[2022-12-15 14:15:37] [SEVERE ] setting player 1 freeze to 1051
[2022-12-15 14:15:37] [SEVERE ] setting player 3 freeze to 1039
[2022-12-15 14:15:37] [SEVERE ] setting player 2 freeze to 1035
[2022-12-15 14:15:37] [SEVERE ] setting player 1 freeze to 1035
[2022-12-15 14:15:37] [SEVERE ] setting player 1 freeze to 1019
[2022-12-15 14:15:37] [SEVERE ] setting player 2 freeze to 1019
[2022-12-15 14:15:37] [SEVERE ] setting player 3 freeze to 1018
[2022-12-15 14:15:37] [SEVERE ] setting player 1 freeze to 1009
[2022-12-15 14:15:37] [SEVERE ] setting player 3 freeze to 1002
[2022-12-15 14:15:37] [SEVERE ] setting player 2 freeze to 1003
[2022-12-15 14:15:37] [SEVERE ] setting player 3 freeze to 987
[2022-12-15 14:15:37] [SEVERE ] setting player 2 freeze to 988
[2022-12-15 14:15:37] [SEVERE ] setting player 1 freeze to 988
[2022-12-15 14:15:37] [SEVERE ] setting player 3 freeze to 976
[2022-12-15 14:15:37] [SEVERE ] setting player 1 freeze to 973
[2022-12-15 14:15:37] [SEVERE ] setting player 2 freeze to 973
[2022-12-15 14:15:37] [SEVERE ] setting player 1 freeze to 957
[2022-12-15 14:15:37] [SEVERE ] setting player 3 freeze to 956
[2022-12-15 14:15:37] [SEVERE ] setting player 2 freeze to 957
[2022-12-15 14:15:37] [SEVERE ] setting player 1 freeze to 946
[2022-12-15 14:15:37] [SEVERE ] setting player 3 freeze to 940
[2022-12-15 14:15:37] [SEVERE ] setting player 2 freeze to 941
[2022-12-15 14:15:37] [SEVERE ] setting player 1 freeze to 925
[2022-12-15 14:15:37] [SEVERE ] setting player 3 freeze to 924
[2022-12-15 14:15:37] [SEVERE ] setting player 2 freeze to 925
[2022-12-15 14:15:37] [SEVERE ] setting player 1 freeze to 914
[2022-12-15 14:15:37] [SEVERE ] setting player 2 freeze to 909
[2022-12-15 14:15:37] [SEVERE ] setting player 3 freeze to 908
[2022-12-15 14:15:37] [SEVERE ] setting player 3 freeze to 892
[2022-12-15 14:15:37] [SEVERE ] setting player 2 freeze to 893
[2022-12-15 14:15:37] [SEVERE ] setting player 1 freeze to 893
[2022-12-15 14:15:37] [SEVERE ] setting player 3 freeze to 881
[2022-12-15 14:15:37] [SEVERE ] setting player 2 freeze to 877
[2022-12-15 14:15:37] [SEVERE ] setting player 1 freeze to 877
[2022-12-15 14:15:37] [SEVERE ] setting player 2 freeze to 866
[2022-12-15 14:15:37] [SEVERE ] setting player 1 freeze to 861
[2022-12-15 14:15:37] [SEVERE ] setting player 3 freeze to 860
[2022-12-15 14:15:37] [SEVERE ] setting player 3 freeze to 844
[2022-12-15 14:15:37] [SEVERE ] setting player 1 freeze to 845
[2022-12-15 14:15:37] [SEVERE ] setting player 2 freeze to 845
[2022-12-15 14:15:37] [SEVERE ] setting player 3 freeze to 833
[2022-12-15 14:15:37] [SEVERE ] setting player 1 freeze to 829
[2022-12-15 14:15:37] [SEVERE ] setting player 2 freeze to 829
[2022-12-15 14:15:37] [SEVERE ] setting player 1 freeze to 813
[2022-12-15 14:15:37] [SEVERE ] setting player 3 freeze to 812
[2022-12-15 14:15:37] [SEVERE ] setting player 2 freeze to 813
[2022-12-15 14:15:37] [SEVERE ] setting player 1 freeze to 802
[2022-12-15 14:15:37] [SEVERE ] setting player 3 freeze to 796
[2022-12-15 14:15:37] [SEVERE ] setting player 2 freeze to 797
[2022-12-15 14:15:37] [SEVERE ] setting player 3 freeze to 780
[2022-12-15 14:15:37] [SEVERE ] setting player 1 freeze to 781
[2022-12-15 14:15:37] [SEVERE ] setting player 2 freeze to 781
[2022-12-15 14:15:37] [SEVERE ] setting player 3 freeze to 769
[2022-12-15 14:15:37] [SEVERE ] setting player 1 freeze to 765
[2022-12-15 14:15:37] [SEVERE ] setting player 2 freeze to 765
[2022-12-15 14:15:37] [SEVERE ] setting player 1 freeze to 749
[2022-12-15 14:15:37] [SEVERE ] setting player 3 freeze to 748
[2022-12-15 14:15:37] [SEVERE ] setting player 2 freeze to 749
[2022-12-15 14:15:37] [SEVERE ] setting player 1 freeze to 738
[2022-12-15 14:15:37] [SEVERE ] setting player 3 freeze to 732
[2022-12-15 14:15:37] [SEVERE ] setting player 2 freeze to 733
[2022-12-15 14:15:37] [SEVERE ] setting player 1 freeze to 717
[2022-12-15 14:15:37] [SEVERE ] setting player 3 freeze to 716
[2022-12-15 14:15:37] [SEVERE ] setting player 2 freeze to 717
[2022-12-15 14:15:37] [SEVERE ] setting player 1 freeze to 706
[2022-12-15 14:15:37] [SEVERE ] setting player 2 freeze to 701
[2022-12-15 14:15:37] [SEVERE ] setting player 3 freeze to 700
[2022-12-15 14:15:37] [SEVERE ] setting player 2 freeze to 690
[2022-12-15 14:15:37] [SEVERE ] setting player 1 freeze to 685
[2022-12-15 14:15:37] [SEVERE ] setting player 3 freeze to 684
[2022-12-15 14:15:37] [SEVERE ] setting player 1 freeze to 669
[2022-12-15 14:15:37] [SEVERE ] setting player 3 freeze to 668
[2022-12-15 14:15:37] [SEVERE ] setting player 2 freeze to 669
[2022-12-15 14:15:37] [SEVERE ] setting player 1 freeze to 658
[2022-12-15 14:15:37] [SEVERE ] setting player 3 freeze to 652
[2022-12-15 14:15:37] [SEVERE ] setting player 2 freeze to 653
[2022-12-15 14:15:37] [SEVERE ] setting player 2 freeze to 638
[2022-12-15 14:15:37] [SEVERE ] setting player 3 freeze to 637
[2022-12-15 14:15:37] [SEVERE ] setting player 1 freeze to 638
[2022-12-15 14:15:37] [SEVERE ] setting player 2 freeze to 627
[2022-12-15 14:15:37] [SEVERE ] setting player 1 freeze to 622
[2022-12-15 14:15:37] [SEVERE ] setting player 3 freeze to 621
[2022-12-15 14:15:37] [SEVERE ] setting player 1 freeze to 606
[2022-12-15 14:15:37] [SEVERE ] setting player 3 freeze to 605
[2022-12-15 14:15:37] [SEVERE ] setting player 2 freeze to 606
[2022-12-15 14:15:37] [SEVERE ] setting player 1 freeze to 595
[2022-12-15 14:15:37] [SEVERE ] setting player 2 freeze to 590
[2022-12-15 14:15:37] [SEVERE ] setting player 3 freeze to 589
[2022-12-15 14:15:37] [SEVERE ] setting player 3 freeze to 573
[2022-12-15 14:15:37] [SEVERE ] setting player 1 freeze to 574
[2022-12-15 14:15:37] [SEVERE ] setting player 2 freeze to 574
[2022-12-15 14:15:37] [SEVERE ] setting player 3 freeze to 562
[2022-12-15 14:15:37] [SEVERE ] setting player 2 freeze to 558
[2022-12-15 14:15:37] [SEVERE ] setting player 1 freeze to 558
[2022-12-15 14:15:37] [SEVERE ] setting player 3 freeze to 541
[2022-12-15 14:15:37] [SEVERE ] setting player 2 freeze to 542
[2022-12-15 14:15:37] [SEVERE ] setting player 1 freeze to 542
[2022-12-15 14:15:37] [SEVERE ] setting player 3 freeze to 530
[2022-12-15 14:15:37] [SEVERE ] setting player 1 freeze to 526
[2022-12-15 14:15:37] [SEVERE ] setting player 2 freeze to 526
[2022-12-15 14:15:37] [SEVERE ] setting player 1 freeze to 510
[2022-12-15 14:15:37] [SEVERE ] setting player 2 freeze to 510
[2022-12-15 14:15:37] [SEVERE ] setting player 3 freeze to 509
[2022-12-15 14:15:37] [SEVERE ] setting player 1 freeze to 498
[2022-12-15 14:15:37] [SEVERE ] setting player 3 freeze to 493
[2022-12-15 14:15:37] [SEVERE ] setting player 2 freeze to 494
[2022-12-15 14:15:37] [SEVERE ] setting player 3 freeze to 477
[2022-12-15 14:15:37] [SEVERE ] setting player 1 freeze to 478
[2022-12-15 14:15:37] [SEVERE ] setting player 2 freeze to 478
[2022-12-15 14:15:37] [SEVERE ] setting player 3 freeze to 466
[2022-12-15 14:15:37] [SEVERE ] setting player 2 freeze to 462
[2022-12-15 14:15:37] [SEVERE ] setting player 1 freeze to 462
[2022-12-15 14:15:37] [SEVERE ] setting player 2 freeze to 446
[2022-12-15 14:15:37] [SEVERE ] setting player 3 freeze to 445
[2022-12-15 14:15:37] [SEVERE ] setting player 1 freeze to 446
[2022-12-15 14:15:37] [SEVERE ] setting player 2 freeze to 435
[2022-12-15 14:15:37] [SEVERE ] setting player 3 freeze to 429
[2022-12-15 14:15:37] [SEVERE ] setting player 1 freeze to 430
[2022-12-15 14:15:37] [SEVERE ] setting player 3 freeze to 413
[2022-12-15 14:15:37] [SEVERE ] setting player 2 freeze to 414
[2022-12-15 14:15:37] [SEVERE ] setting player 1 freeze to 414
[2022-12-15 14:15:37] [SEVERE ] setting player 3 freeze to 402
[2022-12-15 14:15:37] [SEVERE ] setting player 2 freeze to 399
[2022-12-15 14:15:37] [SEVERE ] setting player 1 freeze to 399
[2022-12-15 14:15:37] [SEVERE ] setting player 2 freeze to 383
[2022-12-15 14:15:37] [SEVERE ] setting player 3 freeze to 382
[2022-12-15 14:15:37] [SEVERE ] setting player 1 freeze to 383
[2022-12-15 14:15:37] [SEVERE ] setting player 2 freeze to 372
[2022-12-15 14:15:37] [SEVERE ] setting player 1 freeze to 367
[2022-12-15 14:15:37] [SEVERE ] setting player 3 freeze to 366
[2022-12-15 14:15:37] [SEVERE ] setting player 1 freeze to 351
[2022-12-15 14:15:37] [SEVERE ] setting player 2 freeze to 351
[2022-12-15 14:15:37] [SEVERE ] setting player 3 freeze to 350
[2022-12-15 14:15:37] [SEVERE ] setting player 1 freeze to 339
[2022-12-15 14:15:37] [SEVERE ] setting player 2 freeze to 335
[2022-12-15 14:15:37] [SEVERE ] setting player 3 freeze to 334
[2022-12-15 14:15:37] [SEVERE ] setting player 1 freeze to 319
[2022-12-15 14:15:37] [SEVERE ] setting player 2 freeze to 319
[2022-12-15 14:15:37] [SEVERE ] setting player 3 freeze to 318
[2022-12-15 14:15:37] [SEVERE ] setting player 1 freeze to 308
[2022-12-15 14:15:37] [SEVERE ] setting player 2 freeze to 303
[2022-12-15 14:15:37] [SEVERE ] setting player 3 freeze to 302
[2022-12-15 14:15:37] [SEVERE ] setting player 3 freeze to 287
[2022-12-15 14:15:37] [SEVERE ] setting player 2 freeze to 288
[2022-12-15 14:15:37] [SEVERE ] setting player 1 freeze to 288
[2022-12-15 14:15:37] [SEVERE ] setting player 3 freeze to 276
[2022-12-15 14:15:37] [SEVERE ] setting player 2 freeze to 272
[2022-12-15 14:15:37] [SEVERE ] setting player 1 freeze to 272
[2022-12-15 14:15:37] [SEVERE ] setting player 2 freeze to 262
[2022-12-15 14:15:37] [SEVERE ] setting player 3 freeze to 256
[2022-12-15 14:15:37] [SEVERE ] setting player 1 freeze to 257
[2022-12-15 14:15:37] [SEVERE ] setting player 3 freeze to 241
[2022-12-15 14:15:37] [SEVERE ] setting player 1 freeze to 242
[2022-12-15 14:15:37] [SEVERE ] setting player 2 freeze to 242
[2022-12-15 14:15:37] [SEVERE ] setting player 3 freeze to 230
[2022-12-15 14:15:37] [SEVERE ] setting player 1 freeze to 226
[2022-12-15 14:15:37] [SEVERE ] setting player 2 freeze to 226
[2022-12-15 14:15:37] [SEVERE ] setting player 1 freeze to 210
[2022-12-15 14:15:37] [SEVERE ] setting player 3 freeze to 209
[2022-12-15 14:15:37] [SEVERE ] setting player 2 freeze to 210
[2022-12-15 14:15:38] [SEVERE ] setting player 1 freeze to 199
[2022-12-15 14:15:38] [SEVERE ] setting player 2 freeze to 194
[2022-12-15 14:15:38] [SEVERE ] setting player 3 freeze to 193
[2022-12-15 14:15:38] [SEVERE ] setting player 3 freeze to 177
[2022-12-15 14:15:38] [SEVERE ] setting player 1 freeze to 178
[2022-12-15 14:15:38] [SEVERE ] setting player 2 freeze to 178
[2022-12-15 14:15:38] [SEVERE ] setting player 3 freeze to 166
[2022-12-15 14:15:38] [SEVERE ] setting player 2 freeze to 162
[2022-12-15 14:15:38] [SEVERE ] setting player 1 freeze to 162
[2022-12-15 14:15:38] [SEVERE ] setting player 1 freeze to 146
[2022-12-15 14:15:38] [SEVERE ] setting player 3 freeze to 145
[2022-12-15 14:15:38] [SEVERE ] setting player 2 freeze to 146
[2022-12-15 14:15:38] [SEVERE ] setting player 1 freeze to 135
[2022-12-15 14:15:38] [SEVERE ] setting player 3 freeze to 130
[2022-12-15 14:15:38] [SEVERE ] setting player 2 freeze to 131
[2022-12-15 14:15:38] [SEVERE ] setting player 1 freeze to 115
[2022-12-15 14:15:38] [SEVERE ] setting player 3 freeze to 114
[2022-12-15 14:15:38] [SEVERE ] setting player 2 freeze to 115
[2022-12-15 14:15:38] [SEVERE ] setting player 1 freeze to 104
[2022-12-15 14:15:38] [SEVERE ] setting player 2 freeze to 99
[2022-12-15 14:15:38] [SEVERE ] setting player 3 freeze to 98
[2022-12-15 14:15:38] [SEVERE ] setting player 3 freeze to 82
[2022-12-15 14:15:38] [SEVERE ] setting player 2 freeze to 83
[2022-12-15 14:15:38] [SEVERE ] setting player 1 freeze to 83
[2022-12-15 14:15:38] [SEVERE ] setting player 3 freeze to 71
[2022-12-15 14:15:38] [SEVERE ] setting player 1 freeze to 67
[2022-12-15 14:15:38] [SEVERE ] setting player 2 freeze to 67
[2022-12-15 14:15:38] [SEVERE ] setting player 1 freeze to 56
[2022-12-15 14:15:38] [SEVERE ] setting player 2 freeze to 51
[2022-12-15 14:15:38] [SEVERE ] setting player 3 freeze to 50
[2022-12-15 14:15:38] [SEVERE ] setting player 1 freeze to 35
[2022-12-15 14:15:38] [SEVERE ] setting player 3 freeze to 34
[2022-12-15 14:15:38] [SEVERE ] setting player 2 freeze to 35
[2022-12-15 14:15:38] [SEVERE ] setting player 1 freeze to 24
[2022-12-15 14:15:38] [SEVERE ] setting player 2 freeze to 19
[2022-12-15 14:15:38] [SEVERE ] setting player 3 freeze to 18
[2022-12-15 14:15:38] [SEVERE ] setting player 3 freeze to 2
[2022-12-15 14:15:38] [SEVERE ] setting player 1 freeze to 3
[2022-12-15 14:15:38] [SEVERE ] setting player 2 freeze to 3
[2022-12-15 14:15:38] [SEVERE ] setting player 3 freeze to 0
[2022-12-15 14:15:38] [SEVERE ] setting player 2 freeze to 0
[2022-12-15 14:15:38] [SEVERE ] player 3 placing token on slot 11
[2022-12-15 14:15:38] [SEVERE ] setting player 1 freeze to 0
[2022-12-15 14:15:38] [SEVERE ] player 2 placing token on slot 0
[2022-12-15 14:15:38] [SEVERE ] player 1 placing token on slot 1
[2022-12-15 14:15:38] [SEVERE ] Exit button pressed
[2022-12-15 14:15:38] [SEVERE ] announcing winners: [0, 1, 2, 3]
[2022-12-15 14:15:38] [INFO   ] Thread dealer terminated.
[2022-12-15 14:15:38] [INFO   ] Thread main terminated.
