[2022-12-12 18:42:08] [INFO   ] cannot read configuration file config.properties trying from resources.
[2022-12-12 18:42:08] [INFO   ] configuration file was loaded from resources directory.
[2022-12-12 18:42:09] [INFO   ] Thread dealer starting.
[2022-12-12 18:42:09] [INFO   ] Thread Player 0starting.
[2022-12-12 18:42:09] [INFO   ] Thread Player 1starting.
[2022-12-12 18:42:09] [SEVERE ] placing card 47 in slot 0
[2022-12-12 18:42:09] [SEVERE ] placing card 67 in slot 1
[2022-12-12 18:42:09] [SEVERE ] placing card 4 in slot 2
[2022-12-12 18:42:09] [SEVERE ] placing card 44 in slot 3
[2022-12-12 18:42:10] [SEVERE ] placing card 13 in slot 4
[2022-12-12 18:42:10] [SEVERE ] placing card 76 in slot 5
[2022-12-12 18:42:10] [SEVERE ] placing card 8 in slot 6
[2022-12-12 18:42:10] [SEVERE ] placing card 15 in slot 7
[2022-12-12 18:42:10] [SEVERE ] placing card 30 in slot 8
[2022-12-12 18:42:10] [SEVERE ] placing card 11 in slot 9
[2022-12-12 18:42:10] [SEVERE ] placing card 18 in slot 10
[2022-12-12 18:42:10] [SEVERE ] placing card 72 in slot 11
[2022-12-12 18:42:12] [SEVERE ] Key 81 was pressed by player 0
[2022-12-12 18:42:12] [SEVERE ] player 0 placing token on slot 0
[2022-12-12 18:42:12] [SEVERE ] Key 87 was pressed by player 0
[2022-12-12 18:42:12] [SEVERE ] player 0 placing token on slot 1
[2022-12-12 18:42:12] [SEVERE ] Key 69 was pressed by player 0
[2022-12-12 18:42:12] [SEVERE ] player 0 placing token on slot 2
[2022-12-12 18:42:12] [SEVERE ] setting player 0 freeze to 1000
[2022-12-12 18:42:12] [SEVERE ] removing player 0 token from slot 0
[2022-12-12 18:42:12] [SEVERE ] removing player 0 token from slot 1
[2022-12-12 18:42:12] [SEVERE ] removing player 0 token from slot 2
[2022-12-12 18:42:16] [SEVERE ] Key 81 was pressed by player 0
[2022-12-12 18:42:16] [SEVERE ] Key 87 was pressed by player 0
[2022-12-12 18:42:16] [SEVERE ] Key 69 was pressed by player 0
[2022-12-12 18:42:17] [SEVERE ] Key 81 was pressed by player 0
[2022-12-12 18:42:17] [SEVERE ] Key 87 was pressed by player 0
[2022-12-12 18:42:17] [SEVERE ] Key 69 was pressed by player 0
[2022-12-12 18:42:17] [SEVERE ] Key 81 was pressed by player 0
[2022-12-12 18:42:17] [SEVERE ] Key 87 was pressed by player 0
[2022-12-12 18:42:17] [SEVERE ] Key 69 was pressed by player 0
[2022-12-12 18:42:25] [SEVERE ] removing card from slot 0
[2022-12-12 18:42:25] [SEVERE ] removing card from slot 1
[2022-12-12 18:42:26] [SEVERE ] removing card from slot 2
[2022-12-12 18:42:26] [SEVERE ] removing card from slot 3
[2022-12-12 18:42:26] [SEVERE ] removing card from slot 4
[2022-12-12 18:42:26] [SEVERE ] removing card from slot 5
[2022-12-12 18:42:26] [SEVERE ] removing card from slot 6
[2022-12-12 18:42:26] [SEVERE ] removing card from slot 7
[2022-12-12 18:42:26] [SEVERE ] removing card from slot 8
[2022-12-12 18:42:26] [SEVERE ] removing card from slot 9
[2022-12-12 18:42:26] [SEVERE ] removing card from slot 10
[2022-12-12 18:42:27] [SEVERE ] removing card from slot 11
[2022-12-12 18:42:27] [SEVERE ] placing card 48 in slot 0
[2022-12-12 18:42:27] [SEVERE ] placing card 40 in slot 1
[2022-12-12 18:42:27] [SEVERE ] placing card 75 in slot 2
[2022-12-12 18:42:27] [SEVERE ] placing card 66 in slot 3
[2022-12-12 18:42:27] [SEVERE ] placing card 78 in slot 4
[2022-12-12 18:42:27] [SEVERE ] placing card 53 in slot 5
[2022-12-12 18:42:27] [SEVERE ] placing card 45 in slot 6
[2022-12-12 18:42:27] [SEVERE ] placing card 18 in slot 7
[2022-12-12 18:42:27] [SEVERE ] placing card 28 in slot 8
[2022-12-12 18:42:28] [SEVERE ] placing card 0 in slot 9
[2022-12-12 18:42:28] [SEVERE ] placing card 23 in slot 10
[2022-12-12 18:42:28] [SEVERE ] placing card 62 in slot 11
