[17:24:09.925] [INFO   ] thread main starting.
[17:24:09.936] [SEVERE ] cannot read configuration file config.properties trying from resources.
[17:24:09.939] [SEVERE ] configuration file was loaded from resources directory.
[17:24:10.674] [INFO   ] thread dealer starting.
[17:24:10.676] [INFO   ] Thread dealer starting.
[17:24:10.686] [INFO   ] Thread Player 0 starting.
[17:24:10.696] [INFO   ] Thread Player 1 starting.
[17:24:10.697] [INFO   ] Thread Player 2 starting.
[17:24:10.698] [INFO   ] Thread Player 3 starting.
[17:24:10.728] [INFO   ] Thread computer-1 starting.
[17:24:10.729] [INFO   ] Thread computer-2 starting.
[17:24:10.729] [INFO   ] Thread computer-3 starting.
[17:24:10.823] [SEVERE ] placing card 22 in slot 10
[17:24:10.931] [SEVERE ] placing card 65 in slot 0
[17:24:11.041] [SEVERE ] placing card 36 in slot 8
[17:24:11.150] [SEVERE ] placing card 69 in slot 4
[17:24:11.258] [SEVERE ] placing card 12 in slot 7
[17:24:11.366] [SEVERE ] placing card 54 in slot 9
[17:24:11.476] [SEVERE ] placing card 6 in slot 11
[17:24:11.585] [SEVERE ] placing card 30 in slot 1
[17:24:11.715] [SEVERE ] placing card 77 in slot 3
[17:24:11.819] [SEVERE ] placing card 79 in slot 5
[17:24:11.928] [SEVERE ] placing card 68 in slot 6
[17:24:12.039] [SEVERE ] placing card 37 in slot 2
[17:24:12.040] [INFO   ] thread dealer terminated.
[17:24:17.052] [SEVERE ] disposing of user interface elements
[17:24:17.117] [SEVERE ] thanks for playing... it was fun!
[17:24:17.120] [INFO   ] thread main terminated.
