[2022-12-12 18:20:46] [INFO   ] cannot read configuration file config.properties trying from resources.
[2022-12-12 18:20:46] [INFO   ] configuration file was loaded from resources directory.
[2022-12-12 18:20:47] [INFO   ] Thread dealer starting.
[2022-12-12 18:20:47] [INFO   ] Thread Player 1starting.
[2022-12-12 18:20:47] [INFO   ] Thread Player 0starting.
[2022-12-12 18:20:47] [SEVERE ] placing card 67 in slot 0
[2022-12-12 18:20:47] [SEVERE ] placing card 69 in slot 1
[2022-12-12 18:20:47] [SEVERE ] placing card 19 in slot 2
[2022-12-12 18:20:47] [SEVERE ] placing card 52 in slot 3
[2022-12-12 18:20:47] [SEVERE ] placing card 73 in slot 4
[2022-12-12 18:20:47] [SEVERE ] placing card 45 in slot 5
[2022-12-12 18:20:47] [SEVERE ] placing card 40 in slot 6
[2022-12-12 18:20:48] [SEVERE ] placing card 24 in slot 7
[2022-12-12 18:20:48] [SEVERE ] placing card 61 in slot 8
[2022-12-12 18:20:48] [SEVERE ] placing card 57 in slot 9
[2022-12-12 18:20:48] [SEVERE ] placing card 64 in slot 10
[2022-12-12 18:20:48] [SEVERE ] placing card 29 in slot 11
[2022-12-12 18:20:49] [SEVERE ] Key 81 was pressed by player 0
[2022-12-12 18:20:49] [SEVERE ] player 0 placing token on slot 0
[2022-12-12 18:20:49] [SEVERE ] Key 87 was pressed by player 0
[2022-12-12 18:20:49] [SEVERE ] player 0 placing token on slot 1
[2022-12-12 18:20:49] [SEVERE ] Key 69 was pressed by player 0
[2022-12-12 18:20:49] [SEVERE ] player 0 placing token on slot 2
[2022-12-12 18:20:49] [SEVERE ] setting player 0 freeze to 1000
[2022-12-12 18:20:49] [SEVERE ] removing player 0 token from slot 0
[2022-12-12 18:20:49] [SEVERE ] removing player 0 token from slot 1
[2022-12-12 18:20:49] [SEVERE ] removing player 0 token from slot 2
[2022-12-12 18:21:03] [SEVERE ] removing card from slot 0
[2022-12-12 18:21:03] [SEVERE ] removing card from slot 1
[2022-12-12 18:21:03] [SEVERE ] removing card from slot 2
[2022-12-12 18:21:03] [SEVERE ] removing card from slot 3
[2022-12-12 18:21:03] [SEVERE ] removing card from slot 4
[2022-12-12 18:21:04] [SEVERE ] removing card from slot 5
[2022-12-12 18:21:04] [SEVERE ] removing card from slot 6
[2022-12-12 18:21:04] [SEVERE ] removing card from slot 7
[2022-12-12 18:21:04] [SEVERE ] removing card from slot 8
[2022-12-12 18:21:04] [SEVERE ] removing card from slot 9
[2022-12-12 18:21:04] [SEVERE ] removing card from slot 10
[2022-12-12 18:21:04] [SEVERE ] removing card from slot 11
[2022-12-12 18:21:04] [SEVERE ] placing card 51 in slot 0
[2022-12-12 18:21:04] [SEVERE ] placing card 68 in slot 1
[2022-12-12 18:21:05] [SEVERE ] placing card 17 in slot 2
[2022-12-12 18:21:05] [SEVERE ] placing card 2 in slot 3
[2022-12-12 18:21:05] [SEVERE ] placing card 12 in slot 4
[2022-12-12 18:21:05] [SEVERE ] placing card 50 in slot 5
[2022-12-12 18:21:05] [SEVERE ] placing card 74 in slot 6
[2022-12-12 18:21:05] [SEVERE ] placing card 16 in slot 7
[2022-12-12 18:21:05] [SEVERE ] placing card 9 in slot 8
[2022-12-12 18:21:05] [SEVERE ] placing card 76 in slot 9
[2022-12-12 18:21:05] [SEVERE ] placing card 37 in slot 10
[2022-12-12 18:21:05] [SEVERE ] placing card 28 in slot 11
