[18:07:20.209] [INFO   ] thread main starting.
[18:07:20.221] [SEVERE ] cannot read configuration file config.properties trying from resources.
[18:07:20.226] [SEVERE ] configuration file was loaded from resources directory.
[18:07:20.988] [INFO   ] thread dealer starting.
[18:07:20.989] [INFO   ] Thread dealer starting.
[18:07:20.989] [INFO   ] Thread Player 0 starting.
[18:07:20.989] [INFO   ] Thread Player 1 starting.
[18:07:20.995] [INFO   ] Thread Player 2 starting.
[18:07:20.996] [INFO   ] Thread Player 3 starting.
[18:07:20.996] [INFO   ] Thread computer-1 starting.
[18:07:20.997] [INFO   ] Thread computer-2 starting.
[18:07:20.997] [INFO   ] Thread computer-3 starting.
[18:07:21.116] [SEVERE ] placing card 40 in slot 3
[18:07:21.217] [SEVERE ] placing card 76 in slot 11
[18:07:21.318] [SEVERE ] placing card 68 in slot 1
[18:07:21.429] [SEVERE ] placing card 56 in slot 0
[18:07:21.540] [SEVERE ] placing card 4 in slot 9
[18:07:21.646] [SEVERE ] placing card 13 in slot 5
[18:07:21.756] [SEVERE ] placing card 7 in slot 10
[18:07:21.866] [SEVERE ] placing card 67 in slot 6
[18:07:21.976] [SEVERE ] placing card 73 in slot 7
[18:07:22.086] [SEVERE ] placing card 71 in slot 4
[18:07:22.200] [SEVERE ] placing card 38 in slot 2
[18:07:22.305] [SEVERE ] placing card 23 in slot 8
[18:07:22.308] [SEVERE ] player 4 placing token on slot 7
[18:07:22.311] [SEVERE ] player 3 placing token on slot 7
[18:07:22.312] [SEVERE ] player 2 placing token on slot 6
[18:07:22.412] [SEVERE ] updating countdown to 29988
[18:07:22.483] [SEVERE ] updating countdown to 29917
[18:07:22.495] [SEVERE ] updating countdown to 29905
[18:07:22.506] [SEVERE ] updating countdown to 29894
[18:07:22.517] [SEVERE ] updating countdown to 29883
[18:07:22.530] [SEVERE ] updating countdown to 29870
[18:07:22.541] [SEVERE ] updating countdown to 29859
[18:07:22.552] [SEVERE ] updating countdown to 29848
[18:07:22.563] [SEVERE ] updating countdown to 29837
[18:07:22.576] [SEVERE ] updating countdown to 29824
[18:07:22.589] [SEVERE ] updating countdown to 29811
[18:07:22.595] [SEVERE ] player 4 placing token on slot 0
[18:07:22.595] [SEVERE ] player 3 placing token on slot 1
[18:07:22.595] [SEVERE ] player 2 placing token on slot 8
[18:07:22.611] [SEVERE ] updating countdown to 29789
[18:07:22.623] [SEVERE ] updating countdown to 29777
[18:07:22.634] [SEVERE ] updating countdown to 29766
[18:07:22.684] [SEVERE ] updating countdown to 29716
[18:07:22.720] [SEVERE ] updating countdown to 29680
[18:07:22.762] [SEVERE ] updating countdown to 29638
[18:07:22.808] [SEVERE ] updating countdown to 29592
[18:07:22.883] [SEVERE ] updating countdown to 29517
[18:07:22.905] [SEVERE ] updating countdown to 29495
[18:07:22.919] [SEVERE ] updating countdown to 29481
[18:07:22.931] [SEVERE ] updating countdown to 29469
[18:07:22.942] [SEVERE ] updating countdown to 29458
[18:07:22.944] [SEVERE ] player 2 placing token on slot 9
[18:07:22.975] [SEVERE ] setting player 2 freeze to 2996
[18:07:22.977] [SEVERE ] updating countdown to 29423
[18:07:22.983] [SEVERE ] player 3 placing token on slot 10
[18:07:22.986] [SEVERE ] setting player 2 freeze to 2985
[18:07:22.991] [SEVERE ] updating countdown to 29409
[18:07:22.993] [SEVERE ] setting player 3 freeze to 2996
[18:07:22.994] [SEVERE ] player 4 placing token on slot 6
[18:07:22.997] [SEVERE ] setting player 2 freeze to 2974
[18:07:23.003] [SEVERE ] setting player 4 freeze to 2999
[18:07:23.004] [SEVERE ] updating countdown to 29396
[18:07:23.009] [SEVERE ] setting player 2 freeze to 2962
[18:07:23.015] [SEVERE ] setting player 3 freeze to 2974
[18:07:23.017] [SEVERE ] updating countdown to 29383
[18:07:23.022] [SEVERE ] setting player 2 freeze to 2949
[18:07:23.023] [SEVERE ] setting player 4 freeze to 2979
[18:07:23.025] [SEVERE ] setting player 3 freeze to 2964
[18:07:23.029] [SEVERE ] updating countdown to 29371
[18:07:23.034] [SEVERE ] setting player 4 freeze to 2968
[18:07:23.035] [SEVERE ] setting player 2 freeze to 2936
[18:07:23.036] [SEVERE ] setting player 3 freeze to 2953
[18:07:23.041] [SEVERE ] updating countdown to 29359
[18:07:23.047] [SEVERE ] setting player 4 freeze to 2955
[18:07:23.047] [SEVERE ] setting player 2 freeze to 2924
[18:07:23.048] [SEVERE ] setting player 3 freeze to 2941
[18:07:23.052] [SEVERE ] updating countdown to 29348
[18:07:23.058] [SEVERE ] setting player 4 freeze to 2944
[18:07:23.058] [SEVERE ] setting player 2 freeze to 2913
[18:07:23.059] [SEVERE ] setting player 3 freeze to 2930
[18:07:23.063] [SEVERE ] updating countdown to 29337
[18:07:23.069] [SEVERE ] setting player 2 freeze to 2902
[18:07:23.069] [SEVERE ] setting player 4 freeze to 2933
[18:07:23.070] [SEVERE ] setting player 3 freeze to 2919
[18:07:23.074] [SEVERE ] updating countdown to 29326
[18:07:23.080] [SEVERE ] setting player 2 freeze to 2891
[18:07:23.080] [SEVERE ] setting player 4 freeze to 2922
[18:07:23.081] [SEVERE ] setting player 3 freeze to 2908
[18:07:23.085] [SEVERE ] updating countdown to 29315
[18:07:23.091] [SEVERE ] setting player 4 freeze to 2911
[18:07:23.091] [SEVERE ] setting player 2 freeze to 2880
[18:07:23.092] [SEVERE ] setting player 3 freeze to 2897
[18:07:23.097] [SEVERE ] updating countdown to 29303
[18:07:23.103] [SEVERE ] setting player 3 freeze to 2886
[18:07:23.103] [SEVERE ] setting player 2 freeze to 2868
[18:07:23.103] [SEVERE ] setting player 4 freeze to 2899
[18:07:23.108] [SEVERE ] updating countdown to 29292
[18:07:23.114] [SEVERE ] setting player 3 freeze to 2875
[18:07:23.114] [SEVERE ] setting player 2 freeze to 2857
[18:07:23.114] [SEVERE ] setting player 4 freeze to 2888
[18:07:23.119] [SEVERE ] updating countdown to 29281
[18:07:23.126] [SEVERE ] setting player 3 freeze to 2863
[18:07:23.126] [SEVERE ] setting player 2 freeze to 2845
[18:07:23.126] [SEVERE ] setting player 4 freeze to 2876
[18:07:23.130] [SEVERE ] updating countdown to 29270
[18:07:23.137] [SEVERE ] setting player 2 freeze to 2834
[18:07:23.137] [SEVERE ] setting player 3 freeze to 2852
[18:07:23.137] [SEVERE ] setting player 4 freeze to 2865
[18:07:23.141] [SEVERE ] updating countdown to 29259
[18:07:23.148] [SEVERE ] setting player 3 freeze to 2841
[18:07:23.148] [SEVERE ] setting player 4 freeze to 2854
[18:07:23.148] [SEVERE ] setting player 2 freeze to 2823
[18:07:23.153] [SEVERE ] updating countdown to 29247
[18:07:23.159] [SEVERE ] setting player 3 freeze to 2830
[18:07:23.159] [SEVERE ] setting player 2 freeze to 2812
[18:07:23.159] [SEVERE ] setting player 4 freeze to 2843
[18:07:23.164] [SEVERE ] updating countdown to 29236
[18:07:23.170] [SEVERE ] setting player 3 freeze to 2819
[18:07:23.170] [SEVERE ] setting player 2 freeze to 2801
[18:07:23.170] [SEVERE ] setting player 4 freeze to 2832
[18:07:23.176] [SEVERE ] updating countdown to 29224
[18:07:23.181] [SEVERE ] setting player 2 freeze to 2790
[18:07:23.181] [SEVERE ] setting player 4 freeze to 2821
[18:07:23.181] [SEVERE ] setting player 3 freeze to 2808
[18:07:23.188] [SEVERE ] updating countdown to 29212
[18:07:23.192] [SEVERE ] setting player 3 freeze to 2797
[18:07:23.192] [SEVERE ] setting player 2 freeze to 2779
[18:07:23.192] [SEVERE ] setting player 4 freeze to 2810
[18:07:23.200] [SEVERE ] updating countdown to 29200
[18:07:23.203] [SEVERE ] setting player 3 freeze to 2786
[18:07:23.204] [SEVERE ] setting player 4 freeze to 2798
[18:07:23.204] [SEVERE ] setting player 2 freeze to 2767
[18:07:23.211] [SEVERE ] updating countdown to 29189
[18:07:23.214] [SEVERE ] setting player 3 freeze to 2775
[18:07:23.215] [SEVERE ] setting player 2 freeze to 2756
[18:07:23.215] [SEVERE ] setting player 4 freeze to 2787
[18:07:23.222] [SEVERE ] updating countdown to 29178
[18:07:23.225] [SEVERE ] setting player 3 freeze to 2764
[18:07:23.226] [SEVERE ] setting player 4 freeze to 2776
[18:07:23.226] [SEVERE ] setting player 2 freeze to 2745
[18:07:23.233] [SEVERE ] updating countdown to 29167
[18:07:23.236] [SEVERE ] setting player 3 freeze to 2753
[18:07:23.237] [SEVERE ] setting player 4 freeze to 2765
[18:07:23.237] [SEVERE ] setting player 2 freeze to 2734
[18:07:23.248] [SEVERE ] setting player 3 freeze to 2741
[18:07:23.248] [SEVERE ] setting player 4 freeze to 2754
[18:07:23.248] [SEVERE ] setting player 2 freeze to 2723
[18:07:23.249] [SEVERE ] updating countdown to 29151
[18:07:23.259] [SEVERE ] setting player 3 freeze to 2730
[18:07:23.264] [SEVERE ] setting player 2 freeze to 2707
[18:07:23.264] [SEVERE ] updating countdown to 29136
[18:07:23.264] [SEVERE ] setting player 4 freeze to 2738
[18:07:23.275] [SEVERE ] setting player 2 freeze to 2696
[18:07:23.280] [SEVERE ] setting player 4 freeze to 2722
[18:07:23.280] [SEVERE ] updating countdown to 29120
[18:07:23.280] [SEVERE ] setting player 3 freeze to 2709
[18:07:23.291] [SEVERE ] setting player 4 freeze to 2711
[18:07:23.296] [SEVERE ] setting player 3 freeze to 2693
[18:07:23.296] [SEVERE ] setting player 2 freeze to 2675
[18:07:23.296] [SEVERE ] updating countdown to 29104
[18:07:23.307] [SEVERE ] setting player 3 freeze to 2682
[18:07:23.312] [SEVERE ] setting player 2 freeze to 2659
[18:07:23.312] [SEVERE ] setting player 4 freeze to 2690
[18:07:23.312] [SEVERE ] updating countdown to 29088
[18:07:23.323] [SEVERE ] setting player 2 freeze to 2648
[18:07:23.328] [SEVERE ] setting player 4 freeze to 2674
[18:07:23.328] [SEVERE ] updating countdown to 29072
[18:07:23.328] [SEVERE ] setting player 3 freeze to 2661
[18:07:23.339] [SEVERE ] setting player 4 freeze to 2663
[18:07:23.343] [SEVERE ] setting player 3 freeze to 2646
[18:07:23.343] [SEVERE ] setting player 2 freeze to 2628
[18:07:23.343] [SEVERE ] updating countdown to 29057
[18:07:23.354] [SEVERE ] setting player 3 freeze to 2635
[18:07:23.358] [SEVERE ] updating countdown to 29042
[18:07:23.358] [SEVERE ] setting player 4 freeze to 2644
[18:07:23.358] [SEVERE ] setting player 2 freeze to 2613
[18:07:23.369] [SEVERE ] setting player 4 freeze to 2633
[18:07:23.369] [SEVERE ] updating countdown to 29031
[18:07:23.373] [SEVERE ] setting player 3 freeze to 2616
[18:07:23.373] [SEVERE ] setting player 2 freeze to 2598
[18:07:23.389] [SEVERE ] updating countdown to 29011
[18:07:23.389] [SEVERE ] setting player 2 freeze to 2582
[18:07:23.389] [SEVERE ] setting player 4 freeze to 2613
[18:07:23.389] [SEVERE ] setting player 3 freeze to 2600
[18:07:23.401] [SEVERE ] setting player 2 freeze to 2570
[18:07:23.401] [SEVERE ] updating countdown to 28999
[18:07:23.403] [SEVERE ] setting player 4 freeze to 2599
[18:07:23.403] [SEVERE ] setting player 3 freeze to 2586
[18:07:23.415] [SEVERE ] setting player 4 freeze to 2587
[18:07:23.419] [SEVERE ] setting player 2 freeze to 2552
[18:07:23.419] [SEVERE ] updating countdown to 28981
[18:07:23.419] [SEVERE ] setting player 3 freeze to 2570
[18:07:23.430] [SEVERE ] setting player 2 freeze to 2541
[18:07:23.435] [SEVERE ] setting player 3 freeze to 2554
[18:07:23.435] [SEVERE ] setting player 4 freeze to 2567
[18:07:23.435] [SEVERE ] updating countdown to 28965
[18:07:23.447] [SEVERE ] setting player 3 freeze to 2542
[18:07:23.447] [SEVERE ] setting player 4 freeze to 2555
[18:07:23.451] [SEVERE ] updating countdown to 28949
[18:07:23.451] [SEVERE ] setting player 2 freeze to 2520
[18:07:23.467] [SEVERE ] setting player 3 freeze to 2522
[18:07:23.467] [SEVERE ] setting player 2 freeze to 2504
[18:07:23.467] [SEVERE ] updating countdown to 28933
[18:07:23.467] [SEVERE ] setting player 4 freeze to 2535
[18:07:23.479] [SEVERE ] updating countdown to 28921
[18:07:23.479] [SEVERE ] setting player 2 freeze to 2492
[18:07:23.479] [SEVERE ] setting player 3 freeze to 2510
[18:07:23.483] [SEVERE ] setting player 4 freeze to 2519
[18:07:23.490] [SEVERE ] updating countdown to 28910
[18:07:23.499] [SEVERE ] setting player 4 freeze to 2503
[18:07:23.499] [SEVERE ] setting player 3 freeze to 2490
[18:07:23.499] [SEVERE ] setting player 2 freeze to 2472
[18:07:23.510] [SEVERE ] setting player 4 freeze to 2492
[18:07:23.515] [SEVERE ] setting player 3 freeze to 2474
[18:07:23.515] [SEVERE ] updating countdown to 28885
[18:07:23.515] [SEVERE ] setting player 2 freeze to 2456
[18:07:23.526] [SEVERE ] setting player 3 freeze to 2463
[18:07:23.531] [SEVERE ] setting player 2 freeze to 2440
[18:07:23.531] [SEVERE ] setting player 4 freeze to 2471
[18:07:23.531] [SEVERE ] updating countdown to 28869
[18:07:23.542] [SEVERE ] setting player 2 freeze to 2429
[18:07:23.547] [SEVERE ] setting player 4 freeze to 2455
[18:07:23.547] [SEVERE ] updating countdown to 28853
[18:07:23.547] [SEVERE ] setting player 3 freeze to 2442
[18:07:23.558] [SEVERE ] setting player 4 freeze to 2444
[18:07:23.558] [SEVERE ] updating countdown to 28842
[18:07:23.563] [SEVERE ] setting player 3 freeze to 2426
[18:07:23.563] [SEVERE ] setting player 2 freeze to 2408
[18:07:23.579] [SEVERE ] setting player 2 freeze to 2392
[18:07:23.579] [SEVERE ] setting player 4 freeze to 2423
[18:07:23.579] [SEVERE ] updating countdown to 28821
[18:07:23.579] [SEVERE ] setting player 3 freeze to 2410
[18:07:23.590] [SEVERE ] setting player 4 freeze to 2412
[18:07:23.590] [SEVERE ] setting player 2 freeze to 2381
[18:07:23.594] [SEVERE ] updating countdown to 28806
[18:07:23.594] [SEVERE ] setting player 3 freeze to 2395
[18:07:23.609] [SEVERE ] setting player 3 freeze to 2380
[18:07:23.609] [SEVERE ] setting player 4 freeze to 2393
[18:07:23.609] [SEVERE ] setting player 2 freeze to 2362
[18:07:23.609] [SEVERE ] updating countdown to 28791
[18:07:23.620] [SEVERE ] setting player 3 freeze to 2369
[18:07:23.620] [SEVERE ] setting player 4 freeze to 2382
[18:07:23.625] [SEVERE ] setting player 2 freeze to 2346
[18:07:23.625] [SEVERE ] updating countdown to 28775
[18:07:23.636] [SEVERE ] setting player 2 freeze to 2335
[18:07:23.641] [SEVERE ] setting player 4 freeze to 2361
[18:07:23.641] [SEVERE ] setting player 3 freeze to 2348
[18:07:23.641] [SEVERE ] updating countdown to 28759
[18:07:23.652] [SEVERE ] setting player 4 freeze to 2350
[18:07:23.657] [SEVERE ] setting player 3 freeze to 2332
[18:07:23.657] [SEVERE ] updating countdown to 28743
[18:07:23.657] [SEVERE ] setting player 2 freeze to 2314
[18:07:23.668] [SEVERE ] setting player 3 freeze to 2321
[18:07:23.672] [SEVERE ] updating countdown to 28728
[18:07:23.672] [SEVERE ] setting player 4 freeze to 2330
[18:07:23.672] [SEVERE ] setting player 2 freeze to 2299
[18:07:23.683] [SEVERE ] setting player 4 freeze to 2319
[18:07:23.688] [SEVERE ] setting player 2 freeze to 2283
[18:07:23.689] [SEVERE ] updating countdown to 28711
[18:07:23.689] [SEVERE ] setting player 3 freeze to 2300
[18:07:23.703] [SEVERE ] updating countdown to 28697
[18:07:23.703] [SEVERE ] setting player 4 freeze to 2299
[18:07:23.703] [SEVERE ] setting player 3 freeze to 2286
[18:07:23.703] [SEVERE ] setting player 2 freeze to 2268
[18:07:23.714] [SEVERE ] updating countdown to 28686
[18:07:23.714] [SEVERE ] setting player 4 freeze to 2288
[18:07:23.719] [SEVERE ] setting player 2 freeze to 2252
[18:07:23.719] [SEVERE ] setting player 3 freeze to 2270
[18:07:23.735] [SEVERE ] setting player 2 freeze to 2236
[18:07:23.735] [SEVERE ] updating countdown to 28665
[18:07:23.735] [SEVERE ] setting player 3 freeze to 2254
[18:07:23.735] [SEVERE ] setting player 4 freeze to 2267
[18:07:23.746] [SEVERE ] setting player 2 freeze to 2225
[18:07:23.746] [SEVERE ] setting player 3 freeze to 2243
[18:07:23.751] [SEVERE ] setting player 4 freeze to 2251
[18:07:23.751] [SEVERE ] updating countdown to 28649
[18:07:23.767] [SEVERE ] updating countdown to 28633
[18:07:23.767] [SEVERE ] setting player 3 freeze to 2222
[18:07:23.767] [SEVERE ] setting player 2 freeze to 2204
[18:07:23.767] [SEVERE ] setting player 4 freeze to 2235
[18:07:23.777] [SEVERE ] setting player 3 freeze to 2212
[18:07:23.777] [SEVERE ] updating countdown to 28623
[18:07:23.782] [SEVERE ] setting player 2 freeze to 2189
[18:07:23.782] [SEVERE ] setting player 4 freeze to 2220
[18:07:23.793] [SEVERE ] setting player 2 freeze to 2178
[18:07:23.798] [SEVERE ] updating countdown to 28602
[18:07:23.798] [SEVERE ] setting player 3 freeze to 2191
[18:07:23.798] [SEVERE ] setting player 4 freeze to 2204
[18:07:23.814] [SEVERE ] setting player 4 freeze to 2188
[18:07:23.814] [SEVERE ] setting player 2 freeze to 2157
[18:07:23.814] [SEVERE ] updating countdown to 28586
[18:07:23.814] [SEVERE ] setting player 3 freeze to 2175
[18:07:23.825] [SEVERE ] setting player 4 freeze to 2177
[18:07:23.825] [SEVERE ] setting player 2 freeze to 2146
[18:07:23.830] [SEVERE ] setting player 3 freeze to 2159
[18:07:23.830] [SEVERE ] updating countdown to 28570
[18:07:23.845] [SEVERE ] setting player 2 freeze to 2126
[18:07:23.845] [SEVERE ] setting player 4 freeze to 2157
[18:07:23.845] [SEVERE ] setting player 3 freeze to 2144
[18:07:23.845] [SEVERE ] updating countdown to 28555
[18:07:23.856] [SEVERE ] setting player 2 freeze to 2115
[18:07:23.856] [SEVERE ] setting player 4 freeze to 2146
[18:07:23.860] [SEVERE ] setting player 3 freeze to 2129
[18:07:23.860] [SEVERE ] updating countdown to 28540
[18:07:23.876] [SEVERE ] setting player 3 freeze to 2113
[18:07:23.876] [SEVERE ] setting player 2 freeze to 2095
[18:07:23.876] [SEVERE ] setting player 4 freeze to 2126
[18:07:23.876] [SEVERE ] updating countdown to 28524
[18:07:23.887] [SEVERE ] setting player 3 freeze to 2102
[18:07:23.887] [SEVERE ] setting player 2 freeze to 2084
[18:07:23.892] [SEVERE ] setting player 4 freeze to 2110
[18:07:23.892] [SEVERE ] updating countdown to 28508
[18:07:23.908] [SEVERE ] setting player 4 freeze to 2094
[18:07:23.908] [SEVERE ] setting player 3 freeze to 2081
[18:07:23.908] [SEVERE ] setting player 2 freeze to 2063
[18:07:23.908] [SEVERE ] updating countdown to 28492
[18:07:23.919] [SEVERE ] setting player 3 freeze to 2070
[18:07:23.919] [SEVERE ] setting player 4 freeze to 2083
[18:07:23.920] [SEVERE ] setting player 2 freeze to 2051
[18:07:23.924] [SEVERE ] updating countdown to 28476
[18:07:23.930] [SEVERE ] setting player 3 freeze to 2059
[18:07:23.930] [SEVERE ] setting player 4 freeze to 2072
[18:07:23.940] [SEVERE ] setting player 2 freeze to 2031
[18:07:23.940] [SEVERE ] updating countdown to 28460
[18:07:23.955] [SEVERE ] setting player 3 freeze to 2034
[18:07:23.955] [SEVERE ] updating countdown to 28445
[18:07:23.955] [SEVERE ] setting player 2 freeze to 2016
[18:07:23.955] [SEVERE ] setting player 4 freeze to 2047
[18:07:23.966] [SEVERE ] setting player 3 freeze to 2023
[18:07:23.966] [SEVERE ] setting player 2 freeze to 2005
[18:07:23.971] [SEVERE ] setting player 4 freeze to 2031
[18:07:23.971] [SEVERE ] updating countdown to 28429
[18:07:23.978] [SEVERE ] setting player 3 freeze to 2011
[18:07:23.987] [SEVERE ] setting player 4 freeze to 2015
[18:07:23.987] [SEVERE ] updating countdown to 28413
[18:07:23.987] [SEVERE ] setting player 2 freeze to 1984
[18:07:23.998] [SEVERE ] setting player 4 freeze to 2004
[18:07:24.003] [SEVERE ] setting player 3 freeze to 1986
[18:07:24.004] [SEVERE ] updating countdown to 28396
[18:07:24.003] [SEVERE ] setting player 2 freeze to 1968
[18:07:24.015] [SEVERE ] setting player 3 freeze to 1974
[18:07:24.016] [SEVERE ] updating countdown to 28384
[18:07:24.019] [SEVERE ] setting player 4 freeze to 1983
[18:07:24.019] [SEVERE ] setting player 2 freeze to 1952
[18:07:24.034] [SEVERE ] setting player 2 freeze to 1937
[18:07:24.034] [SEVERE ] setting player 3 freeze to 1955
[18:07:24.034] [SEVERE ] setting player 4 freeze to 1968
[18:07:24.034] [SEVERE ] updating countdown to 28366
[18:07:24.045] [SEVERE ] setting player 3 freeze to 1944
[18:07:24.045] [SEVERE ] setting player 2 freeze to 1926
[18:07:24.049] [SEVERE ] setting player 4 freeze to 1953
[18:07:24.049] [SEVERE ] updating countdown to 28351
[18:07:24.065] [SEVERE ] setting player 2 freeze to 1906
[18:07:24.065] [SEVERE ] setting player 3 freeze to 1924
[18:07:24.065] [SEVERE ] setting player 4 freeze to 1937
[18:07:24.065] [SEVERE ] updating countdown to 28335
[18:07:24.076] [SEVERE ] setting player 2 freeze to 1895
[18:07:24.081] [SEVERE ] setting player 3 freeze to 1908
[18:07:24.081] [SEVERE ] setting player 4 freeze to 1921
[18:07:24.081] [SEVERE ] updating countdown to 28319
[18:07:24.092] [SEVERE ] setting player 3 freeze to 1897
[18:07:24.097] [SEVERE ] setting player 4 freeze to 1905
[18:07:24.097] [SEVERE ] setting player 2 freeze to 1874
[18:07:24.097] [SEVERE ] updating countdown to 28303
[18:07:24.108] [SEVERE ] setting player 4 freeze to 1894
[18:07:24.113] [SEVERE ] setting player 2 freeze to 1858
[18:07:24.113] [SEVERE ] updating countdown to 28287
[18:07:24.113] [SEVERE ] setting player 3 freeze to 1876
[18:07:24.124] [SEVERE ] setting player 2 freeze to 1847
[18:07:24.129] [SEVERE ] setting player 3 freeze to 1860
[18:07:24.129] [SEVERE ] setting player 4 freeze to 1873
[18:07:24.129] [SEVERE ] updating countdown to 28271
[18:07:24.140] [SEVERE ] setting player 3 freeze to 1849
[18:07:24.144] [SEVERE ] setting player 2 freeze to 1827
[18:07:24.144] [SEVERE ] updating countdown to 28256
[18:07:24.144] [SEVERE ] setting player 4 freeze to 1858
[18:07:24.159] [SEVERE ] updating countdown to 28241
[18:07:24.159] [SEVERE ] setting player 3 freeze to 1830
[18:07:24.159] [SEVERE ] setting player 4 freeze to 1843
[18:07:24.159] [SEVERE ] setting player 2 freeze to 1812
[18:07:24.170] [SEVERE ] setting player 3 freeze to 1819
[18:07:24.170] [SEVERE ] updating countdown to 28230
[18:07:24.175] [SEVERE ] setting player 2 freeze to 1796
[18:07:24.175] [SEVERE ] setting player 4 freeze to 1827
[18:07:24.181] [SEVERE ] setting player 3 freeze to 1808
[18:07:24.191] [SEVERE ] setting player 2 freeze to 1780
[18:07:24.191] [SEVERE ] updating countdown to 28209
[18:07:24.191] [SEVERE ] setting player 4 freeze to 1811
[18:07:24.202] [SEVERE ] setting player 2 freeze to 1769
[18:07:24.206] [SEVERE ] setting player 3 freeze to 1783
[18:07:24.206] [SEVERE ] updating countdown to 28194
[18:07:24.206] [SEVERE ] setting player 4 freeze to 1796
[18:07:24.216] [SEVERE ] setting player 3 freeze to 1773
[18:07:24.222] [SEVERE ] setting player 4 freeze to 1780
[18:07:24.222] [SEVERE ] updating countdown to 28178
[18:07:24.222] [SEVERE ] setting player 2 freeze to 1749
[18:07:24.232] [SEVERE ] setting player 4 freeze to 1770
[18:07:24.232] [SEVERE ] updating countdown to 28168
[18:07:24.236] [SEVERE ] setting player 3 freeze to 1753
[18:07:24.236] [SEVERE ] setting player 2 freeze to 1735
[18:07:24.247] [SEVERE ] setting player 3 freeze to 1742
[18:07:24.251] [SEVERE ] setting player 2 freeze to 1720
[18:07:24.251] [SEVERE ] updating countdown to 28149
[18:07:24.251] [SEVERE ] setting player 4 freeze to 1751
[18:07:24.267] [SEVERE ] updating countdown to 28133
[18:07:24.267] [SEVERE ] setting player 4 freeze to 1735
[18:07:24.267] [SEVERE ] setting player 3 freeze to 1722
[18:07:24.267] [SEVERE ] setting player 2 freeze to 1704
[18:07:24.278] [SEVERE ] updating countdown to 28122
[18:07:24.278] [SEVERE ] setting player 4 freeze to 1724
[18:07:24.283] [SEVERE ] setting player 3 freeze to 1706
[18:07:24.283] [SEVERE ] setting player 2 freeze to 1688
[18:07:24.299] [SEVERE ] setting player 3 freeze to 1690
[18:07:24.299] [SEVERE ] setting player 4 freeze to 1703
[18:07:24.299] [SEVERE ] updating countdown to 28101
[18:07:24.299] [SEVERE ] setting player 2 freeze to 1672
[18:07:24.310] [SEVERE ] setting player 4 freeze to 1692
[18:07:24.310] [SEVERE ] setting player 3 freeze to 1679
[18:07:24.314] [SEVERE ] setting player 2 freeze to 1657
[18:07:24.314] [SEVERE ] updating countdown to 28086
[18:07:24.329] [SEVERE ] setting player 3 freeze to 1660
[18:07:24.329] [SEVERE ] setting player 4 freeze to 1673
[18:07:24.329] [SEVERE ] setting player 2 freeze to 1642
[18:07:24.329] [SEVERE ] updating countdown to 28071
[18:07:24.340] [SEVERE ] setting player 4 freeze to 1662
[18:07:24.340] [SEVERE ] setting player 3 freeze to 1649
[18:07:24.345] [SEVERE ] setting player 2 freeze to 1626
[18:07:24.345] [SEVERE ] updating countdown to 28055
[18:07:24.361] [SEVERE ] setting player 2 freeze to 1610
[18:07:24.361] [SEVERE ] setting player 3 freeze to 1628
[18:07:24.361] [SEVERE ] setting player 4 freeze to 1641
[18:07:24.361] [SEVERE ] updating countdown to 28039
[18:07:24.372] [SEVERE ] setting player 2 freeze to 1599
[18:07:24.372] [SEVERE ] setting player 3 freeze to 1617
[18:07:24.377] [SEVERE ] setting player 4 freeze to 1625
[18:07:24.377] [SEVERE ] updating countdown to 28023
[18:07:24.393] [SEVERE ] setting player 4 freeze to 1609
[18:07:24.393] [SEVERE ] setting player 3 freeze to 1596
[18:07:24.393] [SEVERE ] setting player 2 freeze to 1578
[18:07:24.393] [SEVERE ] updating countdown to 28007
[18:07:24.404] [SEVERE ] setting player 4 freeze to 1598
[18:07:24.409] [SEVERE ] setting player 2 freeze to 1562
[18:07:24.409] [SEVERE ] setting player 3 freeze to 1580
[18:07:24.409] [SEVERE ] updating countdown to 27991
[18:07:24.420] [SEVERE ] setting player 3 freeze to 1569
[18:07:24.420] [SEVERE ] setting player 2 freeze to 1551
[18:07:24.425] [SEVERE ] setting player 4 freeze to 1577
[18:07:24.425] [SEVERE ] updating countdown to 27975
[18:07:24.441] [SEVERE ] setting player 4 freeze to 1561
[18:07:24.441] [SEVERE ] setting player 2 freeze to 1530
[18:07:24.441] [SEVERE ] setting player 3 freeze to 1548
[18:07:24.441] [SEVERE ] updating countdown to 27959
[18:07:24.452] [SEVERE ] setting player 4 freeze to 1550
[18:07:24.452] [SEVERE ] setting player 2 freeze to 1519
[18:07:24.456] [SEVERE ] updating countdown to 27944
[18:07:24.456] [SEVERE ] setting player 3 freeze to 1533
[18:07:24.471] [SEVERE ] setting player 3 freeze to 1518
[18:07:24.471] [SEVERE ] setting player 4 freeze to 1531
[18:07:24.471] [SEVERE ] setting player 2 freeze to 1500
[18:07:24.471] [SEVERE ] updating countdown to 27929
[18:07:24.482] [SEVERE ] setting player 4 freeze to 1520
[18:07:24.482] [SEVERE ] setting player 3 freeze to 1507
[18:07:24.487] [SEVERE ] setting player 2 freeze to 1484
[18:07:24.487] [SEVERE ] updating countdown to 27913
[18:07:24.503] [SEVERE ] setting player 2 freeze to 1468
[18:07:24.503] [SEVERE ] updating countdown to 27897
[18:07:24.503] [SEVERE ] setting player 4 freeze to 1499
[18:07:24.503] [SEVERE ] setting player 3 freeze to 1486
[18:07:24.515] [SEVERE ] setting player 4 freeze to 1487
[18:07:24.515] [SEVERE ] setting player 2 freeze to 1456
[18:07:24.519] [SEVERE ] setting player 3 freeze to 1470
[18:07:24.519] [SEVERE ] updating countdown to 27881
[18:07:24.535] [SEVERE ] setting player 3 freeze to 1454
[18:07:24.535] [SEVERE ] setting player 4 freeze to 1467
[18:07:24.535] [SEVERE ] updating countdown to 27865
[18:07:24.535] [SEVERE ] setting player 2 freeze to 1436
[18:07:24.546] [SEVERE ] setting player 3 freeze to 1443
[18:07:24.546] [SEVERE ] setting player 4 freeze to 1456
[18:07:24.551] [SEVERE ] updating countdown to 27849
[18:07:24.551] [SEVERE ] setting player 2 freeze to 1420
[18:07:24.567] [SEVERE ] setting player 2 freeze to 1404
[18:07:24.567] [SEVERE ] setting player 4 freeze to 1435
[18:07:24.567] [SEVERE ] updating countdown to 27833
[18:07:24.567] [SEVERE ] setting player 3 freeze to 1422
[18:07:24.578] [SEVERE ] setting player 4 freeze to 1424
[18:07:24.583] [SEVERE ] updating countdown to 27817
[18:07:24.583] [SEVERE ] setting player 2 freeze to 1388
[18:07:24.583] [SEVERE ] setting player 3 freeze to 1406
[18:07:24.594] [SEVERE ] updating countdown to 27806
[18:07:24.599] [SEVERE ] setting player 3 freeze to 1390
[18:07:24.599] [SEVERE ] setting player 4 freeze to 1403
[18:07:24.599] [SEVERE ] setting player 2 freeze to 1372
[18:07:24.609] [SEVERE ] setting player 3 freeze to 1380
[18:07:24.614] [SEVERE ] setting player 4 freeze to 1388
[18:07:24.614] [SEVERE ] setting player 2 freeze to 1357
[18:07:24.614] [SEVERE ] updating countdown to 27786
[18:07:24.630] [SEVERE ] setting player 4 freeze to 1372
[18:07:24.630] [SEVERE ] setting player 3 freeze to 1359
[18:07:24.630] [SEVERE ] updating countdown to 27770
[18:07:24.630] [SEVERE ] setting player 2 freeze to 1341
[18:07:24.641] [SEVERE ] setting player 4 freeze to 1361
[18:07:24.641] [SEVERE ] setting player 3 freeze to 1348
[18:07:24.645] [SEVERE ] setting player 2 freeze to 1326
[18:07:24.645] [SEVERE ] updating countdown to 27755
[18:07:24.660] [SEVERE ] setting player 2 freeze to 1311
[18:07:24.660] [SEVERE ] setting player 4 freeze to 1342
[18:07:24.660] [SEVERE ] setting player 3 freeze to 1329
[18:07:24.660] [SEVERE ] updating countdown to 27740
[18:07:24.671] [SEVERE ] setting player 2 freeze to 1300
[18:07:24.671] [SEVERE ] setting player 4 freeze to 1331
[18:07:24.676] [SEVERE ] updating countdown to 27724
[18:07:24.676] [SEVERE ] setting player 3 freeze to 1313
[18:07:24.692] [SEVERE ] setting player 3 freeze to 1297
[18:07:24.692] [SEVERE ] updating countdown to 27708
[18:07:24.692] [SEVERE ] setting player 4 freeze to 1310
[18:07:24.692] [SEVERE ] setting player 2 freeze to 1279
[18:07:24.708] [SEVERE ] setting player 4 freeze to 1294
[18:07:24.708] [SEVERE ] setting player 3 freeze to 1281
[18:07:24.708] [SEVERE ] updating countdown to 27692
[18:07:24.708] [SEVERE ] setting player 2 freeze to 1263
[18:07:24.719] [SEVERE ] setting player 4 freeze to 1283
[18:07:24.724] [SEVERE ] updating countdown to 27676
[18:07:24.724] [SEVERE ] setting player 2 freeze to 1247
[18:07:24.724] [SEVERE ] setting player 3 freeze to 1265
[18:07:24.740] [SEVERE ] setting player 2 freeze to 1231
[18:07:24.740] [SEVERE ] setting player 4 freeze to 1262
[18:07:24.740] [SEVERE ] setting player 3 freeze to 1249
[18:07:24.740] [SEVERE ] updating countdown to 27660
[18:07:24.752] [SEVERE ] setting player 4 freeze to 1250
[18:07:24.752] [SEVERE ] setting player 2 freeze to 1219
[18:07:24.756] [SEVERE ] setting player 3 freeze to 1233
[18:07:24.756] [SEVERE ] updating countdown to 27644
[18:07:24.764] [SEVERE ] setting player 4 freeze to 1238
[18:07:24.771] [SEVERE ] setting player 3 freeze to 1218
[18:07:24.771] [SEVERE ] setting player 2 freeze to 1200
[18:07:24.771] [SEVERE ] updating countdown to 27629
[18:07:24.782] [SEVERE ] setting player 3 freeze to 1207
[18:07:24.786] [SEVERE ] setting player 2 freeze to 1185
[18:07:24.786] [SEVERE ] updating countdown to 27614
[18:07:24.786] [SEVERE ] setting player 4 freeze to 1216
[18:07:24.802] [SEVERE ] setting player 4 freeze to 1200
[18:07:24.802] [SEVERE ] updating countdown to 27598
[18:07:24.802] [SEVERE ] setting player 2 freeze to 1169
[18:07:24.802] [SEVERE ] setting player 3 freeze to 1187
[18:07:24.814] [SEVERE ] setting player 4 freeze to 1188
[18:07:24.818] [SEVERE ] updating countdown to 27582
[18:07:24.818] [SEVERE ] setting player 2 freeze to 1153
[18:07:24.818] [SEVERE ] setting player 3 freeze to 1171
[18:07:24.834] [SEVERE ] setting player 2 freeze to 1137
[18:07:24.834] [SEVERE ] updating countdown to 27566
[18:07:24.834] [SEVERE ] setting player 3 freeze to 1155
[18:07:24.834] [SEVERE ] setting player 4 freeze to 1168
[18:07:24.850] [SEVERE ] setting player 2 freeze to 1121
[18:07:24.850] [SEVERE ] setting player 4 freeze to 1152
[18:07:24.850] [SEVERE ] updating countdown to 27550
[18:07:24.850] [SEVERE ] setting player 3 freeze to 1139
[18:07:24.866] [SEVERE ] setting player 2 freeze to 1105
[18:07:24.866] [SEVERE ] setting player 4 freeze to 1136
[18:07:24.866] [SEVERE ] updating countdown to 27534
[18:07:24.866] [SEVERE ] setting player 3 freeze to 1123
[18:07:24.877] [SEVERE ] setting player 2 freeze to 1094
[18:07:24.877] [SEVERE ] setting player 4 freeze to 1125
[18:07:24.881] [SEVERE ] setting player 3 freeze to 1108
[18:07:24.881] [SEVERE ] updating countdown to 27519
[18:07:24.897] [SEVERE ] setting player 3 freeze to 1092
[18:07:24.897] [SEVERE ] setting player 2 freeze to 1074
[18:07:24.897] [SEVERE ] setting player 4 freeze to 1105
[18:07:24.897] [SEVERE ] updating countdown to 27503
[18:07:24.908] [SEVERE ] setting player 2 freeze to 1063
[18:07:24.908] [SEVERE ] setting player 3 freeze to 1081
[18:07:24.913] [SEVERE ] setting player 4 freeze to 1089
[18:07:24.913] [SEVERE ] updating countdown to 27487
[18:07:24.920] [SEVERE ] setting player 2 freeze to 1051
[18:07:24.929] [SEVERE ] updating countdown to 27471
[18:07:24.929] [SEVERE ] setting player 3 freeze to 1060
[18:07:24.929] [SEVERE ] setting player 4 freeze to 1073
[18:07:24.940] [SEVERE ] updating countdown to 27460
[18:07:24.945] [SEVERE ] setting player 3 freeze to 1044
[18:07:24.945] [SEVERE ] setting player 4 freeze to 1057
[18:07:24.945] [SEVERE ] setting player 2 freeze to 1026
[18:07:24.959] [SEVERE ] setting player 4 freeze to 1043
[18:07:24.959] [SEVERE ] updating countdown to 27441
[18:07:24.959] [SEVERE ] setting player 2 freeze to 1012
[18:07:24.959] [SEVERE ] setting player 3 freeze to 1030
[18:07:24.970] [SEVERE ] setting player 4 freeze to 1032
[18:07:24.974] [SEVERE ] setting player 3 freeze to 1015
[18:07:24.974] [SEVERE ] updating countdown to 27426
[18:07:24.974] [SEVERE ] setting player 2 freeze to 997
[18:07:24.985] [SEVERE ] setting player 3 freeze to 1004
[18:07:24.990] [SEVERE ] setting player 2 freeze to 981
[18:07:24.990] [SEVERE ] updating countdown to 27410
[18:07:24.990] [SEVERE ] setting player 4 freeze to 1012
[18:07:25.006] [SEVERE ] updating countdown to 27394
[18:07:25.006] [SEVERE ] setting player 3 freeze to 983
[18:07:25.006] [SEVERE ] setting player 2 freeze to 965
[18:07:25.006] [SEVERE ] setting player 4 freeze to 996
[18:07:25.017] [SEVERE ] updating countdown to 27383
[18:07:25.022] [SEVERE ] setting player 2 freeze to 949
[18:07:25.022] [SEVERE ] setting player 4 freeze to 980
[18:07:25.022] [SEVERE ] setting player 3 freeze to 967
[18:07:25.034] [SEVERE ] setting player 2 freeze to 937
[18:07:25.038] [SEVERE ] setting player 3 freeze to 951
[18:07:25.038] [SEVERE ] setting player 4 freeze to 964
[18:07:25.038] [SEVERE ] updating countdown to 27362
[18:07:25.054] [SEVERE ] updating countdown to 27346
[18:07:25.055] [SEVERE ] setting player 4 freeze to 947
[18:07:25.055] [SEVERE ] setting player 3 freeze to 934
[18:07:25.055] [SEVERE ] setting player 2 freeze to 916
[18:07:25.067] [SEVERE ] setting player 4 freeze to 935
[18:07:25.070] [SEVERE ] setting player 3 freeze to 919
[18:07:25.070] [SEVERE ] setting player 2 freeze to 901
[18:07:25.070] [SEVERE ] updating countdown to 27330
[18:07:25.081] [SEVERE ] setting player 3 freeze to 908
[18:07:25.086] [SEVERE ] setting player 2 freeze to 885
[18:07:25.086] [SEVERE ] setting player 4 freeze to 916
[18:07:25.086] [SEVERE ] updating countdown to 27314
[18:07:25.097] [SEVERE ] setting player 2 freeze to 874
[18:07:25.102] [SEVERE ] setting player 4 freeze to 900
[18:07:25.102] [SEVERE ] updating countdown to 27298
[18:07:25.102] [SEVERE ] setting player 3 freeze to 887
[18:07:25.118] [SEVERE ] setting player 3 freeze to 871
[18:07:25.118] [SEVERE ] updating countdown to 27282
[18:07:25.118] [SEVERE ] setting player 4 freeze to 884
[18:07:25.118] [SEVERE ] setting player 2 freeze to 853
[18:07:25.129] [SEVERE ] setting player 3 freeze to 860
[18:07:25.129] [SEVERE ] updating countdown to 27271
[18:07:25.134] [SEVERE ] setting player 4 freeze to 868
[18:07:25.134] [SEVERE ] setting player 2 freeze to 837
[18:07:25.149] [SEVERE ] setting player 2 freeze to 822
[18:07:25.149] [SEVERE ] setting player 3 freeze to 840
[18:07:25.149] [SEVERE ] updating countdown to 27251
[18:07:25.149] [SEVERE ] setting player 4 freeze to 853
[18:07:25.161] [SEVERE ] setting player 2 freeze to 810
[18:07:25.161] [SEVERE ] setting player 3 freeze to 828
[18:07:25.165] [SEVERE ] setting player 4 freeze to 837
[18:07:25.165] [SEVERE ] updating countdown to 27235
[18:07:25.180] [SEVERE ] updating countdown to 27220
[18:07:25.180] [SEVERE ] setting player 2 freeze to 791
[18:07:25.180] [SEVERE ] setting player 3 freeze to 809
[18:07:25.180] [SEVERE ] setting player 4 freeze to 822
[18:07:25.191] [SEVERE ] setting player 2 freeze to 780
[18:07:25.191] [SEVERE ] updating countdown to 27209
[18:07:25.196] [SEVERE ] setting player 4 freeze to 806
[18:07:25.196] [SEVERE ] setting player 3 freeze to 793
[18:07:25.212] [SEVERE ] setting player 4 freeze to 790
[18:07:25.212] [SEVERE ] setting player 3 freeze to 777
[18:07:25.212] [SEVERE ] updating countdown to 27188
[18:07:25.212] [SEVERE ] setting player 2 freeze to 759
[18:07:25.228] [SEVERE ] setting player 4 freeze to 774
[18:07:25.228] [SEVERE ] setting player 2 freeze to 743
[18:07:25.228] [SEVERE ] setting player 3 freeze to 761
[18:07:25.228] [SEVERE ] updating countdown to 27172
[18:07:25.239] [SEVERE ] setting player 4 freeze to 763
[18:07:25.244] [SEVERE ] setting player 2 freeze to 727
[18:07:25.244] [SEVERE ] updating countdown to 27156
[18:07:25.244] [SEVERE ] setting player 3 freeze to 745
[18:07:25.255] [SEVERE ] setting player 2 freeze to 716
[18:07:25.260] [SEVERE ] setting player 3 freeze to 729
[18:07:25.260] [SEVERE ] setting player 4 freeze to 742
[18:07:25.260] [SEVERE ] updating countdown to 27140
[18:07:25.272] [SEVERE ] setting player 3 freeze to 717
[18:07:25.276] [SEVERE ] setting player 4 freeze to 726
[18:07:25.276] [SEVERE ] updating countdown to 27124
[18:07:25.276] [SEVERE ] setting player 2 freeze to 695
[18:07:25.287] [SEVERE ] setting player 4 freeze to 715
[18:07:25.292] [SEVERE ] updating countdown to 27108
[18:07:25.292] [SEVERE ] setting player 2 freeze to 679
[18:07:25.292] [SEVERE ] setting player 3 freeze to 697
[18:07:25.303] [SEVERE ] updating countdown to 27097
[18:07:25.308] [SEVERE ] setting player 3 freeze to 681
[18:07:25.308] [SEVERE ] setting player 2 freeze to 663
[18:07:25.308] [SEVERE ] setting player 4 freeze to 694
[18:07:25.319] [SEVERE ] setting player 3 freeze to 670
[18:07:25.324] [SEVERE ] setting player 4 freeze to 678
[18:07:25.324] [SEVERE ] updating countdown to 27076
[18:07:25.324] [SEVERE ] setting player 2 freeze to 647
[18:07:25.335] [SEVERE ] setting player 4 freeze to 667
[18:07:25.340] [SEVERE ] setting player 3 freeze to 649
[18:07:25.340] [SEVERE ] updating countdown to 27060
[18:07:25.340] [SEVERE ] setting player 2 freeze to 631
[18:07:25.351] [SEVERE ] setting player 3 freeze to 638
[18:07:25.355] [SEVERE ] setting player 4 freeze to 647
[18:07:25.355] [SEVERE ] updating countdown to 27045
[18:07:25.355] [SEVERE ] setting player 2 freeze to 616
[18:07:25.366] [SEVERE ] setting player 4 freeze to 636
[18:07:25.371] [SEVERE ] setting player 3 freeze to 618
[18:07:25.371] [SEVERE ] setting player 2 freeze to 600
[18:07:25.371] [SEVERE ] updating countdown to 27029
[18:07:25.382] [SEVERE ] setting player 3 freeze to 607
[18:07:25.386] [SEVERE ] setting player 2 freeze to 585
[18:07:25.386] [SEVERE ] updating countdown to 27014
[18:07:25.386] [SEVERE ] setting player 4 freeze to 616
[18:07:25.397] [SEVERE ] setting player 2 freeze to 574
[18:07:25.401] [SEVERE ] updating countdown to 26999
[18:07:25.401] [SEVERE ] setting player 3 freeze to 588
[18:07:25.401] [SEVERE ] setting player 4 freeze to 601
[18:07:25.412] [SEVERE ] setting player 3 freeze to 577
[18:07:25.417] [SEVERE ] setting player 2 freeze to 554
[18:07:25.417] [SEVERE ] updating countdown to 26983
[18:07:25.417] [SEVERE ] setting player 4 freeze to 585
[18:07:25.428] [SEVERE ] setting player 2 freeze to 543
[18:07:25.433] [SEVERE ] setting player 3 freeze to 556
[18:07:25.433] [SEVERE ] setting player 4 freeze to 569
[18:07:25.433] [SEVERE ] updating countdown to 26967
[18:07:25.445] [SEVERE ] setting player 3 freeze to 544
[18:07:25.449] [SEVERE ] setting player 4 freeze to 553
[18:07:25.449] [SEVERE ] updating countdown to 26951
[18:07:25.449] [SEVERE ] setting player 2 freeze to 522
[18:07:25.465] [SEVERE ] setting player 4 freeze to 537
[18:07:25.465] [SEVERE ] setting player 3 freeze to 524
[18:07:25.465] [SEVERE ] updating countdown to 26935
[18:07:25.465] [SEVERE ] setting player 2 freeze to 506
[18:07:25.476] [SEVERE ] setting player 4 freeze to 526
[18:07:25.476] [SEVERE ] setting player 3 freeze to 513
[18:07:25.481] [SEVERE ] setting player 2 freeze to 490
[18:07:25.481] [SEVERE ] updating countdown to 26919
[18:07:25.492] [SEVERE ] setting player 2 freeze to 479
[18:07:25.497] [SEVERE ] setting player 3 freeze to 492
[18:07:25.497] [SEVERE ] setting player 4 freeze to 505
[18:07:25.497] [SEVERE ] updating countdown to 26903
[18:07:25.508] [SEVERE ] setting player 3 freeze to 481
[18:07:25.513] [SEVERE ] setting player 4 freeze to 489
[18:07:25.513] [SEVERE ] setting player 2 freeze to 458
[18:07:25.513] [SEVERE ] updating countdown to 26887
[18:07:25.524] [SEVERE ] setting player 4 freeze to 478
[18:07:25.529] [SEVERE ] setting player 2 freeze to 442
[18:07:25.529] [SEVERE ] updating countdown to 26871
[18:07:25.529] [SEVERE ] setting player 3 freeze to 460
[18:07:25.540] [SEVERE ] setting player 2 freeze to 431
[18:07:25.544] [SEVERE ] setting player 4 freeze to 458
[18:07:25.544] [SEVERE ] updating countdown to 26856
[18:07:25.544] [SEVERE ] setting player 3 freeze to 445
[18:07:25.555] [SEVERE ] setting player 4 freeze to 447
[18:07:25.559] [SEVERE ] setting player 2 freeze to 412
[18:07:25.559] [SEVERE ] updating countdown to 26841
[18:07:25.559] [SEVERE ] setting player 3 freeze to 430
[18:07:25.570] [SEVERE ] setting player 2 freeze to 401
[18:07:25.575] [SEVERE ] setting player 3 freeze to 414
[18:07:25.575] [SEVERE ] setting player 4 freeze to 427
[18:07:25.575] [SEVERE ] updating countdown to 26825
[18:07:25.586] [SEVERE ] setting player 3 freeze to 403
[18:07:25.591] [SEVERE ] setting player 4 freeze to 411
[18:07:25.591] [SEVERE ] setting player 2 freeze to 380
[18:07:25.591] [SEVERE ] updating countdown to 26809
[18:07:25.602] [SEVERE ] setting player 4 freeze to 400
[18:07:25.607] [SEVERE ] setting player 2 freeze to 364
[18:07:25.607] [SEVERE ] setting player 3 freeze to 382
[18:07:25.607] [SEVERE ] updating countdown to 26793
[18:07:25.618] [SEVERE ] setting player 2 freeze to 353
[18:07:25.623] [SEVERE ] setting player 4 freeze to 379
[18:07:25.623] [SEVERE ] setting player 3 freeze to 366
[18:07:25.623] [SEVERE ] updating countdown to 26777
[18:07:25.634] [SEVERE ] setting player 4 freeze to 368
[18:07:25.639] [SEVERE ] setting player 3 freeze to 350
[18:07:25.639] [SEVERE ] setting player 2 freeze to 332
[18:07:25.639] [SEVERE ] updating countdown to 26761
[18:07:25.651] [SEVERE ] setting player 3 freeze to 338
[18:07:25.654] [SEVERE ] setting player 2 freeze to 317
[18:07:25.654] [SEVERE ] setting player 4 freeze to 348
[18:07:25.654] [SEVERE ] updating countdown to 26746
[18:07:25.665] [SEVERE ] setting player 2 freeze to 306
[18:07:25.669] [SEVERE ] setting player 4 freeze to 333
[18:07:25.669] [SEVERE ] setting player 3 freeze to 320
[18:07:25.669] [SEVERE ] updating countdown to 26731
[18:07:25.680] [SEVERE ] setting player 4 freeze to 322
[18:07:25.680] [SEVERE ] setting player 3 freeze to 309
[18:07:25.685] [SEVERE ] updating countdown to 26715
[18:07:25.686] [SEVERE ] setting player 2 freeze to 285
[18:07:25.701] [SEVERE ] setting player 4 freeze to 301
[18:07:25.701] [SEVERE ] setting player 3 freeze to 288
[18:07:25.701] [SEVERE ] setting player 2 freeze to 270
[18:07:25.701] [SEVERE ] updating countdown to 26699
[18:07:25.712] [SEVERE ] setting player 4 freeze to 290
[18:07:25.712] [SEVERE ] setting player 3 freeze to 277
[18:07:25.712] [SEVERE ] setting player 2 freeze to 259
[18:07:25.716] [SEVERE ] updating countdown to 26684
[18:07:25.723] [SEVERE ] setting player 4 freeze to 279
[18:07:25.732] [SEVERE ] setting player 3 freeze to 257
[18:07:25.732] [SEVERE ] updating countdown to 26668
[18:07:25.732] [SEVERE ] setting player 2 freeze to 239
[18:07:25.743] [SEVERE ] setting player 3 freeze to 246
[18:07:25.748] [SEVERE ] setting player 2 freeze to 223
[18:07:25.748] [SEVERE ] updating countdown to 26652
[18:07:25.748] [SEVERE ] setting player 4 freeze to 254
[18:07:25.759] [SEVERE ] setting player 2 freeze to 212
[18:07:25.764] [SEVERE ] updating countdown to 26636
[18:07:25.764] [SEVERE ] setting player 3 freeze to 225
[18:07:25.764] [SEVERE ] setting player 4 freeze to 238
[18:07:25.774] [SEVERE ] updating countdown to 26626
[18:07:25.779] [SEVERE ] setting player 4 freeze to 223
[18:07:25.779] [SEVERE ] setting player 2 freeze to 192
[18:07:25.779] [SEVERE ] setting player 3 freeze to 210
[18:07:25.791] [SEVERE ] setting player 4 freeze to 211
[18:07:25.795] [SEVERE ] setting player 3 freeze to 194
[18:07:25.795] [SEVERE ] updating countdown to 26605
[18:07:25.795] [SEVERE ] setting player 2 freeze to 176
[18:07:25.806] [SEVERE ] setting player 3 freeze to 183
[18:07:25.810] [SEVERE ] setting player 4 freeze to 192
[18:07:25.810] [SEVERE ] setting player 2 freeze to 161
[18:07:25.810] [SEVERE ] updating countdown to 26590
[18:07:25.821] [SEVERE ] setting player 4 freeze to 181
[18:07:25.825] [SEVERE ] setting player 2 freeze to 146
[18:07:25.825] [SEVERE ] updating countdown to 26575
[18:07:25.825] [SEVERE ] setting player 3 freeze to 164
[18:07:25.836] [SEVERE ] setting player 2 freeze to 135
[18:07:25.841] [SEVERE ] updating countdown to 26559
[18:07:25.841] [SEVERE ] setting player 3 freeze to 148
[18:07:25.841] [SEVERE ] setting player 4 freeze to 161
[18:07:25.857] [SEVERE ] setting player 3 freeze to 132
[18:07:25.857] [SEVERE ] setting player 2 freeze to 114
[18:07:25.857] [SEVERE ] updating countdown to 26543
[18:07:25.857] [SEVERE ] setting player 4 freeze to 145
[18:07:25.868] [SEVERE ] setting player 2 freeze to 103
[18:07:25.868] [SEVERE ] setting player 3 freeze to 121
[18:07:25.872] [SEVERE ] setting player 4 freeze to 130
[18:07:25.872] [SEVERE ] updating countdown to 26528
[18:07:25.888] [SEVERE ] setting player 4 freeze to 114
[18:07:25.888] [SEVERE ] setting player 2 freeze to 83
[18:07:25.888] [SEVERE ] updating countdown to 26512
[18:07:25.888] [SEVERE ] setting player 3 freeze to 101
[18:07:25.899] [SEVERE ] setting player 4 freeze to 103
[18:07:25.899] [SEVERE ] setting player 2 freeze to 72
[18:07:25.903] [SEVERE ] updating countdown to 26497
[18:07:25.903] [SEVERE ] setting player 3 freeze to 86
[18:07:25.919] [SEVERE ] updating countdown to 26481
[18:07:25.919] [SEVERE ] setting player 4 freeze to 83
[18:07:25.919] [SEVERE ] setting player 3 freeze to 70
[18:07:25.919] [SEVERE ] setting player 2 freeze to 52
[18:07:25.930] [SEVERE ] updating countdown to 26470
[18:07:25.930] [SEVERE ] setting player 4 freeze to 72
[18:07:25.930] [SEVERE ] setting player 3 freeze to 59
[18:07:25.935] [SEVERE ] setting player 2 freeze to 36
[18:07:25.941] [SEVERE ] updating countdown to 26459
[18:07:25.951] [SEVERE ] setting player 4 freeze to 51
[18:07:25.951] [SEVERE ] setting player 2 freeze to 20
[18:07:25.951] [SEVERE ] setting player 3 freeze to 38
[18:07:25.962] [SEVERE ] setting player 4 freeze to 40
[18:07:25.966] [SEVERE ] setting player 2 freeze to 5
[18:07:25.966] [SEVERE ] updating countdown to 26434
[18:07:25.966] [SEVERE ] setting player 3 freeze to 23
[18:07:25.978] [SEVERE ] setting player 2 freeze to 0
[18:07:25.978] [SEVERE ] setting player 2 freeze to 0
[18:07:25.978] [SEVERE ] removing player 2 token from slot 9
[18:07:25.981] [SEVERE ] setting player 4 freeze to 21
[18:07:25.981] [SEVERE ] setting player 3 freeze to 8
[18:07:25.981] [SEVERE ] updating countdown to 26419
[18:07:25.992] [SEVERE ] setting player 3 freeze to 0
[18:07:25.992] [SEVERE ] setting player 4 freeze to 10
[18:07:25.992] [SEVERE ] updating countdown to 26408
[18:07:26.003] [SEVERE ] setting player 4 freeze to 0
[18:07:26.004] [SEVERE ] updating countdown to 26396
[18:07:26.008] [SEVERE ] setting player 4 freeze to 0
[18:07:26.008] [SEVERE ] removing player 4 token from slot 6
[18:07:26.008] [SEVERE ] setting player 3 freeze to 0
[18:07:26.009] [SEVERE ] removing player 3 token from slot 7
[18:07:26.015] [SEVERE ] updating countdown to 26385
[18:07:26.026] [SEVERE ] updating countdown to 26374
[18:07:26.037] [SEVERE ] updating countdown to 26363
[18:07:26.048] [SEVERE ] updating countdown to 26352
[18:07:26.059] [SEVERE ] updating countdown to 26341
[18:07:26.070] [SEVERE ] updating countdown to 26330
[18:07:26.081] [SEVERE ] updating countdown to 26319
[18:07:26.092] [SEVERE ] updating countdown to 26308
[18:07:26.103] [SEVERE ] updating countdown to 26297
[18:07:26.114] [SEVERE ] updating countdown to 26286
[18:07:26.125] [SEVERE ] updating countdown to 26275
[18:07:26.136] [SEVERE ] updating countdown to 26264
[18:07:26.147] [SEVERE ] updating countdown to 26253
[18:07:26.157] [SEVERE ] updating countdown to 26243
[18:07:26.168] [SEVERE ] updating countdown to 26232
[18:07:26.179] [SEVERE ] updating countdown to 26221
[18:07:26.190] [SEVERE ] updating countdown to 26210
[18:07:26.201] [SEVERE ] updating countdown to 26199
[18:07:26.212] [SEVERE ] updating countdown to 26188
[18:07:26.223] [SEVERE ] updating countdown to 26177
[18:07:26.234] [SEVERE ] updating countdown to 26166
[18:07:26.245] [SEVERE ] updating countdown to 26155
[18:07:26.256] [SEVERE ] updating countdown to 26144
[18:07:26.267] [SEVERE ] updating countdown to 26133
[18:07:26.278] [SEVERE ] updating countdown to 26122
[18:07:26.286] [SEVERE ] removing player 2 token from slot 8
[18:07:26.289] [SEVERE ] updating countdown to 26111
[18:07:26.297] [SEVERE ] player 3 placing token on slot 5
[18:07:26.297] [SEVERE ] player 4 placing token on slot 4
[18:07:26.300] [SEVERE ] setting player 4 freeze to 3000
[18:07:26.302] [SEVERE ] updating countdown to 26098
[18:07:26.303] [SEVERE ] setting player 3 freeze to 2998
[18:07:26.311] [SEVERE ] setting player 4 freeze to 2989
[18:07:26.314] [SEVERE ] setting player 3 freeze to 2987
[18:07:26.314] [SEVERE ] updating countdown to 26086
[18:07:26.322] [SEVERE ] setting player 4 freeze to 2978
[18:07:26.325] [SEVERE ] setting player 3 freeze to 2976
[18:07:26.325] [SEVERE ] updating countdown to 26075
[18:07:26.333] [SEVERE ] setting player 4 freeze to 2967
[18:07:26.336] [SEVERE ] setting player 3 freeze to 2965
[18:07:26.336] [SEVERE ] updating countdown to 26064
[18:07:26.344] [SEVERE ] setting player 4 freeze to 2956
[18:07:26.347] [SEVERE ] setting player 3 freeze to 2954
[18:07:26.347] [SEVERE ] updating countdown to 26053
[18:07:26.355] [SEVERE ] setting player 4 freeze to 2945
[18:07:26.358] [SEVERE ] setting player 3 freeze to 2943
[18:07:26.358] [SEVERE ] updating countdown to 26042
[18:07:26.366] [SEVERE ] setting player 4 freeze to 2934
[18:07:26.369] [SEVERE ] setting player 3 freeze to 2932
[18:07:26.369] [SEVERE ] updating countdown to 26031
[18:07:26.377] [SEVERE ] setting player 4 freeze to 2923
[18:07:26.380] [SEVERE ] setting player 3 freeze to 2921
[18:07:26.380] [SEVERE ] updating countdown to 26020
[18:07:26.388] [SEVERE ] setting player 4 freeze to 2912
[18:07:26.391] [SEVERE ] setting player 3 freeze to 2910
[18:07:26.391] [SEVERE ] updating countdown to 26009
[18:07:26.399] [SEVERE ] setting player 4 freeze to 2901
[18:07:26.402] [SEVERE ] setting player 3 freeze to 2899
[18:07:26.402] [SEVERE ] updating countdown to 25998
[18:07:26.410] [SEVERE ] setting player 4 freeze to 2890
[18:07:26.413] [SEVERE ] setting player 3 freeze to 2888
[18:07:26.413] [SEVERE ] updating countdown to 25987
[18:07:26.421] [SEVERE ] setting player 4 freeze to 2879
[18:07:26.424] [SEVERE ] setting player 3 freeze to 2877
[18:07:26.424] [SEVERE ] updating countdown to 25976
[18:07:26.432] [SEVERE ] setting player 4 freeze to 2868
[18:07:26.435] [SEVERE ] updating countdown to 25965
[18:07:26.435] [SEVERE ] setting player 3 freeze to 2866
[18:07:26.443] [SEVERE ] setting player 4 freeze to 2857
[18:07:26.446] [SEVERE ] setting player 3 freeze to 2855
[18:07:26.446] [SEVERE ] updating countdown to 25954
[18:07:26.454] [SEVERE ] setting player 4 freeze to 2846
[18:07:26.457] [SEVERE ] setting player 3 freeze to 2844
[18:07:26.457] [SEVERE ] updating countdown to 25943
[18:07:26.465] [SEVERE ] setting player 4 freeze to 2835
[18:07:26.468] [SEVERE ] setting player 3 freeze to 2833
[18:07:26.468] [SEVERE ] updating countdown to 25932
[18:07:26.476] [SEVERE ] setting player 4 freeze to 2824
[18:07:26.479] [SEVERE ] setting player 3 freeze to 2822
[18:07:26.479] [SEVERE ] updating countdown to 25921
[18:07:26.487] [SEVERE ] setting player 4 freeze to 2813
[18:07:26.490] [SEVERE ] setting player 3 freeze to 2811
[18:07:26.490] [SEVERE ] updating countdown to 25910
[18:07:26.498] [SEVERE ] setting player 4 freeze to 2802
[18:07:26.501] [SEVERE ] setting player 3 freeze to 2800
[18:07:26.501] [SEVERE ] updating countdown to 25899
[18:07:26.509] [SEVERE ] setting player 4 freeze to 2791
[18:07:26.512] [SEVERE ] setting player 3 freeze to 2789
[18:07:26.512] [SEVERE ] updating countdown to 25888
[18:07:26.520] [SEVERE ] setting player 4 freeze to 2780
[18:07:26.522] [SEVERE ] setting player 3 freeze to 2779
[18:07:26.522] [SEVERE ] updating countdown to 25878
[18:07:26.530] [SEVERE ] setting player 4 freeze to 2770
[18:07:26.533] [SEVERE ] setting player 3 freeze to 2768
[18:07:26.533] [SEVERE ] updating countdown to 25867
[18:07:26.541] [SEVERE ] setting player 4 freeze to 2759
[18:07:26.544] [SEVERE ] setting player 3 freeze to 2757
[18:07:26.544] [SEVERE ] updating countdown to 25856
[18:07:26.552] [SEVERE ] setting player 4 freeze to 2748
[18:07:26.555] [SEVERE ] setting player 3 freeze to 2746
[18:07:26.555] [SEVERE ] updating countdown to 25845
[18:07:26.563] [SEVERE ] setting player 4 freeze to 2737
[18:07:26.566] [SEVERE ] setting player 3 freeze to 2735
[18:07:26.566] [SEVERE ] updating countdown to 25834
[18:07:26.574] [SEVERE ] setting player 4 freeze to 2726
[18:07:26.574] [SEVERE ] player 2 placing token on slot 7
[18:07:26.577] [SEVERE ] setting player 3 freeze to 2724
[18:07:26.577] [SEVERE ] updating countdown to 25823
[18:07:26.585] [SEVERE ] setting player 4 freeze to 2715
[18:07:26.588] [SEVERE ] setting player 3 freeze to 2713
[18:07:26.588] [SEVERE ] updating countdown to 25812
[18:07:26.596] [SEVERE ] setting player 4 freeze to 2704
[18:07:26.599] [SEVERE ] setting player 3 freeze to 2702
[18:07:26.599] [SEVERE ] updating countdown to 25801
[18:07:26.607] [SEVERE ] setting player 4 freeze to 2693
[18:07:26.610] [SEVERE ] setting player 3 freeze to 2691
[18:07:26.610] [SEVERE ] updating countdown to 25790
[18:07:26.618] [SEVERE ] setting player 4 freeze to 2682
[18:07:26.621] [SEVERE ] setting player 3 freeze to 2680
[18:07:26.621] [SEVERE ] updating countdown to 25779
[18:07:26.629] [SEVERE ] setting player 4 freeze to 2671
[18:07:26.632] [SEVERE ] setting player 3 freeze to 2669
[18:07:26.632] [SEVERE ] updating countdown to 25768
[18:07:26.640] [SEVERE ] setting player 4 freeze to 2660
[18:07:26.643] [SEVERE ] setting player 3 freeze to 2658
[18:07:26.643] [SEVERE ] updating countdown to 25757
[18:07:26.651] [SEVERE ] setting player 4 freeze to 2649
[18:07:26.654] [SEVERE ] setting player 3 freeze to 2647
[18:07:26.654] [SEVERE ] updating countdown to 25746
[18:07:26.662] [SEVERE ] setting player 4 freeze to 2638
[18:07:26.665] [SEVERE ] setting player 3 freeze to 2636
[18:07:26.665] [SEVERE ] updating countdown to 25735
[18:07:26.673] [SEVERE ] setting player 4 freeze to 2627
[18:07:26.676] [SEVERE ] setting player 3 freeze to 2625
[18:07:26.676] [SEVERE ] updating countdown to 25724
[18:07:26.684] [SEVERE ] setting player 4 freeze to 2616
[18:07:26.687] [SEVERE ] setting player 3 freeze to 2614
[18:07:26.687] [SEVERE ] updating countdown to 25713
[18:07:26.695] [SEVERE ] setting player 4 freeze to 2605
[18:07:26.698] [SEVERE ] setting player 3 freeze to 2603
[18:07:26.698] [SEVERE ] updating countdown to 25702
[18:07:26.706] [SEVERE ] setting player 4 freeze to 2594
[18:07:26.709] [SEVERE ] setting player 3 freeze to 2592
[18:07:26.709] [SEVERE ] updating countdown to 25691
[18:07:26.717] [SEVERE ] setting player 4 freeze to 2583
[18:07:26.720] [SEVERE ] setting player 3 freeze to 2581
[18:07:26.720] [SEVERE ] updating countdown to 25680
[18:07:26.728] [SEVERE ] setting player 4 freeze to 2572
[18:07:26.731] [SEVERE ] setting player 3 freeze to 2570
[18:07:26.731] [SEVERE ] updating countdown to 25669
[18:07:26.739] [SEVERE ] setting player 4 freeze to 2561
[18:07:26.742] [SEVERE ] setting player 3 freeze to 2559
[18:07:26.742] [SEVERE ] updating countdown to 25658
[18:07:26.750] [SEVERE ] setting player 4 freeze to 2550
[18:07:26.753] [SEVERE ] setting player 3 freeze to 2548
[18:07:26.753] [SEVERE ] updating countdown to 25647
[18:07:26.761] [SEVERE ] setting player 4 freeze to 2539
[18:07:26.764] [SEVERE ] setting player 3 freeze to 2537
[18:07:26.764] [SEVERE ] updating countdown to 25636
[18:07:26.772] [SEVERE ] setting player 4 freeze to 2528
[18:07:26.775] [SEVERE ] setting player 3 freeze to 2526
[18:07:26.775] [SEVERE ] updating countdown to 25625
[18:07:26.783] [SEVERE ] setting player 4 freeze to 2517
[18:07:26.786] [SEVERE ] setting player 3 freeze to 2515
[18:07:26.786] [SEVERE ] updating countdown to 25614
[18:07:26.794] [SEVERE ] setting player 4 freeze to 2506
[18:07:26.797] [SEVERE ] setting player 3 freeze to 2504
[18:07:26.797] [SEVERE ] updating countdown to 25603
[18:07:26.805] [SEVERE ] setting player 4 freeze to 2495
[18:07:26.808] [SEVERE ] setting player 3 freeze to 2493
[18:07:26.808] [SEVERE ] updating countdown to 25592
[18:07:26.816] [SEVERE ] setting player 4 freeze to 2484
[18:07:26.819] [SEVERE ] setting player 3 freeze to 2482
[18:07:26.819] [SEVERE ] updating countdown to 25581
[18:07:26.827] [SEVERE ] setting player 4 freeze to 2473
[18:07:26.830] [SEVERE ] setting player 3 freeze to 2471
[18:07:26.830] [SEVERE ] updating countdown to 25570
[18:07:26.838] [SEVERE ] setting player 4 freeze to 2462
[18:07:26.841] [SEVERE ] setting player 3 freeze to 2460
[18:07:26.841] [SEVERE ] updating countdown to 25559
[18:07:26.849] [SEVERE ] setting player 4 freeze to 2451
[18:07:26.852] [SEVERE ] setting player 3 freeze to 2449
[18:07:26.852] [SEVERE ] updating countdown to 25548
[18:07:26.860] [SEVERE ] setting player 4 freeze to 2440
[18:07:26.861] [SEVERE ] player 2 placing token on slot 10
[18:07:26.863] [SEVERE ] setting player 2 freeze to 3000
[18:07:26.863] [SEVERE ] setting player 3 freeze to 2438
[18:07:26.863] [SEVERE ] updating countdown to 25537
[18:07:26.871] [SEVERE ] setting player 4 freeze to 2429
[18:07:26.874] [SEVERE ] setting player 3 freeze to 2427
[18:07:26.874] [SEVERE ] updating countdown to 25526
[18:07:26.874] [SEVERE ] setting player 2 freeze to 2989
[18:07:26.882] [SEVERE ] setting player 4 freeze to 2418
[18:07:26.885] [SEVERE ] setting player 3 freeze to 2416
[18:07:26.885] [SEVERE ] updating countdown to 25515
[18:07:26.885] [SEVERE ] setting player 2 freeze to 2978
[18:07:26.893] [SEVERE ] setting player 4 freeze to 2407
[18:07:26.896] [SEVERE ] setting player 3 freeze to 2405
[18:07:26.896] [SEVERE ] updating countdown to 25504
[18:07:26.896] [SEVERE ] setting player 2 freeze to 2967
[18:07:26.903] [SEVERE ] setting player 4 freeze to 2397
[18:07:26.906] [SEVERE ] setting player 3 freeze to 2395
[18:07:26.906] [SEVERE ] setting player 2 freeze to 2957
[18:07:26.906] [SEVERE ] updating countdown to 25494
[18:07:26.914] [SEVERE ] setting player 4 freeze to 2386
[18:07:26.917] [SEVERE ] setting player 3 freeze to 2384
[18:07:26.917] [SEVERE ] updating countdown to 25483
[18:07:26.917] [SEVERE ] setting player 2 freeze to 2946
[18:07:26.925] [SEVERE ] setting player 4 freeze to 2375
[18:07:26.929] [SEVERE ] setting player 2 freeze to 2934
[18:07:26.929] [SEVERE ] updating countdown to 25471
[18:07:26.929] [SEVERE ] setting player 3 freeze to 2372
[18:07:26.936] [SEVERE ] setting player 4 freeze to 2364
[18:07:26.940] [SEVERE ] setting player 2 freeze to 2923
[18:07:26.940] [SEVERE ] updating countdown to 25460
[18:07:26.940] [SEVERE ] setting player 3 freeze to 2361
[18:07:26.947] [SEVERE ] setting player 4 freeze to 2353
[18:07:26.951] [SEVERE ] setting player 3 freeze to 2350
[18:07:26.951] [SEVERE ] setting player 2 freeze to 2912
[18:07:26.951] [SEVERE ] updating countdown to 25449
[18:07:26.958] [SEVERE ] setting player 4 freeze to 2342
[18:07:26.963] [SEVERE ] setting player 2 freeze to 2900
[18:07:26.963] [SEVERE ] setting player 3 freeze to 2338
[18:07:26.963] [SEVERE ] updating countdown to 25437
[18:07:26.969] [SEVERE ] setting player 4 freeze to 2331
[18:07:26.974] [SEVERE ] updating countdown to 25426
[18:07:26.974] [SEVERE ] setting player 3 freeze to 2327
[18:07:26.974] [SEVERE ] setting player 2 freeze to 2889
[18:07:26.980] [SEVERE ] setting player 4 freeze to 2320
[18:07:26.986] [SEVERE ] setting player 2 freeze to 2877
[18:07:26.986] [SEVERE ] updating countdown to 25414
[18:07:26.986] [SEVERE ] setting player 3 freeze to 2315
[18:07:26.992] [SEVERE ] setting player 4 freeze to 2308
[18:07:26.997] [SEVERE ] setting player 2 freeze to 2866
[18:07:26.997] [SEVERE ] updating countdown to 25403
[18:07:26.997] [SEVERE ] setting player 3 freeze to 2304
[18:07:27.003] [SEVERE ] setting player 4 freeze to 2297
[18:07:27.009] [SEVERE ] setting player 3 freeze to 2292
[18:07:27.009] [SEVERE ] updating countdown to 25391
[18:07:27.009] [SEVERE ] setting player 2 freeze to 2854
[18:07:27.015] [SEVERE ] setting player 4 freeze to 2285
[18:07:27.020] [SEVERE ] setting player 2 freeze to 2843
[18:07:27.020] [SEVERE ] updating countdown to 25380
[18:07:27.020] [SEVERE ] setting player 3 freeze to 2281
[18:07:27.026] [SEVERE ] setting player 4 freeze to 2274
[18:07:27.031] [SEVERE ] setting player 3 freeze to 2270
[18:07:27.031] [SEVERE ] updating countdown to 25369
[18:07:27.031] [SEVERE ] setting player 2 freeze to 2832
[18:07:27.037] [SEVERE ] setting player 4 freeze to 2263
[18:07:27.042] [SEVERE ] setting player 2 freeze to 2821
[18:07:27.042] [SEVERE ] updating countdown to 25358
[18:07:27.042] [SEVERE ] setting player 3 freeze to 2259
[18:07:27.048] [SEVERE ] setting player 4 freeze to 2252
[18:07:27.053] [SEVERE ] setting player 2 freeze to 2810
[18:07:27.053] [SEVERE ] setting player 3 freeze to 2248
[18:07:27.053] [SEVERE ] updating countdown to 25347
[18:07:27.059] [SEVERE ] setting player 4 freeze to 2241
[18:07:27.064] [SEVERE ] updating countdown to 25336
[18:07:27.064] [SEVERE ] setting player 3 freeze to 2237
[18:07:27.064] [SEVERE ] setting player 2 freeze to 2799
[18:07:27.070] [SEVERE ] setting player 4 freeze to 2230
[18:07:27.076] [SEVERE ] setting player 3 freeze to 2225
[18:07:27.076] [SEVERE ] updating countdown to 25324
[18:07:27.076] [SEVERE ] setting player 2 freeze to 2787
[18:07:27.081] [SEVERE ] setting player 4 freeze to 2219
[18:07:27.087] [SEVERE ] setting player 2 freeze to 2776
[18:07:27.087] [SEVERE ] updating countdown to 25313
[18:07:27.087] [SEVERE ] setting player 3 freeze to 2214
[18:07:27.092] [SEVERE ] setting player 4 freeze to 2208
[18:07:27.098] [SEVERE ] setting player 3 freeze to 2203
[18:07:27.098] [SEVERE ] updating countdown to 25302
[18:07:27.098] [SEVERE ] setting player 2 freeze to 2765
[18:07:27.103] [SEVERE ] setting player 4 freeze to 2197
[18:07:27.109] [SEVERE ] setting player 3 freeze to 2192
[18:07:27.109] [SEVERE ] updating countdown to 25291
[18:07:27.109] [SEVERE ] setting player 2 freeze to 2754
[18:07:27.114] [SEVERE ] setting player 4 freeze to 2186
[18:07:27.120] [SEVERE ] setting player 2 freeze to 2743
[18:07:27.120] [SEVERE ] setting player 3 freeze to 2181
[18:07:27.120] [SEVERE ] updating countdown to 25280
[18:07:27.125] [SEVERE ] setting player 4 freeze to 2175
[18:07:27.132] [SEVERE ] setting player 3 freeze to 2169
[18:07:27.132] [SEVERE ] updating countdown to 25268
[18:07:27.132] [SEVERE ] setting player 2 freeze to 2731
[18:07:27.136] [SEVERE ] setting player 4 freeze to 2164
[18:07:27.143] [SEVERE ] setting player 3 freeze to 2158
[18:07:27.143] [SEVERE ] updating countdown to 25257
[18:07:27.143] [SEVERE ] setting player 2 freeze to 2720
[18:07:27.147] [SEVERE ] setting player 4 freeze to 2153
[18:07:27.154] [SEVERE ] setting player 3 freeze to 2147
[18:07:27.154] [SEVERE ] updating countdown to 25246
[18:07:27.154] [SEVERE ] setting player 2 freeze to 2709
[18:07:27.165] [SEVERE ] setting player 3 freeze to 2136
[18:07:27.166] [SEVERE ] setting player 4 freeze to 2134
[18:07:27.166] [SEVERE ] setting player 2 freeze to 2697
[18:07:27.166] [SEVERE ] updating countdown to 25234
[18:07:27.177] [SEVERE ] setting player 4 freeze to 2123
[18:07:27.182] [SEVERE ] setting player 3 freeze to 2119
[18:07:27.182] [SEVERE ] setting player 2 freeze to 2681
[18:07:27.182] [SEVERE ] updating countdown to 25218
[18:07:27.193] [SEVERE ] setting player 2 freeze to 2670
[18:07:27.193] [SEVERE ] setting player 3 freeze to 2108
[18:07:27.198] [SEVERE ] setting player 4 freeze to 2102
[18:07:27.198] [SEVERE ] updating countdown to 25202
[18:07:27.214] [SEVERE ] setting player 3 freeze to 2087
[18:07:27.214] [SEVERE ] setting player 4 freeze to 2086
[18:07:27.214] [SEVERE ] updating countdown to 25186
[18:07:27.214] [SEVERE ] setting player 2 freeze to 2649
[18:07:27.225] [SEVERE ] setting player 3 freeze to 2076
[18:07:27.225] [SEVERE ] setting player 4 freeze to 2075
[18:07:27.230] [SEVERE ] setting player 2 freeze to 2633
[18:07:27.230] [SEVERE ] updating countdown to 25170
[18:07:27.246] [SEVERE ] setting player 3 freeze to 2055
[18:07:27.246] [SEVERE ] setting player 4 freeze to 2054
[18:07:27.246] [SEVERE ] updating countdown to 25154
[18:07:27.246] [SEVERE ] setting player 2 freeze to 2617
[18:07:27.258] [SEVERE ] setting player 4 freeze to 2042
[18:07:27.258] [SEVERE ] setting player 3 freeze to 2043
[18:07:27.261] [SEVERE ] setting player 2 freeze to 2602
[18:07:27.261] [SEVERE ] updating countdown to 25139
[18:07:27.271] [SEVERE ] setting player 2 freeze to 2592
[18:07:27.276] [SEVERE ] setting player 4 freeze to 2024
[18:07:27.276] [SEVERE ] setting player 3 freeze to 2025
[18:07:27.276] [SEVERE ] updating countdown to 25124
[18:07:27.288] [SEVERE ] setting player 3 freeze to 2013
[18:07:27.288] [SEVERE ] setting player 4 freeze to 2012
[18:07:27.291] [SEVERE ] setting player 2 freeze to 2572
[18:07:27.291] [SEVERE ] updating countdown to 25109
[18:07:27.302] [SEVERE ] setting player 2 freeze to 2561
[18:07:27.307] [SEVERE ] setting player 3 freeze to 1994
[18:07:27.307] [SEVERE ] setting player 4 freeze to 1993
[18:07:27.307] [SEVERE ] updating countdown to 25093
[18:07:27.323] [SEVERE ] setting player 4 freeze to 1977
[18:07:27.323] [SEVERE ] setting player 2 freeze to 2540
[18:07:27.323] [SEVERE ] setting player 3 freeze to 1978
[18:07:27.323] [SEVERE ] updating countdown to 25077
[18:07:27.334] [SEVERE ] setting player 4 freeze to 1966
[18:07:27.334] [SEVERE ] setting player 3 freeze to 1967
[18:07:27.334] [SEVERE ] setting player 2 freeze to 2529
[18:07:27.339] [SEVERE ] updating countdown to 25061
[18:07:27.345] [SEVERE ] setting player 4 freeze to 1955
[18:07:27.355] [SEVERE ] setting player 2 freeze to 2508
[18:07:27.355] [SEVERE ] updating countdown to 25045
[18:07:27.355] [SEVERE ] setting player 3 freeze to 1946
[18:07:27.366] [SEVERE ] setting player 2 freeze to 2497
[18:07:27.370] [SEVERE ] setting player 3 freeze to 1931
[18:07:27.370] [SEVERE ] updating countdown to 25030
[18:07:27.370] [SEVERE ] setting player 4 freeze to 1930
[18:07:27.386] [SEVERE ] setting player 2 freeze to 2477
[18:07:27.386] [SEVERE ] setting player 4 freeze to 1914
[18:07:27.386] [SEVERE ] updating countdown to 25014
[18:07:27.386] [SEVERE ] setting player 3 freeze to 1915
[18:07:27.398] [SEVERE ] setting player 2 freeze to 2465
[18:07:27.398] [SEVERE ] setting player 4 freeze to 1902
[18:07:27.401] [SEVERE ] setting player 3 freeze to 1900
[18:07:27.401] [SEVERE ] updating countdown to 24999
[18:07:27.417] [SEVERE ] setting player 3 freeze to 1884
[18:07:27.417] [SEVERE ] setting player 2 freeze to 2446
[18:07:27.417] [SEVERE ] setting player 4 freeze to 1883
[18:07:27.417] [SEVERE ] updating countdown to 24983
[18:07:27.428] [SEVERE ] setting player 3 freeze to 1873
[18:07:27.428] [SEVERE ] setting player 2 freeze to 2435
[18:07:27.433] [SEVERE ] updating countdown to 24967
[18:07:27.433] [SEVERE ] setting player 4 freeze to 1867
[18:07:27.449] [SEVERE ] setting player 2 freeze to 2414
[18:07:27.449] [SEVERE ] setting player 3 freeze to 1852
[18:07:27.449] [SEVERE ] updating countdown to 24951
[18:07:27.449] [SEVERE ] setting player 4 freeze to 1851
[18:07:27.460] [SEVERE ] setting player 2 freeze to 2403
[18:07:27.460] [SEVERE ] setting player 3 freeze to 1841
[18:07:27.465] [SEVERE ] setting player 4 freeze to 1835
[18:07:27.465] [SEVERE ] updating countdown to 24935
[18:07:27.481] [SEVERE ] setting player 4 freeze to 1819
[18:07:27.481] [SEVERE ] updating countdown to 24919
[18:07:27.481] [SEVERE ] setting player 2 freeze to 2382
[18:07:27.481] [SEVERE ] setting player 3 freeze to 1820
