[2022-12-12 15:19:46] [INFO   ] cannot read configuration file config.properties trying from resources.
[2022-12-12 15:19:46] [INFO   ] configuration file was loaded from resources directory.
[2022-12-12 15:19:47] [INFO   ] Thread dealer starting.
[2022-12-12 15:19:47] [SEVERE ] placing card 0 in slot 0
[2022-12-12 15:19:47] [SEVERE ] placing card 34 in slot 1
[2022-12-12 15:19:47] [SEVERE ] placing card 43 in slot 2
[2022-12-12 15:19:47] [SEVERE ] placing card 76 in slot 3
[2022-12-12 15:19:47] [SEVERE ] placing card 42 in slot 4
[2022-12-12 15:19:48] [SEVERE ] placing card 49 in slot 5
[2022-12-12 15:19:48] [SEVERE ] placing card 70 in slot 6
[2022-12-12 15:19:48] [SEVERE ] placing card 11 in slot 7
[2022-12-12 15:19:48] [SEVERE ] placing card 2 in slot 8
[2022-12-12 15:19:48] [SEVERE ] placing card 31 in slot 9
[2022-12-12 15:19:48] [SEVERE ] placing card 23 in slot 10
[2022-12-12 15:19:48] [SEVERE ] placing card 10 in slot 11
[2022-12-12 15:19:49] [SEVERE ] Key 81 was pressed by player 0
[2022-12-12 15:19:49] [SEVERE ] player 0 placing token on slot 0
[2022-12-12 15:19:49] [SEVERE ] Key 87 was pressed by player 0
[2022-12-12 15:19:49] [SEVERE ] player 0 placing token on slot 1
[2022-12-12 15:19:49] [SEVERE ] Key 69 was pressed by player 0
[2022-12-12 15:19:49] [SEVERE ] player 0 placing token on slot 2
[2022-12-12 15:19:49] [SEVERE ] setting player 0 freeze to 1000
[2022-12-12 15:19:50] [SEVERE ] removing player 0 token from slot 0
[2022-12-12 15:19:50] [SEVERE ] removing player 0 token from slot 1
[2022-12-12 15:19:50] [SEVERE ] removing player 0 token from slot 2
[2022-12-12 15:19:54] [SEVERE ] Key 87 was pressed by player 0
[2022-12-12 15:19:54] [SEVERE ] player 0 placing token on slot 1
[2022-12-12 15:19:54] [SEVERE ] Key 81 was pressed by player 0
[2022-12-12 15:19:54] [SEVERE ] player 0 placing token on slot 0
[2022-12-12 15:19:54] [SEVERE ] Key 69 was pressed by player 0
[2022-12-12 15:19:54] [SEVERE ] player 0 placing token on slot 2
[2022-12-12 15:19:54] [SEVERE ] setting player 0 freeze to 1000
[2022-12-12 15:19:55] [SEVERE ] removing player 0 token from slot 1
[2022-12-12 15:19:55] [SEVERE ] removing player 0 token from slot 0
[2022-12-12 15:19:55] [SEVERE ] removing player 0 token from slot 2
[2022-12-12 15:19:58] [SEVERE ] Key 87 was pressed by player 0
[2022-12-12 15:19:58] [SEVERE ] player 0 placing token on slot 1
[2022-12-12 15:19:58] [SEVERE ] Key 81 was pressed by player 0
[2022-12-12 15:19:58] [SEVERE ] player 0 placing token on slot 0
[2022-12-12 15:19:58] [SEVERE ] Key 69 was pressed by player 0
[2022-12-12 15:19:58] [SEVERE ] player 0 placing token on slot 2
[2022-12-12 15:19:58] [SEVERE ] setting player 0 freeze to 1000
[2022-12-12 15:19:59] [SEVERE ] removing player 0 token from slot 1
[2022-12-12 15:19:59] [SEVERE ] removing player 0 token from slot 0
[2022-12-12 15:19:59] [SEVERE ] removing player 0 token from slot 2
[2022-12-12 15:19:59] [SEVERE ] Key 69 was pressed by player 0
[2022-12-12 15:19:59] [SEVERE ] player 0 placing token on slot 2
[2022-12-12 15:19:59] [SEVERE ] Key 87 was pressed by player 0
[2022-12-12 15:19:59] [SEVERE ] player 0 placing token on slot 1
[2022-12-12 15:19:59] [SEVERE ] Key 81 was pressed by player 0
[2022-12-12 15:19:59] [SEVERE ] player 0 placing token on slot 0
[2022-12-12 15:19:59] [SEVERE ] setting player 0 freeze to 1000
[2022-12-12 15:20:00] [SEVERE ] removing player 0 token from slot 2
[2022-12-12 15:20:00] [SEVERE ] removing player 0 token from slot 1
[2022-12-12 15:20:00] [SEVERE ] removing player 0 token from slot 0
[2022-12-12 15:20:02] [SEVERE ] Exit button pressed
[2022-12-12 15:20:03] [SEVERE ] removing card from slot 0
[2022-12-12 15:20:03] [SEVERE ] removing card from slot 1
[2022-12-12 15:20:03] [SEVERE ] removing card from slot 2
[2022-12-12 15:20:04] [SEVERE ] removing card from slot 3
[2022-12-12 15:20:04] [SEVERE ] removing card from slot 4
[2022-12-12 15:20:04] [SEVERE ] removing card from slot 5
[2022-12-12 15:20:04] [SEVERE ] removing card from slot 6
[2022-12-12 15:20:04] [SEVERE ] removing card from slot 7
[2022-12-12 15:20:04] [SEVERE ] removing card from slot 8
[2022-12-12 15:20:04] [SEVERE ] removing card from slot 9
[2022-12-12 15:20:04] [SEVERE ] removing card from slot 10
[2022-12-12 15:20:04] [SEVERE ] removing card from slot 11
[2022-12-12 15:20:04] [SEVERE ] placing card 3 in slot 0
