[2022-12-12 17:12:38] [INFO   ] cannot read configuration file config.properties trying from resources.
[2022-12-12 17:12:38] [INFO   ] configuration file was loaded from resources directory.
[2022-12-12 17:12:38] [INFO   ] Thread dealer starting.
[2022-12-12 17:12:38] [INFO   ] Thread Player 0starting.
[2022-12-12 17:12:38] [INFO   ] Thread Player 1starting.
[2022-12-12 17:12:38] [SEVERE ] placing card 57 in slot 0
[2022-12-12 17:12:38] [SEVERE ] placing card 56 in slot 1
[2022-12-12 17:12:39] [SEVERE ] placing card 75 in slot 2
[2022-12-12 17:12:39] [SEVERE ] placing card 5 in slot 3
[2022-12-12 17:12:39] [SEVERE ] placing card 51 in slot 4
[2022-12-12 17:12:39] [SEVERE ] placing card 3 in slot 5
[2022-12-12 17:12:39] [SEVERE ] placing card 67 in slot 6
[2022-12-12 17:12:39] [SEVERE ] placing card 73 in slot 7
[2022-12-12 17:12:39] [SEVERE ] placing card 33 in slot 8
[2022-12-12 17:12:39] [SEVERE ] placing card 23 in slot 9
[2022-12-12 17:12:39] [SEVERE ] placing card 20 in slot 10
[2022-12-12 17:12:39] [SEVERE ] placing card 15 in slot 11
[2022-12-12 17:12:40] [SEVERE ] Key 81 was pressed by player 0
[2022-12-12 17:12:40] [SEVERE ] player 0 placing token on slot 0
[2022-12-12 17:12:40] [SEVERE ] Key 87 was pressed by player 0
[2022-12-12 17:12:40] [SEVERE ] player 0 placing token on slot 1
[2022-12-12 17:12:40] [SEVERE ] Key 69 was pressed by player 0
[2022-12-12 17:12:40] [SEVERE ] player 0 placing token on slot 2
[2022-12-12 17:12:40] [SEVERE ] setting player 0 freeze to 1000
[2022-12-12 17:12:54] [SEVERE ] removing player 0 token from slot 0
[2022-12-12 17:12:54] [SEVERE ] removing player 0 token from slot 1
[2022-12-12 17:12:54] [SEVERE ] removing player 0 token from slot 2
[2022-12-12 17:12:55] [SEVERE ] removing card from slot 0
[2022-12-12 17:12:55] [SEVERE ] removing card from slot 1
[2022-12-12 17:12:55] [SEVERE ] removing card from slot 2
[2022-12-12 17:12:55] [SEVERE ] removing card from slot 3
[2022-12-12 17:12:55] [SEVERE ] removing card from slot 4
[2022-12-12 17:12:55] [SEVERE ] removing card from slot 5
[2022-12-12 17:12:55] [SEVERE ] removing card from slot 6
[2022-12-12 17:12:55] [SEVERE ] removing card from slot 7
[2022-12-12 17:12:55] [SEVERE ] removing card from slot 8
[2022-12-12 17:12:55] [SEVERE ] removing card from slot 9
[2022-12-12 17:12:56] [SEVERE ] removing card from slot 10
[2022-12-12 17:12:56] [SEVERE ] removing card from slot 11
[2022-12-12 17:12:56] [SEVERE ] placing card 71 in slot 0
[2022-12-12 17:12:56] [SEVERE ] placing card 50 in slot 1
[2022-12-12 17:12:56] [SEVERE ] placing card 17 in slot 2
[2022-12-12 17:12:56] [SEVERE ] placing card 8 in slot 3
[2022-12-12 17:12:56] [SEVERE ] placing card 48 in slot 4
[2022-12-12 17:12:56] [SEVERE ] placing card 41 in slot 5
[2022-12-12 17:12:56] [SEVERE ] placing card 64 in slot 6
[2022-12-12 17:12:56] [SEVERE ] placing card 56 in slot 7
[2022-12-12 17:12:57] [SEVERE ] placing card 39 in slot 8
[2022-12-12 17:12:57] [SEVERE ] placing card 67 in slot 9
[2022-12-12 17:12:57] [SEVERE ] placing card 4 in slot 10
[2022-12-12 17:12:57] [SEVERE ] placing card 72 in slot 11
[2022-12-12 17:13:02] [SEVERE ] Key 81 was pressed by player 0
[2022-12-12 17:13:02] [SEVERE ] player 0 placing token on slot 0
[2022-12-12 17:13:02] [SEVERE ] Key 87 was pressed by player 0
[2022-12-12 17:13:02] [SEVERE ] player 0 placing token on slot 1
[2022-12-12 17:13:02] [SEVERE ] Key 69 was pressed by player 0
[2022-12-12 17:13:02] [SEVERE ] player 0 placing token on slot 2
[2022-12-12 17:13:02] [SEVERE ] setting player 0 freeze to 1000
[2022-12-12 17:13:04] [SEVERE ] Key 69 was pressed by player 0
[2022-12-12 17:13:04] [SEVERE ] removing player 0 token from slot 2
[2022-12-12 17:13:04] [SEVERE ] Key 87 was pressed by player 0
[2022-12-12 17:13:04] [SEVERE ] removing player 0 token from slot 1
[2022-12-12 17:13:04] [SEVERE ] Key 81 was pressed by player 0
[2022-12-12 17:13:04] [SEVERE ] removing player 0 token from slot 0
[2022-12-12 17:13:04] [SEVERE ] Key 87 was pressed by player 0
[2022-12-12 17:13:04] [SEVERE ] player 0 placing token on slot 1
[2022-12-12 17:13:04] [SEVERE ] Key 69 was pressed by player 0
[2022-12-12 17:13:04] [SEVERE ] player 0 placing token on slot 2
[2022-12-12 17:13:05] [SEVERE ] Key 81 was pressed by player 0
[2022-12-12 17:13:05] [SEVERE ] player 0 placing token on slot 0
[2022-12-12 17:13:05] [SEVERE ] setting player 0 freeze to 1000
[2022-12-12 17:13:05] [SEVERE ] Key 87 was pressed by player 0
[2022-12-12 17:13:05] [SEVERE ] removing player 0 token from slot 1
[2022-12-12 17:13:05] [SEVERE ] Key 69 was pressed by player 0
[2022-12-12 17:13:05] [SEVERE ] removing player 0 token from slot 2
[2022-12-12 17:13:05] [SEVERE ] Key 69 was pressed by player 0
[2022-12-12 17:13:05] [SEVERE ] player 0 placing token on slot 2
[2022-12-12 17:13:05] [SEVERE ] Key 87 was pressed by player 0
[2022-12-12 17:13:05] [SEVERE ] player 0 placing token on slot 1
[2022-12-12 17:13:05] [SEVERE ] setting player 0 freeze to 1000
[2022-12-12 17:13:05] [SEVERE ] Key 81 was pressed by player 0
[2022-12-12 17:13:05] [SEVERE ] removing player 0 token from slot 0
[2022-12-12 17:13:06] [SEVERE ] Key 69 was pressed by player 0
[2022-12-12 17:13:06] [SEVERE ] removing player 0 token from slot 2
[2022-12-12 17:13:06] [SEVERE ] Key 83 was pressed by player 0
[2022-12-12 17:13:06] [SEVERE ] player 0 placing token on slot 5
[2022-12-12 17:13:06] [SEVERE ] Key 65 was pressed by player 0
[2022-12-12 17:13:06] [SEVERE ] player 0 placing token on slot 4
[2022-12-12 17:13:06] [SEVERE ] setting player 0 freeze to 1000
[2022-12-12 17:13:06] [SEVERE ] Key 68 was pressed by player 0
[2022-12-12 17:13:06] [SEVERE ] player 0 placing token on slot 6
[2022-12-12 17:13:07] [SEVERE ] Key 87 was pressed by player 0
[2022-12-12 17:13:07] [SEVERE ] removing player 0 token from slot 1
[2022-12-12 17:13:07] [SEVERE ] Key 81 was pressed by player 0
[2022-12-12 17:13:07] [SEVERE ] player 0 placing token on slot 0
[2022-12-12 17:13:07] [SEVERE ] Key 68 was pressed by player 0
[2022-12-12 17:13:07] [SEVERE ] removing player 0 token from slot 6
[2022-12-12 17:13:07] [SEVERE ] Key 88 was pressed by player 0
[2022-12-12 17:13:07] [SEVERE ] player 0 placing token on slot 9
[2022-12-12 17:13:07] [SEVERE ] Key 83 was pressed by player 0
[2022-12-12 17:13:07] [SEVERE ] removing player 0 token from slot 5
[2022-12-12 17:13:07] [SEVERE ] Key 90 was pressed by player 0
[2022-12-12 17:13:07] [SEVERE ] player 0 placing token on slot 8
[2022-12-12 17:13:07] [SEVERE ] Key 88 was pressed by player 0
[2022-12-12 17:13:07] [SEVERE ] removing player 0 token from slot 9
[2022-12-12 17:13:08] [SEVERE ] Key 88 was pressed by player 0
[2022-12-12 17:13:08] [SEVERE ] player 0 placing token on slot 9
[2022-12-12 17:13:08] [SEVERE ] Key 65 was pressed by player 0
[2022-12-12 17:13:08] [SEVERE ] removing player 0 token from slot 4
[2022-12-12 17:13:08] [SEVERE ] Key 83 was pressed by player 0
[2022-12-12 17:13:08] [SEVERE ] player 0 placing token on slot 5
[2022-12-12 17:13:08] [SEVERE ] Key 88 was pressed by player 0
[2022-12-12 17:13:08] [SEVERE ] removing player 0 token from slot 9
[2022-12-12 17:13:09] [SEVERE ] Key 67 was pressed by player 0
[2022-12-12 17:13:09] [SEVERE ] player 0 placing token on slot 10
