[2022-12-17 12:54:30] [INFO   ] cannot read configuration file config.properties trying from resources.
[2022-12-17 12:54:30] [INFO   ] configuration file was loaded from resources directory.
[2022-12-17 12:54:31] [INFO   ] Thread dealer starting.
[2022-12-17 12:54:31] [INFO   ] Thread Player 0starting.
[2022-12-17 12:54:31] [INFO   ] Thread Player 1starting.
[2022-12-17 12:54:31] [INFO   ] Thread Player 3starting.
[2022-12-17 12:54:31] [INFO   ] Thread Player 2starting.
[2022-12-17 12:54:31] [INFO   ] Thread computer-1 starting.
[2022-12-17 12:54:31] [INFO   ] Thread computer-2 starting.
[2022-12-17 12:54:31] [INFO   ] Thread computer-3 starting.
[2022-12-17 12:54:31] [SEVERE ] placing card 80 in slot 0
[2022-12-17 12:54:31] [SEVERE ] placing card 69 in slot 1
[2022-12-17 12:54:31] [SEVERE ] placing card 13 in slot 2
[2022-12-17 12:54:31] [SEVERE ] placing card 65 in slot 3
[2022-12-17 12:54:32] [SEVERE ] placing card 37 in slot 4
[2022-12-17 12:54:32] [SEVERE ] placing card 53 in slot 5
[2022-12-17 12:54:32] [SEVERE ] placing card 68 in slot 6
[2022-12-17 12:54:32] [SEVERE ] placing card 59 in slot 7
[2022-12-17 12:54:32] [SEVERE ] placing card 58 in slot 8
[2022-12-17 12:54:32] [SEVERE ] placing card 67 in slot 9
[2022-12-17 12:54:32] [SEVERE ] placing card 9 in slot 10
[2022-12-17 12:54:32] [SEVERE ] placing card 74 in slot 11
[2022-12-17 12:54:32] [SEVERE ] player 3 placing token on slot 9
[2022-12-17 12:54:32] [SEVERE ] player 2 placing token on slot 9
[2022-12-17 12:54:32] [SEVERE ] player 1 placing token on slot 8
[2022-12-17 12:54:33] [SEVERE ] player 1 placing token on slot 2
[2022-12-17 12:54:33] [SEVERE ] player 2 placing token on slot 7
[2022-12-17 12:54:33] [SEVERE ] removing player 3 token from slot 9
[2022-12-17 12:54:33] [SEVERE ] player 1 placing token on slot 4
[2022-12-17 12:54:33] [SEVERE ] player 2 placing token on slot 8
[2022-12-17 12:54:33] [SEVERE ] player 3 placing token on slot 11
[2022-12-17 12:54:33] [SEVERE ] removing player 2 token from slot 9
[2022-12-17 12:54:33] [SEVERE ] removing player 2 token from slot 7
[2022-12-17 12:54:33] [SEVERE ] removing player 2 token from slot 8
[2022-12-17 12:54:33] [SEVERE ] setting player 2 freeze to 3000
[2022-12-17 12:54:33] [SEVERE ] removing player 1 token from slot 8
[2022-12-17 12:54:33] [SEVERE ] setting player 2 freeze to 2988
[2022-12-17 12:54:33] [SEVERE ] removing player 1 token from slot 2
[2022-12-17 12:54:33] [SEVERE ] removing player 1 token from slot 4
[2022-12-17 12:54:33] [SEVERE ] setting player 1 freeze to 3000
[2022-12-17 12:54:33] [SEVERE ] setting player 2 freeze to 2976
[2022-12-17 12:54:33] [SEVERE ] setting player 1 freeze to 2988
[2022-12-17 12:54:33] [SEVERE ] setting player 2 freeze to 2965
[2022-12-17 12:54:33] [SEVERE ] setting player 1 freeze to 2976
[2022-12-17 12:54:33] [SEVERE ] setting player 2 freeze to 2954
[2022-12-17 12:54:33] [SEVERE ] setting player 1 freeze to 2965
[2022-12-17 12:54:33] [SEVERE ] setting player 2 freeze to 2943
[2022-12-17 12:54:33] [SEVERE ] setting player 1 freeze to 2953
[2022-12-17 12:54:33] [SEVERE ] setting player 2 freeze to 2932
[2022-12-17 12:54:33] [SEVERE ] setting player 1 freeze to 2942
[2022-12-17 12:54:33] [SEVERE ] setting player 2 freeze to 2921
[2022-12-17 12:54:33] [SEVERE ] setting player 1 freeze to 2930
[2022-12-17 12:54:33] [SEVERE ] setting player 2 freeze to 2910
[2022-12-17 12:54:33] [SEVERE ] setting player 1 freeze to 2919
[2022-12-17 12:54:33] [SEVERE ] setting player 2 freeze to 2899
[2022-12-17 12:54:33] [SEVERE ] setting player 1 freeze to 2908
[2022-12-17 12:54:33] [SEVERE ] setting player 2 freeze to 2888
[2022-12-17 12:54:33] [SEVERE ] setting player 1 freeze to 2897
[2022-12-17 12:54:33] [SEVERE ] setting player 2 freeze to 2877
[2022-12-17 12:54:33] [SEVERE ] setting player 1 freeze to 2886
[2022-12-17 12:54:33] [SEVERE ] setting player 2 freeze to 2866
[2022-12-17 12:54:33] [SEVERE ] setting player 1 freeze to 2875
[2022-12-17 12:54:33] [SEVERE ] setting player 2 freeze to 2855
[2022-12-17 12:54:33] [SEVERE ] setting player 1 freeze to 2864
[2022-12-17 12:54:33] [SEVERE ] setting player 2 freeze to 2844
[2022-12-17 12:54:33] [SEVERE ] setting player 1 freeze to 2853
[2022-12-17 12:54:33] [SEVERE ] setting player 2 freeze to 2833
[2022-12-17 12:54:33] [SEVERE ] setting player 1 freeze to 2842
[2022-12-17 12:54:33] [SEVERE ] setting player 2 freeze to 2822
[2022-12-17 12:54:33] [SEVERE ] setting player 1 freeze to 2831
[2022-12-17 12:54:33] [SEVERE ] setting player 2 freeze to 2811
[2022-12-17 12:54:33] [SEVERE ] setting player 1 freeze to 2820
[2022-12-17 12:54:33] [SEVERE ] setting player 2 freeze to 2800
[2022-12-17 12:54:33] [SEVERE ] setting player 1 freeze to 2809
[2022-12-17 12:54:33] [SEVERE ] setting player 2 freeze to 2789
[2022-12-17 12:54:33] [SEVERE ] setting player 1 freeze to 2798
[2022-12-17 12:54:33] [SEVERE ] setting player 2 freeze to 2778
[2022-12-17 12:54:33] [SEVERE ] setting player 1 freeze to 2787
[2022-12-17 12:54:33] [SEVERE ] setting player 2 freeze to 2768
[2022-12-17 12:54:33] [SEVERE ] setting player 1 freeze to 2777
[2022-12-17 12:54:33] [SEVERE ] setting player 2 freeze to 2757
[2022-12-17 12:54:33] [SEVERE ] setting player 1 freeze to 2766
[2022-12-17 12:54:33] [SEVERE ] setting player 2 freeze to 2746
[2022-12-17 12:54:33] [SEVERE ] setting player 1 freeze to 2755
[2022-12-17 12:54:33] [SEVERE ] setting player 2 freeze to 2735
[2022-12-17 12:54:33] [SEVERE ] setting player 1 freeze to 2744
[2022-12-17 12:54:33] [SEVERE ] setting player 2 freeze to 2724
[2022-12-17 12:54:33] [SEVERE ] setting player 1 freeze to 2733
[2022-12-17 12:54:33] [SEVERE ] player 3 placing token on slot 10
[2022-12-17 12:54:33] [SEVERE ] setting player 2 freeze to 2713
[2022-12-17 12:54:33] [SEVERE ] setting player 1 freeze to 2722
[2022-12-17 12:54:33] [SEVERE ] setting player 2 freeze to 2702
[2022-12-17 12:54:33] [SEVERE ] setting player 1 freeze to 2711
[2022-12-17 12:54:33] [SEVERE ] setting player 2 freeze to 2691
[2022-12-17 12:54:33] [SEVERE ] setting player 1 freeze to 2700
[2022-12-17 12:54:33] [SEVERE ] setting player 2 freeze to 2680
[2022-12-17 12:54:33] [SEVERE ] setting player 1 freeze to 2689
[2022-12-17 12:54:33] [SEVERE ] setting player 2 freeze to 2669
[2022-12-17 12:54:33] [SEVERE ] setting player 1 freeze to 2678
[2022-12-17 12:54:33] [SEVERE ] setting player 2 freeze to 2658
[2022-12-17 12:54:33] [SEVERE ] setting player 1 freeze to 2667
[2022-12-17 12:54:33] [SEVERE ] setting player 2 freeze to 2647
[2022-12-17 12:54:33] [SEVERE ] setting player 1 freeze to 2655
[2022-12-17 12:54:33] [SEVERE ] setting player 2 freeze to 2636
[2022-12-17 12:54:33] [SEVERE ] setting player 1 freeze to 2644
[2022-12-17 12:54:33] [SEVERE ] setting player 2 freeze to 2625
[2022-12-17 12:54:33] [SEVERE ] setting player 1 freeze to 2633
[2022-12-17 12:54:33] [SEVERE ] setting player 2 freeze to 2614
[2022-12-17 12:54:33] [SEVERE ] setting player 1 freeze to 2622
[2022-12-17 12:54:33] [SEVERE ] setting player 2 freeze to 2603
[2022-12-17 12:54:33] [SEVERE ] setting player 1 freeze to 2611
[2022-12-17 12:54:33] [SEVERE ] setting player 2 freeze to 2592
[2022-12-17 12:54:33] [SEVERE ] setting player 1 freeze to 2600
[2022-12-17 12:54:33] [SEVERE ] setting player 2 freeze to 2581
[2022-12-17 12:54:33] [SEVERE ] setting player 1 freeze to 2589
[2022-12-17 12:54:33] [SEVERE ] setting player 2 freeze to 2570
[2022-12-17 12:54:33] [SEVERE ] setting player 1 freeze to 2578
[2022-12-17 12:54:33] [SEVERE ] setting player 2 freeze to 2559
[2022-12-17 12:54:33] [SEVERE ] setting player 1 freeze to 2567
[2022-12-17 12:54:33] [SEVERE ] setting player 2 freeze to 2548
[2022-12-17 12:54:33] [SEVERE ] setting player 1 freeze to 2556
[2022-12-17 12:54:33] [SEVERE ] setting player 2 freeze to 2537
[2022-12-17 12:54:33] [SEVERE ] setting player 1 freeze to 2545
[2022-12-17 12:54:33] [SEVERE ] setting player 2 freeze to 2526
[2022-12-17 12:54:33] [SEVERE ] setting player 1 freeze to 2534
[2022-12-17 12:54:33] [SEVERE ] setting player 2 freeze to 2515
[2022-12-17 12:54:33] [SEVERE ] setting player 1 freeze to 2523
[2022-12-17 12:54:33] [SEVERE ] setting player 2 freeze to 2504
[2022-12-17 12:54:33] [SEVERE ] setting player 1 freeze to 2512
[2022-12-17 12:54:33] [SEVERE ] setting player 2 freeze to 2493
[2022-12-17 12:54:33] [SEVERE ] setting player 1 freeze to 2501
[2022-12-17 12:54:33] [SEVERE ] setting player 2 freeze to 2482
[2022-12-17 12:54:33] [SEVERE ] setting player 1 freeze to 2490
[2022-12-17 12:54:33] [SEVERE ] setting player 2 freeze to 2471
[2022-12-17 12:54:33] [SEVERE ] setting player 1 freeze to 2479
[2022-12-17 12:54:33] [SEVERE ] setting player 2 freeze to 2460
[2022-12-17 12:54:34] [SEVERE ] setting player 1 freeze to 2468
[2022-12-17 12:54:34] [SEVERE ] setting player 2 freeze to 2449
[2022-12-17 12:54:34] [SEVERE ] setting player 1 freeze to 2457
[2022-12-17 12:54:34] [SEVERE ] setting player 2 freeze to 2438
[2022-12-17 12:54:34] [SEVERE ] setting player 1 freeze to 2446
[2022-12-17 12:54:34] [SEVERE ] player 3 placing token on slot 4
[2022-12-17 12:54:34] [SEVERE ] removing player 3 token from slot 11
[2022-12-17 12:54:34] [SEVERE ] removing player 3 token from slot 10
[2022-12-17 12:54:34] [SEVERE ] removing player 3 token from slot 4
[2022-12-17 12:54:34] [SEVERE ] setting player 3 freeze to 3000
[2022-12-17 12:54:34] [SEVERE ] setting player 2 freeze to 2427
[2022-12-17 12:54:34] [SEVERE ] setting player 1 freeze to 2435
[2022-12-17 12:54:34] [SEVERE ] setting player 3 freeze to 2989
[2022-12-17 12:54:34] [SEVERE ] setting player 2 freeze to 2415
[2022-12-17 12:54:34] [SEVERE ] setting player 1 freeze to 2424
[2022-12-17 12:54:34] [SEVERE ] setting player 3 freeze to 2978
[2022-12-17 12:54:34] [SEVERE ] setting player 2 freeze to 2404
[2022-12-17 12:54:34] [SEVERE ] setting player 1 freeze to 2413
[2022-12-17 12:54:34] [SEVERE ] setting player 3 freeze to 2967
[2022-12-17 12:54:34] [SEVERE ] setting player 2 freeze to 2394
[2022-12-17 12:54:34] [SEVERE ] setting player 1 freeze to 2403
[2022-12-17 12:54:34] [SEVERE ] setting player 3 freeze to 2957
[2022-12-17 12:54:34] [SEVERE ] setting player 2 freeze to 2383
[2022-12-17 12:54:34] [SEVERE ] setting player 1 freeze to 2392
[2022-12-17 12:54:34] [SEVERE ] setting player 3 freeze to 2946
[2022-12-17 12:54:34] [SEVERE ] setting player 2 freeze to 2372
[2022-12-17 12:54:34] [SEVERE ] setting player 1 freeze to 2381
[2022-12-17 12:54:34] [SEVERE ] setting player 3 freeze to 2935
[2022-12-17 12:54:34] [SEVERE ] setting player 2 freeze to 2361
[2022-12-17 12:54:34] [SEVERE ] setting player 1 freeze to 2370
[2022-12-17 12:54:34] [SEVERE ] setting player 3 freeze to 2924
[2022-12-17 12:54:34] [SEVERE ] setting player 2 freeze to 2350
[2022-12-17 12:54:34] [SEVERE ] setting player 1 freeze to 2359
[2022-12-17 12:54:34] [SEVERE ] setting player 3 freeze to 2913
[2022-12-17 12:54:34] [SEVERE ] setting player 2 freeze to 2339
[2022-12-17 12:54:34] [SEVERE ] setting player 1 freeze to 2348
[2022-12-17 12:54:34] [SEVERE ] setting player 3 freeze to 2902
[2022-12-17 12:54:34] [SEVERE ] setting player 2 freeze to 2328
[2022-12-17 12:54:34] [SEVERE ] setting player 1 freeze to 2337
[2022-12-17 12:54:34] [SEVERE ] setting player 3 freeze to 2891
[2022-12-17 12:54:34] [SEVERE ] setting player 2 freeze to 2317
[2022-12-17 12:54:34] [SEVERE ] setting player 1 freeze to 2326
[2022-12-17 12:54:34] [SEVERE ] setting player 3 freeze to 2880
[2022-12-17 12:54:34] [SEVERE ] setting player 2 freeze to 2306
[2022-12-17 12:54:34] [SEVERE ] setting player 1 freeze to 2315
[2022-12-17 12:54:34] [SEVERE ] setting player 3 freeze to 2869
[2022-12-17 12:54:34] [SEVERE ] setting player 2 freeze to 2295
[2022-12-17 12:54:34] [SEVERE ] setting player 1 freeze to 2304
[2022-12-17 12:54:34] [SEVERE ] setting player 3 freeze to 2858
[2022-12-17 12:54:34] [SEVERE ] setting player 2 freeze to 2284
[2022-12-17 12:54:34] [SEVERE ] setting player 1 freeze to 2293
[2022-12-17 12:54:34] [SEVERE ] setting player 3 freeze to 2847
[2022-12-17 12:54:34] [SEVERE ] setting player 2 freeze to 2273
[2022-12-17 12:54:34] [SEVERE ] setting player 1 freeze to 2282
[2022-12-17 12:54:34] [SEVERE ] setting player 3 freeze to 2836
[2022-12-17 12:54:34] [SEVERE ] setting player 2 freeze to 2262
[2022-12-17 12:54:34] [SEVERE ] setting player 1 freeze to 2271
[2022-12-17 12:54:34] [SEVERE ] setting player 3 freeze to 2825
[2022-12-17 12:54:34] [SEVERE ] setting player 2 freeze to 2251
[2022-12-17 12:54:34] [SEVERE ] setting player 1 freeze to 2260
[2022-12-17 12:54:34] [SEVERE ] setting player 3 freeze to 2814
[2022-12-17 12:54:34] [SEVERE ] setting player 2 freeze to 2240
[2022-12-17 12:54:34] [SEVERE ] setting player 1 freeze to 2249
[2022-12-17 12:54:34] [SEVERE ] setting player 3 freeze to 2803
[2022-12-17 12:54:34] [SEVERE ] setting player 2 freeze to 2229
[2022-12-17 12:54:34] [SEVERE ] setting player 1 freeze to 2238
[2022-12-17 12:54:34] [SEVERE ] setting player 3 freeze to 2792
[2022-12-17 12:54:34] [SEVERE ] setting player 2 freeze to 2218
[2022-12-17 12:54:34] [SEVERE ] setting player 1 freeze to 2227
[2022-12-17 12:54:34] [SEVERE ] setting player 3 freeze to 2781
[2022-12-17 12:54:34] [SEVERE ] setting player 2 freeze to 2207
[2022-12-17 12:54:34] [SEVERE ] setting player 1 freeze to 2216
[2022-12-17 12:54:34] [SEVERE ] setting player 3 freeze to 2770
[2022-12-17 12:54:34] [SEVERE ] setting player 2 freeze to 2196
[2022-12-17 12:54:34] [SEVERE ] setting player 1 freeze to 2205
[2022-12-17 12:54:34] [SEVERE ] setting player 3 freeze to 2759
[2022-12-17 12:54:34] [SEVERE ] setting player 2 freeze to 2185
[2022-12-17 12:54:34] [SEVERE ] setting player 1 freeze to 2194
[2022-12-17 12:54:34] [SEVERE ] setting player 3 freeze to 2748
[2022-12-17 12:54:34] [SEVERE ] setting player 2 freeze to 2174
[2022-12-17 12:54:34] [SEVERE ] setting player 1 freeze to 2183
[2022-12-17 12:54:34] [SEVERE ] setting player 3 freeze to 2737
[2022-12-17 12:54:34] [SEVERE ] setting player 2 freeze to 2163
[2022-12-17 12:54:34] [SEVERE ] setting player 1 freeze to 2172
[2022-12-17 12:54:34] [SEVERE ] setting player 3 freeze to 2726
[2022-12-17 12:54:34] [SEVERE ] setting player 2 freeze to 2152
[2022-12-17 12:54:34] [SEVERE ] setting player 1 freeze to 2161
[2022-12-17 12:54:34] [SEVERE ] setting player 3 freeze to 2715
[2022-12-17 12:54:34] [SEVERE ] setting player 2 freeze to 2141
[2022-12-17 12:54:34] [SEVERE ] setting player 1 freeze to 2150
[2022-12-17 12:54:34] [SEVERE ] setting player 3 freeze to 2704
[2022-12-17 12:54:34] [SEVERE ] setting player 2 freeze to 2130
[2022-12-17 12:54:34] [SEVERE ] setting player 1 freeze to 2139
[2022-12-17 12:54:34] [SEVERE ] setting player 3 freeze to 2693
[2022-12-17 12:54:34] [SEVERE ] setting player 2 freeze to 2119
[2022-12-17 12:54:34] [SEVERE ] setting player 1 freeze to 2128
[2022-12-17 12:54:34] [SEVERE ] setting player 3 freeze to 2682
[2022-12-17 12:54:34] [SEVERE ] setting player 2 freeze to 2108
[2022-12-17 12:54:34] [SEVERE ] setting player 1 freeze to 2117
[2022-12-17 12:54:34] [SEVERE ] setting player 3 freeze to 2671
[2022-12-17 12:54:34] [SEVERE ] setting player 2 freeze to 2097
[2022-12-17 12:54:34] [SEVERE ] setting player 1 freeze to 2106
[2022-12-17 12:54:34] [SEVERE ] setting player 3 freeze to 2660
[2022-12-17 12:54:34] [SEVERE ] setting player 2 freeze to 2086
[2022-12-17 12:54:34] [SEVERE ] setting player 1 freeze to 2095
[2022-12-17 12:54:34] [SEVERE ] setting player 3 freeze to 2649
[2022-12-17 12:54:34] [SEVERE ] setting player 2 freeze to 2075
[2022-12-17 12:54:34] [SEVERE ] setting player 1 freeze to 2084
[2022-12-17 12:54:34] [SEVERE ] setting player 3 freeze to 2638
[2022-12-17 12:54:34] [SEVERE ] setting player 2 freeze to 2064
[2022-12-17 12:54:34] [SEVERE ] setting player 1 freeze to 2073
[2022-12-17 12:54:34] [SEVERE ] setting player 3 freeze to 2627
[2022-12-17 12:54:34] [SEVERE ] setting player 2 freeze to 2053
[2022-12-17 12:54:34] [SEVERE ] setting player 1 freeze to 2062
[2022-12-17 12:54:34] [SEVERE ] setting player 3 freeze to 2616
[2022-12-17 12:54:34] [SEVERE ] setting player 2 freeze to 2042
[2022-12-17 12:54:34] [SEVERE ] setting player 1 freeze to 2051
[2022-12-17 12:54:34] [SEVERE ] setting player 3 freeze to 2605
[2022-12-17 12:54:34] [SEVERE ] setting player 2 freeze to 2031
[2022-12-17 12:54:34] [SEVERE ] setting player 1 freeze to 2040
[2022-12-17 12:54:34] [SEVERE ] setting player 3 freeze to 2594
[2022-12-17 12:54:34] [SEVERE ] setting player 2 freeze to 2020
[2022-12-17 12:54:34] [SEVERE ] setting player 1 freeze to 2030
[2022-12-17 12:54:34] [SEVERE ] setting player 3 freeze to 2584
[2022-12-17 12:54:34] [SEVERE ] setting player 2 freeze to 2010
[2022-12-17 12:54:34] [SEVERE ] setting player 1 freeze to 2019
[2022-12-17 12:54:34] [SEVERE ] setting player 3 freeze to 2573
[2022-12-17 12:54:34] [SEVERE ] setting player 2 freeze to 1999
[2022-12-17 12:54:34] [SEVERE ] setting player 1 freeze to 2008
[2022-12-17 12:54:34] [SEVERE ] setting player 3 freeze to 2562
[2022-12-17 12:54:34] [SEVERE ] setting player 2 freeze to 1988
[2022-12-17 12:54:34] [SEVERE ] setting player 1 freeze to 1997
[2022-12-17 12:54:34] [SEVERE ] setting player 3 freeze to 2551
[2022-12-17 12:54:34] [SEVERE ] setting player 2 freeze to 1977
[2022-12-17 12:54:34] [SEVERE ] setting player 1 freeze to 1986
[2022-12-17 12:54:34] [SEVERE ] setting player 3 freeze to 2540
[2022-12-17 12:54:34] [SEVERE ] setting player 2 freeze to 1966
[2022-12-17 12:54:34] [SEVERE ] setting player 1 freeze to 1975
[2022-12-17 12:54:34] [SEVERE ] setting player 3 freeze to 2529
[2022-12-17 12:54:34] [SEVERE ] setting player 2 freeze to 1955
[2022-12-17 12:54:34] [SEVERE ] setting player 1 freeze to 1964
[2022-12-17 12:54:34] [SEVERE ] setting player 3 freeze to 2518
[2022-12-17 12:54:34] [SEVERE ] setting player 2 freeze to 1944
[2022-12-17 12:54:34] [SEVERE ] setting player 1 freeze to 1953
[2022-12-17 12:54:34] [SEVERE ] setting player 3 freeze to 2507
[2022-12-17 12:54:34] [SEVERE ] setting player 2 freeze to 1933
[2022-12-17 12:54:34] [SEVERE ] setting player 1 freeze to 1942
[2022-12-17 12:54:34] [SEVERE ] setting player 3 freeze to 2496
[2022-12-17 12:54:34] [SEVERE ] setting player 2 freeze to 1922
[2022-12-17 12:54:34] [SEVERE ] setting player 1 freeze to 1931
[2022-12-17 12:54:34] [SEVERE ] setting player 3 freeze to 2485
[2022-12-17 12:54:34] [SEVERE ] setting player 2 freeze to 1911
[2022-12-17 12:54:34] [SEVERE ] setting player 1 freeze to 1920
[2022-12-17 12:54:34] [SEVERE ] setting player 3 freeze to 2474
[2022-12-17 12:54:34] [SEVERE ] setting player 2 freeze to 1900
[2022-12-17 12:54:34] [SEVERE ] setting player 1 freeze to 1909
[2022-12-17 12:54:34] [SEVERE ] setting player 3 freeze to 2463
[2022-12-17 12:54:34] [SEVERE ] setting player 2 freeze to 1889
[2022-12-17 12:54:34] [SEVERE ] setting player 1 freeze to 1898
[2022-12-17 12:54:34] [SEVERE ] setting player 3 freeze to 2452
[2022-12-17 12:54:34] [SEVERE ] setting player 2 freeze to 1878
[2022-12-17 12:54:34] [SEVERE ] setting player 1 freeze to 1887
[2022-12-17 12:54:34] [SEVERE ] setting player 3 freeze to 2433
[2022-12-17 12:54:34] [SEVERE ] setting player 2 freeze to 1863
[2022-12-17 12:54:34] [SEVERE ] setting player 1 freeze to 1865
[2022-12-17 12:54:34] [SEVERE ] setting player 2 freeze to 1850
[2022-12-17 12:54:34] [SEVERE ] setting player 3 freeze to 2420
[2022-12-17 12:54:34] [SEVERE ] setting player 1 freeze to 1854
[2022-12-17 12:54:34] [SEVERE ] setting player 2 freeze to 1839
[2022-12-17 12:54:34] [SEVERE ] setting player 3 freeze to 2409
[2022-12-17 12:54:34] [SEVERE ] setting player 3 freeze to 2398
[2022-12-17 12:54:34] [SEVERE ] setting player 2 freeze to 1828
[2022-12-17 12:54:34] [SEVERE ] setting player 1 freeze to 1843
[2022-12-17 12:54:34] [SEVERE ] setting player 1 freeze to 1832
[2022-12-17 12:54:34] [SEVERE ] setting player 2 freeze to 1817
[2022-12-17 12:54:34] [SEVERE ] setting player 3 freeze to 2387
[2022-12-17 12:54:34] [SEVERE ] setting player 1 freeze to 1821
[2022-12-17 12:54:34] [SEVERE ] setting player 3 freeze to 2376
[2022-12-17 12:54:34] [SEVERE ] setting player 2 freeze to 1806
[2022-12-17 12:54:34] [SEVERE ] setting player 1 freeze to 1810
[2022-12-17 12:54:34] [SEVERE ] setting player 3 freeze to 2365
[2022-12-17 12:54:34] [SEVERE ] setting player 2 freeze to 1795
[2022-12-17 12:54:34] [SEVERE ] setting player 1 freeze to 1799
[2022-12-17 12:54:34] [SEVERE ] setting player 3 freeze to 2354
[2022-12-17 12:54:34] [SEVERE ] setting player 2 freeze to 1784
[2022-12-17 12:54:34] [SEVERE ] setting player 1 freeze to 1788
[2022-12-17 12:54:34] [SEVERE ] setting player 3 freeze to 2343
[2022-12-17 12:54:34] [SEVERE ] setting player 2 freeze to 1773
[2022-12-17 12:54:34] [SEVERE ] setting player 1 freeze to 1777
[2022-12-17 12:54:34] [SEVERE ] setting player 3 freeze to 2332
[2022-12-17 12:54:34] [SEVERE ] setting player 2 freeze to 1762
[2022-12-17 12:54:34] [SEVERE ] setting player 1 freeze to 1764
[2022-12-17 12:54:34] [SEVERE ] setting player 3 freeze to 2318
[2022-12-17 12:54:34] [SEVERE ] setting player 2 freeze to 1748
[2022-12-17 12:54:34] [SEVERE ] setting player 2 freeze to 1737
[2022-12-17 12:54:34] [SEVERE ] setting player 1 freeze to 1752
[2022-12-17 12:54:34] [SEVERE ] setting player 3 freeze to 2307
[2022-12-17 12:54:34] [SEVERE ] setting player 3 freeze to 2296
[2022-12-17 12:54:34] [SEVERE ] setting player 1 freeze to 1741
[2022-12-17 12:54:34] [SEVERE ] setting player 2 freeze to 1726
[2022-12-17 12:54:34] [SEVERE ] setting player 1 freeze to 1730
[2022-12-17 12:54:34] [SEVERE ] setting player 2 freeze to 1715
[2022-12-17 12:54:34] [SEVERE ] setting player 3 freeze to 2285
[2022-12-17 12:54:34] [SEVERE ] setting player 2 freeze to 1704
[2022-12-17 12:54:34] [SEVERE ] setting player 3 freeze to 2274
[2022-12-17 12:54:34] [SEVERE ] setting player 1 freeze to 1719
[2022-12-17 12:54:34] [SEVERE ] setting player 1 freeze to 1708
[2022-12-17 12:54:34] [SEVERE ] setting player 2 freeze to 1693
[2022-12-17 12:54:34] [SEVERE ] setting player 3 freeze to 2263
[2022-12-17 12:54:34] [SEVERE ] setting player 1 freeze to 1697
[2022-12-17 12:54:34] [SEVERE ] setting player 3 freeze to 2252
[2022-12-17 12:54:34] [SEVERE ] setting player 2 freeze to 1682
[2022-12-17 12:54:34] [SEVERE ] setting player 2 freeze to 1671
[2022-12-17 12:54:34] [SEVERE ] setting player 3 freeze to 2241
[2022-12-17 12:54:34] [SEVERE ] setting player 1 freeze to 1686
[2022-12-17 12:54:34] [SEVERE ] setting player 2 freeze to 1660
[2022-12-17 12:54:34] [SEVERE ] setting player 1 freeze to 1675
[2022-12-17 12:54:34] [SEVERE ] setting player 3 freeze to 2230
[2022-12-17 12:54:34] [SEVERE ] setting player 1 freeze to 1664
[2022-12-17 12:54:34] [SEVERE ] setting player 3 freeze to 2219
[2022-12-17 12:54:34] [SEVERE ] setting player 2 freeze to 1649
[2022-12-17 12:54:34] [SEVERE ] setting player 1 freeze to 1654
[2022-12-17 12:54:34] [SEVERE ] setting player 2 freeze to 1639
[2022-12-17 12:54:34] [SEVERE ] setting player 3 freeze to 2209
[2022-12-17 12:54:34] [SEVERE ] setting player 1 freeze to 1643
[2022-12-17 12:54:34] [SEVERE ] setting player 2 freeze to 1628
[2022-12-17 12:54:34] [SEVERE ] setting player 3 freeze to 2198
[2022-12-17 12:54:34] [SEVERE ] setting player 2 freeze to 1617
[2022-12-17 12:54:34] [SEVERE ] setting player 3 freeze to 2187
[2022-12-17 12:54:34] [SEVERE ] setting player 1 freeze to 1632
[2022-12-17 12:54:34] [SEVERE ] setting player 1 freeze to 1621
[2022-12-17 12:54:34] [SEVERE ] setting player 3 freeze to 2176
[2022-12-17 12:54:34] [SEVERE ] setting player 2 freeze to 1606
[2022-12-17 12:54:34] [SEVERE ] setting player 2 freeze to 1595
[2022-12-17 12:54:34] [SEVERE ] setting player 3 freeze to 2165
[2022-12-17 12:54:34] [SEVERE ] setting player 1 freeze to 1610
[2022-12-17 12:54:34] [SEVERE ] setting player 1 freeze to 1599
[2022-12-17 12:54:34] [SEVERE ] setting player 2 freeze to 1584
[2022-12-17 12:54:34] [SEVERE ] setting player 3 freeze to 2154
[2022-12-17 12:54:34] [SEVERE ] setting player 2 freeze to 1573
[2022-12-17 12:54:34] [SEVERE ] setting player 3 freeze to 2143
[2022-12-17 12:54:34] [SEVERE ] setting player 1 freeze to 1588
[2022-12-17 12:54:34] [SEVERE ] setting player 1 freeze to 1577
[2022-12-17 12:54:34] [SEVERE ] setting player 2 freeze to 1562
[2022-12-17 12:54:34] [SEVERE ] setting player 3 freeze to 2132
[2022-12-17 12:54:34] [SEVERE ] setting player 1 freeze to 1566
[2022-12-17 12:54:34] [SEVERE ] setting player 3 freeze to 2121
[2022-12-17 12:54:34] [SEVERE ] setting player 2 freeze to 1551
[2022-12-17 12:54:34] [SEVERE ] setting player 2 freeze to 1540
[2022-12-17 12:54:34] [SEVERE ] setting player 1 freeze to 1555
[2022-12-17 12:54:34] [SEVERE ] setting player 3 freeze to 2110
[2022-12-17 12:54:34] [SEVERE ] setting player 2 freeze to 1529
[2022-12-17 12:54:34] [SEVERE ] setting player 3 freeze to 2099
[2022-12-17 12:54:34] [SEVERE ] setting player 1 freeze to 1544
[2022-12-17 12:54:34] [SEVERE ] setting player 1 freeze to 1533
[2022-12-17 12:54:34] [SEVERE ] setting player 2 freeze to 1518
[2022-12-17 12:54:34] [SEVERE ] setting player 3 freeze to 2088
[2022-12-17 12:54:34] [SEVERE ] setting player 1 freeze to 1522
[2022-12-17 12:54:34] [SEVERE ] setting player 2 freeze to 1507
[2022-12-17 12:54:34] [SEVERE ] setting player 3 freeze to 2077
[2022-12-17 12:54:34] [SEVERE ] setting player 3 freeze to 2066
[2022-12-17 12:54:34] [SEVERE ] setting player 2 freeze to 1496
[2022-12-17 12:54:34] [SEVERE ] setting player 3 freeze to 2055
[2022-12-17 12:54:34] [SEVERE ] setting player 2 freeze to 1485
[2022-12-17 12:54:34] [SEVERE ] setting player 2 freeze to 1474
[2022-12-17 12:54:34] [SEVERE ] setting player 3 freeze to 2044
[2022-12-17 12:54:34] [SEVERE ] setting player 1 freeze to 1483
[2022-12-17 12:54:34] [SEVERE ] setting player 2 freeze to 1463
[2022-12-17 12:54:34] [SEVERE ] setting player 3 freeze to 2033
[2022-12-17 12:54:35] [SEVERE ] setting player 1 freeze to 1472
[2022-12-17 12:54:35] [SEVERE ] setting player 2 freeze to 1452
[2022-12-17 12:54:35] [SEVERE ] setting player 3 freeze to 2022
[2022-12-17 12:54:35] [SEVERE ] setting player 1 freeze to 1461
[2022-12-17 12:54:35] [SEVERE ] setting player 2 freeze to 1441
[2022-12-17 12:54:35] [SEVERE ] setting player 3 freeze to 2011
[2022-12-17 12:54:35] [SEVERE ] setting player 1 freeze to 1450
[2022-12-17 12:54:35] [SEVERE ] setting player 3 freeze to 2000
[2022-12-17 12:54:35] [SEVERE ] setting player 2 freeze to 1430
[2022-12-17 12:54:35] [SEVERE ] setting player 1 freeze to 1439
[2022-12-17 12:54:35] [SEVERE ] setting player 3 freeze to 1989
[2022-12-17 12:54:35] [SEVERE ] setting player 2 freeze to 1419
[2022-12-17 12:54:35] [SEVERE ] setting player 1 freeze to 1428
[2022-12-17 12:54:35] [SEVERE ] setting player 3 freeze to 1978
[2022-12-17 12:54:35] [SEVERE ] setting player 2 freeze to 1408
[2022-12-17 12:54:35] [SEVERE ] setting player 1 freeze to 1415
[2022-12-17 12:54:35] [SEVERE ] setting player 2 freeze to 1397
[2022-12-17 12:54:35] [SEVERE ] setting player 3 freeze to 1967
[2022-12-17 12:54:35] [SEVERE ] setting player 1 freeze to 1404
[2022-12-17 12:54:35] [SEVERE ] setting player 3 freeze to 1956
[2022-12-17 12:54:35] [SEVERE ] setting player 2 freeze to 1386
[2022-12-17 12:54:35] [SEVERE ] setting player 1 freeze to 1393
[2022-12-17 12:54:35] [SEVERE ] setting player 2 freeze to 1375
[2022-12-17 12:54:35] [SEVERE ] setting player 3 freeze to 1945
[2022-12-17 12:54:35] [SEVERE ] setting player 1 freeze to 1382
[2022-12-17 12:54:35] [SEVERE ] setting player 3 freeze to 1934
[2022-12-17 12:54:35] [SEVERE ] setting player 2 freeze to 1364
[2022-12-17 12:54:35] [SEVERE ] setting player 1 freeze to 1371
[2022-12-17 12:54:35] [SEVERE ] setting player 2 freeze to 1353
[2022-12-17 12:54:35] [SEVERE ] setting player 3 freeze to 1923
[2022-12-17 12:54:35] [SEVERE ] setting player 1 freeze to 1360
[2022-12-17 12:54:35] [SEVERE ] setting player 3 freeze to 1912
[2022-12-17 12:54:35] [SEVERE ] setting player 2 freeze to 1342
[2022-12-17 12:54:35] [SEVERE ] setting player 1 freeze to 1349
[2022-12-17 12:54:35] [SEVERE ] setting player 3 freeze to 1901
[2022-12-17 12:54:35] [SEVERE ] setting player 2 freeze to 1331
[2022-12-17 12:54:35] [SEVERE ] setting player 1 freeze to 1338
[2022-12-17 12:54:35] [SEVERE ] setting player 3 freeze to 1890
[2022-12-17 12:54:35] [SEVERE ] setting player 2 freeze to 1320
[2022-12-17 12:54:35] [SEVERE ] setting player 1 freeze to 1327
[2022-12-17 12:54:35] [SEVERE ] setting player 2 freeze to 1309
[2022-12-17 12:54:35] [SEVERE ] setting player 3 freeze to 1879
[2022-12-17 12:54:35] [SEVERE ] setting player 1 freeze to 1316
[2022-12-17 12:54:35] [SEVERE ] setting player 3 freeze to 1868
[2022-12-17 12:54:35] [SEVERE ] setting player 2 freeze to 1298
[2022-12-17 12:54:35] [SEVERE ] setting player 1 freeze to 1305
[2022-12-17 12:54:35] [SEVERE ] setting player 2 freeze to 1287
[2022-12-17 12:54:35] [SEVERE ] setting player 3 freeze to 1857
[2022-12-17 12:54:35] [SEVERE ] setting player 1 freeze to 1294
[2022-12-17 12:54:35] [SEVERE ] setting player 3 freeze to 1846
[2022-12-17 12:54:35] [SEVERE ] setting player 2 freeze to 1276
[2022-12-17 12:54:35] [SEVERE ] setting player 1 freeze to 1284
[2022-12-17 12:54:35] [SEVERE ] setting player 2 freeze to 1266
[2022-12-17 12:54:35] [SEVERE ] setting player 3 freeze to 1836
[2022-12-17 12:54:35] [SEVERE ] setting player 1 freeze to 1273
[2022-12-17 12:54:35] [SEVERE ] setting player 3 freeze to 1825
[2022-12-17 12:54:35] [SEVERE ] setting player 2 freeze to 1255
[2022-12-17 12:54:35] [SEVERE ] setting player 1 freeze to 1262
[2022-12-17 12:54:35] [SEVERE ] setting player 2 freeze to 1244
[2022-12-17 12:54:35] [SEVERE ] setting player 3 freeze to 1814
[2022-12-17 12:54:35] [SEVERE ] setting player 1 freeze to 1251
[2022-12-17 12:54:35] [SEVERE ] setting player 2 freeze to 1233
[2022-12-17 12:54:35] [SEVERE ] setting player 3 freeze to 1803
[2022-12-17 12:54:35] [SEVERE ] setting player 1 freeze to 1240
[2022-12-17 12:54:35] [SEVERE ] setting player 2 freeze to 1222
[2022-12-17 12:54:35] [SEVERE ] setting player 3 freeze to 1792
[2022-12-17 12:54:35] [SEVERE ] setting player 1 freeze to 1229
[2022-12-17 12:54:35] [SEVERE ] setting player 2 freeze to 1211
[2022-12-17 12:54:35] [SEVERE ] setting player 3 freeze to 1781
[2022-12-17 12:54:35] [SEVERE ] setting player 1 freeze to 1218
[2022-12-17 12:54:35] [SEVERE ] setting player 3 freeze to 1770
[2022-12-17 12:54:35] [SEVERE ] setting player 2 freeze to 1200
[2022-12-17 12:54:35] [SEVERE ] setting player 1 freeze to 1207
[2022-12-17 12:54:35] [SEVERE ] setting player 2 freeze to 1189
[2022-12-17 12:54:35] [SEVERE ] setting player 3 freeze to 1759
[2022-12-17 12:54:35] [SEVERE ] setting player 1 freeze to 1196
[2022-12-17 12:54:35] [SEVERE ] setting player 2 freeze to 1178
[2022-12-17 12:54:35] [SEVERE ] setting player 3 freeze to 1748
[2022-12-17 12:54:35] [SEVERE ] setting player 1 freeze to 1185
[2022-12-17 12:54:35] [SEVERE ] setting player 3 freeze to 1737
[2022-12-17 12:54:35] [SEVERE ] setting player 2 freeze to 1167
[2022-12-17 12:54:35] [SEVERE ] setting player 1 freeze to 1174
[2022-12-17 12:54:35] [SEVERE ] setting player 3 freeze to 1726
[2022-12-17 12:54:35] [SEVERE ] setting player 2 freeze to 1156
[2022-12-17 12:54:35] [SEVERE ] setting player 1 freeze to 1163
[2022-12-17 12:54:35] [SEVERE ] setting player 2 freeze to 1145
[2022-12-17 12:54:35] [SEVERE ] setting player 3 freeze to 1715
[2022-12-17 12:54:35] [SEVERE ] setting player 1 freeze to 1152
[2022-12-17 12:54:35] [SEVERE ] setting player 3 freeze to 1704
[2022-12-17 12:54:35] [SEVERE ] setting player 2 freeze to 1134
[2022-12-17 12:54:35] [SEVERE ] setting player 1 freeze to 1140
[2022-12-17 12:54:35] [SEVERE ] setting player 2 freeze to 1123
[2022-12-17 12:54:35] [SEVERE ] setting player 3 freeze to 1693
[2022-12-17 12:54:35] [SEVERE ] setting player 1 freeze to 1129
[2022-12-17 12:54:35] [SEVERE ] setting player 2 freeze to 1112
[2022-12-17 12:54:35] [SEVERE ] setting player 3 freeze to 1682
[2022-12-17 12:54:35] [SEVERE ] setting player 1 freeze to 1118
[2022-12-17 12:54:35] [SEVERE ] setting player 2 freeze to 1101
[2022-12-17 12:54:35] [SEVERE ] setting player 3 freeze to 1671
[2022-12-17 12:54:35] [SEVERE ] setting player 1 freeze to 1107
[2022-12-17 12:54:35] [SEVERE ] setting player 2 freeze to 1090
[2022-12-17 12:54:35] [SEVERE ] setting player 3 freeze to 1660
[2022-12-17 12:54:35] [SEVERE ] setting player 1 freeze to 1096
[2022-12-17 12:54:35] [SEVERE ] setting player 3 freeze to 1649
[2022-12-17 12:54:35] [SEVERE ] setting player 2 freeze to 1079
[2022-12-17 12:54:35] [SEVERE ] setting player 1 freeze to 1085
[2022-12-17 12:54:35] [SEVERE ] setting player 3 freeze to 1638
[2022-12-17 12:54:35] [SEVERE ] setting player 2 freeze to 1068
[2022-12-17 12:54:35] [SEVERE ] setting player 1 freeze to 1074
[2022-12-17 12:54:35] [SEVERE ] setting player 2 freeze to 1057
[2022-12-17 12:54:35] [SEVERE ] setting player 3 freeze to 1627
[2022-12-17 12:54:35] [SEVERE ] setting player 1 freeze to 1063
[2022-12-17 12:54:35] [SEVERE ] setting player 2 freeze to 1046
[2022-12-17 12:54:35] [SEVERE ] setting player 3 freeze to 1616
[2022-12-17 12:54:35] [SEVERE ] setting player 1 freeze to 1052
[2022-12-17 12:54:35] [SEVERE ] setting player 2 freeze to 1035
[2022-12-17 12:54:35] [SEVERE ] setting player 3 freeze to 1605
[2022-12-17 12:54:35] [SEVERE ] setting player 1 freeze to 1041
[2022-12-17 12:54:35] [SEVERE ] setting player 2 freeze to 1024
[2022-12-17 12:54:35] [SEVERE ] setting player 3 freeze to 1594
[2022-12-17 12:54:35] [SEVERE ] setting player 1 freeze to 1030
[2022-12-17 12:54:35] [SEVERE ] setting player 3 freeze to 1583
[2022-12-17 12:54:35] [SEVERE ] setting player 2 freeze to 1013
[2022-12-17 12:54:35] [SEVERE ] setting player 1 freeze to 1019
[2022-12-17 12:54:35] [SEVERE ] setting player 3 freeze to 1572
[2022-12-17 12:54:35] [SEVERE ] setting player 2 freeze to 1002
[2022-12-17 12:54:35] [SEVERE ] setting player 1 freeze to 1008
[2022-12-17 12:54:35] [SEVERE ] setting player 3 freeze to 1561
[2022-12-17 12:54:35] [SEVERE ] setting player 2 freeze to 991
[2022-12-17 12:54:35] [SEVERE ] setting player 1 freeze to 997
[2022-12-17 12:54:35] [SEVERE ] setting player 3 freeze to 1550
[2022-12-17 12:54:35] [SEVERE ] setting player 2 freeze to 980
[2022-12-17 12:54:35] [SEVERE ] setting player 1 freeze to 985
[2022-12-17 12:54:35] [SEVERE ] setting player 3 freeze to 1539
[2022-12-17 12:54:35] [SEVERE ] setting player 2 freeze to 969
[2022-12-17 12:54:35] [SEVERE ] setting player 1 freeze to 974
[2022-12-17 12:54:35] [SEVERE ] setting player 2 freeze to 958
[2022-12-17 12:54:35] [SEVERE ] setting player 3 freeze to 1528
[2022-12-17 12:54:35] [SEVERE ] setting player 1 freeze to 963
[2022-12-17 12:54:35] [SEVERE ] setting player 2 freeze to 947
[2022-12-17 12:54:35] [SEVERE ] setting player 3 freeze to 1517
[2022-12-17 12:54:35] [SEVERE ] setting player 1 freeze to 952
[2022-12-17 12:54:35] [SEVERE ] setting player 3 freeze to 1506
[2022-12-17 12:54:35] [SEVERE ] setting player 2 freeze to 936
[2022-12-17 12:54:35] [SEVERE ] setting player 1 freeze to 941
[2022-12-17 12:54:35] [SEVERE ] setting player 2 freeze to 925
[2022-12-17 12:54:35] [SEVERE ] setting player 3 freeze to 1495
[2022-12-17 12:54:35] [SEVERE ] setting player 1 freeze to 930
[2022-12-17 12:54:35] [SEVERE ] setting player 3 freeze to 1484
[2022-12-17 12:54:35] [SEVERE ] setting player 2 freeze to 914
[2022-12-17 12:54:35] [SEVERE ] setting player 1 freeze to 919
[2022-12-17 12:54:35] [SEVERE ] setting player 2 freeze to 903
[2022-12-17 12:54:35] [SEVERE ] setting player 3 freeze to 1473
[2022-12-17 12:54:35] [SEVERE ] setting player 1 freeze to 909
[2022-12-17 12:54:35] [SEVERE ] setting player 3 freeze to 1463
[2022-12-17 12:54:35] [SEVERE ] setting player 2 freeze to 893
[2022-12-17 12:54:35] [SEVERE ] setting player 1 freeze to 898
[2022-12-17 12:54:35] [SEVERE ] setting player 2 freeze to 882
[2022-12-17 12:54:35] [SEVERE ] setting player 3 freeze to 1452
[2022-12-17 12:54:35] [SEVERE ] setting player 1 freeze to 887
[2022-12-17 12:54:35] [SEVERE ] setting player 2 freeze to 871
[2022-12-17 12:54:35] [SEVERE ] setting player 3 freeze to 1441
[2022-12-17 12:54:35] [SEVERE ] setting player 1 freeze to 876
[2022-12-17 12:54:35] [SEVERE ] setting player 3 freeze to 1430
[2022-12-17 12:54:35] [SEVERE ] setting player 2 freeze to 860
[2022-12-17 12:54:35] [SEVERE ] setting player 1 freeze to 865
[2022-12-17 12:54:35] [SEVERE ] setting player 3 freeze to 1419
[2022-12-17 12:54:35] [SEVERE ] setting player 2 freeze to 849
[2022-12-17 12:54:35] [SEVERE ] setting player 1 freeze to 854
[2022-12-17 12:54:35] [SEVERE ] setting player 2 freeze to 838
[2022-12-17 12:54:35] [SEVERE ] setting player 3 freeze to 1408
[2022-12-17 12:54:35] [SEVERE ] setting player 1 freeze to 843
[2022-12-17 12:54:35] [SEVERE ] setting player 2 freeze to 827
[2022-12-17 12:54:35] [SEVERE ] setting player 3 freeze to 1397
[2022-12-17 12:54:35] [SEVERE ] setting player 1 freeze to 832
[2022-12-17 12:54:35] [SEVERE ] setting player 3 freeze to 1386
[2022-12-17 12:54:35] [SEVERE ] setting player 2 freeze to 816
[2022-12-17 12:54:35] [SEVERE ] setting player 1 freeze to 821
[2022-12-17 12:54:35] [SEVERE ] setting player 2 freeze to 805
[2022-12-17 12:54:35] [SEVERE ] setting player 3 freeze to 1375
[2022-12-17 12:54:35] [SEVERE ] setting player 1 freeze to 810
[2022-12-17 12:54:35] [SEVERE ] setting player 3 freeze to 1364
[2022-12-17 12:54:35] [SEVERE ] setting player 2 freeze to 794
[2022-12-17 12:54:35] [SEVERE ] setting player 1 freeze to 799
[2022-12-17 12:54:35] [SEVERE ] setting player 2 freeze to 783
[2022-12-17 12:54:35] [SEVERE ] setting player 3 freeze to 1353
[2022-12-17 12:54:35] [SEVERE ] setting player 1 freeze to 788
[2022-12-17 12:54:35] [SEVERE ] setting player 2 freeze to 772
[2022-12-17 12:54:35] [SEVERE ] setting player 3 freeze to 1342
[2022-12-17 12:54:35] [SEVERE ] setting player 1 freeze to 777
[2022-12-17 12:54:35] [SEVERE ] setting player 3 freeze to 1331
[2022-12-17 12:54:35] [SEVERE ] setting player 2 freeze to 761
[2022-12-17 12:54:35] [SEVERE ] setting player 2 freeze to 750
[2022-12-17 12:54:35] [SEVERE ] setting player 3 freeze to 1320
[2022-12-17 12:54:35] [SEVERE ] setting player 1 freeze to 763
[2022-12-17 12:54:35] [SEVERE ] setting player 3 freeze to 1309
[2022-12-17 12:54:35] [SEVERE ] setting player 2 freeze to 739
[2022-12-17 12:54:35] [SEVERE ] setting player 1 freeze to 752
[2022-12-17 12:54:35] [SEVERE ] setting player 2 freeze to 728
[2022-12-17 12:54:35] [SEVERE ] setting player 3 freeze to 1298
[2022-12-17 12:54:35] [SEVERE ] setting player 1 freeze to 741
[2022-12-17 12:54:35] [SEVERE ] setting player 3 freeze to 1287
[2022-12-17 12:54:35] [SEVERE ] setting player 2 freeze to 717
[2022-12-17 12:54:35] [SEVERE ] setting player 1 freeze to 730
[2022-12-17 12:54:35] [SEVERE ] setting player 3 freeze to 1276
[2022-12-17 12:54:35] [SEVERE ] setting player 2 freeze to 706
[2022-12-17 12:54:35] [SEVERE ] setting player 1 freeze to 719
[2022-12-17 12:54:35] [SEVERE ] setting player 2 freeze to 695
[2022-12-17 12:54:35] [SEVERE ] setting player 3 freeze to 1265
[2022-12-17 12:54:35] [SEVERE ] setting player 1 freeze to 708
[2022-12-17 12:54:35] [SEVERE ] setting player 2 freeze to 684
[2022-12-17 12:54:35] [SEVERE ] setting player 3 freeze to 1254
[2022-12-17 12:54:35] [SEVERE ] setting player 1 freeze to 697
[2022-12-17 12:54:35] [SEVERE ] setting player 3 freeze to 1243
[2022-12-17 12:54:35] [SEVERE ] setting player 2 freeze to 673
[2022-12-17 12:54:35] [SEVERE ] setting player 1 freeze to 686
[2022-12-17 12:54:35] [SEVERE ] setting player 3 freeze to 1232
[2022-12-17 12:54:35] [SEVERE ] setting player 2 freeze to 662
[2022-12-17 12:54:35] [SEVERE ] setting player 1 freeze to 675
[2022-12-17 12:54:35] [SEVERE ] setting player 2 freeze to 651
[2022-12-17 12:54:35] [SEVERE ] setting player 3 freeze to 1221
[2022-12-17 12:54:35] [SEVERE ] setting player 1 freeze to 664
[2022-12-17 12:54:35] [SEVERE ] setting player 3 freeze to 1210
[2022-12-17 12:54:35] [SEVERE ] setting player 2 freeze to 640
[2022-12-17 12:54:35] [SEVERE ] setting player 1 freeze to 653
[2022-12-17 12:54:35] [SEVERE ] setting player 2 freeze to 629
[2022-12-17 12:54:35] [SEVERE ] setting player 3 freeze to 1199
[2022-12-17 12:54:35] [SEVERE ] setting player 1 freeze to 642
[2022-12-17 12:54:35] [SEVERE ] setting player 3 freeze to 1188
[2022-12-17 12:54:35] [SEVERE ] setting player 2 freeze to 618
[2022-12-17 12:54:35] [SEVERE ] setting player 1 freeze to 631
[2022-12-17 12:54:35] [SEVERE ] setting player 3 freeze to 1177
[2022-12-17 12:54:35] [SEVERE ] setting player 2 freeze to 607
[2022-12-17 12:54:35] [SEVERE ] setting player 1 freeze to 620
[2022-12-17 12:54:35] [SEVERE ] setting player 3 freeze to 1166
[2022-12-17 12:54:35] [SEVERE ] setting player 2 freeze to 596
[2022-12-17 12:54:35] [SEVERE ] setting player 1 freeze to 609
[2022-12-17 12:54:35] [SEVERE ] setting player 2 freeze to 585
[2022-12-17 12:54:35] [SEVERE ] setting player 3 freeze to 1155
[2022-12-17 12:54:35] [SEVERE ] setting player 1 freeze to 598
[2022-12-17 12:54:35] [SEVERE ] setting player 2 freeze to 574
[2022-12-17 12:54:35] [SEVERE ] setting player 3 freeze to 1144
[2022-12-17 12:54:35] [SEVERE ] setting player 1 freeze to 587
[2022-12-17 12:54:35] [SEVERE ] setting player 3 freeze to 1133
[2022-12-17 12:54:35] [SEVERE ] setting player 2 freeze to 563
[2022-12-17 12:54:35] [SEVERE ] setting player 1 freeze to 576
[2022-12-17 12:54:35] [SEVERE ] setting player 3 freeze to 1122
[2022-12-17 12:54:35] [SEVERE ] setting player 2 freeze to 552
[2022-12-17 12:54:35] [SEVERE ] setting player 1 freeze to 565
[2022-12-17 12:54:35] [SEVERE ] setting player 2 freeze to 541
[2022-12-17 12:54:35] [SEVERE ] setting player 3 freeze to 1111
[2022-12-17 12:54:35] [SEVERE ] setting player 1 freeze to 554
[2022-12-17 12:54:35] [SEVERE ] setting player 3 freeze to 1100
[2022-12-17 12:54:35] [SEVERE ] setting player 2 freeze to 530
[2022-12-17 12:54:35] [SEVERE ] setting player 1 freeze to 543
[2022-12-17 12:54:35] [SEVERE ] setting player 3 freeze to 1090
[2022-12-17 12:54:35] [SEVERE ] setting player 2 freeze to 520
[2022-12-17 12:54:35] [SEVERE ] setting player 1 freeze to 533
[2022-12-17 12:54:35] [SEVERE ] setting player 2 freeze to 509
[2022-12-17 12:54:35] [SEVERE ] setting player 3 freeze to 1079
[2022-12-17 12:54:35] [SEVERE ] setting player 1 freeze to 522
[2022-12-17 12:54:35] [SEVERE ] setting player 3 freeze to 1068
[2022-12-17 12:54:35] [SEVERE ] setting player 2 freeze to 498
[2022-12-17 12:54:35] [SEVERE ] setting player 1 freeze to 511
[2022-12-17 12:54:35] [SEVERE ] setting player 3 freeze to 1057
[2022-12-17 12:54:35] [SEVERE ] setting player 2 freeze to 487
[2022-12-17 12:54:35] [SEVERE ] setting player 1 freeze to 500
[2022-12-17 12:54:35] [SEVERE ] setting player 3 freeze to 1046
[2022-12-17 12:54:35] [SEVERE ] setting player 2 freeze to 476
[2022-12-17 12:54:35] [SEVERE ] setting player 1 freeze to 489
[2022-12-17 12:54:35] [SEVERE ] setting player 3 freeze to 1035
[2022-12-17 12:54:35] [SEVERE ] setting player 2 freeze to 465
[2022-12-17 12:54:35] [SEVERE ] setting player 1 freeze to 478
[2022-12-17 12:54:36] [SEVERE ] setting player 3 freeze to 1024
[2022-12-17 12:54:36] [SEVERE ] setting player 2 freeze to 454
[2022-12-17 12:54:36] [SEVERE ] setting player 1 freeze to 467
[2022-12-17 12:54:36] [SEVERE ] setting player 3 freeze to 1013
[2022-12-17 12:54:36] [SEVERE ] setting player 2 freeze to 443
[2022-12-17 12:54:36] [SEVERE ] setting player 1 freeze to 456
[2022-12-17 12:54:36] [SEVERE ] setting player 2 freeze to 432
[2022-12-17 12:54:36] [SEVERE ] setting player 3 freeze to 1002
[2022-12-17 12:54:36] [SEVERE ] setting player 1 freeze to 445
[2022-12-17 12:54:36] [SEVERE ] setting player 3 freeze to 991
[2022-12-17 12:54:36] [SEVERE ] setting player 2 freeze to 421
[2022-12-17 12:54:36] [SEVERE ] setting player 1 freeze to 434
[2022-12-17 12:54:36] [SEVERE ] setting player 2 freeze to 410
[2022-12-17 12:54:36] [SEVERE ] setting player 3 freeze to 980
[2022-12-17 12:54:36] [SEVERE ] setting player 1 freeze to 423
[2022-12-17 12:54:36] [SEVERE ] setting player 3 freeze to 969
[2022-12-17 12:54:36] [SEVERE ] setting player 2 freeze to 399
[2022-12-17 12:54:36] [SEVERE ] setting player 1 freeze to 412
[2022-12-17 12:54:36] [SEVERE ] setting player 2 freeze to 388
[2022-12-17 12:54:36] [SEVERE ] setting player 3 freeze to 958
[2022-12-17 12:54:36] [SEVERE ] setting player 1 freeze to 401
[2022-12-17 12:54:36] [SEVERE ] setting player 3 freeze to 947
[2022-12-17 12:54:36] [SEVERE ] setting player 2 freeze to 377
[2022-12-17 12:54:36] [SEVERE ] setting player 1 freeze to 390
[2022-12-17 12:54:36] [SEVERE ] setting player 2 freeze to 366
[2022-12-17 12:54:36] [SEVERE ] setting player 3 freeze to 936
[2022-12-17 12:54:36] [SEVERE ] setting player 1 freeze to 379
[2022-12-17 12:54:36] [SEVERE ] setting player 3 freeze to 925
[2022-12-17 12:54:36] [SEVERE ] setting player 2 freeze to 355
[2022-12-17 12:54:36] [SEVERE ] setting player 1 freeze to 368
[2022-12-17 12:54:36] [SEVERE ] setting player 2 freeze to 344
[2022-12-17 12:54:36] [SEVERE ] setting player 3 freeze to 914
[2022-12-17 12:54:36] [SEVERE ] setting player 1 freeze to 356
[2022-12-17 12:54:36] [SEVERE ] setting player 3 freeze to 903
[2022-12-17 12:54:36] [SEVERE ] setting player 2 freeze to 332
[2022-12-17 12:54:36] [SEVERE ] setting player 1 freeze to 344
[2022-12-17 12:54:36] [SEVERE ] setting player 3 freeze to 892
[2022-12-17 12:54:36] [SEVERE ] setting player 2 freeze to 320
[2022-12-17 12:54:36] [SEVERE ] setting player 1 freeze to 333
[2022-12-17 12:54:36] [SEVERE ] setting player 3 freeze to 881
[2022-12-17 12:54:36] [SEVERE ] setting player 2 freeze to 309
[2022-12-17 12:54:36] [SEVERE ] setting player 1 freeze to 322
[2022-12-17 12:54:36] [SEVERE ] setting player 3 freeze to 870
[2022-12-17 12:54:36] [SEVERE ] setting player 2 freeze to 298
[2022-12-17 12:54:36] [SEVERE ] setting player 1 freeze to 311
[2022-12-17 12:54:36] [SEVERE ] setting player 3 freeze to 859
[2022-12-17 12:54:36] [SEVERE ] setting player 2 freeze to 287
[2022-12-17 12:54:36] [SEVERE ] setting player 1 freeze to 300
[2022-12-17 12:54:36] [SEVERE ] setting player 3 freeze to 848
[2022-12-17 12:54:36] [SEVERE ] setting player 2 freeze to 276
[2022-12-17 12:54:36] [SEVERE ] setting player 1 freeze to 289
[2022-12-17 12:54:36] [SEVERE ] setting player 3 freeze to 837
[2022-12-17 12:54:36] [SEVERE ] setting player 2 freeze to 265
[2022-12-17 12:54:36] [SEVERE ] setting player 1 freeze to 278
[2022-12-17 12:54:36] [SEVERE ] setting player 3 freeze to 826
[2022-12-17 12:54:36] [SEVERE ] setting player 2 freeze to 254
[2022-12-17 12:54:36] [SEVERE ] setting player 1 freeze to 267
[2022-12-17 12:54:36] [SEVERE ] setting player 3 freeze to 815
[2022-12-17 12:54:36] [SEVERE ] setting player 2 freeze to 243
[2022-12-17 12:54:36] [SEVERE ] setting player 1 freeze to 256
[2022-12-17 12:54:36] [SEVERE ] setting player 3 freeze to 804
[2022-12-17 12:54:36] [SEVERE ] setting player 2 freeze to 232
[2022-12-17 12:54:36] [SEVERE ] setting player 1 freeze to 245
[2022-12-17 12:54:36] [SEVERE ] setting player 3 freeze to 793
[2022-12-17 12:54:36] [SEVERE ] setting player 2 freeze to 220
[2022-12-17 12:54:36] [SEVERE ] setting player 1 freeze to 233
[2022-12-17 12:54:36] [SEVERE ] setting player 3 freeze to 782
[2022-12-17 12:54:36] [SEVERE ] setting player 2 freeze to 209
[2022-12-17 12:54:36] [SEVERE ] setting player 1 freeze to 222
[2022-12-17 12:54:36] [SEVERE ] setting player 3 freeze to 771
[2022-12-17 12:54:36] [SEVERE ] setting player 2 freeze to 198
[2022-12-17 12:54:36] [SEVERE ] setting player 1 freeze to 211
[2022-12-17 12:54:36] [SEVERE ] setting player 3 freeze to 760
[2022-12-17 12:54:36] [SEVERE ] setting player 2 freeze to 187
[2022-12-17 12:54:36] [SEVERE ] setting player 1 freeze to 200
[2022-12-17 12:54:36] [SEVERE ] setting player 3 freeze to 749
[2022-12-17 12:54:36] [SEVERE ] setting player 2 freeze to 176
[2022-12-17 12:54:36] [SEVERE ] setting player 1 freeze to 189
[2022-12-17 12:54:36] [SEVERE ] setting player 3 freeze to 738
[2022-12-17 12:54:36] [SEVERE ] setting player 2 freeze to 165
[2022-12-17 12:54:36] [SEVERE ] setting player 1 freeze to 178
[2022-12-17 12:54:36] [SEVERE ] setting player 3 freeze to 727
[2022-12-17 12:54:36] [SEVERE ] setting player 2 freeze to 154
[2022-12-17 12:54:36] [SEVERE ] setting player 1 freeze to 167
[2022-12-17 12:54:36] [SEVERE ] setting player 3 freeze to 716
[2022-12-17 12:54:36] [SEVERE ] setting player 2 freeze to 143
[2022-12-17 12:54:36] [SEVERE ] setting player 1 freeze to 157
[2022-12-17 12:54:36] [SEVERE ] setting player 3 freeze to 705
[2022-12-17 12:54:36] [SEVERE ] setting player 2 freeze to 133
[2022-12-17 12:54:36] [SEVERE ] setting player 1 freeze to 146
[2022-12-17 12:54:36] [SEVERE ] setting player 3 freeze to 694
[2022-12-17 12:54:36] [SEVERE ] setting player 1 freeze to 135
[2022-12-17 12:54:36] [SEVERE ] setting player 2 freeze to 120
[2022-12-17 12:54:36] [SEVERE ] setting player 3 freeze to 683
[2022-12-17 12:54:36] [SEVERE ] setting player 1 freeze to 123
[2022-12-17 12:54:36] [SEVERE ] setting player 2 freeze to 108
[2022-12-17 12:54:36] [SEVERE ] setting player 3 freeze to 672
[2022-12-17 12:54:36] [SEVERE ] setting player 2 freeze to 97
[2022-12-17 12:54:36] [SEVERE ] setting player 1 freeze to 112
[2022-12-17 12:54:36] [SEVERE ] setting player 3 freeze to 661
[2022-12-17 12:54:36] [SEVERE ] setting player 2 freeze to 86
[2022-12-17 12:54:36] [SEVERE ] setting player 1 freeze to 101
[2022-12-17 12:54:36] [SEVERE ] setting player 3 freeze to 650
[2022-12-17 12:54:36] [SEVERE ] setting player 2 freeze to 75
[2022-12-17 12:54:36] [SEVERE ] setting player 1 freeze to 90
[2022-12-17 12:54:36] [SEVERE ] setting player 3 freeze to 639
[2022-12-17 12:54:36] [SEVERE ] setting player 1 freeze to 79
[2022-12-17 12:54:36] [SEVERE ] setting player 2 freeze to 64
[2022-12-17 12:54:36] [SEVERE ] setting player 3 freeze to 628
[2022-12-17 12:54:36] [SEVERE ] setting player 1 freeze to 68
[2022-12-17 12:54:36] [SEVERE ] setting player 2 freeze to 53
[2022-12-17 12:54:36] [SEVERE ] setting player 3 freeze to 617
[2022-12-17 12:54:36] [SEVERE ] setting player 1 freeze to 56
[2022-12-17 12:54:36] [SEVERE ] setting player 2 freeze to 41
[2022-12-17 12:54:36] [SEVERE ] setting player 3 freeze to 606
[2022-12-17 12:54:36] [SEVERE ] setting player 2 freeze to 30
[2022-12-17 12:54:36] [SEVERE ] setting player 1 freeze to 45
[2022-12-17 12:54:36] [SEVERE ] setting player 3 freeze to 595
[2022-12-17 12:54:36] [SEVERE ] setting player 2 freeze to 19
[2022-12-17 12:54:36] [SEVERE ] setting player 1 freeze to 34
[2022-12-17 12:54:36] [SEVERE ] setting player 3 freeze to 584
[2022-12-17 12:54:36] [SEVERE ] setting player 1 freeze to 22
[2022-12-17 12:54:36] [SEVERE ] setting player 2 freeze to 7
[2022-12-17 12:54:36] [SEVERE ] setting player 3 freeze to 573
[2022-12-17 12:54:36] [SEVERE ] setting player 1 freeze to 11
[2022-12-17 12:54:36] [SEVERE ] setting player 2 freeze to 0
[2022-12-17 12:54:36] [SEVERE ] setting player 3 freeze to 562
[2022-12-17 12:54:36] [SEVERE ] setting player 1 freeze to 0
[2022-12-17 12:54:36] [SEVERE ] setting player 3 freeze to 551
[2022-12-17 12:54:36] [SEVERE ] setting player 3 freeze to 540
[2022-12-17 12:54:36] [SEVERE ] setting player 3 freeze to 529
[2022-12-17 12:54:36] [SEVERE ] setting player 3 freeze to 518
[2022-12-17 12:54:36] [SEVERE ] setting player 3 freeze to 507
[2022-12-17 12:54:36] [SEVERE ] setting player 3 freeze to 496
[2022-12-17 12:54:36] [SEVERE ] setting player 3 freeze to 485
[2022-12-17 12:54:36] [SEVERE ] setting player 3 freeze to 474
[2022-12-17 12:54:36] [SEVERE ] setting player 3 freeze to 463
[2022-12-17 12:54:36] [SEVERE ] setting player 3 freeze to 452
[2022-12-17 12:54:36] [SEVERE ] setting player 3 freeze to 441
[2022-12-17 12:54:36] [SEVERE ] setting player 3 freeze to 430
[2022-12-17 12:54:36] [SEVERE ] setting player 3 freeze to 419
[2022-12-17 12:54:36] [SEVERE ] player 2 placing token on slot 6
[2022-12-17 12:54:36] [SEVERE ] player 1 placing token on slot 7
[2022-12-17 12:54:36] [SEVERE ] setting player 3 freeze to 408
[2022-12-17 12:54:36] [SEVERE ] setting player 3 freeze to 397
[2022-12-17 12:54:36] [SEVERE ] setting player 3 freeze to 386
[2022-12-17 12:54:36] [SEVERE ] setting player 3 freeze to 375
[2022-12-17 12:54:36] [SEVERE ] setting player 3 freeze to 364
[2022-12-17 12:54:36] [SEVERE ] setting player 3 freeze to 353
[2022-12-17 12:54:36] [SEVERE ] setting player 3 freeze to 343
[2022-12-17 12:54:36] [SEVERE ] setting player 3 freeze to 332
[2022-12-17 12:54:36] [SEVERE ] setting player 3 freeze to 321
[2022-12-17 12:54:36] [SEVERE ] setting player 3 freeze to 310
[2022-12-17 12:54:36] [SEVERE ] setting player 3 freeze to 299
[2022-12-17 12:54:36] [SEVERE ] setting player 3 freeze to 288
[2022-12-17 12:54:36] [SEVERE ] setting player 3 freeze to 277
[2022-12-17 12:54:36] [SEVERE ] setting player 3 freeze to 266
[2022-12-17 12:54:36] [SEVERE ] setting player 3 freeze to 255
[2022-12-17 12:54:36] [SEVERE ] setting player 3 freeze to 244
[2022-12-17 12:54:36] [SEVERE ] setting player 3 freeze to 233
[2022-12-17 12:54:36] [SEVERE ] setting player 3 freeze to 222
[2022-12-17 12:54:36] [SEVERE ] setting player 3 freeze to 211
[2022-12-17 12:54:36] [SEVERE ] setting player 3 freeze to 200
[2022-12-17 12:54:36] [SEVERE ] setting player 3 freeze to 189
[2022-12-17 12:54:36] [SEVERE ] setting player 3 freeze to 178
[2022-12-17 12:54:36] [SEVERE ] setting player 3 freeze to 167
[2022-12-17 12:54:36] [SEVERE ] setting player 3 freeze to 156
[2022-12-17 12:54:36] [SEVERE ] setting player 3 freeze to 145
[2022-12-17 12:54:36] [SEVERE ] setting player 3 freeze to 134
[2022-12-17 12:54:36] [SEVERE ] player 2 placing token on slot 10
[2022-12-17 12:54:36] [SEVERE ] player 1 placing token on slot 3
[2022-12-17 12:54:36] [SEVERE ] setting player 3 freeze to 123
[2022-12-17 12:54:36] [SEVERE ] setting player 3 freeze to 112
[2022-12-17 12:54:36] [SEVERE ] setting player 3 freeze to 101
[2022-12-17 12:54:36] [SEVERE ] setting player 3 freeze to 90
[2022-12-17 12:54:36] [SEVERE ] setting player 3 freeze to 79
[2022-12-17 12:54:36] [SEVERE ] setting player 3 freeze to 68
[2022-12-17 12:54:36] [SEVERE ] setting player 3 freeze to 57
[2022-12-17 12:54:36] [SEVERE ] setting player 3 freeze to 46
[2022-12-17 12:54:36] [SEVERE ] setting player 3 freeze to 35
[2022-12-17 12:54:37] [SEVERE ] setting player 3 freeze to 24
[2022-12-17 12:54:37] [SEVERE ] setting player 3 freeze to 13
[2022-12-17 12:54:37] [SEVERE ] setting player 3 freeze to 2
[2022-12-17 12:54:37] [SEVERE ] setting player 3 freeze to 0
[2022-12-17 12:54:37] [SEVERE ] player 3 placing token on slot 8
[2022-12-17 12:54:37] [SEVERE ] player 1 placing token on slot 9
[2022-12-17 12:54:37] [SEVERE ] removing player 1 token from slot 7
[2022-12-17 12:54:37] [SEVERE ] removing player 1 token from slot 3
[2022-12-17 12:54:37] [SEVERE ] removing player 1 token from slot 9
[2022-12-17 12:54:37] [SEVERE ] setting player 1 freeze to 3000
[2022-12-17 12:54:37] [SEVERE ] player 2 placing token on slot 2
[2022-12-17 12:54:37] [SEVERE ] removing player 2 token from slot 6
[2022-12-17 12:54:37] [SEVERE ] removing player 2 token from slot 10
[2022-12-17 12:54:37] [SEVERE ] removing player 2 token from slot 2
[2022-12-17 12:54:37] [SEVERE ] setting player 2 freeze to 3000
[2022-12-17 12:54:37] [SEVERE ] setting player 1 freeze to 2988
[2022-12-17 12:54:37] [SEVERE ] setting player 2 freeze to 2989
[2022-12-17 12:54:37] [SEVERE ] setting player 1 freeze to 2977
[2022-12-17 12:54:37] [SEVERE ] setting player 2 freeze to 2978
[2022-12-17 12:54:37] [SEVERE ] setting player 1 freeze to 2966
[2022-12-17 12:54:37] [SEVERE ] setting player 2 freeze to 2967
[2022-12-17 12:54:37] [SEVERE ] setting player 1 freeze to 2955
[2022-12-17 12:54:37] [SEVERE ] setting player 2 freeze to 2956
[2022-12-17 12:54:37] [SEVERE ] setting player 1 freeze to 2944
[2022-12-17 12:54:37] [SEVERE ] setting player 2 freeze to 2945
[2022-12-17 12:54:37] [SEVERE ] setting player 1 freeze to 2933
[2022-12-17 12:54:37] [SEVERE ] setting player 2 freeze to 2934
[2022-12-17 12:54:37] [SEVERE ] setting player 1 freeze to 2922
[2022-12-17 12:54:37] [SEVERE ] setting player 2 freeze to 2923
[2022-12-17 12:54:37] [SEVERE ] setting player 1 freeze to 2911
[2022-12-17 12:54:37] [SEVERE ] setting player 2 freeze to 2912
[2022-12-17 12:54:37] [SEVERE ] setting player 1 freeze to 2900
[2022-12-17 12:54:37] [SEVERE ] setting player 2 freeze to 2901
[2022-12-17 12:54:37] [SEVERE ] setting player 1 freeze to 2889
[2022-12-17 12:54:37] [SEVERE ] setting player 2 freeze to 2890
[2022-12-17 12:54:37] [SEVERE ] setting player 1 freeze to 2878
[2022-12-17 12:54:37] [SEVERE ] setting player 2 freeze to 2879
[2022-12-17 12:54:37] [SEVERE ] setting player 1 freeze to 2867
[2022-12-17 12:54:37] [SEVERE ] setting player 2 freeze to 2868
[2022-12-17 12:54:37] [SEVERE ] setting player 1 freeze to 2856
[2022-12-17 12:54:37] [SEVERE ] setting player 2 freeze to 2857
[2022-12-17 12:54:37] [SEVERE ] setting player 1 freeze to 2845
[2022-12-17 12:54:37] [SEVERE ] setting player 2 freeze to 2846
[2022-12-17 12:54:37] [SEVERE ] setting player 1 freeze to 2834
[2022-12-17 12:54:37] [SEVERE ] setting player 2 freeze to 2835
[2022-12-17 12:54:37] [SEVERE ] setting player 1 freeze to 2823
[2022-12-17 12:54:37] [SEVERE ] setting player 2 freeze to 2824
[2022-12-17 12:54:37] [SEVERE ] setting player 1 freeze to 2812
[2022-12-17 12:54:37] [SEVERE ] setting player 2 freeze to 2813
[2022-12-17 12:54:37] [SEVERE ] setting player 1 freeze to 2801
[2022-12-17 12:54:37] [SEVERE ] setting player 2 freeze to 2802
[2022-12-17 12:54:37] [SEVERE ] setting player 1 freeze to 2790
[2022-12-17 12:54:37] [SEVERE ] setting player 2 freeze to 2791
[2022-12-17 12:54:37] [SEVERE ] setting player 1 freeze to 2779
[2022-12-17 12:54:37] [SEVERE ] setting player 2 freeze to 2780
[2022-12-17 12:54:37] [SEVERE ] setting player 1 freeze to 2768
[2022-12-17 12:54:37] [SEVERE ] setting player 2 freeze to 2769
[2022-12-17 12:54:37] [SEVERE ] setting player 1 freeze to 2758
[2022-12-17 12:54:37] [SEVERE ] setting player 2 freeze to 2759
[2022-12-17 12:54:37] [SEVERE ] setting player 1 freeze to 2747
[2022-12-17 12:54:37] [SEVERE ] setting player 2 freeze to 2748
[2022-12-17 12:54:37] [SEVERE ] setting player 1 freeze to 2736
[2022-12-17 12:54:37] [SEVERE ] setting player 2 freeze to 2737
[2022-12-17 12:54:37] [SEVERE ] setting player 1 freeze to 2725
[2022-12-17 12:54:37] [SEVERE ] setting player 2 freeze to 2726
[2022-12-17 12:54:37] [SEVERE ] setting player 1 freeze to 2714
[2022-12-17 12:54:37] [SEVERE ] player 3 placing token on slot 11
[2022-12-17 12:54:37] [SEVERE ] setting player 2 freeze to 2715
[2022-12-17 12:54:37] [SEVERE ] setting player 1 freeze to 2703
[2022-12-17 12:54:37] [SEVERE ] setting player 2 freeze to 2704
[2022-12-17 12:54:37] [SEVERE ] setting player 1 freeze to 2692
[2022-12-17 12:54:37] [SEVERE ] setting player 2 freeze to 2693
[2022-12-17 12:54:37] [SEVERE ] setting player 1 freeze to 2681
[2022-12-17 12:54:37] [SEVERE ] setting player 2 freeze to 2682
[2022-12-17 12:54:37] [SEVERE ] setting player 1 freeze to 2670
[2022-12-17 12:54:37] [SEVERE ] setting player 2 freeze to 2671
[2022-12-17 12:54:37] [SEVERE ] setting player 1 freeze to 2659
[2022-12-17 12:54:37] [SEVERE ] setting player 2 freeze to 2660
[2022-12-17 12:54:37] [SEVERE ] setting player 1 freeze to 2648
[2022-12-17 12:54:37] [SEVERE ] setting player 2 freeze to 2649
[2022-12-17 12:54:37] [SEVERE ] setting player 1 freeze to 2637
[2022-12-17 12:54:37] [SEVERE ] setting player 2 freeze to 2638
[2022-12-17 12:54:37] [SEVERE ] setting player 1 freeze to 2626
[2022-12-17 12:54:37] [SEVERE ] setting player 2 freeze to 2627
[2022-12-17 12:54:37] [SEVERE ] setting player 1 freeze to 2615
[2022-12-17 12:54:37] [SEVERE ] setting player 2 freeze to 2616
[2022-12-17 12:54:37] [SEVERE ] setting player 1 freeze to 2604
[2022-12-17 12:54:37] [SEVERE ] setting player 2 freeze to 2605
[2022-12-17 12:54:37] [SEVERE ] setting player 1 freeze to 2593
[2022-12-17 12:54:37] [SEVERE ] setting player 2 freeze to 2594
[2022-12-17 12:54:37] [SEVERE ] setting player 1 freeze to 2582
[2022-12-17 12:54:37] [SEVERE ] setting player 2 freeze to 2583
[2022-12-17 12:54:37] [SEVERE ] setting player 1 freeze to 2571
[2022-12-17 12:54:37] [SEVERE ] setting player 2 freeze to 2572
[2022-12-17 12:54:37] [SEVERE ] setting player 1 freeze to 2560
[2022-12-17 12:54:37] [SEVERE ] setting player 2 freeze to 2561
[2022-12-17 12:54:37] [SEVERE ] setting player 1 freeze to 2549
[2022-12-17 12:54:37] [SEVERE ] setting player 2 freeze to 2550
[2022-12-17 12:54:37] [SEVERE ] setting player 1 freeze to 2538
[2022-12-17 12:54:37] [SEVERE ] setting player 2 freeze to 2539
[2022-12-17 12:54:37] [SEVERE ] setting player 1 freeze to 2527
[2022-12-17 12:54:37] [SEVERE ] setting player 2 freeze to 2528
[2022-12-17 12:54:37] [SEVERE ] setting player 1 freeze to 2516
[2022-12-17 12:54:37] [SEVERE ] setting player 2 freeze to 2517
[2022-12-17 12:54:37] [SEVERE ] setting player 1 freeze to 2505
[2022-12-17 12:54:37] [SEVERE ] setting player 2 freeze to 2506
[2022-12-17 12:54:37] [SEVERE ] setting player 1 freeze to 2494
[2022-12-17 12:54:37] [SEVERE ] setting player 2 freeze to 2495
[2022-12-17 12:54:37] [SEVERE ] setting player 1 freeze to 2483
[2022-12-17 12:54:37] [SEVERE ] setting player 2 freeze to 2484
[2022-12-17 12:54:37] [SEVERE ] setting player 1 freeze to 2472
[2022-12-17 12:54:37] [SEVERE ] setting player 2 freeze to 2473
[2022-12-17 12:54:37] [SEVERE ] setting player 1 freeze to 2461
[2022-12-17 12:54:37] [SEVERE ] setting player 2 freeze to 2462
[2022-12-17 12:54:37] [SEVERE ] setting player 1 freeze to 2450
[2022-12-17 12:54:37] [SEVERE ] setting player 2 freeze to 2451
[2022-12-17 12:54:37] [SEVERE ] setting player 1 freeze to 2439
[2022-12-17 12:54:37] [SEVERE ] setting player 2 freeze to 2440
[2022-12-17 12:54:37] [SEVERE ] setting player 1 freeze to 2428
[2022-12-17 12:54:37] [SEVERE ] player 3 placing token on slot 10
[2022-12-17 12:54:37] [SEVERE ] removing player 3 token from slot 8
[2022-12-17 12:54:37] [SEVERE ] removing player 3 token from slot 11
[2022-12-17 12:54:37] [SEVERE ] removing player 3 token from slot 10
[2022-12-17 12:54:37] [SEVERE ] setting player 3 freeze to 3000
[2022-12-17 12:54:37] [SEVERE ] setting player 2 freeze to 2429
[2022-12-17 12:54:37] [SEVERE ] setting player 1 freeze to 2417
[2022-12-17 12:54:37] [SEVERE ] setting player 3 freeze to 2989
[2022-12-17 12:54:37] [SEVERE ] setting player 2 freeze to 2418
[2022-12-17 12:54:37] [SEVERE ] setting player 1 freeze to 2406
[2022-12-17 12:54:37] [SEVERE ] setting player 3 freeze to 2978
[2022-12-17 12:54:37] [SEVERE ] setting player 2 freeze to 2407
[2022-12-17 12:54:37] [SEVERE ] setting player 1 freeze to 2395
[2022-12-17 12:54:37] [SEVERE ] setting player 3 freeze to 2967
[2022-12-17 12:54:37] [SEVERE ] setting player 2 freeze to 2396
[2022-12-17 12:54:37] [SEVERE ] setting player 1 freeze to 2385
[2022-12-17 12:54:37] [SEVERE ] setting player 3 freeze to 2957
[2022-12-17 12:54:37] [SEVERE ] setting player 2 freeze to 2386
[2022-12-17 12:54:37] [SEVERE ] setting player 1 freeze to 2374
[2022-12-17 12:54:37] [SEVERE ] setting player 3 freeze to 2946
[2022-12-17 12:54:37] [SEVERE ] setting player 2 freeze to 2375
[2022-12-17 12:54:37] [SEVERE ] setting player 1 freeze to 2363
[2022-12-17 12:54:37] [SEVERE ] setting player 3 freeze to 2935
[2022-12-17 12:54:37] [SEVERE ] setting player 2 freeze to 2364
[2022-12-17 12:54:37] [SEVERE ] setting player 1 freeze to 2352
[2022-12-17 12:54:37] [SEVERE ] setting player 3 freeze to 2924
[2022-12-17 12:54:37] [SEVERE ] setting player 2 freeze to 2353
[2022-12-17 12:54:37] [SEVERE ] setting player 1 freeze to 2341
[2022-12-17 12:54:37] [SEVERE ] setting player 3 freeze to 2913
[2022-12-17 12:54:37] [SEVERE ] setting player 2 freeze to 2342
[2022-12-17 12:54:37] [SEVERE ] setting player 1 freeze to 2330
[2022-12-17 12:54:37] [SEVERE ] setting player 3 freeze to 2902
[2022-12-17 12:54:37] [SEVERE ] setting player 2 freeze to 2331
[2022-12-17 12:54:37] [SEVERE ] setting player 1 freeze to 2319
[2022-12-17 12:54:37] [SEVERE ] setting player 3 freeze to 2891
[2022-12-17 12:54:37] [SEVERE ] setting player 2 freeze to 2320
[2022-12-17 12:54:37] [SEVERE ] setting player 1 freeze to 2308
[2022-12-17 12:54:37] [SEVERE ] setting player 3 freeze to 2880
[2022-12-17 12:54:37] [SEVERE ] setting player 2 freeze to 2309
[2022-12-17 12:54:37] [SEVERE ] setting player 1 freeze to 2297
[2022-12-17 12:54:37] [SEVERE ] setting player 3 freeze to 2869
[2022-12-17 12:54:37] [SEVERE ] setting player 2 freeze to 2298
[2022-12-17 12:54:37] [SEVERE ] setting player 1 freeze to 2286
[2022-12-17 12:54:37] [SEVERE ] setting player 3 freeze to 2858
[2022-12-17 12:54:37] [SEVERE ] setting player 2 freeze to 2287
[2022-12-17 12:54:37] [SEVERE ] setting player 1 freeze to 2275
[2022-12-17 12:54:37] [SEVERE ] setting player 3 freeze to 2847
[2022-12-17 12:54:37] [SEVERE ] setting player 2 freeze to 2276
[2022-12-17 12:54:37] [SEVERE ] setting player 1 freeze to 2264
[2022-12-17 12:54:37] [SEVERE ] setting player 3 freeze to 2836
[2022-12-17 12:54:37] [SEVERE ] setting player 2 freeze to 2265
[2022-12-17 12:54:37] [SEVERE ] setting player 1 freeze to 2253
[2022-12-17 12:54:37] [SEVERE ] setting player 3 freeze to 2825
[2022-12-17 12:54:37] [SEVERE ] setting player 2 freeze to 2254
[2022-12-17 12:54:37] [SEVERE ] setting player 1 freeze to 2242
[2022-12-17 12:54:37] [SEVERE ] setting player 3 freeze to 2814
[2022-12-17 12:54:37] [SEVERE ] setting player 2 freeze to 2243
[2022-12-17 12:54:37] [SEVERE ] setting player 1 freeze to 2231
[2022-12-17 12:54:37] [SEVERE ] setting player 3 freeze to 2803
[2022-12-17 12:54:37] [SEVERE ] setting player 2 freeze to 2232
[2022-12-17 12:54:37] [SEVERE ] setting player 1 freeze to 2220
[2022-12-17 12:54:37] [SEVERE ] setting player 3 freeze to 2792
[2022-12-17 12:54:37] [SEVERE ] setting player 2 freeze to 2221
[2022-12-17 12:54:37] [SEVERE ] setting player 1 freeze to 2209
[2022-12-17 12:54:37] [SEVERE ] setting player 3 freeze to 2781
[2022-12-17 12:54:37] [SEVERE ] setting player 2 freeze to 2210
[2022-12-17 12:54:37] [SEVERE ] setting player 1 freeze to 2198
[2022-12-17 12:54:37] [SEVERE ] setting player 3 freeze to 2770
[2022-12-17 12:54:38] [SEVERE ] setting player 2 freeze to 2199
[2022-12-17 12:54:38] [SEVERE ] setting player 1 freeze to 2187
[2022-12-17 12:54:38] [SEVERE ] setting player 3 freeze to 2759
[2022-12-17 12:54:38] [SEVERE ] setting player 2 freeze to 2188
[2022-12-17 12:54:38] [SEVERE ] setting player 1 freeze to 2176
[2022-12-17 12:54:38] [SEVERE ] setting player 3 freeze to 2748
[2022-12-17 12:54:38] [SEVERE ] setting player 2 freeze to 2177
[2022-12-17 12:54:38] [SEVERE ] setting player 1 freeze to 2165
[2022-12-17 12:54:38] [SEVERE ] setting player 3 freeze to 2737
[2022-12-17 12:54:38] [SEVERE ] setting player 2 freeze to 2166
[2022-12-17 12:54:38] [SEVERE ] setting player 1 freeze to 2154
[2022-12-17 12:54:38] [SEVERE ] setting player 3 freeze to 2726
[2022-12-17 12:54:38] [SEVERE ] setting player 2 freeze to 2155
[2022-12-17 12:54:38] [SEVERE ] setting player 1 freeze to 2143
[2022-12-17 12:54:38] [SEVERE ] setting player 3 freeze to 2715
[2022-12-17 12:54:38] [SEVERE ] setting player 2 freeze to 2144
[2022-12-17 12:54:38] [SEVERE ] setting player 1 freeze to 2132
[2022-12-17 12:54:38] [SEVERE ] setting player 3 freeze to 2704
[2022-12-17 12:54:38] [SEVERE ] setting player 2 freeze to 2133
[2022-12-17 12:54:38] [SEVERE ] setting player 1 freeze to 2121
[2022-12-17 12:54:38] [SEVERE ] setting player 3 freeze to 2693
[2022-12-17 12:54:38] [SEVERE ] setting player 2 freeze to 2122
[2022-12-17 12:54:38] [SEVERE ] setting player 1 freeze to 2110
[2022-12-17 12:54:38] [SEVERE ] setting player 3 freeze to 2682
[2022-12-17 12:54:38] [SEVERE ] setting player 2 freeze to 2111
[2022-12-17 12:54:38] [SEVERE ] setting player 1 freeze to 2099
[2022-12-17 12:54:38] [SEVERE ] setting player 3 freeze to 2671
[2022-12-17 12:54:38] [SEVERE ] setting player 2 freeze to 2100
[2022-12-17 12:54:38] [SEVERE ] setting player 1 freeze to 2088
[2022-12-17 12:54:38] [SEVERE ] setting player 3 freeze to 2660
[2022-12-17 12:54:38] [SEVERE ] setting player 2 freeze to 2089
[2022-12-17 12:54:38] [SEVERE ] setting player 1 freeze to 2077
[2022-12-17 12:54:38] [SEVERE ] setting player 3 freeze to 2649
[2022-12-17 12:54:38] [SEVERE ] setting player 2 freeze to 2078
[2022-12-17 12:54:38] [SEVERE ] setting player 1 freeze to 2066
[2022-12-17 12:54:38] [SEVERE ] setting player 3 freeze to 2638
[2022-12-17 12:54:38] [SEVERE ] setting player 2 freeze to 2067
[2022-12-17 12:54:38] [SEVERE ] setting player 1 freeze to 2055
[2022-12-17 12:54:38] [SEVERE ] setting player 3 freeze to 2627
[2022-12-17 12:54:38] [SEVERE ] setting player 2 freeze to 2056
[2022-12-17 12:54:38] [SEVERE ] setting player 1 freeze to 2044
[2022-12-17 12:54:38] [SEVERE ] setting player 3 freeze to 2616
[2022-12-17 12:54:38] [SEVERE ] setting player 2 freeze to 2045
[2022-12-17 12:54:38] [SEVERE ] setting player 1 freeze to 2033
[2022-12-17 12:54:38] [SEVERE ] setting player 3 freeze to 2605
[2022-12-17 12:54:38] [SEVERE ] setting player 2 freeze to 2034
[2022-12-17 12:54:38] [SEVERE ] setting player 1 freeze to 2022
[2022-12-17 12:54:38] [SEVERE ] setting player 3 freeze to 2594
[2022-12-17 12:54:38] [SEVERE ] setting player 2 freeze to 2023
[2022-12-17 12:54:38] [SEVERE ] setting player 1 freeze to 2012
[2022-12-17 12:54:38] [SEVERE ] setting player 3 freeze to 2584
[2022-12-17 12:54:38] [SEVERE ] setting player 2 freeze to 2013
[2022-12-17 12:54:38] [SEVERE ] setting player 1 freeze to 2001
[2022-12-17 12:54:38] [SEVERE ] setting player 3 freeze to 2573
[2022-12-17 12:54:38] [SEVERE ] setting player 2 freeze to 2002
[2022-12-17 12:54:38] [SEVERE ] setting player 1 freeze to 1990
[2022-12-17 12:54:38] [SEVERE ] setting player 3 freeze to 2562
[2022-12-17 12:54:38] [SEVERE ] setting player 2 freeze to 1991
[2022-12-17 12:54:38] [SEVERE ] setting player 1 freeze to 1979
[2022-12-17 12:54:38] [SEVERE ] setting player 3 freeze to 2551
[2022-12-17 12:54:38] [SEVERE ] setting player 2 freeze to 1980
[2022-12-17 12:54:38] [SEVERE ] setting player 1 freeze to 1968
[2022-12-17 12:54:38] [SEVERE ] setting player 3 freeze to 2540
[2022-12-17 12:54:38] [SEVERE ] setting player 2 freeze to 1969
[2022-12-17 12:54:38] [SEVERE ] setting player 1 freeze to 1957
[2022-12-17 12:54:38] [SEVERE ] setting player 3 freeze to 2529
[2022-12-17 12:54:38] [SEVERE ] setting player 2 freeze to 1958
[2022-12-17 12:54:38] [SEVERE ] setting player 1 freeze to 1946
[2022-12-17 12:54:38] [SEVERE ] setting player 3 freeze to 2518
[2022-12-17 12:54:38] [SEVERE ] setting player 2 freeze to 1947
[2022-12-17 12:54:38] [SEVERE ] setting player 1 freeze to 1935
[2022-12-17 12:54:38] [SEVERE ] setting player 3 freeze to 2507
[2022-12-17 12:54:38] [SEVERE ] setting player 2 freeze to 1936
[2022-12-17 12:54:38] [SEVERE ] setting player 1 freeze to 1924
[2022-12-17 12:54:38] [SEVERE ] setting player 3 freeze to 2496
[2022-12-17 12:54:38] [SEVERE ] setting player 2 freeze to 1925
[2022-12-17 12:54:38] [SEVERE ] setting player 1 freeze to 1913
[2022-12-17 12:54:38] [SEVERE ] setting player 3 freeze to 2485
[2022-12-17 12:54:38] [SEVERE ] setting player 2 freeze to 1914
[2022-12-17 12:54:38] [SEVERE ] setting player 1 freeze to 1902
[2022-12-17 12:54:38] [SEVERE ] setting player 3 freeze to 2474
[2022-12-17 12:54:38] [SEVERE ] setting player 2 freeze to 1903
[2022-12-17 12:54:38] [SEVERE ] setting player 1 freeze to 1891
[2022-12-17 12:54:38] [SEVERE ] setting player 3 freeze to 2463
[2022-12-17 12:54:38] [SEVERE ] setting player 2 freeze to 1892
[2022-12-17 12:54:38] [SEVERE ] setting player 1 freeze to 1880
[2022-12-17 12:54:38] [SEVERE ] setting player 3 freeze to 2452
[2022-12-17 12:54:38] [SEVERE ] setting player 2 freeze to 1881
[2022-12-17 12:54:38] [SEVERE ] setting player 1 freeze to 1869
[2022-12-17 12:54:38] [SEVERE ] setting player 3 freeze to 2441
[2022-12-17 12:54:38] [SEVERE ] setting player 2 freeze to 1870
[2022-12-17 12:54:38] [SEVERE ] setting player 1 freeze to 1858
[2022-12-17 12:54:38] [SEVERE ] setting player 3 freeze to 2430
[2022-12-17 12:54:38] [SEVERE ] setting player 2 freeze to 1859
[2022-12-17 12:54:38] [SEVERE ] setting player 1 freeze to 1847
[2022-12-17 12:54:38] [SEVERE ] setting player 3 freeze to 2419
[2022-12-17 12:54:38] [SEVERE ] setting player 2 freeze to 1848
[2022-12-17 12:54:38] [SEVERE ] setting player 1 freeze to 1836
[2022-12-17 12:54:38] [SEVERE ] setting player 3 freeze to 2408
[2022-12-17 12:54:38] [SEVERE ] setting player 2 freeze to 1837
[2022-12-17 12:54:38] [SEVERE ] setting player 1 freeze to 1825
[2022-12-17 12:54:38] [SEVERE ] setting player 3 freeze to 2397
[2022-12-17 12:54:38] [SEVERE ] setting player 2 freeze to 1826
[2022-12-17 12:54:38] [SEVERE ] setting player 1 freeze to 1813
[2022-12-17 12:54:38] [SEVERE ] setting player 3 freeze to 2385
[2022-12-17 12:54:38] [SEVERE ] setting player 2 freeze to 1814
[2022-12-17 12:54:38] [SEVERE ] setting player 1 freeze to 1802
[2022-12-17 12:54:38] [SEVERE ] setting player 3 freeze to 2374
[2022-12-17 12:54:38] [SEVERE ] setting player 2 freeze to 1803
[2022-12-17 12:54:38] [SEVERE ] setting player 1 freeze to 1791
[2022-12-17 12:54:38] [SEVERE ] setting player 3 freeze to 2363
[2022-12-17 12:54:38] [SEVERE ] setting player 2 freeze to 1792
[2022-12-17 12:54:38] [SEVERE ] setting player 1 freeze to 1780
[2022-12-17 12:54:38] [SEVERE ] setting player 3 freeze to 2352
[2022-12-17 12:54:38] [SEVERE ] setting player 2 freeze to 1781
[2022-12-17 12:54:38] [SEVERE ] setting player 1 freeze to 1769
[2022-12-17 12:54:38] [SEVERE ] setting player 3 freeze to 2341
[2022-12-17 12:54:38] [SEVERE ] setting player 2 freeze to 1770
[2022-12-17 12:54:38] [SEVERE ] setting player 1 freeze to 1758
[2022-12-17 12:54:38] [SEVERE ] setting player 3 freeze to 2330
[2022-12-17 12:54:38] [SEVERE ] setting player 2 freeze to 1759
[2022-12-17 12:54:38] [SEVERE ] Exit button pressed
[2022-12-17 12:54:38] [SEVERE ] setting player 1 freeze to 1741
[2022-12-17 12:54:38] [SEVERE ] setting player 2 freeze to 1748
[2022-12-17 12:54:38] [SEVERE ] announcing winners: [0, 1, 2, 3]
[2022-12-17 12:54:38] [INFO   ] Thread dealer terminated.
[2022-12-17 12:54:38] [INFO   ] Thread main terminated.
