[2022-12-12 16:20:53] [INFO   ] cannot read configuration file config.properties trying from resources.
[2022-12-12 16:20:53] [INFO   ] configuration file was loaded from resources directory.
[2022-12-12 16:20:54] [INFO   ] Thread dealer starting.
[2022-12-12 16:20:54] [SEVERE ] placing card 59 in slot 0
[2022-12-12 16:20:54] [SEVERE ] placing card 56 in slot 1
[2022-12-12 16:20:54] [SEVERE ] placing card 77 in slot 2
[2022-12-12 16:20:55] [SEVERE ] placing card 0 in slot 3
[2022-12-12 16:20:55] [SEVERE ] placing card 62 in slot 4
[2022-12-12 16:20:55] [SEVERE ] placing card 16 in slot 5
[2022-12-12 16:20:55] [SEVERE ] placing card 39 in slot 6
[2022-12-12 16:20:55] [SEVERE ] placing card 1 in slot 7
[2022-12-12 16:20:55] [SEVERE ] placing card 61 in slot 8
[2022-12-12 16:20:55] [SEVERE ] placing card 20 in slot 9
[2022-12-12 16:20:55] [SEVERE ] placing card 58 in slot 10
[2022-12-12 16:20:55] [SEVERE ] placing card 32 in slot 11
[2022-12-12 16:21:06] [SEVERE ] Key 81 was pressed by player 0
[2022-12-12 16:21:06] [SEVERE ] player 0 placing token on slot 0
[2022-12-12 16:21:06] [SEVERE ] Key 87 was pressed by player 0
[2022-12-12 16:21:06] [SEVERE ] player 0 placing token on slot 1
[2022-12-12 16:21:06] [SEVERE ] Key 69 was pressed by player 0
[2022-12-12 16:21:06] [SEVERE ] player 0 placing token on slot 2
[2022-12-12 16:21:06] [SEVERE ] setting player 0 freeze to 1000
[2022-12-12 16:21:10] [SEVERE ] removing player 0 token from slot 0
[2022-12-12 16:21:10] [SEVERE ] removing player 0 token from slot 1
[2022-12-12 16:21:10] [SEVERE ] removing player 0 token from slot 2
[2022-12-12 16:21:11] [SEVERE ] removing card from slot 0
[2022-12-12 16:21:11] [SEVERE ] removing card from slot 1
[2022-12-12 16:21:11] [SEVERE ] removing card from slot 2
[2022-12-12 16:21:11] [SEVERE ] removing card from slot 3
[2022-12-12 16:21:11] [SEVERE ] removing card from slot 4
[2022-12-12 16:21:11] [SEVERE ] removing card from slot 5
[2022-12-12 16:21:11] [SEVERE ] removing card from slot 6
[2022-12-12 16:21:11] [SEVERE ] removing card from slot 7
[2022-12-12 16:21:11] [SEVERE ] removing card from slot 8
[2022-12-12 16:21:11] [SEVERE ] removing card from slot 9
[2022-12-12 16:21:12] [SEVERE ] removing card from slot 10
[2022-12-12 16:21:12] [SEVERE ] removing card from slot 11
[2022-12-12 16:21:12] [SEVERE ] placing card 47 in slot 0
[2022-12-12 16:21:12] [SEVERE ] placing card 5 in slot 1
[2022-12-12 16:21:12] [SEVERE ] placing card 65 in slot 2
[2022-12-12 16:21:12] [SEVERE ] placing card 15 in slot 3
[2022-12-12 16:21:12] [SEVERE ] placing card 31 in slot 4
[2022-12-12 16:21:12] [SEVERE ] placing card 56 in slot 5
[2022-12-12 16:21:12] [SEVERE ] placing card 17 in slot 6
[2022-12-12 16:21:12] [SEVERE ] placing card 26 in slot 7
[2022-12-12 16:21:13] [SEVERE ] placing card 58 in slot 8
[2022-12-12 16:21:13] [SEVERE ] placing card 51 in slot 9
[2022-12-12 16:21:13] [SEVERE ] placing card 37 in slot 10
[2022-12-12 16:21:13] [SEVERE ] placing card 25 in slot 11
