[17:18:54.902] [INFO   ] thread main starting.
[17:18:54.914] [SEVERE ] cannot read configuration file config.properties trying from resources.
[17:18:54.918] [SEVERE ] configuration file was loaded from resources directory.
[17:18:55.750] [INFO   ] thread dealer starting.
[17:18:55.752] [INFO   ] Thread dealer starting.
[17:18:55.761] [INFO   ] Thread Player 0 starting.
[17:18:55.762] [INFO   ] Thread Player 1 starting.
[17:18:55.762] [INFO   ] Thread Player 2 starting.
[17:18:55.762] [INFO   ] Thread Player 3 starting.
[17:18:55.781] [INFO   ] Thread computer-2 starting.
[17:18:55.783] [INFO   ] Thread computer-1 starting.
[17:18:55.784] [INFO   ] Thread computer-3 starting.
[17:18:55.890] [SEVERE ] placing card 20 in slot 6
[17:18:56.013] [SEVERE ] placing card 7 in slot 11
[17:18:56.120] [SEVERE ] placing card 67 in slot 7
[17:18:56.228] [SEVERE ] placing card 71 in slot 2
[17:18:56.337] [SEVERE ] placing card 45 in slot 8
[17:18:56.444] [SEVERE ] placing card 42 in slot 4
[17:18:56.445] [INFO   ] thread dealer terminated.
[17:19:01.459] [SEVERE ] disposing of user interface elements
[17:19:01.559] [SEVERE ] thanks for playing... it was fun!
[17:19:01.562] [INFO   ] thread main terminated.
