[2022-12-12 18:32:15] [INFO   ] cannot read configuration file config.properties trying from resources.
[2022-12-12 18:32:15] [INFO   ] configuration file was loaded from resources directory.
[2022-12-12 18:32:16] [INFO   ] Thread dealer starting.
[2022-12-12 18:32:16] [INFO   ] Thread Player 0starting.
[2022-12-12 18:32:16] [INFO   ] Thread Player 1starting.
[2022-12-12 18:32:16] [SEVERE ] placing card 36 in slot 0
[2022-12-12 18:32:16] [SEVERE ] placing card 76 in slot 1
[2022-12-12 18:32:16] [SEVERE ] placing card 21 in slot 2
[2022-12-12 18:32:16] [SEVERE ] placing card 35 in slot 3
[2022-12-12 18:32:17] [SEVERE ] placing card 62 in slot 4
[2022-12-12 18:32:17] [SEVERE ] placing card 44 in slot 5
[2022-12-12 18:32:17] [SEVERE ] placing card 6 in slot 6
[2022-12-12 18:32:17] [SEVERE ] placing card 80 in slot 7
[2022-12-12 18:32:17] [SEVERE ] placing card 60 in slot 8
[2022-12-12 18:32:17] [SEVERE ] placing card 53 in slot 9
[2022-12-12 18:32:17] [SEVERE ] placing card 47 in slot 10
[2022-12-12 18:32:17] [SEVERE ] placing card 65 in slot 11
[2022-12-12 18:32:18] [SEVERE ] Key 81 was pressed by player 0
[2022-12-12 18:32:18] [SEVERE ] player 0 placing token on slot 0
[2022-12-12 18:32:19] [SEVERE ] Key 87 was pressed by player 0
[2022-12-12 18:32:19] [SEVERE ] player 0 placing token on slot 1
[2022-12-12 18:32:19] [SEVERE ] Key 69 was pressed by player 0
[2022-12-12 18:32:19] [SEVERE ] player 0 placing token on slot 2
[2022-12-12 18:32:19] [SEVERE ] setting player 0 freeze to 1000
[2022-12-12 18:32:19] [SEVERE ] removing player 0 token from slot 0
[2022-12-12 18:32:19] [SEVERE ] removing player 0 token from slot 1
[2022-12-12 18:32:19] [SEVERE ] removing player 0 token from slot 2
[2022-12-12 18:32:19] [SEVERE ] Key 81 was pressed by player 0
[2022-12-12 18:32:19] [SEVERE ] player 0 placing token on slot 0
[2022-12-12 18:32:19] [SEVERE ] Key 87 was pressed by player 0
[2022-12-12 18:32:19] [SEVERE ] player 0 placing token on slot 1
[2022-12-12 18:32:19] [SEVERE ] Key 69 was pressed by player 0
[2022-12-12 18:32:19] [SEVERE ] player 0 placing token on slot 2
[2022-12-12 18:32:19] [SEVERE ] setting player 0 freeze to 1000
[2022-12-12 18:32:19] [SEVERE ] removing player 0 token from slot 0
[2022-12-12 18:32:19] [SEVERE ] removing player 0 token from slot 1
[2022-12-12 18:32:19] [SEVERE ] removing player 0 token from slot 2
[2022-12-12 18:32:20] [SEVERE ] Key 81 was pressed by player 0
[2022-12-12 18:32:20] [SEVERE ] player 0 placing token on slot 0
[2022-12-12 18:32:20] [SEVERE ] Key 87 was pressed by player 0
[2022-12-12 18:32:20] [SEVERE ] player 0 placing token on slot 1
[2022-12-12 18:32:20] [SEVERE ] Key 69 was pressed by player 0
[2022-12-12 18:32:20] [SEVERE ] player 0 placing token on slot 2
[2022-12-12 18:32:20] [SEVERE ] setting player 0 freeze to 1000
[2022-12-12 18:32:20] [SEVERE ] removing player 0 token from slot 0
[2022-12-12 18:32:20] [SEVERE ] removing player 0 token from slot 1
[2022-12-12 18:32:20] [SEVERE ] removing player 0 token from slot 2
[2022-12-12 18:32:23] [SEVERE ] Key 81 was pressed by player 0
[2022-12-12 18:32:23] [SEVERE ] player 0 placing token on slot 0
[2022-12-12 18:32:23] [SEVERE ] Key 87 was pressed by player 0
[2022-12-12 18:32:23] [SEVERE ] player 0 placing token on slot 1
[2022-12-12 18:32:23] [SEVERE ] Key 69 was pressed by player 0
[2022-12-12 18:32:23] [SEVERE ] player 0 placing token on slot 2
[2022-12-12 18:32:23] [SEVERE ] setting player 0 freeze to 1000
[2022-12-12 18:32:23] [SEVERE ] removing player 0 token from slot 0
[2022-12-12 18:32:23] [SEVERE ] removing player 0 token from slot 1
[2022-12-12 18:32:23] [SEVERE ] removing player 0 token from slot 2
[2022-12-12 18:32:23] [SEVERE ] Key 81 was pressed by player 0
[2022-12-12 18:32:23] [SEVERE ] player 0 placing token on slot 0
[2022-12-12 18:32:23] [SEVERE ] Key 87 was pressed by player 0
[2022-12-12 18:32:23] [SEVERE ] player 0 placing token on slot 1
[2022-12-12 18:32:24] [SEVERE ] Key 69 was pressed by player 0
[2022-12-12 18:32:24] [SEVERE ] player 0 placing token on slot 2
[2022-12-12 18:32:24] [SEVERE ] setting player 0 freeze to 1000
[2022-12-12 18:32:24] [SEVERE ] removing player 0 token from slot 0
[2022-12-12 18:32:24] [SEVERE ] removing player 0 token from slot 1
[2022-12-12 18:32:24] [SEVERE ] removing player 0 token from slot 2
[2022-12-12 18:32:24] [SEVERE ] Key 81 was pressed by player 0
[2022-12-12 18:32:24] [SEVERE ] player 0 placing token on slot 0
[2022-12-12 18:32:24] [SEVERE ] Key 87 was pressed by player 0
[2022-12-12 18:32:24] [SEVERE ] player 0 placing token on slot 1
[2022-12-12 18:32:24] [SEVERE ] Key 69 was pressed by player 0
[2022-12-12 18:32:24] [SEVERE ] player 0 placing token on slot 2
[2022-12-12 18:32:24] [SEVERE ] setting player 0 freeze to 1000
[2022-12-12 18:32:24] [SEVERE ] removing player 0 token from slot 0
[2022-12-12 18:32:24] [SEVERE ] removing player 0 token from slot 1
[2022-12-12 18:32:24] [SEVERE ] removing player 0 token from slot 2
[2022-12-12 18:32:24] [SEVERE ] Key 81 was pressed by player 0
[2022-12-12 18:32:24] [SEVERE ] player 0 placing token on slot 0
[2022-12-12 18:32:24] [SEVERE ] Key 87 was pressed by player 0
[2022-12-12 18:32:24] [SEVERE ] player 0 placing token on slot 1
[2022-12-12 18:32:24] [SEVERE ] Key 69 was pressed by player 0
[2022-12-12 18:32:24] [SEVERE ] player 0 placing token on slot 2
[2022-12-12 18:32:24] [SEVERE ] setting player 0 freeze to 1000
[2022-12-12 18:32:24] [SEVERE ] removing player 0 token from slot 0
[2022-12-12 18:32:24] [SEVERE ] removing player 0 token from slot 1
[2022-12-12 18:32:24] [SEVERE ] removing player 0 token from slot 2
[2022-12-12 18:32:24] [SEVERE ] Key 87 was pressed by player 0
[2022-12-12 18:32:24] [SEVERE ] player 0 placing token on slot 1
[2022-12-12 18:32:24] [SEVERE ] Key 81 was pressed by player 0
[2022-12-12 18:32:24] [SEVERE ] player 0 placing token on slot 0
[2022-12-12 18:32:25] [SEVERE ] Key 69 was pressed by player 0
[2022-12-12 18:32:25] [SEVERE ] player 0 placing token on slot 2
[2022-12-12 18:32:25] [SEVERE ] setting player 0 freeze to 1000
[2022-12-12 18:32:25] [SEVERE ] removing player 0 token from slot 1
[2022-12-12 18:32:25] [SEVERE ] removing player 0 token from slot 0
[2022-12-12 18:32:25] [SEVERE ] removing player 0 token from slot 2
[2022-12-12 18:32:25] [SEVERE ] Key 87 was pressed by player 0
[2022-12-12 18:32:25] [SEVERE ] player 0 placing token on slot 1
[2022-12-12 18:32:25] [SEVERE ] Key 81 was pressed by player 0
[2022-12-12 18:32:25] [SEVERE ] player 0 placing token on slot 0
[2022-12-12 18:32:25] [SEVERE ] Key 69 was pressed by player 0
[2022-12-12 18:32:25] [SEVERE ] player 0 placing token on slot 2
[2022-12-12 18:32:25] [SEVERE ] setting player 0 freeze to 1000
[2022-12-12 18:32:25] [SEVERE ] removing player 0 token from slot 1
[2022-12-12 18:32:25] [SEVERE ] removing player 0 token from slot 0
[2022-12-12 18:32:25] [SEVERE ] removing player 0 token from slot 2
[2022-12-12 18:32:25] [SEVERE ] Key 81 was pressed by player 0
[2022-12-12 18:32:25] [SEVERE ] player 0 placing token on slot 0
[2022-12-12 18:32:25] [SEVERE ] Key 87 was pressed by player 0
[2022-12-12 18:32:25] [SEVERE ] player 0 placing token on slot 1
[2022-12-12 18:32:25] [SEVERE ] Key 69 was pressed by player 0
[2022-12-12 18:32:25] [SEVERE ] player 0 placing token on slot 2
[2022-12-12 18:32:25] [SEVERE ] setting player 0 freeze to 1000
[2022-12-12 18:32:25] [SEVERE ] removing player 0 token from slot 0
[2022-12-12 18:32:25] [SEVERE ] removing player 0 token from slot 1
[2022-12-12 18:32:25] [SEVERE ] removing player 0 token from slot 2
[2022-12-12 18:32:25] [SEVERE ] Key 81 was pressed by player 0
[2022-12-12 18:32:25] [SEVERE ] player 0 placing token on slot 0
[2022-12-12 18:32:25] [SEVERE ] Key 87 was pressed by player 0
[2022-12-12 18:32:25] [SEVERE ] player 0 placing token on slot 1
[2022-12-12 18:32:25] [SEVERE ] Key 69 was pressed by player 0
[2022-12-12 18:32:25] [SEVERE ] player 0 placing token on slot 2
[2022-12-12 18:32:25] [SEVERE ] setting player 0 freeze to 1000
[2022-12-12 18:32:25] [SEVERE ] removing player 0 token from slot 0
[2022-12-12 18:32:25] [SEVERE ] removing player 0 token from slot 1
[2022-12-12 18:32:25] [SEVERE ] removing player 0 token from slot 2
