[2022-12-12 15:05:06] [INFO   ] cannot read configuration file config.properties trying from resources.
[2022-12-12 15:05:06] [INFO   ] configuration file was loaded from resources directory.
[2022-12-12 15:05:06] [INFO   ] Thread dealer starting.
[2022-12-12 15:05:07] [SEVERE ] placing card 6 in slot 0
[2022-12-12 15:05:07] [SEVERE ] placing card 51 in slot 1
[2022-12-12 15:05:07] [SEVERE ] placing card 39 in slot 2
[2022-12-12 15:05:07] [SEVERE ] placing card 35 in slot 3
[2022-12-12 15:05:07] [SEVERE ] placing card 29 in slot 4
[2022-12-12 15:05:07] [SEVERE ] placing card 34 in slot 5
[2022-12-12 15:05:07] [SEVERE ] placing card 59 in slot 6
[2022-12-12 15:05:07] [SEVERE ] placing card 47 in slot 7
[2022-12-12 15:05:07] [SEVERE ] placing card 28 in slot 8
[2022-12-12 15:05:07] [SEVERE ] placing card 24 in slot 9
[2022-12-12 15:05:08] [SEVERE ] placing card 45 in slot 10
[2022-12-12 15:05:08] [SEVERE ] placing card 22 in slot 11
[2022-12-12 15:05:09] [SEVERE ] Key 81 was pressed by player 0
[2022-12-12 15:05:09] [SEVERE ] player 0 placing token on slot 0
[2022-12-12 15:05:09] [SEVERE ] Key 87 was pressed by player 0
[2022-12-12 15:05:09] [SEVERE ] player 0 placing token on slot 1
[2022-12-12 15:05:09] [SEVERE ] Key 69 was pressed by player 0
[2022-12-12 15:05:09] [SEVERE ] player 0 placing token on slot 2
[2022-12-12 15:05:09] [SEVERE ] setting player 0 freeze to 1000
[2022-12-12 15:05:23] [SEVERE ] removing player 0 token from slot 0
[2022-12-12 15:05:23] [SEVERE ] removing player 0 token from slot 1
[2022-12-12 15:05:23] [SEVERE ] removing player 0 token from slot 2
[2022-12-12 15:05:23] [SEVERE ] removing card from slot 0
[2022-12-12 15:05:23] [SEVERE ] removing card from slot 1
[2022-12-12 15:05:23] [SEVERE ] removing card from slot 2
[2022-12-12 15:05:23] [SEVERE ] removing card from slot 3
[2022-12-12 15:05:23] [SEVERE ] removing card from slot 4
[2022-12-12 15:05:23] [SEVERE ] removing card from slot 5
[2022-12-12 15:05:23] [SEVERE ] removing card from slot 6
[2022-12-12 15:05:23] [SEVERE ] removing card from slot 7
[2022-12-12 15:05:24] [SEVERE ] removing card from slot 8
[2022-12-12 15:05:24] [SEVERE ] removing card from slot 9
[2022-12-12 15:05:24] [SEVERE ] removing card from slot 10
[2022-12-12 15:05:24] [SEVERE ] removing card from slot 11
[2022-12-12 15:05:24] [SEVERE ] placing card 55 in slot 0
[2022-12-12 15:05:24] [SEVERE ] placing card 42 in slot 1
[2022-12-12 15:05:24] [SEVERE ] placing card 50 in slot 2
[2022-12-12 15:05:24] [SEVERE ] placing card 29 in slot 3
[2022-12-12 15:05:24] [SEVERE ] placing card 46 in slot 4
[2022-12-12 15:05:25] [SEVERE ] placing card 68 in slot 5
[2022-12-12 15:05:25] [SEVERE ] placing card 1 in slot 6
[2022-12-12 15:05:25] [SEVERE ] placing card 20 in slot 7
[2022-12-12 15:05:25] [SEVERE ] placing card 6 in slot 8
[2022-12-12 15:05:25] [SEVERE ] placing card 37 in slot 9
[2022-12-12 15:05:25] [SEVERE ] placing card 39 in slot 10
[2022-12-12 15:05:25] [SEVERE ] placing card 49 in slot 11
[2022-12-12 15:05:26] [SEVERE ] Key 81 was pressed by player 0
[2022-12-12 15:05:26] [SEVERE ] player 0 placing token on slot 0
[2022-12-12 15:05:26] [SEVERE ] Key 87 was pressed by player 0
[2022-12-12 15:05:26] [SEVERE ] player 0 placing token on slot 1
[2022-12-12 15:05:26] [SEVERE ] Key 69 was pressed by player 0
[2022-12-12 15:05:26] [SEVERE ] player 0 placing token on slot 2
[2022-12-12 15:05:26] [SEVERE ] setting player 0 freeze to 1000
[2022-12-12 15:05:29] [SEVERE ] Key 81 was pressed by player 0
[2022-12-12 15:05:29] [SEVERE ] removing player 0 token from slot 0
[2022-12-12 15:05:30] [SEVERE ] Key 69 was pressed by player 0
[2022-12-12 15:05:30] [SEVERE ] removing player 0 token from slot 2
[2022-12-12 15:05:30] [SEVERE ] Key 87 was pressed by player 0
[2022-12-12 15:05:30] [SEVERE ] removing player 0 token from slot 1
[2022-12-12 15:05:30] [SEVERE ] Key 81 was pressed by player 0
[2022-12-12 15:05:30] [SEVERE ] player 0 placing token on slot 0
[2022-12-12 15:05:31] [SEVERE ] Key 87 was pressed by player 0
[2022-12-12 15:05:31] [SEVERE ] player 0 placing token on slot 1
[2022-12-12 15:05:31] [SEVERE ] Key 69 was pressed by player 0
[2022-12-12 15:05:31] [SEVERE ] player 0 placing token on slot 2
[2022-12-12 15:05:31] [SEVERE ] setting player 0 freeze to 1000
[2022-12-12 15:05:32] [SEVERE ] Key 82 was pressed by player 0
[2022-12-12 15:05:32] [SEVERE ] player 0 placing token on slot 3
[2022-12-12 15:05:33] [SEVERE ] Key 68 was pressed by player 0
[2022-12-12 15:05:33] [SEVERE ] player 0 placing token on slot 6
[2022-12-12 15:05:33] [SEVERE ] Key 83 was pressed by player 0
[2022-12-12 15:05:33] [SEVERE ] player 0 placing token on slot 5
[2022-12-12 15:05:33] [SEVERE ] Key 65 was pressed by player 0
[2022-12-12 15:05:33] [SEVERE ] player 0 placing token on slot 4
[2022-12-12 15:05:34] [SEVERE ] Key 70 was pressed by player 0
[2022-12-12 15:05:34] [SEVERE ] player 0 placing token on slot 7
[2022-12-12 15:05:34] [SEVERE ] Key 81 was pressed by player 0
[2022-12-12 15:05:34] [SEVERE ] removing player 0 token from slot 0
[2022-12-12 15:05:34] [SEVERE ] Key 87 was pressed by player 0
[2022-12-12 15:05:34] [SEVERE ] removing player 0 token from slot 1
[2022-12-12 15:05:35] [SEVERE ] Key 69 was pressed by player 0
[2022-12-12 15:05:35] [SEVERE ] removing player 0 token from slot 2
[2022-12-12 15:05:35] [SEVERE ] Key 81 was pressed by player 0
[2022-12-12 15:05:35] [SEVERE ] player 0 placing token on slot 0
[2022-12-12 15:05:36] [SEVERE ] Exit button pressed
