[2022-12-12 17:13:34] [INFO   ] cannot read configuration file config.properties trying from resources.
[2022-12-12 17:13:34] [INFO   ] configuration file was loaded from resources directory.
[2022-12-12 17:13:35] [INFO   ] Thread dealer starting.
[2022-12-12 17:13:35] [INFO   ] Thread Player 1starting.
[2022-12-12 17:13:35] [INFO   ] Thread Player 0starting.
[2022-12-12 17:13:35] [SEVERE ] placing card 48 in slot 0
[2022-12-12 17:13:35] [SEVERE ] placing card 38 in slot 1
[2022-12-12 17:13:35] [SEVERE ] placing card 39 in slot 2
[2022-12-12 17:13:35] [SEVERE ] placing card 62 in slot 3
[2022-12-12 17:13:35] [SEVERE ] placing card 33 in slot 4
[2022-12-12 17:13:35] [SEVERE ] placing card 65 in slot 5
[2022-12-12 17:13:35] [SEVERE ] placing card 5 in slot 6
[2022-12-12 17:13:35] [SEVERE ] placing card 80 in slot 7
[2022-12-12 17:13:35] [SEVERE ] placing card 8 in slot 8
[2022-12-12 17:13:36] [SEVERE ] placing card 72 in slot 9
[2022-12-12 17:13:36] [SEVERE ] placing card 49 in slot 10
[2022-12-12 17:13:36] [SEVERE ] placing card 25 in slot 11
[2022-12-12 17:13:51] [SEVERE ] removing card from slot 0
[2022-12-12 17:13:51] [SEVERE ] removing card from slot 1
[2022-12-12 17:13:51] [SEVERE ] removing card from slot 2
[2022-12-12 17:13:51] [SEVERE ] removing card from slot 3
[2022-12-12 17:13:51] [SEVERE ] removing card from slot 4
[2022-12-12 17:13:51] [SEVERE ] removing card from slot 5
[2022-12-12 17:13:51] [SEVERE ] removing card from slot 6
[2022-12-12 17:13:52] [SEVERE ] removing card from slot 7
[2022-12-12 17:13:52] [SEVERE ] removing card from slot 8
[2022-12-12 17:13:52] [SEVERE ] removing card from slot 9
[2022-12-12 17:13:52] [SEVERE ] removing card from slot 10
[2022-12-12 17:13:52] [SEVERE ] removing card from slot 11
[2022-12-12 17:13:52] [SEVERE ] placing card 37 in slot 0
[2022-12-12 17:13:52] [SEVERE ] placing card 22 in slot 1
[2022-12-12 17:13:52] [SEVERE ] placing card 0 in slot 2
[2022-12-12 17:13:52] [SEVERE ] placing card 33 in slot 3
[2022-12-12 17:13:52] [SEVERE ] placing card 14 in slot 4
[2022-12-12 17:13:53] [SEVERE ] placing card 45 in slot 5
[2022-12-12 17:13:53] [SEVERE ] placing card 4 in slot 6
[2022-12-12 17:13:53] [SEVERE ] placing card 63 in slot 7
[2022-12-12 17:13:53] [SEVERE ] placing card 3 in slot 8
[2022-12-12 17:13:53] [SEVERE ] placing card 58 in slot 9
[2022-12-12 17:13:53] [SEVERE ] placing card 46 in slot 10
[2022-12-12 17:13:53] [SEVERE ] placing card 10 in slot 11
[2022-12-12 17:13:57] [SEVERE ] Key 81 was pressed by player 0
[2022-12-12 17:13:57] [SEVERE ] player 0 placing token on slot 0
[2022-12-12 17:13:57] [SEVERE ] Key 87 was pressed by player 0
[2022-12-12 17:13:57] [SEVERE ] player 0 placing token on slot 1
[2022-12-12 17:13:57] [SEVERE ] Key 69 was pressed by player 0
[2022-12-12 17:13:57] [SEVERE ] player 0 placing token on slot 2
[2022-12-12 17:13:57] [SEVERE ] setting player 0 freeze to 1000
[2022-12-12 17:13:58] [SEVERE ] removing player 0 token from slot 0
[2022-12-12 17:13:58] [SEVERE ] removing player 0 token from slot 1
[2022-12-12 17:13:58] [SEVERE ] removing player 0 token from slot 2
[2022-12-12 17:14:02] [SEVERE ] Key 81 was pressed by player 0
[2022-12-12 17:14:02] [SEVERE ] player 0 placing token on slot 0
[2022-12-12 17:14:02] [SEVERE ] Key 87 was pressed by player 0
[2022-12-12 17:14:02] [SEVERE ] player 0 placing token on slot 1
[2022-12-12 17:14:02] [SEVERE ] Key 69 was pressed by player 0
[2022-12-12 17:14:02] [SEVERE ] player 0 placing token on slot 2
[2022-12-12 17:14:02] [SEVERE ] setting player 0 freeze to 1000
[2022-12-12 17:14:03] [SEVERE ] removing player 0 token from slot 0
[2022-12-12 17:14:03] [SEVERE ] removing player 0 token from slot 1
[2022-12-12 17:14:03] [SEVERE ] removing player 0 token from slot 2
[2022-12-12 17:14:08] [SEVERE ] removing card from slot 0
[2022-12-12 17:14:08] [SEVERE ] removing card from slot 1
[2022-12-12 17:14:09] [SEVERE ] removing card from slot 2
[2022-12-12 17:14:09] [SEVERE ] removing card from slot 3
[2022-12-12 17:14:09] [SEVERE ] removing card from slot 4
[2022-12-12 17:14:09] [SEVERE ] removing card from slot 5
[2022-12-12 17:14:09] [SEVERE ] removing card from slot 6
[2022-12-12 17:14:10] [SEVERE ] removing card from slot 7
[2022-12-12 17:14:10] [SEVERE ] removing card from slot 8
[2022-12-12 17:14:10] [SEVERE ] removing card from slot 9
[2022-12-12 17:14:10] [SEVERE ] removing card from slot 10
[2022-12-12 17:14:10] [SEVERE ] removing card from slot 11
[2022-12-12 17:14:10] [SEVERE ] placing card 16 in slot 0
[2022-12-12 17:14:10] [SEVERE ] placing card 37 in slot 1
[2022-12-12 17:14:10] [SEVERE ] placing card 55 in slot 2
[2022-12-12 17:14:10] [SEVERE ] placing card 17 in slot 3
[2022-12-12 17:14:10] [SEVERE ] placing card 34 in slot 4
[2022-12-12 17:14:11] [SEVERE ] placing card 11 in slot 5
[2022-12-12 17:14:11] [SEVERE ] placing card 13 in slot 6
[2022-12-12 17:14:11] [SEVERE ] placing card 38 in slot 7
[2022-12-12 17:14:11] [SEVERE ] placing card 35 in slot 8
[2022-12-12 17:14:11] [SEVERE ] placing card 25 in slot 9
[2022-12-12 17:14:11] [SEVERE ] placing card 22 in slot 10
[2022-12-12 17:14:11] [SEVERE ] placing card 70 in slot 11
[2022-12-12 17:14:26] [SEVERE ] removing card from slot 0
[2022-12-12 17:14:26] [SEVERE ] removing card from slot 1
[2022-12-12 17:14:26] [SEVERE ] removing card from slot 2
[2022-12-12 17:14:27] [SEVERE ] removing card from slot 3
[2022-12-12 17:14:27] [SEVERE ] removing card from slot 4
[2022-12-12 17:14:27] [SEVERE ] removing card from slot 5
[2022-12-12 17:14:27] [SEVERE ] removing card from slot 6
[2022-12-12 17:14:27] [SEVERE ] removing card from slot 7
[2022-12-12 17:14:27] [SEVERE ] removing card from slot 8
[2022-12-12 17:14:27] [SEVERE ] removing card from slot 9
[2022-12-12 17:14:27] [SEVERE ] removing card from slot 10
[2022-12-12 17:14:27] [SEVERE ] removing card from slot 11
[2022-12-12 17:14:27] [SEVERE ] placing card 1 in slot 0
[2022-12-12 17:14:28] [SEVERE ] placing card 42 in slot 1
[2022-12-12 17:14:28] [SEVERE ] placing card 74 in slot 2
[2022-12-12 17:14:28] [SEVERE ] placing card 61 in slot 3
[2022-12-12 17:14:28] [SEVERE ] placing card 46 in slot 4
[2022-12-12 17:14:28] [SEVERE ] placing card 25 in slot 5
[2022-12-12 17:14:28] [SEVERE ] placing card 60 in slot 6
[2022-12-12 17:14:28] [SEVERE ] placing card 27 in slot 7
[2022-12-12 17:14:28] [SEVERE ] placing card 23 in slot 8
[2022-12-12 17:14:28] [SEVERE ] placing card 36 in slot 9
[2022-12-12 17:14:28] [SEVERE ] placing card 30 in slot 10
[2022-12-12 17:14:29] [SEVERE ] placing card 31 in slot 11
