[2022-12-12 18:23:10] [INFO   ] cannot read configuration file config.properties trying from resources.
[2022-12-12 18:23:10] [INFO   ] configuration file was loaded from resources directory.
[2022-12-12 18:23:10] [INFO   ] Thread dealer starting.
[2022-12-12 18:23:10] [INFO   ] Thread Player 0starting.
[2022-12-12 18:23:10] [INFO   ] Thread Player 1starting.
[2022-12-12 18:23:10] [SEVERE ] placing card 60 in slot 0
[2022-12-12 18:23:11] [SEVERE ] placing card 44 in slot 1
[2022-12-12 18:23:11] [SEVERE ] placing card 5 in slot 2
[2022-12-12 18:23:11] [SEVERE ] placing card 53 in slot 3
[2022-12-12 18:23:11] [SEVERE ] placing card 42 in slot 4
[2022-12-12 18:23:11] [SEVERE ] placing card 3 in slot 5
[2022-12-12 18:23:11] [SEVERE ] placing card 6 in slot 6
[2022-12-12 18:23:11] [SEVERE ] placing card 66 in slot 7
[2022-12-12 18:23:11] [SEVERE ] placing card 37 in slot 8
[2022-12-12 18:23:11] [SEVERE ] placing card 46 in slot 9
[2022-12-12 18:23:11] [SEVERE ] placing card 69 in slot 10
[2022-12-12 18:23:12] [SEVERE ] placing card 57 in slot 11
[2022-12-12 18:23:12] [SEVERE ] Key 81 was pressed by player 0
[2022-12-12 18:23:12] [SEVERE ] player 0 placing token on slot 0
[2022-12-12 18:23:12] [SEVERE ] Key 87 was pressed by player 0
[2022-12-12 18:23:12] [SEVERE ] player 0 placing token on slot 1
[2022-12-12 18:23:12] [SEVERE ] Key 69 was pressed by player 0
[2022-12-12 18:23:12] [SEVERE ] player 0 placing token on slot 2
[2022-12-12 18:23:12] [SEVERE ] setting player 0 freeze to 1000
[2022-12-12 18:23:12] [SEVERE ] removing player 0 token from slot 0
[2022-12-12 18:23:12] [SEVERE ] removing player 0 token from slot 1
[2022-12-12 18:23:12] [SEVERE ] removing player 0 token from slot 2
[2022-12-12 18:23:14] [SEVERE ] Key 80 was pressed by player 1
[2022-12-12 18:23:14] [SEVERE ] player 1 placing token on slot 3
[2022-12-12 18:23:14] [SEVERE ] Key 79 was pressed by player 1
[2022-12-12 18:23:14] [SEVERE ] player 1 placing token on slot 2
[2022-12-12 18:23:14] [SEVERE ] Key 73 was pressed by player 1
[2022-12-12 18:23:14] [SEVERE ] player 1 placing token on slot 1
[2022-12-12 18:23:14] [SEVERE ] setting player 1 freeze to 1000
[2022-12-12 18:23:14] [SEVERE ] removing player 1 token from slot 3
[2022-12-12 18:23:14] [SEVERE ] removing player 1 token from slot 2
[2022-12-12 18:23:14] [SEVERE ] removing player 1 token from slot 1
[2022-12-12 18:23:18] [SEVERE ] Key 81 was pressed by player 0
[2022-12-12 18:23:18] [SEVERE ] player 0 placing token on slot 0
[2022-12-12 18:23:18] [SEVERE ] Key 80 was pressed by player 1
[2022-12-12 18:23:18] [SEVERE ] player 1 placing token on slot 3
[2022-12-12 18:23:18] [SEVERE ] Key 87 was pressed by player 0
[2022-12-12 18:23:18] [SEVERE ] player 0 placing token on slot 1
[2022-12-12 18:23:18] [SEVERE ] Key 79 was pressed by player 1
[2022-12-12 18:23:18] [SEVERE ] player 1 placing token on slot 2
[2022-12-12 18:23:18] [SEVERE ] Key 69 was pressed by player 0
[2022-12-12 18:23:18] [SEVERE ] player 0 placing token on slot 2
[2022-12-12 18:23:18] [SEVERE ] setting player 0 freeze to 1000
[2022-12-12 18:23:18] [SEVERE ] removing player 0 token from slot 0
[2022-12-12 18:23:18] [SEVERE ] removing player 0 token from slot 1
[2022-12-12 18:23:18] [SEVERE ] removing player 0 token from slot 2
[2022-12-12 18:23:18] [SEVERE ] Key 73 was pressed by player 1
[2022-12-12 18:23:18] [SEVERE ] player 1 placing token on slot 1
[2022-12-12 18:23:18] [SEVERE ] setting player 1 freeze to 1000
[2022-12-12 18:23:18] [SEVERE ] removing player 1 token from slot 3
[2022-12-12 18:23:18] [SEVERE ] removing player 1 token from slot 2
[2022-12-12 18:23:18] [SEVERE ] removing player 1 token from slot 1
[2022-12-12 18:23:19] [SEVERE ] Key 73 was pressed by player 1
[2022-12-12 18:23:19] [SEVERE ] player 1 placing token on slot 1
[2022-12-12 18:23:19] [SEVERE ] Key 69 was pressed by player 0
[2022-12-12 18:23:19] [SEVERE ] player 0 placing token on slot 2
[2022-12-12 18:23:19] [SEVERE ] Key 79 was pressed by player 1
[2022-12-12 18:23:19] [SEVERE ] player 1 placing token on slot 2
[2022-12-12 18:23:19] [SEVERE ] Key 80 was pressed by player 1
[2022-12-12 18:23:19] [SEVERE ] player 1 placing token on slot 3
[2022-12-12 18:23:19] [SEVERE ] setting player 1 freeze to 1000
[2022-12-12 18:23:19] [SEVERE ] removing player 1 token from slot 1
[2022-12-12 18:23:19] [SEVERE ] removing player 1 token from slot 2
[2022-12-12 18:23:19] [SEVERE ] removing player 1 token from slot 3
[2022-12-12 18:23:19] [SEVERE ] Key 87 was pressed by player 0
[2022-12-12 18:23:19] [SEVERE ] player 0 placing token on slot 1
[2022-12-12 18:23:19] [SEVERE ] Key 81 was pressed by player 0
[2022-12-12 18:23:19] [SEVERE ] player 0 placing token on slot 0
[2022-12-12 18:23:19] [SEVERE ] setting player 0 freeze to 1000
[2022-12-12 18:23:19] [SEVERE ] removing player 0 token from slot 2
[2022-12-12 18:23:19] [SEVERE ] removing player 0 token from slot 1
[2022-12-12 18:23:19] [SEVERE ] removing player 0 token from slot 0
[2022-12-12 18:23:20] [SEVERE ] Key 73 was pressed by player 1
[2022-12-12 18:23:20] [SEVERE ] player 1 placing token on slot 1
[2022-12-12 18:23:20] [SEVERE ] Key 69 was pressed by player 0
[2022-12-12 18:23:20] [SEVERE ] player 0 placing token on slot 2
[2022-12-12 18:23:20] [SEVERE ] Key 79 was pressed by player 1
[2022-12-12 18:23:20] [SEVERE ] player 1 placing token on slot 2
[2022-12-12 18:23:20] [SEVERE ] Key 80 was pressed by player 1
[2022-12-12 18:23:20] [SEVERE ] player 1 placing token on slot 3
[2022-12-12 18:23:20] [SEVERE ] setting player 1 freeze to 1000
[2022-12-12 18:23:20] [SEVERE ] removing player 1 token from slot 1
[2022-12-12 18:23:20] [SEVERE ] removing player 1 token from slot 2
[2022-12-12 18:23:20] [SEVERE ] removing player 1 token from slot 3
[2022-12-12 18:23:20] [SEVERE ] Key 75 was pressed by player 1
[2022-12-12 18:23:20] [SEVERE ] player 1 placing token on slot 5
[2022-12-12 18:23:20] [SEVERE ] Key 81 was pressed by player 0
[2022-12-12 18:23:20] [SEVERE ] player 0 placing token on slot 0
[2022-12-12 18:23:20] [SEVERE ] Key 79 was pressed by player 1
[2022-12-12 18:23:20] [SEVERE ] player 1 placing token on slot 2
[2022-12-12 18:23:20] [SEVERE ] Key 80 was pressed by player 1
[2022-12-12 18:23:20] [SEVERE ] player 1 placing token on slot 3
[2022-12-12 18:23:20] [SEVERE ] setting player 1 freeze to 1000
[2022-12-12 18:23:20] [SEVERE ] removing player 1 token from slot 5
[2022-12-12 18:23:20] [SEVERE ] removing player 1 token from slot 2
[2022-12-12 18:23:20] [SEVERE ] removing player 1 token from slot 3
[2022-12-12 18:23:21] [SEVERE ] Key 87 was pressed by player 0
[2022-12-12 18:23:21] [SEVERE ] player 0 placing token on slot 1
[2022-12-12 18:23:21] [SEVERE ] setting player 0 freeze to 1000
[2022-12-12 18:23:21] [SEVERE ] removing player 0 token from slot 2
[2022-12-12 18:23:21] [SEVERE ] removing player 0 token from slot 0
[2022-12-12 18:23:21] [SEVERE ] removing player 0 token from slot 1
[2022-12-12 18:23:21] [SEVERE ] Key 69 was pressed by player 0
[2022-12-12 18:23:21] [SEVERE ] player 0 placing token on slot 2
[2022-12-12 18:23:21] [SEVERE ] Key 75 was pressed by player 1
[2022-12-12 18:23:21] [SEVERE ] player 1 placing token on slot 5
[2022-12-12 18:23:21] [SEVERE ] Key 80 was pressed by player 1
[2022-12-12 18:23:21] [SEVERE ] player 1 placing token on slot 3
[2022-12-12 18:23:21] [SEVERE ] Key 79 was pressed by player 1
[2022-12-12 18:23:21] [SEVERE ] player 1 placing token on slot 2
[2022-12-12 18:23:21] [SEVERE ] setting player 1 freeze to 1000
[2022-12-12 18:23:21] [SEVERE ] removing player 1 token from slot 5
[2022-12-12 18:23:21] [SEVERE ] removing player 1 token from slot 3
[2022-12-12 18:23:21] [SEVERE ] removing player 1 token from slot 2
[2022-12-12 18:23:21] [SEVERE ] Key 73 was pressed by player 1
[2022-12-12 18:23:21] [SEVERE ] player 1 placing token on slot 1
[2022-12-12 18:23:21] [SEVERE ] Key 87 was pressed by player 0
[2022-12-12 18:23:21] [SEVERE ] player 0 placing token on slot 1
[2022-12-12 18:23:21] [SEVERE ] Key 81 was pressed by player 0
[2022-12-12 18:23:21] [SEVERE ] player 0 placing token on slot 0
[2022-12-12 18:23:21] [SEVERE ] setting player 0 freeze to 1000
[2022-12-12 18:23:21] [SEVERE ] removing player 0 token from slot 2
[2022-12-12 18:23:21] [SEVERE ] removing player 0 token from slot 1
[2022-12-12 18:23:21] [SEVERE ] removing player 0 token from slot 0
[2022-12-12 18:23:21] [SEVERE ] Key 69 was pressed by player 0
[2022-12-12 18:23:21] [SEVERE ] player 0 placing token on slot 2
[2022-12-12 18:23:21] [SEVERE ] Key 79 was pressed by player 1
[2022-12-12 18:23:21] [SEVERE ] player 1 placing token on slot 2
[2022-12-12 18:23:21] [SEVERE ] Key 81 was pressed by player 0
[2022-12-12 18:23:21] [SEVERE ] player 0 placing token on slot 0
[2022-12-12 18:23:21] [SEVERE ] Key 73 was pressed by player 1
[2022-12-12 18:23:21] [SEVERE ] removing player 1 token from slot 1
[2022-12-12 18:23:21] [SEVERE ] Key 79 was pressed by player 1
[2022-12-12 18:23:21] [SEVERE ] removing player 1 token from slot 2
[2022-12-12 18:23:21] [SEVERE ] Key 80 was pressed by player 1
[2022-12-12 18:23:21] [SEVERE ] player 1 placing token on slot 3
[2022-12-12 18:23:22] [SEVERE ] Key 69 was pressed by player 0
[2022-12-12 18:23:22] [SEVERE ] removing player 0 token from slot 2
[2022-12-12 18:23:22] [SEVERE ] Key 75 was pressed by player 1
[2022-12-12 18:23:22] [SEVERE ] player 1 placing token on slot 5
[2022-12-12 18:23:22] [SEVERE ] Key 80 was pressed by player 1
[2022-12-12 18:23:22] [SEVERE ] removing player 1 token from slot 3
[2022-12-12 18:23:22] [SEVERE ] Key 81 was pressed by player 0
[2022-12-12 18:23:22] [SEVERE ] removing player 0 token from slot 0
[2022-12-12 18:23:22] [SEVERE ] Key 87 was pressed by player 0
[2022-12-12 18:23:22] [SEVERE ] player 0 placing token on slot 1
[2022-12-12 18:23:22] [SEVERE ] Key 79 was pressed by player 1
[2022-12-12 18:23:22] [SEVERE ] player 1 placing token on slot 2
[2022-12-12 18:23:22] [SEVERE ] Key 69 was pressed by player 0
[2022-12-12 18:23:22] [SEVERE ] player 0 placing token on slot 2
[2022-12-12 18:23:22] [SEVERE ] Key 75 was pressed by player 1
[2022-12-12 18:23:22] [SEVERE ] removing player 1 token from slot 5
[2022-12-12 18:23:22] [SEVERE ] Key 80 was pressed by player 1
[2022-12-12 18:23:22] [SEVERE ] player 1 placing token on slot 3
[2022-12-12 18:23:22] [SEVERE ] Key 87 was pressed by player 0
[2022-12-12 18:23:22] [SEVERE ] removing player 0 token from slot 1
[2022-12-12 18:23:22] [SEVERE ] Key 69 was pressed by player 0
[2022-12-12 18:23:22] [SEVERE ] removing player 0 token from slot 2
[2022-12-12 18:23:22] [SEVERE ] Key 79 was pressed by player 1
[2022-12-12 18:23:22] [SEVERE ] removing player 1 token from slot 2
[2022-12-12 18:23:23] [SEVERE ] Key 81 was pressed by player 0
[2022-12-12 18:23:23] [SEVERE ] player 0 placing token on slot 0
[2022-12-12 18:23:23] [SEVERE ] Key 73 was pressed by player 1
[2022-12-12 18:23:23] [SEVERE ] player 1 placing token on slot 1
[2022-12-12 18:23:23] [SEVERE ] Key 69 was pressed by player 0
[2022-12-12 18:23:23] [SEVERE ] player 0 placing token on slot 2
[2022-12-12 18:23:23] [SEVERE ] Key 75 was pressed by player 1
[2022-12-12 18:23:23] [SEVERE ] player 1 placing token on slot 5
[2022-12-12 18:23:23] [SEVERE ] setting player 1 freeze to 1000
[2022-12-12 18:23:23] [SEVERE ] removing player 1 token from slot 3
[2022-12-12 18:23:23] [SEVERE ] removing player 1 token from slot 1
[2022-12-12 18:23:23] [SEVERE ] removing player 1 token from slot 5
[2022-12-12 18:23:23] [SEVERE ] Key 79 was pressed by player 1
[2022-12-12 18:23:23] [SEVERE ] player 1 placing token on slot 2
[2022-12-12 18:23:23] [SEVERE ] Key 75 was pressed by player 1
[2022-12-12 18:23:23] [SEVERE ] player 1 placing token on slot 5
[2022-12-12 18:23:23] [SEVERE ] Key 83 was pressed by player 0
[2022-12-12 18:23:23] [SEVERE ] player 0 placing token on slot 5
[2022-12-12 18:23:23] [SEVERE ] setting player 0 freeze to 1000
[2022-12-12 18:23:23] [SEVERE ] removing player 0 token from slot 0
[2022-12-12 18:23:23] [SEVERE ] removing player 0 token from slot 2
[2022-12-12 18:23:23] [SEVERE ] removing player 0 token from slot 5
[2022-12-12 18:23:23] [SEVERE ] Key 79 was pressed by player 1
[2022-12-12 18:23:23] [SEVERE ] removing player 1 token from slot 2
[2022-12-12 18:23:23] [SEVERE ] Key 75 was pressed by player 1
[2022-12-12 18:23:23] [SEVERE ] removing player 1 token from slot 5
[2022-12-12 18:23:23] [SEVERE ] Key 87 was pressed by player 0
[2022-12-12 18:23:23] [SEVERE ] player 0 placing token on slot 1
[2022-12-12 18:23:24] [SEVERE ] Key 79 was pressed by player 1
[2022-12-12 18:23:24] [SEVERE ] player 1 placing token on slot 2
[2022-12-12 18:23:24] [SEVERE ] Key 69 was pressed by player 0
[2022-12-12 18:23:24] [SEVERE ] player 0 placing token on slot 2
[2022-12-12 18:23:24] [SEVERE ] Key 75 was pressed by player 1
[2022-12-12 18:23:24] [SEVERE ] player 1 placing token on slot 5
[2022-12-12 18:23:24] [SEVERE ] Key 68 was pressed by player 0
[2022-12-12 18:23:24] [SEVERE ] player 0 placing token on slot 6
[2022-12-12 18:23:24] [SEVERE ] setting player 0 freeze to 1000
[2022-12-12 18:23:24] [SEVERE ] removing player 0 token from slot 1
[2022-12-12 18:23:24] [SEVERE ] removing player 0 token from slot 2
[2022-12-12 18:23:24] [SEVERE ] removing player 0 token from slot 6
[2022-12-12 18:23:24] [SEVERE ] Key 80 was pressed by player 1
[2022-12-12 18:23:24] [SEVERE ] player 1 placing token on slot 3
[2022-12-12 18:23:24] [SEVERE ] setting player 1 freeze to 1000
[2022-12-12 18:23:24] [SEVERE ] removing player 1 token from slot 2
[2022-12-12 18:23:24] [SEVERE ] removing player 1 token from slot 5
[2022-12-12 18:23:24] [SEVERE ] removing player 1 token from slot 3
[2022-12-12 18:23:24] [SEVERE ] Key 65 was pressed by player 0
[2022-12-12 18:23:24] [SEVERE ] player 0 placing token on slot 4
[2022-12-12 18:23:24] [SEVERE ] Key 79 was pressed by player 1
[2022-12-12 18:23:24] [SEVERE ] player 1 placing token on slot 2
[2022-12-12 18:23:24] [SEVERE ] Key 83 was pressed by player 0
[2022-12-12 18:23:24] [SEVERE ] player 0 placing token on slot 5
[2022-12-12 18:23:24] [SEVERE ] Key 75 was pressed by player 1
[2022-12-12 18:23:24] [SEVERE ] player 1 placing token on slot 5
[2022-12-12 18:23:24] [SEVERE ] Key 68 was pressed by player 0
[2022-12-12 18:23:24] [SEVERE ] player 0 placing token on slot 6
[2022-12-12 18:23:24] [SEVERE ] setting player 0 freeze to 1000
[2022-12-12 18:23:24] [SEVERE ] removing player 0 token from slot 4
[2022-12-12 18:23:24] [SEVERE ] removing player 0 token from slot 5
[2022-12-12 18:23:24] [SEVERE ] removing player 0 token from slot 6
[2022-12-12 18:23:24] [SEVERE ] Key 80 was pressed by player 1
[2022-12-12 18:23:24] [SEVERE ] player 1 placing token on slot 3
[2022-12-12 18:23:24] [SEVERE ] setting player 1 freeze to 1000
[2022-12-12 18:23:24] [SEVERE ] removing player 1 token from slot 2
[2022-12-12 18:23:24] [SEVERE ] removing player 1 token from slot 5
[2022-12-12 18:23:24] [SEVERE ] removing player 1 token from slot 3
[2022-12-12 18:23:24] [SEVERE ] Key 87 was pressed by player 0
[2022-12-12 18:23:24] [SEVERE ] player 0 placing token on slot 1
[2022-12-12 18:23:24] [SEVERE ] Key 69 was pressed by player 0
[2022-12-12 18:23:24] [SEVERE ] player 0 placing token on slot 2
[2022-12-12 18:23:24] [SEVERE ] Key 79 was pressed by player 1
[2022-12-12 18:23:24] [SEVERE ] player 1 placing token on slot 2
[2022-12-12 18:23:24] [SEVERE ] Key 75 was pressed by player 1
[2022-12-12 18:23:24] [SEVERE ] player 1 placing token on slot 5
[2022-12-12 18:23:24] [SEVERE ] Key 82 was pressed by player 0
[2022-12-12 18:23:24] [SEVERE ] player 0 placing token on slot 3
[2022-12-12 18:23:24] [SEVERE ] setting player 0 freeze to 1000
[2022-12-12 18:23:24] [SEVERE ] removing player 0 token from slot 1
[2022-12-12 18:23:24] [SEVERE ] removing player 0 token from slot 2
[2022-12-12 18:23:24] [SEVERE ] removing player 0 token from slot 3
[2022-12-12 18:23:25] [SEVERE ] Key 68 was pressed by player 0
[2022-12-12 18:23:25] [SEVERE ] player 0 placing token on slot 6
[2022-12-12 18:23:25] [SEVERE ] Key 75 was pressed by player 1
[2022-12-12 18:23:25] [SEVERE ] removing player 1 token from slot 5
[2022-12-12 18:23:25] [SEVERE ] Key 65 was pressed by player 0
[2022-12-12 18:23:25] [SEVERE ] player 0 placing token on slot 4
[2022-12-12 18:23:25] [SEVERE ] Key 80 was pressed by player 1
[2022-12-12 18:23:25] [SEVERE ] player 1 placing token on slot 3
[2022-12-12 18:23:25] [SEVERE ] Key 79 was pressed by player 1
[2022-12-12 18:23:25] [SEVERE ] removing player 1 token from slot 2
[2022-12-12 18:23:25] [SEVERE ] Key 75 was pressed by player 1
[2022-12-12 18:23:25] [SEVERE ] player 1 placing token on slot 5
[2022-12-12 18:23:25] [SEVERE ] Key 68 was pressed by player 0
[2022-12-12 18:23:25] [SEVERE ] removing player 0 token from slot 6
[2022-12-12 18:23:25] [SEVERE ] Key 59 was pressed by player 1
[2022-12-12 18:23:25] [SEVERE ] player 1 placing token on slot 7
[2022-12-12 18:23:25] [SEVERE ] setting player 1 freeze to 1000
[2022-12-12 18:23:25] [SEVERE ] removing player 1 token from slot 3
[2022-12-12 18:23:25] [SEVERE ] removing player 1 token from slot 5
[2022-12-12 18:23:25] [SEVERE ] removing player 1 token from slot 7
[2022-12-12 18:23:25] [SEVERE ] Key 65 was pressed by player 0
[2022-12-12 18:23:25] [SEVERE ] removing player 0 token from slot 4
[2022-12-12 18:23:25] [SEVERE ] Key 87 was pressed by player 0
[2022-12-12 18:23:25] [SEVERE ] player 0 placing token on slot 1
[2022-12-12 18:23:25] [SEVERE ] Key 75 was pressed by player 1
[2022-12-12 18:23:25] [SEVERE ] player 1 placing token on slot 5
[2022-12-12 18:23:25] [SEVERE ] Key 69 was pressed by player 0
[2022-12-12 18:23:25] [SEVERE ] player 0 placing token on slot 2
[2022-12-12 18:23:25] [SEVERE ] Key 79 was pressed by player 1
[2022-12-12 18:23:25] [SEVERE ] player 1 placing token on slot 2
[2022-12-12 18:23:25] [SEVERE ] Key 68 was pressed by player 0
[2022-12-12 18:23:25] [SEVERE ] player 0 placing token on slot 6
[2022-12-12 18:23:25] [SEVERE ] setting player 0 freeze to 1000
[2022-12-12 18:23:25] [SEVERE ] removing player 0 token from slot 1
[2022-12-12 18:23:25] [SEVERE ] removing player 0 token from slot 2
[2022-12-12 18:23:25] [SEVERE ] removing player 0 token from slot 6
[2022-12-12 18:23:25] [SEVERE ] Key 75 was pressed by player 1
[2022-12-12 18:23:25] [SEVERE ] removing player 1 token from slot 5
[2022-12-12 18:23:26] [SEVERE ] Key 81 was pressed by player 0
[2022-12-12 18:23:26] [SEVERE ] player 0 placing token on slot 0
[2022-12-12 18:23:26] [SEVERE ] Key 87 was pressed by player 0
[2022-12-12 18:23:26] [SEVERE ] player 0 placing token on slot 1
[2022-12-12 18:23:26] [SEVERE ] Key 79 was pressed by player 1
[2022-12-12 18:23:26] [SEVERE ] removing player 1 token from slot 2
[2022-12-12 18:23:26] [SEVERE ] Key 68 was pressed by player 0
[2022-12-12 18:23:26] [SEVERE ] player 0 placing token on slot 6
[2022-12-12 18:23:26] [SEVERE ] setting player 0 freeze to 1000
[2022-12-12 18:23:26] [SEVERE ] removing player 0 token from slot 0
[2022-12-12 18:23:26] [SEVERE ] removing player 0 token from slot 1
[2022-12-12 18:23:26] [SEVERE ] removing player 0 token from slot 6
[2022-12-12 18:23:26] [SEVERE ] Key 75 was pressed by player 1
[2022-12-12 18:23:26] [SEVERE ] player 1 placing token on slot 5
[2022-12-12 18:23:26] [SEVERE ] Key 59 was pressed by player 1
[2022-12-12 18:23:26] [SEVERE ] player 1 placing token on slot 7
[2022-12-12 18:23:26] [SEVERE ] Key 65 was pressed by player 0
[2022-12-12 18:23:26] [SEVERE ] player 0 placing token on slot 4
[2022-12-12 18:23:26] [SEVERE ] Key 83 was pressed by player 0
[2022-12-12 18:23:26] [SEVERE ] player 0 placing token on slot 5
[2022-12-12 18:23:26] [SEVERE ] Key 79 was pressed by player 1
[2022-12-12 18:23:26] [SEVERE ] player 1 placing token on slot 2
[2022-12-12 18:23:26] [SEVERE ] setting player 1 freeze to 1000
[2022-12-12 18:23:26] [SEVERE ] removing player 1 token from slot 5
[2022-12-12 18:23:26] [SEVERE ] removing player 1 token from slot 7
[2022-12-12 18:23:26] [SEVERE ] removing player 1 token from slot 2
[2022-12-12 18:23:26] [SEVERE ] Key 68 was pressed by player 0
[2022-12-12 18:23:26] [SEVERE ] player 0 placing token on slot 6
[2022-12-12 18:23:26] [SEVERE ] setting player 0 freeze to 1000
[2022-12-12 18:23:26] [SEVERE ] removing player 0 token from slot 4
[2022-12-12 18:23:26] [SEVERE ] removing player 0 token from slot 5
[2022-12-12 18:23:26] [SEVERE ] removing player 0 token from slot 6
[2022-12-12 18:23:26] [SEVERE ] Key 75 was pressed by player 1
[2022-12-12 18:23:26] [SEVERE ] player 1 placing token on slot 5
[2022-12-12 18:23:26] [SEVERE ] Key 80 was pressed by player 1
[2022-12-12 18:23:26] [SEVERE ] player 1 placing token on slot 3
[2022-12-12 18:23:27] [SEVERE ] Key 87 was pressed by player 0
[2022-12-12 18:23:27] [SEVERE ] player 0 placing token on slot 1
[2022-12-12 18:23:27] [SEVERE ] Key 79 was pressed by player 1
[2022-12-12 18:23:27] [SEVERE ] player 1 placing token on slot 2
[2022-12-12 18:23:27] [SEVERE ] setting player 1 freeze to 1000
[2022-12-12 18:23:27] [SEVERE ] removing player 1 token from slot 5
[2022-12-12 18:23:27] [SEVERE ] removing player 1 token from slot 3
[2022-12-12 18:23:27] [SEVERE ] removing player 1 token from slot 2
[2022-12-12 18:23:27] [SEVERE ] removing player 0 token from slot 1
[2022-12-12 18:23:27] [SEVERE ] Key 80 was pressed by player 1
[2022-12-12 18:23:27] [SEVERE ] removing card from slot 0
[2022-12-12 18:23:27] [SEVERE ] removing card from slot 1
[2022-12-12 18:23:27] [SEVERE ] removing card from slot 2
[2022-12-12 18:23:27] [SEVERE ] removing card from slot 3
[2022-12-12 18:23:27] [SEVERE ] removing card from slot 4
[2022-12-12 18:23:27] [SEVERE ] removing card from slot 5
[2022-12-12 18:23:27] [SEVERE ] removing card from slot 6
[2022-12-12 18:23:27] [SEVERE ] removing card from slot 7
[2022-12-12 18:23:27] [SEVERE ] removing card from slot 8
[2022-12-12 18:23:28] [SEVERE ] removing card from slot 9
[2022-12-12 18:23:28] [SEVERE ] removing card from slot 10
[2022-12-12 18:23:28] [SEVERE ] removing card from slot 11
[2022-12-12 18:23:28] [SEVERE ] placing card 33 in slot 0
[2022-12-12 18:23:28] [SEVERE ] placing card 16 in slot 1
[2022-12-12 18:23:28] [SEVERE ] placing card 32 in slot 2
[2022-12-12 18:23:28] [SEVERE ] placing card 52 in slot 3
[2022-12-12 18:23:28] [SEVERE ] placing card 11 in slot 4
[2022-12-12 18:23:28] [SEVERE ] placing card 0 in slot 5
[2022-12-12 18:23:29] [SEVERE ] placing card 77 in slot 6
[2022-12-12 18:23:29] [SEVERE ] placing card 15 in slot 7
[2022-12-12 18:23:29] [SEVERE ] placing card 71 in slot 8
[2022-12-12 18:23:29] [SEVERE ] placing card 42 in slot 9
[2022-12-12 18:23:29] [SEVERE ] placing card 37 in slot 10
[2022-12-12 18:23:29] [SEVERE ] placing card 61 in slot 11
[2022-12-12 18:23:29] [SEVERE ] player 1 placing token on slot 3
