[2022-12-12 17:17:05] [INFO   ] cannot read configuration file config.properties trying from resources.
[2022-12-12 17:17:05] [INFO   ] configuration file was loaded from resources directory.
[2022-12-12 17:17:06] [INFO   ] Thread dealer starting.
[2022-12-12 17:17:06] [INFO   ] Thread Player 1starting.
[2022-12-12 17:17:06] [INFO   ] Thread Player 0starting.
[2022-12-12 17:17:06] [SEVERE ] placing card 44 in slot 0
[2022-12-12 17:17:06] [SEVERE ] placing card 58 in slot 1
[2022-12-12 17:17:06] [SEVERE ] placing card 16 in slot 2
[2022-12-12 17:17:07] [SEVERE ] placing card 8 in slot 3
[2022-12-12 17:17:07] [SEVERE ] placing card 32 in slot 4
[2022-12-12 17:17:07] [SEVERE ] placing card 5 in slot 5
[2022-12-12 17:17:07] [SEVERE ] placing card 26 in slot 6
[2022-12-12 17:17:07] [SEVERE ] placing card 19 in slot 7
[2022-12-12 17:17:07] [SEVERE ] placing card 40 in slot 8
[2022-12-12 17:17:07] [SEVERE ] placing card 2 in slot 9
[2022-12-12 17:17:07] [SEVERE ] placing card 64 in slot 10
[2022-12-12 17:17:07] [SEVERE ] placing card 43 in slot 11
[2022-12-12 17:17:10] [SEVERE ] Key 81 was pressed by player 0
[2022-12-12 17:17:10] [SEVERE ] player 0 placing token on slot 0
[2022-12-12 17:17:10] [SEVERE ] Key 87 was pressed by player 0
[2022-12-12 17:17:10] [SEVERE ] player 0 placing token on slot 1
[2022-12-12 17:17:11] [SEVERE ] Key 69 was pressed by player 0
[2022-12-12 17:17:11] [SEVERE ] player 0 placing token on slot 2
[2022-12-12 17:17:11] [SEVERE ] setting player 0 freeze to 1000
[2022-12-12 17:17:12] [SEVERE ] removing player 0 token from slot 0
[2022-12-12 17:17:12] [SEVERE ] removing player 0 token from slot 1
[2022-12-12 17:17:12] [SEVERE ] removing player 0 token from slot 2
[2022-12-12 17:17:13] [SEVERE ] Key 87 was pressed by player 0
[2022-12-12 17:17:13] [SEVERE ] player 0 placing token on slot 1
[2022-12-12 17:17:13] [SEVERE ] Key 81 was pressed by player 0
[2022-12-12 17:17:13] [SEVERE ] player 0 placing token on slot 0
[2022-12-12 17:17:13] [SEVERE ] Key 69 was pressed by player 0
[2022-12-12 17:17:13] [SEVERE ] player 0 placing token on slot 2
[2022-12-12 17:17:13] [SEVERE ] setting player 0 freeze to 1000
[2022-12-12 17:17:14] [SEVERE ] removing player 0 token from slot 1
[2022-12-12 17:17:14] [SEVERE ] removing player 0 token from slot 0
[2022-12-12 17:17:14] [SEVERE ] removing player 0 token from slot 2
[2022-12-12 17:17:19] [SEVERE ] Key 81 was pressed by player 0
[2022-12-12 17:17:19] [SEVERE ] player 0 placing token on slot 0
[2022-12-12 17:17:19] [SEVERE ] Key 87 was pressed by player 0
[2022-12-12 17:17:19] [SEVERE ] player 0 placing token on slot 1
[2022-12-12 17:17:19] [SEVERE ] Key 69 was pressed by player 0
[2022-12-12 17:17:19] [SEVERE ] player 0 placing token on slot 2
[2022-12-12 17:17:19] [SEVERE ] setting player 0 freeze to 1000
[2022-12-12 17:17:20] [SEVERE ] removing player 0 token from slot 0
[2022-12-12 17:17:20] [SEVERE ] removing player 0 token from slot 1
[2022-12-12 17:17:20] [SEVERE ] removing player 0 token from slot 2
[2022-12-12 17:17:23] [SEVERE ] removing card from slot 0
[2022-12-12 17:17:23] [SEVERE ] removing card from slot 1
[2022-12-12 17:17:23] [SEVERE ] removing card from slot 2
[2022-12-12 17:17:23] [SEVERE ] removing card from slot 3
[2022-12-12 17:17:23] [SEVERE ] removing card from slot 4
[2022-12-12 17:17:23] [SEVERE ] removing card from slot 5
[2022-12-12 17:17:23] [SEVERE ] removing card from slot 6
[2022-12-12 17:17:23] [SEVERE ] removing card from slot 7
[2022-12-12 17:17:23] [SEVERE ] removing card from slot 8
[2022-12-12 17:17:23] [SEVERE ] removing card from slot 9
[2022-12-12 17:17:24] [SEVERE ] removing card from slot 10
[2022-12-12 17:17:24] [SEVERE ] removing card from slot 11
[2022-12-12 17:17:24] [SEVERE ] placing card 80 in slot 0
[2022-12-12 17:17:24] [SEVERE ] placing card 59 in slot 1
[2022-12-12 17:17:24] [SEVERE ] placing card 54 in slot 2
[2022-12-12 17:17:24] [SEVERE ] placing card 13 in slot 3
[2022-12-12 17:17:24] [SEVERE ] Key 81 was pressed by player 0
[2022-12-12 17:17:24] [SEVERE ] placing card 69 in slot 4
[2022-12-12 17:17:24] [SEVERE ] placing card 55 in slot 5
[2022-12-12 17:17:24] [SEVERE ] placing card 32 in slot 6
[2022-12-12 17:17:24] [SEVERE ] placing card 51 in slot 7
[2022-12-12 17:17:25] [SEVERE ] placing card 12 in slot 8
[2022-12-12 17:17:25] [SEVERE ] placing card 43 in slot 9
[2022-12-12 17:17:25] [SEVERE ] placing card 71 in slot 10
[2022-12-12 17:17:25] [SEVERE ] placing card 40 in slot 11
[2022-12-12 17:17:25] [SEVERE ] player 0 placing token on slot 0
[2022-12-12 17:17:25] [SEVERE ] Key 87 was pressed by player 0
[2022-12-12 17:17:25] [SEVERE ] player 0 placing token on slot 1
[2022-12-12 17:17:25] [SEVERE ] Key 69 was pressed by player 0
[2022-12-12 17:17:25] [SEVERE ] player 0 placing token on slot 2
[2022-12-12 17:17:25] [SEVERE ] setting player 0 freeze to 1000
[2022-12-12 17:17:26] [SEVERE ] removing player 0 token from slot 0
[2022-12-12 17:17:26] [SEVERE ] removing player 0 token from slot 1
[2022-12-12 17:17:26] [SEVERE ] removing player 0 token from slot 2
[2022-12-12 17:17:29] [SEVERE ] Exit button pressed
