[2022-12-12 15:26:12] [INFO   ] cannot read configuration file config.properties trying from resources.
[2022-12-12 15:26:12] [INFO   ] configuration file was loaded from resources directory.
[2022-12-12 15:26:13] [INFO   ] Thread dealer starting.
[2022-12-12 15:26:13] [SEVERE ] placing card 73 in slot 0
[2022-12-12 15:26:13] [SEVERE ] placing card 6 in slot 1
[2022-12-12 15:26:13] [SEVERE ] placing card 35 in slot 2
[2022-12-12 15:26:13] [SEVERE ] placing card 65 in slot 3
[2022-12-12 15:26:13] [SEVERE ] placing card 59 in slot 4
[2022-12-12 15:26:14] [SEVERE ] placing card 63 in slot 5
[2022-12-12 15:26:14] [SEVERE ] placing card 71 in slot 6
[2022-12-12 15:26:14] [SEVERE ] placing card 24 in slot 7
[2022-12-12 15:26:14] [SEVERE ] placing card 39 in slot 8
[2022-12-12 15:26:14] [SEVERE ] placing card 41 in slot 9
[2022-12-12 15:26:14] [SEVERE ] placing card 67 in slot 10
[2022-12-12 15:26:14] [SEVERE ] placing card 51 in slot 11
[2022-12-12 15:26:15] [SEVERE ] Key 81 was pressed by player 0
[2022-12-12 15:26:15] [SEVERE ] player 0 placing token on slot 0
[2022-12-12 15:26:15] [SEVERE ] Key 87 was pressed by player 0
[2022-12-12 15:26:15] [SEVERE ] player 0 placing token on slot 1
[2022-12-12 15:26:15] [SEVERE ] Key 69 was pressed by player 0
[2022-12-12 15:26:15] [SEVERE ] player 0 placing token on slot 2
[2022-12-12 15:26:15] [SEVERE ] setting player 0 freeze to 1000
[2022-12-12 15:26:29] [SEVERE ] removing player 0 token from slot 0
[2022-12-12 15:26:29] [SEVERE ] removing player 0 token from slot 1
[2022-12-12 15:26:29] [SEVERE ] removing player 0 token from slot 2
[2022-12-12 15:26:29] [SEVERE ] removing card from slot 0
[2022-12-12 15:26:29] [SEVERE ] removing card from slot 1
[2022-12-12 15:26:29] [SEVERE ] removing card from slot 2
[2022-12-12 15:26:30] [SEVERE ] removing card from slot 3
[2022-12-12 15:26:30] [SEVERE ] removing card from slot 4
[2022-12-12 15:26:30] [SEVERE ] removing card from slot 5
[2022-12-12 15:26:30] [SEVERE ] removing card from slot 6
[2022-12-12 15:26:30] [SEVERE ] removing card from slot 7
[2022-12-12 15:26:30] [SEVERE ] removing card from slot 8
[2022-12-12 15:26:30] [SEVERE ] removing card from slot 9
[2022-12-12 15:26:30] [SEVERE ] removing card from slot 10
[2022-12-12 15:26:30] [SEVERE ] removing card from slot 11
[2022-12-12 15:26:30] [SEVERE ] placing card 44 in slot 0
[2022-12-12 15:26:31] [SEVERE ] placing card 27 in slot 1
[2022-12-12 15:26:31] [SEVERE ] placing card 21 in slot 2
[2022-12-12 15:26:31] [SEVERE ] placing card 31 in slot 3
[2022-12-12 15:26:31] [SEVERE ] placing card 59 in slot 4
[2022-12-12 15:26:31] [SEVERE ] placing card 53 in slot 5
[2022-12-12 15:26:31] [SEVERE ] placing card 35 in slot 6
[2022-12-12 15:26:31] [SEVERE ] placing card 9 in slot 7
[2022-12-12 15:26:31] [SEVERE ] placing card 60 in slot 8
[2022-12-12 15:26:31] [SEVERE ] placing card 57 in slot 9
[2022-12-12 15:26:31] [SEVERE ] placing card 43 in slot 10
[2022-12-12 15:26:32] [SEVERE ] placing card 68 in slot 11
[2022-12-12 15:26:47] [SEVERE ] removing card from slot 0
[2022-12-12 15:26:47] [SEVERE ] removing card from slot 1
[2022-12-12 15:26:47] [SEVERE ] removing card from slot 2
[2022-12-12 15:26:47] [SEVERE ] removing card from slot 3
[2022-12-12 15:26:47] [SEVERE ] removing card from slot 4
[2022-12-12 15:26:47] [SEVERE ] removing card from slot 5
[2022-12-12 15:26:47] [SEVERE ] Exit button pressed
[2022-12-12 15:26:47] [SEVERE ] removing card from slot 6
[2022-12-12 15:26:47] [SEVERE ] removing card from slot 7
[2022-12-12 15:26:48] [SEVERE ] removing card from slot 8
[2022-12-12 15:26:48] [SEVERE ] removing card from slot 9
[2022-12-12 15:26:48] [SEVERE ] removing card from slot 10
[2022-12-12 15:26:48] [SEVERE ] removing card from slot 11
[2022-12-12 15:26:48] [SEVERE ] placing card 46 in slot 0
[2022-12-12 15:26:48] [SEVERE ] placing card 44 in slot 1
[2022-12-12 15:26:48] [SEVERE ] placing card 33 in slot 2
[2022-12-12 15:26:48] [SEVERE ] placing card 28 in slot 3
[2022-12-12 15:26:48] [SEVERE ] placing card 76 in slot 4
[2022-12-12 15:26:48] [SEVERE ] placing card 36 in slot 5
[2022-12-12 15:26:49] [SEVERE ] placing card 64 in slot 6
[2022-12-12 15:26:49] [SEVERE ] placing card 62 in slot 7
[2022-12-12 15:26:49] [SEVERE ] placing card 34 in slot 8
[2022-12-12 15:26:49] [SEVERE ] placing card 56 in slot 9
[2022-12-12 15:26:49] [SEVERE ] placing card 79 in slot 10
[2022-12-12 15:26:49] [SEVERE ] placing card 67 in slot 11
