[2022-12-15 14:22:18] [INFO   ] cannot read configuration file config.properties trying from resources.
[2022-12-15 14:22:18] [INFO   ] configuration file was loaded from resources directory.
[2022-12-15 14:22:19] [INFO   ] Thread dealer starting.
[2022-12-15 14:22:19] [INFO   ] Thread Player 0starting.
[2022-12-15 14:22:19] [INFO   ] Thread Player 1starting.
[2022-12-15 14:22:19] [INFO   ] Thread Player 2starting.
[2022-12-15 14:22:19] [INFO   ] Thread Player 3starting.
[2022-12-15 14:22:19] [INFO   ] Thread computer-1 starting.
[2022-12-15 14:22:19] [INFO   ] Thread computer-2 starting.
[2022-12-15 14:22:19] [INFO   ] Thread computer-3 starting.
[2022-12-15 14:22:19] [SEVERE ] placing card 61 in slot 0
[2022-12-15 14:22:19] [SEVERE ] placing card 18 in slot 1
[2022-12-15 14:22:19] [SEVERE ] placing card 24 in slot 2
[2022-12-15 14:22:19] [SEVERE ] placing card 35 in slot 3
[2022-12-15 14:22:19] [SEVERE ] placing card 4 in slot 4
[2022-12-15 14:22:19] [SEVERE ] placing card 50 in slot 5
[2022-12-15 14:22:19] [SEVERE ] placing card 22 in slot 6
[2022-12-15 14:22:19] [SEVERE ] placing card 51 in slot 7
[2022-12-15 14:22:20] [SEVERE ] placing card 65 in slot 8
[2022-12-15 14:22:20] [SEVERE ] placing card 73 in slot 9
[2022-12-15 14:22:20] [SEVERE ] placing card 40 in slot 10
[2022-12-15 14:22:20] [SEVERE ] placing card 59 in slot 11
[2022-12-15 14:22:20] [SEVERE ] player 1 placing token on slot 8
[2022-12-15 14:22:20] [SEVERE ] player 2 placing token on slot 2
[2022-12-15 14:22:20] [SEVERE ] player 3 placing token on slot 10
[2022-12-15 14:22:21] [SEVERE ] player 1 placing token on slot 0
[2022-12-15 14:22:21] [SEVERE ] player 2 placing token on slot 4
[2022-12-15 14:22:21] [SEVERE ] player 3 placing token on slot 6
[2022-12-15 14:22:21] [SEVERE ] Exit button pressed
[2022-12-15 14:22:21] [SEVERE ] announcing winners: [0, 1, 2, 3]
[2022-12-15 14:22:21] [INFO   ] Thread dealer terminated.
[2022-12-15 14:22:21] [INFO   ] Thread main terminated.
