[2022-12-12 15:18:01] [INFO   ] cannot read configuration file config.properties trying from resources.
[2022-12-12 15:18:01] [INFO   ] configuration file was loaded from resources directory.
[2022-12-12 15:18:02] [INFO   ] Thread dealer starting.
[2022-12-12 15:18:02] [SEVERE ] placing card 21 in slot 0
[2022-12-12 15:18:02] [SEVERE ] placing card 27 in slot 1
[2022-12-12 15:18:02] [SEVERE ] placing card 12 in slot 2
[2022-12-12 15:18:02] [SEVERE ] placing card 14 in slot 3
[2022-12-12 15:18:03] [SEVERE ] placing card 39 in slot 4
[2022-12-12 15:18:03] [SEVERE ] placing card 80 in slot 5
[2022-12-12 15:18:03] [SEVERE ] placing card 51 in slot 6
[2022-12-12 15:18:03] [SEVERE ] placing card 15 in slot 7
[2022-12-12 15:18:03] [SEVERE ] placing card 67 in slot 8
[2022-12-12 15:18:03] [SEVERE ] placing card 43 in slot 9
[2022-12-12 15:18:03] [SEVERE ] placing card 77 in slot 10
[2022-12-12 15:18:03] [SEVERE ] placing card 19 in slot 11
[2022-12-12 15:18:04] [SEVERE ] Key 81 was pressed by player 0
[2022-12-12 15:18:04] [SEVERE ] player 0 placing token on slot 0
[2022-12-12 15:18:04] [SEVERE ] Key 87 was pressed by player 0
[2022-12-12 15:18:04] [SEVERE ] player 0 placing token on slot 1
[2022-12-12 15:18:04] [SEVERE ] Key 69 was pressed by player 0
[2022-12-12 15:18:04] [SEVERE ] player 0 placing token on slot 2
[2022-12-12 15:18:04] [SEVERE ] setting player 0 freeze to 1000
[2022-12-12 15:18:05] [SEVERE ] removing player 0 token from slot 0
[2022-12-12 15:18:05] [SEVERE ] removing player 0 token from slot 1
[2022-12-12 15:18:05] [SEVERE ] removing player 0 token from slot 2
[2022-12-12 15:18:06] [SEVERE ] Key 81 was pressed by player 0
[2022-12-12 15:18:06] [SEVERE ] player 0 placing token on slot 0
[2022-12-12 15:18:06] [SEVERE ] Key 87 was pressed by player 0
[2022-12-12 15:18:06] [SEVERE ] player 0 placing token on slot 1
[2022-12-12 15:18:06] [SEVERE ] Key 69 was pressed by player 0
[2022-12-12 15:18:06] [SEVERE ] player 0 placing token on slot 2
[2022-12-12 15:18:06] [SEVERE ] setting player 0 freeze to 1000
[2022-12-12 15:18:07] [SEVERE ] removing player 0 token from slot 0
[2022-12-12 15:18:07] [SEVERE ] removing player 0 token from slot 1
[2022-12-12 15:18:07] [SEVERE ] removing player 0 token from slot 2
[2022-12-12 15:18:07] [SEVERE ] Key 81 was pressed by player 0
[2022-12-12 15:18:07] [SEVERE ] player 0 placing token on slot 0
[2022-12-12 15:18:07] [SEVERE ] Key 87 was pressed by player 0
[2022-12-12 15:18:07] [SEVERE ] player 0 placing token on slot 1
[2022-12-12 15:18:07] [SEVERE ] Key 69 was pressed by player 0
[2022-12-12 15:18:07] [SEVERE ] player 0 placing token on slot 2
[2022-12-12 15:18:07] [SEVERE ] setting player 0 freeze to 1000
[2022-12-12 15:18:08] [SEVERE ] removing player 0 token from slot 0
[2022-12-12 15:18:08] [SEVERE ] removing player 0 token from slot 1
[2022-12-12 15:18:08] [SEVERE ] removing player 0 token from slot 2
[2022-12-12 15:18:08] [SEVERE ] Key 81 was pressed by player 0
[2022-12-12 15:18:08] [SEVERE ] player 0 placing token on slot 0
[2022-12-12 15:18:08] [SEVERE ] Key 69 was pressed by player 0
[2022-12-12 15:18:08] [SEVERE ] player 0 placing token on slot 2
[2022-12-12 15:18:08] [SEVERE ] Key 81 was pressed by player 0
[2022-12-12 15:18:08] [SEVERE ] removing player 0 token from slot 0
[2022-12-12 15:18:08] [SEVERE ] Key 87 was pressed by player 0
[2022-12-12 15:18:08] [SEVERE ] player 0 placing token on slot 1
[2022-12-12 15:18:08] [SEVERE ] Key 69 was pressed by player 0
[2022-12-12 15:18:08] [SEVERE ] removing player 0 token from slot 2
[2022-12-12 15:18:08] [SEVERE ] Key 81 was pressed by player 0
[2022-12-12 15:18:08] [SEVERE ] player 0 placing token on slot 0
[2022-12-12 15:18:08] [SEVERE ] Key 87 was pressed by player 0
[2022-12-12 15:18:08] [SEVERE ] removing player 0 token from slot 1
[2022-12-12 15:18:08] [SEVERE ] Key 69 was pressed by player 0
[2022-12-12 15:18:08] [SEVERE ] player 0 placing token on slot 2
[2022-12-12 15:18:08] [SEVERE ] Key 81 was pressed by player 0
[2022-12-12 15:18:08] [SEVERE ] removing player 0 token from slot 0
[2022-12-12 15:18:08] [SEVERE ] Key 87 was pressed by player 0
[2022-12-12 15:18:08] [SEVERE ] player 0 placing token on slot 1
[2022-12-12 15:18:08] [SEVERE ] Key 69 was pressed by player 0
[2022-12-12 15:18:08] [SEVERE ] removing player 0 token from slot 2
[2022-12-12 15:18:08] [SEVERE ] Key 81 was pressed by player 0
[2022-12-12 15:18:08] [SEVERE ] player 0 placing token on slot 0
[2022-12-12 15:18:08] [SEVERE ] Key 87 was pressed by player 0
[2022-12-12 15:18:08] [SEVERE ] removing player 0 token from slot 1
[2022-12-12 15:18:08] [SEVERE ] Key 69 was pressed by player 0
[2022-12-12 15:18:08] [SEVERE ] player 0 placing token on slot 2
[2022-12-12 15:18:09] [SEVERE ] Key 81 was pressed by player 0
[2022-12-12 15:18:09] [SEVERE ] removing player 0 token from slot 0
[2022-12-12 15:18:09] [SEVERE ] Key 87 was pressed by player 0
[2022-12-12 15:18:09] [SEVERE ] player 0 placing token on slot 1
[2022-12-12 15:18:09] [SEVERE ] Key 69 was pressed by player 0
[2022-12-12 15:18:09] [SEVERE ] removing player 0 token from slot 2
[2022-12-12 15:18:09] [SEVERE ] Key 81 was pressed by player 0
[2022-12-12 15:18:09] [SEVERE ] player 0 placing token on slot 0
[2022-12-12 15:18:09] [SEVERE ] Key 87 was pressed by player 0
[2022-12-12 15:18:09] [SEVERE ] removing player 0 token from slot 1
[2022-12-12 15:18:09] [SEVERE ] Key 69 was pressed by player 0
[2022-12-12 15:18:09] [SEVERE ] player 0 placing token on slot 2
[2022-12-12 15:18:09] [SEVERE ] Key 87 was pressed by player 0
[2022-12-12 15:18:09] [SEVERE ] player 0 placing token on slot 1
[2022-12-12 15:18:09] [SEVERE ] setting player 0 freeze to 1000
[2022-12-12 15:18:10] [SEVERE ] removing player 0 token from slot 0
[2022-12-12 15:18:10] [SEVERE ] removing player 0 token from slot 2
[2022-12-12 15:18:10] [SEVERE ] removing player 0 token from slot 1
[2022-12-12 15:18:10] [SEVERE ] Key 81 was pressed by player 0
[2022-12-12 15:18:10] [SEVERE ] player 0 placing token on slot 0
[2022-12-12 15:18:10] [SEVERE ] Key 69 was pressed by player 0
[2022-12-12 15:18:10] [SEVERE ] player 0 placing token on slot 2
[2022-12-12 15:18:10] [SEVERE ] Key 87 was pressed by player 0
[2022-12-12 15:18:10] [SEVERE ] player 0 placing token on slot 1
[2022-12-12 15:18:10] [SEVERE ] setting player 0 freeze to 1000
[2022-12-12 15:18:11] [SEVERE ] removing player 0 token from slot 0
[2022-12-12 15:18:11] [SEVERE ] removing player 0 token from slot 2
[2022-12-12 15:18:11] [SEVERE ] removing player 0 token from slot 1
[2022-12-12 15:18:11] [SEVERE ] Key 81 was pressed by player 0
[2022-12-12 15:18:11] [SEVERE ] player 0 placing token on slot 0
[2022-12-12 15:18:11] [SEVERE ] Key 69 was pressed by player 0
[2022-12-12 15:18:11] [SEVERE ] player 0 placing token on slot 2
[2022-12-12 15:18:11] [SEVERE ] Key 87 was pressed by player 0
[2022-12-12 15:18:11] [SEVERE ] player 0 placing token on slot 1
[2022-12-12 15:18:11] [SEVERE ] setting player 0 freeze to 1000
[2022-12-12 15:18:12] [SEVERE ] removing player 0 token from slot 0
[2022-12-12 15:18:12] [SEVERE ] removing player 0 token from slot 2
[2022-12-12 15:18:12] [SEVERE ] removing player 0 token from slot 1
[2022-12-12 15:18:12] [SEVERE ] Key 81 was pressed by player 0
[2022-12-12 15:18:12] [SEVERE ] player 0 placing token on slot 0
[2022-12-12 15:18:12] [SEVERE ] Key 69 was pressed by player 0
[2022-12-12 15:18:12] [SEVERE ] player 0 placing token on slot 2
[2022-12-12 15:18:12] [SEVERE ] Key 81 was pressed by player 0
[2022-12-12 15:18:12] [SEVERE ] removing player 0 token from slot 0
[2022-12-12 15:18:12] [SEVERE ] Key 87 was pressed by player 0
[2022-12-12 15:18:12] [SEVERE ] player 0 placing token on slot 1
[2022-12-12 15:18:12] [SEVERE ] Key 69 was pressed by player 0
[2022-12-12 15:18:12] [SEVERE ] removing player 0 token from slot 2
[2022-12-12 15:18:12] [SEVERE ] Key 81 was pressed by player 0
[2022-12-12 15:18:12] [SEVERE ] player 0 placing token on slot 0
[2022-12-12 15:18:12] [SEVERE ] Key 87 was pressed by player 0
[2022-12-12 15:18:12] [SEVERE ] removing player 0 token from slot 1
[2022-12-12 15:18:12] [SEVERE ] Key 69 was pressed by player 0
[2022-12-12 15:18:12] [SEVERE ] player 0 placing token on slot 2
[2022-12-12 15:18:12] [SEVERE ] Key 81 was pressed by player 0
[2022-12-12 15:18:12] [SEVERE ] removing player 0 token from slot 0
[2022-12-12 15:18:12] [SEVERE ] Key 69 was pressed by player 0
[2022-12-12 15:18:12] [SEVERE ] removing player 0 token from slot 2
[2022-12-12 15:18:15] [SEVERE ] Key 81 was pressed by player 0
[2022-12-12 15:18:15] [SEVERE ] player 0 placing token on slot 0
[2022-12-12 15:18:15] [SEVERE ] Key 87 was pressed by player 0
[2022-12-12 15:18:15] [SEVERE ] player 0 placing token on slot 1
[2022-12-12 15:18:15] [SEVERE ] Key 87 was pressed by player 0
[2022-12-12 15:18:15] [SEVERE ] removing player 0 token from slot 1
[2022-12-12 15:18:15] [SEVERE ] Key 69 was pressed by player 0
[2022-12-12 15:18:15] [SEVERE ] player 0 placing token on slot 2
[2022-12-12 15:18:16] [SEVERE ] Key 81 was pressed by player 0
[2022-12-12 15:18:16] [SEVERE ] removing player 0 token from slot 0
[2022-12-12 15:18:17] [SEVERE ] Key 87 was pressed by player 0
[2022-12-12 15:18:17] [SEVERE ] player 0 placing token on slot 1
[2022-12-12 15:18:17] [SEVERE ] Key 69 was pressed by player 0
[2022-12-12 15:18:17] [SEVERE ] removing player 0 token from slot 2
[2022-12-12 15:18:18] [SEVERE ] Key 69 was pressed by player 0
[2022-12-12 15:18:18] [SEVERE ] player 0 placing token on slot 2
[2022-12-12 15:18:18] [SEVERE ] Key 87 was pressed by player 0
[2022-12-12 15:18:18] [SEVERE ] removing player 0 token from slot 1
[2022-12-12 15:18:18] [SEVERE ] Key 81 was pressed by player 0
[2022-12-12 15:18:18] [SEVERE ] player 0 placing token on slot 0
[2022-12-12 15:18:18] [SEVERE ] removing player 0 token from slot 2
[2022-12-12 15:18:18] [SEVERE ] removing player 0 token from slot 0
[2022-12-12 15:18:18] [SEVERE ] removing card from slot 0
[2022-12-12 15:18:18] [SEVERE ] removing card from slot 1
[2022-12-12 15:18:19] [SEVERE ] removing card from slot 2
[2022-12-12 15:18:19] [SEVERE ] removing card from slot 3
[2022-12-12 15:18:19] [SEVERE ] removing card from slot 4
[2022-12-12 15:18:19] [SEVERE ] removing card from slot 5
[2022-12-12 15:18:19] [SEVERE ] removing card from slot 6
[2022-12-12 15:18:19] [SEVERE ] removing card from slot 7
[2022-12-12 15:18:19] [SEVERE ] removing card from slot 8
[2022-12-12 15:18:19] [SEVERE ] removing card from slot 9
[2022-12-12 15:18:19] [SEVERE ] removing card from slot 10
[2022-12-12 15:18:20] [SEVERE ] removing card from slot 11
[2022-12-12 15:18:20] [SEVERE ] placing card 6 in slot 0
[2022-12-12 15:18:20] [SEVERE ] placing card 61 in slot 1
[2022-12-12 15:18:20] [SEVERE ] placing card 10 in slot 2
[2022-12-12 15:18:20] [SEVERE ] placing card 38 in slot 3
[2022-12-12 15:18:20] [SEVERE ] placing card 56 in slot 4
[2022-12-12 15:18:20] [SEVERE ] placing card 51 in slot 5
[2022-12-12 15:18:20] [SEVERE ] placing card 74 in slot 6
[2022-12-12 15:18:20] [SEVERE ] placing card 8 in slot 7
[2022-12-12 15:18:20] [SEVERE ] placing card 24 in slot 8
[2022-12-12 15:18:21] [SEVERE ] placing card 80 in slot 9
[2022-12-12 15:18:21] [SEVERE ] placing card 9 in slot 10
[2022-12-12 15:18:21] [SEVERE ] Key 81 was pressed by player 0
[2022-12-12 15:18:21] [SEVERE ] placing card 36 in slot 11
[2022-12-12 15:18:21] [SEVERE ] player 0 placing token on slot 0
[2022-12-12 15:18:21] [SEVERE ] Key 87 was pressed by player 0
[2022-12-12 15:18:21] [SEVERE ] player 0 placing token on slot 1
[2022-12-12 15:18:21] [SEVERE ] Key 69 was pressed by player 0
[2022-12-12 15:18:21] [SEVERE ] player 0 placing token on slot 2
[2022-12-12 15:18:21] [SEVERE ] setting player 0 freeze to 1000
[2022-12-12 15:18:22] [SEVERE ] removing player 0 token from slot 0
[2022-12-12 15:18:22] [SEVERE ] removing player 0 token from slot 1
[2022-12-12 15:18:22] [SEVERE ] removing player 0 token from slot 2
[2022-12-12 15:18:23] [SEVERE ] Key 69 was pressed by player 0
[2022-12-12 15:18:23] [SEVERE ] player 0 placing token on slot 2
[2022-12-12 15:18:23] [SEVERE ] Key 87 was pressed by player 0
[2022-12-12 15:18:23] [SEVERE ] player 0 placing token on slot 1
[2022-12-12 15:18:23] [SEVERE ] Key 81 was pressed by player 0
[2022-12-12 15:18:23] [SEVERE ] player 0 placing token on slot 0
[2022-12-12 15:18:23] [SEVERE ] setting player 0 freeze to 1000
[2022-12-12 15:18:24] [SEVERE ] removing player 0 token from slot 2
[2022-12-12 15:18:24] [SEVERE ] removing player 0 token from slot 1
[2022-12-12 15:18:24] [SEVERE ] removing player 0 token from slot 0
