[2022-12-12 15:15:44] [INFO   ] cannot read configuration file config.properties trying from resources.
[2022-12-12 15:15:44] [INFO   ] configuration file was loaded from resources directory.
[2022-12-12 15:15:44] [INFO   ] Thread dealer starting.
[2022-12-12 15:15:45] [SEVERE ] placing card 75 in slot 0
[2022-12-12 15:15:45] [SEVERE ] placing card 78 in slot 1
[2022-12-12 15:15:45] [SEVERE ] placing card 71 in slot 2
[2022-12-12 15:15:45] [SEVERE ] placing card 14 in slot 3
[2022-12-12 15:15:45] [SEVERE ] placing card 7 in slot 4
[2022-12-12 15:15:45] [SEVERE ] placing card 18 in slot 5
[2022-12-12 15:15:45] [SEVERE ] placing card 33 in slot 6
[2022-12-12 15:15:45] [SEVERE ] placing card 41 in slot 7
[2022-12-12 15:15:45] [SEVERE ] placing card 0 in slot 8
[2022-12-12 15:15:45] [SEVERE ] placing card 1 in slot 9
[2022-12-12 15:15:46] [SEVERE ] placing card 21 in slot 10
[2022-12-12 15:15:46] [SEVERE ] placing card 5 in slot 11
[2022-12-12 15:15:56] [SEVERE ] Key 87 was pressed by player 0
[2022-12-12 15:15:56] [SEVERE ] player 0 placing token on slot 1
[2022-12-12 15:15:56] [SEVERE ] Key 81 was pressed by player 0
[2022-12-12 15:15:56] [SEVERE ] player 0 placing token on slot 0
[2022-12-12 15:15:56] [SEVERE ] Key 69 was pressed by player 0
[2022-12-12 15:15:56] [SEVERE ] player 0 placing token on slot 2
[2022-12-12 15:15:56] [SEVERE ] setting player 0 freeze to 1000
[2022-12-12 15:15:58] [SEVERE ] removing player 0 token from slot 1
[2022-12-12 15:15:58] [SEVERE ] removing player 0 token from slot 0
[2022-12-12 15:15:58] [SEVERE ] removing player 0 token from slot 2
[2022-12-12 15:16:01] [SEVERE ] removing card from slot 0
[2022-12-12 15:16:01] [SEVERE ] removing card from slot 1
[2022-12-12 15:16:01] [SEVERE ] removing card from slot 2
[2022-12-12 15:16:01] [SEVERE ] removing card from slot 3
[2022-12-12 15:16:01] [SEVERE ] removing card from slot 4
[2022-12-12 15:16:01] [SEVERE ] removing card from slot 5
[2022-12-12 15:16:01] [SEVERE ] removing card from slot 6
[2022-12-12 15:16:01] [SEVERE ] removing card from slot 7
[2022-12-12 15:16:02] [SEVERE ] removing card from slot 8
[2022-12-12 15:16:02] [SEVERE ] removing card from slot 9
[2022-12-12 15:16:02] [SEVERE ] removing card from slot 10
[2022-12-12 15:16:02] [SEVERE ] removing card from slot 11
[2022-12-12 15:16:02] [SEVERE ] placing card 28 in slot 0
[2022-12-12 15:16:02] [SEVERE ] placing card 3 in slot 1
[2022-12-12 15:16:02] [SEVERE ] placing card 79 in slot 2
[2022-12-12 15:16:02] [SEVERE ] placing card 53 in slot 3
[2022-12-12 15:16:02] [SEVERE ] placing card 30 in slot 4
[2022-12-12 15:16:03] [SEVERE ] placing card 27 in slot 5
[2022-12-12 15:16:03] [SEVERE ] placing card 67 in slot 6
[2022-12-12 15:16:03] [SEVERE ] placing card 5 in slot 7
[2022-12-12 15:16:03] [SEVERE ] placing card 62 in slot 8
[2022-12-12 15:16:03] [SEVERE ] placing card 43 in slot 9
[2022-12-12 15:16:03] [SEVERE ] placing card 7 in slot 10
[2022-12-12 15:16:03] [SEVERE ] placing card 63 in slot 11
[2022-12-12 15:16:04] [SEVERE ] Key 81 was pressed by player 0
[2022-12-12 15:16:04] [SEVERE ] player 0 placing token on slot 0
[2022-12-12 15:16:04] [SEVERE ] Key 87 was pressed by player 0
[2022-12-12 15:16:04] [SEVERE ] player 0 placing token on slot 1
[2022-12-12 15:16:04] [SEVERE ] Key 69 was pressed by player 0
[2022-12-12 15:16:04] [SEVERE ] player 0 placing token on slot 2
[2022-12-12 15:16:04] [SEVERE ] setting player 0 freeze to 1000
[2022-12-12 15:16:05] [SEVERE ] removing player 0 token from slot 0
[2022-12-12 15:16:05] [SEVERE ] removing player 0 token from slot 1
[2022-12-12 15:16:05] [SEVERE ] removing player 0 token from slot 2
[2022-12-12 15:16:06] [SEVERE ] Key 87 was pressed by player 0
[2022-12-12 15:16:06] [SEVERE ] player 0 placing token on slot 1
[2022-12-12 15:16:06] [SEVERE ] Key 81 was pressed by player 0
[2022-12-12 15:16:06] [SEVERE ] player 0 placing token on slot 0
[2022-12-12 15:16:06] [SEVERE ] Key 69 was pressed by player 0
[2022-12-12 15:16:06] [SEVERE ] player 0 placing token on slot 2
[2022-12-12 15:16:06] [SEVERE ] setting player 0 freeze to 1000
[2022-12-12 15:16:07] [SEVERE ] removing player 0 token from slot 1
[2022-12-12 15:16:07] [SEVERE ] removing player 0 token from slot 0
[2022-12-12 15:16:07] [SEVERE ] removing player 0 token from slot 2
[2022-12-12 15:16:07] [SEVERE ] Key 69 was pressed by player 0
[2022-12-12 15:16:07] [SEVERE ] player 0 placing token on slot 2
[2022-12-12 15:16:07] [SEVERE ] Key 87 was pressed by player 0
[2022-12-12 15:16:07] [SEVERE ] player 0 placing token on slot 1
[2022-12-12 15:16:07] [SEVERE ] Key 81 was pressed by player 0
[2022-12-12 15:16:07] [SEVERE ] player 0 placing token on slot 0
[2022-12-12 15:16:07] [SEVERE ] setting player 0 freeze to 1000
[2022-12-12 15:16:08] [SEVERE ] removing player 0 token from slot 2
[2022-12-12 15:16:08] [SEVERE ] removing player 0 token from slot 1
[2022-12-12 15:16:08] [SEVERE ] removing player 0 token from slot 0
[2022-12-12 15:16:08] [SEVERE ] Key 87 was pressed by player 0
[2022-12-12 15:16:08] [SEVERE ] player 0 placing token on slot 1
[2022-12-12 15:16:08] [SEVERE ] Key 81 was pressed by player 0
[2022-12-12 15:16:08] [SEVERE ] player 0 placing token on slot 0
[2022-12-12 15:16:08] [SEVERE ] Key 69 was pressed by player 0
[2022-12-12 15:16:08] [SEVERE ] player 0 placing token on slot 2
[2022-12-12 15:16:08] [SEVERE ] setting player 0 freeze to 1000
[2022-12-12 15:16:09] [SEVERE ] removing player 0 token from slot 1
[2022-12-12 15:16:09] [SEVERE ] removing player 0 token from slot 0
[2022-12-12 15:16:09] [SEVERE ] removing player 0 token from slot 2
[2022-12-12 15:16:09] [SEVERE ] Key 87 was pressed by player 0
[2022-12-12 15:16:09] [SEVERE ] player 0 placing token on slot 1
[2022-12-12 15:16:09] [SEVERE ] Key 81 was pressed by player 0
[2022-12-12 15:16:09] [SEVERE ] player 0 placing token on slot 0
[2022-12-12 15:16:10] [SEVERE ] Key 69 was pressed by player 0
[2022-12-12 15:16:10] [SEVERE ] player 0 placing token on slot 2
[2022-12-12 15:16:10] [SEVERE ] setting player 0 freeze to 1000
[2022-12-12 15:16:11] [SEVERE ] removing player 0 token from slot 1
[2022-12-12 15:16:11] [SEVERE ] removing player 0 token from slot 0
[2022-12-12 15:16:11] [SEVERE ] removing player 0 token from slot 2
[2022-12-12 15:16:12] [SEVERE ] Exit button pressed
