[2022-12-12 19:19:59] [INFO   ] cannot read configuration file config.properties trying from resources.
[2022-12-12 19:19:59] [INFO   ] configuration file was loaded from resources directory.
[2022-12-12 19:19:59] [INFO   ] Thread dealer starting.
[2022-12-12 19:19:59] [INFO   ] Thread Player 0starting.
[2022-12-12 19:19:59] [INFO   ] Thread Player 1starting.
[2022-12-12 19:19:59] [SEVERE ] placing card 65 in slot 0
[2022-12-12 19:19:59] [SEVERE ] placing card 78 in slot 1
[2022-12-12 19:20:00] [SEVERE ] placing card 7 in slot 2
[2022-12-12 19:20:00] [SEVERE ] placing card 54 in slot 3
[2022-12-12 19:20:00] [SEVERE ] placing card 30 in slot 4
[2022-12-12 19:20:00] [SEVERE ] placing card 22 in slot 5
[2022-12-12 19:20:00] [SEVERE ] placing card 6 in slot 6
[2022-12-12 19:20:00] [SEVERE ] placing card 10 in slot 7
[2022-12-12 19:20:00] [SEVERE ] placing card 32 in slot 8
[2022-12-12 19:20:00] [SEVERE ] placing card 12 in slot 9
[2022-12-12 19:20:00] [SEVERE ] placing card 55 in slot 10
[2022-12-12 19:20:00] [SEVERE ] placing card 73 in slot 11
[2022-12-12 19:20:06] [SEVERE ] Key 81 was pressed by player 0
[2022-12-12 19:20:06] [SEVERE ] player 0 placing token on slot 0
[2022-12-12 19:20:06] [SEVERE ] Key 87 was pressed by player 0
[2022-12-12 19:20:06] [SEVERE ] player 0 placing token on slot 1
[2022-12-12 19:20:06] [SEVERE ] Key 69 was pressed by player 0
[2022-12-12 19:20:06] [SEVERE ] player 0 placing token on slot 2
[2022-12-12 19:20:06] [SEVERE ] setting player 0 freeze to 1000
[2022-12-12 19:20:06] [SEVERE ] removing player 0 token from slot 0
[2022-12-12 19:20:06] [SEVERE ] removing player 0 token from slot 1
[2022-12-12 19:20:06] [SEVERE ] removing player 0 token from slot 2
[2022-12-12 19:20:08] [SEVERE ] Key 81 was pressed by player 0
[2022-12-12 19:20:08] [SEVERE ] player 0 placing token on slot 0
[2022-12-12 19:20:08] [SEVERE ] Key 87 was pressed by player 0
[2022-12-12 19:20:08] [SEVERE ] player 0 placing token on slot 1
[2022-12-12 19:20:08] [SEVERE ] Key 69 was pressed by player 0
[2022-12-12 19:20:08] [SEVERE ] player 0 placing token on slot 2
[2022-12-12 19:20:08] [SEVERE ] setting player 0 freeze to 1000
[2022-12-12 19:20:08] [SEVERE ] removing player 0 token from slot 0
[2022-12-12 19:20:08] [SEVERE ] removing player 0 token from slot 1
[2022-12-12 19:20:08] [SEVERE ] removing player 0 token from slot 2
[2022-12-12 19:20:09] [SEVERE ] Key 81 was pressed by player 0
[2022-12-12 19:20:09] [SEVERE ] Key 87 was pressed by player 0
[2022-12-12 19:20:09] [SEVERE ] Key 69 was pressed by player 0
[2022-12-12 19:20:10] [SEVERE ] Key 81 was pressed by player 0
[2022-12-12 19:20:10] [SEVERE ] player 0 placing token on slot 0
[2022-12-12 19:20:10] [SEVERE ] Key 87 was pressed by player 0
[2022-12-12 19:20:10] [SEVERE ] player 0 placing token on slot 1
[2022-12-12 19:20:10] [SEVERE ] Key 69 was pressed by player 0
[2022-12-12 19:20:10] [SEVERE ] player 0 placing token on slot 2
[2022-12-12 19:20:10] [SEVERE ] setting player 0 freeze to 1000
[2022-12-12 19:20:10] [SEVERE ] removing player 0 token from slot 0
[2022-12-12 19:20:10] [SEVERE ] removing player 0 token from slot 1
[2022-12-12 19:20:10] [SEVERE ] removing player 0 token from slot 2
