[2022-12-15 14:35:27] [INFO   ] cannot read configuration file config.properties trying from resources.
[2022-12-15 14:35:27] [INFO   ] configuration file was loaded from resources directory.
[2022-12-15 14:35:28] [INFO   ] Thread dealer starting.
[2022-12-15 14:35:28] [INFO   ] Thread Player 0starting.
[2022-12-15 14:35:28] [INFO   ] Thread Player 1starting.
[2022-12-15 14:35:28] [INFO   ] Thread Player 2starting.
[2022-12-15 14:35:28] [INFO   ] Thread Player 3starting.
[2022-12-15 14:35:28] [INFO   ] Thread computer-1 starting.
[2022-12-15 14:35:28] [INFO   ] Thread computer-2 starting.
[2022-12-15 14:35:28] [INFO   ] Thread computer-3 starting.
[2022-12-15 14:35:28] [SEVERE ] placing card 49 in slot 0
[2022-12-15 14:35:28] [SEVERE ] placing card 75 in slot 1
[2022-12-15 14:35:29] [SEVERE ] placing card 79 in slot 2
[2022-12-15 14:35:29] [SEVERE ] placing card 45 in slot 3
[2022-12-15 14:35:29] [SEVERE ] placing card 5 in slot 4
[2022-12-15 14:35:29] [SEVERE ] placing card 74 in slot 5
[2022-12-15 14:35:29] [SEVERE ] placing card 24 in slot 6
[2022-12-15 14:35:29] [SEVERE ] placing card 7 in slot 7
[2022-12-15 14:35:29] [SEVERE ] placing card 19 in slot 8
[2022-12-15 14:35:29] [SEVERE ] placing card 51 in slot 9
[2022-12-15 14:35:29] [SEVERE ] placing card 26 in slot 10
[2022-12-15 14:35:30] [SEVERE ] placing card 12 in slot 11
[2022-12-15 14:35:30] [SEVERE ] player 1 placing token on slot 9
[2022-12-15 14:35:30] [SEVERE ] player 2 placing token on slot 7
[2022-12-15 14:35:30] [SEVERE ] player 3 placing token on slot 4
[2022-12-15 14:35:30] [SEVERE ] player 1 placing token on slot 0
[2022-12-15 14:35:30] [SEVERE ] player 3 placing token on slot 0
[2022-12-15 14:35:30] [SEVERE ] player 2 placing token on slot 11
[2022-12-15 14:35:30] [SEVERE ] player 3 placing token on slot 8
[2022-12-15 14:35:30] [SEVERE ] player 2 placing token on slot 5
[2022-12-15 14:35:30] [SEVERE ] player 1 placing token on slot 2
[2022-12-15 14:35:30] [SEVERE ] removing player 1 token from slot 9
[2022-12-15 14:35:30] [SEVERE ] removing player 1 token from slot 0
[2022-12-15 14:35:30] [SEVERE ] removing player 1 token from slot 2
[2022-12-15 14:35:30] [SEVERE ] setting player 1 freeze to 3000
[2022-12-15 14:35:30] [SEVERE ] removing player 2 token from slot 7
[2022-12-15 14:35:30] [SEVERE ] removing player 2 token from slot 11
[2022-12-15 14:35:30] [SEVERE ] removing player 2 token from slot 5
[2022-12-15 14:35:30] [SEVERE ] setting player 2 freeze to 3000
[2022-12-15 14:35:30] [SEVERE ] removing player 3 token from slot 4
[2022-12-15 14:35:30] [SEVERE ] removing player 3 token from slot 0
[2022-12-15 14:35:30] [SEVERE ] removing player 3 token from slot 8
[2022-12-15 14:35:30] [SEVERE ] setting player 3 freeze to 3000
[2022-12-15 14:35:30] [SEVERE ] setting player 1 freeze to 2988
[2022-12-15 14:35:30] [SEVERE ] setting player 2 freeze to 2975
[2022-12-15 14:35:30] [SEVERE ] setting player 1 freeze to 2973
[2022-12-15 14:35:30] [SEVERE ] setting player 3 freeze to 2975
[2022-12-15 14:35:30] [SEVERE ] setting player 1 freeze to 2957
[2022-12-15 14:35:30] [SEVERE ] setting player 3 freeze to 2960
[2022-12-15 14:35:30] [SEVERE ] setting player 2 freeze to 2959
[2022-12-15 14:35:30] [SEVERE ] setting player 1 freeze to 2946
[2022-12-15 14:35:30] [SEVERE ] setting player 3 freeze to 2944
[2022-12-15 14:35:30] [SEVERE ] setting player 2 freeze to 2943
[2022-12-15 14:35:30] [SEVERE ] setting player 2 freeze to 2928
[2022-12-15 14:35:30] [SEVERE ] setting player 1 freeze to 2926
[2022-12-15 14:35:30] [SEVERE ] setting player 3 freeze to 2929
[2022-12-15 14:35:30] [SEVERE ] setting player 2 freeze to 2917
[2022-12-15 14:35:30] [SEVERE ] setting player 3 freeze to 2913
[2022-12-15 14:35:30] [SEVERE ] setting player 1 freeze to 2910
[2022-12-15 14:35:30] [SEVERE ] setting player 3 freeze to 2902
[2022-12-15 14:35:30] [SEVERE ] setting player 1 freeze to 2894
[2022-12-15 14:35:30] [SEVERE ] setting player 2 freeze to 2896
[2022-12-15 14:35:30] [SEVERE ] setting player 2 freeze to 2880
[2022-12-15 14:35:30] [SEVERE ] setting player 3 freeze to 2881
[2022-12-15 14:35:30] [SEVERE ] setting player 1 freeze to 2878
[2022-12-15 14:35:30] [SEVERE ] setting player 2 freeze to 2869
[2022-12-15 14:35:30] [SEVERE ] setting player 3 freeze to 2865
[2022-12-15 14:35:30] [SEVERE ] setting player 1 freeze to 2862
[2022-12-15 14:35:30] [SEVERE ] setting player 3 freeze to 2849
[2022-12-15 14:35:30] [SEVERE ] setting player 2 freeze to 2848
[2022-12-15 14:35:30] [SEVERE ] setting player 1 freeze to 2846
[2022-12-15 14:35:30] [SEVERE ] setting player 3 freeze to 2839
[2022-12-15 14:35:30] [SEVERE ] setting player 1 freeze to 2831
[2022-12-15 14:35:30] [SEVERE ] setting player 2 freeze to 2833
[2022-12-15 14:35:30] [SEVERE ] setting player 1 freeze to 2815
[2022-12-15 14:35:30] [SEVERE ] setting player 2 freeze to 2817
[2022-12-15 14:35:30] [SEVERE ] setting player 3 freeze to 2818
[2022-12-15 14:35:30] [SEVERE ] setting player 1 freeze to 2804
[2022-12-15 14:35:30] [SEVERE ] setting player 3 freeze to 2802
[2022-12-15 14:35:30] [SEVERE ] setting player 2 freeze to 2801
[2022-12-15 14:35:30] [SEVERE ] setting player 3 freeze to 2786
[2022-12-15 14:35:30] [SEVERE ] setting player 1 freeze to 2783
[2022-12-15 14:35:30] [SEVERE ] setting player 2 freeze to 2785
[2022-12-15 14:35:30] [SEVERE ] setting player 3 freeze to 2775
[2022-12-15 14:35:30] [SEVERE ] setting player 2 freeze to 2769
[2022-12-15 14:35:30] [SEVERE ] setting player 1 freeze to 2767
[2022-12-15 14:35:30] [SEVERE ] setting player 1 freeze to 2751
[2022-12-15 14:35:30] [SEVERE ] setting player 2 freeze to 2753
[2022-12-15 14:35:30] [SEVERE ] setting player 3 freeze to 2754
[2022-12-15 14:35:30] [SEVERE ] setting player 1 freeze to 2740
[2022-12-15 14:35:30] [SEVERE ] setting player 2 freeze to 2737
[2022-12-15 14:35:30] [SEVERE ] setting player 3 freeze to 2738
[2022-12-15 14:35:30] [SEVERE ] setting player 1 freeze to 2719
[2022-12-15 14:35:30] [SEVERE ] setting player 3 freeze to 2722
[2022-12-15 14:35:30] [SEVERE ] setting player 2 freeze to 2721
[2022-12-15 14:35:30] [SEVERE ] setting player 1 freeze to 2708
[2022-12-15 14:35:30] [SEVERE ] setting player 3 freeze to 2706
[2022-12-15 14:35:30] [SEVERE ] setting player 2 freeze to 2705
[2022-12-15 14:35:30] [SEVERE ] setting player 2 freeze to 2689
[2022-12-15 14:35:30] [SEVERE ] setting player 1 freeze to 2687
[2022-12-15 14:35:30] [SEVERE ] setting player 3 freeze to 2690
[2022-12-15 14:35:30] [SEVERE ] setting player 2 freeze to 2678
[2022-12-15 14:35:30] [SEVERE ] setting player 1 freeze to 2671
[2022-12-15 14:35:30] [SEVERE ] setting player 3 freeze to 2674
[2022-12-15 14:35:30] [SEVERE ] setting player 3 freeze to 2658
[2022-12-15 14:35:30] [SEVERE ] setting player 1 freeze to 2655
[2022-12-15 14:35:30] [SEVERE ] setting player 2 freeze to 2657
[2022-12-15 14:35:30] [SEVERE ] setting player 3 freeze to 2646
[2022-12-15 14:35:30] [SEVERE ] setting player 1 freeze to 2640
[2022-12-15 14:35:30] [SEVERE ] setting player 2 freeze to 2642
[2022-12-15 14:35:30] [SEVERE ] setting player 1 freeze to 2629
[2022-12-15 14:35:30] [SEVERE ] setting player 2 freeze to 2626
[2022-12-15 14:35:30] [SEVERE ] setting player 3 freeze to 2627
[2022-12-15 14:35:30] [SEVERE ] setting player 2 freeze to 2610
[2022-12-15 14:35:30] [SEVERE ] setting player 1 freeze to 2608
[2022-12-15 14:35:30] [SEVERE ] setting player 3 freeze to 2611
[2022-12-15 14:35:30] [SEVERE ] setting player 2 freeze to 2599
[2022-12-15 14:35:30] [SEVERE ] setting player 1 freeze to 2592
[2022-12-15 14:35:30] [SEVERE ] setting player 3 freeze to 2595
[2022-12-15 14:35:30] [SEVERE ] setting player 2 freeze to 2578
[2022-12-15 14:35:30] [SEVERE ] setting player 1 freeze to 2576
[2022-12-15 14:35:30] [SEVERE ] setting player 3 freeze to 2579
[2022-12-15 14:35:30] [SEVERE ] setting player 2 freeze to 2567
[2022-12-15 14:35:30] [SEVERE ] setting player 3 freeze to 2563
[2022-12-15 14:35:30] [SEVERE ] setting player 1 freeze to 2560
[2022-12-15 14:35:30] [SEVERE ] setting player 1 freeze to 2544
[2022-12-15 14:35:30] [SEVERE ] setting player 2 freeze to 2546
[2022-12-15 14:35:30] [SEVERE ] setting player 3 freeze to 2547
[2022-12-15 14:35:30] [SEVERE ] setting player 1 freeze to 2533
[2022-12-15 14:35:30] [SEVERE ] setting player 3 freeze to 2532
[2022-12-15 14:35:30] [SEVERE ] setting player 2 freeze to 2531
[2022-12-15 14:35:30] [SEVERE ] setting player 2 freeze to 2515
[2022-12-15 14:35:30] [SEVERE ] setting player 1 freeze to 2513
[2022-12-15 14:35:30] [SEVERE ] setting player 3 freeze to 2516
[2022-12-15 14:35:30] [SEVERE ] setting player 2 freeze to 2504
[2022-12-15 14:35:30] [SEVERE ] setting player 3 freeze to 2501
[2022-12-15 14:35:30] [SEVERE ] setting player 1 freeze to 2498
[2022-12-15 14:35:30] [SEVERE ] setting player 3 freeze to 2490
[2022-12-15 14:35:30] [SEVERE ] setting player 1 freeze to 2482
[2022-12-15 14:35:30] [SEVERE ] setting player 2 freeze to 2484
[2022-12-15 14:35:30] [SEVERE ] setting player 2 freeze to 2469
[2022-12-15 14:35:30] [SEVERE ] setting player 1 freeze to 2466
[2022-12-15 14:35:30] [SEVERE ] setting player 3 freeze to 2468
[2022-12-15 14:35:30] [SEVERE ] setting player 1 freeze to 2451
[2022-12-15 14:35:30] [SEVERE ] setting player 2 freeze to 2453
[2022-12-15 14:35:30] [SEVERE ] setting player 3 freeze to 2454
[2022-12-15 14:35:30] [SEVERE ] setting player 1 freeze to 2440
[2022-12-15 14:35:30] [SEVERE ] setting player 2 freeze to 2437
[2022-12-15 14:35:30] [SEVERE ] setting player 3 freeze to 2438
[2022-12-15 14:35:30] [SEVERE ] setting player 1 freeze to 2419
[2022-12-15 14:35:30] [SEVERE ] setting player 3 freeze to 2422
[2022-12-15 14:35:30] [SEVERE ] setting player 2 freeze to 2421
[2022-12-15 14:35:30] [SEVERE ] setting player 1 freeze to 2408
[2022-12-15 14:35:30] [SEVERE ] setting player 3 freeze to 2406
[2022-12-15 14:35:30] [SEVERE ] setting player 2 freeze to 2405
[2022-12-15 14:35:30] [SEVERE ] setting player 3 freeze to 2390
[2022-12-15 14:35:30] [SEVERE ] setting player 1 freeze to 2387
[2022-12-15 14:35:30] [SEVERE ] setting player 2 freeze to 2389
[2022-12-15 14:35:30] [SEVERE ] setting player 3 freeze to 2379
[2022-12-15 14:35:30] [SEVERE ] setting player 1 freeze to 2372
[2022-12-15 14:35:30] [SEVERE ] setting player 2 freeze to 2374
[2022-12-15 14:35:30] [SEVERE ] setting player 2 freeze to 2358
[2022-12-15 14:35:30] [SEVERE ] setting player 1 freeze to 2356
[2022-12-15 14:35:30] [SEVERE ] setting player 3 freeze to 2359
[2022-12-15 14:35:30] [SEVERE ] setting player 2 freeze to 2347
[2022-12-15 14:35:30] [SEVERE ] setting player 1 freeze to 2340
[2022-12-15 14:35:30] [SEVERE ] setting player 3 freeze to 2343
[2022-12-15 14:35:30] [SEVERE ] setting player 3 freeze to 2327
[2022-12-15 14:35:30] [SEVERE ] setting player 1 freeze to 2324
[2022-12-15 14:35:30] [SEVERE ] setting player 2 freeze to 2326
[2022-12-15 14:35:30] [SEVERE ] setting player 3 freeze to 2316
[2022-12-15 14:35:30] [SEVERE ] setting player 1 freeze to 2308
[2022-12-15 14:35:30] [SEVERE ] setting player 2 freeze to 2310
[2022-12-15 14:35:30] [SEVERE ] setting player 2 freeze to 2294
[2022-12-15 14:35:30] [SEVERE ] setting player 1 freeze to 2292
[2022-12-15 14:35:30] [SEVERE ] setting player 3 freeze to 2295
[2022-12-15 14:35:30] [SEVERE ] setting player 1 freeze to 2281
[2022-12-15 14:35:30] [SEVERE ] setting player 2 freeze to 2283
[2022-12-15 14:35:30] [SEVERE ] setting player 3 freeze to 2279
[2022-12-15 14:35:31] [SEVERE ] setting player 2 freeze to 2262
[2022-12-15 14:35:31] [SEVERE ] setting player 1 freeze to 2260
[2022-12-15 14:35:31] [SEVERE ] setting player 3 freeze to 2263
[2022-12-15 14:35:31] [SEVERE ] setting player 2 freeze to 2250
[2022-12-15 14:35:31] [SEVERE ] setting player 1 freeze to 2244
[2022-12-15 14:35:31] [SEVERE ] setting player 3 freeze to 2247
[2022-12-15 14:35:31] [SEVERE ] setting player 1 freeze to 2229
[2022-12-15 14:35:31] [SEVERE ] setting player 2 freeze to 2231
[2022-12-15 14:35:31] [SEVERE ] setting player 3 freeze to 2232
[2022-12-15 14:35:31] [SEVERE ] setting player 1 freeze to 2217
[2022-12-15 14:35:31] [SEVERE ] setting player 3 freeze to 2216
[2022-12-15 14:35:31] [SEVERE ] setting player 2 freeze to 2215
[2022-12-15 14:35:31] [SEVERE ] setting player 3 freeze to 2200
[2022-12-15 14:35:31] [SEVERE ] setting player 1 freeze to 2197
[2022-12-15 14:35:31] [SEVERE ] setting player 2 freeze to 2199
[2022-12-15 14:35:31] [SEVERE ] setting player 3 freeze to 2189
[2022-12-15 14:35:31] [SEVERE ] setting player 1 freeze to 2181
[2022-12-15 14:35:31] [SEVERE ] setting player 2 freeze to 2183
[2022-12-15 14:35:31] [SEVERE ] setting player 3 freeze to 2168
[2022-12-15 14:35:31] [SEVERE ] setting player 1 freeze to 2165
[2022-12-15 14:35:31] [SEVERE ] setting player 2 freeze to 2167
[2022-12-15 14:35:31] [SEVERE ] setting player 3 freeze to 2157
[2022-12-15 14:35:31] [SEVERE ] setting player 1 freeze to 2149
[2022-12-15 14:35:31] [SEVERE ] setting player 2 freeze to 2151
[2022-12-15 14:35:31] [SEVERE ] setting player 2 freeze to 2135
[2022-12-15 14:35:31] [SEVERE ] setting player 3 freeze to 2136
[2022-12-15 14:35:31] [SEVERE ] setting player 1 freeze to 2133
[2022-12-15 14:35:31] [SEVERE ] setting player 2 freeze to 2124
[2022-12-15 14:35:31] [SEVERE ] setting player 3 freeze to 2124
[2022-12-15 14:35:31] [SEVERE ] setting player 1 freeze to 2117
[2022-12-15 14:35:31] [SEVERE ] setting player 1 freeze to 2101
[2022-12-15 14:35:31] [SEVERE ] setting player 2 freeze to 2103
[2022-12-15 14:35:31] [SEVERE ] setting player 3 freeze to 2104
[2022-12-15 14:35:31] [SEVERE ] setting player 1 freeze to 2091
[2022-12-15 14:35:31] [SEVERE ] setting player 3 freeze to 2089
[2022-12-15 14:35:31] [SEVERE ] setting player 2 freeze to 2088
[2022-12-15 14:35:31] [SEVERE ] setting player 2 freeze to 2072
[2022-12-15 14:35:31] [SEVERE ] setting player 1 freeze to 2070
[2022-12-15 14:35:31] [SEVERE ] setting player 3 freeze to 2073
[2022-12-15 14:35:31] [SEVERE ] setting player 2 freeze to 2061
[2022-12-15 14:35:31] [SEVERE ] setting player 1 freeze to 2054
[2022-12-15 14:35:31] [SEVERE ] setting player 3 freeze to 2057
[2022-12-15 14:35:31] [SEVERE ] setting player 1 freeze to 2038
[2022-12-15 14:35:31] [SEVERE ] setting player 3 freeze to 2041
[2022-12-15 14:35:31] [SEVERE ] setting player 2 freeze to 2040
[2022-12-15 14:35:31] [SEVERE ] setting player 1 freeze to 2027
[2022-12-15 14:35:31] [SEVERE ] setting player 3 freeze to 2025
[2022-12-15 14:35:31] [SEVERE ] setting player 2 freeze to 2024
[2022-12-15 14:35:31] [SEVERE ] setting player 3 freeze to 2014
[2022-12-15 14:35:31] [SEVERE ] setting player 2 freeze to 2008
[2022-12-15 14:35:31] [SEVERE ] setting player 1 freeze to 2006
[2022-12-15 14:35:31] [SEVERE ] setting player 1 freeze to 1990
[2022-12-15 14:35:31] [SEVERE ] setting player 3 freeze to 1993
[2022-12-15 14:35:31] [SEVERE ] setting player 2 freeze to 1992
[2022-12-15 14:35:31] [SEVERE ] setting player 2 freeze to 1976
[2022-12-15 14:35:31] [SEVERE ] setting player 3 freeze to 1977
[2022-12-15 14:35:31] [SEVERE ] setting player 1 freeze to 1974
[2022-12-15 14:35:31] [SEVERE ] setting player 2 freeze to 1965
[2022-12-15 14:35:31] [SEVERE ] setting player 1 freeze to 1958
[2022-12-15 14:35:31] [SEVERE ] setting player 3 freeze to 1961
[2022-12-15 14:35:31] [SEVERE ] setting player 1 freeze to 1942
[2022-12-15 14:35:31] [SEVERE ] setting player 2 freeze to 1944
[2022-12-15 14:35:31] [SEVERE ] setting player 3 freeze to 1945
[2022-12-15 14:35:31] [SEVERE ] setting player 1 freeze to 1931
[2022-12-15 14:35:31] [SEVERE ] setting player 3 freeze to 1929
[2022-12-15 14:35:31] [SEVERE ] setting player 2 freeze to 1928
[2022-12-15 14:35:31] [SEVERE ] setting player 3 freeze to 1913
[2022-12-15 14:35:31] [SEVERE ] setting player 2 freeze to 1912
[2022-12-15 14:35:31] [SEVERE ] setting player 1 freeze to 1910
[2022-12-15 14:35:31] [SEVERE ] setting player 1 freeze to 1894
[2022-12-15 14:35:31] [SEVERE ] setting player 2 freeze to 1896
[2022-12-15 14:35:31] [SEVERE ] setting player 3 freeze to 1897
[2022-12-15 14:35:31] [SEVERE ] setting player 1 freeze to 1883
[2022-12-15 14:35:31] [SEVERE ] setting player 2 freeze to 1880
[2022-12-15 14:35:31] [SEVERE ] setting player 3 freeze to 1881
[2022-12-15 14:35:31] [SEVERE ] setting player 2 freeze to 1864
[2022-12-15 14:35:31] [SEVERE ] setting player 1 freeze to 1862
[2022-12-15 14:35:31] [SEVERE ] setting player 3 freeze to 1865
[2022-12-15 14:35:31] [SEVERE ] setting player 2 freeze to 1853
[2022-12-15 14:35:31] [SEVERE ] setting player 3 freeze to 1849
[2022-12-15 14:35:31] [SEVERE ] setting player 1 freeze to 1846
[2022-12-15 14:35:31] [SEVERE ] setting player 3 freeze to 1833
[2022-12-15 14:35:31] [SEVERE ] setting player 2 freeze to 1832
[2022-12-15 14:35:31] [SEVERE ] setting player 1 freeze to 1830
[2022-12-15 14:35:31] [SEVERE ] setting player 2 freeze to 1821
[2022-12-15 14:35:31] [SEVERE ] setting player 3 freeze to 1822
[2022-12-15 14:35:31] [SEVERE ] setting player 1 freeze to 1814
[2022-12-15 14:35:31] [SEVERE ] setting player 3 freeze to 1801
[2022-12-15 14:35:31] [SEVERE ] setting player 1 freeze to 1798
[2022-12-15 14:35:31] [SEVERE ] setting player 2 freeze to 1800
[2022-12-15 14:35:31] [SEVERE ] setting player 3 freeze to 1790
[2022-12-15 14:35:31] [SEVERE ] setting player 1 freeze to 1782
[2022-12-15 14:35:31] [SEVERE ] setting player 2 freeze to 1784
[2022-12-15 14:35:31] [SEVERE ] setting player 1 freeze to 1766
[2022-12-15 14:35:31] [SEVERE ] setting player 3 freeze to 1769
[2022-12-15 14:35:31] [SEVERE ] setting player 2 freeze to 1768
[2022-12-15 14:35:31] [SEVERE ] setting player 3 freeze to 1753
[2022-12-15 14:35:31] [SEVERE ] setting player 1 freeze to 1750
[2022-12-15 14:35:31] [SEVERE ] setting player 2 freeze to 1752
[2022-12-15 14:35:31] [SEVERE ] setting player 3 freeze to 1742
[2022-12-15 14:35:31] [SEVERE ] setting player 2 freeze to 1736
[2022-12-15 14:35:31] [SEVERE ] setting player 1 freeze to 1734
[2022-12-15 14:35:31] [SEVERE ] setting player 2 freeze to 1725
[2022-12-15 14:35:31] [SEVERE ] setting player 1 freeze to 1719
[2022-12-15 14:35:31] [SEVERE ] setting player 3 freeze to 1722
[2022-12-15 14:35:31] [SEVERE ] setting player 1 freeze to 1708
[2022-12-15 14:35:31] [SEVERE ] setting player 2 freeze to 1705
[2022-12-15 14:35:31] [SEVERE ] setting player 3 freeze to 1706
[2022-12-15 14:35:31] [SEVERE ] setting player 2 freeze to 1689
[2022-12-15 14:35:31] [SEVERE ] setting player 3 freeze to 1690
[2022-12-15 14:35:31] [SEVERE ] setting player 1 freeze to 1687
[2022-12-15 14:35:31] [SEVERE ] setting player 2 freeze to 1678
[2022-12-15 14:35:31] [SEVERE ] setting player 3 freeze to 1679
[2022-12-15 14:35:31] [SEVERE ] setting player 1 freeze to 1672
[2022-12-15 14:35:31] [SEVERE ] setting player 1 freeze to 1656
[2022-12-15 14:35:31] [SEVERE ] setting player 3 freeze to 1659
[2022-12-15 14:35:31] [SEVERE ] setting player 2 freeze to 1658
[2022-12-15 14:35:31] [SEVERE ] setting player 3 freeze to 1648
[2022-12-15 14:35:31] [SEVERE ] setting player 2 freeze to 1642
[2022-12-15 14:35:31] [SEVERE ] setting player 1 freeze to 1640
[2022-12-15 14:35:31] [SEVERE ] setting player 1 freeze to 1624
[2022-12-15 14:35:31] [SEVERE ] setting player 2 freeze to 1626
[2022-12-15 14:35:31] [SEVERE ] setting player 3 freeze to 1627
[2022-12-15 14:35:31] [SEVERE ] setting player 1 freeze to 1613
[2022-12-15 14:35:31] [SEVERE ] setting player 3 freeze to 1611
[2022-12-15 14:35:31] [SEVERE ] setting player 2 freeze to 1610
[2022-12-15 14:35:31] [SEVERE ] setting player 1 freeze to 1592
[2022-12-15 14:35:31] [SEVERE ] setting player 2 freeze to 1594
[2022-12-15 14:35:31] [SEVERE ] setting player 3 freeze to 1595
[2022-12-15 14:35:31] [SEVERE ] setting player 1 freeze to 1581
[2022-12-15 14:35:31] [SEVERE ] setting player 3 freeze to 1579
[2022-12-15 14:35:31] [SEVERE ] setting player 2 freeze to 1578
[2022-12-15 14:35:31] [SEVERE ] setting player 2 freeze to 1562
[2022-12-15 14:35:31] [SEVERE ] setting player 3 freeze to 1563
[2022-12-15 14:35:31] [SEVERE ] setting player 1 freeze to 1560
[2022-12-15 14:35:31] [SEVERE ] setting player 2 freeze to 1551
[2022-12-15 14:35:31] [SEVERE ] setting player 1 freeze to 1544
[2022-12-15 14:35:31] [SEVERE ] setting player 3 freeze to 1547
[2022-12-15 14:35:31] [SEVERE ] setting player 1 freeze to 1528
[2022-12-15 14:35:31] [SEVERE ] setting player 2 freeze to 1530
[2022-12-15 14:35:31] [SEVERE ] setting player 3 freeze to 1531
[2022-12-15 14:35:31] [SEVERE ] setting player 1 freeze to 1517
[2022-12-15 14:35:31] [SEVERE ] setting player 2 freeze to 1515
[2022-12-15 14:35:31] [SEVERE ] setting player 3 freeze to 1516
[2022-12-15 14:35:31] [SEVERE ] setting player 3 freeze to 1500
[2022-12-15 14:35:31] [SEVERE ] setting player 1 freeze to 1497
[2022-12-15 14:35:31] [SEVERE ] setting player 2 freeze to 1499
[2022-12-15 14:35:31] [SEVERE ] setting player 3 freeze to 1489
[2022-12-15 14:35:31] [SEVERE ] setting player 1 freeze to 1486
[2022-12-15 14:35:31] [SEVERE ] setting player 2 freeze to 1484
[2022-12-15 14:35:31] [SEVERE ] setting player 2 freeze to 1468
[2022-12-15 14:35:31] [SEVERE ] setting player 1 freeze to 1466
[2022-12-15 14:35:31] [SEVERE ] setting player 3 freeze to 1469
[2022-12-15 14:35:31] [SEVERE ] setting player 3 freeze to 1454
[2022-12-15 14:35:31] [SEVERE ] setting player 2 freeze to 1453
[2022-12-15 14:35:31] [SEVERE ] setting player 1 freeze to 1451
[2022-12-15 14:35:31] [SEVERE ] setting player 3 freeze to 1442
[2022-12-15 14:35:31] [SEVERE ] setting player 1 freeze to 1436
[2022-12-15 14:35:31] [SEVERE ] setting player 2 freeze to 1438
[2022-12-15 14:35:31] [SEVERE ] setting player 1 freeze to 1420
[2022-12-15 14:35:31] [SEVERE ] setting player 3 freeze to 1423
[2022-12-15 14:35:31] [SEVERE ] setting player 2 freeze to 1422
[2022-12-15 14:35:31] [SEVERE ] setting player 1 freeze to 1409
[2022-12-15 14:35:31] [SEVERE ] setting player 3 freeze to 1407
[2022-12-15 14:35:31] [SEVERE ] setting player 2 freeze to 1406
[2022-12-15 14:35:31] [SEVERE ] setting player 1 freeze to 1388
[2022-12-15 14:35:31] [SEVERE ] setting player 2 freeze to 1390
[2022-12-15 14:35:31] [SEVERE ] setting player 3 freeze to 1391
[2022-12-15 14:35:31] [SEVERE ] setting player 1 freeze to 1377
[2022-12-15 14:35:31] [SEVERE ] setting player 3 freeze to 1375
[2022-12-15 14:35:31] [SEVERE ] setting player 2 freeze to 1374
[2022-12-15 14:35:31] [SEVERE ] setting player 1 freeze to 1356
[2022-12-15 14:35:31] [SEVERE ] setting player 3 freeze to 1359
[2022-12-15 14:35:31] [SEVERE ] setting player 2 freeze to 1358
[2022-12-15 14:35:31] [SEVERE ] setting player 1 freeze to 1346
[2022-12-15 14:35:31] [SEVERE ] setting player 3 freeze to 1344
[2022-12-15 14:35:31] [SEVERE ] setting player 2 freeze to 1343
[2022-12-15 14:35:31] [SEVERE ] setting player 2 freeze to 1327
[2022-12-15 14:35:31] [SEVERE ] setting player 1 freeze to 1325
[2022-12-15 14:35:31] [SEVERE ] setting player 3 freeze to 1328
[2022-12-15 14:35:31] [SEVERE ] setting player 2 freeze to 1316
[2022-12-15 14:35:31] [SEVERE ] setting player 3 freeze to 1312
[2022-12-15 14:35:31] [SEVERE ] setting player 1 freeze to 1309
[2022-12-15 14:35:31] [SEVERE ] setting player 2 freeze to 1295
[2022-12-15 14:35:31] [SEVERE ] setting player 3 freeze to 1296
[2022-12-15 14:35:31] [SEVERE ] setting player 1 freeze to 1293
[2022-12-15 14:35:31] [SEVERE ] setting player 2 freeze to 1284
[2022-12-15 14:35:31] [SEVERE ] setting player 3 freeze to 1280
[2022-12-15 14:35:31] [SEVERE ] setting player 1 freeze to 1277
[2022-12-15 14:35:32] [SEVERE ] setting player 3 freeze to 1264
[2022-12-15 14:35:32] [SEVERE ] setting player 2 freeze to 1263
[2022-12-15 14:35:32] [SEVERE ] setting player 1 freeze to 1261
[2022-12-15 14:35:32] [SEVERE ] setting player 3 freeze to 1252
[2022-12-15 14:35:32] [SEVERE ] setting player 2 freeze to 1247
[2022-12-15 14:35:32] [SEVERE ] setting player 1 freeze to 1245
[2022-12-15 14:35:32] [SEVERE ] setting player 2 freeze to 1231
[2022-12-15 14:35:32] [SEVERE ] setting player 1 freeze to 1229
[2022-12-15 14:35:32] [SEVERE ] setting player 3 freeze to 1232
[2022-12-15 14:35:32] [SEVERE ] setting player 2 freeze to 1220
[2022-12-15 14:35:32] [SEVERE ] setting player 1 freeze to 1213
[2022-12-15 14:35:32] [SEVERE ] setting player 3 freeze to 1216
[2022-12-15 14:35:32] [SEVERE ] setting player 3 freeze to 1200
[2022-12-15 14:35:32] [SEVERE ] setting player 1 freeze to 1197
[2022-12-15 14:35:32] [SEVERE ] setting player 2 freeze to 1199
[2022-12-15 14:35:32] [SEVERE ] setting player 3 freeze to 1188
[2022-12-15 14:35:32] [SEVERE ] setting player 1 freeze to 1181
[2022-12-15 14:35:32] [SEVERE ] setting player 2 freeze to 1183
[2022-12-15 14:35:32] [SEVERE ] setting player 3 freeze to 1168
[2022-12-15 14:35:32] [SEVERE ] setting player 1 freeze to 1165
[2022-12-15 14:35:32] [SEVERE ] setting player 2 freeze to 1167
[2022-12-15 14:35:32] [SEVERE ] setting player 3 freeze to 1157
[2022-12-15 14:35:32] [SEVERE ] setting player 1 freeze to 1149
[2022-12-15 14:35:32] [SEVERE ] setting player 2 freeze to 1151
[2022-12-15 14:35:32] [SEVERE ] setting player 1 freeze to 1133
[2022-12-15 14:35:32] [SEVERE ] setting player 2 freeze to 1135
[2022-12-15 14:35:32] [SEVERE ] setting player 3 freeze to 1136
[2022-12-15 14:35:32] [SEVERE ] setting player 1 freeze to 1121
[2022-12-15 14:35:32] [SEVERE ] setting player 3 freeze to 1121
[2022-12-15 14:35:32] [SEVERE ] setting player 2 freeze to 1120
[2022-12-15 14:35:32] [SEVERE ] setting player 2 freeze to 1104
[2022-12-15 14:35:32] [SEVERE ] setting player 3 freeze to 1105
[2022-12-15 14:35:32] [SEVERE ] setting player 1 freeze to 1102
[2022-12-15 14:35:32] [SEVERE ] setting player 2 freeze to 1093
[2022-12-15 14:35:32] [SEVERE ] setting player 1 freeze to 1086
[2022-12-15 14:35:32] [SEVERE ] setting player 3 freeze to 1089
[2022-12-15 14:35:32] [SEVERE ] setting player 2 freeze to 1072
[2022-12-15 14:35:32] [SEVERE ] setting player 3 freeze to 1073
[2022-12-15 14:35:32] [SEVERE ] setting player 1 freeze to 1070
[2022-12-15 14:35:32] [SEVERE ] setting player 2 freeze to 1061
[2022-12-15 14:35:32] [SEVERE ] setting player 1 freeze to 1054
[2022-12-15 14:35:32] [SEVERE ] setting player 3 freeze to 1057
[2022-12-15 14:35:32] [SEVERE ] setting player 1 freeze to 1039
[2022-12-15 14:35:32] [SEVERE ] setting player 2 freeze to 1041
[2022-12-15 14:35:32] [SEVERE ] setting player 3 freeze to 1042
[2022-12-15 14:35:32] [SEVERE ] setting player 1 freeze to 1028
[2022-12-15 14:35:32] [SEVERE ] setting player 2 freeze to 1025
[2022-12-15 14:35:32] [SEVERE ] setting player 3 freeze to 1026
[2022-12-15 14:35:32] [SEVERE ] setting player 2 freeze to 1009
[2022-12-15 14:35:32] [SEVERE ] setting player 1 freeze to 1007
[2022-12-15 14:35:32] [SEVERE ] setting player 3 freeze to 1010
[2022-12-15 14:35:32] [SEVERE ] setting player 2 freeze to 997
[2022-12-15 14:35:32] [SEVERE ] setting player 3 freeze to 995
[2022-12-15 14:35:32] [SEVERE ] setting player 1 freeze to 992
[2022-12-15 14:35:32] [SEVERE ] setting player 3 freeze to 979
[2022-12-15 14:35:32] [SEVERE ] setting player 1 freeze to 976
[2022-12-15 14:35:32] [SEVERE ] setting player 2 freeze to 978
[2022-12-15 14:35:32] [SEVERE ] setting player 3 freeze to 969
[2022-12-15 14:35:32] [SEVERE ] setting player 1 freeze to 960
[2022-12-15 14:35:32] [SEVERE ] setting player 2 freeze to 962
[2022-12-15 14:35:32] [SEVERE ] setting player 1 freeze to 950
[2022-12-15 14:35:32] [SEVERE ] setting player 2 freeze to 947
[2022-12-15 14:35:32] [SEVERE ] setting player 3 freeze to 948
[2022-12-15 14:35:32] [SEVERE ] setting player 2 freeze to 931
[2022-12-15 14:35:32] [SEVERE ] setting player 1 freeze to 929
[2022-12-15 14:35:32] [SEVERE ] setting player 3 freeze to 932
[2022-12-15 14:35:32] [SEVERE ] setting player 2 freeze to 920
[2022-12-15 14:35:32] [SEVERE ] setting player 1 freeze to 918
[2022-12-15 14:35:32] [SEVERE ] setting player 3 freeze to 916
[2022-12-15 14:35:32] [SEVERE ] setting player 3 freeze to 900
[2022-12-15 14:35:32] [SEVERE ] setting player 2 freeze to 899
[2022-12-15 14:35:32] [SEVERE ] setting player 1 freeze to 897
[2022-12-15 14:35:32] [SEVERE ] setting player 2 freeze to 888
[2022-12-15 14:35:32] [SEVERE ] setting player 3 freeze to 889
[2022-12-15 14:35:32] [SEVERE ] setting player 1 freeze to 881
[2022-12-15 14:35:32] [SEVERE ] setting player 3 freeze to 868
[2022-12-15 14:35:32] [SEVERE ] setting player 2 freeze to 867
[2022-12-15 14:35:32] [SEVERE ] setting player 1 freeze to 865
[2022-12-15 14:35:32] [SEVERE ] setting player 3 freeze to 857
[2022-12-15 14:35:32] [SEVERE ] setting player 1 freeze to 849
[2022-12-15 14:35:32] [SEVERE ] setting player 2 freeze to 851
[2022-12-15 14:35:32] [SEVERE ] setting player 1 freeze to 833
[2022-12-15 14:35:32] [SEVERE ] setting player 3 freeze to 836
[2022-12-15 14:35:32] [SEVERE ] setting player 2 freeze to 835
[2022-12-15 14:35:32] [SEVERE ] setting player 1 freeze to 822
[2022-12-15 14:35:32] [SEVERE ] setting player 3 freeze to 825
[2022-12-15 14:35:32] [SEVERE ] setting player 2 freeze to 819
[2022-12-15 14:35:32] [SEVERE ] setting player 1 freeze to 801
[2022-12-15 14:35:32] [SEVERE ] setting player 2 freeze to 803
[2022-12-15 14:35:32] [SEVERE ] setting player 3 freeze to 804
[2022-12-15 14:35:32] [SEVERE ] setting player 1 freeze to 790
[2022-12-15 14:35:32] [SEVERE ] setting player 2 freeze to 787
[2022-12-15 14:35:32] [SEVERE ] setting player 3 freeze to 788
[2022-12-15 14:35:32] [SEVERE ] setting player 1 freeze to 769
[2022-12-15 14:35:32] [SEVERE ] setting player 2 freeze to 771
[2022-12-15 14:35:32] [SEVERE ] setting player 3 freeze to 772
[2022-12-15 14:35:32] [SEVERE ] setting player 1 freeze to 758
[2022-12-15 14:35:32] [SEVERE ] setting player 3 freeze to 756
[2022-12-15 14:35:32] [SEVERE ] setting player 2 freeze to 755
[2022-12-15 14:35:32] [SEVERE ] setting player 3 freeze to 741
[2022-12-15 14:35:32] [SEVERE ] setting player 1 freeze to 738
[2022-12-15 14:35:32] [SEVERE ] setting player 2 freeze to 740
[2022-12-15 14:35:32] [SEVERE ] setting player 3 freeze to 730
[2022-12-15 14:35:32] [SEVERE ] setting player 1 freeze to 722
[2022-12-15 14:35:32] [SEVERE ] setting player 2 freeze to 724
[2022-12-15 14:35:32] [SEVERE ] setting player 1 freeze to 706
[2022-12-15 14:35:32] [SEVERE ] setting player 3 freeze to 709
[2022-12-15 14:35:32] [SEVERE ] setting player 2 freeze to 708
[2022-12-15 14:35:32] [SEVERE ] setting player 1 freeze to 695
[2022-12-15 14:35:32] [SEVERE ] setting player 3 freeze to 693
[2022-12-15 14:35:32] [SEVERE ] setting player 2 freeze to 692
[2022-12-15 14:35:32] [SEVERE ] setting player 2 freeze to 676
[2022-12-15 14:35:32] [SEVERE ] setting player 1 freeze to 674
[2022-12-15 14:35:32] [SEVERE ] setting player 3 freeze to 677
[2022-12-15 14:35:32] [SEVERE ] setting player 2 freeze to 665
[2022-12-15 14:35:32] [SEVERE ] setting player 3 freeze to 661
[2022-12-15 14:35:32] [SEVERE ] setting player 1 freeze to 658
[2022-12-15 14:35:32] [SEVERE ] setting player 1 freeze to 642
[2022-12-15 14:35:32] [SEVERE ] setting player 2 freeze to 644
[2022-12-15 14:35:32] [SEVERE ] setting player 3 freeze to 645
[2022-12-15 14:35:32] [SEVERE ] setting player 1 freeze to 631
[2022-12-15 14:35:32] [SEVERE ] setting player 2 freeze to 628
[2022-12-15 14:35:32] [SEVERE ] setting player 3 freeze to 629
[2022-12-15 14:35:32] [SEVERE ] setting player 2 freeze to 614
[2022-12-15 14:35:32] [SEVERE ] setting player 3 freeze to 613
[2022-12-15 14:35:32] [SEVERE ] setting player 1 freeze to 610
[2022-12-15 14:35:32] [SEVERE ] setting player 1 freeze to 594
[2022-12-15 14:35:32] [SEVERE ] setting player 2 freeze to 596
[2022-12-15 14:35:32] [SEVERE ] setting player 3 freeze to 597
[2022-12-15 14:35:32] [SEVERE ] setting player 1 freeze to 583
[2022-12-15 14:35:32] [SEVERE ] setting player 2 freeze to 581
[2022-12-15 14:35:32] [SEVERE ] setting player 3 freeze to 582
[2022-12-15 14:35:32] [SEVERE ] setting player 2 freeze to 565
[2022-12-15 14:35:32] [SEVERE ] setting player 1 freeze to 563
[2022-12-15 14:35:32] [SEVERE ] setting player 3 freeze to 566
[2022-12-15 14:35:32] [SEVERE ] setting player 2 freeze to 554
[2022-12-15 14:35:32] [SEVERE ] setting player 3 freeze to 550
[2022-12-15 14:35:32] [SEVERE ] setting player 1 freeze to 547
[2022-12-15 14:35:32] [SEVERE ] setting player 3 freeze to 534
[2022-12-15 14:35:32] [SEVERE ] setting player 1 freeze to 531
[2022-12-15 14:35:32] [SEVERE ] setting player 2 freeze to 533
[2022-12-15 14:35:32] [SEVERE ] setting player 3 freeze to 523
[2022-12-15 14:35:32] [SEVERE ] setting player 2 freeze to 517
[2022-12-15 14:35:32] [SEVERE ] setting player 1 freeze to 515
[2022-12-15 14:35:32] [SEVERE ] setting player 1 freeze to 499
[2022-12-15 14:35:32] [SEVERE ] setting player 2 freeze to 501
[2022-12-15 14:35:32] [SEVERE ] setting player 3 freeze to 502
[2022-12-15 14:35:32] [SEVERE ] setting player 2 freeze to 485
[2022-12-15 14:35:32] [SEVERE ] setting player 1 freeze to 483
[2022-12-15 14:35:32] [SEVERE ] setting player 3 freeze to 486
[2022-12-15 14:35:32] [SEVERE ] setting player 2 freeze to 474
[2022-12-15 14:35:32] [SEVERE ] setting player 1 freeze to 472
[2022-12-15 14:35:32] [SEVERE ] setting player 3 freeze to 470
[2022-12-15 14:35:32] [SEVERE ] setting player 3 freeze to 454
[2022-12-15 14:35:32] [SEVERE ] setting player 2 freeze to 453
[2022-12-15 14:35:32] [SEVERE ] setting player 1 freeze to 451
[2022-12-15 14:35:32] [SEVERE ] setting player 3 freeze to 443
[2022-12-15 14:35:32] [SEVERE ] setting player 2 freeze to 437
[2022-12-15 14:35:32] [SEVERE ] setting player 1 freeze to 435
[2022-12-15 14:35:32] [SEVERE ] setting player 1 freeze to 419
[2022-12-15 14:35:32] [SEVERE ] setting player 3 freeze to 422
[2022-12-15 14:35:32] [SEVERE ] setting player 2 freeze to 421
[2022-12-15 14:35:32] [SEVERE ] setting player 1 freeze to 408
[2022-12-15 14:35:32] [SEVERE ] setting player 3 freeze to 406
[2022-12-15 14:35:32] [SEVERE ] setting player 2 freeze to 405
[2022-12-15 14:35:32] [SEVERE ] setting player 3 freeze to 390
[2022-12-15 14:35:32] [SEVERE ] setting player 1 freeze to 387
[2022-12-15 14:35:32] [SEVERE ] setting player 2 freeze to 389
[2022-12-15 14:35:32] [SEVERE ] setting player 3 freeze to 379
[2022-12-15 14:35:32] [SEVERE ] setting player 1 freeze to 371
[2022-12-15 14:35:32] [SEVERE ] setting player 2 freeze to 373
[2022-12-15 14:35:32] [SEVERE ] setting player 2 freeze to 357
[2022-12-15 14:35:32] [SEVERE ] setting player 1 freeze to 355
[2022-12-15 14:35:32] [SEVERE ] setting player 3 freeze to 358
[2022-12-15 14:35:32] [SEVERE ] setting player 2 freeze to 346
[2022-12-15 14:35:32] [SEVERE ] setting player 3 freeze to 342
[2022-12-15 14:35:32] [SEVERE ] setting player 1 freeze to 339
[2022-12-15 14:35:32] [SEVERE ] setting player 1 freeze to 323
[2022-12-15 14:35:32] [SEVERE ] setting player 2 freeze to 325
[2022-12-15 14:35:32] [SEVERE ] setting player 3 freeze to 326
[2022-12-15 14:35:32] [SEVERE ] setting player 1 freeze to 312
[2022-12-15 14:35:32] [SEVERE ] setting player 3 freeze to 311
[2022-12-15 14:35:32] [SEVERE ] setting player 2 freeze to 310
[2022-12-15 14:35:32] [SEVERE ] setting player 1 freeze to 292
[2022-12-15 14:35:32] [SEVERE ] setting player 3 freeze to 295
[2022-12-15 14:35:32] [SEVERE ] setting player 2 freeze to 294
[2022-12-15 14:35:32] [SEVERE ] setting player 1 freeze to 281
[2022-12-15 14:35:32] [SEVERE ] setting player 2 freeze to 278
[2022-12-15 14:35:32] [SEVERE ] setting player 3 freeze to 279
[2022-12-15 14:35:33] [SEVERE ] setting player 1 freeze to 260
[2022-12-15 14:35:33] [SEVERE ] setting player 3 freeze to 263
[2022-12-15 14:35:33] [SEVERE ] setting player 2 freeze to 262
[2022-12-15 14:35:33] [SEVERE ] setting player 1 freeze to 249
[2022-12-15 14:35:33] [SEVERE ] setting player 2 freeze to 246
[2022-12-15 14:35:33] [SEVERE ] setting player 3 freeze to 247
[2022-12-15 14:35:33] [SEVERE ] setting player 3 freeze to 231
[2022-12-15 14:35:33] [SEVERE ] setting player 2 freeze to 230
[2022-12-15 14:35:33] [SEVERE ] setting player 1 freeze to 228
[2022-12-15 14:35:33] [SEVERE ] setting player 3 freeze to 221
[2022-12-15 14:35:33] [SEVERE ] setting player 1 freeze to 213
[2022-12-15 14:35:33] [SEVERE ] setting player 2 freeze to 215
[2022-12-15 14:35:33] [SEVERE ] setting player 3 freeze to 200
[2022-12-15 14:35:33] [SEVERE ] setting player 1 freeze to 197
[2022-12-15 14:35:33] [SEVERE ] setting player 2 freeze to 199
[2022-12-15 14:35:33] [SEVERE ] setting player 3 freeze to 189
[2022-12-15 14:35:33] [SEVERE ] setting player 1 freeze to 181
[2022-12-15 14:35:33] [SEVERE ] setting player 2 freeze to 183
[2022-12-15 14:35:33] [SEVERE ] setting player 2 freeze to 167
[2022-12-15 14:35:33] [SEVERE ] setting player 1 freeze to 165
[2022-12-15 14:35:33] [SEVERE ] setting player 3 freeze to 168
[2022-12-15 14:35:33] [SEVERE ] setting player 2 freeze to 156
[2022-12-15 14:35:33] [SEVERE ] setting player 3 freeze to 152
[2022-12-15 14:35:33] [SEVERE ] setting player 1 freeze to 149
[2022-12-15 14:35:33] [SEVERE ] setting player 3 freeze to 136
[2022-12-15 14:35:33] [SEVERE ] setting player 2 freeze to 135
[2022-12-15 14:35:33] [SEVERE ] setting player 1 freeze to 133
[2022-12-15 14:35:33] [SEVERE ] setting player 3 freeze to 125
[2022-12-15 14:35:33] [SEVERE ] setting player 2 freeze to 119
[2022-12-15 14:35:33] [SEVERE ] setting player 1 freeze to 117
[2022-12-15 14:35:33] [SEVERE ] setting player 2 freeze to 103
[2022-12-15 14:35:33] [SEVERE ] setting player 1 freeze to 101
[2022-12-15 14:35:33] [SEVERE ] setting player 3 freeze to 104
[2022-12-15 14:35:33] [SEVERE ] setting player 2 freeze to 92
[2022-12-15 14:35:33] [SEVERE ] setting player 3 freeze to 88
[2022-12-15 14:35:33] [SEVERE ] setting player 1 freeze to 85
[2022-12-15 14:35:33] [SEVERE ] setting player 3 freeze to 72
[2022-12-15 14:35:33] [SEVERE ] setting player 1 freeze to 69
[2022-12-15 14:35:33] [SEVERE ] setting player 2 freeze to 71
[2022-12-15 14:35:33] [SEVERE ] setting player 3 freeze to 61
[2022-12-15 14:35:33] [SEVERE ] setting player 1 freeze to 54
[2022-12-15 14:35:33] [SEVERE ] setting player 2 freeze to 56
[2022-12-15 14:35:33] [SEVERE ] setting player 1 freeze to 38
[2022-12-15 14:35:33] [SEVERE ] setting player 3 freeze to 41
[2022-12-15 14:35:33] [SEVERE ] setting player 2 freeze to 40
[2022-12-15 14:35:33] [SEVERE ] setting player 1 freeze to 27
[2022-12-15 14:35:33] [SEVERE ] setting player 3 freeze to 25
[2022-12-15 14:35:33] [SEVERE ] setting player 2 freeze to 24
[2022-12-15 14:35:33] [SEVERE ] setting player 2 freeze to 8
[2022-12-15 14:35:33] [SEVERE ] setting player 1 freeze to 6
[2022-12-15 14:35:33] [SEVERE ] setting player 3 freeze to 9
[2022-12-15 14:35:33] [SEVERE ] setting player 2 freeze to 0
[2022-12-15 14:35:33] [SEVERE ] setting player 3 freeze to 0
[2022-12-15 14:35:33] [SEVERE ] setting player 1 freeze to 0
[2022-12-15 14:35:33] [SEVERE ] player 2 placing token on slot 8
[2022-12-15 14:35:33] [SEVERE ] player 1 placing token on slot 9
[2022-12-15 14:35:33] [SEVERE ] player 3 placing token on slot 4
[2022-12-15 14:35:33] [SEVERE ] player 2 placing token on slot 3
[2022-12-15 14:35:33] [SEVERE ] player 1 placing token on slot 0
[2022-12-15 14:35:33] [SEVERE ] player 3 placing token on slot 7
[2022-12-15 14:35:33] [SEVERE ] player 2 placing token on slot 9
[2022-12-15 14:35:33] [SEVERE ] player 1 placing token on slot 6
[2022-12-15 14:35:33] [SEVERE ] removing player 2 token from slot 8
[2022-12-15 14:35:33] [SEVERE ] removing player 2 token from slot 3
[2022-12-15 14:35:33] [SEVERE ] removing player 2 token from slot 9
[2022-12-15 14:35:33] [SEVERE ] setting player 2 freeze to 3000
[2022-12-15 14:35:33] [SEVERE ] removing player 1 token from slot 9
[2022-12-15 14:35:33] [SEVERE ] removing player 1 token from slot 0
[2022-12-15 14:35:33] [SEVERE ] removing player 1 token from slot 6
[2022-12-15 14:35:33] [SEVERE ] setting player 1 freeze to 3000
[2022-12-15 14:35:33] [SEVERE ] setting player 2 freeze to 2984
[2022-12-15 14:35:33] [SEVERE ] setting player 1 freeze to 2984
[2022-12-15 14:35:33] [SEVERE ] setting player 2 freeze to 2968
[2022-12-15 14:35:33] [SEVERE ] setting player 1 freeze to 2968
[2022-12-15 14:35:33] [SEVERE ] setting player 1 freeze to 2952
[2022-12-15 14:35:33] [SEVERE ] setting player 2 freeze to 2952
[2022-12-15 14:35:33] [SEVERE ] setting player 1 freeze to 2936
[2022-12-15 14:35:33] [SEVERE ] setting player 2 freeze to 2936
[2022-12-15 14:35:33] [SEVERE ] setting player 2 freeze to 2920
[2022-12-15 14:35:33] [SEVERE ] setting player 1 freeze to 2920
[2022-12-15 14:35:33] [SEVERE ] player 3 placing token on slot 3
[2022-12-15 14:35:33] [SEVERE ] removing player 3 token from slot 4
[2022-12-15 14:35:33] [SEVERE ] removing player 3 token from slot 7
[2022-12-15 14:35:33] [SEVERE ] removing player 3 token from slot 3
[2022-12-15 14:35:33] [SEVERE ] setting player 3 freeze to 3000
[2022-12-15 14:35:33] [SEVERE ] setting player 1 freeze to 2909
[2022-12-15 14:35:33] [SEVERE ] setting player 2 freeze to 2904
[2022-12-15 14:35:33] [SEVERE ] setting player 3 freeze to 2984
[2022-12-15 14:35:33] [SEVERE ] setting player 1 freeze to 2889
[2022-12-15 14:35:33] [SEVERE ] setting player 2 freeze to 2889
[2022-12-15 14:35:33] [SEVERE ] setting player 3 freeze to 2969
[2022-12-15 14:35:33] [SEVERE ] setting player 1 freeze to 2878
[2022-12-15 14:35:33] [SEVERE ] setting player 2 freeze to 2873
[2022-12-15 14:35:33] [SEVERE ] setting player 3 freeze to 2953
[2022-12-15 14:35:33] [SEVERE ] setting player 2 freeze to 2857
[2022-12-15 14:35:33] [SEVERE ] setting player 3 freeze to 2937
[2022-12-15 14:35:33] [SEVERE ] setting player 1 freeze to 2857
[2022-12-15 14:35:33] [SEVERE ] setting player 2 freeze to 2846
[2022-12-15 14:35:33] [SEVERE ] setting player 3 freeze to 2921
[2022-12-15 14:35:33] [SEVERE ] setting player 1 freeze to 2841
[2022-12-15 14:35:33] [SEVERE ] setting player 1 freeze to 2825
[2022-12-15 14:35:33] [SEVERE ] setting player 2 freeze to 2825
[2022-12-15 14:35:33] [SEVERE ] setting player 3 freeze to 2905
[2022-12-15 14:35:33] [SEVERE ] setting player 1 freeze to 2814
[2022-12-15 14:35:33] [SEVERE ] setting player 2 freeze to 2809
[2022-12-15 14:35:33] [SEVERE ] setting player 3 freeze to 2889
[2022-12-15 14:35:33] [SEVERE ] setting player 2 freeze to 2793
[2022-12-15 14:35:33] [SEVERE ] setting player 3 freeze to 2873
[2022-12-15 14:35:33] [SEVERE ] setting player 1 freeze to 2793
[2022-12-15 14:35:33] [SEVERE ] setting player 2 freeze to 2781
[2022-12-15 14:35:33] [SEVERE ] setting player 1 freeze to 2777
[2022-12-15 14:35:33] [SEVERE ] setting player 3 freeze to 2857
[2022-12-15 14:35:33] [SEVERE ] setting player 3 freeze to 2841
[2022-12-15 14:35:33] [SEVERE ] setting player 2 freeze to 2761
[2022-12-15 14:35:33] [SEVERE ] setting player 1 freeze to 2761
[2022-12-15 14:35:33] [SEVERE ] setting player 3 freeze to 2829
[2022-12-15 14:35:33] [SEVERE ] setting player 1 freeze to 2745
[2022-12-15 14:35:33] [SEVERE ] setting player 2 freeze to 2745
[2022-12-15 14:35:33] [SEVERE ] setting player 3 freeze to 2810
[2022-12-15 14:35:33] [SEVERE ] setting player 2 freeze to 2730
[2022-12-15 14:35:33] [SEVERE ] setting player 1 freeze to 2730
[2022-12-15 14:35:33] [SEVERE ] setting player 3 freeze to 2800
[2022-12-15 14:35:33] [SEVERE ] setting player 1 freeze to 2716
[2022-12-15 14:35:33] [SEVERE ] setting player 2 freeze to 2716
[2022-12-15 14:35:33] [SEVERE ] setting player 2 freeze to 2700
[2022-12-15 14:35:33] [SEVERE ] setting player 3 freeze to 2780
[2022-12-15 14:35:33] [SEVERE ] setting player 1 freeze to 2700
[2022-12-15 14:35:33] [SEVERE ] setting player 2 freeze to 2689
[2022-12-15 14:35:33] [SEVERE ] setting player 1 freeze to 2684
[2022-12-15 14:35:33] [SEVERE ] setting player 3 freeze to 2764
[2022-12-15 14:35:33] [SEVERE ] setting player 3 freeze to 2748
[2022-12-15 14:35:33] [SEVERE ] setting player 2 freeze to 2668
[2022-12-15 14:35:33] [SEVERE ] setting player 1 freeze to 2668
[2022-12-15 14:35:33] [SEVERE ] setting player 3 freeze to 2737
[2022-12-15 14:35:33] [SEVERE ] setting player 1 freeze to 2652
[2022-12-15 14:35:33] [SEVERE ] setting player 2 freeze to 2652
[2022-12-15 14:35:33] [SEVERE ] setting player 2 freeze to 2637
[2022-12-15 14:35:33] [SEVERE ] setting player 3 freeze to 2717
[2022-12-15 14:35:33] [SEVERE ] setting player 1 freeze to 2637
[2022-12-15 14:35:33] [SEVERE ] setting player 2 freeze to 2626
[2022-12-15 14:35:33] [SEVERE ] setting player 3 freeze to 2701
[2022-12-15 14:35:33] [SEVERE ] setting player 1 freeze to 2621
[2022-12-15 14:35:33] [SEVERE ] setting player 3 freeze to 2685
[2022-12-15 14:35:33] [SEVERE ] setting player 2 freeze to 2605
[2022-12-15 14:35:33] [SEVERE ] setting player 1 freeze to 2605
[2022-12-15 14:35:33] [SEVERE ] setting player 3 freeze to 2674
[2022-12-15 14:35:33] [SEVERE ] setting player 1 freeze to 2589
[2022-12-15 14:35:33] [SEVERE ] setting player 2 freeze to 2589
[2022-12-15 14:35:33] [SEVERE ] setting player 1 freeze to 2573
[2022-12-15 14:35:33] [SEVERE ] setting player 2 freeze to 2573
[2022-12-15 14:35:33] [SEVERE ] setting player 3 freeze to 2653
[2022-12-15 14:35:33] [SEVERE ] setting player 1 freeze to 2562
[2022-12-15 14:35:33] [SEVERE ] setting player 2 freeze to 2557
[2022-12-15 14:35:33] [SEVERE ] setting player 3 freeze to 2637
[2022-12-15 14:35:33] [SEVERE ] setting player 3 freeze to 2621
[2022-12-15 14:35:33] [SEVERE ] setting player 1 freeze to 2541
[2022-12-15 14:35:33] [SEVERE ] setting player 2 freeze to 2541
[2022-12-15 14:35:33] [SEVERE ] setting player 3 freeze to 2610
[2022-12-15 14:35:33] [SEVERE ] setting player 2 freeze to 2525
[2022-12-15 14:35:33] [SEVERE ] setting player 1 freeze to 2525
[2022-12-15 14:35:34] [SEVERE ] setting player 2 freeze to 2510
[2022-12-15 14:35:34] [SEVERE ] setting player 3 freeze to 2590
[2022-12-15 14:35:34] [SEVERE ] setting player 1 freeze to 2510
[2022-12-15 14:35:34] [SEVERE ] setting player 2 freeze to 2499
[2022-12-15 14:35:34] [SEVERE ] setting player 3 freeze to 2574
[2022-12-15 14:35:34] [SEVERE ] setting player 1 freeze to 2494
[2022-12-15 14:35:34] [SEVERE ] setting player 1 freeze to 2478
[2022-12-15 14:35:34] [SEVERE ] setting player 2 freeze to 2478
[2022-12-15 14:35:34] [SEVERE ] setting player 3 freeze to 2558
[2022-12-15 14:35:34] [SEVERE ] setting player 1 freeze to 2467
[2022-12-15 14:35:34] [SEVERE ] setting player 3 freeze to 2542
[2022-12-15 14:35:34] [SEVERE ] setting player 2 freeze to 2462
[2022-12-15 14:35:34] [SEVERE ] setting player 2 freeze to 2446
[2022-12-15 14:35:34] [SEVERE ] setting player 1 freeze to 2446
[2022-12-15 14:35:34] [SEVERE ] setting player 3 freeze to 2526
[2022-12-15 14:35:34] [SEVERE ] setting player 2 freeze to 2435
[2022-12-15 14:35:34] [SEVERE ] setting player 1 freeze to 2430
[2022-12-15 14:35:34] [SEVERE ] setting player 3 freeze to 2510
[2022-12-15 14:35:34] [SEVERE ] setting player 2 freeze to 2414
[2022-12-15 14:35:34] [SEVERE ] setting player 3 freeze to 2494
[2022-12-15 14:35:34] [SEVERE ] setting player 1 freeze to 2414
[2022-12-15 14:35:34] [SEVERE ] setting player 2 freeze to 2403
[2022-12-15 14:35:34] [SEVERE ] setting player 3 freeze to 2478
[2022-12-15 14:35:34] [SEVERE ] setting player 1 freeze to 2398
[2022-12-15 14:35:34] [SEVERE ] setting player 3 freeze to 2463
[2022-12-15 14:35:34] [SEVERE ] setting player 2 freeze to 2383
[2022-12-15 14:35:34] [SEVERE ] setting player 1 freeze to 2383
[2022-12-15 14:35:34] [SEVERE ] setting player 3 freeze to 2452
[2022-12-15 14:35:34] [SEVERE ] setting player 1 freeze to 2367
[2022-12-15 14:35:34] [SEVERE ] setting player 2 freeze to 2367
[2022-12-15 14:35:34] [SEVERE ] setting player 3 freeze to 2431
[2022-12-15 14:35:34] [SEVERE ] setting player 2 freeze to 2351
[2022-12-15 14:35:34] [SEVERE ] setting player 1 freeze to 2351
[2022-12-15 14:35:34] [SEVERE ] setting player 3 freeze to 2420
[2022-12-15 14:35:34] [SEVERE ] setting player 2 freeze to 2336
[2022-12-15 14:35:34] [SEVERE ] setting player 1 freeze to 2336
[2022-12-15 14:35:34] [SEVERE ] setting player 2 freeze to 2320
[2022-12-15 14:35:34] [SEVERE ] setting player 1 freeze to 2320
[2022-12-15 14:35:34] [SEVERE ] setting player 3 freeze to 2400
[2022-12-15 14:35:34] [SEVERE ] setting player 2 freeze to 2309
[2022-12-15 14:35:34] [SEVERE ] setting player 1 freeze to 2304
[2022-12-15 14:35:34] [SEVERE ] setting player 3 freeze to 2384
[2022-12-15 14:35:34] [SEVERE ] setting player 1 freeze to 2289
[2022-12-15 14:35:34] [SEVERE ] setting player 2 freeze to 2289
[2022-12-15 14:35:34] [SEVERE ] setting player 3 freeze to 2369
[2022-12-15 14:35:34] [SEVERE ] setting player 1 freeze to 2278
[2022-12-15 14:35:34] [SEVERE ] setting player 3 freeze to 2353
[2022-12-15 14:35:34] [SEVERE ] setting player 2 freeze to 2273
[2022-12-15 14:35:34] [SEVERE ] setting player 2 freeze to 2257
[2022-12-15 14:35:34] [SEVERE ] setting player 1 freeze to 2257
[2022-12-15 14:35:34] [SEVERE ] setting player 3 freeze to 2337
[2022-12-15 14:35:34] [SEVERE ] setting player 2 freeze to 2246
[2022-12-15 14:35:34] [SEVERE ] setting player 3 freeze to 2321
[2022-12-15 14:35:34] [SEVERE ] setting player 1 freeze to 2241
[2022-12-15 14:35:34] [SEVERE ] setting player 3 freeze to 2305
[2022-12-15 14:35:34] [SEVERE ] setting player 2 freeze to 2225
[2022-12-15 14:35:34] [SEVERE ] setting player 1 freeze to 2225
[2022-12-15 14:35:34] [SEVERE ] setting player 3 freeze to 2294
[2022-12-15 14:35:34] [SEVERE ] setting player 1 freeze to 2209
[2022-12-15 14:35:34] [SEVERE ] setting player 2 freeze to 2209
[2022-12-15 14:35:34] [SEVERE ] setting player 2 freeze to 2193
[2022-12-15 14:35:34] [SEVERE ] setting player 3 freeze to 2273
[2022-12-15 14:35:34] [SEVERE ] setting player 1 freeze to 2193
[2022-12-15 14:35:34] [SEVERE ] setting player 2 freeze to 2181
[2022-12-15 14:35:34] [SEVERE ] setting player 3 freeze to 2257
[2022-12-15 14:35:34] [SEVERE ] setting player 1 freeze to 2177
[2022-12-15 14:35:34] [SEVERE ] setting player 2 freeze to 2161
[2022-12-15 14:35:34] [SEVERE ] setting player 3 freeze to 2241
[2022-12-15 14:35:34] [SEVERE ] setting player 1 freeze to 2161
[2022-12-15 14:35:34] [SEVERE ] setting player 2 freeze to 2150
[2022-12-15 14:35:34] [SEVERE ] setting player 1 freeze to 2145
[2022-12-15 14:35:34] [SEVERE ] setting player 3 freeze to 2225
[2022-12-15 14:35:34] [SEVERE ] setting player 1 freeze to 2129
[2022-12-15 14:35:34] [SEVERE ] setting player 2 freeze to 2129
[2022-12-15 14:35:34] [SEVERE ] setting player 3 freeze to 2209
[2022-12-15 14:35:34] [SEVERE ] setting player 1 freeze to 2118
[2022-12-15 14:35:34] [SEVERE ] setting player 2 freeze to 2113
[2022-12-15 14:35:34] [SEVERE ] setting player 3 freeze to 2193
[2022-12-15 14:35:34] [SEVERE ] setting player 3 freeze to 2177
[2022-12-15 14:35:34] [SEVERE ] setting player 1 freeze to 2097
[2022-12-15 14:35:34] [SEVERE ] setting player 2 freeze to 2097
[2022-12-15 14:35:34] [SEVERE ] setting player 3 freeze to 2166
[2022-12-15 14:35:34] [SEVERE ] setting player 1 freeze to 2081
[2022-12-15 14:35:34] [SEVERE ] setting player 2 freeze to 2081
[2022-12-15 14:35:34] [SEVERE ] setting player 2 freeze to 2065
[2022-12-15 14:35:34] [SEVERE ] setting player 3 freeze to 2145
[2022-12-15 14:35:34] [SEVERE ] setting player 1 freeze to 2065
[2022-12-15 14:35:34] [SEVERE ] setting player 2 freeze to 2053
[2022-12-15 14:35:34] [SEVERE ] setting player 1 freeze to 2049
[2022-12-15 14:35:34] [SEVERE ] setting player 3 freeze to 2129
[2022-12-15 14:35:34] [SEVERE ] setting player 1 freeze to 2033
[2022-12-15 14:35:34] [SEVERE ] setting player 2 freeze to 2033
[2022-12-15 14:35:34] [SEVERE ] setting player 3 freeze to 2113
[2022-12-15 14:35:34] [SEVERE ] setting player 1 freeze to 2021
[2022-12-15 14:35:34] [SEVERE ] setting player 3 freeze to 2097
[2022-12-15 14:35:34] [SEVERE ] setting player 2 freeze to 2017
[2022-12-15 14:35:34] [SEVERE ] setting player 3 freeze to 2081
[2022-12-15 14:35:34] [SEVERE ] setting player 2 freeze to 2001
[2022-12-15 14:35:34] [SEVERE ] setting player 1 freeze to 2001
[2022-12-15 14:35:34] [SEVERE ] setting player 3 freeze to 2070
[2022-12-15 14:35:34] [SEVERE ] setting player 1 freeze to 1985
[2022-12-15 14:35:34] [SEVERE ] setting player 2 freeze to 1985
[2022-12-15 14:35:34] [SEVERE ] setting player 1 freeze to 1969
[2022-12-15 14:35:34] [SEVERE ] setting player 3 freeze to 2049
[2022-12-15 14:35:34] [SEVERE ] setting player 2 freeze to 1969
[2022-12-15 14:35:34] [SEVERE ] setting player 1 freeze to 1959
[2022-12-15 14:35:34] [SEVERE ] setting player 2 freeze to 1954
[2022-12-15 14:35:34] [SEVERE ] setting player 3 freeze to 2034
[2022-12-15 14:35:34] [SEVERE ] setting player 3 freeze to 2018
[2022-12-15 14:35:34] [SEVERE ] setting player 1 freeze to 1938
[2022-12-15 14:35:34] [SEVERE ] setting player 2 freeze to 1938
[2022-12-15 14:35:34] [SEVERE ] setting player 3 freeze to 2006
[2022-12-15 14:35:34] [SEVERE ] setting player 2 freeze to 1922
[2022-12-15 14:35:34] [SEVERE ] setting player 1 freeze to 1922
[2022-12-15 14:35:34] [SEVERE ] setting player 1 freeze to 1906
[2022-12-15 14:35:34] [SEVERE ] setting player 2 freeze to 1906
[2022-12-15 14:35:34] [SEVERE ] setting player 3 freeze to 1986
[2022-12-15 14:35:34] [SEVERE ] setting player 1 freeze to 1895
[2022-12-15 14:35:34] [SEVERE ] setting player 3 freeze to 1970
[2022-12-15 14:35:34] [SEVERE ] setting player 2 freeze to 1890
[2022-12-15 14:35:34] [SEVERE ] setting player 3 freeze to 1954
[2022-12-15 14:35:34] [SEVERE ] setting player 1 freeze to 1874
[2022-12-15 14:35:34] [SEVERE ] setting player 2 freeze to 1874
[2022-12-15 14:35:34] [SEVERE ] setting player 3 freeze to 1943
[2022-12-15 14:35:34] [SEVERE ] setting player 1 freeze to 1858
[2022-12-15 14:35:34] [SEVERE ] setting player 2 freeze to 1858
[2022-12-15 14:35:34] [SEVERE ] setting player 2 freeze to 1842
[2022-12-15 14:35:34] [SEVERE ] setting player 3 freeze to 1922
[2022-12-15 14:35:34] [SEVERE ] setting player 1 freeze to 1842
[2022-12-15 14:35:34] [SEVERE ] setting player 2 freeze to 1831
[2022-12-15 14:35:34] [SEVERE ] setting player 3 freeze to 1906
[2022-12-15 14:35:34] [SEVERE ] setting player 1 freeze to 1826
[2022-12-15 14:35:34] [SEVERE ] setting player 1 freeze to 1810
[2022-12-15 14:35:34] [SEVERE ] setting player 2 freeze to 1810
[2022-12-15 14:35:34] [SEVERE ] setting player 3 freeze to 1890
[2022-12-15 14:35:34] [SEVERE ] setting player 1 freeze to 1799
[2022-12-15 14:35:34] [SEVERE ] setting player 2 freeze to 1794
[2022-12-15 14:35:34] [SEVERE ] setting player 3 freeze to 1874
[2022-12-15 14:35:34] [SEVERE ] setting player 2 freeze to 1778
[2022-12-15 14:35:34] [SEVERE ] setting player 1 freeze to 1778
[2022-12-15 14:35:34] [SEVERE ] setting player 3 freeze to 1858
[2022-12-15 14:35:34] [SEVERE ] setting player 2 freeze to 1767
[2022-12-15 14:35:34] [SEVERE ] setting player 3 freeze to 1842
[2022-12-15 14:35:34] [SEVERE ] setting player 1 freeze to 1762
[2022-12-15 14:35:34] [SEVERE ] setting player 3 freeze to 1830
[2022-12-15 14:35:34] [SEVERE ] setting player 2 freeze to 1746
[2022-12-15 14:35:34] [SEVERE ] setting player 1 freeze to 1746
[2022-12-15 14:35:34] [SEVERE ] setting player 1 freeze to 1730
[2022-12-15 14:35:34] [SEVERE ] setting player 3 freeze to 1810
[2022-12-15 14:35:34] [SEVERE ] setting player 2 freeze to 1730
[2022-12-15 14:35:34] [SEVERE ] setting player 1 freeze to 1719
[2022-12-15 14:35:34] [SEVERE ] setting player 2 freeze to 1714
[2022-12-15 14:35:34] [SEVERE ] setting player 3 freeze to 1794
[2022-12-15 14:35:34] [SEVERE ] setting player 1 freeze to 1698
[2022-12-15 14:35:34] [SEVERE ] setting player 3 freeze to 1778
[2022-12-15 14:35:34] [SEVERE ] setting player 2 freeze to 1698
[2022-12-15 14:35:34] [SEVERE ] setting player 1 freeze to 1686
[2022-12-15 14:35:34] [SEVERE ] setting player 3 freeze to 1762
[2022-12-15 14:35:34] [SEVERE ] setting player 2 freeze to 1682
[2022-12-15 14:35:34] [SEVERE ] setting player 2 freeze to 1666
[2022-12-15 14:35:34] [SEVERE ] setting player 1 freeze to 1666
[2022-12-15 14:35:34] [SEVERE ] setting player 3 freeze to 1746
[2022-12-15 14:35:34] [SEVERE ] setting player 2 freeze to 1655
[2022-12-15 14:35:34] [SEVERE ] setting player 3 freeze to 1730
[2022-12-15 14:35:34] [SEVERE ] setting player 1 freeze to 1650
[2022-12-15 14:35:34] [SEVERE ] setting player 3 freeze to 1714
[2022-12-15 14:35:34] [SEVERE ] setting player 2 freeze to 1634
[2022-12-15 14:35:34] [SEVERE ] setting player 1 freeze to 1634
[2022-12-15 14:35:34] [SEVERE ] setting player 3 freeze to 1703
[2022-12-15 14:35:34] [SEVERE ] setting player 1 freeze to 1618
[2022-12-15 14:35:34] [SEVERE ] setting player 2 freeze to 1618
[2022-12-15 14:35:34] [SEVERE ] setting player 1 freeze to 1603
[2022-12-15 14:35:34] [SEVERE ] setting player 3 freeze to 1683
[2022-12-15 14:35:34] [SEVERE ] setting player 2 freeze to 1603
[2022-12-15 14:35:34] [SEVERE ] setting player 1 freeze to 1592
[2022-12-15 14:35:34] [SEVERE ] setting player 2 freeze to 1588
[2022-12-15 14:35:34] [SEVERE ] setting player 3 freeze to 1668
[2022-12-15 14:35:34] [SEVERE ] setting player 3 freeze to 1653
[2022-12-15 14:35:34] [SEVERE ] setting player 1 freeze to 1573
[2022-12-15 14:35:34] [SEVERE ] setting player 2 freeze to 1573
[2022-12-15 14:35:34] [SEVERE ] setting player 3 freeze to 1642
[2022-12-15 14:35:34] [SEVERE ] setting player 2 freeze to 1557
[2022-12-15 14:35:34] [SEVERE ] setting player 1 freeze to 1557
[2022-12-15 14:35:34] [SEVERE ] setting player 2 freeze to 1541
[2022-12-15 14:35:34] [SEVERE ] setting player 3 freeze to 1621
[2022-12-15 14:35:34] [SEVERE ] setting player 1 freeze to 1541
[2022-12-15 14:35:34] [SEVERE ] setting player 2 freeze to 1530
[2022-12-15 14:35:34] [SEVERE ] setting player 3 freeze to 1605
[2022-12-15 14:35:34] [SEVERE ] setting player 1 freeze to 1525
[2022-12-15 14:35:35] [SEVERE ] setting player 3 freeze to 1589
[2022-12-15 14:35:35] [SEVERE ] setting player 2 freeze to 1509
[2022-12-15 14:35:35] [SEVERE ] setting player 1 freeze to 1509
[2022-12-15 14:35:35] [SEVERE ] setting player 3 freeze to 1578
[2022-12-15 14:35:35] [SEVERE ] setting player 2 freeze to 1493
[2022-12-15 14:35:35] [SEVERE ] setting player 1 freeze to 1493
[2022-12-15 14:35:35] [SEVERE ] setting player 2 freeze to 1477
[2022-12-15 14:35:35] [SEVERE ] setting player 3 freeze to 1557
[2022-12-15 14:35:35] [SEVERE ] setting player 1 freeze to 1477
[2022-12-15 14:35:35] [SEVERE ] setting player 2 freeze to 1466
[2022-12-15 14:35:35] [SEVERE ] setting player 1 freeze to 1462
[2022-12-15 14:35:35] [SEVERE ] setting player 3 freeze to 1542
[2022-12-15 14:35:35] [SEVERE ] setting player 3 freeze to 1527
[2022-12-15 14:35:35] [SEVERE ] setting player 2 freeze to 1447
[2022-12-15 14:35:35] [SEVERE ] setting player 1 freeze to 1447
[2022-12-15 14:35:35] [SEVERE ] setting player 3 freeze to 1515
[2022-12-15 14:35:35] [SEVERE ] setting player 1 freeze to 1432
[2022-12-15 14:35:35] [SEVERE ] setting player 2 freeze to 1432
[2022-12-15 14:35:35] [SEVERE ] setting player 1 freeze to 1416
[2022-12-15 14:35:35] [SEVERE ] setting player 3 freeze to 1496
[2022-12-15 14:35:35] [SEVERE ] setting player 2 freeze to 1416
[2022-12-15 14:35:35] [SEVERE ] setting player 1 freeze to 1404
[2022-12-15 14:35:35] [SEVERE ] setting player 3 freeze to 1480
[2022-12-15 14:35:35] [SEVERE ] setting player 2 freeze to 1400
[2022-12-15 14:35:35] [SEVERE ] setting player 3 freeze to 1464
[2022-12-15 14:35:35] [SEVERE ] setting player 1 freeze to 1384
[2022-12-15 14:35:35] [SEVERE ] setting player 2 freeze to 1384
[2022-12-15 14:35:35] [SEVERE ] setting player 3 freeze to 1453
[2022-12-15 14:35:35] [SEVERE ] setting player 2 freeze to 1368
[2022-12-15 14:35:35] [SEVERE ] setting player 1 freeze to 1368
[2022-12-15 14:35:35] [SEVERE ] Exit button pressed
[2022-12-15 14:35:35] [SEVERE ] setting player 2 freeze to 1352
[2022-12-15 14:35:35] [SEVERE ] setting player 1 freeze to 1352
[2022-12-15 14:35:35] [SEVERE ] announcing winners: [0, 1, 2, 3]
[2022-12-15 14:35:35] [INFO   ] Thread dealer terminated.
[2022-12-15 14:35:35] [INFO   ] Thread main terminated.
