[2022-12-15 13:51:37] [INFO   ] cannot read configuration file config.properties trying from resources.
[2022-12-15 13:51:37] [INFO   ] configuration file was loaded from resources directory.
[2022-12-15 13:51:38] [INFO   ] Thread dealer starting.
[2022-12-15 13:51:38] [INFO   ] Thread Player 0starting.
[2022-12-15 13:51:38] [INFO   ] Thread Player 3starting.
[2022-12-15 13:51:38] [INFO   ] Thread Player 2starting.
[2022-12-15 13:51:38] [INFO   ] Thread Player 1starting.
[2022-12-15 13:51:38] [INFO   ] Thread computer-3 starting.
[2022-12-15 13:51:38] [INFO   ] Thread computer-1 starting.
[2022-12-15 13:51:38] [INFO   ] Thread computer-2 starting.
[2022-12-15 13:51:38] [SEVERE ] placing card 74 in slot 0
[2022-12-15 13:51:38] [SEVERE ] placing card 40 in slot 1
[2022-12-15 13:51:38] [SEVERE ] placing card 39 in slot 2
[2022-12-15 13:51:38] [SEVERE ] placing card 42 in slot 3
[2022-12-15 13:51:39] [SEVERE ] placing card 54 in slot 4
[2022-12-15 13:51:39] [SEVERE ] placing card 27 in slot 5
[2022-12-15 13:51:39] [SEVERE ] placing card 8 in slot 6
[2022-12-15 13:51:39] [SEVERE ] placing card 72 in slot 7
[2022-12-15 13:51:39] [SEVERE ] placing card 26 in slot 8
[2022-12-15 13:51:39] [SEVERE ] placing card 21 in slot 9
[2022-12-15 13:51:39] [SEVERE ] placing card 43 in slot 10
[2022-12-15 13:51:39] [SEVERE ] placing card 32 in slot 11
[2022-12-15 13:51:39] [SEVERE ] player 3 placing token on slot 5
[2022-12-15 13:51:39] [SEVERE ] player 2 placing token on slot 11
[2022-12-15 13:51:39] [SEVERE ] player 1 placing token on slot 1
[2022-12-15 13:51:40] [SEVERE ] player 3 placing token on slot 0
[2022-12-15 13:51:40] [SEVERE ] player 1 placing token on slot 4
[2022-12-15 13:51:40] [SEVERE ] player 2 placing token on slot 2
[2022-12-15 13:51:41] [SEVERE ] player 1 placing token on slot 3
[2022-12-15 13:51:41] [SEVERE ] removing player 1 token from slot 1
[2022-12-15 13:51:41] [SEVERE ] removing player 1 token from slot 4
[2022-12-15 13:51:41] [SEVERE ] removing player 1 token from slot 3
[2022-12-15 13:51:41] [SEVERE ] setting player 1 freeze to 3000
[2022-12-15 13:51:41] [SEVERE ] player 3 placing token on slot 1
[2022-12-15 13:51:41] [SEVERE ] removing player 3 token from slot 5
[2022-12-15 13:51:41] [SEVERE ] removing player 3 token from slot 0
[2022-12-15 13:51:41] [SEVERE ] removing player 3 token from slot 1
[2022-12-15 13:51:41] [SEVERE ] setting player 3 freeze to 3000
[2022-12-15 13:51:41] [SEVERE ] player 2 placing token on slot 7
[2022-12-15 13:51:41] [SEVERE ] removing player 2 token from slot 11
[2022-12-15 13:51:41] [SEVERE ] removing player 2 token from slot 2
[2022-12-15 13:51:41] [SEVERE ] removing player 2 token from slot 7
[2022-12-15 13:51:41] [SEVERE ] setting player 2 freeze to 3000
[2022-12-15 13:51:41] [SEVERE ] setting player 2 freeze to 2988
[2022-12-15 13:51:41] [SEVERE ] setting player 1 freeze to 2985
[2022-12-15 13:51:41] [SEVERE ] setting player 3 freeze to 2986
[2022-12-15 13:51:41] [SEVERE ] setting player 3 freeze to 2971
[2022-12-15 13:51:41] [SEVERE ] setting player 1 freeze to 2970
[2022-12-15 13:51:41] [SEVERE ] setting player 2 freeze to 2973
[2022-12-15 13:51:41] [SEVERE ] setting player 3 freeze to 2959
[2022-12-15 13:51:41] [SEVERE ] setting player 2 freeze to 2957
[2022-12-15 13:51:41] [SEVERE ] setting player 1 freeze to 2954
[2022-12-15 13:51:41] [SEVERE ] setting player 1 freeze to 2938
[2022-12-15 13:51:41] [SEVERE ] setting player 3 freeze to 2939
[2022-12-15 13:51:41] [SEVERE ] setting player 2 freeze to 2941
[2022-12-15 13:51:41] [SEVERE ] setting player 1 freeze to 2927
[2022-12-15 13:51:41] [SEVERE ] setting player 2 freeze to 2925
[2022-12-15 13:51:41] [SEVERE ] setting player 3 freeze to 2923
[2022-12-15 13:51:41] [SEVERE ] setting player 1 freeze to 2906
[2022-12-15 13:51:41] [SEVERE ] setting player 3 freeze to 2907
[2022-12-15 13:51:41] [SEVERE ] setting player 2 freeze to 2909
[2022-12-15 13:51:41] [SEVERE ] setting player 1 freeze to 2895
[2022-12-15 13:51:41] [SEVERE ] setting player 3 freeze to 2891
[2022-12-15 13:51:41] [SEVERE ] setting player 2 freeze to 2893
[2022-12-15 13:51:41] [SEVERE ] setting player 1 freeze to 2874
[2022-12-15 13:51:41] [SEVERE ] setting player 2 freeze to 2877
[2022-12-15 13:51:41] [SEVERE ] setting player 3 freeze to 2875
[2022-12-15 13:51:41] [SEVERE ] setting player 1 freeze to 2863
[2022-12-15 13:51:41] [SEVERE ] setting player 3 freeze to 2859
[2022-12-15 13:51:41] [SEVERE ] setting player 2 freeze to 2861
[2022-12-15 13:51:41] [SEVERE ] setting player 3 freeze to 2848
[2022-12-15 13:51:41] [SEVERE ] setting player 2 freeze to 2845
[2022-12-15 13:51:41] [SEVERE ] setting player 1 freeze to 2842
[2022-12-15 13:51:41] [SEVERE ] setting player 1 freeze to 2826
[2022-12-15 13:51:41] [SEVERE ] setting player 3 freeze to 2827
[2022-12-15 13:51:41] [SEVERE ] setting player 2 freeze to 2829
[2022-12-15 13:51:42] [SEVERE ] setting player 1 freeze to 2815
[2022-12-15 13:51:42] [SEVERE ] setting player 3 freeze to 2811
[2022-12-15 13:51:42] [SEVERE ] setting player 2 freeze to 2813
[2022-12-15 13:51:42] [SEVERE ] setting player 3 freeze to 2795
[2022-12-15 13:51:42] [SEVERE ] setting player 2 freeze to 2797
[2022-12-15 13:51:42] [SEVERE ] setting player 1 freeze to 2794
[2022-12-15 13:51:42] [SEVERE ] setting player 3 freeze to 2784
[2022-12-15 13:51:42] [SEVERE ] setting player 1 freeze to 2778
[2022-12-15 13:51:42] [SEVERE ] setting player 2 freeze to 2781
[2022-12-15 13:51:42] [SEVERE ] setting player 3 freeze to 2763
[2022-12-15 13:51:42] [SEVERE ] setting player 1 freeze to 2762
[2022-12-15 13:51:42] [SEVERE ] setting player 2 freeze to 2765
[2022-12-15 13:51:42] [SEVERE ] setting player 3 freeze to 2752
[2022-12-15 13:51:42] [SEVERE ] setting player 1 freeze to 2746
[2022-12-15 13:51:42] [SEVERE ] setting player 2 freeze to 2749
[2022-12-15 13:51:42] [SEVERE ] setting player 1 freeze to 2730
[2022-12-15 13:51:42] [SEVERE ] setting player 3 freeze to 2731
[2022-12-15 13:51:42] [SEVERE ] setting player 2 freeze to 2733
[2022-12-15 13:51:42] [SEVERE ] setting player 1 freeze to 2719
[2022-12-15 13:51:42] [SEVERE ] setting player 3 freeze to 2715
[2022-12-15 13:51:42] [SEVERE ] setting player 2 freeze to 2717
[2022-12-15 13:51:42] [SEVERE ] setting player 1 freeze to 2698
[2022-12-15 13:51:42] [SEVERE ] setting player 3 freeze to 2699
[2022-12-15 13:51:42] [SEVERE ] setting player 2 freeze to 2701
[2022-12-15 13:51:42] [SEVERE ] setting player 1 freeze to 2686
[2022-12-15 13:51:42] [SEVERE ] setting player 2 freeze to 2685
[2022-12-15 13:51:42] [SEVERE ] setting player 3 freeze to 2683
[2022-12-15 13:51:42] [SEVERE ] setting player 2 freeze to 2669
[2022-12-15 13:51:42] [SEVERE ] setting player 3 freeze to 2667
[2022-12-15 13:51:42] [SEVERE ] setting player 1 freeze to 2666
[2022-12-15 13:51:42] [SEVERE ] setting player 2 freeze to 2658
[2022-12-15 13:51:42] [SEVERE ] setting player 1 freeze to 2651
[2022-12-15 13:51:42] [SEVERE ] setting player 3 freeze to 2652
[2022-12-15 13:51:42] [SEVERE ] setting player 3 freeze to 2636
[2022-12-15 13:51:42] [SEVERE ] setting player 1 freeze to 2635
[2022-12-15 13:51:42] [SEVERE ] setting player 2 freeze to 2638
[2022-12-15 13:51:42] [SEVERE ] setting player 3 freeze to 2625
[2022-12-15 13:51:42] [SEVERE ] setting player 1 freeze to 2619
[2022-12-15 13:51:42] [SEVERE ] setting player 2 freeze to 2622
[2022-12-15 13:51:42] [SEVERE ] setting player 3 freeze to 2605
[2022-12-15 13:51:42] [SEVERE ] setting player 1 freeze to 2604
[2022-12-15 13:51:42] [SEVERE ] setting player 2 freeze to 2607
[2022-12-15 13:51:42] [SEVERE ] setting player 3 freeze to 2593
[2022-12-15 13:51:42] [SEVERE ] setting player 1 freeze to 2589
[2022-12-15 13:51:42] [SEVERE ] setting player 2 freeze to 2592
[2022-12-15 13:51:42] [SEVERE ] setting player 2 freeze to 2576
[2022-12-15 13:51:42] [SEVERE ] setting player 3 freeze to 2574
[2022-12-15 13:51:42] [SEVERE ] setting player 1 freeze to 2573
[2022-12-15 13:51:42] [SEVERE ] setting player 2 freeze to 2565
[2022-12-15 13:51:42] [SEVERE ] setting player 3 freeze to 2558
[2022-12-15 13:51:42] [SEVERE ] setting player 1 freeze to 2557
[2022-12-15 13:51:42] [SEVERE ] setting player 3 freeze to 2542
[2022-12-15 13:51:42] [SEVERE ] setting player 1 freeze to 2541
[2022-12-15 13:51:42] [SEVERE ] setting player 2 freeze to 2544
[2022-12-15 13:51:42] [SEVERE ] setting player 3 freeze to 2531
[2022-12-15 13:51:42] [SEVERE ] setting player 2 freeze to 2528
[2022-12-15 13:51:42] [SEVERE ] setting player 1 freeze to 2525
[2022-12-15 13:51:42] [SEVERE ] setting player 3 freeze to 2510
[2022-12-15 13:51:42] [SEVERE ] setting player 2 freeze to 2512
[2022-12-15 13:51:42] [SEVERE ] setting player 1 freeze to 2509
[2022-12-15 13:51:42] [SEVERE ] setting player 3 freeze to 2499
[2022-12-15 13:51:42] [SEVERE ] setting player 1 freeze to 2493
[2022-12-15 13:51:42] [SEVERE ] setting player 2 freeze to 2496
[2022-12-15 13:51:42] [SEVERE ] setting player 1 freeze to 2477
[2022-12-15 13:51:42] [SEVERE ] setting player 3 freeze to 2478
[2022-12-15 13:51:42] [SEVERE ] setting player 2 freeze to 2480
[2022-12-15 13:51:42] [SEVERE ] setting player 1 freeze to 2466
[2022-12-15 13:51:42] [SEVERE ] setting player 2 freeze to 2464
[2022-12-15 13:51:42] [SEVERE ] setting player 3 freeze to 2462
[2022-12-15 13:51:42] [SEVERE ] setting player 2 freeze to 2448
[2022-12-15 13:51:42] [SEVERE ] setting player 1 freeze to 2445
[2022-12-15 13:51:42] [SEVERE ] setting player 3 freeze to 2446
[2022-12-15 13:51:42] [SEVERE ] setting player 2 freeze to 2437
[2022-12-15 13:51:42] [SEVERE ] setting player 3 freeze to 2430
[2022-12-15 13:51:42] [SEVERE ] setting player 1 freeze to 2429
[2022-12-15 13:51:42] [SEVERE ] setting player 3 freeze to 2414
[2022-12-15 13:51:42] [SEVERE ] setting player 2 freeze to 2416
[2022-12-15 13:51:42] [SEVERE ] setting player 1 freeze to 2413
[2022-12-15 13:51:42] [SEVERE ] setting player 3 freeze to 2403
[2022-12-15 13:51:42] [SEVERE ] setting player 2 freeze to 2401
[2022-12-15 13:51:42] [SEVERE ] setting player 1 freeze to 2398
[2022-12-15 13:51:42] [SEVERE ] setting player 3 freeze to 2383
[2022-12-15 13:51:42] [SEVERE ] setting player 2 freeze to 2385
[2022-12-15 13:51:42] [SEVERE ] setting player 1 freeze to 2382
[2022-12-15 13:51:42] [SEVERE ] setting player 3 freeze to 2372
[2022-12-15 13:51:42] [SEVERE ] setting player 2 freeze to 2369
[2022-12-15 13:51:42] [SEVERE ] setting player 1 freeze to 2366
[2022-12-15 13:51:42] [SEVERE ] setting player 3 freeze to 2352
[2022-12-15 13:51:42] [SEVERE ] setting player 2 freeze to 2354
[2022-12-15 13:51:42] [SEVERE ] setting player 1 freeze to 2351
[2022-12-15 13:51:42] [SEVERE ] setting player 3 freeze to 2341
[2022-12-15 13:51:42] [SEVERE ] setting player 1 freeze to 2335
[2022-12-15 13:51:42] [SEVERE ] setting player 2 freeze to 2338
[2022-12-15 13:51:42] [SEVERE ] setting player 3 freeze to 2320
[2022-12-15 13:51:42] [SEVERE ] setting player 1 freeze to 2319
[2022-12-15 13:51:42] [SEVERE ] setting player 2 freeze to 2322
[2022-12-15 13:51:42] [SEVERE ] setting player 3 freeze to 2308
[2022-12-15 13:51:42] [SEVERE ] setting player 2 freeze to 2306
[2022-12-15 13:51:42] [SEVERE ] setting player 1 freeze to 2303
[2022-12-15 13:51:42] [SEVERE ] setting player 2 freeze to 2290
[2022-12-15 13:51:42] [SEVERE ] setting player 3 freeze to 2288
[2022-12-15 13:51:42] [SEVERE ] setting player 1 freeze to 2287
[2022-12-15 13:51:42] [SEVERE ] setting player 2 freeze to 2278
[2022-12-15 13:51:42] [SEVERE ] setting player 3 freeze to 2272
[2022-12-15 13:51:42] [SEVERE ] setting player 1 freeze to 2271
[2022-12-15 13:51:42] [SEVERE ] setting player 2 freeze to 2258
[2022-12-15 13:51:42] [SEVERE ] setting player 3 freeze to 2256
[2022-12-15 13:51:42] [SEVERE ] setting player 1 freeze to 2255
[2022-12-15 13:51:42] [SEVERE ] setting player 2 freeze to 2247
[2022-12-15 13:51:42] [SEVERE ] setting player 1 freeze to 2239
[2022-12-15 13:51:42] [SEVERE ] setting player 3 freeze to 2240
[2022-12-15 13:51:42] [SEVERE ] setting player 1 freeze to 2224
[2022-12-15 13:51:42] [SEVERE ] setting player 2 freeze to 2227
[2022-12-15 13:51:42] [SEVERE ] setting player 3 freeze to 2225
[2022-12-15 13:51:42] [SEVERE ] setting player 1 freeze to 2213
[2022-12-15 13:51:42] [SEVERE ] setting player 3 freeze to 2209
[2022-12-15 13:51:42] [SEVERE ] setting player 2 freeze to 2211
[2022-12-15 13:51:42] [SEVERE ] setting player 3 freeze to 2194
[2022-12-15 13:51:42] [SEVERE ] setting player 1 freeze to 2193
[2022-12-15 13:51:42] [SEVERE ] setting player 2 freeze to 2196
[2022-12-15 13:51:42] [SEVERE ] setting player 3 freeze to 2183
[2022-12-15 13:51:42] [SEVERE ] setting player 2 freeze to 2180
[2022-12-15 13:51:42] [SEVERE ] setting player 1 freeze to 2177
[2022-12-15 13:51:42] [SEVERE ] setting player 2 freeze to 2164
[2022-12-15 13:51:42] [SEVERE ] setting player 3 freeze to 2162
[2022-12-15 13:51:42] [SEVERE ] setting player 1 freeze to 2161
[2022-12-15 13:51:42] [SEVERE ] setting player 2 freeze to 2153
[2022-12-15 13:51:42] [SEVERE ] setting player 1 freeze to 2145
[2022-12-15 13:51:42] [SEVERE ] setting player 3 freeze to 2146
[2022-12-15 13:51:42] [SEVERE ] setting player 3 freeze to 2130
[2022-12-15 13:51:42] [SEVERE ] setting player 2 freeze to 2132
[2022-12-15 13:51:42] [SEVERE ] setting player 1 freeze to 2129
[2022-12-15 13:51:42] [SEVERE ] setting player 3 freeze to 2119
[2022-12-15 13:51:42] [SEVERE ] setting player 1 freeze to 2113
[2022-12-15 13:51:42] [SEVERE ] setting player 2 freeze to 2116
[2022-12-15 13:51:42] [SEVERE ] setting player 3 freeze to 2098
[2022-12-15 13:51:42] [SEVERE ] setting player 2 freeze to 2100
[2022-12-15 13:51:42] [SEVERE ] setting player 1 freeze to 2097
[2022-12-15 13:51:42] [SEVERE ] setting player 3 freeze to 2087
[2022-12-15 13:51:42] [SEVERE ] setting player 1 freeze to 2081
[2022-12-15 13:51:42] [SEVERE ] setting player 2 freeze to 2084
[2022-12-15 13:51:42] [SEVERE ] setting player 3 freeze to 2066
[2022-12-15 13:51:42] [SEVERE ] setting player 1 freeze to 2065
[2022-12-15 13:51:42] [SEVERE ] setting player 2 freeze to 2068
[2022-12-15 13:51:42] [SEVERE ] setting player 3 freeze to 2054
[2022-12-15 13:51:42] [SEVERE ] setting player 1 freeze to 2049
[2022-12-15 13:51:42] [SEVERE ] setting player 2 freeze to 2052
[2022-12-15 13:51:42] [SEVERE ] setting player 3 freeze to 2035
[2022-12-15 13:51:42] [SEVERE ] setting player 2 freeze to 2037
[2022-12-15 13:51:42] [SEVERE ] setting player 1 freeze to 2034
[2022-12-15 13:51:42] [SEVERE ] setting player 3 freeze to 2024
[2022-12-15 13:51:42] [SEVERE ] setting player 2 freeze to 2021
[2022-12-15 13:51:42] [SEVERE ] setting player 1 freeze to 2018
[2022-12-15 13:51:42] [SEVERE ] setting player 1 freeze to 2002
[2022-12-15 13:51:42] [SEVERE ] setting player 2 freeze to 2005
[2022-12-15 13:51:42] [SEVERE ] setting player 3 freeze to 2003
[2022-12-15 13:51:42] [SEVERE ] setting player 3 freeze to 1992
[2022-12-15 13:51:42] [SEVERE ] setting player 1 freeze to 1991
[2022-12-15 13:51:42] [SEVERE ] setting player 2 freeze to 1989
[2022-12-15 13:51:42] [SEVERE ] setting player 3 freeze to 1971
[2022-12-15 13:51:42] [SEVERE ] setting player 1 freeze to 1970
[2022-12-15 13:51:42] [SEVERE ] setting player 2 freeze to 1973
[2022-12-15 13:51:42] [SEVERE ] setting player 3 freeze to 1960
[2022-12-15 13:51:42] [SEVERE ] setting player 2 freeze to 1958
[2022-12-15 13:51:42] [SEVERE ] setting player 1 freeze to 1955
[2022-12-15 13:51:42] [SEVERE ] setting player 1 freeze to 1940
[2022-12-15 13:51:42] [SEVERE ] setting player 3 freeze to 1941
[2022-12-15 13:51:42] [SEVERE ] setting player 2 freeze to 1943
[2022-12-15 13:51:42] [SEVERE ] setting player 1 freeze to 1929
[2022-12-15 13:51:42] [SEVERE ] setting player 3 freeze to 1925
[2022-12-15 13:51:42] [SEVERE ] setting player 2 freeze to 1927
[2022-12-15 13:51:42] [SEVERE ] setting player 2 freeze to 1911
[2022-12-15 13:51:42] [SEVERE ] setting player 1 freeze to 1908
[2022-12-15 13:51:42] [SEVERE ] setting player 3 freeze to 1909
[2022-12-15 13:51:42] [SEVERE ] setting player 2 freeze to 1900
[2022-12-15 13:51:42] [SEVERE ] setting player 1 freeze to 1892
[2022-12-15 13:51:42] [SEVERE ] setting player 3 freeze to 1893
[2022-12-15 13:51:42] [SEVERE ] setting player 1 freeze to 1876
[2022-12-15 13:51:42] [SEVERE ] setting player 3 freeze to 1877
[2022-12-15 13:51:42] [SEVERE ] setting player 2 freeze to 1879
[2022-12-15 13:51:42] [SEVERE ] setting player 1 freeze to 1865
[2022-12-15 13:51:42] [SEVERE ] setting player 3 freeze to 1861
[2022-12-15 13:51:42] [SEVERE ] setting player 2 freeze to 1863
[2022-12-15 13:51:42] [SEVERE ] setting player 2 freeze to 1849
[2022-12-15 13:51:42] [SEVERE ] setting player 3 freeze to 1847
[2022-12-15 13:51:42] [SEVERE ] setting player 1 freeze to 1846
[2022-12-15 13:51:42] [SEVERE ] setting player 2 freeze to 1834
[2022-12-15 13:51:42] [SEVERE ] setting player 3 freeze to 1832
[2022-12-15 13:51:42] [SEVERE ] setting player 1 freeze to 1831
[2022-12-15 13:51:43] [SEVERE ] setting player 2 freeze to 1818
[2022-12-15 13:51:43] [SEVERE ] setting player 1 freeze to 1815
[2022-12-15 13:51:43] [SEVERE ] setting player 3 freeze to 1816
[2022-12-15 13:51:43] [SEVERE ] setting player 2 freeze to 1807
[2022-12-15 13:51:43] [SEVERE ] setting player 3 freeze to 1801
[2022-12-15 13:51:43] [SEVERE ] setting player 1 freeze to 1800
[2022-12-15 13:51:43] [SEVERE ] setting player 1 freeze to 1785
[2022-12-15 13:51:43] [SEVERE ] setting player 2 freeze to 1788
[2022-12-15 13:51:43] [SEVERE ] setting player 3 freeze to 1786
[2022-12-15 13:51:43] [SEVERE ] setting player 1 freeze to 1774
[2022-12-15 13:51:43] [SEVERE ] setting player 2 freeze to 1772
[2022-12-15 13:51:43] [SEVERE ] setting player 3 freeze to 1770
[2022-12-15 13:51:43] [SEVERE ] setting player 2 freeze to 1756
[2022-12-15 13:51:43] [SEVERE ] setting player 1 freeze to 1753
[2022-12-15 13:51:43] [SEVERE ] setting player 3 freeze to 1754
[2022-12-15 13:51:43] [SEVERE ] setting player 2 freeze to 1745
[2022-12-15 13:51:43] [SEVERE ] setting player 3 freeze to 1738
[2022-12-15 13:51:43] [SEVERE ] setting player 1 freeze to 1737
[2022-12-15 13:51:43] [SEVERE ] setting player 3 freeze to 1722
[2022-12-15 13:51:43] [SEVERE ] setting player 1 freeze to 1721
[2022-12-15 13:51:43] [SEVERE ] setting player 2 freeze to 1724
[2022-12-15 13:51:43] [SEVERE ] setting player 3 freeze to 1711
[2022-12-15 13:51:43] [SEVERE ] setting player 2 freeze to 1708
[2022-12-15 13:51:43] [SEVERE ] setting player 1 freeze to 1705
[2022-12-15 13:51:43] [SEVERE ] setting player 1 freeze to 1689
[2022-12-15 13:51:43] [SEVERE ] setting player 3 freeze to 1690
[2022-12-15 13:51:43] [SEVERE ] setting player 2 freeze to 1692
[2022-12-15 13:51:43] [SEVERE ] setting player 1 freeze to 1678
[2022-12-15 13:51:43] [SEVERE ] setting player 2 freeze to 1676
[2022-12-15 13:51:43] [SEVERE ] setting player 3 freeze to 1674
[2022-12-15 13:51:43] [SEVERE ] setting player 2 freeze to 1660
[2022-12-15 13:51:43] [SEVERE ] setting player 3 freeze to 1658
[2022-12-15 13:51:43] [SEVERE ] setting player 1 freeze to 1657
[2022-12-15 13:51:43] [SEVERE ] setting player 2 freeze to 1649
[2022-12-15 13:51:43] [SEVERE ] setting player 1 freeze to 1641
[2022-12-15 13:51:43] [SEVERE ] setting player 3 freeze to 1642
[2022-12-15 13:51:43] [SEVERE ] setting player 2 freeze to 1628
[2022-12-15 13:51:43] [SEVERE ] setting player 1 freeze to 1625
[2022-12-15 13:51:43] [SEVERE ] setting player 3 freeze to 1626
[2022-12-15 13:51:43] [SEVERE ] setting player 2 freeze to 1617
[2022-12-15 13:51:43] [SEVERE ] setting player 3 freeze to 1610
[2022-12-15 13:51:43] [SEVERE ] setting player 1 freeze to 1609
[2022-12-15 13:51:43] [SEVERE ] setting player 3 freeze to 1594
[2022-12-15 13:51:43] [SEVERE ] setting player 1 freeze to 1593
[2022-12-15 13:51:43] [SEVERE ] setting player 2 freeze to 1596
[2022-12-15 13:51:43] [SEVERE ] setting player 3 freeze to 1583
[2022-12-15 13:51:43] [SEVERE ] setting player 1 freeze to 1577
[2022-12-15 13:51:43] [SEVERE ] setting player 2 freeze to 1580
[2022-12-15 13:51:43] [SEVERE ] setting player 1 freeze to 1566
[2022-12-15 13:51:43] [SEVERE ] setting player 3 freeze to 1562
[2022-12-15 13:51:43] [SEVERE ] setting player 2 freeze to 1564
[2022-12-15 13:51:43] [SEVERE ] setting player 2 freeze to 1548
[2022-12-15 13:51:43] [SEVERE ] setting player 3 freeze to 1546
[2022-12-15 13:51:43] [SEVERE ] setting player 1 freeze to 1545
[2022-12-15 13:51:43] [SEVERE ] setting player 2 freeze to 1537
[2022-12-15 13:51:43] [SEVERE ] setting player 1 freeze to 1529
[2022-12-15 13:51:43] [SEVERE ] setting player 3 freeze to 1530
[2022-12-15 13:51:43] [SEVERE ] setting player 2 freeze to 1516
[2022-12-15 13:51:43] [SEVERE ] setting player 1 freeze to 1513
[2022-12-15 13:51:43] [SEVERE ] setting player 3 freeze to 1514
[2022-12-15 13:51:43] [SEVERE ] setting player 2 freeze to 1505
[2022-12-15 13:51:43] [SEVERE ] setting player 3 freeze to 1498
[2022-12-15 13:51:43] [SEVERE ] setting player 1 freeze to 1497
[2022-12-15 13:51:43] [SEVERE ] setting player 2 freeze to 1485
[2022-12-15 13:51:43] [SEVERE ] setting player 1 freeze to 1482
[2022-12-15 13:51:43] [SEVERE ] setting player 3 freeze to 1483
[2022-12-15 13:51:43] [SEVERE ] setting player 2 freeze to 1473
[2022-12-15 13:51:43] [SEVERE ] setting player 1 freeze to 1466
[2022-12-15 13:51:43] [SEVERE ] setting player 3 freeze to 1467
[2022-12-15 13:51:43] [SEVERE ] setting player 2 freeze to 1453
[2022-12-15 13:51:43] [SEVERE ] setting player 1 freeze to 1450
[2022-12-15 13:51:43] [SEVERE ] setting player 3 freeze to 1451
[2022-12-15 13:51:43] [SEVERE ] setting player 2 freeze to 1442
[2022-12-15 13:51:43] [SEVERE ] setting player 1 freeze to 1435
[2022-12-15 13:51:43] [SEVERE ] setting player 3 freeze to 1436
[2022-12-15 13:51:43] [SEVERE ] setting player 1 freeze to 1419
[2022-12-15 13:51:43] [SEVERE ] setting player 3 freeze to 1420
[2022-12-15 13:51:43] [SEVERE ] setting player 2 freeze to 1422
[2022-12-15 13:51:43] [SEVERE ] setting player 1 freeze to 1408
[2022-12-15 13:51:43] [SEVERE ] setting player 3 freeze to 1404
[2022-12-15 13:51:43] [SEVERE ] setting player 2 freeze to 1406
[2022-12-15 13:51:43] [SEVERE ] setting player 1 freeze to 1387
[2022-12-15 13:51:43] [SEVERE ] setting player 2 freeze to 1390
[2022-12-15 13:51:43] [SEVERE ] setting player 3 freeze to 1388
[2022-12-15 13:51:43] [SEVERE ] setting player 1 freeze to 1376
[2022-12-15 13:51:43] [SEVERE ] setting player 3 freeze to 1372
[2022-12-15 13:51:43] [SEVERE ] setting player 2 freeze to 1374
[2022-12-15 13:51:43] [SEVERE ] setting player 3 freeze to 1356
[2022-12-15 13:51:43] [SEVERE ] setting player 2 freeze to 1358
[2022-12-15 13:51:43] [SEVERE ] setting player 1 freeze to 1355
[2022-12-15 13:51:43] [SEVERE ] setting player 3 freeze to 1344
[2022-12-15 13:51:43] [SEVERE ] setting player 1 freeze to 1339
[2022-12-15 13:51:43] [SEVERE ] setting player 2 freeze to 1342
[2022-12-15 13:51:43] [SEVERE ] setting player 2 freeze to 1326
[2022-12-15 13:51:43] [SEVERE ] setting player 3 freeze to 1324
[2022-12-15 13:51:43] [SEVERE ] setting player 1 freeze to 1323
[2022-12-15 13:51:43] [SEVERE ] setting player 2 freeze to 1315
[2022-12-15 13:51:43] [SEVERE ] setting player 3 freeze to 1308
[2022-12-15 13:51:43] [SEVERE ] setting player 1 freeze to 1307
[2022-12-15 13:51:43] [SEVERE ] setting player 3 freeze to 1297
[2022-12-15 13:51:43] [SEVERE ] setting player 2 freeze to 1294
[2022-12-15 13:51:43] [SEVERE ] setting player 1 freeze to 1291
[2022-12-15 13:51:43] [SEVERE ] setting player 2 freeze to 1278
[2022-12-15 13:51:43] [SEVERE ] setting player 3 freeze to 1276
[2022-12-15 13:51:43] [SEVERE ] setting player 1 freeze to 1275
[2022-12-15 13:51:43] [SEVERE ] setting player 2 freeze to 1267
[2022-12-15 13:51:43] [SEVERE ] setting player 1 freeze to 1259
[2022-12-15 13:51:43] [SEVERE ] setting player 3 freeze to 1260
[2022-12-15 13:51:43] [SEVERE ] setting player 3 freeze to 1244
[2022-12-15 13:51:43] [SEVERE ] setting player 2 freeze to 1246
[2022-12-15 13:51:43] [SEVERE ] setting player 1 freeze to 1243
[2022-12-15 13:51:43] [SEVERE ] setting player 3 freeze to 1232
[2022-12-15 13:51:43] [SEVERE ] setting player 1 freeze to 1227
[2022-12-15 13:51:43] [SEVERE ] setting player 2 freeze to 1230
[2022-12-15 13:51:43] [SEVERE ] setting player 1 freeze to 1215
[2022-12-15 13:51:43] [SEVERE ] setting player 3 freeze to 1213
[2022-12-15 13:51:43] [SEVERE ] setting player 2 freeze to 1215
[2022-12-15 13:51:43] [SEVERE ] setting player 3 freeze to 1197
[2022-12-15 13:51:43] [SEVERE ] setting player 2 freeze to 1199
[2022-12-15 13:51:43] [SEVERE ] setting player 1 freeze to 1196
[2022-12-15 13:51:43] [SEVERE ] setting player 3 freeze to 1185
[2022-12-15 13:51:43] [SEVERE ] setting player 2 freeze to 1183
[2022-12-15 13:51:43] [SEVERE ] setting player 1 freeze to 1180
[2022-12-15 13:51:43] [SEVERE ] setting player 1 freeze to 1165
[2022-12-15 13:51:43] [SEVERE ] setting player 3 freeze to 1166
[2022-12-15 13:51:43] [SEVERE ] setting player 2 freeze to 1168
[2022-12-15 13:51:43] [SEVERE ] setting player 1 freeze to 1154
[2022-12-15 13:51:43] [SEVERE ] setting player 2 freeze to 1152
[2022-12-15 13:51:43] [SEVERE ] setting player 3 freeze to 1150
[2022-12-15 13:51:43] [SEVERE ] setting player 3 freeze to 1134
[2022-12-15 13:51:43] [SEVERE ] setting player 2 freeze to 1136
[2022-12-15 13:51:43] [SEVERE ] setting player 1 freeze to 1133
[2022-12-15 13:51:43] [SEVERE ] setting player 3 freeze to 1123
[2022-12-15 13:51:43] [SEVERE ] setting player 1 freeze to 1118
[2022-12-15 13:51:43] [SEVERE ] setting player 2 freeze to 1121
[2022-12-15 13:51:43] [SEVERE ] setting player 1 freeze to 1103
[2022-12-15 13:51:43] [SEVERE ] setting player 2 freeze to 1106
[2022-12-15 13:51:43] [SEVERE ] setting player 3 freeze to 1104
[2022-12-15 13:51:43] [SEVERE ] setting player 1 freeze to 1092
[2022-12-15 13:51:43] [SEVERE ] setting player 2 freeze to 1090
[2022-12-15 13:51:43] [SEVERE ] setting player 3 freeze to 1088
[2022-12-15 13:51:43] [SEVERE ] setting player 1 freeze to 1071
[2022-12-15 13:51:43] [SEVERE ] setting player 3 freeze to 1072
[2022-12-15 13:51:43] [SEVERE ] setting player 2 freeze to 1074
[2022-12-15 13:51:43] [SEVERE ] setting player 1 freeze to 1060
[2022-12-15 13:51:43] [SEVERE ] setting player 3 freeze to 1056
[2022-12-15 13:51:43] [SEVERE ] setting player 2 freeze to 1058
[2022-12-15 13:51:43] [SEVERE ] setting player 3 freeze to 1040
[2022-12-15 13:51:43] [SEVERE ] setting player 1 freeze to 1039
[2022-12-15 13:51:43] [SEVERE ] setting player 2 freeze to 1042
[2022-12-15 13:51:43] [SEVERE ] setting player 3 freeze to 1029
[2022-12-15 13:51:43] [SEVERE ] setting player 2 freeze to 1026
[2022-12-15 13:51:43] [SEVERE ] setting player 1 freeze to 1023
[2022-12-15 13:51:43] [SEVERE ] setting player 2 freeze to 1015
[2022-12-15 13:51:43] [SEVERE ] setting player 1 freeze to 1008
[2022-12-15 13:51:43] [SEVERE ] setting player 3 freeze to 1009
[2022-12-15 13:51:43] [SEVERE ] setting player 1 freeze to 992
[2022-12-15 13:51:43] [SEVERE ] setting player 2 freeze to 995
[2022-12-15 13:51:43] [SEVERE ] setting player 3 freeze to 993
[2022-12-15 13:51:43] [SEVERE ] setting player 1 freeze to 981
[2022-12-15 13:51:43] [SEVERE ] setting player 3 freeze to 977
[2022-12-15 13:51:43] [SEVERE ] setting player 2 freeze to 979
[2022-12-15 13:51:43] [SEVERE ] setting player 3 freeze to 966
[2022-12-15 13:51:43] [SEVERE ] setting player 1 freeze to 960
[2022-12-15 13:51:43] [SEVERE ] setting player 2 freeze to 963
[2022-12-15 13:51:43] [SEVERE ] setting player 2 freeze to 947
[2022-12-15 13:51:43] [SEVERE ] setting player 3 freeze to 945
[2022-12-15 13:51:43] [SEVERE ] setting player 1 freeze to 944
[2022-12-15 13:51:43] [SEVERE ] setting player 3 freeze to 934
[2022-12-15 13:51:43] [SEVERE ] setting player 2 freeze to 936
[2022-12-15 13:51:43] [SEVERE ] setting player 1 freeze to 928
[2022-12-15 13:51:43] [SEVERE ] setting player 1 freeze to 912
[2022-12-15 13:51:43] [SEVERE ] setting player 2 freeze to 915
[2022-12-15 13:51:43] [SEVERE ] setting player 3 freeze to 913
[2022-12-15 13:51:43] [SEVERE ] setting player 1 freeze to 901
[2022-12-15 13:51:43] [SEVERE ] setting player 3 freeze to 897
[2022-12-15 13:51:43] [SEVERE ] setting player 2 freeze to 899
[2022-12-15 13:51:43] [SEVERE ] setting player 1 freeze to 880
[2022-12-15 13:51:43] [SEVERE ] setting player 3 freeze to 881
[2022-12-15 13:51:43] [SEVERE ] setting player 2 freeze to 883
[2022-12-15 13:51:43] [SEVERE ] setting player 1 freeze to 868
[2022-12-15 13:51:43] [SEVERE ] setting player 3 freeze to 865
[2022-12-15 13:51:43] [SEVERE ] setting player 2 freeze to 867
[2022-12-15 13:51:43] [SEVERE ] setting player 3 freeze to 850
[2022-12-15 13:51:43] [SEVERE ] setting player 2 freeze to 852
[2022-12-15 13:51:43] [SEVERE ] setting player 1 freeze to 849
[2022-12-15 13:51:43] [SEVERE ] setting player 3 freeze to 839
[2022-12-15 13:51:43] [SEVERE ] setting player 2 freeze to 836
[2022-12-15 13:51:43] [SEVERE ] setting player 1 freeze to 833
[2022-12-15 13:51:44] [SEVERE ] setting player 1 freeze to 817
[2022-12-15 13:51:44] [SEVERE ] setting player 3 freeze to 818
[2022-12-15 13:51:44] [SEVERE ] setting player 2 freeze to 820
[2022-12-15 13:51:44] [SEVERE ] setting player 1 freeze to 805
[2022-12-15 13:51:44] [SEVERE ] setting player 3 freeze to 803
[2022-12-15 13:51:44] [SEVERE ] setting player 2 freeze to 805
[2022-12-15 13:51:44] [SEVERE ] setting player 2 freeze to 789
[2022-12-15 13:51:44] [SEVERE ] setting player 3 freeze to 787
[2022-12-15 13:51:44] [SEVERE ] setting player 1 freeze to 786
[2022-12-15 13:51:44] [SEVERE ] setting player 2 freeze to 778
[2022-12-15 13:51:44] [SEVERE ] setting player 1 freeze to 770
[2022-12-15 13:51:44] [SEVERE ] setting player 3 freeze to 771
[2022-12-15 13:51:44] [SEVERE ] setting player 2 freeze to 757
[2022-12-15 13:51:44] [SEVERE ] setting player 1 freeze to 754
[2022-12-15 13:51:44] [SEVERE ] setting player 3 freeze to 755
[2022-12-15 13:51:44] [SEVERE ] setting player 2 freeze to 746
[2022-12-15 13:51:44] [SEVERE ] setting player 1 freeze to 738
[2022-12-15 13:51:44] [SEVERE ] setting player 3 freeze to 739
[2022-12-15 13:51:44] [SEVERE ] setting player 3 freeze to 724
[2022-12-15 13:51:44] [SEVERE ] setting player 2 freeze to 726
[2022-12-15 13:51:44] [SEVERE ] setting player 1 freeze to 723
[2022-12-15 13:51:44] [SEVERE ] setting player 3 freeze to 713
[2022-12-15 13:51:44] [SEVERE ] setting player 2 freeze to 710
[2022-12-15 13:51:44] [SEVERE ] setting player 1 freeze to 707
[2022-12-15 13:51:44] [SEVERE ] setting player 1 freeze to 691
[2022-12-15 13:51:44] [SEVERE ] setting player 3 freeze to 692
[2022-12-15 13:51:44] [SEVERE ] setting player 2 freeze to 694
[2022-12-15 13:51:44] [SEVERE ] setting player 1 freeze to 679
[2022-12-15 13:51:44] [SEVERE ] setting player 2 freeze to 678
[2022-12-15 13:51:44] [SEVERE ] setting player 3 freeze to 676
[2022-12-15 13:51:44] [SEVERE ] setting player 2 freeze to 662
[2022-12-15 13:51:44] [SEVERE ] setting player 1 freeze to 659
[2022-12-15 13:51:44] [SEVERE ] setting player 3 freeze to 660
[2022-12-15 13:51:44] [SEVERE ] setting player 2 freeze to 651
[2022-12-15 13:51:44] [SEVERE ] setting player 3 freeze to 644
[2022-12-15 13:51:44] [SEVERE ] setting player 1 freeze to 643
[2022-12-15 13:51:44] [SEVERE ] setting player 1 freeze to 627
[2022-12-15 13:51:44] [SEVERE ] setting player 3 freeze to 628
[2022-12-15 13:51:44] [SEVERE ] setting player 2 freeze to 630
[2022-12-15 13:51:44] [SEVERE ] setting player 1 freeze to 615
[2022-12-15 13:51:44] [SEVERE ] setting player 2 freeze to 614
[2022-12-15 13:51:44] [SEVERE ] setting player 3 freeze to 612
[2022-12-15 13:51:44] [SEVERE ] setting player 2 freeze to 598
[2022-12-15 13:51:44] [SEVERE ] setting player 3 freeze to 596
[2022-12-15 13:51:44] [SEVERE ] setting player 1 freeze to 595
[2022-12-15 13:51:44] [SEVERE ] setting player 2 freeze to 587
[2022-12-15 13:51:44] [SEVERE ] setting player 1 freeze to 579
[2022-12-15 13:51:44] [SEVERE ] setting player 3 freeze to 580
[2022-12-15 13:51:44] [SEVERE ] setting player 3 freeze to 564
[2022-12-15 13:51:44] [SEVERE ] setting player 2 freeze to 566
[2022-12-15 13:51:44] [SEVERE ] setting player 1 freeze to 563
[2022-12-15 13:51:44] [SEVERE ] setting player 3 freeze to 552
[2022-12-15 13:51:44] [SEVERE ] setting player 2 freeze to 550
[2022-12-15 13:51:44] [SEVERE ] setting player 1 freeze to 547
[2022-12-15 13:51:44] [SEVERE ] setting player 2 freeze to 534
[2022-12-15 13:51:44] [SEVERE ] setting player 3 freeze to 532
[2022-12-15 13:51:44] [SEVERE ] setting player 1 freeze to 531
[2022-12-15 13:51:44] [SEVERE ] setting player 2 freeze to 523
[2022-12-15 13:51:44] [SEVERE ] setting player 1 freeze to 515
[2022-12-15 13:51:44] [SEVERE ] setting player 3 freeze to 516
[2022-12-15 13:51:44] [SEVERE ] setting player 1 freeze to 499
[2022-12-15 13:51:44] [SEVERE ] setting player 2 freeze to 502
[2022-12-15 13:51:44] [SEVERE ] setting player 3 freeze to 500
[2022-12-15 13:51:44] [SEVERE ] setting player 1 freeze to 487
[2022-12-15 13:51:44] [SEVERE ] setting player 2 freeze to 486
[2022-12-15 13:51:44] [SEVERE ] setting player 3 freeze to 484
[2022-12-15 13:51:44] [SEVERE ] setting player 3 freeze to 468
[2022-12-15 13:51:44] [SEVERE ] setting player 2 freeze to 470
[2022-12-15 13:51:44] [SEVERE ] setting player 1 freeze to 467
[2022-12-15 13:51:44] [SEVERE ] setting player 3 freeze to 457
[2022-12-15 13:51:44] [SEVERE ] setting player 2 freeze to 454
[2022-12-15 13:51:44] [SEVERE ] setting player 1 freeze to 451
[2022-12-15 13:51:44] [SEVERE ] setting player 1 freeze to 435
[2022-12-15 13:51:44] [SEVERE ] setting player 3 freeze to 436
[2022-12-15 13:51:44] [SEVERE ] setting player 2 freeze to 438
[2022-12-15 13:51:44] [SEVERE ] setting player 1 freeze to 424
[2022-12-15 13:51:44] [SEVERE ] setting player 2 freeze to 422
[2022-12-15 13:51:44] [SEVERE ] setting player 3 freeze to 420
[2022-12-15 13:51:44] [SEVERE ] setting player 2 freeze to 406
[2022-12-15 13:51:44] [SEVERE ] setting player 1 freeze to 403
[2022-12-15 13:51:44] [SEVERE ] setting player 3 freeze to 404
[2022-12-15 13:51:44] [SEVERE ] setting player 2 freeze to 395
[2022-12-15 13:51:44] [SEVERE ] setting player 1 freeze to 387
[2022-12-15 13:51:44] [SEVERE ] setting player 3 freeze to 388
[2022-12-15 13:51:44] [SEVERE ] setting player 1 freeze to 371
[2022-12-15 13:51:44] [SEVERE ] setting player 3 freeze to 372
[2022-12-15 13:51:44] [SEVERE ] setting player 2 freeze to 374
[2022-12-15 13:51:44] [SEVERE ] setting player 1 freeze to 361
[2022-12-15 13:51:44] [SEVERE ] setting player 3 freeze to 357
[2022-12-15 13:51:44] [SEVERE ] setting player 2 freeze to 359
[2022-12-15 13:51:44] [SEVERE ] setting player 2 freeze to 343
[2022-12-15 13:51:44] [SEVERE ] setting player 1 freeze to 340
[2022-12-15 13:51:44] [SEVERE ] setting player 3 freeze to 341
[2022-12-15 13:51:44] [SEVERE ] setting player 2 freeze to 332
[2022-12-15 13:51:44] [SEVERE ] setting player 1 freeze to 324
[2022-12-15 13:51:44] [SEVERE ] setting player 3 freeze to 325
[2022-12-15 13:51:44] [SEVERE ] setting player 1 freeze to 313
[2022-12-15 13:51:44] [SEVERE ] setting player 2 freeze to 311
[2022-12-15 13:51:44] [SEVERE ] setting player 3 freeze to 309
[2022-12-15 13:51:44] [SEVERE ] setting player 1 freeze to 292
[2022-12-15 13:51:44] [SEVERE ] setting player 2 freeze to 295
[2022-12-15 13:51:44] [SEVERE ] setting player 3 freeze to 293
[2022-12-15 13:51:44] [SEVERE ] setting player 1 freeze to 280
[2022-12-15 13:51:44] [SEVERE ] setting player 2 freeze to 279
[2022-12-15 13:51:44] [SEVERE ] setting player 3 freeze to 277
[2022-12-15 13:51:44] [SEVERE ] setting player 3 freeze to 261
[2022-12-15 13:51:44] [SEVERE ] setting player 2 freeze to 263
[2022-12-15 13:51:44] [SEVERE ] setting player 1 freeze to 260
[2022-12-15 13:51:44] [SEVERE ] setting player 3 freeze to 250
[2022-12-15 13:51:44] [SEVERE ] setting player 1 freeze to 244
[2022-12-15 13:51:44] [SEVERE ] setting player 2 freeze to 247
[2022-12-15 13:51:44] [SEVERE ] setting player 3 freeze to 229
[2022-12-15 13:51:44] [SEVERE ] setting player 2 freeze to 231
[2022-12-15 13:51:44] [SEVERE ] setting player 1 freeze to 228
[2022-12-15 13:51:44] [SEVERE ] setting player 3 freeze to 218
[2022-12-15 13:51:44] [SEVERE ] setting player 2 freeze to 215
[2022-12-15 13:51:44] [SEVERE ] setting player 1 freeze to 212
[2022-12-15 13:51:44] [SEVERE ] setting player 2 freeze to 199
[2022-12-15 13:51:44] [SEVERE ] setting player 3 freeze to 197
[2022-12-15 13:51:44] [SEVERE ] setting player 1 freeze to 196
[2022-12-15 13:51:44] [SEVERE ] setting player 2 freeze to 186
[2022-12-15 13:51:44] [SEVERE ] setting player 1 freeze to 180
[2022-12-15 13:51:44] [SEVERE ] setting player 3 freeze to 181
[2022-12-15 13:51:44] [SEVERE ] setting player 1 freeze to 164
[2022-12-15 13:51:44] [SEVERE ] setting player 3 freeze to 165
[2022-12-15 13:51:44] [SEVERE ] setting player 2 freeze to 167
[2022-12-15 13:51:44] [SEVERE ] setting player 1 freeze to 153
[2022-12-15 13:51:44] [SEVERE ] setting player 2 freeze to 156
[2022-12-15 13:51:44] [SEVERE ] setting player 3 freeze to 154
[2022-12-15 13:51:44] [SEVERE ] setting player 1 freeze to 142
[2022-12-15 13:51:44] [SEVERE ] setting player 3 freeze to 133
[2022-12-15 13:51:44] [SEVERE ] setting player 2 freeze to 135
[2022-12-15 13:51:44] [SEVERE ] setting player 2 freeze to 120
[2022-12-15 13:51:44] [SEVERE ] setting player 1 freeze to 117
[2022-12-15 13:51:44] [SEVERE ] setting player 3 freeze to 118
[2022-12-15 13:51:44] [SEVERE ] setting player 2 freeze to 109
[2022-12-15 13:51:44] [SEVERE ] setting player 1 freeze to 102
[2022-12-15 13:51:44] [SEVERE ] setting player 3 freeze to 103
[2022-12-15 13:51:44] [SEVERE ] setting player 3 freeze to 87
[2022-12-15 13:51:44] [SEVERE ] setting player 1 freeze to 86
[2022-12-15 13:51:44] [SEVERE ] setting player 2 freeze to 89
[2022-12-15 13:51:44] [SEVERE ] setting player 3 freeze to 76
[2022-12-15 13:51:44] [SEVERE ] setting player 1 freeze to 71
[2022-12-15 13:51:44] [SEVERE ] setting player 2 freeze to 74
[2022-12-15 13:51:44] [SEVERE ] setting player 1 freeze to 55
[2022-12-15 13:51:44] [SEVERE ] setting player 2 freeze to 58
[2022-12-15 13:51:44] [SEVERE ] setting player 3 freeze to 56
[2022-12-15 13:51:44] [SEVERE ] setting player 1 freeze to 44
[2022-12-15 13:51:44] [SEVERE ] setting player 3 freeze to 40
[2022-12-15 13:51:44] [SEVERE ] setting player 2 freeze to 42
[2022-12-15 13:51:44] [SEVERE ] setting player 1 freeze to 24
[2022-12-15 13:51:44] [SEVERE ] setting player 2 freeze to 27
[2022-12-15 13:51:44] [SEVERE ] setting player 3 freeze to 25
[2022-12-15 13:51:44] [SEVERE ] setting player 1 freeze to 13
[2022-12-15 13:51:44] [SEVERE ] setting player 2 freeze to 11
[2022-12-15 13:51:44] [SEVERE ] setting player 3 freeze to 9
[2022-12-15 13:51:44] [SEVERE ] setting player 2 freeze to 0
[2022-12-15 13:51:44] [SEVERE ] setting player 3 freeze to 0
[2022-12-15 13:51:44] [SEVERE ] setting player 1 freeze to 0
[2022-12-15 13:51:44] [SEVERE ] player 1 placing token on slot 11
[2022-12-15 13:51:44] [SEVERE ] player 2 placing token on slot 2
[2022-12-15 13:51:44] [SEVERE ] player 3 placing token on slot 1
[2022-12-15 13:51:45] [SEVERE ] player 1 placing token on slot 2
[2022-12-15 13:51:45] [SEVERE ] player 2 placing token on slot 0
[2022-12-15 13:51:45] [SEVERE ] player 3 placing token on slot 6
[2022-12-15 13:51:46] [SEVERE ] player 1 placing token on slot 4
[2022-12-15 13:51:46] [SEVERE ] removing player 1 token from slot 11
[2022-12-15 13:51:46] [SEVERE ] removing player 1 token from slot 2
[2022-12-15 13:51:46] [SEVERE ] removing player 1 token from slot 4
[2022-12-15 13:51:46] [SEVERE ] setting player 1 freeze to 3000
[2022-12-15 13:51:46] [SEVERE ] setting player 1 freeze to 2987
[2022-12-15 13:51:46] [SEVERE ] removing player 3 token from slot 6
[2022-12-15 13:51:46] [SEVERE ] player 2 placing token on slot 7
[2022-12-15 13:51:46] [SEVERE ] removing player 2 token from slot 2
[2022-12-15 13:51:46] [SEVERE ] removing player 2 token from slot 0
[2022-12-15 13:51:46] [SEVERE ] removing player 2 token from slot 7
[2022-12-15 13:51:46] [SEVERE ] setting player 2 freeze to 3000
[2022-12-15 13:51:46] [SEVERE ] setting player 2 freeze to 2984
[2022-12-15 13:51:46] [SEVERE ] setting player 1 freeze to 2971
[2022-12-15 13:51:46] [SEVERE ] setting player 1 freeze to 2955
[2022-12-15 13:51:46] [SEVERE ] setting player 2 freeze to 2968
[2022-12-15 13:51:46] [SEVERE ] setting player 1 freeze to 2939
[2022-12-15 13:51:46] [SEVERE ] setting player 2 freeze to 2952
[2022-12-15 13:51:46] [SEVERE ] setting player 2 freeze to 2936
[2022-12-15 13:51:46] [SEVERE ] setting player 1 freeze to 2923
[2022-12-15 13:51:46] [SEVERE ] setting player 2 freeze to 2920
[2022-12-15 13:51:46] [SEVERE ] setting player 1 freeze to 2907
[2022-12-15 13:51:46] [SEVERE ] setting player 2 freeze to 2904
[2022-12-15 13:51:46] [SEVERE ] setting player 1 freeze to 2891
[2022-12-15 13:51:46] [SEVERE ] setting player 2 freeze to 2888
[2022-12-15 13:51:46] [SEVERE ] setting player 1 freeze to 2875
[2022-12-15 13:51:46] [SEVERE ] setting player 2 freeze to 2872
[2022-12-15 13:51:46] [SEVERE ] setting player 1 freeze to 2859
[2022-12-15 13:51:47] [SEVERE ] setting player 1 freeze to 2843
[2022-12-15 13:51:47] [SEVERE ] setting player 2 freeze to 2856
[2022-12-15 13:51:47] [SEVERE ] setting player 1 freeze to 2827
[2022-12-15 13:51:47] [SEVERE ] setting player 2 freeze to 2840
[2022-12-15 13:51:47] [SEVERE ] setting player 1 freeze to 2811
[2022-12-15 13:51:47] [SEVERE ] setting player 2 freeze to 2824
[2022-12-15 13:51:47] [SEVERE ] setting player 2 freeze to 2808
[2022-12-15 13:51:47] [SEVERE ] setting player 1 freeze to 2795
[2022-12-15 13:51:47] [SEVERE ] setting player 2 freeze to 2792
[2022-12-15 13:51:47] [SEVERE ] setting player 1 freeze to 2779
[2022-12-15 13:51:47] [SEVERE ] setting player 2 freeze to 2778
[2022-12-15 13:51:47] [SEVERE ] setting player 1 freeze to 2765
[2022-12-15 13:51:47] [SEVERE ] setting player 2 freeze to 2762
[2022-12-15 13:51:47] [SEVERE ] setting player 1 freeze to 2749
[2022-12-15 13:51:47] [SEVERE ] setting player 1 freeze to 2733
[2022-12-15 13:51:47] [SEVERE ] setting player 2 freeze to 2746
[2022-12-15 13:51:47] [SEVERE ] setting player 1 freeze to 2718
[2022-12-15 13:51:47] [SEVERE ] setting player 2 freeze to 2731
[2022-12-15 13:51:47] [SEVERE ] setting player 2 freeze to 2715
[2022-12-15 13:51:47] [SEVERE ] setting player 1 freeze to 2702
[2022-12-15 13:51:47] [SEVERE ] setting player 2 freeze to 2699
[2022-12-15 13:51:47] [SEVERE ] setting player 1 freeze to 2686
[2022-12-15 13:51:47] [SEVERE ] setting player 1 freeze to 2670
[2022-12-15 13:51:47] [SEVERE ] setting player 2 freeze to 2683
[2022-12-15 13:51:47] [SEVERE ] setting player 1 freeze to 2654
[2022-12-15 13:51:47] [SEVERE ] setting player 2 freeze to 2667
[2022-12-15 13:51:47] [SEVERE ] setting player 2 freeze to 2651
[2022-12-15 13:51:47] [SEVERE ] setting player 1 freeze to 2638
[2022-12-15 13:51:47] [SEVERE ] setting player 1 freeze to 2622
[2022-12-15 13:51:47] [SEVERE ] setting player 2 freeze to 2635
[2022-12-15 13:51:47] [SEVERE ] setting player 2 freeze to 2620
[2022-12-15 13:51:47] [SEVERE ] setting player 1 freeze to 2607
[2022-12-15 13:51:47] [SEVERE ] setting player 1 freeze to 2591
[2022-12-15 13:51:47] [SEVERE ] setting player 2 freeze to 2604
[2022-12-15 13:51:47] [SEVERE ] setting player 2 freeze to 2588
[2022-12-15 13:51:47] [SEVERE ] setting player 1 freeze to 2575
[2022-12-15 13:51:47] [SEVERE ] setting player 1 freeze to 2559
[2022-12-15 13:51:47] [SEVERE ] setting player 2 freeze to 2572
[2022-12-15 13:51:47] [SEVERE ] setting player 2 freeze to 2556
[2022-12-15 13:51:47] [SEVERE ] setting player 1 freeze to 2543
[2022-12-15 13:51:47] [SEVERE ] setting player 2 freeze to 2540
[2022-12-15 13:51:47] [SEVERE ] setting player 1 freeze to 2527
[2022-12-15 13:51:47] [SEVERE ] setting player 1 freeze to 2511
[2022-12-15 13:51:47] [SEVERE ] setting player 2 freeze to 2524
[2022-12-15 13:51:47] [SEVERE ] setting player 2 freeze to 2508
[2022-12-15 13:51:47] [SEVERE ] setting player 1 freeze to 2495
[2022-12-15 13:51:47] [SEVERE ] setting player 1 freeze to 2479
[2022-12-15 13:51:47] [SEVERE ] setting player 2 freeze to 2492
[2022-12-15 13:51:47] [SEVERE ] setting player 1 freeze to 2463
[2022-12-15 13:51:47] [SEVERE ] setting player 2 freeze to 2476
[2022-12-15 13:51:47] [SEVERE ] setting player 2 freeze to 2460
[2022-12-15 13:51:47] [SEVERE ] setting player 1 freeze to 2447
[2022-12-15 13:51:47] [SEVERE ] setting player 2 freeze to 2444
[2022-12-15 13:51:47] [SEVERE ] setting player 1 freeze to 2431
[2022-12-15 13:51:47] [SEVERE ] setting player 1 freeze to 2415
[2022-12-15 13:51:47] [SEVERE ] setting player 2 freeze to 2428
[2022-12-15 13:51:47] [SEVERE ] setting player 1 freeze to 2399
[2022-12-15 13:51:47] [SEVERE ] setting player 2 freeze to 2412
[2022-12-15 13:51:47] [SEVERE ] setting player 1 freeze to 2384
[2022-12-15 13:51:47] [SEVERE ] setting player 2 freeze to 2397
[2022-12-15 13:51:47] [SEVERE ] setting player 2 freeze to 2381
[2022-12-15 13:51:47] [SEVERE ] setting player 1 freeze to 2368
[2022-12-15 13:51:47] [SEVERE ] setting player 2 freeze to 2365
[2022-12-15 13:51:47] [SEVERE ] setting player 1 freeze to 2352
[2022-12-15 13:51:47] [SEVERE ] setting player 1 freeze to 2337
[2022-12-15 13:51:47] [SEVERE ] setting player 2 freeze to 2350
[2022-12-15 13:51:47] [SEVERE ] setting player 1 freeze to 2321
[2022-12-15 13:51:47] [SEVERE ] setting player 2 freeze to 2334
[2022-12-15 13:51:47] [SEVERE ] setting player 2 freeze to 2318
[2022-12-15 13:51:47] [SEVERE ] setting player 1 freeze to 2305
[2022-12-15 13:51:47] [SEVERE ] setting player 1 freeze to 2289
[2022-12-15 13:51:47] [SEVERE ] setting player 2 freeze to 2302
[2022-12-15 13:51:47] [SEVERE ] setting player 2 freeze to 2286
[2022-12-15 13:51:47] [SEVERE ] setting player 1 freeze to 2273
[2022-12-15 13:51:47] [SEVERE ] setting player 2 freeze to 2270
[2022-12-15 13:51:47] [SEVERE ] setting player 1 freeze to 2257
[2022-12-15 13:51:47] [SEVERE ] setting player 2 freeze to 2254
[2022-12-15 13:51:47] [SEVERE ] setting player 1 freeze to 2241
[2022-12-15 13:51:47] [SEVERE ] setting player 1 freeze to 2225
[2022-12-15 13:51:47] [SEVERE ] setting player 2 freeze to 2238
[2022-12-15 13:51:47] [SEVERE ] setting player 1 freeze to 2209
[2022-12-15 13:51:47] [SEVERE ] setting player 2 freeze to 2222
[2022-12-15 13:51:47] [SEVERE ] setting player 1 freeze to 2193
[2022-12-15 13:51:47] [SEVERE ] setting player 2 freeze to 2206
[2022-12-15 13:51:47] [SEVERE ] setting player 2 freeze to 2191
[2022-12-15 13:51:47] [SEVERE ] setting player 1 freeze to 2178
[2022-12-15 13:51:47] [SEVERE ] setting player 2 freeze to 2180
[2022-12-15 13:51:47] [SEVERE ] setting player 1 freeze to 2162
[2022-12-15 13:51:47] [SEVERE ] setting player 1 freeze to 2146
[2022-12-15 13:51:47] [SEVERE ] setting player 2 freeze to 2159
[2022-12-15 13:51:47] [SEVERE ] setting player 1 freeze to 2131
[2022-12-15 13:51:47] [SEVERE ] setting player 2 freeze to 2144
[2022-12-15 13:51:47] [SEVERE ] setting player 2 freeze to 2128
[2022-12-15 13:51:47] [SEVERE ] setting player 1 freeze to 2115
[2022-12-15 13:51:47] [SEVERE ] setting player 2 freeze to 2112
[2022-12-15 13:51:47] [SEVERE ] setting player 1 freeze to 2099
[2022-12-15 13:51:47] [SEVERE ] setting player 2 freeze to 2096
[2022-12-15 13:51:47] [SEVERE ] setting player 1 freeze to 2083
[2022-12-15 13:51:47] [SEVERE ] setting player 2 freeze to 2085
[2022-12-15 13:51:47] [SEVERE ] setting player 1 freeze to 2067
[2022-12-15 13:51:47] [SEVERE ] setting player 2 freeze to 2065
[2022-12-15 13:51:47] [SEVERE ] setting player 1 freeze to 2052
[2022-12-15 13:51:47] [SEVERE ] setting player 1 freeze to 2037
[2022-12-15 13:51:47] [SEVERE ] setting player 2 freeze to 2050
[2022-12-15 13:51:47] [SEVERE ] setting player 2 freeze to 2034
[2022-12-15 13:51:47] [SEVERE ] setting player 1 freeze to 2021
[2022-12-15 13:51:47] [SEVERE ] setting player 2 freeze to 2019
[2022-12-15 13:51:47] [SEVERE ] setting player 1 freeze to 2006
[2022-12-15 13:51:47] [SEVERE ] setting player 1 freeze to 1990
[2022-12-15 13:51:47] [SEVERE ] setting player 2 freeze to 2003
[2022-12-15 13:51:47] [SEVERE ] setting player 1 freeze to 1974
[2022-12-15 13:51:47] [SEVERE ] player 3 placing token on slot 0
[2022-12-15 13:51:47] [SEVERE ] setting player 2 freeze to 1987
[2022-12-15 13:51:47] [SEVERE ] setting player 1 freeze to 1963
[2022-12-15 13:51:47] [SEVERE ] setting player 2 freeze to 1971
[2022-12-15 13:51:47] [SEVERE ] setting player 1 freeze to 1943
[2022-12-15 13:51:47] [SEVERE ] setting player 2 freeze to 1956
[2022-12-15 13:51:47] [SEVERE ] setting player 2 freeze to 1940
[2022-12-15 13:51:47] [SEVERE ] setting player 1 freeze to 1927
[2022-12-15 13:51:47] [SEVERE ] setting player 2 freeze to 1924
[2022-12-15 13:51:47] [SEVERE ] setting player 1 freeze to 1911
[2022-12-15 13:51:47] [SEVERE ] setting player 2 freeze to 1908
[2022-12-15 13:51:47] [SEVERE ] setting player 1 freeze to 1895
[2022-12-15 13:51:47] [SEVERE ] setting player 1 freeze to 1879
[2022-12-15 13:51:47] [SEVERE ] setting player 2 freeze to 1892
[2022-12-15 13:51:47] [SEVERE ] setting player 1 freeze to 1863
[2022-12-15 13:51:47] [SEVERE ] setting player 2 freeze to 1876
[2022-12-15 13:51:48] [SEVERE ] setting player 2 freeze to 1861
[2022-12-15 13:51:48] [SEVERE ] setting player 1 freeze to 1848
[2022-12-15 13:51:48] [SEVERE ] setting player 2 freeze to 1845
[2022-12-15 13:51:48] [SEVERE ] setting player 1 freeze to 1832
[2022-12-15 13:51:48] [SEVERE ] setting player 2 freeze to 1829
[2022-12-15 13:51:48] [SEVERE ] setting player 1 freeze to 1816
[2022-12-15 13:51:48] [SEVERE ] setting player 2 freeze to 1814
[2022-12-15 13:51:48] [SEVERE ] setting player 1 freeze to 1801
[2022-12-15 13:51:48] [SEVERE ] setting player 2 freeze to 1798
[2022-12-15 13:51:48] [SEVERE ] setting player 1 freeze to 1785
[2022-12-15 13:51:48] [SEVERE ] setting player 1 freeze to 1769
[2022-12-15 13:51:48] [SEVERE ] setting player 2 freeze to 1782
[2022-12-15 13:51:48] [SEVERE ] setting player 2 freeze to 1766
[2022-12-15 13:51:48] [SEVERE ] setting player 1 freeze to 1753
[2022-12-15 13:51:48] [SEVERE ] setting player 1 freeze to 1737
[2022-12-15 13:51:48] [SEVERE ] setting player 2 freeze to 1750
[2022-12-15 13:51:48] [SEVERE ] setting player 1 freeze to 1721
[2022-12-15 13:51:48] [SEVERE ] setting player 2 freeze to 1734
[2022-12-15 13:51:48] [SEVERE ] setting player 1 freeze to 1705
[2022-12-15 13:51:48] [SEVERE ] setting player 2 freeze to 1718
[2022-12-15 13:51:48] [SEVERE ] setting player 1 freeze to 1689
[2022-12-15 13:51:48] [SEVERE ] setting player 2 freeze to 1702
[2022-12-15 13:51:48] [SEVERE ] setting player 1 freeze to 1673
[2022-12-15 13:51:48] [SEVERE ] setting player 2 freeze to 1686
[2022-12-15 13:51:48] [SEVERE ] setting player 1 freeze to 1657
[2022-12-15 13:51:48] [SEVERE ] setting player 2 freeze to 1670
[2022-12-15 13:51:48] [SEVERE ] setting player 2 freeze to 1655
[2022-12-15 13:51:48] [SEVERE ] setting player 1 freeze to 1642
[2022-12-15 13:51:48] [SEVERE ] setting player 2 freeze to 1639
[2022-12-15 13:51:48] [SEVERE ] setting player 1 freeze to 1626
[2022-12-15 13:51:48] [SEVERE ] setting player 1 freeze to 1610
[2022-12-15 13:51:48] [SEVERE ] setting player 2 freeze to 1623
[2022-12-15 13:51:48] [SEVERE ] setting player 1 freeze to 1594
[2022-12-15 13:51:48] [SEVERE ] setting player 2 freeze to 1607
[2022-12-15 13:51:48] [SEVERE ] setting player 1 freeze to 1578
[2022-12-15 13:51:48] [SEVERE ] setting player 2 freeze to 1591
[2022-12-15 13:51:48] [SEVERE ] setting player 1 freeze to 1562
[2022-12-15 13:51:48] [SEVERE ] setting player 2 freeze to 1575
[2022-12-15 13:51:48] [SEVERE ] setting player 2 freeze to 1559
[2022-12-15 13:51:48] [SEVERE ] setting player 1 freeze to 1546
[2022-12-15 13:51:48] [SEVERE ] setting player 2 freeze to 1543
[2022-12-15 13:51:48] [SEVERE ] setting player 1 freeze to 1530
[2022-12-15 13:51:48] [SEVERE ] setting player 1 freeze to 1514
[2022-12-15 13:51:48] [SEVERE ] setting player 2 freeze to 1527
[2022-12-15 13:51:48] [SEVERE ] setting player 1 freeze to 1498
[2022-12-15 13:51:48] [SEVERE ] setting player 2 freeze to 1511
[2022-12-15 13:51:48] [SEVERE ] setting player 1 freeze to 1482
[2022-12-15 13:51:48] [SEVERE ] setting player 2 freeze to 1495
[2022-12-15 13:51:48] [SEVERE ] setting player 2 freeze to 1479
[2022-12-15 13:51:48] [SEVERE ] setting player 1 freeze to 1466
[2022-12-15 13:51:48] [SEVERE ] setting player 2 freeze to 1463
[2022-12-15 13:51:48] [SEVERE ] setting player 1 freeze to 1450
[2022-12-15 13:51:48] [SEVERE ] setting player 2 freeze to 1447
[2022-12-15 13:51:48] [SEVERE ] setting player 1 freeze to 1434
[2022-12-15 13:51:48] [SEVERE ] setting player 1 freeze to 1418
[2022-12-15 13:51:48] [SEVERE ] setting player 2 freeze to 1431
[2022-12-15 13:51:48] [SEVERE ] setting player 2 freeze to 1415
[2022-12-15 13:51:48] [SEVERE ] setting player 1 freeze to 1402
[2022-12-15 13:51:48] [SEVERE ] setting player 2 freeze to 1399
[2022-12-15 13:51:48] [SEVERE ] setting player 1 freeze to 1386
[2022-12-15 13:51:48] [SEVERE ] setting player 2 freeze to 1383
[2022-12-15 13:51:48] [SEVERE ] setting player 1 freeze to 1370
[2022-12-15 13:51:48] [SEVERE ] setting player 1 freeze to 1354
[2022-12-15 13:51:48] [SEVERE ] setting player 2 freeze to 1367
[2022-12-15 13:51:48] [SEVERE ] setting player 1 freeze to 1338
[2022-12-15 13:51:48] [SEVERE ] setting player 2 freeze to 1351
[2022-12-15 13:51:48] [SEVERE ] setting player 1 freeze to 1322
[2022-12-15 13:51:48] [SEVERE ] setting player 2 freeze to 1335
[2022-12-15 13:51:48] [SEVERE ] setting player 1 freeze to 1306
[2022-12-15 13:51:48] [SEVERE ] setting player 2 freeze to 1319
[2022-12-15 13:51:48] [SEVERE ] setting player 2 freeze to 1303
[2022-12-15 13:51:48] [SEVERE ] setting player 1 freeze to 1290
[2022-12-15 13:51:48] [SEVERE ] setting player 1 freeze to 1275
[2022-12-15 13:51:48] [SEVERE ] setting player 2 freeze to 1288
[2022-12-15 13:51:48] [SEVERE ] setting player 2 freeze to 1272
[2022-12-15 13:51:48] [SEVERE ] setting player 1 freeze to 1259
[2022-12-15 13:51:48] [SEVERE ] setting player 1 freeze to 1243
[2022-12-15 13:51:48] [SEVERE ] setting player 2 freeze to 1256
[2022-12-15 13:51:48] [SEVERE ] setting player 2 freeze to 1240
[2022-12-15 13:51:48] [SEVERE ] setting player 1 freeze to 1227
[2022-12-15 13:51:48] [SEVERE ] setting player 1 freeze to 1211
[2022-12-15 13:51:48] [SEVERE ] setting player 2 freeze to 1224
[2022-12-15 13:51:48] [SEVERE ] setting player 1 freeze to 1200
[2022-12-15 13:51:48] [SEVERE ] setting player 2 freeze to 1208
[2022-12-15 13:51:48] [SEVERE ] setting player 2 freeze to 1192
[2022-12-15 13:51:48] [SEVERE ] setting player 1 freeze to 1179
[2022-12-15 13:51:48] [SEVERE ] setting player 1 freeze to 1163
[2022-12-15 13:51:48] [SEVERE ] setting player 2 freeze to 1176
[2022-12-15 13:51:48] [SEVERE ] setting player 2 freeze to 1161
[2022-12-15 13:51:48] [SEVERE ] setting player 1 freeze to 1148
[2022-12-15 13:51:48] [SEVERE ] setting player 1 freeze to 1132
[2022-12-15 13:51:48] [SEVERE ] setting player 2 freeze to 1145
[2022-12-15 13:51:48] [SEVERE ] setting player 2 freeze to 1129
[2022-12-15 13:51:48] [SEVERE ] setting player 1 freeze to 1116
[2022-12-15 13:51:48] [SEVERE ] setting player 2 freeze to 1113
[2022-12-15 13:51:48] [SEVERE ] setting player 1 freeze to 1100
[2022-12-15 13:51:48] [SEVERE ] setting player 2 freeze to 1102
[2022-12-15 13:51:48] [SEVERE ] setting player 1 freeze to 1084
[2022-12-15 13:51:48] [SEVERE ] setting player 1 freeze to 1068
[2022-12-15 13:51:48] [SEVERE ] setting player 2 freeze to 1081
[2022-12-15 13:51:48] [SEVERE ] setting player 2 freeze to 1065
[2022-12-15 13:51:48] [SEVERE ] setting player 1 freeze to 1052
[2022-12-15 13:51:48] [SEVERE ] setting player 2 freeze to 1050
[2022-12-15 13:51:48] [SEVERE ] setting player 1 freeze to 1037
[2022-12-15 13:51:48] [SEVERE ] setting player 2 freeze to 1034
[2022-12-15 13:51:48] [SEVERE ] setting player 1 freeze to 1021
[2022-12-15 13:51:48] [SEVERE ] setting player 1 freeze to 1005
[2022-12-15 13:51:48] [SEVERE ] setting player 2 freeze to 1018
[2022-12-15 13:51:48] [SEVERE ] setting player 1 freeze to 990
[2022-12-15 13:51:48] [SEVERE ] setting player 2 freeze to 1003
[2022-12-15 13:51:48] [SEVERE ] setting player 2 freeze to 987
[2022-12-15 13:51:48] [SEVERE ] setting player 1 freeze to 974
[2022-12-15 13:51:48] [SEVERE ] player 3 placing token on slot 8
[2022-12-15 13:51:48] [SEVERE ] removing player 3 token from slot 1
[2022-12-15 13:51:48] [SEVERE ] removing player 3 token from slot 0
[2022-12-15 13:51:48] [SEVERE ] removing player 3 token from slot 8
[2022-12-15 13:51:48] [SEVERE ] setting player 3 freeze to 3000
[2022-12-15 13:51:48] [SEVERE ] setting player 1 freeze to 958
[2022-12-15 13:51:48] [SEVERE ] setting player 3 freeze to 2986
[2022-12-15 13:51:48] [SEVERE ] setting player 2 freeze to 971
[2022-12-15 13:51:48] [SEVERE ] setting player 1 freeze to 947
[2022-12-15 13:51:48] [SEVERE ] setting player 2 freeze to 955
[2022-12-15 13:51:48] [SEVERE ] setting player 3 freeze to 2970
[2022-12-15 13:51:48] [SEVERE ] setting player 2 freeze to 943
[2022-12-15 13:51:48] [SEVERE ] setting player 3 freeze to 2954
[2022-12-15 13:51:48] [SEVERE ] setting player 1 freeze to 926
[2022-12-15 13:51:48] [SEVERE ] setting player 1 freeze to 910
[2022-12-15 13:51:48] [SEVERE ] setting player 2 freeze to 923
[2022-12-15 13:51:48] [SEVERE ] setting player 3 freeze to 2938
[2022-12-15 13:51:48] [SEVERE ] setting player 1 freeze to 900
[2022-12-15 13:51:48] [SEVERE ] setting player 2 freeze to 908
[2022-12-15 13:51:48] [SEVERE ] setting player 3 freeze to 2923
[2022-12-15 13:51:48] [SEVERE ] setting player 2 freeze to 892
[2022-12-15 13:51:48] [SEVERE ] setting player 1 freeze to 879
[2022-12-15 13:51:48] [SEVERE ] setting player 3 freeze to 2907
[2022-12-15 13:51:48] [SEVERE ] setting player 2 freeze to 881
[2022-12-15 13:51:48] [SEVERE ] setting player 3 freeze to 2891
[2022-12-15 13:51:48] [SEVERE ] setting player 1 freeze to 863
[2022-12-15 13:51:49] [SEVERE ] setting player 3 freeze to 2880
[2022-12-15 13:51:49] [SEVERE ] setting player 1 freeze to 847
[2022-12-15 13:51:49] [SEVERE ] setting player 2 freeze to 860
[2022-12-15 13:51:49] [SEVERE ] setting player 2 freeze to 844
[2022-12-15 13:51:49] [SEVERE ] setting player 1 freeze to 831
[2022-12-15 13:51:49] [SEVERE ] setting player 3 freeze to 2859
[2022-12-15 13:51:49] [SEVERE ] setting player 2 freeze to 833
[2022-12-15 13:51:49] [SEVERE ] setting player 3 freeze to 2843
[2022-12-15 13:51:49] [SEVERE ] setting player 1 freeze to 815
[2022-12-15 13:51:49] [SEVERE ] setting player 2 freeze to 812
[2022-12-15 13:51:49] [SEVERE ] setting player 1 freeze to 799
[2022-12-15 13:51:49] [SEVERE ] setting player 3 freeze to 2827
[2022-12-15 13:51:49] [SEVERE ] setting player 2 freeze to 800
[2022-12-15 13:51:49] [SEVERE ] setting player 3 freeze to 2812
[2022-12-15 13:51:49] [SEVERE ] setting player 1 freeze to 784
[2022-12-15 13:51:49] [SEVERE ] setting player 2 freeze to 781
[2022-12-15 13:51:49] [SEVERE ] setting player 3 freeze to 2796
[2022-12-15 13:51:49] [SEVERE ] setting player 1 freeze to 768
[2022-12-15 13:51:49] [SEVERE ] setting player 2 freeze to 769
[2022-12-15 13:51:49] [SEVERE ] setting player 1 freeze to 752
[2022-12-15 13:51:49] [SEVERE ] setting player 3 freeze to 2780
[2022-12-15 13:51:49] [SEVERE ] setting player 1 freeze to 736
[2022-12-15 13:51:49] [SEVERE ] setting player 3 freeze to 2764
[2022-12-15 13:51:49] [SEVERE ] setting player 2 freeze to 749
[2022-12-15 13:51:49] [SEVERE ] setting player 1 freeze to 725
[2022-12-15 13:51:49] [SEVERE ] setting player 3 freeze to 2748
[2022-12-15 13:51:49] [SEVERE ] setting player 2 freeze to 733
[2022-12-15 13:51:49] [SEVERE ] setting player 2 freeze to 717
[2022-12-15 13:51:49] [SEVERE ] setting player 1 freeze to 704
[2022-12-15 13:51:49] [SEVERE ] setting player 3 freeze to 2732
[2022-12-15 13:51:49] [SEVERE ] setting player 2 freeze to 705
[2022-12-15 13:51:49] [SEVERE ] setting player 3 freeze to 2716
[2022-12-15 13:51:49] [SEVERE ] setting player 1 freeze to 688
[2022-12-15 13:51:49] [SEVERE ] setting player 1 freeze to 673
[2022-12-15 13:51:49] [SEVERE ] setting player 2 freeze to 686
[2022-12-15 13:51:49] [SEVERE ] setting player 3 freeze to 2701
[2022-12-15 13:51:49] [SEVERE ] setting player 1 freeze to 662
[2022-12-15 13:51:49] [SEVERE ] setting player 3 freeze to 2685
[2022-12-15 13:51:49] [SEVERE ] setting player 2 freeze to 670
[2022-12-15 13:51:49] [SEVERE ] setting player 3 freeze to 2669
[2022-12-15 13:51:49] [SEVERE ] setting player 1 freeze to 641
[2022-12-15 13:51:49] [SEVERE ] setting player 2 freeze to 654
[2022-12-15 13:51:49] [SEVERE ] setting player 3 freeze to 2658
[2022-12-15 13:51:49] [SEVERE ] setting player 1 freeze to 625
[2022-12-15 13:51:49] [SEVERE ] setting player 2 freeze to 638
[2022-12-15 13:51:49] [SEVERE ] setting player 2 freeze to 622
[2022-12-15 13:51:49] [SEVERE ] setting player 3 freeze to 2637
[2022-12-15 13:51:49] [SEVERE ] setting player 1 freeze to 609
[2022-12-15 13:51:49] [SEVERE ] setting player 2 freeze to 611
[2022-12-15 13:51:49] [SEVERE ] setting player 3 freeze to 2621
[2022-12-15 13:51:49] [SEVERE ] setting player 1 freeze to 593
[2022-12-15 13:51:49] [SEVERE ] setting player 1 freeze to 577
[2022-12-15 13:51:49] [SEVERE ] setting player 3 freeze to 2605
[2022-12-15 13:51:49] [SEVERE ] setting player 2 freeze to 590
[2022-12-15 13:51:49] [SEVERE ] setting player 1 freeze to 566
[2022-12-15 13:51:49] [SEVERE ] setting player 3 freeze to 2589
[2022-12-15 13:51:49] [SEVERE ] setting player 2 freeze to 574
[2022-12-15 13:51:49] [SEVERE ] setting player 3 freeze to 2573
[2022-12-15 13:51:49] [SEVERE ] setting player 2 freeze to 558
[2022-12-15 13:51:49] [SEVERE ] setting player 1 freeze to 545
[2022-12-15 13:51:49] [SEVERE ] setting player 3 freeze to 2562
[2022-12-15 13:51:49] [SEVERE ] setting player 1 freeze to 529
[2022-12-15 13:51:49] [SEVERE ] setting player 2 freeze to 542
[2022-12-15 13:51:49] [SEVERE ] setting player 1 freeze to 514
[2022-12-15 13:51:49] [SEVERE ] setting player 3 freeze to 2542
[2022-12-15 13:51:49] [SEVERE ] setting player 2 freeze to 527
[2022-12-15 13:51:49] [SEVERE ] setting player 1 freeze to 503
[2022-12-15 13:51:49] [SEVERE ] setting player 2 freeze to 511
[2022-12-15 13:51:49] [SEVERE ] setting player 3 freeze to 2526
[2022-12-15 13:51:49] [SEVERE ] setting player 2 freeze to 495
[2022-12-15 13:51:49] [SEVERE ] setting player 1 freeze to 482
[2022-12-15 13:51:49] [SEVERE ] setting player 3 freeze to 2510
[2022-12-15 13:51:49] [SEVERE ] setting player 2 freeze to 484
[2022-12-15 13:51:49] [SEVERE ] setting player 3 freeze to 2494
[2022-12-15 13:51:49] [SEVERE ] setting player 1 freeze to 466
[2022-12-15 13:51:49] [SEVERE ] setting player 1 freeze to 450
[2022-12-15 13:51:49] [SEVERE ] setting player 2 freeze to 463
[2022-12-15 13:51:49] [SEVERE ] setting player 3 freeze to 2478
[2022-12-15 13:51:49] [SEVERE ] setting player 1 freeze to 438
[2022-12-15 13:51:49] [SEVERE ] setting player 3 freeze to 2463
[2022-12-15 13:51:49] [SEVERE ] setting player 2 freeze to 448
[2022-12-15 13:51:49] [SEVERE ] setting player 2 freeze to 432
[2022-12-15 13:51:49] [SEVERE ] setting player 1 freeze to 419
[2022-12-15 13:51:49] [SEVERE ] setting player 3 freeze to 2447
[2022-12-15 13:51:49] [SEVERE ] setting player 2 freeze to 421
[2022-12-15 13:51:49] [SEVERE ] setting player 3 freeze to 2431
[2022-12-15 13:51:49] [SEVERE ] setting player 1 freeze to 403
[2022-12-15 13:51:49] [SEVERE ] setting player 3 freeze to 2415
[2022-12-15 13:51:49] [SEVERE ] setting player 2 freeze to 400
[2022-12-15 13:51:49] [SEVERE ] setting player 1 freeze to 387
[2022-12-15 13:51:49] [SEVERE ] setting player 3 freeze to 2404
[2022-12-15 13:51:49] [SEVERE ] setting player 1 freeze to 371
[2022-12-15 13:51:49] [SEVERE ] setting player 2 freeze to 384
[2022-12-15 13:51:49] [SEVERE ] setting player 2 freeze to 368
[2022-12-15 13:51:49] [SEVERE ] setting player 3 freeze to 2383
[2022-12-15 13:51:49] [SEVERE ] setting player 1 freeze to 355
[2022-12-15 13:51:49] [SEVERE ] setting player 2 freeze to 357
[2022-12-15 13:51:49] [SEVERE ] setting player 1 freeze to 339
[2022-12-15 13:51:49] [SEVERE ] setting player 3 freeze to 2367
[2022-12-15 13:51:49] [SEVERE ] setting player 1 freeze to 323
[2022-12-15 13:51:49] [SEVERE ] setting player 2 freeze to 336
[2022-12-15 13:51:49] [SEVERE ] setting player 3 freeze to 2351
[2022-12-15 13:51:49] [SEVERE ] setting player 1 freeze to 312
[2022-12-15 13:51:49] [SEVERE ] setting player 2 freeze to 320
[2022-12-15 13:51:49] [SEVERE ] setting player 3 freeze to 2335
[2022-12-15 13:51:49] [SEVERE ] setting player 1 freeze to 291
[2022-12-15 13:51:49] [SEVERE ] setting player 2 freeze to 304
[2022-12-15 13:51:49] [SEVERE ] setting player 3 freeze to 2319
[2022-12-15 13:51:49] [SEVERE ] setting player 1 freeze to 280
[2022-12-15 13:51:49] [SEVERE ] setting player 3 freeze to 2303
[2022-12-15 13:51:49] [SEVERE ] setting player 2 freeze to 288
[2022-12-15 13:51:49] [SEVERE ] setting player 3 freeze to 2287
[2022-12-15 13:51:49] [SEVERE ] setting player 1 freeze to 259
[2022-12-15 13:51:49] [SEVERE ] setting player 2 freeze to 272
[2022-12-15 13:51:49] [SEVERE ] setting player 3 freeze to 2276
[2022-12-15 13:51:49] [SEVERE ] setting player 2 freeze to 256
[2022-12-15 13:51:49] [SEVERE ] setting player 1 freeze to 243
[2022-12-15 13:51:49] [SEVERE ] setting player 1 freeze to 227
[2022-12-15 13:51:49] [SEVERE ] setting player 3 freeze to 2255
[2022-12-15 13:51:49] [SEVERE ] setting player 2 freeze to 240
[2022-12-15 13:51:49] [SEVERE ] setting player 1 freeze to 195
[2022-12-15 13:51:49] [SEVERE ] setting player 3 freeze to 2223
[2022-12-15 13:51:49] [SEVERE ] setting player 2 freeze to 208
[2022-12-15 13:51:49] [SEVERE ] setting player 1 freeze to 183
[2022-12-15 13:51:49] [SEVERE ] setting player 3 freeze to 2207
[2022-12-15 13:51:49] [SEVERE ] setting player 2 freeze to 192
[2022-12-15 13:51:49] [SEVERE ] setting player 1 freeze to 164
[2022-12-15 13:51:49] [SEVERE ] setting player 3 freeze to 2192
[2022-12-15 13:51:49] [SEVERE ] setting player 2 freeze to 177
[2022-12-15 13:51:49] [SEVERE ] setting player 1 freeze to 153
[2022-12-15 13:51:49] [SEVERE ] setting player 3 freeze to 2177
[2022-12-15 13:51:49] [SEVERE ] setting player 2 freeze to 162
[2022-12-15 13:51:49] [SEVERE ] setting player 3 freeze to 2162
[2022-12-15 13:51:49] [SEVERE ] setting player 1 freeze to 134
[2022-12-15 13:51:49] [SEVERE ] setting player 2 freeze to 147
[2022-12-15 13:51:49] [SEVERE ] setting player 3 freeze to 2151
[2022-12-15 13:51:49] [SEVERE ] setting player 2 freeze to 131
[2022-12-15 13:51:49] [SEVERE ] setting player 1 freeze to 118
[2022-12-15 13:51:49] [SEVERE ] setting player 2 freeze to 115
[2022-12-15 13:51:49] [SEVERE ] setting player 3 freeze to 2130
[2022-12-15 13:51:49] [SEVERE ] setting player 1 freeze to 102
[2022-12-15 13:51:49] [SEVERE ] setting player 2 freeze to 104
[2022-12-15 13:51:49] [SEVERE ] setting player 3 freeze to 2114
[2022-12-15 13:51:49] [SEVERE ] setting player 1 freeze to 86
[2022-12-15 13:51:49] [SEVERE ] setting player 2 freeze to 83
[2022-12-15 13:51:49] [SEVERE ] setting player 3 freeze to 2098
[2022-12-15 13:51:49] [SEVERE ] setting player 1 freeze to 70
[2022-12-15 13:51:49] [SEVERE ] setting player 2 freeze to 72
[2022-12-15 13:51:49] [SEVERE ] setting player 1 freeze to 54
[2022-12-15 13:51:49] [SEVERE ] setting player 3 freeze to 2082
[2022-12-15 13:51:49] [SEVERE ] setting player 1 freeze to 38
[2022-12-15 13:51:49] [SEVERE ] setting player 2 freeze to 51
[2022-12-15 13:51:49] [SEVERE ] setting player 3 freeze to 2066
[2022-12-15 13:51:49] [SEVERE ] setting player 1 freeze to 27
[2022-12-15 13:51:49] [SEVERE ] setting player 2 freeze to 40
[2022-12-15 13:51:49] [SEVERE ] setting player 3 freeze to 2050
[2022-12-15 13:51:49] [SEVERE ] setting player 2 freeze to 19
[2022-12-15 13:51:49] [SEVERE ] setting player 1 freeze to 6
[2022-12-15 13:51:49] [SEVERE ] setting player 3 freeze to 2034
[2022-12-15 13:51:49] [SEVERE ] setting player 2 freeze to 8
[2022-12-15 13:51:49] [SEVERE ] setting player 1 freeze to 0
[2022-12-15 13:51:49] [SEVERE ] setting player 3 freeze to 2019
[2022-12-15 13:51:49] [SEVERE ] setting player 3 freeze to 2003
[2022-12-15 13:51:49] [SEVERE ] player 1 placing token on slot 10
[2022-12-15 13:51:49] [SEVERE ] setting player 2 freeze to 0
[2022-12-15 13:51:49] [SEVERE ] setting player 3 freeze to 1992
[2022-12-15 13:51:49] [SEVERE ] player 2 placing token on slot 5
[2022-12-15 13:51:49] [SEVERE ] setting player 3 freeze to 1971
[2022-12-15 13:51:49] [SEVERE ] setting player 3 freeze to 1956
[2022-12-15 13:51:49] [SEVERE ] setting player 3 freeze to 1940
[2022-12-15 13:51:49] [SEVERE ] setting player 3 freeze to 1924
[2022-12-15 13:51:49] [SEVERE ] setting player 3 freeze to 1908
[2022-12-15 13:51:49] [SEVERE ] setting player 3 freeze to 1893
[2022-12-15 13:51:50] [SEVERE ] setting player 3 freeze to 1877
[2022-12-15 13:51:50] [SEVERE ] setting player 3 freeze to 1861
[2022-12-15 13:51:50] [SEVERE ] setting player 3 freeze to 1845
[2022-12-15 13:51:50] [SEVERE ] setting player 3 freeze to 1829
[2022-12-15 13:51:50] [SEVERE ] setting player 3 freeze to 1813
[2022-12-15 13:51:50] [SEVERE ] setting player 3 freeze to 1798
[2022-12-15 13:51:50] [SEVERE ] setting player 3 freeze to 1783
[2022-12-15 13:51:50] [SEVERE ] setting player 3 freeze to 1767
[2022-12-15 13:51:50] [SEVERE ] setting player 3 freeze to 1751
[2022-12-15 13:51:50] [SEVERE ] setting player 3 freeze to 1735
[2022-12-15 13:51:50] [SEVERE ] setting player 3 freeze to 1719
[2022-12-15 13:51:50] [SEVERE ] setting player 3 freeze to 1704
[2022-12-15 13:51:50] [SEVERE ] setting player 3 freeze to 1688
[2022-12-15 13:51:50] [SEVERE ] setting player 3 freeze to 1672
[2022-12-15 13:51:50] [SEVERE ] setting player 3 freeze to 1657
[2022-12-15 13:51:50] [SEVERE ] setting player 3 freeze to 1641
[2022-12-15 13:51:50] [SEVERE ] setting player 3 freeze to 1625
[2022-12-15 13:51:50] [SEVERE ] setting player 3 freeze to 1609
[2022-12-15 13:51:50] [SEVERE ] setting player 3 freeze to 1593
[2022-12-15 13:51:50] [SEVERE ] setting player 3 freeze to 1577
[2022-12-15 13:51:50] [SEVERE ] setting player 3 freeze to 1561
[2022-12-15 13:51:50] [SEVERE ] setting player 3 freeze to 1545
[2022-12-15 13:51:50] [SEVERE ] setting player 3 freeze to 1530
[2022-12-15 13:51:50] [SEVERE ] setting player 3 freeze to 1514
[2022-12-15 13:51:50] [SEVERE ] setting player 3 freeze to 1498
[2022-12-15 13:51:50] [SEVERE ] setting player 3 freeze to 1482
[2022-12-15 13:51:50] [SEVERE ] setting player 3 freeze to 1466
[2022-12-15 13:51:50] [SEVERE ] setting player 3 freeze to 1450
[2022-12-15 13:51:50] [SEVERE ] setting player 3 freeze to 1435
[2022-12-15 13:51:50] [SEVERE ] setting player 3 freeze to 1419
[2022-12-15 13:51:50] [SEVERE ] setting player 3 freeze to 1403
[2022-12-15 13:51:50] [SEVERE ] setting player 3 freeze to 1387
[2022-12-15 13:51:50] [SEVERE ] setting player 3 freeze to 1371
[2022-12-15 13:51:50] [SEVERE ] setting player 3 freeze to 1355
[2022-12-15 13:51:50] [SEVERE ] setting player 3 freeze to 1339
[2022-12-15 13:51:50] [SEVERE ] setting player 3 freeze to 1323
[2022-12-15 13:51:50] [SEVERE ] setting player 3 freeze to 1307
[2022-12-15 13:51:50] [SEVERE ] setting player 3 freeze to 1291
[2022-12-15 13:51:50] [SEVERE ] setting player 3 freeze to 1275
[2022-12-15 13:51:50] [SEVERE ] setting player 3 freeze to 1259
[2022-12-15 13:51:50] [SEVERE ] setting player 3 freeze to 1243
[2022-12-15 13:51:50] [SEVERE ] setting player 3 freeze to 1227
[2022-12-15 13:51:50] [SEVERE ] setting player 3 freeze to 1211
[2022-12-15 13:51:50] [SEVERE ] setting player 3 freeze to 1195
[2022-12-15 13:51:50] [SEVERE ] setting player 3 freeze to 1180
[2022-12-15 13:51:50] [SEVERE ] setting player 3 freeze to 1164
[2022-12-15 13:51:50] [SEVERE ] setting player 3 freeze to 1148
[2022-12-15 13:51:50] [SEVERE ] setting player 3 freeze to 1132
[2022-12-15 13:51:50] [SEVERE ] setting player 3 freeze to 1116
[2022-12-15 13:51:50] [SEVERE ] setting player 3 freeze to 1100
[2022-12-15 13:51:50] [SEVERE ] setting player 3 freeze to 1084
[2022-12-15 13:51:50] [SEVERE ] setting player 3 freeze to 1068
[2022-12-15 13:51:50] [SEVERE ] setting player 3 freeze to 1053
[2022-12-15 13:51:50] [SEVERE ] setting player 3 freeze to 1037
[2022-12-15 13:51:50] [SEVERE ] setting player 3 freeze to 1021
[2022-12-15 13:51:50] [SEVERE ] setting player 3 freeze to 1005
[2022-12-15 13:51:50] [SEVERE ] player 1 placing token on slot 11
[2022-12-15 13:51:50] [SEVERE ] setting player 3 freeze to 989
[2022-12-15 13:51:50] [SEVERE ] setting player 3 freeze to 973
[2022-12-15 13:51:50] [SEVERE ] player 2 placing token on slot 8
[2022-12-15 13:51:50] [SEVERE ] setting player 3 freeze to 957
[2022-12-15 13:51:50] [SEVERE ] setting player 3 freeze to 941
[2022-12-15 13:51:50] [SEVERE ] setting player 3 freeze to 925
[2022-12-15 13:51:50] [SEVERE ] setting player 3 freeze to 909
[2022-12-15 13:51:50] [SEVERE ] setting player 3 freeze to 893
[2022-12-15 13:51:51] [SEVERE ] setting player 3 freeze to 877
[2022-12-15 13:51:51] [SEVERE ] setting player 3 freeze to 861
[2022-12-15 13:51:51] [SEVERE ] setting player 3 freeze to 845
[2022-12-15 13:51:51] [SEVERE ] setting player 3 freeze to 829
[2022-12-15 13:51:51] [SEVERE ] setting player 3 freeze to 813
[2022-12-15 13:51:51] [SEVERE ] setting player 3 freeze to 798
[2022-12-15 13:51:51] [SEVERE ] setting player 3 freeze to 783
[2022-12-15 13:51:51] [SEVERE ] setting player 3 freeze to 767
[2022-12-15 13:51:51] [SEVERE ] setting player 3 freeze to 752
[2022-12-15 13:51:51] [SEVERE ] setting player 3 freeze to 736
[2022-12-15 13:51:51] [SEVERE ] setting player 3 freeze to 721
[2022-12-15 13:51:51] [SEVERE ] setting player 3 freeze to 705
[2022-12-15 13:51:51] [SEVERE ] setting player 3 freeze to 689
[2022-12-15 13:51:51] [SEVERE ] setting player 3 freeze to 674
[2022-12-15 13:51:51] [SEVERE ] setting player 3 freeze to 659
[2022-12-15 13:51:51] [SEVERE ] setting player 3 freeze to 643
[2022-12-15 13:51:51] [SEVERE ] setting player 3 freeze to 627
[2022-12-15 13:51:51] [SEVERE ] setting player 3 freeze to 611
[2022-12-15 13:51:51] [SEVERE ] setting player 3 freeze to 595
[2022-12-15 13:51:51] [SEVERE ] setting player 3 freeze to 579
[2022-12-15 13:51:51] [SEVERE ] setting player 3 freeze to 563
[2022-12-15 13:51:51] [SEVERE ] setting player 3 freeze to 547
[2022-12-15 13:51:51] [SEVERE ] setting player 3 freeze to 531
[2022-12-15 13:51:51] [SEVERE ] setting player 3 freeze to 515
[2022-12-15 13:51:51] [SEVERE ] setting player 3 freeze to 499
[2022-12-15 13:51:51] [SEVERE ] setting player 3 freeze to 483
[2022-12-15 13:51:51] [SEVERE ] setting player 3 freeze to 468
[2022-12-15 13:51:51] [SEVERE ] setting player 3 freeze to 452
[2022-12-15 13:51:51] [SEVERE ] setting player 3 freeze to 436
[2022-12-15 13:51:51] [SEVERE ] setting player 3 freeze to 420
[2022-12-15 13:51:51] [SEVERE ] setting player 3 freeze to 404
[2022-12-15 13:51:51] [SEVERE ] setting player 3 freeze to 388
[2022-12-15 13:51:51] [SEVERE ] setting player 3 freeze to 372
[2022-12-15 13:51:51] [SEVERE ] setting player 3 freeze to 356
[2022-12-15 13:51:51] [SEVERE ] setting player 3 freeze to 341
[2022-12-15 13:51:51] [SEVERE ] setting player 3 freeze to 326
[2022-12-15 13:51:51] [SEVERE ] setting player 3 freeze to 311
[2022-12-15 13:51:51] [SEVERE ] setting player 3 freeze to 296
[2022-12-15 13:51:51] [SEVERE ] setting player 3 freeze to 280
[2022-12-15 13:51:51] [SEVERE ] setting player 3 freeze to 264
[2022-12-15 13:51:51] [SEVERE ] setting player 3 freeze to 248
[2022-12-15 13:51:51] [SEVERE ] setting player 3 freeze to 232
[2022-12-15 13:51:51] [SEVERE ] setting player 3 freeze to 216
[2022-12-15 13:51:51] [SEVERE ] setting player 3 freeze to 200
[2022-12-15 13:51:51] [SEVERE ] setting player 3 freeze to 184
[2022-12-15 13:51:51] [SEVERE ] setting player 3 freeze to 168
[2022-12-15 13:51:51] [SEVERE ] setting player 3 freeze to 152
[2022-12-15 13:51:51] [SEVERE ] setting player 3 freeze to 137
[2022-12-15 13:51:51] [SEVERE ] setting player 3 freeze to 121
[2022-12-15 13:51:51] [SEVERE ] setting player 3 freeze to 105
[2022-12-15 13:51:51] [SEVERE ] setting player 3 freeze to 89
[2022-12-15 13:51:51] [SEVERE ] setting player 3 freeze to 73
[2022-12-15 13:51:51] [SEVERE ] setting player 3 freeze to 57
[2022-12-15 13:51:51] [SEVERE ] setting player 3 freeze to 41
[2022-12-15 13:51:51] [SEVERE ] setting player 3 freeze to 26
[2022-12-15 13:51:51] [SEVERE ] setting player 3 freeze to 11
[2022-12-15 13:51:51] [SEVERE ] setting player 3 freeze to 0
[2022-12-15 13:51:51] [SEVERE ] player 1 placing token on slot 1
[2022-12-15 13:51:51] [SEVERE ] removing player 1 token from slot 10
[2022-12-15 13:51:51] [SEVERE ] removing player 1 token from slot 11
[2022-12-15 13:51:51] [SEVERE ] removing player 1 token from slot 1
[2022-12-15 13:51:51] [SEVERE ] setting player 1 freeze to 3000
[2022-12-15 13:51:51] [SEVERE ] setting player 1 freeze to 2984
[2022-12-15 13:51:51] [SEVERE ] setting player 1 freeze to 2968
[2022-12-15 13:51:51] [SEVERE ] player 3 placing token on slot 4
[2022-12-15 13:51:51] [SEVERE ] player 2 placing token on slot 4
[2022-12-15 13:51:51] [SEVERE ] removing player 2 token from slot 5
[2022-12-15 13:51:51] [SEVERE ] removing player 2 token from slot 8
[2022-12-15 13:51:51] [SEVERE ] removing player 2 token from slot 4
[2022-12-15 13:51:51] [SEVERE ] setting player 2 freeze to 3000
[2022-12-15 13:51:51] [SEVERE ] setting player 1 freeze to 2953
[2022-12-15 13:51:51] [SEVERE ] setting player 2 freeze to 2981
[2022-12-15 13:51:51] [SEVERE ] setting player 1 freeze to 2938
[2022-12-15 13:51:51] [SEVERE ] setting player 1 freeze to 2923
[2022-12-15 13:51:51] [SEVERE ] setting player 2 freeze to 2966
[2022-12-15 13:51:51] [SEVERE ] setting player 1 freeze to 2907
[2022-12-15 13:51:51] [SEVERE ] setting player 2 freeze to 2950
[2022-12-15 13:51:51] [SEVERE ] setting player 2 freeze to 2934
[2022-12-15 13:51:51] [SEVERE ] setting player 1 freeze to 2891
[2022-12-15 13:51:52] [SEVERE ] setting player 2 freeze to 2918
[2022-12-15 13:51:52] [SEVERE ] setting player 1 freeze to 2875
[2022-12-15 13:51:52] [SEVERE ] setting player 2 freeze to 2902
[2022-12-15 13:51:52] [SEVERE ] setting player 1 freeze to 2859
[2022-12-15 13:51:52] [SEVERE ] setting player 1 freeze to 2843
[2022-12-15 13:51:52] [SEVERE ] setting player 2 freeze to 2886
[2022-12-15 13:51:52] [SEVERE ] setting player 2 freeze to 2870
[2022-12-15 13:51:52] [SEVERE ] setting player 1 freeze to 2827
[2022-12-15 13:51:52] [SEVERE ] setting player 2 freeze to 2854
[2022-12-15 13:51:52] [SEVERE ] setting player 1 freeze to 2811
[2022-12-15 13:51:52] [SEVERE ] setting player 2 freeze to 2838
[2022-12-15 13:51:52] [SEVERE ] setting player 1 freeze to 2795
[2022-12-15 13:51:52] [SEVERE ] setting player 2 freeze to 2822
[2022-12-15 13:51:52] [SEVERE ] setting player 1 freeze to 2779
[2022-12-15 13:51:52] [SEVERE ] setting player 1 freeze to 2763
[2022-12-15 13:51:52] [SEVERE ] setting player 2 freeze to 2806
[2022-12-15 13:51:52] [SEVERE ] setting player 1 freeze to 2747
[2022-12-15 13:51:52] [SEVERE ] setting player 2 freeze to 2790
[2022-12-15 13:51:52] [SEVERE ] setting player 1 freeze to 2731
[2022-12-15 13:51:52] [SEVERE ] setting player 2 freeze to 2774
[2022-12-15 13:51:52] [SEVERE ] setting player 2 freeze to 2758
[2022-12-15 13:51:52] [SEVERE ] setting player 1 freeze to 2715
[2022-12-15 13:51:52] [SEVERE ] setting player 1 freeze to 2699
[2022-12-15 13:51:52] [SEVERE ] setting player 2 freeze to 2742
[2022-12-15 13:51:52] [SEVERE ] setting player 2 freeze to 2726
[2022-12-15 13:51:52] [SEVERE ] setting player 1 freeze to 2683
[2022-12-15 13:51:52] [SEVERE ] setting player 2 freeze to 2710
[2022-12-15 13:51:52] [SEVERE ] setting player 1 freeze to 2667
[2022-12-15 13:51:52] [SEVERE ] setting player 2 freeze to 2699
[2022-12-15 13:51:52] [SEVERE ] setting player 1 freeze to 2651
[2022-12-15 13:51:52] [SEVERE ] setting player 2 freeze to 2678
[2022-12-15 13:51:52] [SEVERE ] setting player 1 freeze to 2635
[2022-12-15 13:51:52] [SEVERE ] setting player 2 freeze to 2662
[2022-12-15 13:51:52] [SEVERE ] setting player 1 freeze to 2619
[2022-12-15 13:51:52] [SEVERE ] setting player 2 freeze to 2646
[2022-12-15 13:51:52] [SEVERE ] setting player 1 freeze to 2603
[2022-12-15 13:51:52] [SEVERE ] setting player 2 freeze to 2630
[2022-12-15 13:51:52] [SEVERE ] setting player 1 freeze to 2587
[2022-12-15 13:51:52] [SEVERE ] setting player 1 freeze to 2572
[2022-12-15 13:51:52] [SEVERE ] setting player 2 freeze to 2615
[2022-12-15 13:51:52] [SEVERE ] setting player 2 freeze to 2600
[2022-12-15 13:51:52] [SEVERE ] setting player 1 freeze to 2557
[2022-12-15 13:51:52] [SEVERE ] setting player 1 freeze to 2541
[2022-12-15 13:51:52] [SEVERE ] setting player 2 freeze to 2584
[2022-12-15 13:51:52] [SEVERE ] setting player 2 freeze to 2568
[2022-12-15 13:51:52] [SEVERE ] setting player 1 freeze to 2525
[2022-12-15 13:51:52] [SEVERE ] setting player 1 freeze to 2509
[2022-12-15 13:51:52] [SEVERE ] setting player 2 freeze to 2552
[2022-12-15 13:51:52] [SEVERE ] setting player 2 freeze to 2536
[2022-12-15 13:51:52] [SEVERE ] setting player 1 freeze to 2493
[2022-12-15 13:51:52] [SEVERE ] setting player 2 freeze to 2520
[2022-12-15 13:51:52] [SEVERE ] setting player 1 freeze to 2477
[2022-12-15 13:51:52] [SEVERE ] setting player 2 freeze to 2509
[2022-12-15 13:51:52] [SEVERE ] setting player 1 freeze to 2461
[2022-12-15 13:51:52] [SEVERE ] setting player 1 freeze to 2445
[2022-12-15 13:51:52] [SEVERE ] setting player 2 freeze to 2488
[2022-12-15 13:51:52] [SEVERE ] setting player 2 freeze to 2472
[2022-12-15 13:51:52] [SEVERE ] setting player 1 freeze to 2429
[2022-12-15 13:51:52] [SEVERE ] setting player 2 freeze to 2456
[2022-12-15 13:51:52] [SEVERE ] setting player 1 freeze to 2413
[2022-12-15 13:51:52] [SEVERE ] setting player 1 freeze to 2397
[2022-12-15 13:51:52] [SEVERE ] setting player 2 freeze to 2440
[2022-12-15 13:51:52] [SEVERE ] setting player 1 freeze to 2381
[2022-12-15 13:51:52] [SEVERE ] setting player 2 freeze to 2424
[2022-12-15 13:51:52] [SEVERE ] setting player 2 freeze to 2408
[2022-12-15 13:51:52] [SEVERE ] setting player 1 freeze to 2365
[2022-12-15 13:51:52] [SEVERE ] setting player 2 freeze to 2392
[2022-12-15 13:51:52] [SEVERE ] setting player 1 freeze to 2349
[2022-12-15 13:51:52] [SEVERE ] setting player 1 freeze to 2333
[2022-12-15 13:51:52] [SEVERE ] setting player 2 freeze to 2376
[2022-12-15 13:51:52] [SEVERE ] setting player 2 freeze to 2360
[2022-12-15 13:51:52] [SEVERE ] setting player 1 freeze to 2317
[2022-12-15 13:51:52] [SEVERE ] setting player 2 freeze to 2345
[2022-12-15 13:51:52] [SEVERE ] setting player 1 freeze to 2302
[2022-12-15 13:51:52] [SEVERE ] setting player 1 freeze to 2286
[2022-12-15 13:51:52] [SEVERE ] setting player 2 freeze to 2329
[2022-12-15 13:51:52] [SEVERE ] setting player 2 freeze to 2313
[2022-12-15 13:51:52] [SEVERE ] setting player 1 freeze to 2270
[2022-12-15 13:51:52] [SEVERE ] setting player 1 freeze to 2254
[2022-12-15 13:51:52] [SEVERE ] setting player 2 freeze to 2297
[2022-12-15 13:51:52] [SEVERE ] setting player 2 freeze to 2281
[2022-12-15 13:51:52] [SEVERE ] setting player 1 freeze to 2238
[2022-12-15 13:51:52] [SEVERE ] setting player 1 freeze to 2222
[2022-12-15 13:51:52] [SEVERE ] setting player 2 freeze to 2265
[2022-12-15 13:51:52] [SEVERE ] setting player 2 freeze to 2249
[2022-12-15 13:51:52] [SEVERE ] setting player 1 freeze to 2206
[2022-12-15 13:51:52] [SEVERE ] setting player 2 freeze to 2234
[2022-12-15 13:51:52] [SEVERE ] setting player 1 freeze to 2191
[2022-12-15 13:51:52] [SEVERE ] setting player 1 freeze to 2175
[2022-12-15 13:51:52] [SEVERE ] setting player 2 freeze to 2218
[2022-12-15 13:51:52] [SEVERE ] setting player 2 freeze to 2202
[2022-12-15 13:51:52] [SEVERE ] setting player 1 freeze to 2159
[2022-12-15 13:51:52] [SEVERE ] setting player 1 freeze to 2143
[2022-12-15 13:51:52] [SEVERE ] setting player 2 freeze to 2186
[2022-12-15 13:51:52] [SEVERE ] setting player 2 freeze to 2170
[2022-12-15 13:51:52] [SEVERE ] setting player 1 freeze to 2127
[2022-12-15 13:51:52] [SEVERE ] setting player 2 freeze to 2154
[2022-12-15 13:51:52] [SEVERE ] setting player 1 freeze to 2111
[2022-12-15 13:51:52] [SEVERE ] setting player 1 freeze to 2095
[2022-12-15 13:51:52] [SEVERE ] setting player 2 freeze to 2138
[2022-12-15 13:51:52] [SEVERE ] setting player 1 freeze to 2080
[2022-12-15 13:51:52] [SEVERE ] setting player 2 freeze to 2123
[2022-12-15 13:51:52] [SEVERE ] setting player 1 freeze to 2064
[2022-12-15 13:51:52] [SEVERE ] setting player 2 freeze to 2107
[2022-12-15 13:51:52] [SEVERE ] setting player 1 freeze to 2053
[2022-12-15 13:51:52] [SEVERE ] setting player 2 freeze to 2091
[2022-12-15 13:51:52] [SEVERE ] setting player 2 freeze to 2075
[2022-12-15 13:51:52] [SEVERE ] setting player 1 freeze to 2032
[2022-12-15 13:51:52] [SEVERE ] setting player 2 freeze to 2059
[2022-12-15 13:51:52] [SEVERE ] setting player 1 freeze to 2016
[2022-12-15 13:51:52] [SEVERE ] setting player 1 freeze to 2000
[2022-12-15 13:51:52] [SEVERE ] setting player 2 freeze to 2043
[2022-12-15 13:51:52] [SEVERE ] setting player 1 freeze to 1984
[2022-12-15 13:51:52] [SEVERE ] setting player 2 freeze to 2027
[2022-12-15 13:51:52] [SEVERE ] setting player 1 freeze to 1968
[2022-12-15 13:51:52] [SEVERE ] setting player 2 freeze to 2011
[2022-12-15 13:51:52] [SEVERE ] player 3 placing token on slot 6
[2022-12-15 13:51:52] [SEVERE ] setting player 1 freeze to 1952
[2022-12-15 13:51:52] [SEVERE ] setting player 2 freeze to 1995
[2022-12-15 13:51:52] [SEVERE ] setting player 2 freeze to 1979
[2022-12-15 13:51:52] [SEVERE ] setting player 1 freeze to 1936
[2022-12-15 13:51:52] [SEVERE ] setting player 1 freeze to 1920
[2022-12-15 13:51:52] [SEVERE ] setting player 2 freeze to 1963
[2022-12-15 13:51:52] [SEVERE ] setting player 2 freeze to 1947
[2022-12-15 13:51:52] [SEVERE ] setting player 1 freeze to 1904
[2022-12-15 13:51:52] [SEVERE ] setting player 1 freeze to 1888
[2022-12-15 13:51:52] [SEVERE ] setting player 2 freeze to 1931
[2022-12-15 13:51:53] [SEVERE ] setting player 2 freeze to 1915
[2022-12-15 13:51:53] [SEVERE ] setting player 1 freeze to 1872
[2022-12-15 13:51:53] [SEVERE ] setting player 2 freeze to 1899
[2022-12-15 13:51:53] [SEVERE ] setting player 1 freeze to 1856
[2022-12-15 13:51:53] [SEVERE ] setting player 2 freeze to 1883
[2022-12-15 13:51:53] [SEVERE ] setting player 1 freeze to 1840
[2022-12-15 13:51:53] [SEVERE ] setting player 2 freeze to 1867
[2022-12-15 13:51:53] [SEVERE ] setting player 1 freeze to 1824
[2022-12-15 13:51:53] [SEVERE ] setting player 1 freeze to 1809
[2022-12-15 13:51:53] [SEVERE ] setting player 2 freeze to 1852
[2022-12-15 13:51:53] [SEVERE ] setting player 2 freeze to 1836
[2022-12-15 13:51:53] [SEVERE ] setting player 1 freeze to 1793
[2022-12-15 13:51:53] [SEVERE ] setting player 1 freeze to 1777
[2022-12-15 13:51:53] [SEVERE ] setting player 2 freeze to 1820
[2022-12-15 13:51:53] [SEVERE ] setting player 2 freeze to 1804
[2022-12-15 13:51:53] [SEVERE ] setting player 1 freeze to 1761
[2022-12-15 13:51:53] [SEVERE ] setting player 1 freeze to 1745
[2022-12-15 13:51:53] [SEVERE ] setting player 2 freeze to 1788
[2022-12-15 13:51:53] [SEVERE ] setting player 1 freeze to 1729
[2022-12-15 13:51:53] [SEVERE ] setting player 2 freeze to 1772
[2022-12-15 13:51:53] [SEVERE ] setting player 2 freeze to 1757
[2022-12-15 13:51:53] [SEVERE ] setting player 1 freeze to 1714
[2022-12-15 13:51:53] [SEVERE ] setting player 2 freeze to 1741
[2022-12-15 13:51:53] [SEVERE ] setting player 1 freeze to 1698
[2022-12-15 13:51:53] [SEVERE ] setting player 1 freeze to 1682
[2022-12-15 13:51:53] [SEVERE ] setting player 2 freeze to 1725
[2022-12-15 13:51:53] [SEVERE ] setting player 2 freeze to 1709
[2022-12-15 13:51:53] [SEVERE ] setting player 1 freeze to 1666
[2022-12-15 13:51:53] [SEVERE ] setting player 1 freeze to 1650
[2022-12-15 13:51:53] [SEVERE ] setting player 2 freeze to 1693
[2022-12-15 13:51:53] [SEVERE ] setting player 2 freeze to 1677
[2022-12-15 13:51:53] [SEVERE ] setting player 1 freeze to 1634
[2022-12-15 13:51:53] [SEVERE ] setting player 2 freeze to 1661
[2022-12-15 13:51:53] [SEVERE ] setting player 1 freeze to 1618
[2022-12-15 13:51:53] [SEVERE ] setting player 2 freeze to 1645
[2022-12-15 13:51:53] [SEVERE ] setting player 1 freeze to 1602
[2022-12-15 13:51:53] [SEVERE ] setting player 2 freeze to 1629
[2022-12-15 13:51:53] [SEVERE ] setting player 1 freeze to 1586
[2022-12-15 13:51:53] [SEVERE ] setting player 1 freeze to 1570
[2022-12-15 13:51:53] [SEVERE ] setting player 2 freeze to 1613
[2022-12-15 13:51:53] [SEVERE ] setting player 1 freeze to 1554
[2022-12-15 13:51:53] [SEVERE ] setting player 2 freeze to 1597
[2022-12-15 13:51:53] [SEVERE ] setting player 2 freeze to 1581
[2022-12-15 13:51:53] [SEVERE ] setting player 1 freeze to 1538
[2022-12-15 13:51:53] [SEVERE ] setting player 1 freeze to 1522
[2022-12-15 13:51:53] [SEVERE ] setting player 2 freeze to 1565
[2022-12-15 13:51:53] [SEVERE ] setting player 2 freeze to 1549
[2022-12-15 13:51:53] [SEVERE ] setting player 1 freeze to 1506
[2022-12-15 13:51:53] [SEVERE ] setting player 2 freeze to 1533
[2022-12-15 13:51:53] [SEVERE ] setting player 1 freeze to 1490
[2022-12-15 13:51:53] [SEVERE ] setting player 1 freeze to 1474
[2022-12-15 13:51:53] [SEVERE ] setting player 2 freeze to 1517
[2022-12-15 13:51:53] [SEVERE ] setting player 2 freeze to 1501
[2022-12-15 13:51:53] [SEVERE ] setting player 1 freeze to 1458
[2022-12-15 13:51:53] [SEVERE ] setting player 2 freeze to 1486
[2022-12-15 13:51:53] [SEVERE ] setting player 1 freeze to 1443
[2022-12-15 13:51:53] [SEVERE ] setting player 2 freeze to 1470
[2022-12-15 13:51:53] [SEVERE ] setting player 1 freeze to 1427
[2022-12-15 13:51:53] [SEVERE ] setting player 1 freeze to 1411
[2022-12-15 13:51:53] [SEVERE ] setting player 2 freeze to 1454
[2022-12-15 13:51:53] [SEVERE ] setting player 2 freeze to 1438
[2022-12-15 13:51:53] [SEVERE ] setting player 1 freeze to 1395
[2022-12-15 13:51:53] [SEVERE ] setting player 1 freeze to 1380
[2022-12-15 13:51:53] [SEVERE ] setting player 2 freeze to 1423
[2022-12-15 13:51:53] [SEVERE ] setting player 1 freeze to 1369
[2022-12-15 13:51:53] [SEVERE ] setting player 2 freeze to 1407
[2022-12-15 13:51:53] [SEVERE ] setting player 2 freeze to 1391
[2022-12-15 13:51:53] [SEVERE ] setting player 1 freeze to 1348
[2022-12-15 13:51:53] [SEVERE ] setting player 1 freeze to 1332
[2022-12-15 13:51:53] [SEVERE ] setting player 2 freeze to 1375
[2022-12-15 13:51:53] [SEVERE ] setting player 1 freeze to 1316
[2022-12-15 13:51:53] [SEVERE ] setting player 2 freeze to 1359
[2022-12-15 13:51:53] [SEVERE ] setting player 2 freeze to 1343
[2022-12-15 13:51:53] [SEVERE ] setting player 1 freeze to 1300
[2022-12-15 13:51:53] [SEVERE ] setting player 2 freeze to 1332
[2022-12-15 13:51:53] [SEVERE ] setting player 1 freeze to 1285
[2022-12-15 13:51:53] [SEVERE ] setting player 2 freeze to 1312
[2022-12-15 13:51:53] [SEVERE ] setting player 1 freeze to 1269
[2022-12-15 13:51:53] [SEVERE ] setting player 2 freeze to 1296
[2022-12-15 13:51:53] [SEVERE ] setting player 1 freeze to 1253
[2022-12-15 13:51:53] [SEVERE ] setting player 2 freeze to 1280
[2022-12-15 13:51:53] [SEVERE ] setting player 1 freeze to 1237
[2022-12-15 13:51:53] [SEVERE ] setting player 2 freeze to 1264
[2022-12-15 13:51:53] [SEVERE ] setting player 1 freeze to 1221
[2022-12-15 13:51:53] [SEVERE ] setting player 2 freeze to 1248
[2022-12-15 13:51:53] [SEVERE ] setting player 1 freeze to 1205
[2022-12-15 13:51:53] [SEVERE ] setting player 2 freeze to 1232
[2022-12-15 13:51:53] [SEVERE ] setting player 1 freeze to 1189
[2022-12-15 13:51:53] [SEVERE ] setting player 2 freeze to 1216
[2022-12-15 13:51:53] [SEVERE ] setting player 1 freeze to 1173
[2022-12-15 13:51:53] [SEVERE ] setting player 2 freeze to 1201
[2022-12-15 13:51:53] [SEVERE ] setting player 1 freeze to 1158
[2022-12-15 13:51:53] [SEVERE ] setting player 1 freeze to 1142
[2022-12-15 13:51:53] [SEVERE ] setting player 2 freeze to 1185
[2022-12-15 13:51:53] [SEVERE ] setting player 2 freeze to 1169
[2022-12-15 13:51:53] [SEVERE ] setting player 1 freeze to 1126
[2022-12-15 13:51:53] [SEVERE ] setting player 1 freeze to 1111
[2022-12-15 13:51:53] [SEVERE ] setting player 2 freeze to 1154
[2022-12-15 13:51:53] [SEVERE ] setting player 2 freeze to 1138
[2022-12-15 13:51:53] [SEVERE ] setting player 1 freeze to 1095
[2022-12-15 13:51:53] [SEVERE ] setting player 2 freeze to 1122
[2022-12-15 13:51:53] [SEVERE ] setting player 1 freeze to 1079
[2022-12-15 13:51:53] [SEVERE ] setting player 1 freeze to 1064
[2022-12-15 13:51:53] [SEVERE ] setting player 2 freeze to 1107
[2022-12-15 13:51:53] [SEVERE ] setting player 2 freeze to 1091
[2022-12-15 13:51:53] [SEVERE ] setting player 1 freeze to 1048
[2022-12-15 13:51:53] [SEVERE ] Exit button pressed
[2022-12-15 13:51:53] [INFO   ] Thread computer-3 terminated.
[2022-12-15 13:51:53] [INFO   ] Thread Player 0 terminated.
[2022-12-15 13:51:53] [INFO   ] Thread computer-1 terminated.
[2022-12-15 13:51:53] [INFO   ] Thread computer-2 terminated.
[2022-12-15 13:51:53] [INFO   ] Thread Player 3 terminated.
[2022-12-15 13:51:53] [INFO   ] Thread Player 2 terminated.
[2022-12-15 13:51:53] [INFO   ] Thread Player 1 terminated.
[2022-12-15 13:51:53] [SEVERE ] announcing winners: [0, 1, 2, 3]
[2022-12-15 13:51:53] [INFO   ] Thread dealer terminated.
[2022-12-15 13:51:53] [INFO   ] Thread main terminated.
