[2022-12-12 18:58:42] [INFO   ] cannot read configuration file config.properties trying from resources.
[2022-12-12 18:58:42] [INFO   ] configuration file was loaded from resources directory.
[2022-12-12 18:58:43] [INFO   ] Thread dealer starting.
[2022-12-12 18:58:43] [INFO   ] Thread Player 0starting.
[2022-12-12 18:58:43] [INFO   ] Thread Player 1starting.
[2022-12-12 18:58:43] [SEVERE ] placing card 24 in slot 0
[2022-12-12 18:58:43] [SEVERE ] placing card 19 in slot 1
[2022-12-12 18:58:43] [SEVERE ] placing card 61 in slot 2
[2022-12-12 18:58:43] [SEVERE ] placing card 38 in slot 3
[2022-12-12 18:58:43] [SEVERE ] placing card 32 in slot 4
[2022-12-12 18:58:43] [SEVERE ] placing card 37 in slot 5
[2022-12-12 18:58:43] [SEVERE ] placing card 47 in slot 6
[2022-12-12 18:58:44] [SEVERE ] placing card 80 in slot 7
[2022-12-12 18:58:44] [SEVERE ] placing card 44 in slot 8
[2022-12-12 18:58:44] [SEVERE ] placing card 48 in slot 9
[2022-12-12 18:58:44] [SEVERE ] placing card 77 in slot 10
[2022-12-12 18:58:44] [SEVERE ] placing card 15 in slot 11
[2022-12-12 18:58:45] [SEVERE ] Key 81 was pressed by player 0
[2022-12-12 18:58:45] [SEVERE ] player 0 placing token on slot 0
[2022-12-12 18:58:45] [SEVERE ] Key 87 was pressed by player 0
[2022-12-12 18:58:45] [SEVERE ] player 0 placing token on slot 1
[2022-12-12 18:58:45] [SEVERE ] Key 69 was pressed by player 0
[2022-12-12 18:58:45] [SEVERE ] player 0 placing token on slot 2
[2022-12-12 18:58:45] [SEVERE ] setting player 0 freeze to 1000
[2022-12-12 18:58:45] [SEVERE ] removing player 0 token from slot 0
[2022-12-12 18:58:45] [SEVERE ] removing player 0 token from slot 1
[2022-12-12 18:58:45] [SEVERE ] removing player 0 token from slot 2
[2022-12-12 18:58:49] [SEVERE ] Key 81 was pressed by player 0
[2022-12-12 18:58:49] [SEVERE ] player 0 placing token on slot 0
[2022-12-12 18:58:49] [SEVERE ] Key 87 was pressed by player 0
[2022-12-12 18:58:49] [SEVERE ] player 0 placing token on slot 1
[2022-12-12 18:58:49] [SEVERE ] Key 69 was pressed by player 0
[2022-12-12 18:58:49] [SEVERE ] player 0 placing token on slot 2
[2022-12-12 18:58:49] [SEVERE ] setting player 0 freeze to 1000
[2022-12-12 18:58:49] [SEVERE ] removing player 0 token from slot 0
[2022-12-12 18:58:49] [SEVERE ] removing player 0 token from slot 1
[2022-12-12 18:58:49] [SEVERE ] removing player 0 token from slot 2
[2022-12-12 18:58:50] [SEVERE ] Key 81 was pressed by player 0
[2022-12-12 18:58:50] [SEVERE ] player 0 placing token on slot 0
[2022-12-12 18:58:50] [SEVERE ] Key 87 was pressed by player 0
[2022-12-12 18:58:50] [SEVERE ] player 0 placing token on slot 1
[2022-12-12 18:58:50] [SEVERE ] Key 69 was pressed by player 0
[2022-12-12 18:58:50] [SEVERE ] player 0 placing token on slot 2
[2022-12-12 18:58:50] [SEVERE ] setting player 0 freeze to 1000
[2022-12-12 18:58:50] [SEVERE ] removing player 0 token from slot 0
[2022-12-12 18:58:50] [SEVERE ] removing player 0 token from slot 1
[2022-12-12 18:58:50] [SEVERE ] removing player 0 token from slot 2
[2022-12-12 18:58:59] [SEVERE ] removing card from slot 0
[2022-12-12 18:58:59] [SEVERE ] removing card from slot 1
[2022-12-12 18:58:59] [SEVERE ] removing card from slot 2
[2022-12-12 18:58:59] [SEVERE ] removing card from slot 3
[2022-12-12 18:59:00] [SEVERE ] removing card from slot 4
[2022-12-12 18:59:00] [SEVERE ] removing card from slot 5
[2022-12-12 18:59:00] [SEVERE ] removing card from slot 6
[2022-12-12 18:59:00] [SEVERE ] removing card from slot 7
[2022-12-12 18:59:00] [SEVERE ] removing card from slot 8
[2022-12-12 18:59:00] [SEVERE ] removing card from slot 9
[2022-12-12 18:59:00] [SEVERE ] removing card from slot 10
[2022-12-12 18:59:00] [SEVERE ] removing card from slot 11
[2022-12-12 18:59:00] [SEVERE ] placing card 75 in slot 0
[2022-12-12 18:59:00] [SEVERE ] placing card 1 in slot 1
[2022-12-12 18:59:01] [SEVERE ] placing card 15 in slot 2
[2022-12-12 18:59:01] [SEVERE ] placing card 48 in slot 3
[2022-12-12 18:59:01] [SEVERE ] placing card 55 in slot 4
[2022-12-12 18:59:01] [SEVERE ] placing card 45 in slot 5
[2022-12-12 18:59:01] [SEVERE ] placing card 76 in slot 6
[2022-12-12 18:59:01] [SEVERE ] placing card 4 in slot 7
[2022-12-12 18:59:01] [SEVERE ] placing card 38 in slot 8
[2022-12-12 18:59:01] [SEVERE ] placing card 41 in slot 9
[2022-12-12 18:59:01] [SEVERE ] placing card 78 in slot 10
[2022-12-12 18:59:01] [SEVERE ] placing card 72 in slot 11
[2022-12-12 18:59:17] [SEVERE ] removing card from slot 0
[2022-12-12 18:59:17] [SEVERE ] removing card from slot 1
[2022-12-12 18:59:17] [SEVERE ] removing card from slot 2
[2022-12-12 18:59:17] [SEVERE ] removing card from slot 3
[2022-12-12 18:59:17] [SEVERE ] removing card from slot 4
[2022-12-12 18:59:17] [SEVERE ] removing card from slot 5
[2022-12-12 18:59:17] [SEVERE ] removing card from slot 6
[2022-12-12 18:59:17] [SEVERE ] removing card from slot 7
[2022-12-12 18:59:17] [SEVERE ] removing card from slot 8
[2022-12-12 18:59:17] [SEVERE ] removing card from slot 9
[2022-12-12 18:59:18] [SEVERE ] removing card from slot 10
[2022-12-12 18:59:18] [SEVERE ] removing card from slot 11
[2022-12-12 18:59:18] [SEVERE ] placing card 41 in slot 0
[2022-12-12 18:59:18] [SEVERE ] placing card 27 in slot 1
[2022-12-12 18:59:18] [SEVERE ] placing card 64 in slot 2
[2022-12-12 18:59:18] [SEVERE ] placing card 8 in slot 3
[2022-12-12 18:59:18] [SEVERE ] placing card 14 in slot 4
[2022-12-12 18:59:18] [SEVERE ] placing card 44 in slot 5
[2022-12-12 18:59:18] [SEVERE ] placing card 17 in slot 6
[2022-12-12 18:59:18] [SEVERE ] placing card 29 in slot 7
[2022-12-12 18:59:19] [SEVERE ] placing card 80 in slot 8
[2022-12-12 18:59:19] [SEVERE ] placing card 77 in slot 9
[2022-12-12 18:59:19] [SEVERE ] placing card 30 in slot 10
[2022-12-12 18:59:19] [SEVERE ] placing card 46 in slot 11
