[2022-12-12 17:01:41] [INFO   ] cannot read configuration file config.properties trying from resources.
[2022-12-12 17:01:41] [INFO   ] configuration file was loaded from resources directory.
[2022-12-12 17:01:41] [INFO   ] Thread dealer starting.
[2022-12-12 17:01:42] [INFO   ] Thread Player 0starting.
[2022-12-12 17:01:42] [INFO   ] Thread Player 1starting.
[2022-12-12 17:01:42] [SEVERE ] placing card 14 in slot 0
[2022-12-12 17:01:42] [SEVERE ] placing card 1 in slot 1
[2022-12-12 17:01:42] [SEVERE ] placing card 23 in slot 2
[2022-12-12 17:01:42] [SEVERE ] placing card 21 in slot 3
[2022-12-12 17:01:42] [SEVERE ] placing card 44 in slot 4
[2022-12-12 17:01:42] [SEVERE ] placing card 51 in slot 5
[2022-12-12 17:01:42] [SEVERE ] placing card 27 in slot 6
[2022-12-12 17:01:42] [SEVERE ] placing card 79 in slot 7
[2022-12-12 17:01:42] [SEVERE ] placing card 66 in slot 8
[2022-12-12 17:01:43] [SEVERE ] placing card 69 in slot 9
[2022-12-12 17:01:43] [SEVERE ] placing card 40 in slot 10
[2022-12-12 17:01:43] [SEVERE ] placing card 77 in slot 11
[2022-12-12 17:01:44] [SEVERE ] Key 81 was pressed by player 0
[2022-12-12 17:01:44] [SEVERE ] player 0 placing token on slot 0
[2022-12-12 17:01:45] [SEVERE ] Key 87 was pressed by player 0
[2022-12-12 17:01:45] [SEVERE ] player 0 placing token on slot 1
[2022-12-12 17:01:45] [SEVERE ] Key 69 was pressed by player 0
[2022-12-12 17:01:45] [SEVERE ] player 0 placing token on slot 2
[2022-12-12 17:01:45] [SEVERE ] setting player 0 freeze to 1000
[2022-12-12 17:01:58] [SEVERE ] removing player 0 token from slot 0
[2022-12-12 17:01:58] [SEVERE ] removing player 0 token from slot 1
[2022-12-12 17:01:58] [SEVERE ] removing player 0 token from slot 2
[2022-12-12 17:01:58] [SEVERE ] removing card from slot 0
[2022-12-12 17:01:58] [SEVERE ] removing card from slot 1
[2022-12-12 17:01:58] [SEVERE ] removing card from slot 2
[2022-12-12 17:01:58] [SEVERE ] removing card from slot 3
[2022-12-12 17:01:58] [SEVERE ] removing card from slot 4
[2022-12-12 17:01:58] [SEVERE ] removing card from slot 5
[2022-12-12 17:01:58] [SEVERE ] removing card from slot 6
[2022-12-12 17:01:59] [SEVERE ] removing card from slot 7
[2022-12-12 17:01:59] [SEVERE ] removing card from slot 8
[2022-12-12 17:01:59] [SEVERE ] removing card from slot 9
[2022-12-12 17:01:59] [SEVERE ] removing card from slot 10
[2022-12-12 17:01:59] [SEVERE ] removing card from slot 11
[2022-12-12 17:01:59] [SEVERE ] placing card 19 in slot 0
[2022-12-12 17:01:59] [SEVERE ] placing card 3 in slot 1
[2022-12-12 17:01:59] [SEVERE ] placing card 30 in slot 2
[2022-12-12 17:01:59] [SEVERE ] placing card 45 in slot 3
[2022-12-12 17:01:59] [SEVERE ] placing card 62 in slot 4
[2022-12-12 17:02:00] [SEVERE ] placing card 46 in slot 5
[2022-12-12 17:02:00] [SEVERE ] placing card 67 in slot 6
[2022-12-12 17:02:00] [SEVERE ] placing card 6 in slot 7
[2022-12-12 17:02:00] [SEVERE ] placing card 13 in slot 8
[2022-12-12 17:02:00] [SEVERE ] placing card 53 in slot 9
[2022-12-12 17:02:00] [SEVERE ] placing card 51 in slot 10
[2022-12-12 17:02:00] [SEVERE ] placing card 42 in slot 11
[2022-12-12 17:02:15] [SEVERE ] removing card from slot 0
[2022-12-12 17:02:15] [SEVERE ] removing card from slot 1
[2022-12-12 17:02:15] [SEVERE ] removing card from slot 2
[2022-12-12 17:02:16] [SEVERE ] removing card from slot 3
[2022-12-12 17:02:16] [SEVERE ] removing card from slot 4
[2022-12-12 17:02:17] [SEVERE ] removing card from slot 5
[2022-12-12 17:02:17] [SEVERE ] removing card from slot 6
[2022-12-12 17:02:17] [SEVERE ] removing card from slot 7
[2022-12-12 17:02:17] [SEVERE ] removing card from slot 8
[2022-12-12 17:02:17] [SEVERE ] removing card from slot 9
[2022-12-12 17:02:17] [SEVERE ] removing card from slot 10
[2022-12-12 17:02:17] [SEVERE ] removing card from slot 11
[2022-12-12 17:02:17] [SEVERE ] placing card 66 in slot 0
[2022-12-12 17:02:18] [SEVERE ] placing card 31 in slot 1
[2022-12-12 17:02:18] [SEVERE ] placing card 57 in slot 2
[2022-12-12 17:02:18] [SEVERE ] placing card 62 in slot 3
[2022-12-12 17:02:18] [SEVERE ] placing card 36 in slot 4
[2022-12-12 17:02:18] [SEVERE ] placing card 25 in slot 5
[2022-12-12 17:02:18] [SEVERE ] placing card 28 in slot 6
[2022-12-12 17:02:18] [SEVERE ] placing card 67 in slot 7
[2022-12-12 17:02:18] [SEVERE ] placing card 1 in slot 8
[2022-12-12 17:02:18] [SEVERE ] placing card 16 in slot 9
[2022-12-12 17:02:18] [SEVERE ] placing card 42 in slot 10
[2022-12-12 17:02:19] [SEVERE ] placing card 50 in slot 11
