[2022-12-12 17:47:19] [INFO   ] cannot read configuration file config.properties trying from resources.
[2022-12-12 17:47:19] [INFO   ] configuration file was loaded from resources directory.
[2022-12-12 17:47:20] [INFO   ] Thread dealer starting.
[2022-12-12 17:47:20] [INFO   ] Thread Player 0starting.
[2022-12-12 17:47:20] [INFO   ] Thread Player 1starting.
[2022-12-12 17:47:20] [SEVERE ] placing card 12 in slot 0
[2022-12-12 17:47:20] [SEVERE ] placing card 50 in slot 1
[2022-12-12 17:47:20] [SEVERE ] placing card 70 in slot 2
[2022-12-12 17:47:20] [SEVERE ] placing card 19 in slot 3
[2022-12-12 17:47:20] [SEVERE ] placing card 62 in slot 4
[2022-12-12 17:47:20] [SEVERE ] placing card 15 in slot 5
[2022-12-12 17:47:20] [SEVERE ] placing card 63 in slot 6
[2022-12-12 17:47:20] [SEVERE ] placing card 28 in slot 7
[2022-12-12 17:47:21] [SEVERE ] placing card 11 in slot 8
[2022-12-12 17:47:21] [SEVERE ] placing card 4 in slot 9
[2022-12-12 17:47:21] [SEVERE ] placing card 47 in slot 10
[2022-12-12 17:47:21] [SEVERE ] placing card 44 in slot 11
[2022-12-12 17:47:23] [SEVERE ] Key 81 was pressed by player 0
[2022-12-12 17:47:23] [SEVERE ] player 0 placing token on slot 0
[2022-12-12 17:47:23] [SEVERE ] Key 87 was pressed by player 0
[2022-12-12 17:47:23] [SEVERE ] player 0 placing token on slot 1
[2022-12-12 17:47:23] [SEVERE ] Key 69 was pressed by player 0
[2022-12-12 17:47:23] [SEVERE ] player 0 placing token on slot 2
[2022-12-12 17:47:23] [SEVERE ] setting player 0 freeze to 1000
[2022-12-12 17:47:23] [SEVERE ] removing player 0 token from slot 0
[2022-12-12 17:47:23] [SEVERE ] removing player 0 token from slot 1
[2022-12-12 17:47:23] [SEVERE ] removing player 0 token from slot 2
[2022-12-12 17:47:28] [SEVERE ] Key 81 was pressed by player 0
[2022-12-12 17:47:28] [SEVERE ] player 0 placing token on slot 0
[2022-12-12 17:47:28] [SEVERE ] Key 87 was pressed by player 0
[2022-12-12 17:47:28] [SEVERE ] player 0 placing token on slot 1
[2022-12-12 17:47:28] [SEVERE ] Key 69 was pressed by player 0
[2022-12-12 17:47:28] [SEVERE ] player 0 placing token on slot 2
[2022-12-12 17:47:28] [SEVERE ] setting player 0 freeze to 1000
[2022-12-12 17:47:28] [SEVERE ] removing player 0 token from slot 0
[2022-12-12 17:47:28] [SEVERE ] removing player 0 token from slot 1
[2022-12-12 17:47:28] [SEVERE ] removing player 0 token from slot 2
[2022-12-12 17:47:30] [SEVERE ] Key 81 was pressed by player 0
[2022-12-12 17:47:30] [SEVERE ] player 0 placing token on slot 0
[2022-12-12 17:47:30] [SEVERE ] Key 87 was pressed by player 0
[2022-12-12 17:47:30] [SEVERE ] player 0 placing token on slot 1
[2022-12-12 17:47:30] [SEVERE ] Key 69 was pressed by player 0
[2022-12-12 17:47:30] [SEVERE ] player 0 placing token on slot 2
[2022-12-12 17:47:30] [SEVERE ] setting player 0 freeze to 1000
[2022-12-12 17:47:30] [SEVERE ] removing player 0 token from slot 0
[2022-12-12 17:47:30] [SEVERE ] removing player 0 token from slot 1
[2022-12-12 17:47:30] [SEVERE ] removing player 0 token from slot 2
[2022-12-12 17:47:31] [SEVERE ] Key 81 was pressed by player 0
[2022-12-12 17:47:31] [SEVERE ] player 0 placing token on slot 0
[2022-12-12 17:47:31] [SEVERE ] Key 87 was pressed by player 0
[2022-12-12 17:47:31] [SEVERE ] player 0 placing token on slot 1
[2022-12-12 17:47:31] [SEVERE ] Key 69 was pressed by player 0
[2022-12-12 17:47:31] [SEVERE ] player 0 placing token on slot 2
[2022-12-12 17:47:31] [SEVERE ] setting player 0 freeze to 1000
[2022-12-12 17:47:31] [SEVERE ] removing player 0 token from slot 0
[2022-12-12 17:47:31] [SEVERE ] removing player 0 token from slot 1
[2022-12-12 17:47:31] [SEVERE ] removing player 0 token from slot 2
[2022-12-12 17:47:31] [SEVERE ] Key 81 was pressed by player 0
[2022-12-12 17:47:31] [SEVERE ] player 0 placing token on slot 0
[2022-12-12 17:47:31] [SEVERE ] Key 87 was pressed by player 0
[2022-12-12 17:47:31] [SEVERE ] player 0 placing token on slot 1
[2022-12-12 17:47:31] [SEVERE ] Key 69 was pressed by player 0
[2022-12-12 17:47:31] [SEVERE ] player 0 placing token on slot 2
[2022-12-12 17:47:31] [SEVERE ] setting player 0 freeze to 1000
[2022-12-12 17:47:31] [SEVERE ] removing player 0 token from slot 0
[2022-12-12 17:47:31] [SEVERE ] removing player 0 token from slot 1
[2022-12-12 17:47:31] [SEVERE ] removing player 0 token from slot 2
[2022-12-12 17:47:32] [SEVERE ] Key 81 was pressed by player 0
[2022-12-12 17:47:32] [SEVERE ] player 0 placing token on slot 0
[2022-12-12 17:47:32] [SEVERE ] Key 87 was pressed by player 0
[2022-12-12 17:47:32] [SEVERE ] player 0 placing token on slot 1
[2022-12-12 17:47:32] [SEVERE ] Key 69 was pressed by player 0
[2022-12-12 17:47:32] [SEVERE ] player 0 placing token on slot 2
[2022-12-12 17:47:32] [SEVERE ] setting player 0 freeze to 1000
[2022-12-12 17:47:32] [SEVERE ] removing player 0 token from slot 0
[2022-12-12 17:47:32] [SEVERE ] removing player 0 token from slot 1
[2022-12-12 17:47:32] [SEVERE ] removing player 0 token from slot 2
[2022-12-12 17:47:32] [SEVERE ] Key 81 was pressed by player 0
[2022-12-12 17:47:32] [SEVERE ] player 0 placing token on slot 0
[2022-12-12 17:47:32] [SEVERE ] Key 87 was pressed by player 0
[2022-12-12 17:47:32] [SEVERE ] player 0 placing token on slot 1
[2022-12-12 17:47:32] [SEVERE ] Key 69 was pressed by player 0
[2022-12-12 17:47:32] [SEVERE ] player 0 placing token on slot 2
[2022-12-12 17:47:32] [SEVERE ] setting player 0 freeze to 1000
[2022-12-12 17:47:32] [SEVERE ] removing player 0 token from slot 0
[2022-12-12 17:47:32] [SEVERE ] removing player 0 token from slot 1
[2022-12-12 17:47:32] [SEVERE ] removing player 0 token from slot 2
[2022-12-12 17:47:33] [SEVERE ] Key 81 was pressed by player 0
[2022-12-12 17:47:33] [SEVERE ] player 0 placing token on slot 0
[2022-12-12 17:47:33] [SEVERE ] Key 87 was pressed by player 0
[2022-12-12 17:47:33] [SEVERE ] player 0 placing token on slot 1
[2022-12-12 17:47:33] [SEVERE ] Key 69 was pressed by player 0
[2022-12-12 17:47:33] [SEVERE ] player 0 placing token on slot 2
[2022-12-12 17:47:33] [SEVERE ] setting player 0 freeze to 1000
[2022-12-12 17:47:33] [SEVERE ] removing player 0 token from slot 0
[2022-12-12 17:47:33] [SEVERE ] removing player 0 token from slot 1
[2022-12-12 17:47:33] [SEVERE ] removing player 0 token from slot 2
[2022-12-12 17:47:33] [SEVERE ] Key 81 was pressed by player 0
[2022-12-12 17:47:33] [SEVERE ] player 0 placing token on slot 0
[2022-12-12 17:47:33] [SEVERE ] Key 87 was pressed by player 0
[2022-12-12 17:47:33] [SEVERE ] player 0 placing token on slot 1
[2022-12-12 17:47:33] [SEVERE ] Key 69 was pressed by player 0
[2022-12-12 17:47:33] [SEVERE ] player 0 placing token on slot 2
[2022-12-12 17:47:33] [SEVERE ] setting player 0 freeze to 1000
[2022-12-12 17:47:33] [SEVERE ] removing player 0 token from slot 0
[2022-12-12 17:47:33] [SEVERE ] removing player 0 token from slot 1
[2022-12-12 17:47:33] [SEVERE ] removing player 0 token from slot 2
[2022-12-12 17:47:34] [SEVERE ] Key 81 was pressed by player 0
[2022-12-12 17:47:34] [SEVERE ] player 0 placing token on slot 0
[2022-12-12 17:47:34] [SEVERE ] Key 87 was pressed by player 0
[2022-12-12 17:47:34] [SEVERE ] player 0 placing token on slot 1
[2022-12-12 17:47:34] [SEVERE ] Key 69 was pressed by player 0
[2022-12-12 17:47:34] [SEVERE ] player 0 placing token on slot 2
[2022-12-12 17:47:34] [SEVERE ] setting player 0 freeze to 1000
[2022-12-12 17:47:34] [SEVERE ] removing player 0 token from slot 0
[2022-12-12 17:47:34] [SEVERE ] removing player 0 token from slot 1
[2022-12-12 17:47:34] [SEVERE ] removing player 0 token from slot 2
[2022-12-12 17:47:34] [SEVERE ] Key 81 was pressed by player 0
[2022-12-12 17:47:34] [SEVERE ] player 0 placing token on slot 0
[2022-12-12 17:47:34] [SEVERE ] Key 87 was pressed by player 0
[2022-12-12 17:47:34] [SEVERE ] player 0 placing token on slot 1
[2022-12-12 17:47:34] [SEVERE ] Key 69 was pressed by player 0
[2022-12-12 17:47:34] [SEVERE ] player 0 placing token on slot 2
[2022-12-12 17:47:34] [SEVERE ] setting player 0 freeze to 1000
[2022-12-12 17:47:34] [SEVERE ] removing player 0 token from slot 0
[2022-12-12 17:47:34] [SEVERE ] removing player 0 token from slot 1
[2022-12-12 17:47:34] [SEVERE ] removing player 0 token from slot 2
[2022-12-12 17:47:34] [SEVERE ] Key 81 was pressed by player 0
[2022-12-12 17:47:34] [SEVERE ] player 0 placing token on slot 0
[2022-12-12 17:47:34] [SEVERE ] Key 87 was pressed by player 0
[2022-12-12 17:47:34] [SEVERE ] player 0 placing token on slot 1
[2022-12-12 17:47:34] [SEVERE ] Key 69 was pressed by player 0
[2022-12-12 17:47:34] [SEVERE ] player 0 placing token on slot 2
[2022-12-12 17:47:34] [SEVERE ] setting player 0 freeze to 1000
[2022-12-12 17:47:34] [SEVERE ] removing player 0 token from slot 0
[2022-12-12 17:47:34] [SEVERE ] removing player 0 token from slot 1
[2022-12-12 17:47:34] [SEVERE ] removing player 0 token from slot 2
[2022-12-12 17:47:35] [SEVERE ] Key 87 was pressed by player 0
[2022-12-12 17:47:35] [SEVERE ] player 0 placing token on slot 1
[2022-12-12 17:47:35] [SEVERE ] Key 81 was pressed by player 0
[2022-12-12 17:47:35] [SEVERE ] player 0 placing token on slot 0
[2022-12-12 17:47:35] [SEVERE ] Key 69 was pressed by player 0
[2022-12-12 17:47:35] [SEVERE ] player 0 placing token on slot 2
[2022-12-12 17:47:35] [SEVERE ] setting player 0 freeze to 1000
[2022-12-12 17:47:35] [SEVERE ] removing player 0 token from slot 1
[2022-12-12 17:47:35] [SEVERE ] removing player 0 token from slot 0
[2022-12-12 17:47:35] [SEVERE ] removing player 0 token from slot 2
[2022-12-12 17:47:35] [SEVERE ] Key 81 was pressed by player 0
[2022-12-12 17:47:35] [SEVERE ] player 0 placing token on slot 0
[2022-12-12 17:47:35] [SEVERE ] Key 87 was pressed by player 0
[2022-12-12 17:47:35] [SEVERE ] player 0 placing token on slot 1
[2022-12-12 17:47:35] [SEVERE ] Key 69 was pressed by player 0
[2022-12-12 17:47:35] [SEVERE ] player 0 placing token on slot 2
[2022-12-12 17:47:35] [SEVERE ] setting player 0 freeze to 1000
[2022-12-12 17:47:35] [SEVERE ] removing player 0 token from slot 0
[2022-12-12 17:47:35] [SEVERE ] removing player 0 token from slot 1
[2022-12-12 17:47:35] [SEVERE ] removing player 0 token from slot 2
[2022-12-12 17:47:35] [SEVERE ] Key 87 was pressed by player 0
[2022-12-12 17:47:35] [SEVERE ] player 0 placing token on slot 1
[2022-12-12 17:47:35] [SEVERE ] Key 81 was pressed by player 0
[2022-12-12 17:47:35] [SEVERE ] player 0 placing token on slot 0
[2022-12-12 17:47:35] [SEVERE ] Key 69 was pressed by player 0
[2022-12-12 17:47:35] [SEVERE ] player 0 placing token on slot 2
[2022-12-12 17:47:35] [SEVERE ] setting player 0 freeze to 1000
[2022-12-12 17:47:35] [SEVERE ] removing player 0 token from slot 1
[2022-12-12 17:47:35] [SEVERE ] removing player 0 token from slot 0
[2022-12-12 17:47:35] [SEVERE ] removing player 0 token from slot 2
[2022-12-12 17:47:36] [SEVERE ] Key 81 was pressed by player 0
[2022-12-12 17:47:36] [SEVERE ] player 0 placing token on slot 0
[2022-12-12 17:47:36] [SEVERE ] Key 87 was pressed by player 0
[2022-12-12 17:47:36] [SEVERE ] player 0 placing token on slot 1
[2022-12-12 17:47:36] [SEVERE ] Key 69 was pressed by player 0
[2022-12-12 17:47:36] [SEVERE ] player 0 placing token on slot 2
[2022-12-12 17:47:36] [SEVERE ] setting player 0 freeze to 1000
[2022-12-12 17:47:36] [SEVERE ] removing player 0 token from slot 0
[2022-12-12 17:47:36] [SEVERE ] removing player 0 token from slot 1
[2022-12-12 17:47:36] [SEVERE ] removing player 0 token from slot 2
[2022-12-12 17:47:36] [SEVERE ] Key 87 was pressed by player 0
[2022-12-12 17:47:36] [SEVERE ] player 0 placing token on slot 1
[2022-12-12 17:47:36] [SEVERE ] Key 81 was pressed by player 0
[2022-12-12 17:47:36] [SEVERE ] player 0 placing token on slot 0
[2022-12-12 17:47:36] [SEVERE ] removing player 0 token from slot 1
[2022-12-12 17:47:36] [SEVERE ] removing player 0 token from slot 0
[2022-12-12 17:47:36] [SEVERE ] Key 69 was pressed by player 0
[2022-12-12 17:47:36] [SEVERE ] removing card from slot 0
[2022-12-12 17:47:36] [SEVERE ] removing card from slot 1
[2022-12-12 17:47:36] [SEVERE ] removing card from slot 2
[2022-12-12 17:47:36] [SEVERE ] removing card from slot 3
[2022-12-12 17:47:36] [SEVERE ] removing card from slot 4
[2022-12-12 17:47:36] [SEVERE ] removing card from slot 5
[2022-12-12 17:47:37] [SEVERE ] removing card from slot 6
[2022-12-12 17:47:37] [SEVERE ] removing card from slot 7
[2022-12-12 17:47:37] [SEVERE ] removing card from slot 8
[2022-12-12 17:47:37] [SEVERE ] removing card from slot 9
[2022-12-12 17:47:37] [SEVERE ] removing card from slot 10
[2022-12-12 17:47:37] [SEVERE ] removing card from slot 11
[2022-12-12 17:47:37] [SEVERE ] placing card 46 in slot 0
[2022-12-12 17:47:37] [SEVERE ] placing card 24 in slot 1
[2022-12-12 17:47:37] [SEVERE ] placing card 9 in slot 2
[2022-12-12 17:47:37] [SEVERE ] placing card 26 in slot 3
[2022-12-12 17:47:38] [SEVERE ] placing card 74 in slot 4
[2022-12-12 17:47:38] [SEVERE ] placing card 22 in slot 5
[2022-12-12 17:47:38] [SEVERE ] placing card 58 in slot 6
[2022-12-12 17:47:38] [SEVERE ] placing card 79 in slot 7
[2022-12-12 17:47:38] [SEVERE ] placing card 80 in slot 8
[2022-12-12 17:47:38] [SEVERE ] placing card 62 in slot 9
[2022-12-12 17:47:38] [SEVERE ] placing card 6 in slot 10
[2022-12-12 17:47:38] [SEVERE ] placing card 42 in slot 11
[2022-12-12 17:47:38] [SEVERE ] player 0 placing token on slot 2
[2022-12-12 17:47:38] [SEVERE ] Key 81 was pressed by player 0
[2022-12-12 17:47:38] [SEVERE ] player 0 placing token on slot 0
[2022-12-12 17:47:38] [SEVERE ] Key 87 was pressed by player 0
[2022-12-12 17:47:38] [SEVERE ] player 0 placing token on slot 1
[2022-12-12 17:47:38] [SEVERE ] setting player 0 freeze to 1000
[2022-12-12 17:47:38] [SEVERE ] removing player 0 token from slot 2
[2022-12-12 17:47:38] [SEVERE ] removing player 0 token from slot 0
[2022-12-12 17:47:38] [SEVERE ] removing player 0 token from slot 1
[2022-12-12 17:47:38] [SEVERE ] Key 69 was pressed by player 0
[2022-12-12 17:47:38] [SEVERE ] player 0 placing token on slot 2
[2022-12-12 17:47:38] [SEVERE ] Key 81 was pressed by player 0
[2022-12-12 17:47:38] [SEVERE ] player 0 placing token on slot 0
[2022-12-12 17:47:38] [SEVERE ] Key 87 was pressed by player 0
[2022-12-12 17:47:38] [SEVERE ] player 0 placing token on slot 1
[2022-12-12 17:47:38] [SEVERE ] setting player 0 freeze to 1000
[2022-12-12 17:47:38] [SEVERE ] removing player 0 token from slot 2
[2022-12-12 17:47:38] [SEVERE ] removing player 0 token from slot 0
[2022-12-12 17:47:38] [SEVERE ] removing player 0 token from slot 1
[2022-12-12 17:47:38] [SEVERE ] Key 69 was pressed by player 0
[2022-12-12 17:47:38] [SEVERE ] player 0 placing token on slot 2
[2022-12-12 17:47:38] [SEVERE ] Key 81 was pressed by player 0
[2022-12-12 17:47:38] [SEVERE ] player 0 placing token on slot 0
[2022-12-12 17:47:38] [SEVERE ] Key 87 was pressed by player 0
[2022-12-12 17:47:38] [SEVERE ] player 0 placing token on slot 1
[2022-12-12 17:47:38] [SEVERE ] setting player 0 freeze to 1000
[2022-12-12 17:47:38] [SEVERE ] removing player 0 token from slot 2
[2022-12-12 17:47:38] [SEVERE ] removing player 0 token from slot 0
[2022-12-12 17:47:38] [SEVERE ] removing player 0 token from slot 1
[2022-12-12 17:47:38] [SEVERE ] Key 69 was pressed by player 0
[2022-12-12 17:47:38] [SEVERE ] player 0 placing token on slot 2
[2022-12-12 17:47:39] [SEVERE ] Key 81 was pressed by player 0
[2022-12-12 17:47:39] [SEVERE ] player 0 placing token on slot 0
[2022-12-12 17:47:39] [SEVERE ] Key 87 was pressed by player 0
[2022-12-12 17:47:39] [SEVERE ] player 0 placing token on slot 1
[2022-12-12 17:47:39] [SEVERE ] setting player 0 freeze to 1000
[2022-12-12 17:47:39] [SEVERE ] removing player 0 token from slot 2
[2022-12-12 17:47:39] [SEVERE ] removing player 0 token from slot 0
[2022-12-12 17:47:39] [SEVERE ] removing player 0 token from slot 1
[2022-12-12 17:47:39] [SEVERE ] Key 69 was pressed by player 0
[2022-12-12 17:47:39] [SEVERE ] player 0 placing token on slot 2
[2022-12-12 17:47:40] [SEVERE ] Key 87 was pressed by player 0
[2022-12-12 17:47:40] [SEVERE ] player 0 placing token on slot 1
[2022-12-12 17:47:40] [SEVERE ] Key 81 was pressed by player 0
[2022-12-12 17:47:40] [SEVERE ] player 0 placing token on slot 0
[2022-12-12 17:47:40] [SEVERE ] setting player 0 freeze to 1000
[2022-12-12 17:47:40] [SEVERE ] removing player 0 token from slot 2
[2022-12-12 17:47:40] [SEVERE ] removing player 0 token from slot 1
[2022-12-12 17:47:40] [SEVERE ] removing player 0 token from slot 0
[2022-12-12 17:47:41] [SEVERE ] Key 69 was pressed by player 0
[2022-12-12 17:47:41] [SEVERE ] player 0 placing token on slot 2
[2022-12-12 17:47:41] [SEVERE ] Key 87 was pressed by player 0
[2022-12-12 17:47:41] [SEVERE ] player 0 placing token on slot 1
[2022-12-12 17:47:41] [SEVERE ] Key 81 was pressed by player 0
[2022-12-12 17:47:41] [SEVERE ] player 0 placing token on slot 0
[2022-12-12 17:47:41] [SEVERE ] setting player 0 freeze to 1000
[2022-12-12 17:47:41] [SEVERE ] removing player 0 token from slot 2
[2022-12-12 17:47:41] [SEVERE ] removing player 0 token from slot 1
[2022-12-12 17:47:41] [SEVERE ] removing player 0 token from slot 0
[2022-12-12 17:47:42] [SEVERE ] Key 69 was pressed by player 0
[2022-12-12 17:47:42] [SEVERE ] player 0 placing token on slot 2
[2022-12-12 17:47:42] [SEVERE ] Key 87 was pressed by player 0
[2022-12-12 17:47:42] [SEVERE ] player 0 placing token on slot 1
[2022-12-12 17:47:42] [SEVERE ] Key 81 was pressed by player 0
[2022-12-12 17:47:42] [SEVERE ] player 0 placing token on slot 0
[2022-12-12 17:47:42] [SEVERE ] setting player 0 freeze to 1000
[2022-12-12 17:47:42] [SEVERE ] removing player 0 token from slot 2
[2022-12-12 17:47:42] [SEVERE ] removing player 0 token from slot 1
[2022-12-12 17:47:42] [SEVERE ] removing player 0 token from slot 0
[2022-12-12 17:47:43] [SEVERE ] Key 69 was pressed by player 0
[2022-12-12 17:47:43] [SEVERE ] player 0 placing token on slot 2
[2022-12-12 17:47:43] [SEVERE ] Key 87 was pressed by player 0
[2022-12-12 17:47:43] [SEVERE ] player 0 placing token on slot 1
[2022-12-12 17:47:43] [SEVERE ] Key 81 was pressed by player 0
[2022-12-12 17:47:43] [SEVERE ] player 0 placing token on slot 0
[2022-12-12 17:47:43] [SEVERE ] setting player 0 freeze to 1000
[2022-12-12 17:47:43] [SEVERE ] removing player 0 token from slot 2
[2022-12-12 17:47:43] [SEVERE ] removing player 0 token from slot 1
[2022-12-12 17:47:43] [SEVERE ] removing player 0 token from slot 0
