[2022-12-12 15:24:16] [INFO   ] cannot read configuration file config.properties trying from resources.
[2022-12-12 15:24:16] [INFO   ] configuration file was loaded from resources directory.
[2022-12-12 15:24:17] [INFO   ] Thread dealer starting.
[2022-12-12 15:24:17] [SEVERE ] placing card 36 in slot 0
[2022-12-12 15:24:17] [SEVERE ] placing card 76 in slot 1
[2022-12-12 15:24:17] [SEVERE ] placing card 63 in slot 2
[2022-12-12 15:24:17] [SEVERE ] placing card 9 in slot 3
[2022-12-12 15:24:17] [SEVERE ] placing card 50 in slot 4
[2022-12-12 15:24:17] [SEVERE ] placing card 20 in slot 5
[2022-12-12 15:24:17] [SEVERE ] placing card 46 in slot 6
[2022-12-12 15:24:17] [SEVERE ] placing card 1 in slot 7
[2022-12-12 15:24:17] [SEVERE ] placing card 58 in slot 8
[2022-12-12 15:24:18] [SEVERE ] placing card 55 in slot 9
[2022-12-12 15:24:18] [SEVERE ] placing card 66 in slot 10
[2022-12-12 15:24:18] [SEVERE ] placing card 39 in slot 11
[2022-12-12 15:24:24] [SEVERE ] Key 81 was pressed by player 0
[2022-12-12 15:24:24] [SEVERE ] player 0 placing token on slot 0
[2022-12-12 15:24:24] [SEVERE ] Key 87 was pressed by player 0
[2022-12-12 15:24:24] [SEVERE ] player 0 placing token on slot 1
[2022-12-12 15:24:25] [SEVERE ] Key 69 was pressed by player 0
[2022-12-12 15:24:25] [SEVERE ] player 0 placing token on slot 2
[2022-12-12 15:24:25] [SEVERE ] setting player 0 freeze to 1000
[2022-12-12 15:24:26] [SEVERE ] removing player 0 token from slot 0
[2022-12-12 15:24:26] [SEVERE ] removing player 0 token from slot 1
[2022-12-12 15:24:26] [SEVERE ] removing player 0 token from slot 2
[2022-12-12 15:24:33] [SEVERE ] removing card from slot 0
[2022-12-12 15:24:33] [SEVERE ] removing card from slot 1
[2022-12-12 15:24:33] [SEVERE ] removing card from slot 2
[2022-12-12 15:24:33] [SEVERE ] removing card from slot 3
[2022-12-12 15:24:33] [SEVERE ] removing card from slot 4
[2022-12-12 15:24:33] [SEVERE ] removing card from slot 5
[2022-12-12 15:24:33] [SEVERE ] removing card from slot 6
[2022-12-12 15:24:34] [SEVERE ] removing card from slot 7
[2022-12-12 15:24:34] [SEVERE ] removing card from slot 8
[2022-12-12 15:24:34] [SEVERE ] removing card from slot 9
[2022-12-12 15:24:34] [SEVERE ] removing card from slot 10
[2022-12-12 15:24:34] [SEVERE ] removing card from slot 11
[2022-12-12 15:24:34] [SEVERE ] placing card 38 in slot 0
[2022-12-12 15:24:34] [SEVERE ] placing card 67 in slot 1
[2022-12-12 15:24:34] [SEVERE ] placing card 31 in slot 2
[2022-12-12 15:24:34] [SEVERE ] placing card 42 in slot 3
[2022-12-12 15:24:34] [SEVERE ] placing card 50 in slot 4
[2022-12-12 15:24:35] [SEVERE ] placing card 44 in slot 5
[2022-12-12 15:24:35] [SEVERE ] placing card 51 in slot 6
[2022-12-12 15:24:35] [SEVERE ] placing card 76 in slot 7
[2022-12-12 15:24:35] [SEVERE ] placing card 79 in slot 8
[2022-12-12 15:24:35] [SEVERE ] placing card 13 in slot 9
[2022-12-12 15:24:35] [SEVERE ] placing card 54 in slot 10
[2022-12-12 15:24:35] [SEVERE ] placing card 46 in slot 11
[2022-12-12 15:24:50] [SEVERE ] removing card from slot 0
[2022-12-12 15:24:50] [SEVERE ] removing card from slot 1
[2022-12-12 15:24:51] [SEVERE ] removing card from slot 2
[2022-12-12 15:24:51] [SEVERE ] removing card from slot 3
[2022-12-12 15:24:51] [SEVERE ] removing card from slot 4
[2022-12-12 15:24:51] [SEVERE ] removing card from slot 5
[2022-12-12 15:24:51] [SEVERE ] removing card from slot 6
[2022-12-12 15:24:51] [SEVERE ] removing card from slot 7
[2022-12-12 15:24:51] [SEVERE ] removing card from slot 8
[2022-12-12 15:24:51] [SEVERE ] removing card from slot 9
[2022-12-12 15:24:51] [SEVERE ] removing card from slot 10
[2022-12-12 15:24:51] [SEVERE ] removing card from slot 11
[2022-12-12 15:24:52] [SEVERE ] placing card 39 in slot 0
[2022-12-12 15:24:52] [SEVERE ] placing card 31 in slot 1
[2022-12-12 15:24:52] [SEVERE ] placing card 71 in slot 2
[2022-12-12 15:24:52] [SEVERE ] placing card 54 in slot 3
[2022-12-12 15:24:52] [SEVERE ] placing card 8 in slot 4
[2022-12-12 15:24:52] [SEVERE ] placing card 77 in slot 5
[2022-12-12 15:24:52] [SEVERE ] placing card 25 in slot 6
[2022-12-12 15:24:52] [SEVERE ] placing card 18 in slot 7
[2022-12-12 15:24:52] [SEVERE ] placing card 50 in slot 8
[2022-12-12 15:24:52] [SEVERE ] placing card 7 in slot 9
[2022-12-12 15:24:53] [SEVERE ] placing card 69 in slot 10
[2022-12-12 15:24:53] [SEVERE ] placing card 70 in slot 11
[2022-12-12 15:25:08] [SEVERE ] removing card from slot 0
[2022-12-12 15:25:08] [SEVERE ] removing card from slot 1
[2022-12-12 15:25:08] [SEVERE ] removing card from slot 2
[2022-12-12 15:25:08] [SEVERE ] removing card from slot 3
[2022-12-12 15:25:08] [SEVERE ] removing card from slot 4
[2022-12-12 15:25:08] [SEVERE ] removing card from slot 5
[2022-12-12 15:25:08] [SEVERE ] removing card from slot 6
[2022-12-12 15:25:08] [SEVERE ] removing card from slot 7
[2022-12-12 15:25:09] [SEVERE ] removing card from slot 8
[2022-12-12 15:25:09] [SEVERE ] removing card from slot 9
[2022-12-12 15:25:09] [SEVERE ] removing card from slot 10
[2022-12-12 15:25:09] [SEVERE ] removing card from slot 11
[2022-12-12 15:25:09] [SEVERE ] placing card 23 in slot 0
[2022-12-12 15:25:09] [SEVERE ] placing card 57 in slot 1
[2022-12-12 15:25:09] [SEVERE ] placing card 5 in slot 2
[2022-12-12 15:25:09] [SEVERE ] placing card 53 in slot 3
[2022-12-12 15:25:09] [SEVERE ] placing card 49 in slot 4
[2022-12-12 15:25:09] [SEVERE ] placing card 47 in slot 5
[2022-12-12 15:25:10] [SEVERE ] placing card 59 in slot 6
[2022-12-12 15:25:10] [SEVERE ] placing card 40 in slot 7
[2022-12-12 15:25:10] [SEVERE ] placing card 50 in slot 8
[2022-12-12 15:25:10] [SEVERE ] placing card 75 in slot 9
[2022-12-12 15:25:10] [SEVERE ] placing card 41 in slot 10
[2022-12-12 15:25:10] [SEVERE ] placing card 66 in slot 11
[2022-12-12 15:25:25] [SEVERE ] removing card from slot 0
[2022-12-12 15:25:25] [SEVERE ] removing card from slot 1
[2022-12-12 15:25:25] [SEVERE ] removing card from slot 2
[2022-12-12 15:25:25] [SEVERE ] removing card from slot 3
[2022-12-12 15:25:26] [SEVERE ] removing card from slot 4
[2022-12-12 15:25:26] [SEVERE ] removing card from slot 5
[2022-12-12 15:25:26] [SEVERE ] removing card from slot 6
[2022-12-12 15:25:26] [SEVERE ] removing card from slot 7
[2022-12-12 15:25:26] [SEVERE ] removing card from slot 8
[2022-12-12 15:25:26] [SEVERE ] removing card from slot 9
[2022-12-12 15:25:26] [SEVERE ] removing card from slot 10
[2022-12-12 15:25:26] [SEVERE ] removing card from slot 11
[2022-12-12 15:25:26] [SEVERE ] placing card 6 in slot 0
[2022-12-12 15:25:26] [SEVERE ] placing card 62 in slot 1
[2022-12-12 15:25:27] [SEVERE ] placing card 56 in slot 2
[2022-12-12 15:25:27] [SEVERE ] placing card 14 in slot 3
[2022-12-12 15:25:27] [SEVERE ] placing card 69 in slot 4
[2022-12-12 15:25:27] [SEVERE ] placing card 48 in slot 5
[2022-12-12 15:25:27] [SEVERE ] placing card 77 in slot 6
[2022-12-12 15:25:27] [SEVERE ] placing card 22 in slot 7
[2022-12-12 15:25:27] [SEVERE ] placing card 52 in slot 8
[2022-12-12 15:25:27] [SEVERE ] placing card 71 in slot 9
[2022-12-12 15:25:27] [SEVERE ] placing card 9 in slot 10
[2022-12-12 15:25:28] [SEVERE ] placing card 20 in slot 11
[2022-12-12 15:25:43] [SEVERE ] removing card from slot 0
[2022-12-12 15:25:43] [SEVERE ] removing card from slot 1
[2022-12-12 15:25:43] [SEVERE ] removing card from slot 2
[2022-12-12 15:25:43] [SEVERE ] removing card from slot 3
[2022-12-12 15:25:43] [SEVERE ] removing card from slot 4
[2022-12-12 15:25:43] [SEVERE ] removing card from slot 5
[2022-12-12 15:25:43] [SEVERE ] removing card from slot 6
[2022-12-12 15:25:43] [SEVERE ] removing card from slot 7
[2022-12-12 15:25:43] [SEVERE ] removing card from slot 8
[2022-12-12 15:25:44] [SEVERE ] removing card from slot 9
[2022-12-12 15:25:44] [SEVERE ] removing card from slot 10
[2022-12-12 15:25:44] [SEVERE ] removing card from slot 11
[2022-12-12 15:25:44] [SEVERE ] placing card 50 in slot 0
[2022-12-12 15:25:44] [SEVERE ] placing card 59 in slot 1
[2022-12-12 15:25:44] [SEVERE ] placing card 51 in slot 2
[2022-12-12 15:25:44] [SEVERE ] placing card 76 in slot 3
[2022-12-12 15:25:44] [SEVERE ] placing card 29 in slot 4
[2022-12-12 15:25:44] [SEVERE ] placing card 47 in slot 5
[2022-12-12 15:25:44] [SEVERE ] placing card 69 in slot 6
[2022-12-12 15:25:45] [SEVERE ] placing card 26 in slot 7
[2022-12-12 15:25:45] [SEVERE ] placing card 64 in slot 8
[2022-12-12 15:25:45] [SEVERE ] placing card 53 in slot 9
[2022-12-12 15:25:45] [SEVERE ] placing card 52 in slot 10
[2022-12-12 15:25:45] [SEVERE ] placing card 13 in slot 11
[2022-12-12 15:26:00] [SEVERE ] removing card from slot 0
[2022-12-12 15:26:00] [SEVERE ] removing card from slot 1
[2022-12-12 15:26:00] [SEVERE ] removing card from slot 2
[2022-12-12 15:26:00] [SEVERE ] removing card from slot 3
[2022-12-12 15:26:00] [SEVERE ] removing card from slot 4
[2022-12-12 15:26:01] [SEVERE ] removing card from slot 5
[2022-12-12 15:26:01] [SEVERE ] removing card from slot 6
[2022-12-12 15:26:01] [SEVERE ] removing card from slot 7
[2022-12-12 15:26:01] [SEVERE ] removing card from slot 8
[2022-12-12 15:26:01] [SEVERE ] removing card from slot 9
[2022-12-12 15:26:01] [SEVERE ] removing card from slot 10
[2022-12-12 15:26:01] [SEVERE ] removing card from slot 11
[2022-12-12 15:26:01] [SEVERE ] placing card 41 in slot 0
[2022-12-12 15:26:01] [SEVERE ] placing card 73 in slot 1
[2022-12-12 15:26:01] [SEVERE ] placing card 5 in slot 2
[2022-12-12 15:26:02] [SEVERE ] placing card 20 in slot 3
[2022-12-12 15:26:02] [SEVERE ] placing card 26 in slot 4
[2022-12-12 15:26:02] [SEVERE ] placing card 58 in slot 5
[2022-12-12 15:26:02] [SEVERE ] placing card 32 in slot 6
[2022-12-12 15:26:02] [SEVERE ] placing card 65 in slot 7
[2022-12-12 15:26:02] [SEVERE ] placing card 64 in slot 8
[2022-12-12 15:26:02] [SEVERE ] placing card 19 in slot 9
[2022-12-12 15:26:02] [SEVERE ] placing card 42 in slot 10
[2022-12-12 15:26:02] [SEVERE ] placing card 79 in slot 11
