[17:21:00.158] [INFO   ] thread main starting.
[17:21:00.169] [SEVERE ] cannot read configuration file config.properties trying from resources.
[17:21:00.173] [SEVERE ] configuration file was loaded from resources directory.
[17:21:00.951] [INFO   ] thread dealer starting.
[17:21:00.962] [INFO   ] Thread dealer starting.
[17:21:00.964] [INFO   ] Thread Player 0 starting.
[17:21:00.966] [INFO   ] Thread Player 1 starting.
[17:21:00.966] [INFO   ] Thread Player 3 starting.
[17:21:00.967] [INFO   ] Thread Player 2 starting.
[17:21:00.993] [INFO   ] Thread computer-1 starting.
[17:21:00.993] [INFO   ] Thread computer-2 starting.
[17:21:00.993] [INFO   ] Thread computer-3 starting.
[17:21:01.090] [SEVERE ] placing card 47 in slot 11
[17:21:01.201] [SEVERE ] placing card 19 in slot 8
[17:21:01.313] [SEVERE ] placing card 30 in slot 9
[17:21:01.424] [SEVERE ] placing card 61 in slot 3
[17:21:01.534] [SEVERE ] placing card 65 in slot 1
[17:21:01.644] [SEVERE ] placing card 31 in slot 10
[17:21:01.754] [SEVERE ] placing card 59 in slot 5
[17:21:01.863] [SEVERE ] placing card 8 in slot 6
[17:21:01.973] [SEVERE ] placing card 26 in slot 2
[17:21:02.085] [SEVERE ] placing card 12 in slot 0
