[2022-12-15 14:38:43] [INFO   ] cannot read configuration file config.properties trying from resources.
[2022-12-15 14:38:43] [INFO   ] configuration file was loaded from resources directory.
[2022-12-15 14:38:43] [INFO   ] Thread dealer starting.
[2022-12-15 14:38:43] [INFO   ] Thread Player 0starting.
[2022-12-15 14:38:43] [INFO   ] Thread Player 1starting.
[2022-12-15 14:38:43] [INFO   ] Thread Player 3starting.
[2022-12-15 14:38:43] [INFO   ] Thread Player 2starting.
[2022-12-15 14:38:43] [INFO   ] Thread computer-1 starting.
[2022-12-15 14:38:43] [INFO   ] Thread computer-2 starting.
[2022-12-15 14:38:43] [INFO   ] Thread computer-3 starting.
[2022-12-15 14:38:43] [SEVERE ] placing card 24 in slot 0
[2022-12-15 14:38:44] [SEVERE ] placing card 75 in slot 1
[2022-12-15 14:38:44] [SEVERE ] placing card 66 in slot 2
[2022-12-15 14:38:44] [SEVERE ] placing card 19 in slot 3
[2022-12-15 14:38:44] [SEVERE ] placing card 42 in slot 4
[2022-12-15 14:38:44] [SEVERE ] placing card 59 in slot 5
[2022-12-15 14:38:44] [SEVERE ] placing card 21 in slot 6
[2022-12-15 14:38:44] [SEVERE ] placing card 43 in slot 7
[2022-12-15 14:38:44] [SEVERE ] placing card 35 in slot 8
[2022-12-15 14:38:45] [SEVERE ] placing card 25 in slot 9
[2022-12-15 14:38:45] [SEVERE ] placing card 57 in slot 10
[2022-12-15 14:38:45] [SEVERE ] placing card 76 in slot 11
[2022-12-15 14:38:45] [SEVERE ] player 2 placing token on slot 2
[2022-12-15 14:38:45] [SEVERE ] player 3 placing token on slot 1
[2022-12-15 14:38:45] [SEVERE ] player 1 placing token on slot 7
[2022-12-15 14:38:45] [SEVERE ] player 2 placing token on slot 5
[2022-12-15 14:38:45] [SEVERE ] player 3 placing token on slot 4
[2022-12-15 14:38:45] [SEVERE ] player 1 placing token on slot 2
[2022-12-15 14:38:45] [SEVERE ] removing player 2 token from slot 2
[2022-12-15 14:38:45] [SEVERE ] player 1 placing token on slot 1
[2022-12-15 14:38:45] [SEVERE ] player 3 placing token on slot 11
[2022-12-15 14:38:45] [SEVERE ] removing player 1 token from slot 7
[2022-12-15 14:38:45] [SEVERE ] removing player 3 token from slot 1
[2022-12-15 14:38:45] [SEVERE ] removing player 3 token from slot 4
[2022-12-15 14:38:45] [SEVERE ] removing player 3 token from slot 11
[2022-12-15 14:38:45] [SEVERE ] setting player 3 freeze to 2999
[2022-12-15 14:38:45] [SEVERE ] removing player 1 token from slot 2
[2022-12-15 14:38:45] [SEVERE ] removing player 1 token from slot 1
[2022-12-15 14:38:45] [SEVERE ] setting player 1 freeze to 3000
[2022-12-15 14:38:45] [SEVERE ] setting player 3 freeze to 2988
[2022-12-15 14:38:45] [SEVERE ] setting player 1 freeze to 2987
[2022-12-15 14:38:45] [SEVERE ] setting player 3 freeze to 2971
[2022-12-15 14:38:45] [SEVERE ] setting player 1 freeze to 2972
[2022-12-15 14:38:45] [SEVERE ] setting player 3 freeze to 2960
[2022-12-15 14:38:45] [SEVERE ] setting player 1 freeze to 2956
[2022-12-15 14:38:45] [SEVERE ] setting player 1 freeze to 2940
[2022-12-15 14:38:45] [SEVERE ] setting player 3 freeze to 2939
[2022-12-15 14:38:45] [SEVERE ] setting player 1 freeze to 2929
[2022-12-15 14:38:45] [SEVERE ] setting player 3 freeze to 2923
[2022-12-15 14:38:45] [SEVERE ] setting player 1 freeze to 2909
[2022-12-15 14:38:45] [SEVERE ] setting player 3 freeze to 2908
[2022-12-15 14:38:45] [SEVERE ] player 2 placing token on slot 6
[2022-12-15 14:38:45] [SEVERE ] setting player 1 freeze to 2893
[2022-12-15 14:38:45] [SEVERE ] setting player 3 freeze to 2892
[2022-12-15 14:38:45] [SEVERE ] setting player 3 freeze to 2876
[2022-12-15 14:38:45] [SEVERE ] setting player 1 freeze to 2877
[2022-12-15 14:38:45] [SEVERE ] setting player 3 freeze to 2865
[2022-12-15 14:38:45] [SEVERE ] setting player 1 freeze to 2861
[2022-12-15 14:38:45] [SEVERE ] setting player 3 freeze to 2844
[2022-12-15 14:38:45] [SEVERE ] setting player 1 freeze to 2845
[2022-12-15 14:38:45] [SEVERE ] setting player 1 freeze to 2829
[2022-12-15 14:38:45] [SEVERE ] setting player 3 freeze to 2828
[2022-12-15 14:38:45] [SEVERE ] setting player 1 freeze to 2813
[2022-12-15 14:38:45] [SEVERE ] setting player 3 freeze to 2812
[2022-12-15 14:38:45] [SEVERE ] setting player 1 freeze to 2797
[2022-12-15 14:38:45] [SEVERE ] setting player 3 freeze to 2796
[2022-12-15 14:38:45] [SEVERE ] player 2 placing token on slot 0
[2022-12-15 14:38:45] [SEVERE ] removing player 2 token from slot 5
[2022-12-15 14:38:45] [SEVERE ] removing player 2 token from slot 6
[2022-12-15 14:38:45] [SEVERE ] removing player 2 token from slot 0
[2022-12-15 14:38:45] [SEVERE ] setting player 2 freeze to 3000
[2022-12-15 14:38:45] [SEVERE ] setting player 3 freeze to 2780
[2022-12-15 14:38:45] [SEVERE ] setting player 1 freeze to 2781
[2022-12-15 14:38:45] [SEVERE ] setting player 2 freeze to 2985
[2022-12-15 14:38:45] [SEVERE ] setting player 3 freeze to 2769
[2022-12-15 14:38:45] [SEVERE ] setting player 1 freeze to 2765
[2022-12-15 14:38:45] [SEVERE ] setting player 2 freeze to 2969
[2022-12-15 14:38:45] [SEVERE ] setting player 2 freeze to 2953
[2022-12-15 14:38:45] [SEVERE ] setting player 1 freeze to 2749
[2022-12-15 14:38:45] [SEVERE ] setting player 3 freeze to 2748
[2022-12-15 14:38:45] [SEVERE ] setting player 2 freeze to 2942
[2022-12-15 14:38:45] [SEVERE ] setting player 1 freeze to 2733
[2022-12-15 14:38:45] [SEVERE ] setting player 3 freeze to 2732
[2022-12-15 14:38:45] [SEVERE ] setting player 3 freeze to 2716
[2022-12-15 14:38:45] [SEVERE ] setting player 1 freeze to 2717
[2022-12-15 14:38:45] [SEVERE ] setting player 2 freeze to 2921
[2022-12-15 14:38:45] [SEVERE ] setting player 3 freeze to 2705
[2022-12-15 14:38:45] [SEVERE ] setting player 2 freeze to 2905
[2022-12-15 14:38:45] [SEVERE ] setting player 1 freeze to 2701
[2022-12-15 14:38:45] [SEVERE ] setting player 2 freeze to 2889
[2022-12-15 14:38:45] [SEVERE ] setting player 3 freeze to 2684
[2022-12-15 14:38:45] [SEVERE ] setting player 1 freeze to 2685
[2022-12-15 14:38:45] [SEVERE ] setting player 2 freeze to 2878
[2022-12-15 14:38:45] [SEVERE ] setting player 1 freeze to 2669
[2022-12-15 14:38:45] [SEVERE ] setting player 3 freeze to 2668
[2022-12-15 14:38:45] [SEVERE ] setting player 3 freeze to 2652
[2022-12-15 14:38:45] [SEVERE ] setting player 1 freeze to 2653
[2022-12-15 14:38:45] [SEVERE ] setting player 2 freeze to 2857
[2022-12-15 14:38:45] [SEVERE ] setting player 3 freeze to 2641
[2022-12-15 14:38:45] [SEVERE ] setting player 1 freeze to 2637
[2022-12-15 14:38:45] [SEVERE ] setting player 2 freeze to 2841
[2022-12-15 14:38:45] [SEVERE ] setting player 1 freeze to 2622
[2022-12-15 14:38:45] [SEVERE ] setting player 3 freeze to 2621
[2022-12-15 14:38:45] [SEVERE ] setting player 2 freeze to 2826
[2022-12-15 14:38:45] [SEVERE ] setting player 1 freeze to 2611
[2022-12-15 14:38:45] [SEVERE ] setting player 2 freeze to 2810
[2022-12-15 14:38:45] [SEVERE ] setting player 3 freeze to 2605
[2022-12-15 14:38:45] [SEVERE ] setting player 1 freeze to 2590
[2022-12-15 14:38:45] [SEVERE ] setting player 2 freeze to 2794
[2022-12-15 14:38:45] [SEVERE ] setting player 3 freeze to 2589
[2022-12-15 14:38:45] [SEVERE ] setting player 1 freeze to 2579
[2022-12-15 14:38:45] [SEVERE ] setting player 3 freeze to 2573
[2022-12-15 14:38:45] [SEVERE ] setting player 2 freeze to 2778
[2022-12-15 14:38:45] [SEVERE ] setting player 1 freeze to 2559
[2022-12-15 14:38:45] [SEVERE ] setting player 3 freeze to 2558
[2022-12-15 14:38:45] [SEVERE ] setting player 2 freeze to 2763
[2022-12-15 14:38:45] [SEVERE ] setting player 3 freeze to 2547
[2022-12-15 14:38:45] [SEVERE ] setting player 1 freeze to 2548
[2022-12-15 14:38:45] [SEVERE ] setting player 2 freeze to 2748
[2022-12-15 14:38:45] [SEVERE ] setting player 2 freeze to 2732
[2022-12-15 14:38:45] [SEVERE ] setting player 3 freeze to 2527
[2022-12-15 14:38:45] [SEVERE ] setting player 1 freeze to 2528
[2022-12-15 14:38:45] [SEVERE ] setting player 2 freeze to 2721
[2022-12-15 14:38:45] [SEVERE ] setting player 3 freeze to 2511
[2022-12-15 14:38:45] [SEVERE ] setting player 1 freeze to 2512
[2022-12-15 14:38:45] [SEVERE ] setting player 1 freeze to 2496
[2022-12-15 14:38:45] [SEVERE ] setting player 3 freeze to 2495
[2022-12-15 14:38:45] [SEVERE ] setting player 2 freeze to 2700
[2022-12-15 14:38:45] [SEVERE ] setting player 1 freeze to 2485
[2022-12-15 14:38:45] [SEVERE ] setting player 2 freeze to 2684
[2022-12-15 14:38:45] [SEVERE ] setting player 3 freeze to 2479
[2022-12-15 14:38:45] [SEVERE ] setting player 2 freeze to 2668
[2022-12-15 14:38:45] [SEVERE ] setting player 1 freeze to 2464
[2022-12-15 14:38:45] [SEVERE ] setting player 3 freeze to 2463
[2022-12-15 14:38:46] [SEVERE ] setting player 2 freeze to 2657
[2022-12-15 14:38:46] [SEVERE ] setting player 3 freeze to 2447
[2022-12-15 14:38:46] [SEVERE ] setting player 1 freeze to 2448
[2022-12-15 14:38:46] [SEVERE ] setting player 3 freeze to 2436
[2022-12-15 14:38:46] [SEVERE ] setting player 2 freeze to 2636
[2022-12-15 14:38:46] [SEVERE ] setting player 1 freeze to 2432
[2022-12-15 14:38:46] [SEVERE ] setting player 1 freeze to 2416
[2022-12-15 14:38:46] [SEVERE ] setting player 2 freeze to 2620
[2022-12-15 14:38:46] [SEVERE ] setting player 3 freeze to 2415
[2022-12-15 14:38:46] [SEVERE ] setting player 1 freeze to 2405
[2022-12-15 14:38:46] [SEVERE ] setting player 3 freeze to 2399
[2022-12-15 14:38:46] [SEVERE ] setting player 2 freeze to 2604
[2022-12-15 14:38:46] [SEVERE ] setting player 1 freeze to 2384
[2022-12-15 14:38:46] [SEVERE ] setting player 3 freeze to 2383
[2022-12-15 14:38:46] [SEVERE ] setting player 2 freeze to 2588
[2022-12-15 14:38:46] [SEVERE ] setting player 1 freeze to 2373
[2022-12-15 14:38:46] [SEVERE ] setting player 3 freeze to 2367
[2022-12-15 14:38:46] [SEVERE ] setting player 2 freeze to 2572
[2022-12-15 14:38:46] [SEVERE ] setting player 1 freeze to 2352
[2022-12-15 14:38:46] [SEVERE ] setting player 2 freeze to 2556
[2022-12-15 14:38:46] [SEVERE ] setting player 3 freeze to 2351
[2022-12-15 14:38:46] [SEVERE ] setting player 1 freeze to 2341
[2022-12-15 14:38:46] [SEVERE ] setting player 2 freeze to 2540
[2022-12-15 14:38:46] [SEVERE ] setting player 3 freeze to 2335
[2022-12-15 14:38:46] [SEVERE ] setting player 3 freeze to 2320
[2022-12-15 14:38:46] [SEVERE ] setting player 2 freeze to 2525
[2022-12-15 14:38:46] [SEVERE ] setting player 1 freeze to 2321
[2022-12-15 14:38:46] [SEVERE ] setting player 3 freeze to 2309
[2022-12-15 14:38:46] [SEVERE ] setting player 1 freeze to 2305
[2022-12-15 14:38:46] [SEVERE ] setting player 2 freeze to 2509
[2022-12-15 14:38:46] [SEVERE ] setting player 1 freeze to 2289
[2022-12-15 14:38:46] [SEVERE ] setting player 3 freeze to 2288
[2022-12-15 14:38:46] [SEVERE ] setting player 2 freeze to 2493
[2022-12-15 14:38:46] [SEVERE ] setting player 1 freeze to 2278
[2022-12-15 14:38:46] [SEVERE ] setting player 3 freeze to 2272
[2022-12-15 14:38:46] [SEVERE ] setting player 2 freeze to 2477
[2022-12-15 14:38:46] [SEVERE ] setting player 1 freeze to 2257
[2022-12-15 14:38:46] [SEVERE ] setting player 2 freeze to 2461
[2022-12-15 14:38:46] [SEVERE ] setting player 3 freeze to 2256
[2022-12-15 14:38:46] [SEVERE ] setting player 1 freeze to 2246
[2022-12-15 14:38:46] [SEVERE ] setting player 3 freeze to 2240
[2022-12-15 14:38:46] [SEVERE ] setting player 2 freeze to 2445
[2022-12-15 14:38:46] [SEVERE ] setting player 3 freeze to 2224
[2022-12-15 14:38:46] [SEVERE ] setting player 2 freeze to 2429
[2022-12-15 14:38:46] [SEVERE ] setting player 1 freeze to 2225
[2022-12-15 14:38:46] [SEVERE ] setting player 2 freeze to 2418
[2022-12-15 14:38:46] [SEVERE ] setting player 3 freeze to 2213
[2022-12-15 14:38:46] [SEVERE ] setting player 1 freeze to 2209
[2022-12-15 14:38:46] [SEVERE ] setting player 3 freeze to 2192
[2022-12-15 14:38:46] [SEVERE ] setting player 2 freeze to 2397
[2022-12-15 14:38:46] [SEVERE ] setting player 1 freeze to 2193
[2022-12-15 14:38:46] [SEVERE ] setting player 3 freeze to 2181
[2022-12-15 14:38:46] [SEVERE ] setting player 1 freeze to 2178
[2022-12-15 14:38:46] [SEVERE ] setting player 2 freeze to 2382
[2022-12-15 14:38:46] [SEVERE ] setting player 2 freeze to 2367
[2022-12-15 14:38:46] [SEVERE ] setting player 1 freeze to 2163
[2022-12-15 14:38:46] [SEVERE ] setting player 3 freeze to 2162
[2022-12-15 14:38:46] [SEVERE ] setting player 2 freeze to 2356
[2022-12-15 14:38:46] [SEVERE ] setting player 3 freeze to 2146
[2022-12-15 14:38:46] [SEVERE ] setting player 1 freeze to 2147
[2022-12-15 14:38:46] [SEVERE ] setting player 2 freeze to 2336
[2022-12-15 14:38:46] [SEVERE ] setting player 1 freeze to 2132
[2022-12-15 14:38:46] [SEVERE ] setting player 3 freeze to 2131
[2022-12-15 14:38:46] [SEVERE ] setting player 2 freeze to 2325
[2022-12-15 14:38:46] [SEVERE ] setting player 3 freeze to 2115
[2022-12-15 14:38:46] [SEVERE ] setting player 1 freeze to 2116
[2022-12-15 14:38:46] [SEVERE ] setting player 2 freeze to 2304
[2022-12-15 14:38:46] [SEVERE ] setting player 3 freeze to 2099
[2022-12-15 14:38:46] [SEVERE ] setting player 1 freeze to 2100
[2022-12-15 14:38:46] [SEVERE ] setting player 2 freeze to 2293
[2022-12-15 14:38:46] [SEVERE ] setting player 3 freeze to 2083
[2022-12-15 14:38:46] [SEVERE ] setting player 1 freeze to 2084
[2022-12-15 14:38:46] [SEVERE ] setting player 3 freeze to 2067
[2022-12-15 14:38:46] [SEVERE ] setting player 2 freeze to 2272
[2022-12-15 14:38:46] [SEVERE ] setting player 1 freeze to 2068
[2022-12-15 14:38:46] [SEVERE ] setting player 3 freeze to 2056
[2022-12-15 14:38:46] [SEVERE ] setting player 1 freeze to 2052
[2022-12-15 14:38:46] [SEVERE ] setting player 2 freeze to 2256
[2022-12-15 14:38:46] [SEVERE ] setting player 1 freeze to 2036
[2022-12-15 14:38:46] [SEVERE ] setting player 3 freeze to 2035
[2022-12-15 14:38:46] [SEVERE ] setting player 2 freeze to 2240
[2022-12-15 14:38:46] [SEVERE ] setting player 1 freeze to 2024
[2022-12-15 14:38:46] [SEVERE ] setting player 3 freeze to 2019
[2022-12-15 14:38:46] [SEVERE ] setting player 2 freeze to 2224
[2022-12-15 14:38:46] [SEVERE ] setting player 3 freeze to 2004
[2022-12-15 14:38:46] [SEVERE ] setting player 1 freeze to 2005
[2022-12-15 14:38:46] [SEVERE ] setting player 2 freeze to 2209
[2022-12-15 14:38:46] [SEVERE ] setting player 3 freeze to 1993
[2022-12-15 14:38:46] [SEVERE ] setting player 1 freeze to 1989
[2022-12-15 14:38:46] [SEVERE ] setting player 2 freeze to 2193
[2022-12-15 14:38:46] [SEVERE ] setting player 2 freeze to 2178
[2022-12-15 14:38:46] [SEVERE ] setting player 3 freeze to 1973
[2022-12-15 14:38:46] [SEVERE ] setting player 1 freeze to 1974
[2022-12-15 14:38:46] [SEVERE ] setting player 2 freeze to 2167
[2022-12-15 14:38:46] [SEVERE ] setting player 3 freeze to 1957
[2022-12-15 14:38:46] [SEVERE ] setting player 1 freeze to 1958
[2022-12-15 14:38:46] [SEVERE ] setting player 3 freeze to 1941
[2022-12-15 14:38:46] [SEVERE ] setting player 1 freeze to 1942
[2022-12-15 14:38:46] [SEVERE ] setting player 2 freeze to 2146
[2022-12-15 14:38:46] [SEVERE ] setting player 3 freeze to 1930
[2022-12-15 14:38:46] [SEVERE ] setting player 1 freeze to 1927
[2022-12-15 14:38:46] [SEVERE ] setting player 2 freeze to 2131
[2022-12-15 14:38:46] [SEVERE ] setting player 3 freeze to 1910
[2022-12-15 14:38:46] [SEVERE ] setting player 2 freeze to 2115
[2022-12-15 14:38:46] [SEVERE ] setting player 1 freeze to 1911
[2022-12-15 14:38:46] [SEVERE ] setting player 3 freeze to 1898
[2022-12-15 14:38:46] [SEVERE ] setting player 1 freeze to 1895
[2022-12-15 14:38:46] [SEVERE ] setting player 2 freeze to 2099
[2022-12-15 14:38:46] [SEVERE ] setting player 1 freeze to 1879
[2022-12-15 14:38:46] [SEVERE ] setting player 3 freeze to 1878
[2022-12-15 14:38:46] [SEVERE ] setting player 2 freeze to 2083
[2022-12-15 14:38:46] [SEVERE ] setting player 1 freeze to 1868
[2022-12-15 14:38:46] [SEVERE ] setting player 2 freeze to 2067
[2022-12-15 14:38:46] [SEVERE ] setting player 3 freeze to 1862
[2022-12-15 14:38:46] [SEVERE ] setting player 3 freeze to 1846
[2022-12-15 14:38:46] [SEVERE ] setting player 1 freeze to 1847
[2022-12-15 14:38:46] [SEVERE ] setting player 2 freeze to 2051
[2022-12-15 14:38:46] [SEVERE ] setting player 3 freeze to 1834
[2022-12-15 14:38:46] [SEVERE ] setting player 1 freeze to 1831
[2022-12-15 14:38:46] [SEVERE ] setting player 2 freeze to 2035
[2022-12-15 14:38:46] [SEVERE ] setting player 1 freeze to 1815
[2022-12-15 14:38:46] [SEVERE ] setting player 3 freeze to 1814
[2022-12-15 14:38:46] [SEVERE ] setting player 2 freeze to 2019
[2022-12-15 14:38:46] [SEVERE ] setting player 1 freeze to 1804
[2022-12-15 14:38:46] [SEVERE ] setting player 3 freeze to 1798
[2022-12-15 14:38:46] [SEVERE ] setting player 2 freeze to 2003
[2022-12-15 14:38:46] [SEVERE ] setting player 3 freeze to 1783
[2022-12-15 14:38:46] [SEVERE ] setting player 1 freeze to 1784
[2022-12-15 14:38:46] [SEVERE ] setting player 2 freeze to 1988
[2022-12-15 14:38:46] [SEVERE ] setting player 3 freeze to 1772
[2022-12-15 14:38:46] [SEVERE ] setting player 2 freeze to 1972
[2022-12-15 14:38:46] [SEVERE ] setting player 1 freeze to 1768
[2022-12-15 14:38:46] [SEVERE ] setting player 2 freeze to 1956
[2022-12-15 14:38:46] [SEVERE ] setting player 3 freeze to 1751
[2022-12-15 14:38:46] [SEVERE ] setting player 1 freeze to 1752
[2022-12-15 14:38:46] [SEVERE ] setting player 2 freeze to 1945
[2022-12-15 14:38:46] [SEVERE ] setting player 1 freeze to 1736
[2022-12-15 14:38:46] [SEVERE ] setting player 3 freeze to 1735
[2022-12-15 14:38:46] [SEVERE ] setting player 1 freeze to 1725
[2022-12-15 14:38:46] [SEVERE ] setting player 2 freeze to 1925
[2022-12-15 14:38:46] [SEVERE ] setting player 3 freeze to 1720
[2022-12-15 14:38:46] [SEVERE ] setting player 2 freeze to 1909
[2022-12-15 14:38:46] [SEVERE ] setting player 1 freeze to 1705
[2022-12-15 14:38:46] [SEVERE ] setting player 3 freeze to 1704
[2022-12-15 14:38:46] [SEVERE ] setting player 2 freeze to 1898
[2022-12-15 14:38:46] [SEVERE ] setting player 3 freeze to 1688
[2022-12-15 14:38:46] [SEVERE ] setting player 1 freeze to 1689
[2022-12-15 14:38:46] [SEVERE ] setting player 3 freeze to 1672
[2022-12-15 14:38:46] [SEVERE ] setting player 2 freeze to 1877
[2022-12-15 14:38:46] [SEVERE ] setting player 1 freeze to 1673
[2022-12-15 14:38:46] [SEVERE ] setting player 3 freeze to 1661
[2022-12-15 14:38:46] [SEVERE ] setting player 1 freeze to 1657
[2022-12-15 14:38:46] [SEVERE ] setting player 2 freeze to 1861
[2022-12-15 14:38:46] [SEVERE ] setting player 2 freeze to 1846
[2022-12-15 14:38:46] [SEVERE ] setting player 3 freeze to 1641
[2022-12-15 14:38:46] [SEVERE ] setting player 1 freeze to 1642
[2022-12-15 14:38:46] [SEVERE ] setting player 2 freeze to 1835
[2022-12-15 14:38:46] [SEVERE ] setting player 1 freeze to 1626
[2022-12-15 14:38:46] [SEVERE ] setting player 3 freeze to 1625
[2022-12-15 14:38:46] [SEVERE ] setting player 2 freeze to 1814
[2022-12-15 14:38:46] [SEVERE ] setting player 1 freeze to 1610
[2022-12-15 14:38:46] [SEVERE ] setting player 3 freeze to 1609
[2022-12-15 14:38:46] [SEVERE ] setting player 2 freeze to 1803
[2022-12-15 14:38:46] [SEVERE ] setting player 3 freeze to 1593
[2022-12-15 14:38:46] [SEVERE ] setting player 1 freeze to 1594
[2022-12-15 14:38:46] [SEVERE ] setting player 2 freeze to 1782
[2022-12-15 14:38:46] [SEVERE ] setting player 1 freeze to 1578
[2022-12-15 14:38:46] [SEVERE ] setting player 3 freeze to 1577
[2022-12-15 14:38:46] [SEVERE ] setting player 2 freeze to 1771
[2022-12-15 14:38:46] [SEVERE ] setting player 3 freeze to 1561
[2022-12-15 14:38:46] [SEVERE ] setting player 1 freeze to 1562
[2022-12-15 14:38:46] [SEVERE ] setting player 3 freeze to 1545
[2022-12-15 14:38:46] [SEVERE ] setting player 2 freeze to 1750
[2022-12-15 14:38:46] [SEVERE ] setting player 1 freeze to 1546
[2022-12-15 14:38:46] [SEVERE ] setting player 3 freeze to 1534
[2022-12-15 14:38:46] [SEVERE ] setting player 1 freeze to 1530
[2022-12-15 14:38:46] [SEVERE ] setting player 2 freeze to 1734
[2022-12-15 14:38:46] [SEVERE ] setting player 3 freeze to 1513
[2022-12-15 14:38:46] [SEVERE ] setting player 1 freeze to 1514
[2022-12-15 14:38:46] [SEVERE ] setting player 2 freeze to 1718
[2022-12-15 14:38:46] [SEVERE ] setting player 3 freeze to 1502
[2022-12-15 14:38:46] [SEVERE ] setting player 2 freeze to 1702
[2022-12-15 14:38:46] [SEVERE ] setting player 1 freeze to 1498
[2022-12-15 14:38:46] [SEVERE ] setting player 2 freeze to 1691
[2022-12-15 14:38:46] [SEVERE ] setting player 1 freeze to 1482
[2022-12-15 14:38:46] [SEVERE ] setting player 3 freeze to 1481
[2022-12-15 14:38:46] [SEVERE ] setting player 1 freeze to 1471
[2022-12-15 14:38:46] [SEVERE ] setting player 3 freeze to 1465
[2022-12-15 14:38:46] [SEVERE ] setting player 2 freeze to 1670
[2022-12-15 14:38:47] [SEVERE ] setting player 3 freeze to 1449
[2022-12-15 14:38:47] [SEVERE ] setting player 1 freeze to 1450
[2022-12-15 14:38:47] [SEVERE ] setting player 2 freeze to 1654
[2022-12-15 14:38:47] [SEVERE ] setting player 3 freeze to 1438
[2022-12-15 14:38:47] [SEVERE ] setting player 2 freeze to 1638
[2022-12-15 14:38:47] [SEVERE ] setting player 1 freeze to 1434
[2022-12-15 14:38:47] [SEVERE ] setting player 2 freeze to 1622
[2022-12-15 14:38:47] [SEVERE ] setting player 3 freeze to 1417
[2022-12-15 14:38:47] [SEVERE ] setting player 1 freeze to 1418
[2022-12-15 14:38:47] [SEVERE ] setting player 2 freeze to 1612
[2022-12-15 14:38:47] [SEVERE ] setting player 3 freeze to 1402
[2022-12-15 14:38:47] [SEVERE ] setting player 1 freeze to 1403
[2022-12-15 14:38:47] [SEVERE ] setting player 3 freeze to 1386
[2022-12-15 14:38:47] [SEVERE ] setting player 2 freeze to 1591
[2022-12-15 14:38:47] [SEVERE ] setting player 1 freeze to 1387
[2022-12-15 14:38:47] [SEVERE ] setting player 3 freeze to 1375
[2022-12-15 14:38:47] [SEVERE ] setting player 1 freeze to 1372
[2022-12-15 14:38:47] [SEVERE ] setting player 2 freeze to 1576
[2022-12-15 14:38:47] [SEVERE ] setting player 3 freeze to 1355
[2022-12-15 14:38:47] [SEVERE ] setting player 1 freeze to 1356
[2022-12-15 14:38:47] [SEVERE ] setting player 2 freeze to 1560
[2022-12-15 14:38:47] [SEVERE ] setting player 3 freeze to 1344
[2022-12-15 14:38:47] [SEVERE ] setting player 2 freeze to 1544
[2022-12-15 14:38:47] [SEVERE ] setting player 1 freeze to 1340
[2022-12-15 14:38:47] [SEVERE ] setting player 2 freeze to 1528
[2022-12-15 14:38:47] [SEVERE ] setting player 3 freeze to 1323
[2022-12-15 14:38:47] [SEVERE ] setting player 1 freeze to 1324
[2022-12-15 14:38:47] [SEVERE ] setting player 2 freeze to 1517
[2022-12-15 14:38:47] [SEVERE ] setting player 1 freeze to 1308
[2022-12-15 14:38:47] [SEVERE ] setting player 3 freeze to 1307
[2022-12-15 14:38:47] [SEVERE ] setting player 2 freeze to 1496
[2022-12-15 14:38:47] [SEVERE ] setting player 1 freeze to 1292
[2022-12-15 14:38:47] [SEVERE ] setting player 3 freeze to 1291
[2022-12-15 14:38:47] [SEVERE ] setting player 2 freeze to 1484
[2022-12-15 14:38:47] [SEVERE ] setting player 3 freeze to 1275
[2022-12-15 14:38:47] [SEVERE ] setting player 1 freeze to 1276
[2022-12-15 14:38:47] [SEVERE ] setting player 2 freeze to 1464
[2022-12-15 14:38:47] [SEVERE ] setting player 1 freeze to 1260
[2022-12-15 14:38:47] [SEVERE ] setting player 3 freeze to 1259
[2022-12-15 14:38:47] [SEVERE ] setting player 2 freeze to 1453
[2022-12-15 14:38:47] [SEVERE ] setting player 3 freeze to 1243
[2022-12-15 14:38:47] [SEVERE ] setting player 1 freeze to 1244
[2022-12-15 14:38:47] [SEVERE ] setting player 3 freeze to 1227
[2022-12-15 14:38:47] [SEVERE ] setting player 2 freeze to 1432
[2022-12-15 14:38:47] [SEVERE ] setting player 1 freeze to 1228
[2022-12-15 14:38:47] [SEVERE ] setting player 3 freeze to 1216
[2022-12-15 14:38:47] [SEVERE ] setting player 1 freeze to 1213
[2022-12-15 14:38:47] [SEVERE ] setting player 2 freeze to 1417
[2022-12-15 14:38:47] [SEVERE ] setting player 3 freeze to 1196
[2022-12-15 14:38:47] [SEVERE ] setting player 2 freeze to 1401
[2022-12-15 14:38:47] [SEVERE ] setting player 1 freeze to 1197
[2022-12-15 14:38:47] [SEVERE ] setting player 3 freeze to 1185
[2022-12-15 14:38:47] [SEVERE ] setting player 1 freeze to 1181
[2022-12-15 14:38:47] [SEVERE ] setting player 2 freeze to 1385
[2022-12-15 14:38:47] [SEVERE ] setting player 1 freeze to 1169
[2022-12-15 14:38:47] [SEVERE ] setting player 3 freeze to 1164
[2022-12-15 14:38:47] [SEVERE ] setting player 2 freeze to 1369
[2022-12-15 14:38:47] [SEVERE ] setting player 3 freeze to 1148
[2022-12-15 14:38:47] [SEVERE ] setting player 1 freeze to 1149
[2022-12-15 14:38:47] [SEVERE ] setting player 2 freeze to 1353
[2022-12-15 14:38:47] [SEVERE ] setting player 3 freeze to 1137
[2022-12-15 14:38:47] [SEVERE ] setting player 2 freeze to 1337
[2022-12-15 14:38:47] [SEVERE ] setting player 1 freeze to 1133
[2022-12-15 14:38:47] [SEVERE ] setting player 1 freeze to 1117
[2022-12-15 14:38:47] [SEVERE ] setting player 2 freeze to 1321
[2022-12-15 14:38:47] [SEVERE ] setting player 3 freeze to 1116
[2022-12-15 14:38:47] [SEVERE ] setting player 1 freeze to 1106
[2022-12-15 14:38:47] [SEVERE ] setting player 2 freeze to 1305
[2022-12-15 14:38:47] [SEVERE ] setting player 3 freeze to 1100
[2022-12-15 14:38:47] [SEVERE ] setting player 2 freeze to 1289
[2022-12-15 14:38:47] [SEVERE ] setting player 1 freeze to 1085
[2022-12-15 14:38:47] [SEVERE ] setting player 3 freeze to 1084
[2022-12-15 14:38:47] [SEVERE ] setting player 2 freeze to 1278
[2022-12-15 14:38:47] [SEVERE ] setting player 3 freeze to 1068
[2022-12-15 14:38:47] [SEVERE ] setting player 1 freeze to 1069
[2022-12-15 14:38:47] [SEVERE ] setting player 2 freeze to 1258
[2022-12-15 14:38:47] [SEVERE ] setting player 1 freeze to 1054
[2022-12-15 14:38:47] [SEVERE ] setting player 3 freeze to 1053
[2022-12-15 14:38:47] [SEVERE ] setting player 2 freeze to 1248
[2022-12-15 14:38:47] [SEVERE ] setting player 3 freeze to 1039
[2022-12-15 14:38:47] [SEVERE ] setting player 1 freeze to 1040
[2022-12-15 14:38:47] [SEVERE ] setting player 2 freeze to 1228
[2022-12-15 14:38:47] [SEVERE ] setting player 3 freeze to 1023
[2022-12-15 14:38:47] [SEVERE ] setting player 1 freeze to 1024
[2022-12-15 14:38:47] [SEVERE ] setting player 2 freeze to 1216
[2022-12-15 14:38:47] [SEVERE ] setting player 1 freeze to 1008
[2022-12-15 14:38:47] [SEVERE ] setting player 3 freeze to 1007
[2022-12-15 14:38:47] [SEVERE ] setting player 1 freeze to 992
[2022-12-15 14:38:47] [SEVERE ] setting player 3 freeze to 991
[2022-12-15 14:38:47] [SEVERE ] setting player 2 freeze to 1196
[2022-12-15 14:38:47] [SEVERE ] setting player 3 freeze to 975
[2022-12-15 14:38:47] [SEVERE ] setting player 1 freeze to 976
[2022-12-15 14:38:47] [SEVERE ] setting player 2 freeze to 1180
[2022-12-15 14:38:47] [SEVERE ] setting player 3 freeze to 964
[2022-12-15 14:38:47] [SEVERE ] setting player 2 freeze to 1165
[2022-12-15 14:38:47] [SEVERE ] setting player 1 freeze to 961
[2022-12-15 14:38:47] [SEVERE ] setting player 1 freeze to 945
[2022-12-15 14:38:47] [SEVERE ] setting player 2 freeze to 1149
[2022-12-15 14:38:47] [SEVERE ] setting player 3 freeze to 944
[2022-12-15 14:38:47] [SEVERE ] setting player 1 freeze to 934
[2022-12-15 14:38:47] [SEVERE ] setting player 3 freeze to 928
[2022-12-15 14:38:47] [SEVERE ] setting player 2 freeze to 1133
[2022-12-15 14:38:47] [SEVERE ] setting player 3 freeze to 912
[2022-12-15 14:38:47] [SEVERE ] setting player 1 freeze to 913
[2022-12-15 14:38:47] [SEVERE ] setting player 2 freeze to 1117
[2022-12-15 14:38:47] [SEVERE ] setting player 3 freeze to 901
[2022-12-15 14:38:47] [SEVERE ] setting player 1 freeze to 897
[2022-12-15 14:38:47] [SEVERE ] setting player 2 freeze to 1101
[2022-12-15 14:38:47] [SEVERE ] setting player 1 freeze to 881
[2022-12-15 14:38:47] [SEVERE ] setting player 3 freeze to 880
[2022-12-15 14:38:47] [SEVERE ] setting player 2 freeze to 1085
[2022-12-15 14:38:47] [SEVERE ] setting player 1 freeze to 869
[2022-12-15 14:38:47] [SEVERE ] setting player 2 freeze to 1069
[2022-12-15 14:38:47] [SEVERE ] setting player 3 freeze to 864
[2022-12-15 14:38:47] [SEVERE ] setting player 1 freeze to 849
[2022-12-15 14:38:47] [SEVERE ] setting player 3 freeze to 848
[2022-12-15 14:38:47] [SEVERE ] setting player 2 freeze to 1053
[2022-12-15 14:38:47] [SEVERE ] setting player 1 freeze to 837
[2022-12-15 14:38:47] [SEVERE ] setting player 2 freeze to 1037
[2022-12-15 14:38:47] [SEVERE ] setting player 3 freeze to 832
[2022-12-15 14:38:47] [SEVERE ] setting player 1 freeze to 817
[2022-12-15 14:38:47] [SEVERE ] setting player 3 freeze to 816
[2022-12-15 14:38:47] [SEVERE ] setting player 2 freeze to 1021
[2022-12-15 14:38:47] [SEVERE ] setting player 1 freeze to 805
[2022-12-15 14:38:47] [SEVERE ] setting player 3 freeze to 800
[2022-12-15 14:38:47] [SEVERE ] setting player 2 freeze to 1005
[2022-12-15 14:38:47] [SEVERE ] setting player 3 freeze to 784
[2022-12-15 14:38:47] [SEVERE ] setting player 1 freeze to 785
[2022-12-15 14:38:47] [SEVERE ] setting player 2 freeze to 989
[2022-12-15 14:38:47] [SEVERE ] setting player 3 freeze to 772
[2022-12-15 14:38:47] [SEVERE ] setting player 2 freeze to 973
[2022-12-15 14:38:47] [SEVERE ] setting player 1 freeze to 769
[2022-12-15 14:38:47] [SEVERE ] setting player 2 freeze to 957
[2022-12-15 14:38:47] [SEVERE ] setting player 3 freeze to 752
[2022-12-15 14:38:47] [SEVERE ] setting player 1 freeze to 753
[2022-12-15 14:38:47] [SEVERE ] setting player 2 freeze to 946
[2022-12-15 14:38:47] [SEVERE ] setting player 1 freeze to 737
[2022-12-15 14:38:47] [SEVERE ] setting player 3 freeze to 736
[2022-12-15 14:38:47] [SEVERE ] setting player 2 freeze to 925
[2022-12-15 14:38:47] [SEVERE ] setting player 1 freeze to 721
[2022-12-15 14:38:47] [SEVERE ] setting player 3 freeze to 720
[2022-12-15 14:38:47] [SEVERE ] setting player 2 freeze to 914
[2022-12-15 14:38:47] [SEVERE ] setting player 1 freeze to 705
[2022-12-15 14:38:47] [SEVERE ] setting player 3 freeze to 704
[2022-12-15 14:38:47] [SEVERE ] setting player 3 freeze to 688
[2022-12-15 14:38:47] [SEVERE ] setting player 1 freeze to 689
[2022-12-15 14:38:47] [SEVERE ] setting player 2 freeze to 893
[2022-12-15 14:38:47] [SEVERE ] setting player 3 freeze to 677
[2022-12-15 14:38:47] [SEVERE ] setting player 1 freeze to 673
[2022-12-15 14:38:47] [SEVERE ] setting player 2 freeze to 877
[2022-12-15 14:38:47] [SEVERE ] setting player 1 freeze to 658
[2022-12-15 14:38:47] [SEVERE ] setting player 3 freeze to 657
[2022-12-15 14:38:47] [SEVERE ] setting player 2 freeze to 862
[2022-12-15 14:38:47] [SEVERE ] setting player 1 freeze to 646
[2022-12-15 14:38:47] [SEVERE ] setting player 2 freeze to 846
[2022-12-15 14:38:47] [SEVERE ] setting player 3 freeze to 641
[2022-12-15 14:38:47] [SEVERE ] setting player 2 freeze to 830
[2022-12-15 14:38:47] [SEVERE ] setting player 3 freeze to 625
[2022-12-15 14:38:47] [SEVERE ] setting player 1 freeze to 626
[2022-12-15 14:38:47] [SEVERE ] setting player 2 freeze to 819
[2022-12-15 14:38:47] [SEVERE ] setting player 3 freeze to 609
[2022-12-15 14:38:47] [SEVERE ] setting player 1 freeze to 610
[2022-12-15 14:38:47] [SEVERE ] setting player 1 freeze to 594
[2022-12-15 14:38:47] [SEVERE ] setting player 3 freeze to 593
[2022-12-15 14:38:47] [SEVERE ] setting player 2 freeze to 798
[2022-12-15 14:38:47] [SEVERE ] setting player 1 freeze to 583
[2022-12-15 14:38:47] [SEVERE ] setting player 2 freeze to 782
[2022-12-15 14:38:47] [SEVERE ] setting player 3 freeze to 577
[2022-12-15 14:38:47] [SEVERE ] setting player 3 freeze to 561
[2022-12-15 14:38:47] [SEVERE ] setting player 2 freeze to 766
[2022-12-15 14:38:47] [SEVERE ] setting player 1 freeze to 562
[2022-12-15 14:38:47] [SEVERE ] setting player 3 freeze to 549
[2022-12-15 14:38:47] [SEVERE ] setting player 2 freeze to 750
[2022-12-15 14:38:47] [SEVERE ] setting player 1 freeze to 546
[2022-12-15 14:38:47] [SEVERE ] setting player 3 freeze to 529
[2022-12-15 14:38:47] [SEVERE ] setting player 2 freeze to 734
[2022-12-15 14:38:47] [SEVERE ] setting player 1 freeze to 530
[2022-12-15 14:38:47] [SEVERE ] setting player 3 freeze to 518
[2022-12-15 14:38:47] [SEVERE ] setting player 1 freeze to 514
[2022-12-15 14:38:47] [SEVERE ] setting player 2 freeze to 718
[2022-12-15 14:38:47] [SEVERE ] setting player 3 freeze to 497
[2022-12-15 14:38:47] [SEVERE ] setting player 1 freeze to 498
[2022-12-15 14:38:47] [SEVERE ] setting player 2 freeze to 702
[2022-12-15 14:38:47] [SEVERE ] setting player 3 freeze to 485
[2022-12-15 14:38:47] [SEVERE ] setting player 2 freeze to 686
[2022-12-15 14:38:47] [SEVERE ] setting player 1 freeze to 482
[2022-12-15 14:38:47] [SEVERE ] setting player 1 freeze to 466
[2022-12-15 14:38:47] [SEVERE ] setting player 2 freeze to 670
[2022-12-15 14:38:47] [SEVERE ] setting player 3 freeze to 465
[2022-12-15 14:38:48] [SEVERE ] setting player 1 freeze to 455
[2022-12-15 14:38:48] [SEVERE ] setting player 3 freeze to 449
[2022-12-15 14:38:48] [SEVERE ] setting player 2 freeze to 654
[2022-12-15 14:38:48] [SEVERE ] setting player 2 freeze to 638
[2022-12-15 14:38:48] [SEVERE ] setting player 1 freeze to 434
[2022-12-15 14:38:48] [SEVERE ] setting player 3 freeze to 433
[2022-12-15 14:38:48] [SEVERE ] setting player 2 freeze to 626
[2022-12-15 14:38:48] [SEVERE ] setting player 3 freeze to 417
[2022-12-15 14:38:48] [SEVERE ] setting player 1 freeze to 418
[2022-12-15 14:38:48] [SEVERE ] setting player 3 freeze to 401
[2022-12-15 14:38:48] [SEVERE ] setting player 2 freeze to 606
[2022-12-15 14:38:48] [SEVERE ] setting player 1 freeze to 402
[2022-12-15 14:38:48] [SEVERE ] setting player 3 freeze to 390
[2022-12-15 14:38:48] [SEVERE ] setting player 1 freeze to 386
[2022-12-15 14:38:48] [SEVERE ] setting player 2 freeze to 590
[2022-12-15 14:38:48] [SEVERE ] setting player 1 freeze to 370
[2022-12-15 14:38:48] [SEVERE ] setting player 3 freeze to 369
[2022-12-15 14:38:48] [SEVERE ] setting player 2 freeze to 574
[2022-12-15 14:38:48] [SEVERE ] setting player 1 freeze to 358
[2022-12-15 14:38:48] [SEVERE ] setting player 3 freeze to 354
[2022-12-15 14:38:48] [SEVERE ] setting player 2 freeze to 559
[2022-12-15 14:38:48] [SEVERE ] setting player 2 freeze to 543
[2022-12-15 14:38:48] [SEVERE ] setting player 3 freeze to 338
[2022-12-15 14:38:48] [SEVERE ] setting player 1 freeze to 339
[2022-12-15 14:38:48] [SEVERE ] setting player 2 freeze to 532
[2022-12-15 14:38:48] [SEVERE ] setting player 3 freeze to 322
[2022-12-15 14:38:48] [SEVERE ] setting player 1 freeze to 323
[2022-12-15 14:38:48] [SEVERE ] setting player 3 freeze to 306
[2022-12-15 14:38:48] [SEVERE ] setting player 2 freeze to 511
[2022-12-15 14:38:48] [SEVERE ] setting player 1 freeze to 307
[2022-12-15 14:38:48] [SEVERE ] setting player 3 freeze to 296
[2022-12-15 14:38:48] [SEVERE ] setting player 1 freeze to 292
[2022-12-15 14:38:48] [SEVERE ] setting player 2 freeze to 496
[2022-12-15 14:38:48] [SEVERE ] setting player 3 freeze to 275
[2022-12-15 14:38:48] [SEVERE ] setting player 2 freeze to 480
[2022-12-15 14:38:48] [SEVERE ] setting player 1 freeze to 276
[2022-12-15 14:38:48] [SEVERE ] setting player 3 freeze to 264
[2022-12-15 14:38:48] [SEVERE ] setting player 2 freeze to 464
[2022-12-15 14:38:48] [SEVERE ] setting player 1 freeze to 260
[2022-12-15 14:38:48] [SEVERE ] setting player 2 freeze to 448
[2022-12-15 14:38:48] [SEVERE ] setting player 1 freeze to 244
[2022-12-15 14:38:48] [SEVERE ] setting player 3 freeze to 243
[2022-12-15 14:38:48] [SEVERE ] setting player 2 freeze to 437
[2022-12-15 14:38:48] [SEVERE ] setting player 3 freeze to 227
[2022-12-15 14:38:48] [SEVERE ] setting player 1 freeze to 228
[2022-12-15 14:38:48] [SEVERE ] setting player 1 freeze to 213
[2022-12-15 14:38:48] [SEVERE ] setting player 2 freeze to 417
[2022-12-15 14:38:48] [SEVERE ] setting player 3 freeze to 212
[2022-12-15 14:38:48] [SEVERE ] setting player 1 freeze to 202
[2022-12-15 14:38:48] [SEVERE ] setting player 3 freeze to 196
[2022-12-15 14:38:48] [SEVERE ] setting player 2 freeze to 401
[2022-12-15 14:38:48] [SEVERE ] setting player 2 freeze to 385
[2022-12-15 14:38:48] [SEVERE ] setting player 1 freeze to 181
[2022-12-15 14:38:48] [SEVERE ] setting player 3 freeze to 180
[2022-12-15 14:38:48] [SEVERE ] setting player 2 freeze to 374
[2022-12-15 14:38:48] [SEVERE ] setting player 1 freeze to 165
[2022-12-15 14:38:48] [SEVERE ] setting player 3 freeze to 164
[2022-12-15 14:38:48] [SEVERE ] setting player 3 freeze to 148
[2022-12-15 14:38:48] [SEVERE ] setting player 2 freeze to 353
[2022-12-15 14:38:48] [SEVERE ] setting player 1 freeze to 149
[2022-12-15 14:38:48] [SEVERE ] setting player 3 freeze to 137
[2022-12-15 14:38:48] [SEVERE ] setting player 1 freeze to 133
[2022-12-15 14:38:48] [SEVERE ] setting player 2 freeze to 337
[2022-12-15 14:38:48] [SEVERE ] setting player 2 freeze to 321
[2022-12-15 14:38:48] [SEVERE ] setting player 1 freeze to 117
[2022-12-15 14:38:48] [SEVERE ] setting player 3 freeze to 116
[2022-12-15 14:38:48] [SEVERE ] setting player 2 freeze to 310
[2022-12-15 14:38:48] [SEVERE ] setting player 1 freeze to 101
[2022-12-15 14:38:48] [SEVERE ] setting player 3 freeze to 100
[2022-12-15 14:38:48] [SEVERE ] setting player 3 freeze to 84
[2022-12-15 14:38:48] [SEVERE ] setting player 2 freeze to 289
[2022-12-15 14:38:48] [SEVERE ] setting player 1 freeze to 85
[2022-12-15 14:38:48] [SEVERE ] setting player 3 freeze to 72
[2022-12-15 14:38:48] [SEVERE ] setting player 1 freeze to 69
[2022-12-15 14:38:48] [SEVERE ] setting player 2 freeze to 273
[2022-12-15 14:38:48] [SEVERE ] setting player 1 freeze to 53
[2022-12-15 14:38:48] [SEVERE ] setting player 2 freeze to 257
[2022-12-15 14:38:48] [SEVERE ] setting player 3 freeze to 52
[2022-12-15 14:38:48] [SEVERE ] setting player 1 freeze to 42
[2022-12-15 14:38:48] [SEVERE ] setting player 2 freeze to 241
[2022-12-15 14:38:48] [SEVERE ] setting player 3 freeze to 36
[2022-12-15 14:38:48] [SEVERE ] setting player 3 freeze to 20
[2022-12-15 14:38:48] [SEVERE ] setting player 1 freeze to 21
[2022-12-15 14:38:48] [SEVERE ] setting player 2 freeze to 225
[2022-12-15 14:38:48] [SEVERE ] setting player 3 freeze to 8
[2022-12-15 14:38:48] [SEVERE ] setting player 2 freeze to 209
[2022-12-15 14:38:48] [SEVERE ] setting player 1 freeze to 5
[2022-12-15 14:38:48] [SEVERE ] setting player 2 freeze to 193
[2022-12-15 14:38:48] [SEVERE ] setting player 3 freeze to 0
[2022-12-15 14:38:48] [SEVERE ] setting player 1 freeze to 0
[2022-12-15 14:38:48] [SEVERE ] player 1 placing token on slot 4
[2022-12-15 14:38:48] [SEVERE ] player 3 placing token on slot 9
[2022-12-15 14:38:48] [SEVERE ] setting player 2 freeze to 182
[2022-12-15 14:38:48] [SEVERE ] setting player 2 freeze to 161
[2022-12-15 14:38:48] [SEVERE ] setting player 2 freeze to 145
[2022-12-15 14:38:48] [SEVERE ] setting player 2 freeze to 130
[2022-12-15 14:38:48] [SEVERE ] setting player 2 freeze to 114
[2022-12-15 14:38:48] [SEVERE ] setting player 2 freeze to 99
[2022-12-15 14:38:48] [SEVERE ] player 1 placing token on slot 11
[2022-12-15 14:38:48] [SEVERE ] setting player 2 freeze to 83
[2022-12-15 14:38:48] [SEVERE ] player 3 placing token on slot 4
[2022-12-15 14:38:48] [SEVERE ] setting player 2 freeze to 67
[2022-12-15 14:38:48] [SEVERE ] setting player 2 freeze to 52
[2022-12-15 14:38:48] [SEVERE ] setting player 2 freeze to 36
[2022-12-15 14:38:48] [SEVERE ] setting player 2 freeze to 20
[2022-12-15 14:38:48] [SEVERE ] setting player 2 freeze to 4
[2022-12-15 14:38:48] [SEVERE ] setting player 2 freeze to 0
[2022-12-15 14:38:48] [SEVERE ] removing player 1 token from slot 4
[2022-12-15 14:38:48] [SEVERE ] player 3 placing token on slot 8
[2022-12-15 14:38:48] [SEVERE ] player 2 placing token on slot 11
[2022-12-15 14:38:48] [SEVERE ] removing player 3 token from slot 9
[2022-12-15 14:38:48] [SEVERE ] removing player 3 token from slot 4
[2022-12-15 14:38:48] [SEVERE ] removing player 3 token from slot 8
[2022-12-15 14:38:48] [SEVERE ] setting player 3 freeze to 3000
[2022-12-15 14:38:48] [SEVERE ] setting player 3 freeze to 2984
[2022-12-15 14:38:48] [SEVERE ] setting player 3 freeze to 2969
[2022-12-15 14:38:48] [SEVERE ] setting player 3 freeze to 2953
[2022-12-15 14:38:48] [SEVERE ] Exit button pressed
[2022-12-15 14:38:48] [SEVERE ] announcing winners: [0, 1, 2, 3]
[2022-12-15 14:38:48] [INFO   ] Thread dealer terminated.
[2022-12-15 14:38:48] [INFO   ] Thread main terminated.
