[2022-12-12 18:13:17] [INFO   ] cannot read configuration file config.properties trying from resources.
[2022-12-12 18:13:17] [INFO   ] configuration file was loaded from resources directory.
[2022-12-12 18:13:18] [INFO   ] Thread dealer starting.
[2022-12-12 18:13:18] [INFO   ] Thread Player 0starting.
[2022-12-12 18:13:18] [INFO   ] Thread Player 1starting.
[2022-12-12 18:13:18] [SEVERE ] placing card 8 in slot 0
[2022-12-12 18:13:18] [SEVERE ] placing card 50 in slot 1
[2022-12-12 18:13:19] [SEVERE ] placing card 26 in slot 2
[2022-12-12 18:13:19] [SEVERE ] placing card 35 in slot 3
[2022-12-12 18:13:19] [SEVERE ] placing card 36 in slot 4
[2022-12-12 18:13:19] [SEVERE ] placing card 38 in slot 5
[2022-12-12 18:13:19] [SEVERE ] placing card 1 in slot 6
[2022-12-12 18:13:19] [SEVERE ] placing card 28 in slot 7
[2022-12-12 18:13:19] [SEVERE ] placing card 51 in slot 8
[2022-12-12 18:13:19] [SEVERE ] placing card 20 in slot 9
[2022-12-12 18:13:19] [SEVERE ] placing card 65 in slot 10
[2022-12-12 18:13:19] [SEVERE ] placing card 60 in slot 11
[2022-12-12 18:13:21] [SEVERE ] Key 81 was pressed by player 0
[2022-12-12 18:13:21] [SEVERE ] player 0 placing token on slot 0
[2022-12-12 18:13:21] [SEVERE ] Key 87 was pressed by player 0
[2022-12-12 18:13:21] [SEVERE ] player 0 placing token on slot 1
[2022-12-12 18:13:21] [SEVERE ] Key 69 was pressed by player 0
[2022-12-12 18:13:21] [SEVERE ] player 0 placing token on slot 2
[2022-12-12 18:13:21] [SEVERE ] setting player 0 freeze to 1000
[2022-12-12 18:13:21] [SEVERE ] removing player 0 token from slot 0
[2022-12-12 18:13:21] [SEVERE ] removing player 0 token from slot 1
[2022-12-12 18:13:21] [SEVERE ] removing player 0 token from slot 2
[2022-12-12 18:13:23] [SEVERE ] Key 81 was pressed by player 0
[2022-12-12 18:13:23] [SEVERE ] player 0 placing token on slot 0
[2022-12-12 18:13:23] [SEVERE ] Key 87 was pressed by player 0
[2022-12-12 18:13:23] [SEVERE ] player 0 placing token on slot 1
[2022-12-12 18:13:23] [SEVERE ] Key 69 was pressed by player 0
[2022-12-12 18:13:23] [SEVERE ] player 0 placing token on slot 2
[2022-12-12 18:13:23] [SEVERE ] setting player 0 freeze to 1000
[2022-12-12 18:13:23] [SEVERE ] removing player 0 token from slot 0
[2022-12-12 18:13:23] [SEVERE ] removing player 0 token from slot 1
[2022-12-12 18:13:23] [SEVERE ] removing player 0 token from slot 2
[2022-12-12 18:13:23] [SEVERE ] Key 81 was pressed by player 0
[2022-12-12 18:13:23] [SEVERE ] player 0 placing token on slot 0
[2022-12-12 18:13:24] [SEVERE ] Key 87 was pressed by player 0
[2022-12-12 18:13:24] [SEVERE ] player 0 placing token on slot 1
[2022-12-12 18:13:24] [SEVERE ] Key 69 was pressed by player 0
[2022-12-12 18:13:24] [SEVERE ] player 0 placing token on slot 2
[2022-12-12 18:13:24] [SEVERE ] setting player 0 freeze to 1000
[2022-12-12 18:13:24] [SEVERE ] removing player 0 token from slot 0
[2022-12-12 18:13:24] [SEVERE ] removing player 0 token from slot 1
[2022-12-12 18:13:24] [SEVERE ] removing player 0 token from slot 2
[2022-12-12 18:13:24] [SEVERE ] Key 81 was pressed by player 0
[2022-12-12 18:13:24] [SEVERE ] player 0 placing token on slot 0
[2022-12-12 18:13:24] [SEVERE ] Key 87 was pressed by player 0
[2022-12-12 18:13:24] [SEVERE ] player 0 placing token on slot 1
[2022-12-12 18:13:24] [SEVERE ] Key 69 was pressed by player 0
[2022-12-12 18:13:24] [SEVERE ] player 0 placing token on slot 2
[2022-12-12 18:13:24] [SEVERE ] setting player 0 freeze to 1000
[2022-12-12 18:13:24] [SEVERE ] removing player 0 token from slot 0
[2022-12-12 18:13:24] [SEVERE ] removing player 0 token from slot 1
[2022-12-12 18:13:24] [SEVERE ] removing player 0 token from slot 2
[2022-12-12 18:13:24] [SEVERE ] Key 81 was pressed by player 0
[2022-12-12 18:13:24] [SEVERE ] player 0 placing token on slot 0
[2022-12-12 18:13:25] [SEVERE ] Key 87 was pressed by player 0
[2022-12-12 18:13:25] [SEVERE ] player 0 placing token on slot 1
[2022-12-12 18:13:25] [SEVERE ] Key 69 was pressed by player 0
[2022-12-12 18:13:25] [SEVERE ] player 0 placing token on slot 2
[2022-12-12 18:13:25] [SEVERE ] setting player 0 freeze to 1000
[2022-12-12 18:13:25] [SEVERE ] removing player 0 token from slot 0
[2022-12-12 18:13:25] [SEVERE ] removing player 0 token from slot 1
[2022-12-12 18:13:25] [SEVERE ] removing player 0 token from slot 2
[2022-12-12 18:13:25] [SEVERE ] Key 81 was pressed by player 0
[2022-12-12 18:13:25] [SEVERE ] player 0 placing token on slot 0
[2022-12-12 18:13:25] [SEVERE ] Key 87 was pressed by player 0
[2022-12-12 18:13:25] [SEVERE ] player 0 placing token on slot 1
[2022-12-12 18:13:25] [SEVERE ] Key 69 was pressed by player 0
[2022-12-12 18:13:25] [SEVERE ] player 0 placing token on slot 2
[2022-12-12 18:13:25] [SEVERE ] setting player 0 freeze to 1000
[2022-12-12 18:13:25] [SEVERE ] removing player 0 token from slot 0
[2022-12-12 18:13:25] [SEVERE ] removing player 0 token from slot 1
[2022-12-12 18:13:25] [SEVERE ] removing player 0 token from slot 2
[2022-12-12 18:13:25] [SEVERE ] Key 81 was pressed by player 0
[2022-12-12 18:13:25] [SEVERE ] player 0 placing token on slot 0
[2022-12-12 18:13:25] [SEVERE ] Key 87 was pressed by player 0
[2022-12-12 18:13:25] [SEVERE ] player 0 placing token on slot 1
[2022-12-12 18:13:25] [SEVERE ] Key 69 was pressed by player 0
[2022-12-12 18:13:25] [SEVERE ] player 0 placing token on slot 2
[2022-12-12 18:13:25] [SEVERE ] setting player 0 freeze to 1000
[2022-12-12 18:13:25] [SEVERE ] removing player 0 token from slot 0
[2022-12-12 18:13:25] [SEVERE ] removing player 0 token from slot 1
[2022-12-12 18:13:25] [SEVERE ] removing player 0 token from slot 2
[2022-12-12 18:13:26] [SEVERE ] Key 81 was pressed by player 0
[2022-12-12 18:13:26] [SEVERE ] player 0 placing token on slot 0
[2022-12-12 18:13:26] [SEVERE ] Key 87 was pressed by player 0
[2022-12-12 18:13:26] [SEVERE ] player 0 placing token on slot 1
[2022-12-12 18:13:26] [SEVERE ] Key 69 was pressed by player 0
[2022-12-12 18:13:26] [SEVERE ] player 0 placing token on slot 2
[2022-12-12 18:13:26] [SEVERE ] setting player 0 freeze to 1000
[2022-12-12 18:13:26] [SEVERE ] removing player 0 token from slot 0
[2022-12-12 18:13:26] [SEVERE ] removing player 0 token from slot 1
[2022-12-12 18:13:26] [SEVERE ] removing player 0 token from slot 2
[2022-12-12 18:13:26] [SEVERE ] Key 81 was pressed by player 0
[2022-12-12 18:13:26] [SEVERE ] player 0 placing token on slot 0
[2022-12-12 18:13:26] [SEVERE ] Key 87 was pressed by player 0
[2022-12-12 18:13:26] [SEVERE ] player 0 placing token on slot 1
[2022-12-12 18:13:26] [SEVERE ] Key 69 was pressed by player 0
[2022-12-12 18:13:26] [SEVERE ] player 0 placing token on slot 2
[2022-12-12 18:13:26] [SEVERE ] setting player 0 freeze to 1000
[2022-12-12 18:13:26] [SEVERE ] removing player 0 token from slot 0
[2022-12-12 18:13:26] [SEVERE ] removing player 0 token from slot 1
[2022-12-12 18:13:26] [SEVERE ] removing player 0 token from slot 2
[2022-12-12 18:13:26] [SEVERE ] Key 81 was pressed by player 0
[2022-12-12 18:13:26] [SEVERE ] player 0 placing token on slot 0
[2022-12-12 18:13:26] [SEVERE ] Key 87 was pressed by player 0
[2022-12-12 18:13:26] [SEVERE ] player 0 placing token on slot 1
[2022-12-12 18:13:26] [SEVERE ] Key 69 was pressed by player 0
[2022-12-12 18:13:26] [SEVERE ] player 0 placing token on slot 2
[2022-12-12 18:13:26] [SEVERE ] setting player 0 freeze to 1000
[2022-12-12 18:13:26] [SEVERE ] removing player 0 token from slot 0
[2022-12-12 18:13:26] [SEVERE ] removing player 0 token from slot 1
[2022-12-12 18:13:26] [SEVERE ] removing player 0 token from slot 2
[2022-12-12 18:13:27] [SEVERE ] Key 81 was pressed by player 0
[2022-12-12 18:13:27] [SEVERE ] player 0 placing token on slot 0
[2022-12-12 18:13:27] [SEVERE ] Key 87 was pressed by player 0
[2022-12-12 18:13:27] [SEVERE ] player 0 placing token on slot 1
[2022-12-12 18:13:27] [SEVERE ] Key 69 was pressed by player 0
[2022-12-12 18:13:27] [SEVERE ] player 0 placing token on slot 2
[2022-12-12 18:13:27] [SEVERE ] setting player 0 freeze to 1000
[2022-12-12 18:13:27] [SEVERE ] removing player 0 token from slot 0
[2022-12-12 18:13:27] [SEVERE ] removing player 0 token from slot 1
[2022-12-12 18:13:27] [SEVERE ] removing player 0 token from slot 2
[2022-12-12 18:13:27] [SEVERE ] Key 87 was pressed by player 0
[2022-12-12 18:13:27] [SEVERE ] player 0 placing token on slot 1
[2022-12-12 18:13:27] [SEVERE ] Key 81 was pressed by player 0
[2022-12-12 18:13:27] [SEVERE ] player 0 placing token on slot 0
[2022-12-12 18:13:27] [SEVERE ] Key 69 was pressed by player 0
[2022-12-12 18:13:27] [SEVERE ] player 0 placing token on slot 2
[2022-12-12 18:13:27] [SEVERE ] setting player 0 freeze to 1000
[2022-12-12 18:13:27] [SEVERE ] removing player 0 token from slot 1
[2022-12-12 18:13:27] [SEVERE ] removing player 0 token from slot 0
[2022-12-12 18:13:27] [SEVERE ] removing player 0 token from slot 2
[2022-12-12 18:13:27] [SEVERE ] Key 81 was pressed by player 0
[2022-12-12 18:13:27] [SEVERE ] player 0 placing token on slot 0
[2022-12-12 18:13:27] [SEVERE ] Key 87 was pressed by player 0
[2022-12-12 18:13:27] [SEVERE ] player 0 placing token on slot 1
[2022-12-12 18:13:27] [SEVERE ] Key 69 was pressed by player 0
[2022-12-12 18:13:27] [SEVERE ] player 0 placing token on slot 2
[2022-12-12 18:13:27] [SEVERE ] setting player 0 freeze to 1000
[2022-12-12 18:13:27] [SEVERE ] removing player 0 token from slot 0
[2022-12-12 18:13:27] [SEVERE ] removing player 0 token from slot 1
[2022-12-12 18:13:27] [SEVERE ] removing player 0 token from slot 2
[2022-12-12 18:13:28] [SEVERE ] Key 81 was pressed by player 0
[2022-12-12 18:13:28] [SEVERE ] player 0 placing token on slot 0
[2022-12-12 18:13:28] [SEVERE ] Key 87 was pressed by player 0
[2022-12-12 18:13:28] [SEVERE ] player 0 placing token on slot 1
[2022-12-12 18:13:28] [SEVERE ] Key 69 was pressed by player 0
[2022-12-12 18:13:28] [SEVERE ] player 0 placing token on slot 2
[2022-12-12 18:13:28] [SEVERE ] setting player 0 freeze to 1000
[2022-12-12 18:13:28] [SEVERE ] removing player 0 token from slot 0
[2022-12-12 18:13:28] [SEVERE ] removing player 0 token from slot 1
[2022-12-12 18:13:28] [SEVERE ] removing player 0 token from slot 2
[2022-12-12 18:13:28] [SEVERE ] Key 81 was pressed by player 0
[2022-12-12 18:13:28] [SEVERE ] player 0 placing token on slot 0
[2022-12-12 18:13:28] [SEVERE ] Key 87 was pressed by player 0
[2022-12-12 18:13:28] [SEVERE ] player 0 placing token on slot 1
[2022-12-12 18:13:28] [SEVERE ] Key 69 was pressed by player 0
[2022-12-12 18:13:28] [SEVERE ] player 0 placing token on slot 2
[2022-12-12 18:13:28] [SEVERE ] setting player 0 freeze to 1000
[2022-12-12 18:13:28] [SEVERE ] removing player 0 token from slot 0
[2022-12-12 18:13:28] [SEVERE ] removing player 0 token from slot 1
[2022-12-12 18:13:28] [SEVERE ] removing player 0 token from slot 2
[2022-12-12 18:13:28] [SEVERE ] Key 87 was pressed by player 0
[2022-12-12 18:13:28] [SEVERE ] player 0 placing token on slot 1
[2022-12-12 18:13:28] [SEVERE ] Key 81 was pressed by player 0
[2022-12-12 18:13:28] [SEVERE ] player 0 placing token on slot 0
[2022-12-12 18:13:28] [SEVERE ] Key 69 was pressed by player 0
[2022-12-12 18:13:28] [SEVERE ] player 0 placing token on slot 2
[2022-12-12 18:13:28] [SEVERE ] setting player 0 freeze to 1000
[2022-12-12 18:13:28] [SEVERE ] removing player 0 token from slot 1
[2022-12-12 18:13:28] [SEVERE ] removing player 0 token from slot 0
[2022-12-12 18:13:28] [SEVERE ] removing player 0 token from slot 2
[2022-12-12 18:13:28] [SEVERE ] Key 87 was pressed by player 0
[2022-12-12 18:13:28] [SEVERE ] player 0 placing token on slot 1
[2022-12-12 18:13:28] [SEVERE ] Key 81 was pressed by player 0
[2022-12-12 18:13:28] [SEVERE ] player 0 placing token on slot 0
[2022-12-12 18:13:29] [SEVERE ] Key 69 was pressed by player 0
[2022-12-12 18:13:29] [SEVERE ] player 0 placing token on slot 2
[2022-12-12 18:13:29] [SEVERE ] setting player 0 freeze to 1000
[2022-12-12 18:13:29] [SEVERE ] removing player 0 token from slot 1
[2022-12-12 18:13:29] [SEVERE ] removing player 0 token from slot 0
[2022-12-12 18:13:29] [SEVERE ] removing player 0 token from slot 2
[2022-12-12 18:13:29] [SEVERE ] Key 81 was pressed by player 0
[2022-12-12 18:13:29] [SEVERE ] player 0 placing token on slot 0
[2022-12-12 18:13:29] [SEVERE ] Key 87 was pressed by player 0
[2022-12-12 18:13:29] [SEVERE ] player 0 placing token on slot 1
[2022-12-12 18:13:29] [SEVERE ] Key 69 was pressed by player 0
[2022-12-12 18:13:29] [SEVERE ] player 0 placing token on slot 2
[2022-12-12 18:13:29] [SEVERE ] setting player 0 freeze to 1000
[2022-12-12 18:13:29] [SEVERE ] removing player 0 token from slot 0
[2022-12-12 18:13:29] [SEVERE ] removing player 0 token from slot 1
[2022-12-12 18:13:29] [SEVERE ] removing player 0 token from slot 2
[2022-12-12 18:13:29] [SEVERE ] Key 81 was pressed by player 0
[2022-12-12 18:13:29] [SEVERE ] player 0 placing token on slot 0
[2022-12-12 18:13:29] [SEVERE ] Key 87 was pressed by player 0
[2022-12-12 18:13:29] [SEVERE ] player 0 placing token on slot 1
[2022-12-12 18:13:29] [SEVERE ] Key 69 was pressed by player 0
[2022-12-12 18:13:29] [SEVERE ] player 0 placing token on slot 2
[2022-12-12 18:13:29] [SEVERE ] setting player 0 freeze to 1000
[2022-12-12 18:13:29] [SEVERE ] removing player 0 token from slot 0
[2022-12-12 18:13:29] [SEVERE ] removing player 0 token from slot 1
[2022-12-12 18:13:29] [SEVERE ] removing player 0 token from slot 2
[2022-12-12 18:13:29] [SEVERE ] Key 81 was pressed by player 0
[2022-12-12 18:13:29] [SEVERE ] player 0 placing token on slot 0
[2022-12-12 18:13:29] [SEVERE ] Key 87 was pressed by player 0
[2022-12-12 18:13:29] [SEVERE ] player 0 placing token on slot 1
[2022-12-12 18:13:29] [SEVERE ] Key 69 was pressed by player 0
[2022-12-12 18:13:29] [SEVERE ] player 0 placing token on slot 2
[2022-12-12 18:13:29] [SEVERE ] setting player 0 freeze to 1000
[2022-12-12 18:13:29] [SEVERE ] removing player 0 token from slot 0
[2022-12-12 18:13:29] [SEVERE ] removing player 0 token from slot 1
[2022-12-12 18:13:29] [SEVERE ] removing player 0 token from slot 2
[2022-12-12 18:13:29] [SEVERE ] Key 81 was pressed by player 0
[2022-12-12 18:13:29] [SEVERE ] player 0 placing token on slot 0
[2022-12-12 18:13:29] [SEVERE ] Key 87 was pressed by player 0
[2022-12-12 18:13:29] [SEVERE ] player 0 placing token on slot 1
[2022-12-12 18:13:30] [SEVERE ] Key 69 was pressed by player 0
[2022-12-12 18:13:30] [SEVERE ] player 0 placing token on slot 2
[2022-12-12 18:13:30] [SEVERE ] setting player 0 freeze to 1000
[2022-12-12 18:13:30] [SEVERE ] removing player 0 token from slot 0
[2022-12-12 18:13:30] [SEVERE ] removing player 0 token from slot 1
[2022-12-12 18:13:30] [SEVERE ] removing player 0 token from slot 2
[2022-12-12 18:13:30] [SEVERE ] Key 81 was pressed by player 0
[2022-12-12 18:13:30] [SEVERE ] player 0 placing token on slot 0
[2022-12-12 18:13:30] [SEVERE ] Key 87 was pressed by player 0
[2022-12-12 18:13:30] [SEVERE ] player 0 placing token on slot 1
[2022-12-12 18:13:30] [SEVERE ] Key 69 was pressed by player 0
[2022-12-12 18:13:30] [SEVERE ] player 0 placing token on slot 2
[2022-12-12 18:13:30] [SEVERE ] setting player 0 freeze to 1000
[2022-12-12 18:13:30] [SEVERE ] removing player 0 token from slot 0
[2022-12-12 18:13:30] [SEVERE ] removing player 0 token from slot 1
[2022-12-12 18:13:30] [SEVERE ] removing player 0 token from slot 2
[2022-12-12 18:13:30] [SEVERE ] Key 81 was pressed by player 0
[2022-12-12 18:13:30] [SEVERE ] player 0 placing token on slot 0
[2022-12-12 18:13:30] [SEVERE ] Key 87 was pressed by player 0
[2022-12-12 18:13:30] [SEVERE ] player 0 placing token on slot 1
[2022-12-12 18:13:30] [SEVERE ] Key 69 was pressed by player 0
[2022-12-12 18:13:30] [SEVERE ] player 0 placing token on slot 2
[2022-12-12 18:13:30] [SEVERE ] setting player 0 freeze to 1000
[2022-12-12 18:13:30] [SEVERE ] removing player 0 token from slot 0
[2022-12-12 18:13:30] [SEVERE ] removing player 0 token from slot 1
[2022-12-12 18:13:30] [SEVERE ] removing player 0 token from slot 2
[2022-12-12 18:13:30] [SEVERE ] Key 81 was pressed by player 0
[2022-12-12 18:13:30] [SEVERE ] player 0 placing token on slot 0
[2022-12-12 18:13:30] [SEVERE ] Key 87 was pressed by player 0
[2022-12-12 18:13:30] [SEVERE ] player 0 placing token on slot 1
[2022-12-12 18:13:30] [SEVERE ] Key 69 was pressed by player 0
[2022-12-12 18:13:30] [SEVERE ] player 0 placing token on slot 2
[2022-12-12 18:13:30] [SEVERE ] setting player 0 freeze to 1000
[2022-12-12 18:13:30] [SEVERE ] removing player 0 token from slot 0
[2022-12-12 18:13:30] [SEVERE ] removing player 0 token from slot 1
[2022-12-12 18:13:30] [SEVERE ] removing player 0 token from slot 2
[2022-12-12 18:13:31] [SEVERE ] Key 87 was pressed by player 0
[2022-12-12 18:13:31] [SEVERE ] player 0 placing token on slot 1
[2022-12-12 18:13:31] [SEVERE ] Key 81 was pressed by player 0
[2022-12-12 18:13:31] [SEVERE ] player 0 placing token on slot 0
[2022-12-12 18:13:31] [SEVERE ] Key 69 was pressed by player 0
[2022-12-12 18:13:31] [SEVERE ] player 0 placing token on slot 2
[2022-12-12 18:13:31] [SEVERE ] setting player 0 freeze to 1000
[2022-12-12 18:13:31] [SEVERE ] removing player 0 token from slot 1
[2022-12-12 18:13:31] [SEVERE ] removing player 0 token from slot 0
[2022-12-12 18:13:31] [SEVERE ] removing player 0 token from slot 2
[2022-12-12 18:13:31] [SEVERE ] Key 87 was pressed by player 0
[2022-12-12 18:13:31] [SEVERE ] player 0 placing token on slot 1
[2022-12-12 18:13:31] [SEVERE ] Key 81 was pressed by player 0
[2022-12-12 18:13:31] [SEVERE ] player 0 placing token on slot 0
[2022-12-12 18:13:31] [SEVERE ] Key 69 was pressed by player 0
[2022-12-12 18:13:31] [SEVERE ] player 0 placing token on slot 2
[2022-12-12 18:13:31] [SEVERE ] setting player 0 freeze to 1000
[2022-12-12 18:13:31] [SEVERE ] removing player 0 token from slot 1
[2022-12-12 18:13:31] [SEVERE ] removing player 0 token from slot 0
[2022-12-12 18:13:31] [SEVERE ] removing player 0 token from slot 2
[2022-12-12 18:13:31] [SEVERE ] Key 81 was pressed by player 0
[2022-12-12 18:13:31] [SEVERE ] player 0 placing token on slot 0
[2022-12-12 18:13:31] [SEVERE ] Key 87 was pressed by player 0
[2022-12-12 18:13:31] [SEVERE ] player 0 placing token on slot 1
[2022-12-12 18:13:31] [SEVERE ] Key 69 was pressed by player 0
[2022-12-12 18:13:31] [SEVERE ] player 0 placing token on slot 2
[2022-12-12 18:13:31] [SEVERE ] setting player 0 freeze to 1000
[2022-12-12 18:13:31] [SEVERE ] removing player 0 token from slot 0
[2022-12-12 18:13:31] [SEVERE ] removing player 0 token from slot 1
[2022-12-12 18:13:31] [SEVERE ] removing player 0 token from slot 2
[2022-12-12 18:13:31] [SEVERE ] Key 81 was pressed by player 0
[2022-12-12 18:13:31] [SEVERE ] player 0 placing token on slot 0
[2022-12-12 18:13:31] [SEVERE ] Key 87 was pressed by player 0
[2022-12-12 18:13:31] [SEVERE ] player 0 placing token on slot 1
[2022-12-12 18:13:32] [SEVERE ] Key 69 was pressed by player 0
[2022-12-12 18:13:32] [SEVERE ] player 0 placing token on slot 2
[2022-12-12 18:13:32] [SEVERE ] setting player 0 freeze to 1000
[2022-12-12 18:13:32] [SEVERE ] removing player 0 token from slot 0
[2022-12-12 18:13:32] [SEVERE ] removing player 0 token from slot 1
[2022-12-12 18:13:32] [SEVERE ] removing player 0 token from slot 2
[2022-12-12 18:13:32] [SEVERE ] Key 87 was pressed by player 0
[2022-12-12 18:13:32] [SEVERE ] player 0 placing token on slot 1
[2022-12-12 18:13:32] [SEVERE ] Key 81 was pressed by player 0
[2022-12-12 18:13:32] [SEVERE ] player 0 placing token on slot 0
[2022-12-12 18:13:32] [SEVERE ] Key 69 was pressed by player 0
[2022-12-12 18:13:32] [SEVERE ] player 0 placing token on slot 2
[2022-12-12 18:13:32] [SEVERE ] setting player 0 freeze to 1000
[2022-12-12 18:13:32] [SEVERE ] removing player 0 token from slot 1
[2022-12-12 18:13:32] [SEVERE ] removing player 0 token from slot 0
[2022-12-12 18:13:32] [SEVERE ] removing player 0 token from slot 2
[2022-12-12 18:13:32] [SEVERE ] Key 87 was pressed by player 0
[2022-12-12 18:13:32] [SEVERE ] player 0 placing token on slot 1
[2022-12-12 18:13:32] [SEVERE ] Key 81 was pressed by player 0
[2022-12-12 18:13:32] [SEVERE ] player 0 placing token on slot 0
[2022-12-12 18:13:32] [SEVERE ] Key 69 was pressed by player 0
[2022-12-12 18:13:32] [SEVERE ] player 0 placing token on slot 2
[2022-12-12 18:13:32] [SEVERE ] setting player 0 freeze to 1000
[2022-12-12 18:13:32] [SEVERE ] removing player 0 token from slot 1
[2022-12-12 18:13:32] [SEVERE ] removing player 0 token from slot 0
[2022-12-12 18:13:32] [SEVERE ] removing player 0 token from slot 2
[2022-12-12 18:13:32] [SEVERE ] Key 87 was pressed by player 0
[2022-12-12 18:13:32] [SEVERE ] player 0 placing token on slot 1
[2022-12-12 18:13:32] [SEVERE ] Key 81 was pressed by player 0
[2022-12-12 18:13:32] [SEVERE ] player 0 placing token on slot 0
[2022-12-12 18:13:32] [SEVERE ] Key 69 was pressed by player 0
[2022-12-12 18:13:32] [SEVERE ] player 0 placing token on slot 2
[2022-12-12 18:13:32] [SEVERE ] setting player 0 freeze to 1000
[2022-12-12 18:13:32] [SEVERE ] removing player 0 token from slot 1
[2022-12-12 18:13:32] [SEVERE ] removing player 0 token from slot 0
[2022-12-12 18:13:32] [SEVERE ] removing player 0 token from slot 2
[2022-12-12 18:13:32] [SEVERE ] Key 87 was pressed by player 0
[2022-12-12 18:13:32] [SEVERE ] player 0 placing token on slot 1
[2022-12-12 18:13:33] [SEVERE ] Key 87 was pressed by player 0
[2022-12-12 18:13:33] [SEVERE ] removing player 0 token from slot 1
[2022-12-12 18:13:33] [SEVERE ] Key 69 was pressed by player 0
[2022-12-12 18:13:33] [SEVERE ] player 0 placing token on slot 2
[2022-12-12 18:13:33] [SEVERE ] Key 81 was pressed by player 0
[2022-12-12 18:13:33] [SEVERE ] player 0 placing token on slot 0
[2022-12-12 18:13:33] [SEVERE ] Key 87 was pressed by player 0
[2022-12-12 18:13:33] [SEVERE ] player 0 placing token on slot 1
[2022-12-12 18:13:33] [SEVERE ] setting player 0 freeze to 1000
[2022-12-12 18:13:33] [SEVERE ] removing player 0 token from slot 2
[2022-12-12 18:13:33] [SEVERE ] removing player 0 token from slot 0
[2022-12-12 18:13:33] [SEVERE ] removing player 0 token from slot 1
[2022-12-12 18:13:33] [SEVERE ] Key 69 was pressed by player 0
[2022-12-12 18:13:33] [SEVERE ] player 0 placing token on slot 2
[2022-12-12 18:13:34] [SEVERE ] Key 87 was pressed by player 0
[2022-12-12 18:13:34] [SEVERE ] player 0 placing token on slot 1
[2022-12-12 18:13:34] [SEVERE ] Key 81 was pressed by player 0
[2022-12-12 18:13:34] [SEVERE ] player 0 placing token on slot 0
[2022-12-12 18:13:34] [SEVERE ] setting player 0 freeze to 1000
[2022-12-12 18:13:34] [SEVERE ] removing player 0 token from slot 2
[2022-12-12 18:13:34] [SEVERE ] removing player 0 token from slot 1
[2022-12-12 18:13:34] [SEVERE ] removing player 0 token from slot 0
[2022-12-12 18:13:34] [SEVERE ] Key 69 was pressed by player 0
[2022-12-12 18:13:34] [SEVERE ] player 0 placing token on slot 2
[2022-12-12 18:13:34] [SEVERE ] Key 81 was pressed by player 0
[2022-12-12 18:13:34] [SEVERE ] player 0 placing token on slot 0
[2022-12-12 18:13:34] [SEVERE ] Key 87 was pressed by player 0
[2022-12-12 18:13:34] [SEVERE ] player 0 placing token on slot 1
[2022-12-12 18:13:34] [SEVERE ] setting player 0 freeze to 1000
[2022-12-12 18:13:34] [SEVERE ] removing player 0 token from slot 2
[2022-12-12 18:13:34] [SEVERE ] removing player 0 token from slot 0
[2022-12-12 18:13:34] [SEVERE ] removing player 0 token from slot 1
[2022-12-12 18:13:34] [SEVERE ] Key 69 was pressed by player 0
[2022-12-12 18:13:34] [SEVERE ] player 0 placing token on slot 2
[2022-12-12 18:13:34] [SEVERE ] Key 87 was pressed by player 0
[2022-12-12 18:13:34] [SEVERE ] player 0 placing token on slot 1
[2022-12-12 18:13:34] [SEVERE ] removing player 0 token from slot 2
[2022-12-12 18:13:34] [SEVERE ] removing player 0 token from slot 1
[2022-12-12 18:13:35] [SEVERE ] Key 69 was pressed by player 0
[2022-12-12 18:13:35] [SEVERE ] removing card from slot 0
[2022-12-12 18:13:35] [SEVERE ] removing card from slot 1
[2022-12-12 18:13:35] [SEVERE ] removing card from slot 2
[2022-12-12 18:13:35] [SEVERE ] removing card from slot 3
[2022-12-12 18:13:35] [SEVERE ] removing card from slot 4
[2022-12-12 18:13:35] [SEVERE ] removing card from slot 5
[2022-12-12 18:13:35] [SEVERE ] removing card from slot 6
[2022-12-12 18:13:35] [SEVERE ] removing card from slot 7
[2022-12-12 18:13:35] [SEVERE ] removing card from slot 8
[2022-12-12 18:13:36] [SEVERE ] removing card from slot 9
[2022-12-12 18:13:36] [SEVERE ] removing card from slot 10
[2022-12-12 18:13:36] [SEVERE ] removing card from slot 11
[2022-12-12 18:13:36] [SEVERE ] placing card 55 in slot 0
[2022-12-12 18:13:36] [SEVERE ] placing card 17 in slot 1
[2022-12-12 18:13:36] [SEVERE ] placing card 21 in slot 2
[2022-12-12 18:13:36] [SEVERE ] placing card 48 in slot 3
[2022-12-12 18:13:36] [SEVERE ] placing card 61 in slot 4
[2022-12-12 18:13:36] [SEVERE ] placing card 41 in slot 5
[2022-12-12 18:13:36] [SEVERE ] placing card 39 in slot 6
[2022-12-12 18:13:37] [SEVERE ] placing card 32 in slot 7
[2022-12-12 18:13:37] [SEVERE ] placing card 3 in slot 8
[2022-12-12 18:13:37] [SEVERE ] placing card 36 in slot 9
[2022-12-12 18:13:37] [SEVERE ] placing card 30 in slot 10
[2022-12-12 18:13:37] [SEVERE ] placing card 73 in slot 11
[2022-12-12 18:13:37] [SEVERE ] player 0 placing token on slot 2
[2022-12-12 18:13:37] [SEVERE ] Key 81 was pressed by player 0
[2022-12-12 18:13:37] [SEVERE ] player 0 placing token on slot 0
[2022-12-12 18:13:38] [SEVERE ] Key 81 was pressed by player 0
[2022-12-12 18:13:38] [SEVERE ] removing player 0 token from slot 0
[2022-12-12 18:13:38] [SEVERE ] Key 87 was pressed by player 0
[2022-12-12 18:13:38] [SEVERE ] player 0 placing token on slot 1
[2022-12-12 18:13:38] [SEVERE ] Key 69 was pressed by player 0
[2022-12-12 18:13:38] [SEVERE ] removing player 0 token from slot 2
[2022-12-12 18:13:38] [SEVERE ] Key 87 was pressed by player 0
[2022-12-12 18:13:38] [SEVERE ] removing player 0 token from slot 1
[2022-12-12 18:13:38] [SEVERE ] Key 81 was pressed by player 0
[2022-12-12 18:13:38] [SEVERE ] player 0 placing token on slot 0
[2022-12-12 18:13:38] [SEVERE ] Key 69 was pressed by player 0
[2022-12-12 18:13:38] [SEVERE ] player 0 placing token on slot 2
[2022-12-12 18:13:39] [SEVERE ] Key 87 was pressed by player 0
[2022-12-12 18:13:39] [SEVERE ] player 0 placing token on slot 1
[2022-12-12 18:13:39] [SEVERE ] setting player 0 freeze to 1000
[2022-12-12 18:13:39] [SEVERE ] removing player 0 token from slot 0
[2022-12-12 18:13:39] [SEVERE ] removing player 0 token from slot 2
[2022-12-12 18:13:39] [SEVERE ] removing player 0 token from slot 1
[2022-12-12 18:13:39] [SEVERE ] Key 81 was pressed by player 0
[2022-12-12 18:13:39] [SEVERE ] player 0 placing token on slot 0
[2022-12-12 18:13:39] [SEVERE ] Key 69 was pressed by player 0
[2022-12-12 18:13:39] [SEVERE ] player 0 placing token on slot 2
[2022-12-12 18:13:39] [SEVERE ] Key 81 was pressed by player 0
[2022-12-12 18:13:39] [SEVERE ] removing player 0 token from slot 0
[2022-12-12 18:13:39] [SEVERE ] Key 87 was pressed by player 0
[2022-12-12 18:13:39] [SEVERE ] player 0 placing token on slot 1
[2022-12-12 18:13:39] [SEVERE ] Key 69 was pressed by player 0
[2022-12-12 18:13:39] [SEVERE ] removing player 0 token from slot 2
[2022-12-12 18:13:39] [SEVERE ] Key 81 was pressed by player 0
[2022-12-12 18:13:39] [SEVERE ] player 0 placing token on slot 0
[2022-12-12 18:13:39] [SEVERE ] Key 87 was pressed by player 0
[2022-12-12 18:13:39] [SEVERE ] removing player 0 token from slot 1
[2022-12-12 18:13:39] [SEVERE ] Key 69 was pressed by player 0
[2022-12-12 18:13:39] [SEVERE ] player 0 placing token on slot 2
[2022-12-12 18:13:40] [SEVERE ] Key 81 was pressed by player 0
[2022-12-12 18:13:40] [SEVERE ] removing player 0 token from slot 0
[2022-12-12 18:13:40] [SEVERE ] Key 69 was pressed by player 0
[2022-12-12 18:13:40] [SEVERE ] removing player 0 token from slot 2
[2022-12-12 18:13:40] [SEVERE ] Key 81 was pressed by player 0
[2022-12-12 18:13:40] [SEVERE ] player 0 placing token on slot 0
[2022-12-12 18:13:40] [SEVERE ] Key 69 was pressed by player 0
[2022-12-12 18:13:40] [SEVERE ] player 0 placing token on slot 2
[2022-12-12 18:13:40] [SEVERE ] Key 81 was pressed by player 0
[2022-12-12 18:13:40] [SEVERE ] removing player 0 token from slot 0
[2022-12-12 18:13:40] [SEVERE ] Key 69 was pressed by player 0
[2022-12-12 18:13:40] [SEVERE ] removing player 0 token from slot 2
[2022-12-12 18:13:40] [SEVERE ] Key 81 was pressed by player 0
[2022-12-12 18:13:40] [SEVERE ] player 0 placing token on slot 0
[2022-12-12 18:13:41] [SEVERE ] Key 69 was pressed by player 0
[2022-12-12 18:13:41] [SEVERE ] player 0 placing token on slot 2
[2022-12-12 18:13:41] [SEVERE ] Key 81 was pressed by player 0
[2022-12-12 18:13:41] [SEVERE ] removing player 0 token from slot 0
[2022-12-12 18:13:41] [SEVERE ] Key 69 was pressed by player 0
[2022-12-12 18:13:41] [SEVERE ] removing player 0 token from slot 2
[2022-12-12 18:13:41] [SEVERE ] Key 87 was pressed by player 0
[2022-12-12 18:13:41] [SEVERE ] player 0 placing token on slot 1
[2022-12-12 18:13:41] [SEVERE ] Key 81 was pressed by player 0
[2022-12-12 18:13:41] [SEVERE ] player 0 placing token on slot 0
[2022-12-12 18:13:41] [SEVERE ] Key 69 was pressed by player 0
[2022-12-12 18:13:41] [SEVERE ] player 0 placing token on slot 2
[2022-12-12 18:13:41] [SEVERE ] setting player 0 freeze to 1000
[2022-12-12 18:13:41] [SEVERE ] removing player 0 token from slot 1
[2022-12-12 18:13:41] [SEVERE ] removing player 0 token from slot 0
[2022-12-12 18:13:41] [SEVERE ] removing player 0 token from slot 2
[2022-12-12 18:13:41] [SEVERE ] Key 87 was pressed by player 0
[2022-12-12 18:13:41] [SEVERE ] player 0 placing token on slot 1
[2022-12-12 18:13:41] [SEVERE ] Key 81 was pressed by player 0
[2022-12-12 18:13:41] [SEVERE ] player 0 placing token on slot 0
[2022-12-12 18:13:41] [SEVERE ] Key 69 was pressed by player 0
[2022-12-12 18:13:41] [SEVERE ] player 0 placing token on slot 2
[2022-12-12 18:13:41] [SEVERE ] setting player 0 freeze to 1000
[2022-12-12 18:13:41] [SEVERE ] removing player 0 token from slot 1
[2022-12-12 18:13:41] [SEVERE ] removing player 0 token from slot 0
[2022-12-12 18:13:41] [SEVERE ] removing player 0 token from slot 2
[2022-12-12 18:13:41] [SEVERE ] Key 81 was pressed by player 0
[2022-12-12 18:13:41] [SEVERE ] player 0 placing token on slot 0
[2022-12-12 18:13:43] [SEVERE ] Key 81 was pressed by player 0
[2022-12-12 18:13:43] [SEVERE ] removing player 0 token from slot 0
[2022-12-12 18:13:43] [SEVERE ] Key 87 was pressed by player 0
[2022-12-12 18:13:43] [SEVERE ] player 0 placing token on slot 1
[2022-12-12 18:13:43] [SEVERE ] Key 69 was pressed by player 0
[2022-12-12 18:13:43] [SEVERE ] player 0 placing token on slot 2
[2022-12-12 18:13:47] [SEVERE ] Key 81 was pressed by player 0
[2022-12-12 18:13:47] [SEVERE ] player 0 placing token on slot 0
[2022-12-12 18:13:47] [SEVERE ] setting player 0 freeze to 1000
[2022-12-12 18:13:47] [SEVERE ] removing player 0 token from slot 1
[2022-12-12 18:13:47] [SEVERE ] removing player 0 token from slot 2
[2022-12-12 18:13:47] [SEVERE ] removing player 0 token from slot 0
[2022-12-12 18:13:48] [SEVERE ] Key 81 was pressed by player 0
[2022-12-12 18:13:48] [SEVERE ] player 0 placing token on slot 0
[2022-12-12 18:13:48] [SEVERE ] Key 87 was pressed by player 0
[2022-12-12 18:13:48] [SEVERE ] player 0 placing token on slot 1
[2022-12-12 18:13:49] [SEVERE ] Key 69 was pressed by player 0
[2022-12-12 18:13:49] [SEVERE ] player 0 placing token on slot 2
[2022-12-12 18:13:49] [SEVERE ] setting player 0 freeze to 1000
[2022-12-12 18:13:49] [SEVERE ] removing player 0 token from slot 0
[2022-12-12 18:13:49] [SEVERE ] removing player 0 token from slot 1
[2022-12-12 18:13:49] [SEVERE ] removing player 0 token from slot 2
[2022-12-12 18:13:49] [SEVERE ] Key 81 was pressed by player 0
[2022-12-12 18:13:49] [SEVERE ] player 0 placing token on slot 0
[2022-12-12 18:13:49] [SEVERE ] Key 87 was pressed by player 0
[2022-12-12 18:13:49] [SEVERE ] player 0 placing token on slot 1
[2022-12-12 18:13:49] [SEVERE ] Key 69 was pressed by player 0
[2022-12-12 18:13:49] [SEVERE ] player 0 placing token on slot 2
[2022-12-12 18:13:49] [SEVERE ] setting player 0 freeze to 1000
[2022-12-12 18:13:49] [SEVERE ] removing player 0 token from slot 0
[2022-12-12 18:13:49] [SEVERE ] removing player 0 token from slot 1
[2022-12-12 18:13:49] [SEVERE ] removing player 0 token from slot 2
[2022-12-12 18:13:50] [SEVERE ] Key 81 was pressed by player 0
[2022-12-12 18:13:50] [SEVERE ] player 0 placing token on slot 0
[2022-12-12 18:13:50] [SEVERE ] Key 87 was pressed by player 0
[2022-12-12 18:13:50] [SEVERE ] player 0 placing token on slot 1
[2022-12-12 18:13:50] [SEVERE ] Key 69 was pressed by player 0
[2022-12-12 18:13:50] [SEVERE ] player 0 placing token on slot 2
[2022-12-12 18:13:50] [SEVERE ] setting player 0 freeze to 1000
[2022-12-12 18:13:50] [SEVERE ] removing player 0 token from slot 0
[2022-12-12 18:13:50] [SEVERE ] removing player 0 token from slot 1
[2022-12-12 18:13:50] [SEVERE ] removing player 0 token from slot 2
[2022-12-12 18:13:52] [SEVERE ] removing card from slot 0
