[2022-12-15 14:13:01] [INFO   ] cannot read configuration file config.properties trying from resources.
[2022-12-15 14:13:01] [INFO   ] configuration file was loaded from resources directory.
[2022-12-15 14:13:02] [INFO   ] Thread dealer starting.
[2022-12-15 14:13:02] [INFO   ] Thread Player 0starting.
[2022-12-15 14:13:02] [INFO   ] Thread Player 1starting.
[2022-12-15 14:13:02] [INFO   ] Thread Player 2starting.
[2022-12-15 14:13:02] [INFO   ] Thread Player 3starting.
[2022-12-15 14:13:02] [INFO   ] Thread computer-2 starting.
[2022-12-15 14:13:02] [INFO   ] Thread computer-1 starting.
[2022-12-15 14:13:02] [INFO   ] Thread computer-3 starting.
[2022-12-15 14:13:02] [SEVERE ] placing card 6 in slot 0
[2022-12-15 14:13:02] [SEVERE ] placing card 39 in slot 1
[2022-12-15 14:13:02] [SEVERE ] placing card 42 in slot 2
[2022-12-15 14:13:03] [SEVERE ] placing card 30 in slot 3
[2022-12-15 14:13:03] [SEVERE ] placing card 77 in slot 4
[2022-12-15 14:13:03] [SEVERE ] placing card 15 in slot 5
[2022-12-15 14:13:03] [SEVERE ] placing card 16 in slot 6
[2022-12-15 14:13:03] [SEVERE ] placing card 27 in slot 7
[2022-12-15 14:13:03] [SEVERE ] placing card 29 in slot 8
[2022-12-15 14:13:03] [SEVERE ] placing card 25 in slot 9
[2022-12-15 14:13:03] [SEVERE ] placing card 56 in slot 10
[2022-12-15 14:13:03] [SEVERE ] placing card 1 in slot 11
[2022-12-15 14:13:03] [SEVERE ] player 1 placing token on slot 8
[2022-12-15 14:13:03] [SEVERE ] player 2 placing token on slot 1
[2022-12-15 14:13:03] [SEVERE ] player 3 placing token on slot 6
[2022-12-15 14:13:04] [SEVERE ] player 2 placing token on slot 6
[2022-12-15 14:13:04] [SEVERE ] player 1 placing token on slot 10
[2022-12-15 14:13:04] [SEVERE ] player 3 placing token on slot 1
[2022-12-15 14:13:05] [SEVERE ] player 3 placing token on slot 2
[2022-12-15 14:13:05] [SEVERE ] player 1 placing token on slot 11
[2022-12-15 14:13:05] [SEVERE ] player 2 placing token on slot 4
[2022-12-15 14:13:05] [SEVERE ] removing player 1 token from slot 8
[2022-12-15 14:13:05] [SEVERE ] removing player 1 token from slot 10
[2022-12-15 14:13:05] [SEVERE ] removing player 1 token from slot 11
[2022-12-15 14:13:05] [SEVERE ] setting player 1 freeze to 3000
[2022-12-15 14:13:05] [SEVERE ] removing player 2 token from slot 1
[2022-12-15 14:13:05] [SEVERE ] removing player 3 token from slot 6
[2022-12-15 14:13:05] [SEVERE ] removing player 2 token from slot 6
[2022-12-15 14:13:05] [SEVERE ] removing player 3 token from slot 1
[2022-12-15 14:13:05] [SEVERE ] removing player 2 token from slot 4
[2022-12-15 14:13:05] [SEVERE ] removing player 3 token from slot 2
[2022-12-15 14:13:05] [SEVERE ] setting player 2 freeze to 2999
[2022-12-15 14:13:05] [SEVERE ] setting player 3 freeze to 3000
[2022-12-15 14:13:05] [SEVERE ] setting player 1 freeze to 2989
[2022-12-15 14:13:05] [SEVERE ] setting player 3 freeze to 2987
[2022-12-15 14:13:05] [SEVERE ] setting player 2 freeze to 2986
[2022-12-15 14:13:06] [SEVERE ] setting player 3 freeze to 2971
[2022-12-15 14:13:06] [SEVERE ] setting player 1 freeze to 2969
[2022-12-15 14:13:06] [SEVERE ] setting player 2 freeze to 2970
[2022-12-15 14:13:06] [SEVERE ] setting player 3 freeze to 2960
[2022-12-15 14:13:06] [SEVERE ] setting player 2 freeze to 2954
[2022-12-15 14:13:06] [SEVERE ] setting player 1 freeze to 2953
[2022-12-15 14:13:06] [SEVERE ] setting player 2 freeze to 2938
[2022-12-15 14:13:06] [SEVERE ] setting player 1 freeze to 2937
[2022-12-15 14:13:06] [SEVERE ] setting player 3 freeze to 2939
[2022-12-15 14:13:06] [SEVERE ] setting player 2 freeze to 2927
[2022-12-15 14:13:06] [SEVERE ] setting player 1 freeze to 2921
[2022-12-15 14:13:06] [SEVERE ] setting player 3 freeze to 2923
[2022-12-15 14:13:06] [SEVERE ] setting player 1 freeze to 2905
[2022-12-15 14:13:06] [SEVERE ] setting player 2 freeze to 2906
[2022-12-15 14:13:06] [SEVERE ] setting player 3 freeze to 2907
[2022-12-15 14:13:06] [SEVERE ] setting player 1 freeze to 2894
[2022-12-15 14:13:06] [SEVERE ] setting player 3 freeze to 2892
[2022-12-15 14:13:06] [SEVERE ] setting player 2 freeze to 2891
[2022-12-15 14:13:06] [SEVERE ] setting player 1 freeze to 2874
[2022-12-15 14:13:06] [SEVERE ] setting player 3 freeze to 2876
[2022-12-15 14:13:06] [SEVERE ] setting player 2 freeze to 2875
[2022-12-15 14:13:06] [SEVERE ] setting player 1 freeze to 2863
[2022-12-15 14:13:06] [SEVERE ] setting player 3 freeze to 2860
[2022-12-15 14:13:06] [SEVERE ] setting player 2 freeze to 2859
[2022-12-15 14:13:06] [SEVERE ] setting player 2 freeze to 2844
[2022-12-15 14:13:06] [SEVERE ] setting player 1 freeze to 2843
[2022-12-15 14:13:06] [SEVERE ] setting player 3 freeze to 2845
[2022-12-15 14:13:06] [SEVERE ] setting player 2 freeze to 2833
[2022-12-15 14:13:06] [SEVERE ] setting player 3 freeze to 2829
[2022-12-15 14:13:06] [SEVERE ] setting player 1 freeze to 2827
[2022-12-15 14:13:06] [SEVERE ] setting player 2 freeze to 2812
[2022-12-15 14:13:06] [SEVERE ] setting player 3 freeze to 2813
[2022-12-15 14:13:06] [SEVERE ] setting player 1 freeze to 2811
[2022-12-15 14:13:06] [SEVERE ] setting player 2 freeze to 2800
[2022-12-15 14:13:06] [SEVERE ] setting player 1 freeze to 2795
[2022-12-15 14:13:06] [SEVERE ] setting player 3 freeze to 2797
[2022-12-15 14:13:06] [SEVERE ] setting player 3 freeze to 2781
[2022-12-15 14:13:06] [SEVERE ] setting player 2 freeze to 2780
[2022-12-15 14:13:06] [SEVERE ] setting player 1 freeze to 2779
[2022-12-15 14:13:06] [SEVERE ] setting player 3 freeze to 2770
[2022-12-15 14:13:06] [SEVERE ] setting player 2 freeze to 2764
[2022-12-15 14:13:06] [SEVERE ] setting player 1 freeze to 2763
[2022-12-15 14:13:06] [SEVERE ] setting player 2 freeze to 2753
[2022-12-15 14:13:06] [SEVERE ] setting player 1 freeze to 2747
[2022-12-15 14:13:06] [SEVERE ] setting player 3 freeze to 2749
[2022-12-15 14:13:06] [SEVERE ] setting player 2 freeze to 2733
[2022-12-15 14:13:06] [SEVERE ] setting player 1 freeze to 2732
[2022-12-15 14:13:06] [SEVERE ] setting player 3 freeze to 2734
[2022-12-15 14:13:06] [SEVERE ] setting player 2 freeze to 2721
[2022-12-15 14:13:06] [SEVERE ] setting player 3 freeze to 2718
[2022-12-15 14:13:06] [SEVERE ] setting player 1 freeze to 2716
[2022-12-15 14:13:06] [SEVERE ] setting player 1 freeze to 2700
[2022-12-15 14:13:06] [SEVERE ] setting player 3 freeze to 2702
[2022-12-15 14:13:06] [SEVERE ] setting player 2 freeze to 2701
[2022-12-15 14:13:06] [SEVERE ] setting player 1 freeze to 2689
[2022-12-15 14:13:06] [SEVERE ] setting player 3 freeze to 2686
[2022-12-15 14:13:06] [SEVERE ] setting player 2 freeze to 2685
[2022-12-15 14:13:06] [SEVERE ] setting player 2 freeze to 2669
[2022-12-15 14:13:06] [SEVERE ] setting player 1 freeze to 2668
[2022-12-15 14:13:06] [SEVERE ] setting player 3 freeze to 2670
[2022-12-15 14:13:06] [SEVERE ] setting player 2 freeze to 2657
[2022-12-15 14:13:06] [SEVERE ] setting player 1 freeze to 2652
[2022-12-15 14:13:06] [SEVERE ] setting player 3 freeze to 2654
[2022-12-15 14:13:06] [SEVERE ] setting player 3 freeze to 2638
[2022-12-15 14:13:06] [SEVERE ] setting player 1 freeze to 2636
[2022-12-15 14:13:06] [SEVERE ] setting player 2 freeze to 2637
[2022-12-15 14:13:06] [SEVERE ] setting player 3 freeze to 2627
[2022-12-15 14:13:06] [SEVERE ] setting player 2 freeze to 2621
[2022-12-15 14:13:06] [SEVERE ] setting player 1 freeze to 2620
[2022-12-15 14:13:06] [SEVERE ] setting player 2 freeze to 2605
[2022-12-15 14:13:06] [SEVERE ] setting player 3 freeze to 2606
[2022-12-15 14:13:06] [SEVERE ] setting player 1 freeze to 2604
[2022-12-15 14:13:06] [SEVERE ] setting player 2 freeze to 2594
[2022-12-15 14:13:06] [SEVERE ] setting player 1 freeze to 2588
[2022-12-15 14:13:06] [SEVERE ] setting player 3 freeze to 2590
[2022-12-15 14:13:06] [SEVERE ] setting player 1 freeze to 2572
[2022-12-15 14:13:06] [SEVERE ] setting player 3 freeze to 2574
[2022-12-15 14:13:06] [SEVERE ] setting player 2 freeze to 2573
[2022-12-15 14:13:06] [SEVERE ] setting player 1 freeze to 2561
[2022-12-15 14:13:06] [SEVERE ] setting player 2 freeze to 2557
[2022-12-15 14:13:06] [SEVERE ] setting player 3 freeze to 2558
[2022-12-15 14:13:06] [SEVERE ] setting player 3 freeze to 2542
[2022-12-15 14:13:06] [SEVERE ] setting player 1 freeze to 2540
[2022-12-15 14:13:06] [SEVERE ] setting player 2 freeze to 2541
[2022-12-15 14:13:06] [SEVERE ] setting player 3 freeze to 2531
[2022-12-15 14:13:06] [SEVERE ] setting player 2 freeze to 2525
[2022-12-15 14:13:06] [SEVERE ] setting player 1 freeze to 2524
[2022-12-15 14:13:06] [SEVERE ] setting player 2 freeze to 2509
[2022-12-15 14:13:06] [SEVERE ] setting player 3 freeze to 2510
[2022-12-15 14:13:06] [SEVERE ] setting player 1 freeze to 2508
[2022-12-15 14:13:06] [SEVERE ] setting player 2 freeze to 2498
[2022-12-15 14:13:06] [SEVERE ] setting player 3 freeze to 2494
[2022-12-15 14:13:06] [SEVERE ] setting player 1 freeze to 2492
[2022-12-15 14:13:06] [SEVERE ] setting player 3 freeze to 2478
[2022-12-15 14:13:06] [SEVERE ] setting player 1 freeze to 2476
[2022-12-15 14:13:06] [SEVERE ] setting player 2 freeze to 2477
[2022-12-15 14:13:06] [SEVERE ] setting player 3 freeze to 2467
[2022-12-15 14:13:06] [SEVERE ] setting player 2 freeze to 2461
[2022-12-15 14:13:06] [SEVERE ] setting player 1 freeze to 2460
[2022-12-15 14:13:06] [SEVERE ] setting player 3 freeze to 2446
[2022-12-15 14:13:06] [SEVERE ] setting player 1 freeze to 2444
[2022-12-15 14:13:06] [SEVERE ] setting player 2 freeze to 2445
[2022-12-15 14:13:06] [SEVERE ] setting player 3 freeze to 2435
[2022-12-15 14:13:06] [SEVERE ] setting player 2 freeze to 2429
[2022-12-15 14:13:06] [SEVERE ] setting player 1 freeze to 2428
[2022-12-15 14:13:06] [SEVERE ] setting player 1 freeze to 2412
[2022-12-15 14:13:06] [SEVERE ] setting player 2 freeze to 2413
[2022-12-15 14:13:06] [SEVERE ] setting player 3 freeze to 2414
[2022-12-15 14:13:06] [SEVERE ] setting player 1 freeze to 2400
[2022-12-15 14:13:06] [SEVERE ] setting player 2 freeze to 2397
[2022-12-15 14:13:06] [SEVERE ] setting player 3 freeze to 2398
[2022-12-15 14:13:06] [SEVERE ] setting player 1 freeze to 2380
[2022-12-15 14:13:06] [SEVERE ] setting player 2 freeze to 2381
[2022-12-15 14:13:06] [SEVERE ] setting player 3 freeze to 2382
[2022-12-15 14:13:06] [SEVERE ] setting player 1 freeze to 2370
[2022-12-15 14:13:06] [SEVERE ] setting player 3 freeze to 2368
[2022-12-15 14:13:06] [SEVERE ] setting player 2 freeze to 2367
[2022-12-15 14:13:06] [SEVERE ] setting player 1 freeze to 2350
[2022-12-15 14:13:06] [SEVERE ] setting player 3 freeze to 2352
[2022-12-15 14:13:06] [SEVERE ] setting player 2 freeze to 2351
[2022-12-15 14:13:06] [SEVERE ] setting player 1 freeze to 2339
[2022-12-15 14:13:06] [SEVERE ] setting player 3 freeze to 2336
[2022-12-15 14:13:06] [SEVERE ] setting player 2 freeze to 2335
[2022-12-15 14:13:06] [SEVERE ] setting player 1 freeze to 2318
[2022-12-15 14:13:06] [SEVERE ] setting player 2 freeze to 2319
[2022-12-15 14:13:06] [SEVERE ] setting player 3 freeze to 2320
[2022-12-15 14:13:06] [SEVERE ] setting player 1 freeze to 2306
[2022-12-15 14:13:06] [SEVERE ] setting player 2 freeze to 2303
[2022-12-15 14:13:06] [SEVERE ] setting player 3 freeze to 2304
[2022-12-15 14:13:06] [SEVERE ] setting player 2 freeze to 2287
[2022-12-15 14:13:06] [SEVERE ] setting player 1 freeze to 2286
[2022-12-15 14:13:06] [SEVERE ] setting player 3 freeze to 2288
[2022-12-15 14:13:06] [SEVERE ] setting player 2 freeze to 2275
[2022-12-15 14:13:06] [SEVERE ] setting player 3 freeze to 2272
[2022-12-15 14:13:06] [SEVERE ] setting player 1 freeze to 2270
[2022-12-15 14:13:06] [SEVERE ] setting player 1 freeze to 2255
[2022-12-15 14:13:06] [SEVERE ] setting player 3 freeze to 2257
[2022-12-15 14:13:06] [SEVERE ] setting player 2 freeze to 2256
[2022-12-15 14:13:06] [SEVERE ] setting player 1 freeze to 2244
[2022-12-15 14:13:06] [SEVERE ] setting player 3 freeze to 2241
[2022-12-15 14:13:06] [SEVERE ] setting player 2 freeze to 2240
[2022-12-15 14:13:06] [SEVERE ] setting player 2 freeze to 2224
[2022-12-15 14:13:06] [SEVERE ] setting player 1 freeze to 2223
[2022-12-15 14:13:06] [SEVERE ] setting player 3 freeze to 2225
[2022-12-15 14:13:06] [SEVERE ] setting player 2 freeze to 2213
[2022-12-15 14:13:06] [SEVERE ] setting player 3 freeze to 2209
[2022-12-15 14:13:06] [SEVERE ] setting player 1 freeze to 2207
[2022-12-15 14:13:06] [SEVERE ] setting player 3 freeze to 2194
[2022-12-15 14:13:06] [SEVERE ] setting player 1 freeze to 2192
[2022-12-15 14:13:06] [SEVERE ] setting player 2 freeze to 2193
[2022-12-15 14:13:06] [SEVERE ] setting player 3 freeze to 2182
[2022-12-15 14:13:06] [SEVERE ] setting player 2 freeze to 2177
[2022-12-15 14:13:06] [SEVERE ] setting player 1 freeze to 2176
[2022-12-15 14:13:06] [SEVERE ] setting player 2 freeze to 2161
[2022-12-15 14:13:06] [SEVERE ] setting player 3 freeze to 2162
[2022-12-15 14:13:06] [SEVERE ] setting player 1 freeze to 2160
[2022-12-15 14:13:06] [SEVERE ] setting player 2 freeze to 2150
[2022-12-15 14:13:06] [SEVERE ] setting player 1 freeze to 2144
[2022-12-15 14:13:06] [SEVERE ] setting player 3 freeze to 2146
[2022-12-15 14:13:06] [SEVERE ] setting player 3 freeze to 2130
[2022-12-15 14:13:06] [SEVERE ] setting player 2 freeze to 2129
[2022-12-15 14:13:06] [SEVERE ] setting player 1 freeze to 2128
[2022-12-15 14:13:06] [SEVERE ] setting player 3 freeze to 2119
[2022-12-15 14:13:06] [SEVERE ] setting player 2 freeze to 2113
[2022-12-15 14:13:06] [SEVERE ] setting player 1 freeze to 2112
[2022-12-15 14:13:06] [SEVERE ] setting player 2 freeze to 2098
[2022-12-15 14:13:06] [SEVERE ] setting player 1 freeze to 2097
[2022-12-15 14:13:06] [SEVERE ] setting player 3 freeze to 2099
[2022-12-15 14:13:06] [SEVERE ] setting player 2 freeze to 2087
[2022-12-15 14:13:06] [SEVERE ] setting player 3 freeze to 2083
[2022-12-15 14:13:06] [SEVERE ] setting player 1 freeze to 2081
[2022-12-15 14:13:06] [SEVERE ] setting player 1 freeze to 2066
[2022-12-15 14:13:06] [SEVERE ] setting player 2 freeze to 2067
[2022-12-15 14:13:06] [SEVERE ] setting player 3 freeze to 2068
[2022-12-15 14:13:06] [SEVERE ] setting player 1 freeze to 2055
[2022-12-15 14:13:06] [SEVERE ] setting player 2 freeze to 2051
[2022-12-15 14:13:06] [SEVERE ] setting player 3 freeze to 2052
[2022-12-15 14:13:06] [SEVERE ] setting player 3 freeze to 2036
[2022-12-15 14:13:06] [SEVERE ] setting player 1 freeze to 2034
[2022-12-15 14:13:06] [SEVERE ] setting player 2 freeze to 2035
[2022-12-15 14:13:06] [SEVERE ] setting player 3 freeze to 2025
[2022-12-15 14:13:06] [SEVERE ] setting player 1 freeze to 2018
[2022-12-15 14:13:06] [SEVERE ] setting player 2 freeze to 2019
[2022-12-15 14:13:06] [SEVERE ] setting player 2 freeze to 2003
[2022-12-15 14:13:06] [SEVERE ] setting player 3 freeze to 2004
[2022-12-15 14:13:06] [SEVERE ] setting player 1 freeze to 2002
[2022-12-15 14:13:06] [SEVERE ] setting player 3 freeze to 1994
[2022-12-15 14:13:06] [SEVERE ] setting player 2 freeze to 1993
[2022-12-15 14:13:06] [SEVERE ] setting player 1 freeze to 1987
[2022-12-15 14:13:07] [SEVERE ] setting player 1 freeze to 1971
[2022-12-15 14:13:07] [SEVERE ] setting player 2 freeze to 1972
[2022-12-15 14:13:07] [SEVERE ] setting player 3 freeze to 1973
[2022-12-15 14:13:07] [SEVERE ] setting player 1 freeze to 1960
[2022-12-15 14:13:07] [SEVERE ] setting player 3 freeze to 1957
[2022-12-15 14:13:07] [SEVERE ] setting player 2 freeze to 1956
[2022-12-15 14:13:07] [SEVERE ] setting player 3 freeze to 1946
[2022-12-15 14:13:07] [SEVERE ] setting player 2 freeze to 1940
[2022-12-15 14:13:07] [SEVERE ] setting player 1 freeze to 1939
[2022-12-15 14:13:07] [SEVERE ] setting player 1 freeze to 1923
[2022-12-15 14:13:07] [SEVERE ] setting player 2 freeze to 1924
[2022-12-15 14:13:07] [SEVERE ] setting player 3 freeze to 1925
[2022-12-15 14:13:07] [SEVERE ] setting player 1 freeze to 1912
[2022-12-15 14:13:07] [SEVERE ] setting player 2 freeze to 1908
[2022-12-15 14:13:07] [SEVERE ] setting player 3 freeze to 1909
[2022-12-15 14:13:07] [SEVERE ] setting player 2 freeze to 1892
[2022-12-15 14:13:07] [SEVERE ] setting player 1 freeze to 1891
[2022-12-15 14:13:07] [SEVERE ] setting player 3 freeze to 1893
[2022-12-15 14:13:07] [SEVERE ] setting player 2 freeze to 1881
[2022-12-15 14:13:07] [SEVERE ] setting player 1 freeze to 1875
[2022-12-15 14:13:07] [SEVERE ] setting player 3 freeze to 1877
[2022-12-15 14:13:07] [SEVERE ] setting player 2 freeze to 1860
[2022-12-15 14:13:07] [SEVERE ] setting player 3 freeze to 1861
[2022-12-15 14:13:07] [SEVERE ] setting player 1 freeze to 1859
[2022-12-15 14:13:07] [SEVERE ] setting player 2 freeze to 1849
[2022-12-15 14:13:07] [SEVERE ] setting player 3 freeze to 1845
[2022-12-15 14:13:07] [SEVERE ] setting player 1 freeze to 1843
[2022-12-15 14:13:07] [SEVERE ] setting player 3 freeze to 1830
[2022-12-15 14:13:07] [SEVERE ] setting player 2 freeze to 1829
[2022-12-15 14:13:07] [SEVERE ] setting player 1 freeze to 1828
[2022-12-15 14:13:07] [SEVERE ] setting player 3 freeze to 1819
[2022-12-15 14:13:07] [SEVERE ] setting player 2 freeze to 1813
[2022-12-15 14:13:07] [SEVERE ] setting player 1 freeze to 1812
[2022-12-15 14:13:07] [SEVERE ] setting player 3 freeze to 1798
[2022-12-15 14:13:07] [SEVERE ] setting player 1 freeze to 1796
[2022-12-15 14:13:07] [SEVERE ] setting player 2 freeze to 1797
[2022-12-15 14:13:07] [SEVERE ] setting player 3 freeze to 1787
[2022-12-15 14:13:07] [SEVERE ] setting player 1 freeze to 1785
[2022-12-15 14:13:07] [SEVERE ] setting player 2 freeze to 1781
[2022-12-15 14:13:07] [SEVERE ] setting player 2 freeze to 1765
[2022-12-15 14:13:07] [SEVERE ] setting player 1 freeze to 1764
[2022-12-15 14:13:07] [SEVERE ] setting player 3 freeze to 1766
[2022-12-15 14:13:07] [SEVERE ] setting player 2 freeze to 1754
[2022-12-15 14:13:07] [SEVERE ] setting player 3 freeze to 1751
[2022-12-15 14:13:07] [SEVERE ] setting player 1 freeze to 1749
[2022-12-15 14:13:07] [SEVERE ] setting player 3 freeze to 1735
[2022-12-15 14:13:07] [SEVERE ] setting player 2 freeze to 1734
[2022-12-15 14:13:07] [SEVERE ] setting player 1 freeze to 1733
[2022-12-15 14:13:07] [SEVERE ] setting player 1 freeze to 1717
[2022-12-15 14:13:07] [SEVERE ] setting player 3 freeze to 1719
[2022-12-15 14:13:07] [SEVERE ] setting player 2 freeze to 1718
[2022-12-15 14:13:07] [SEVERE ] setting player 1 freeze to 1706
[2022-12-15 14:13:07] [SEVERE ] setting player 3 freeze to 1703
[2022-12-15 14:13:07] [SEVERE ] setting player 2 freeze to 1702
[2022-12-15 14:13:07] [SEVERE ] setting player 2 freeze to 1687
[2022-12-15 14:13:07] [SEVERE ] setting player 3 freeze to 1688
[2022-12-15 14:13:07] [SEVERE ] setting player 1 freeze to 1686
[2022-12-15 14:13:07] [SEVERE ] setting player 2 freeze to 1676
[2022-12-15 14:13:07] [SEVERE ] setting player 1 freeze to 1670
[2022-12-15 14:13:07] [SEVERE ] setting player 3 freeze to 1672
[2022-12-15 14:13:07] [SEVERE ] setting player 3 freeze to 1656
[2022-12-15 14:13:07] [SEVERE ] setting player 2 freeze to 1655
[2022-12-15 14:13:07] [SEVERE ] setting player 1 freeze to 1654
[2022-12-15 14:13:07] [SEVERE ] setting player 3 freeze to 1645
[2022-12-15 14:13:07] [SEVERE ] setting player 1 freeze to 1638
[2022-12-15 14:13:07] [SEVERE ] setting player 2 freeze to 1639
[2022-12-15 14:13:07] [SEVERE ] setting player 2 freeze to 1624
[2022-12-15 14:13:07] [SEVERE ] setting player 3 freeze to 1625
[2022-12-15 14:13:07] [SEVERE ] setting player 1 freeze to 1623
[2022-12-15 14:13:07] [SEVERE ] setting player 2 freeze to 1613
[2022-12-15 14:13:07] [SEVERE ] setting player 3 freeze to 1609
[2022-12-15 14:13:07] [SEVERE ] setting player 1 freeze to 1607
[2022-12-15 14:13:07] [SEVERE ] setting player 3 freeze to 1593
[2022-12-15 14:13:07] [SEVERE ] setting player 1 freeze to 1591
[2022-12-15 14:13:07] [SEVERE ] setting player 2 freeze to 1592
[2022-12-15 14:13:07] [SEVERE ] setting player 3 freeze to 1581
[2022-12-15 14:13:07] [SEVERE ] setting player 1 freeze to 1575
[2022-12-15 14:13:07] [SEVERE ] setting player 2 freeze to 1576
[2022-12-15 14:13:07] [SEVERE ] setting player 1 freeze to 1564
[2022-12-15 14:13:07] [SEVERE ] setting player 2 freeze to 1560
[2022-12-15 14:13:07] [SEVERE ] setting player 3 freeze to 1561
[2022-12-15 14:13:07] [SEVERE ] setting player 3 freeze to 1545
[2022-12-15 14:13:07] [SEVERE ] setting player 2 freeze to 1544
[2022-12-15 14:13:07] [SEVERE ] setting player 1 freeze to 1543
[2022-12-15 14:13:07] [SEVERE ] setting player 3 freeze to 1534
[2022-12-15 14:13:07] [SEVERE ] setting player 1 freeze to 1527
[2022-12-15 14:13:07] [SEVERE ] setting player 2 freeze to 1528
[2022-12-15 14:13:07] [SEVERE ] setting player 3 freeze to 1513
[2022-12-15 14:13:07] [SEVERE ] setting player 2 freeze to 1512
[2022-12-15 14:13:07] [SEVERE ] setting player 1 freeze to 1511
[2022-12-15 14:13:07] [SEVERE ] setting player 3 freeze to 1502
[2022-12-15 14:13:07] [SEVERE ] setting player 1 freeze to 1495
[2022-12-15 14:13:07] [SEVERE ] setting player 2 freeze to 1496
[2022-12-15 14:13:07] [SEVERE ] setting player 3 freeze to 1481
[2022-12-15 14:13:07] [SEVERE ] setting player 1 freeze to 1479
[2022-12-15 14:13:07] [SEVERE ] setting player 2 freeze to 1480
[2022-12-15 14:13:07] [SEVERE ] setting player 3 freeze to 1465
[2022-12-15 14:13:07] [SEVERE ] setting player 1 freeze to 1463
[2022-12-15 14:13:07] [SEVERE ] setting player 2 freeze to 1464
[2022-12-15 14:13:07] [SEVERE ] setting player 3 freeze to 1454
[2022-12-15 14:13:07] [SEVERE ] setting player 2 freeze to 1449
[2022-12-15 14:13:07] [SEVERE ] setting player 1 freeze to 1448
[2022-12-15 14:13:07] [SEVERE ] setting player 3 freeze to 1434
[2022-12-15 14:13:07] [SEVERE ] setting player 2 freeze to 1433
[2022-12-15 14:13:07] [SEVERE ] setting player 1 freeze to 1432
[2022-12-15 14:13:07] [SEVERE ] setting player 3 freeze to 1422
[2022-12-15 14:13:07] [SEVERE ] setting player 2 freeze to 1417
[2022-12-15 14:13:07] [SEVERE ] setting player 1 freeze to 1416
[2022-12-15 14:13:07] [SEVERE ] setting player 3 freeze to 1402
[2022-12-15 14:13:07] [SEVERE ] setting player 2 freeze to 1401
[2022-12-15 14:13:07] [SEVERE ] setting player 1 freeze to 1400
[2022-12-15 14:13:07] [SEVERE ] setting player 3 freeze to 1391
[2022-12-15 14:13:07] [SEVERE ] setting player 1 freeze to 1384
[2022-12-15 14:13:07] [SEVERE ] setting player 2 freeze to 1385
[2022-12-15 14:13:07] [SEVERE ] setting player 2 freeze to 1369
[2022-12-15 14:13:07] [SEVERE ] setting player 3 freeze to 1370
[2022-12-15 14:13:07] [SEVERE ] setting player 1 freeze to 1368
[2022-12-15 14:13:07] [SEVERE ] setting player 2 freeze to 1357
[2022-12-15 14:13:07] [SEVERE ] setting player 1 freeze to 1352
[2022-12-15 14:13:07] [SEVERE ] setting player 3 freeze to 1354
[2022-12-15 14:13:07] [SEVERE ] setting player 2 freeze to 1337
[2022-12-15 14:13:07] [SEVERE ] setting player 1 freeze to 1336
[2022-12-15 14:13:07] [SEVERE ] setting player 3 freeze to 1338
[2022-12-15 14:13:07] [SEVERE ] setting player 2 freeze to 1326
[2022-12-15 14:13:07] [SEVERE ] setting player 1 freeze to 1320
[2022-12-15 14:13:07] [SEVERE ] setting player 3 freeze to 1322
[2022-12-15 14:13:07] [SEVERE ] setting player 1 freeze to 1304
[2022-12-15 14:13:07] [SEVERE ] setting player 2 freeze to 1305
[2022-12-15 14:13:07] [SEVERE ] setting player 3 freeze to 1306
[2022-12-15 14:13:07] [SEVERE ] setting player 1 freeze to 1293
[2022-12-15 14:13:07] [SEVERE ] setting player 3 freeze to 1290
[2022-12-15 14:13:07] [SEVERE ] setting player 2 freeze to 1289
[2022-12-15 14:13:07] [SEVERE ] setting player 2 freeze to 1273
[2022-12-15 14:13:07] [SEVERE ] setting player 1 freeze to 1272
[2022-12-15 14:13:07] [SEVERE ] setting player 3 freeze to 1274
[2022-12-15 14:13:07] [SEVERE ] setting player 2 freeze to 1262
[2022-12-15 14:13:07] [SEVERE ] setting player 3 freeze to 1258
[2022-12-15 14:13:07] [SEVERE ] setting player 1 freeze to 1256
[2022-12-15 14:13:07] [SEVERE ] setting player 3 freeze to 1243
[2022-12-15 14:13:07] [SEVERE ] setting player 2 freeze to 1242
[2022-12-15 14:13:07] [SEVERE ] setting player 1 freeze to 1241
[2022-12-15 14:13:07] [SEVERE ] setting player 3 freeze to 1231
[2022-12-15 14:13:07] [SEVERE ] setting player 1 freeze to 1225
[2022-12-15 14:13:07] [SEVERE ] setting player 2 freeze to 1226
[2022-12-15 14:13:07] [SEVERE ] setting player 2 freeze to 1210
[2022-12-15 14:13:07] [SEVERE ] setting player 3 freeze to 1211
[2022-12-15 14:13:07] [SEVERE ] setting player 1 freeze to 1209
[2022-12-15 14:13:07] [SEVERE ] setting player 2 freeze to 1199
[2022-12-15 14:13:07] [SEVERE ] setting player 3 freeze to 1195
[2022-12-15 14:13:07] [SEVERE ] setting player 1 freeze to 1193
[2022-12-15 14:13:07] [SEVERE ] setting player 1 freeze to 1177
[2022-12-15 14:13:07] [SEVERE ] setting player 3 freeze to 1179
[2022-12-15 14:13:07] [SEVERE ] setting player 2 freeze to 1178
[2022-12-15 14:13:07] [SEVERE ] setting player 1 freeze to 1166
[2022-12-15 14:13:07] [SEVERE ] setting player 3 freeze to 1163
[2022-12-15 14:13:07] [SEVERE ] setting player 2 freeze to 1162
[2022-12-15 14:13:07] [SEVERE ] setting player 2 freeze to 1146
[2022-12-15 14:13:07] [SEVERE ] setting player 3 freeze to 1147
[2022-12-15 14:13:07] [SEVERE ] setting player 1 freeze to 1145
[2022-12-15 14:13:07] [SEVERE ] setting player 2 freeze to 1135
[2022-12-15 14:13:07] [SEVERE ] setting player 1 freeze to 1129
[2022-12-15 14:13:07] [SEVERE ] setting player 3 freeze to 1131
[2022-12-15 14:13:07] [SEVERE ] setting player 1 freeze to 1113
[2022-12-15 14:13:07] [SEVERE ] setting player 2 freeze to 1114
[2022-12-15 14:13:07] [SEVERE ] setting player 3 freeze to 1115
[2022-12-15 14:13:07] [SEVERE ] setting player 1 freeze to 1102
[2022-12-15 14:13:07] [SEVERE ] setting player 2 freeze to 1098
[2022-12-15 14:13:07] [SEVERE ] setting player 3 freeze to 1099
[2022-12-15 14:13:07] [SEVERE ] setting player 2 freeze to 1082
[2022-12-15 14:13:07] [SEVERE ] setting player 1 freeze to 1081
[2022-12-15 14:13:07] [SEVERE ] setting player 3 freeze to 1083
[2022-12-15 14:13:07] [SEVERE ] setting player 2 freeze to 1071
[2022-12-15 14:13:07] [SEVERE ] setting player 3 freeze to 1067
[2022-12-15 14:13:07] [SEVERE ] setting player 1 freeze to 1065
[2022-12-15 14:13:07] [SEVERE ] setting player 1 freeze to 1049
[2022-12-15 14:13:07] [SEVERE ] setting player 3 freeze to 1051
[2022-12-15 14:13:07] [SEVERE ] setting player 2 freeze to 1050
[2022-12-15 14:13:07] [SEVERE ] setting player 1 freeze to 1037
[2022-12-15 14:13:07] [SEVERE ] setting player 3 freeze to 1035
[2022-12-15 14:13:07] [SEVERE ] setting player 2 freeze to 1034
[2022-12-15 14:13:07] [SEVERE ] Exit button pressed
[2022-12-15 14:13:07] [SEVERE ] setting player 2 freeze to 1019
[2022-12-15 14:13:07] [SEVERE ] setting player 1 freeze to 1018
[2022-12-15 14:13:07] [SEVERE ] announcing winners: [0, 1, 2, 3]
[2022-12-15 14:13:07] [INFO   ] Thread dealer terminated.
[2022-12-15 14:13:07] [INFO   ] Thread main terminated.
