[2022-12-12 17:51:16] [INFO   ] cannot read configuration file config.properties trying from resources.
[2022-12-12 17:51:16] [INFO   ] configuration file was loaded from resources directory.
[2022-12-12 17:51:16] [INFO   ] Thread dealer starting.
[2022-12-12 17:51:16] [INFO   ] Thread Player 0starting.
[2022-12-12 17:51:16] [INFO   ] Thread Player 1starting.
[2022-12-12 17:51:16] [SEVERE ] placing card 5 in slot 0
[2022-12-12 17:51:16] [SEVERE ] placing card 35 in slot 1
[2022-12-12 17:51:17] [SEVERE ] placing card 7 in slot 2
[2022-12-12 17:51:17] [SEVERE ] placing card 57 in slot 3
[2022-12-12 17:51:17] [SEVERE ] placing card 1 in slot 4
[2022-12-12 17:51:17] [SEVERE ] placing card 53 in slot 5
[2022-12-12 17:51:17] [SEVERE ] placing card 55 in slot 6
[2022-12-12 17:51:17] [SEVERE ] placing card 11 in slot 7
[2022-12-12 17:51:17] [SEVERE ] placing card 76 in slot 8
[2022-12-12 17:51:17] [SEVERE ] placing card 54 in slot 9
[2022-12-12 17:51:17] [SEVERE ] placing card 3 in slot 10
[2022-12-12 17:51:17] [SEVERE ] placing card 33 in slot 11
[2022-12-12 17:51:19] [SEVERE ] Key 81 was pressed by player 0
[2022-12-12 17:51:19] [SEVERE ] player 0 placing token on slot 0
[2022-12-12 17:51:19] [SEVERE ] Key 87 was pressed by player 0
[2022-12-12 17:51:19] [SEVERE ] player 0 placing token on slot 1
[2022-12-12 17:51:19] [SEVERE ] Key 69 was pressed by player 0
[2022-12-12 17:51:19] [SEVERE ] player 0 placing token on slot 2
[2022-12-12 17:51:19] [SEVERE ] setting player 0 freeze to 1000
[2022-12-12 17:51:19] [SEVERE ] removing player 0 token from slot 0
[2022-12-12 17:51:19] [SEVERE ] removing player 0 token from slot 1
[2022-12-12 17:51:19] [SEVERE ] removing player 0 token from slot 2
