[2022-12-12 19:03:58] [INFO   ] cannot read configuration file config.properties trying from resources.
[2022-12-12 19:03:58] [INFO   ] configuration file was loaded from resources directory.
[2022-12-12 19:03:59] [INFO   ] Thread dealer starting.
[2022-12-12 19:03:59] [INFO   ] Thread Player 0starting.
[2022-12-12 19:03:59] [INFO   ] Thread Player 1starting.
[2022-12-12 19:03:59] [SEVERE ] placing card 64 in slot 0
[2022-12-12 19:03:59] [SEVERE ] placing card 1 in slot 1
[2022-12-12 19:03:59] [SEVERE ] placing card 48 in slot 2
[2022-12-12 19:03:59] [SEVERE ] placing card 12 in slot 3
[2022-12-12 19:03:59] [SEVERE ] placing card 2 in slot 4
[2022-12-12 19:03:59] [SEVERE ] placing card 29 in slot 5
[2022-12-12 19:04:00] [SEVERE ] placing card 73 in slot 6
[2022-12-12 19:04:00] [SEVERE ] placing card 62 in slot 7
[2022-12-12 19:04:00] [SEVERE ] placing card 19 in slot 8
[2022-12-12 19:04:00] [SEVERE ] placing card 43 in slot 9
[2022-12-12 19:04:00] [SEVERE ] placing card 79 in slot 10
[2022-12-12 19:04:00] [SEVERE ] placing card 13 in slot 11
[2022-12-12 19:04:01] [SEVERE ] Key 81 was pressed by player 0
[2022-12-12 19:04:01] [SEVERE ] player 0 placing token on slot 0
[2022-12-12 19:04:01] [SEVERE ] Key 87 was pressed by player 0
[2022-12-12 19:04:01] [SEVERE ] player 0 placing token on slot 1
[2022-12-12 19:04:02] [SEVERE ] Key 69 was pressed by player 0
[2022-12-12 19:04:02] [SEVERE ] player 0 placing token on slot 2
[2022-12-12 19:04:02] [SEVERE ] setting player 0 freeze to 1000
[2022-12-12 19:04:02] [SEVERE ] removing player 0 token from slot 0
[2022-12-12 19:04:02] [SEVERE ] removing player 0 token from slot 1
[2022-12-12 19:04:02] [SEVERE ] removing player 0 token from slot 2
[2022-12-12 19:04:03] [SEVERE ] Key 81 was pressed by player 0
[2022-12-12 19:04:03] [SEVERE ] player 0 placing token on slot 0
[2022-12-12 19:04:03] [SEVERE ] Key 87 was pressed by player 0
[2022-12-12 19:04:03] [SEVERE ] player 0 placing token on slot 1
[2022-12-12 19:04:03] [SEVERE ] Key 69 was pressed by player 0
[2022-12-12 19:04:03] [SEVERE ] player 0 placing token on slot 2
[2022-12-12 19:04:03] [SEVERE ] setting player 0 freeze to 1000
[2022-12-12 19:04:03] [SEVERE ] removing player 0 token from slot 0
[2022-12-12 19:04:03] [SEVERE ] removing player 0 token from slot 1
[2022-12-12 19:04:03] [SEVERE ] removing player 0 token from slot 2
[2022-12-12 19:04:04] [SEVERE ] Key 81 was pressed by player 0
[2022-12-12 19:04:04] [SEVERE ] player 0 placing token on slot 0
[2022-12-12 19:04:04] [SEVERE ] Key 87 was pressed by player 0
[2022-12-12 19:04:04] [SEVERE ] player 0 placing token on slot 1
[2022-12-12 19:04:04] [SEVERE ] Key 69 was pressed by player 0
[2022-12-12 19:04:04] [SEVERE ] player 0 placing token on slot 2
[2022-12-12 19:04:04] [SEVERE ] setting player 0 freeze to 1000
[2022-12-12 19:04:04] [SEVERE ] removing player 0 token from slot 0
[2022-12-12 19:04:04] [SEVERE ] removing player 0 token from slot 1
[2022-12-12 19:04:04] [SEVERE ] removing player 0 token from slot 2
