[2022-12-12 16:59:41] [INFO   ] cannot read configuration file config.properties trying from resources.
[2022-12-12 16:59:42] [INFO   ] configuration file was loaded from resources directory.
[2022-12-12 16:59:42] [INFO   ] Thread dealer starting.
[2022-12-12 16:59:42] [INFO   ] Thread Player 1starting.
[2022-12-12 16:59:42] [INFO   ] Thread Player 0starting.
[2022-12-12 16:59:42] [SEVERE ] placing card 53 in slot 0
[2022-12-12 16:59:42] [SEVERE ] placing card 16 in slot 1
[2022-12-12 16:59:43] [SEVERE ] placing card 60 in slot 2
[2022-12-12 16:59:43] [SEVERE ] placing card 13 in slot 3
[2022-12-12 16:59:43] [SEVERE ] placing card 54 in slot 4
[2022-12-12 16:59:43] [SEVERE ] placing card 59 in slot 5
[2022-12-12 16:59:43] [SEVERE ] placing card 41 in slot 6
[2022-12-12 16:59:43] [SEVERE ] placing card 71 in slot 7
[2022-12-12 16:59:43] [SEVERE ] placing card 38 in slot 8
[2022-12-12 16:59:43] [SEVERE ] placing card 65 in slot 9
[2022-12-12 16:59:43] [SEVERE ] placing card 3 in slot 10
[2022-12-12 16:59:43] [SEVERE ] placing card 69 in slot 11
[2022-12-12 16:59:45] [SEVERE ] Key 81 was pressed by player 0
[2022-12-12 16:59:45] [SEVERE ] player 0 placing token on slot 0
[2022-12-12 16:59:46] [SEVERE ] Key 87 was pressed by player 0
[2022-12-12 16:59:46] [SEVERE ] player 0 placing token on slot 1
[2022-12-12 16:59:46] [SEVERE ] Key 69 was pressed by player 0
[2022-12-12 16:59:46] [SEVERE ] player 0 placing token on slot 2
[2022-12-12 16:59:46] [SEVERE ] setting player 0 score to 1
[2022-12-12 16:59:46] [SEVERE ] removing player 0 token from slot 0
[2022-12-12 16:59:46] [SEVERE ] removing player 0 token from slot 1
[2022-12-12 16:59:46] [SEVERE ] removing player 0 token from slot 2
[2022-12-12 16:59:48] [SEVERE ] Key 81 was pressed by player 0
[2022-12-12 16:59:48] [SEVERE ] player 0 placing token on slot 0
[2022-12-12 16:59:48] [SEVERE ] Key 87 was pressed by player 0
[2022-12-12 16:59:48] [SEVERE ] player 0 placing token on slot 1
[2022-12-12 16:59:49] [SEVERE ] Key 69 was pressed by player 0
[2022-12-12 16:59:49] [SEVERE ] player 0 placing token on slot 2
[2022-12-12 16:59:49] [SEVERE ] setting player 0 score to 2
[2022-12-12 16:59:49] [SEVERE ] removing player 0 token from slot 0
[2022-12-12 16:59:49] [SEVERE ] removing player 0 token from slot 1
[2022-12-12 16:59:49] [SEVERE ] removing player 0 token from slot 2
[2022-12-12 16:59:50] [SEVERE ] Key 81 was pressed by player 0
[2022-12-12 16:59:50] [SEVERE ] player 0 placing token on slot 0
[2022-12-12 16:59:50] [SEVERE ] Key 87 was pressed by player 0
[2022-12-12 16:59:50] [SEVERE ] player 0 placing token on slot 1
[2022-12-12 16:59:50] [SEVERE ] Key 69 was pressed by player 0
[2022-12-12 16:59:50] [SEVERE ] player 0 placing token on slot 2
[2022-12-12 16:59:50] [SEVERE ] setting player 0 score to 3
[2022-12-12 16:59:50] [SEVERE ] removing player 0 token from slot 0
[2022-12-12 16:59:50] [SEVERE ] removing player 0 token from slot 1
[2022-12-12 16:59:50] [SEVERE ] removing player 0 token from slot 2
[2022-12-12 16:59:50] [SEVERE ] Key 81 was pressed by player 0
[2022-12-12 16:59:50] [SEVERE ] player 0 placing token on slot 0
[2022-12-12 16:59:51] [SEVERE ] Key 87 was pressed by player 0
[2022-12-12 16:59:51] [SEVERE ] player 0 placing token on slot 1
[2022-12-12 16:59:51] [SEVERE ] Key 69 was pressed by player 0
[2022-12-12 16:59:51] [SEVERE ] player 0 placing token on slot 2
[2022-12-12 16:59:51] [SEVERE ] setting player 0 score to 4
[2022-12-12 16:59:51] [SEVERE ] removing player 0 token from slot 0
[2022-12-12 16:59:51] [SEVERE ] removing player 0 token from slot 1
[2022-12-12 16:59:51] [SEVERE ] removing player 0 token from slot 2
[2022-12-12 16:59:51] [SEVERE ] Key 81 was pressed by player 0
[2022-12-12 16:59:51] [SEVERE ] player 0 placing token on slot 0
[2022-12-12 16:59:51] [SEVERE ] Key 87 was pressed by player 0
[2022-12-12 16:59:51] [SEVERE ] player 0 placing token on slot 1
[2022-12-12 16:59:51] [SEVERE ] Key 69 was pressed by player 0
[2022-12-12 16:59:51] [SEVERE ] player 0 placing token on slot 2
[2022-12-12 16:59:51] [SEVERE ] setting player 0 score to 5
[2022-12-12 16:59:51] [SEVERE ] removing player 0 token from slot 0
[2022-12-12 16:59:51] [SEVERE ] removing player 0 token from slot 1
[2022-12-12 16:59:51] [SEVERE ] removing player 0 token from slot 2
[2022-12-12 16:59:52] [SEVERE ] Key 81 was pressed by player 0
[2022-12-12 16:59:52] [SEVERE ] player 0 placing token on slot 0
[2022-12-12 16:59:52] [SEVERE ] Key 87 was pressed by player 0
[2022-12-12 16:59:52] [SEVERE ] player 0 placing token on slot 1
[2022-12-12 16:59:52] [SEVERE ] Key 69 was pressed by player 0
[2022-12-12 16:59:52] [SEVERE ] player 0 placing token on slot 2
[2022-12-12 16:59:52] [SEVERE ] setting player 0 score to 6
[2022-12-12 16:59:52] [SEVERE ] removing player 0 token from slot 0
[2022-12-12 16:59:52] [SEVERE ] removing player 0 token from slot 1
[2022-12-12 16:59:52] [SEVERE ] removing player 0 token from slot 2
[2022-12-12 16:59:53] [SEVERE ] Key 81 was pressed by player 0
[2022-12-12 16:59:53] [SEVERE ] player 0 placing token on slot 0
[2022-12-12 16:59:53] [SEVERE ] Key 87 was pressed by player 0
[2022-12-12 16:59:53] [SEVERE ] player 0 placing token on slot 1
[2022-12-12 16:59:53] [SEVERE ] Key 69 was pressed by player 0
[2022-12-12 16:59:53] [SEVERE ] player 0 placing token on slot 2
[2022-12-12 16:59:53] [SEVERE ] setting player 0 score to 7
[2022-12-12 16:59:53] [SEVERE ] removing player 0 token from slot 0
[2022-12-12 16:59:53] [SEVERE ] removing player 0 token from slot 1
[2022-12-12 16:59:53] [SEVERE ] removing player 0 token from slot 2
[2022-12-12 16:59:53] [SEVERE ] Key 81 was pressed by player 0
[2022-12-12 16:59:53] [SEVERE ] player 0 placing token on slot 0
[2022-12-12 16:59:53] [SEVERE ] Key 87 was pressed by player 0
[2022-12-12 16:59:53] [SEVERE ] player 0 placing token on slot 1
[2022-12-12 16:59:54] [SEVERE ] Key 69 was pressed by player 0
[2022-12-12 16:59:54] [SEVERE ] player 0 placing token on slot 2
[2022-12-12 16:59:54] [SEVERE ] setting player 0 score to 8
[2022-12-12 16:59:54] [SEVERE ] removing player 0 token from slot 0
[2022-12-12 16:59:54] [SEVERE ] removing player 0 token from slot 1
[2022-12-12 16:59:54] [SEVERE ] removing player 0 token from slot 2
[2022-12-12 16:59:54] [SEVERE ] Key 81 was pressed by player 0
[2022-12-12 16:59:54] [SEVERE ] player 0 placing token on slot 0
[2022-12-12 16:59:54] [SEVERE ] Key 87 was pressed by player 0
[2022-12-12 16:59:54] [SEVERE ] player 0 placing token on slot 1
[2022-12-12 16:59:54] [SEVERE ] Key 69 was pressed by player 0
[2022-12-12 16:59:54] [SEVERE ] player 0 placing token on slot 2
[2022-12-12 16:59:54] [SEVERE ] setting player 0 score to 9
[2022-12-12 16:59:54] [SEVERE ] removing player 0 token from slot 0
[2022-12-12 16:59:54] [SEVERE ] removing player 0 token from slot 1
[2022-12-12 16:59:54] [SEVERE ] removing player 0 token from slot 2
[2022-12-12 16:59:54] [SEVERE ] Key 81 was pressed by player 0
[2022-12-12 16:59:54] [SEVERE ] player 0 placing token on slot 0
[2022-12-12 16:59:54] [SEVERE ] Key 87 was pressed by player 0
[2022-12-12 16:59:54] [SEVERE ] player 0 placing token on slot 1
[2022-12-12 16:59:54] [SEVERE ] Key 69 was pressed by player 0
[2022-12-12 16:59:54] [SEVERE ] player 0 placing token on slot 2
[2022-12-12 16:59:54] [SEVERE ] setting player 0 score to 10
[2022-12-12 16:59:54] [SEVERE ] removing player 0 token from slot 0
[2022-12-12 16:59:54] [SEVERE ] removing player 0 token from slot 1
[2022-12-12 16:59:54] [SEVERE ] removing player 0 token from slot 2
[2022-12-12 16:59:55] [SEVERE ] Key 87 was pressed by player 0
[2022-12-12 16:59:55] [SEVERE ] player 0 placing token on slot 1
[2022-12-12 16:59:55] [SEVERE ] Key 81 was pressed by player 0
[2022-12-12 16:59:55] [SEVERE ] player 0 placing token on slot 0
[2022-12-12 16:59:55] [SEVERE ] Key 69 was pressed by player 0
[2022-12-12 16:59:55] [SEVERE ] player 0 placing token on slot 2
[2022-12-12 16:59:55] [SEVERE ] setting player 0 score to 11
[2022-12-12 16:59:55] [SEVERE ] removing player 0 token from slot 1
[2022-12-12 16:59:55] [SEVERE ] removing player 0 token from slot 0
[2022-12-12 16:59:55] [SEVERE ] removing player 0 token from slot 2
[2022-12-12 16:59:55] [SEVERE ] Key 81 was pressed by player 0
[2022-12-12 16:59:55] [SEVERE ] player 0 placing token on slot 0
[2022-12-12 16:59:55] [SEVERE ] Key 69 was pressed by player 0
[2022-12-12 16:59:55] [SEVERE ] player 0 placing token on slot 2
[2022-12-12 16:59:55] [SEVERE ] Key 87 was pressed by player 0
[2022-12-12 16:59:55] [SEVERE ] player 0 placing token on slot 1
[2022-12-12 16:59:55] [SEVERE ] setting player 0 score to 12
[2022-12-12 16:59:55] [SEVERE ] removing player 0 token from slot 0
[2022-12-12 16:59:55] [SEVERE ] removing player 0 token from slot 2
[2022-12-12 16:59:55] [SEVERE ] removing player 0 token from slot 1
[2022-12-12 16:59:55] [SEVERE ] Key 81 was pressed by player 0
[2022-12-12 16:59:55] [SEVERE ] player 0 placing token on slot 0
[2022-12-12 16:59:56] [SEVERE ] Key 69 was pressed by player 0
[2022-12-12 16:59:56] [SEVERE ] player 0 placing token on slot 2
[2022-12-12 16:59:56] [SEVERE ] Key 81 was pressed by player 0
[2022-12-12 16:59:56] [SEVERE ] removing player 0 token from slot 0
[2022-12-12 16:59:56] [SEVERE ] Key 81 was pressed by player 0
[2022-12-12 16:59:56] [SEVERE ] player 0 placing token on slot 0
[2022-12-12 16:59:56] [SEVERE ] Key 69 was pressed by player 0
[2022-12-12 16:59:56] [SEVERE ] removing player 0 token from slot 2
[2022-12-12 16:59:57] [SEVERE ] Key 87 was pressed by player 0
[2022-12-12 16:59:57] [SEVERE ] player 0 placing token on slot 1
[2022-12-12 16:59:57] [SEVERE ] Key 87 was pressed by player 0
[2022-12-12 16:59:57] [SEVERE ] removing player 0 token from slot 1
[2022-12-12 16:59:57] [SEVERE ] Key 81 was pressed by player 0
[2022-12-12 16:59:57] [SEVERE ] removing player 0 token from slot 0
[2022-12-12 16:59:57] [SEVERE ] Key 69 was pressed by player 0
[2022-12-12 16:59:57] [SEVERE ] player 0 placing token on slot 2
[2022-12-12 16:59:57] [SEVERE ] Key 81 was pressed by player 0
[2022-12-12 16:59:57] [SEVERE ] player 0 placing token on slot 0
[2022-12-12 16:59:58] [SEVERE ] Key 87 was pressed by player 0
[2022-12-12 16:59:58] [SEVERE ] player 0 placing token on slot 1
[2022-12-12 16:59:58] [SEVERE ] setting player 0 score to 13
[2022-12-12 16:59:58] [SEVERE ] removing player 0 token from slot 2
[2022-12-12 16:59:58] [SEVERE ] removing player 0 token from slot 0
[2022-12-12 16:59:58] [SEVERE ] removing player 0 token from slot 1
[2022-12-12 16:59:58] [SEVERE ] Key 69 was pressed by player 0
[2022-12-12 16:59:58] [SEVERE ] player 0 placing token on slot 2
[2022-12-12 16:59:58] [SEVERE ] Key 87 was pressed by player 0
[2022-12-12 16:59:58] [SEVERE ] player 0 placing token on slot 1
[2022-12-12 16:59:58] [SEVERE ] Key 81 was pressed by player 0
[2022-12-12 16:59:58] [SEVERE ] player 0 placing token on slot 0
[2022-12-12 16:59:58] [SEVERE ] setting player 0 score to 14
[2022-12-12 16:59:58] [SEVERE ] removing player 0 token from slot 2
[2022-12-12 16:59:58] [SEVERE ] removing player 0 token from slot 1
[2022-12-12 16:59:58] [SEVERE ] removing player 0 token from slot 0
[2022-12-12 16:59:58] [SEVERE ] Key 69 was pressed by player 0
[2022-12-12 16:59:58] [SEVERE ] player 0 placing token on slot 2
[2022-12-12 16:59:58] [SEVERE ] Key 81 was pressed by player 0
[2022-12-12 16:59:58] [SEVERE ] player 0 placing token on slot 0
[2022-12-12 16:59:58] [SEVERE ] Key 87 was pressed by player 0
[2022-12-12 16:59:58] [SEVERE ] player 0 placing token on slot 1
[2022-12-12 16:59:58] [SEVERE ] setting player 0 score to 15
[2022-12-12 16:59:58] [SEVERE ] removing player 0 token from slot 2
[2022-12-12 16:59:58] [SEVERE ] removing player 0 token from slot 0
[2022-12-12 16:59:58] [SEVERE ] removing player 0 token from slot 1
[2022-12-12 16:59:58] [SEVERE ] Key 69 was pressed by player 0
[2022-12-12 16:59:58] [SEVERE ] player 0 placing token on slot 2
[2022-12-12 16:59:58] [SEVERE ] Key 87 was pressed by player 0
[2022-12-12 16:59:58] [SEVERE ] player 0 placing token on slot 1
[2022-12-12 16:59:58] [SEVERE ] Key 81 was pressed by player 0
[2022-12-12 16:59:58] [SEVERE ] player 0 placing token on slot 0
[2022-12-12 16:59:58] [SEVERE ] setting player 0 score to 16
[2022-12-12 16:59:58] [SEVERE ] removing player 0 token from slot 2
[2022-12-12 16:59:58] [SEVERE ] removing player 0 token from slot 1
[2022-12-12 16:59:58] [SEVERE ] removing player 0 token from slot 0
[2022-12-12 16:59:58] [SEVERE ] Key 69 was pressed by player 0
[2022-12-12 16:59:59] [SEVERE ] removing card from slot 0
[2022-12-12 16:59:59] [SEVERE ] removing card from slot 1
[2022-12-12 16:59:59] [SEVERE ] removing card from slot 2
[2022-12-12 16:59:59] [SEVERE ] removing card from slot 3
[2022-12-12 16:59:59] [SEVERE ] removing card from slot 4
[2022-12-12 16:59:59] [SEVERE ] removing card from slot 5
[2022-12-12 16:59:59] [SEVERE ] removing card from slot 6
[2022-12-12 16:59:59] [SEVERE ] removing card from slot 7
[2022-12-12 16:59:59] [SEVERE ] removing card from slot 8
[2022-12-12 16:59:59] [SEVERE ] removing card from slot 9
[2022-12-12 17:00:00] [SEVERE ] removing card from slot 10
[2022-12-12 17:00:00] [SEVERE ] removing card from slot 11
[2022-12-12 17:00:00] [SEVERE ] placing card 26 in slot 0
[2022-12-12 17:00:00] [SEVERE ] placing card 74 in slot 1
[2022-12-12 17:00:00] [SEVERE ] placing card 70 in slot 2
[2022-12-12 17:00:00] [SEVERE ] placing card 10 in slot 3
[2022-12-12 17:00:00] [SEVERE ] placing card 13 in slot 4
[2022-12-12 17:00:00] [SEVERE ] placing card 24 in slot 5
[2022-12-12 17:00:00] [SEVERE ] placing card 3 in slot 6
[2022-12-12 17:00:00] [SEVERE ] placing card 76 in slot 7
[2022-12-12 17:00:01] [SEVERE ] placing card 43 in slot 8
[2022-12-12 17:00:01] [SEVERE ] placing card 65 in slot 9
[2022-12-12 17:00:01] [SEVERE ] placing card 59 in slot 10
[2022-12-12 17:00:01] [SEVERE ] placing card 63 in slot 11
[2022-12-12 17:00:01] [SEVERE ] player 0 placing token on slot 2
[2022-12-12 17:00:01] [SEVERE ] Key 81 was pressed by player 0
[2022-12-12 17:00:01] [SEVERE ] player 0 placing token on slot 0
[2022-12-12 17:00:01] [SEVERE ] Key 69 was pressed by player 0
[2022-12-12 17:00:01] [SEVERE ] removing player 0 token from slot 2
[2022-12-12 17:00:01] [SEVERE ] Key 81 was pressed by player 0
[2022-12-12 17:00:01] [SEVERE ] removing player 0 token from slot 0
[2022-12-12 17:00:01] [SEVERE ] Key 69 was pressed by player 0
[2022-12-12 17:00:01] [SEVERE ] player 0 placing token on slot 2
[2022-12-12 17:00:01] [SEVERE ] Key 87 was pressed by player 0
[2022-12-12 17:00:01] [SEVERE ] player 0 placing token on slot 1
[2022-12-12 17:00:01] [SEVERE ] Key 81 was pressed by player 0
[2022-12-12 17:00:01] [SEVERE ] player 0 placing token on slot 0
[2022-12-12 17:00:01] [SEVERE ] setting player 0 freeze to 1000
[2022-12-12 17:00:02] [SEVERE ] removing player 0 token from slot 2
[2022-12-12 17:00:02] [SEVERE ] removing player 0 token from slot 1
[2022-12-12 17:00:02] [SEVERE ] removing player 0 token from slot 0
[2022-12-12 17:00:02] [SEVERE ] Key 69 was pressed by player 0
[2022-12-12 17:00:02] [SEVERE ] player 0 placing token on slot 2
[2022-12-12 17:00:02] [SEVERE ] Key 81 was pressed by player 0
[2022-12-12 17:00:02] [SEVERE ] player 0 placing token on slot 0
[2022-12-12 17:00:02] [SEVERE ] Key 69 was pressed by player 0
[2022-12-12 17:00:02] [SEVERE ] removing player 0 token from slot 2
[2022-12-12 17:00:05] [SEVERE ] Key 81 was pressed by player 0
[2022-12-12 17:00:05] [SEVERE ] removing player 0 token from slot 0
[2022-12-12 17:00:05] [SEVERE ] Key 87 was pressed by player 0
[2022-12-12 17:00:05] [SEVERE ] player 0 placing token on slot 1
[2022-12-12 17:00:06] [SEVERE ] Key 69 was pressed by player 0
[2022-12-12 17:00:06] [SEVERE ] player 0 placing token on slot 2
[2022-12-12 17:00:08] [SEVERE ] Key 81 was pressed by player 0
[2022-12-12 17:00:08] [SEVERE ] player 0 placing token on slot 0
[2022-12-12 17:00:08] [SEVERE ] setting player 0 freeze to 1000
[2022-12-12 17:00:09] [SEVERE ] removing player 0 token from slot 1
[2022-12-12 17:00:09] [SEVERE ] removing player 0 token from slot 2
[2022-12-12 17:00:09] [SEVERE ] removing player 0 token from slot 0
[2022-12-12 17:00:09] [SEVERE ] Key 87 was pressed by player 0
[2022-12-12 17:00:09] [SEVERE ] player 0 placing token on slot 1
[2022-12-12 17:00:09] [SEVERE ] Key 69 was pressed by player 0
[2022-12-12 17:00:09] [SEVERE ] player 0 placing token on slot 2
[2022-12-12 17:00:10] [SEVERE ] Key 81 was pressed by player 0
[2022-12-12 17:00:10] [SEVERE ] player 0 placing token on slot 0
[2022-12-12 17:00:10] [SEVERE ] setting player 0 freeze to 1000
[2022-12-12 17:00:11] [SEVERE ] removing player 0 token from slot 1
[2022-12-12 17:00:11] [SEVERE ] removing player 0 token from slot 2
[2022-12-12 17:00:11] [SEVERE ] removing player 0 token from slot 0
[2022-12-12 17:00:11] [SEVERE ] Key 87 was pressed by player 0
[2022-12-12 17:00:11] [SEVERE ] player 0 placing token on slot 1
[2022-12-12 17:00:11] [SEVERE ] Key 69 was pressed by player 0
[2022-12-12 17:00:11] [SEVERE ] player 0 placing token on slot 2
[2022-12-12 17:00:11] [SEVERE ] Key 69 was pressed by player 0
[2022-12-12 17:00:11] [SEVERE ] removing player 0 token from slot 2
[2022-12-12 17:00:11] [SEVERE ] Key 87 was pressed by player 0
[2022-12-12 17:00:11] [SEVERE ] removing player 0 token from slot 1
[2022-12-12 17:00:11] [SEVERE ] Key 81 was pressed by player 0
[2022-12-12 17:00:11] [SEVERE ] player 0 placing token on slot 0
[2022-12-12 17:00:12] [SEVERE ] Key 87 was pressed by player 0
[2022-12-12 17:00:12] [SEVERE ] player 0 placing token on slot 1
[2022-12-12 17:00:12] [SEVERE ] Key 69 was pressed by player 0
[2022-12-12 17:00:12] [SEVERE ] player 0 placing token on slot 2
[2022-12-12 17:00:12] [SEVERE ] setting player 0 freeze to 1000
[2022-12-12 17:00:13] [SEVERE ] removing player 0 token from slot 0
[2022-12-12 17:00:13] [SEVERE ] removing player 0 token from slot 1
[2022-12-12 17:00:13] [SEVERE ] removing player 0 token from slot 2
[2022-12-12 17:00:14] [SEVERE ] Key 81 was pressed by player 0
[2022-12-12 17:00:14] [SEVERE ] player 0 placing token on slot 0
[2022-12-12 17:00:14] [SEVERE ] Key 87 was pressed by player 0
[2022-12-12 17:00:14] [SEVERE ] player 0 placing token on slot 1
[2022-12-12 17:00:15] [SEVERE ] Key 69 was pressed by player 0
[2022-12-12 17:00:15] [SEVERE ] player 0 placing token on slot 2
[2022-12-12 17:00:15] [SEVERE ] setting player 0 freeze to 1000
[2022-12-12 17:00:16] [SEVERE ] removing player 0 token from slot 0
[2022-12-12 17:00:16] [SEVERE ] removing player 0 token from slot 1
[2022-12-12 17:00:16] [SEVERE ] removing player 0 token from slot 2
[2022-12-12 17:00:16] [SEVERE ] removing card from slot 0
[2022-12-12 17:00:16] [SEVERE ] removing card from slot 1
[2022-12-12 17:00:16] [SEVERE ] removing card from slot 2
[2022-12-12 17:00:16] [SEVERE ] removing card from slot 3
[2022-12-12 17:00:16] [SEVERE ] removing card from slot 4
[2022-12-12 17:00:16] [SEVERE ] removing card from slot 5
[2022-12-12 17:00:17] [SEVERE ] removing card from slot 6
[2022-12-12 17:00:17] [SEVERE ] removing card from slot 7
[2022-12-12 17:00:17] [SEVERE ] removing card from slot 8
[2022-12-12 17:00:17] [SEVERE ] removing card from slot 9
[2022-12-12 17:00:17] [SEVERE ] removing card from slot 10
[2022-12-12 17:00:17] [SEVERE ] removing card from slot 11
[2022-12-12 17:00:17] [SEVERE ] placing card 42 in slot 0
[2022-12-12 17:00:17] [SEVERE ] placing card 35 in slot 1
[2022-12-12 17:00:17] [SEVERE ] placing card 61 in slot 2
[2022-12-12 17:00:17] [SEVERE ] placing card 37 in slot 3
[2022-12-12 17:00:18] [SEVERE ] placing card 2 in slot 4
[2022-12-12 17:00:18] [SEVERE ] placing card 52 in slot 5
[2022-12-12 17:00:18] [SEVERE ] placing card 45 in slot 6
[2022-12-12 17:00:18] [SEVERE ] placing card 19 in slot 7
[2022-12-12 17:00:18] [SEVERE ] placing card 38 in slot 8
[2022-12-12 17:00:18] [SEVERE ] placing card 30 in slot 9
[2022-12-12 17:00:18] [SEVERE ] placing card 51 in slot 10
[2022-12-12 17:00:18] [SEVERE ] placing card 62 in slot 11
[2022-12-12 17:00:33] [SEVERE ] removing card from slot 0
[2022-12-12 17:00:34] [SEVERE ] removing card from slot 1
[2022-12-12 17:00:34] [SEVERE ] removing card from slot 2
[2022-12-12 17:00:34] [SEVERE ] removing card from slot 3
[2022-12-12 17:00:34] [SEVERE ] removing card from slot 4
[2022-12-12 17:00:34] [SEVERE ] removing card from slot 5
[2022-12-12 17:00:34] [SEVERE ] removing card from slot 6
[2022-12-12 17:00:34] [SEVERE ] removing card from slot 7
[2022-12-12 17:00:34] [SEVERE ] removing card from slot 8
[2022-12-12 17:00:34] [SEVERE ] removing card from slot 9
[2022-12-12 17:00:34] [SEVERE ] removing card from slot 10
[2022-12-12 17:00:35] [SEVERE ] removing card from slot 11
[2022-12-12 17:00:35] [SEVERE ] placing card 5 in slot 0
[2022-12-12 17:00:35] [SEVERE ] placing card 66 in slot 1
[2022-12-12 17:00:35] [SEVERE ] placing card 48 in slot 2
[2022-12-12 17:00:35] [SEVERE ] placing card 34 in slot 3
[2022-12-12 17:00:35] [SEVERE ] placing card 17 in slot 4
[2022-12-12 17:00:35] [SEVERE ] placing card 33 in slot 5
[2022-12-12 17:00:35] [SEVERE ] placing card 46 in slot 6
[2022-12-12 17:00:35] [SEVERE ] placing card 77 in slot 7
[2022-12-12 17:00:35] [SEVERE ] placing card 75 in slot 8
[2022-12-12 17:00:36] [SEVERE ] placing card 68 in slot 9
[2022-12-12 17:00:36] [SEVERE ] placing card 26 in slot 10
[2022-12-12 17:00:36] [SEVERE ] placing card 44 in slot 11
[2022-12-12 17:00:45] [SEVERE ] Key 81 was pressed by player 0
[2022-12-12 17:00:45] [SEVERE ] player 0 placing token on slot 0
[2022-12-12 17:00:45] [SEVERE ] Key 87 was pressed by player 0
[2022-12-12 17:00:45] [SEVERE ] player 0 placing token on slot 1
[2022-12-12 17:00:45] [SEVERE ] Key 69 was pressed by player 0
[2022-12-12 17:00:45] [SEVERE ] player 0 placing token on slot 2
[2022-12-12 17:00:45] [SEVERE ] setting player 0 freeze to 1000
[2022-12-12 17:00:46] [SEVERE ] removing player 0 token from slot 0
[2022-12-12 17:00:46] [SEVERE ] removing player 0 token from slot 1
[2022-12-12 17:00:46] [SEVERE ] removing player 0 token from slot 2
[2022-12-12 17:00:46] [SEVERE ] Key 81 was pressed by player 0
[2022-12-12 17:00:46] [SEVERE ] player 0 placing token on slot 0
[2022-12-12 17:00:46] [SEVERE ] Key 87 was pressed by player 0
[2022-12-12 17:00:46] [SEVERE ] player 0 placing token on slot 1
[2022-12-12 17:00:46] [SEVERE ] Key 69 was pressed by player 0
[2022-12-12 17:00:46] [SEVERE ] player 0 placing token on slot 2
[2022-12-12 17:00:46] [SEVERE ] setting player 0 freeze to 1000
[2022-12-12 17:00:47] [SEVERE ] removing player 0 token from slot 0
[2022-12-12 17:00:47] [SEVERE ] removing player 0 token from slot 1
[2022-12-12 17:00:47] [SEVERE ] removing player 0 token from slot 2
[2022-12-12 17:00:48] [SEVERE ] Key 69 was pressed by player 0
[2022-12-12 17:00:48] [SEVERE ] player 0 placing token on slot 2
[2022-12-12 17:00:48] [SEVERE ] Key 87 was pressed by player 0
[2022-12-12 17:00:48] [SEVERE ] player 0 placing token on slot 1
[2022-12-12 17:00:48] [SEVERE ] Key 81 was pressed by player 0
[2022-12-12 17:00:48] [SEVERE ] player 0 placing token on slot 0
[2022-12-12 17:00:48] [SEVERE ] setting player 0 freeze to 1000
[2022-12-12 17:00:49] [SEVERE ] removing player 0 token from slot 2
[2022-12-12 17:00:49] [SEVERE ] removing player 0 token from slot 1
[2022-12-12 17:00:49] [SEVERE ] removing player 0 token from slot 0
[2022-12-12 17:00:49] [SEVERE ] Key 69 was pressed by player 0
[2022-12-12 17:00:49] [SEVERE ] player 0 placing token on slot 2
[2022-12-12 17:00:49] [SEVERE ] Key 87 was pressed by player 0
[2022-12-12 17:00:49] [SEVERE ] player 0 placing token on slot 1
[2022-12-12 17:00:49] [SEVERE ] Key 81 was pressed by player 0
[2022-12-12 17:00:49] [SEVERE ] player 0 placing token on slot 0
[2022-12-12 17:00:49] [SEVERE ] setting player 0 freeze to 1000
[2022-12-12 17:00:50] [SEVERE ] removing player 0 token from slot 2
[2022-12-12 17:00:50] [SEVERE ] removing player 0 token from slot 1
[2022-12-12 17:00:50] [SEVERE ] removing player 0 token from slot 0
[2022-12-12 17:00:51] [SEVERE ] removing card from slot 0
[2022-12-12 17:00:51] [SEVERE ] removing card from slot 1
[2022-12-12 17:00:51] [SEVERE ] removing card from slot 2
[2022-12-12 17:00:51] [SEVERE ] removing card from slot 3
[2022-12-12 17:00:51] [SEVERE ] removing card from slot 4
[2022-12-12 17:00:51] [SEVERE ] removing card from slot 5
[2022-12-12 17:00:51] [SEVERE ] removing card from slot 6
[2022-12-12 17:00:52] [SEVERE ] removing card from slot 7
[2022-12-12 17:00:52] [SEVERE ] removing card from slot 8
[2022-12-12 17:00:52] [SEVERE ] removing card from slot 9
[2022-12-12 17:00:52] [SEVERE ] removing card from slot 10
[2022-12-12 17:00:52] [SEVERE ] removing card from slot 11
[2022-12-12 17:00:52] [SEVERE ] placing card 2 in slot 0
[2022-12-12 17:00:52] [SEVERE ] placing card 77 in slot 1
[2022-12-12 17:00:52] [SEVERE ] placing card 53 in slot 2
[2022-12-12 17:00:52] [SEVERE ] placing card 34 in slot 3
[2022-12-12 17:00:52] [SEVERE ] placing card 71 in slot 4
[2022-12-12 17:00:53] [SEVERE ] placing card 25 in slot 5
[2022-12-12 17:00:53] [SEVERE ] placing card 11 in slot 6
[2022-12-12 17:00:53] [SEVERE ] placing card 63 in slot 7
[2022-12-12 17:00:53] [SEVERE ] placing card 40 in slot 8
[2022-12-12 17:00:53] [SEVERE ] placing card 58 in slot 9
[2022-12-12 17:00:53] [SEVERE ] placing card 57 in slot 10
[2022-12-12 17:00:53] [SEVERE ] placing card 5 in slot 11
[2022-12-12 17:00:54] [SEVERE ] Key 69 was pressed by player 0
[2022-12-12 17:00:54] [SEVERE ] player 0 placing token on slot 2
[2022-12-12 17:00:54] [SEVERE ] Key 87 was pressed by player 0
[2022-12-12 17:00:54] [SEVERE ] player 0 placing token on slot 1
[2022-12-12 17:00:54] [SEVERE ] Key 81 was pressed by player 0
[2022-12-12 17:00:54] [SEVERE ] player 0 placing token on slot 0
[2022-12-12 17:00:54] [SEVERE ] setting player 0 freeze to 1000
[2022-12-12 17:00:55] [SEVERE ] removing player 0 token from slot 2
[2022-12-12 17:00:55] [SEVERE ] removing player 0 token from slot 1
[2022-12-12 17:00:55] [SEVERE ] removing player 0 token from slot 0
[2022-12-12 17:00:56] [SEVERE ] Key 69 was pressed by player 0
[2022-12-12 17:00:56] [SEVERE ] player 0 placing token on slot 2
[2022-12-12 17:00:56] [SEVERE ] Key 87 was pressed by player 0
[2022-12-12 17:00:56] [SEVERE ] player 0 placing token on slot 1
[2022-12-12 17:00:56] [SEVERE ] Key 81 was pressed by player 0
[2022-12-12 17:00:56] [SEVERE ] player 0 placing token on slot 0
[2022-12-12 17:00:56] [SEVERE ] setting player 0 freeze to 1000
[2022-12-12 17:00:57] [SEVERE ] removing player 0 token from slot 2
[2022-12-12 17:00:57] [SEVERE ] removing player 0 token from slot 1
[2022-12-12 17:00:57] [SEVERE ] removing player 0 token from slot 0
[2022-12-12 17:00:59] [SEVERE ] Key 69 was pressed by player 0
[2022-12-12 17:00:59] [SEVERE ] player 0 placing token on slot 2
[2022-12-12 17:00:59] [SEVERE ] Key 87 was pressed by player 0
[2022-12-12 17:00:59] [SEVERE ] player 0 placing token on slot 1
[2022-12-12 17:00:59] [SEVERE ] Key 81 was pressed by player 0
[2022-12-12 17:00:59] [SEVERE ] player 0 placing token on slot 0
[2022-12-12 17:00:59] [SEVERE ] setting player 0 freeze to 1000
[2022-12-12 17:01:00] [SEVERE ] removing player 0 token from slot 2
[2022-12-12 17:01:00] [SEVERE ] removing player 0 token from slot 1
[2022-12-12 17:01:00] [SEVERE ] removing player 0 token from slot 0
[2022-12-12 17:01:00] [SEVERE ] Key 69 was pressed by player 0
[2022-12-12 17:01:00] [SEVERE ] player 0 placing token on slot 2
[2022-12-12 17:01:00] [SEVERE ] Key 87 was pressed by player 0
[2022-12-12 17:01:00] [SEVERE ] player 0 placing token on slot 1
[2022-12-12 17:01:00] [SEVERE ] Key 81 was pressed by player 0
[2022-12-12 17:01:00] [SEVERE ] player 0 placing token on slot 0
[2022-12-12 17:01:00] [SEVERE ] setting player 0 freeze to 1000
[2022-12-12 17:01:01] [SEVERE ] removing player 0 token from slot 2
[2022-12-12 17:01:01] [SEVERE ] removing player 0 token from slot 1
[2022-12-12 17:01:01] [SEVERE ] removing player 0 token from slot 0
[2022-12-12 17:01:01] [SEVERE ] Key 87 was pressed by player 0
[2022-12-12 17:01:01] [SEVERE ] player 0 placing token on slot 1
[2022-12-12 17:01:01] [SEVERE ] Key 69 was pressed by player 0
[2022-12-12 17:01:01] [SEVERE ] player 0 placing token on slot 2
