[2022-12-12 17:04:35] [INFO   ] cannot read configuration file config.properties trying from resources.
[2022-12-12 17:04:35] [INFO   ] configuration file was loaded from resources directory.
[2022-12-12 17:04:35] [INFO   ] Thread dealer starting.
[2022-12-12 17:04:35] [INFO   ] Thread Player 1starting.
[2022-12-12 17:04:35] [INFO   ] Thread Player 0starting.
[2022-12-12 17:04:35] [SEVERE ] placing card 34 in slot 0
[2022-12-12 17:04:36] [SEVERE ] placing card 24 in slot 1
[2022-12-12 17:04:36] [SEVERE ] placing card 78 in slot 2
[2022-12-12 17:04:36] [SEVERE ] placing card 23 in slot 3
[2022-12-12 17:04:36] [SEVERE ] placing card 46 in slot 4
[2022-12-12 17:04:36] [SEVERE ] placing card 41 in slot 5
[2022-12-12 17:04:36] [SEVERE ] placing card 32 in slot 6
[2022-12-12 17:04:36] [SEVERE ] placing card 73 in slot 7
[2022-12-12 17:04:36] [SEVERE ] placing card 3 in slot 8
[2022-12-12 17:04:36] [SEVERE ] placing card 25 in slot 9
[2022-12-12 17:04:37] [SEVERE ] placing card 72 in slot 10
[2022-12-12 17:04:37] [SEVERE ] placing card 9 in slot 11
[2022-12-12 17:04:37] [SEVERE ] Key 81 was pressed by player 0
[2022-12-12 17:04:37] [SEVERE ] player 0 placing token on slot 0
[2022-12-12 17:04:37] [SEVERE ] Key 87 was pressed by player 0
[2022-12-12 17:04:37] [SEVERE ] player 0 placing token on slot 1
[2022-12-12 17:04:38] [SEVERE ] Key 69 was pressed by player 0
[2022-12-12 17:04:38] [SEVERE ] player 0 placing token on slot 2
[2022-12-12 17:04:38] [SEVERE ] setting player 0 freeze to 1000
[2022-12-12 17:04:41] [SEVERE ] Key 69 was pressed by player 0
[2022-12-12 17:04:41] [SEVERE ] removing player 0 token from slot 2
[2022-12-12 17:04:41] [SEVERE ] Key 87 was pressed by player 0
[2022-12-12 17:04:41] [SEVERE ] removing player 0 token from slot 1
[2022-12-12 17:04:42] [SEVERE ] Key 81 was pressed by player 0
[2022-12-12 17:04:42] [SEVERE ] removing player 0 token from slot 0
[2022-12-12 17:04:43] [SEVERE ] Key 81 was pressed by player 0
[2022-12-12 17:04:43] [SEVERE ] player 0 placing token on slot 0
[2022-12-12 17:04:43] [SEVERE ] Key 87 was pressed by player 0
[2022-12-12 17:04:43] [SEVERE ] player 0 placing token on slot 1
[2022-12-12 17:04:43] [SEVERE ] Key 69 was pressed by player 0
[2022-12-12 17:04:43] [SEVERE ] player 0 placing token on slot 2
[2022-12-12 17:04:43] [SEVERE ] setting player 0 freeze to 1000
[2022-12-12 17:04:45] [SEVERE ] Key 69 was pressed by player 0
[2022-12-12 17:04:45] [SEVERE ] removing player 0 token from slot 2
[2022-12-12 17:04:45] [SEVERE ] Key 69 was pressed by player 0
[2022-12-12 17:04:45] [SEVERE ] player 0 placing token on slot 2
[2022-12-12 17:04:45] [SEVERE ] setting player 0 freeze to 1000
[2022-12-12 17:04:46] [SEVERE ] Key 68 was pressed by player 0
[2022-12-12 17:04:46] [SEVERE ] player 0 placing token on slot 6
[2022-12-12 17:04:46] [SEVERE ] Key 83 was pressed by player 0
[2022-12-12 17:04:46] [SEVERE ] player 0 placing token on slot 5
[2022-12-12 17:04:47] [SEVERE ] Key 65 was pressed by player 0
[2022-12-12 17:04:47] [SEVERE ] player 0 placing token on slot 4
