[2022-12-15 14:22:36] [INFO   ] cannot read configuration file config.properties trying from resources.
[2022-12-15 14:22:36] [INFO   ] configuration file was loaded from resources directory.
[2022-12-15 14:22:37] [INFO   ] Thread dealer starting.
[2022-12-15 14:22:37] [INFO   ] Thread Player 1starting.
[2022-12-15 14:22:37] [INFO   ] Thread Player 2starting.
[2022-12-15 14:22:37] [INFO   ] Thread Player 0starting.
[2022-12-15 14:22:37] [INFO   ] Thread Player 3starting.
[2022-12-15 14:22:37] [INFO   ] Thread computer-1 starting.
[2022-12-15 14:22:37] [INFO   ] Thread computer-3 starting.
[2022-12-15 14:22:37] [INFO   ] Thread computer-2 starting.
[2022-12-15 14:22:37] [SEVERE ] placing card 54 in slot 0
[2022-12-15 14:22:37] [SEVERE ] placing card 16 in slot 1
[2022-12-15 14:22:37] [SEVERE ] placing card 77 in slot 2
[2022-12-15 14:22:37] [SEVERE ] placing card 63 in slot 3
[2022-12-15 14:22:37] [SEVERE ] placing card 25 in slot 4
[2022-12-15 14:22:38] [SEVERE ] placing card 0 in slot 5
[2022-12-15 14:22:38] [SEVERE ] placing card 30 in slot 6
[2022-12-15 14:22:38] [SEVERE ] placing card 24 in slot 7
[2022-12-15 14:22:38] [SEVERE ] placing card 39 in slot 8
[2022-12-15 14:22:38] [SEVERE ] placing card 26 in slot 9
[2022-12-15 14:22:38] [SEVERE ] placing card 73 in slot 10
[2022-12-15 14:22:38] [SEVERE ] placing card 43 in slot 11
[2022-12-15 14:22:38] [SEVERE ] player 3 placing token on slot 3
[2022-12-15 14:22:38] [SEVERE ] player 1 placing token on slot 10
[2022-12-15 14:22:38] [SEVERE ] player 2 placing token on slot 0
[2022-12-15 14:22:39] [SEVERE ] player 3 placing token on slot 6
[2022-12-15 14:22:39] [SEVERE ] player 1 placing token on slot 4
[2022-12-15 14:22:39] [SEVERE ] player 2 placing token on slot 9
[2022-12-15 14:22:40] [SEVERE ] player 3 placing token on slot 9
[2022-12-15 14:22:40] [SEVERE ] player 2 placing token on slot 1
[2022-12-15 14:22:40] [SEVERE ] removing player 2 token from slot 0
[2022-12-15 14:22:40] [SEVERE ] removing player 3 token from slot 3
[2022-12-15 14:22:40] [SEVERE ] removing player 2 token from slot 9
[2022-12-15 14:22:40] [SEVERE ] removing player 3 token from slot 6
[2022-12-15 14:22:40] [SEVERE ] removing player 2 token from slot 1
[2022-12-15 14:22:40] [SEVERE ] removing player 3 token from slot 9
[2022-12-15 14:22:40] [SEVERE ] setting player 3 freeze to 3000
[2022-12-15 14:22:40] [SEVERE ] setting player 2 freeze to 2999
[2022-12-15 14:22:40] [SEVERE ] player 1 placing token on slot 0
[2022-12-15 14:22:40] [SEVERE ] removing player 1 token from slot 10
[2022-12-15 14:22:40] [SEVERE ] removing player 1 token from slot 4
[2022-12-15 14:22:40] [SEVERE ] removing player 1 token from slot 0
[2022-12-15 14:22:40] [SEVERE ] setting player 1 freeze to 3000
[2022-12-15 14:22:40] [SEVERE ] setting player 1 freeze to 2985
[2022-12-15 14:22:40] [SEVERE ] setting player 2 freeze to 2982
[2022-12-15 14:22:40] [SEVERE ] setting player 3 freeze to 2983
[2022-12-15 14:22:40] [SEVERE ] setting player 2 freeze to 2967
[2022-12-15 14:22:40] [SEVERE ] setting player 1 freeze to 2969
[2022-12-15 14:22:40] [SEVERE ] setting player 3 freeze to 2968
[2022-12-15 14:22:40] [SEVERE ] setting player 2 freeze to 2956
[2022-12-15 14:22:40] [SEVERE ] setting player 1 freeze to 2958
[2022-12-15 14:22:40] [SEVERE ] setting player 3 freeze to 2952
[2022-12-15 14:22:40] [SEVERE ] setting player 3 freeze to 2936
[2022-12-15 14:22:40] [SEVERE ] setting player 1 freeze to 2937
[2022-12-15 14:22:40] [SEVERE ] setting player 2 freeze to 2935
[2022-12-15 14:22:40] [SEVERE ] setting player 3 freeze to 2925
[2022-12-15 14:22:40] [SEVERE ] setting player 2 freeze to 2920
[2022-12-15 14:22:40] [SEVERE ] setting player 1 freeze to 2922
[2022-12-15 14:22:40] [SEVERE ] setting player 3 freeze to 2905
[2022-12-15 14:22:40] [SEVERE ] setting player 2 freeze to 2904
[2022-12-15 14:22:40] [SEVERE ] setting player 1 freeze to 2906
[2022-12-15 14:22:40] [SEVERE ] setting player 3 freeze to 2893
[2022-12-15 14:22:40] [SEVERE ] setting player 2 freeze to 2892
[2022-12-15 14:22:40] [SEVERE ] setting player 1 freeze to 2890
[2022-12-15 14:22:40] [SEVERE ] setting player 3 freeze to 2873
[2022-12-15 14:22:40] [SEVERE ] setting player 2 freeze to 2872
[2022-12-15 14:22:40] [SEVERE ] setting player 1 freeze to 2874
[2022-12-15 14:22:40] [SEVERE ] setting player 2 freeze to 2860
[2022-12-15 14:22:40] [SEVERE ] setting player 3 freeze to 2861
[2022-12-15 14:22:40] [SEVERE ] setting player 1 freeze to 2858
[2022-12-15 14:22:40] [SEVERE ] setting player 1 freeze to 2843
[2022-12-15 14:22:40] [SEVERE ] setting player 3 freeze to 2842
[2022-12-15 14:22:40] [SEVERE ] setting player 2 freeze to 2841
[2022-12-15 14:22:40] [SEVERE ] setting player 1 freeze to 2832
[2022-12-15 14:22:40] [SEVERE ] setting player 3 freeze to 2826
[2022-12-15 14:22:40] [SEVERE ] setting player 2 freeze to 2825
[2022-12-15 14:22:40] [SEVERE ] setting player 1 freeze to 2811
[2022-12-15 14:22:40] [SEVERE ] setting player 2 freeze to 2809
[2022-12-15 14:22:40] [SEVERE ] setting player 3 freeze to 2810
[2022-12-15 14:22:40] [SEVERE ] setting player 1 freeze to 2800
[2022-12-15 14:22:40] [SEVERE ] setting player 2 freeze to 2793
[2022-12-15 14:22:40] [SEVERE ] setting player 3 freeze to 2794
[2022-12-15 14:22:40] [SEVERE ] setting player 1 freeze to 2779
[2022-12-15 14:22:40] [SEVERE ] setting player 3 freeze to 2778
[2022-12-15 14:22:40] [SEVERE ] setting player 2 freeze to 2777
[2022-12-15 14:22:41] [SEVERE ] setting player 1 freeze to 2768
[2022-12-15 14:22:41] [SEVERE ] setting player 2 freeze to 2761
[2022-12-15 14:22:41] [SEVERE ] setting player 3 freeze to 2762
[2022-12-15 14:22:41] [SEVERE ] setting player 3 freeze to 2746
[2022-12-15 14:22:41] [SEVERE ] setting player 1 freeze to 2747
[2022-12-15 14:22:41] [SEVERE ] setting player 2 freeze to 2745
[2022-12-15 14:22:41] [SEVERE ] setting player 3 freeze to 2735
[2022-12-15 14:22:41] [SEVERE ] setting player 2 freeze to 2729
[2022-12-15 14:22:41] [SEVERE ] setting player 1 freeze to 2731
[2022-12-15 14:22:41] [SEVERE ] setting player 3 freeze to 2714
[2022-12-15 14:22:41] [SEVERE ] setting player 1 freeze to 2715
[2022-12-15 14:22:41] [SEVERE ] setting player 2 freeze to 2713
[2022-12-15 14:22:41] [SEVERE ] setting player 3 freeze to 2702
[2022-12-15 14:22:41] [SEVERE ] setting player 1 freeze to 2699
[2022-12-15 14:22:41] [SEVERE ] setting player 2 freeze to 2697
[2022-12-15 14:22:41] [SEVERE ] setting player 1 freeze to 2683
[2022-12-15 14:22:41] [SEVERE ] setting player 2 freeze to 2681
[2022-12-15 14:22:41] [SEVERE ] setting player 3 freeze to 2682
[2022-12-15 14:22:41] [SEVERE ] setting player 1 freeze to 2672
[2022-12-15 14:22:41] [SEVERE ] setting player 3 freeze to 2666
[2022-12-15 14:22:41] [SEVERE ] setting player 2 freeze to 2665
[2022-12-15 14:22:41] [SEVERE ] setting player 1 freeze to 2652
[2022-12-15 14:22:41] [SEVERE ] setting player 3 freeze to 2651
[2022-12-15 14:22:41] [SEVERE ] setting player 2 freeze to 2650
[2022-12-15 14:22:41] [SEVERE ] setting player 1 freeze to 2640
[2022-12-15 14:22:41] [SEVERE ] setting player 3 freeze to 2635
[2022-12-15 14:22:41] [SEVERE ] setting player 2 freeze to 2634
[2022-12-15 14:22:41] [SEVERE ] setting player 2 freeze to 2618
[2022-12-15 14:22:41] [SEVERE ] setting player 1 freeze to 2620
[2022-12-15 14:22:41] [SEVERE ] setting player 3 freeze to 2619
[2022-12-15 14:22:41] [SEVERE ] setting player 2 freeze to 2607
[2022-12-15 14:22:41] [SEVERE ] setting player 1 freeze to 2604
[2022-12-15 14:22:41] [SEVERE ] setting player 3 freeze to 2603
[2022-12-15 14:22:41] [SEVERE ] setting player 3 freeze to 2587
[2022-12-15 14:22:41] [SEVERE ] setting player 2 freeze to 2586
[2022-12-15 14:22:41] [SEVERE ] setting player 1 freeze to 2588
[2022-12-15 14:22:41] [SEVERE ] setting player 3 freeze to 2576
[2022-12-15 14:22:41] [SEVERE ] setting player 1 freeze to 2572
[2022-12-15 14:22:41] [SEVERE ] setting player 2 freeze to 2570
[2022-12-15 14:22:41] [SEVERE ] setting player 1 freeze to 2557
[2022-12-15 14:22:41] [SEVERE ] setting player 2 freeze to 2555
[2022-12-15 14:22:41] [SEVERE ] setting player 3 freeze to 2556
[2022-12-15 14:22:41] [SEVERE ] setting player 1 freeze to 2546
[2022-12-15 14:22:41] [SEVERE ] setting player 2 freeze to 2539
[2022-12-15 14:22:41] [SEVERE ] setting player 3 freeze to 2540
[2022-12-15 14:22:41] [SEVERE ] setting player 3 freeze to 2524
[2022-12-15 14:22:41] [SEVERE ] setting player 1 freeze to 2525
[2022-12-15 14:22:41] [SEVERE ] setting player 2 freeze to 2523
[2022-12-15 14:22:41] [SEVERE ] setting player 3 freeze to 2513
[2022-12-15 14:22:41] [SEVERE ] setting player 1 freeze to 2513
[2022-12-15 14:22:41] [SEVERE ] setting player 2 freeze to 2507
[2022-12-15 14:22:41] [SEVERE ] setting player 3 freeze to 2492
[2022-12-15 14:22:41] [SEVERE ] setting player 2 freeze to 2491
[2022-12-15 14:22:41] [SEVERE ] setting player 1 freeze to 2493
[2022-12-15 14:22:41] [SEVERE ] setting player 3 freeze to 2481
[2022-12-15 14:22:41] [SEVERE ] setting player 2 freeze to 2479
[2022-12-15 14:22:41] [SEVERE ] setting player 1 freeze to 2477
[2022-12-15 14:22:41] [SEVERE ] setting player 1 freeze to 2461
[2022-12-15 14:22:41] [SEVERE ] setting player 3 freeze to 2460
[2022-12-15 14:22:41] [SEVERE ] setting player 2 freeze to 2459
[2022-12-15 14:22:41] [SEVERE ] setting player 1 freeze to 2450
[2022-12-15 14:22:41] [SEVERE ] setting player 3 freeze to 2444
[2022-12-15 14:22:41] [SEVERE ] setting player 2 freeze to 2443
[2022-12-15 14:22:41] [SEVERE ] setting player 3 freeze to 2428
[2022-12-15 14:22:41] [SEVERE ] setting player 1 freeze to 2429
[2022-12-15 14:22:41] [SEVERE ] setting player 2 freeze to 2427
[2022-12-15 14:22:41] [SEVERE ] setting player 3 freeze to 2417
[2022-12-15 14:22:41] [SEVERE ] setting player 2 freeze to 2411
[2022-12-15 14:22:41] [SEVERE ] setting player 1 freeze to 2413
[2022-12-15 14:22:41] [SEVERE ] setting player 3 freeze to 2396
[2022-12-15 14:22:41] [SEVERE ] setting player 1 freeze to 2397
[2022-12-15 14:22:41] [SEVERE ] setting player 2 freeze to 2395
[2022-12-15 14:22:41] [SEVERE ] setting player 3 freeze to 2384
[2022-12-15 14:22:41] [SEVERE ] setting player 2 freeze to 2379
[2022-12-15 14:22:41] [SEVERE ] setting player 1 freeze to 2381
[2022-12-15 14:22:41] [SEVERE ] setting player 3 freeze to 2364
[2022-12-15 14:22:41] [SEVERE ] setting player 1 freeze to 2365
[2022-12-15 14:22:41] [SEVERE ] setting player 2 freeze to 2363
[2022-12-15 14:22:41] [SEVERE ] setting player 3 freeze to 2352
[2022-12-15 14:22:41] [SEVERE ] setting player 1 freeze to 2349
[2022-12-15 14:22:41] [SEVERE ] setting player 2 freeze to 2347
[2022-12-15 14:22:41] [SEVERE ] setting player 2 freeze to 2331
[2022-12-15 14:22:41] [SEVERE ] setting player 3 freeze to 2332
[2022-12-15 14:22:41] [SEVERE ] setting player 1 freeze to 2333
[2022-12-15 14:22:41] [SEVERE ] setting player 2 freeze to 2320
[2022-12-15 14:22:41] [SEVERE ] setting player 1 freeze to 2317
[2022-12-15 14:22:41] [SEVERE ] setting player 3 freeze to 2316
[2022-12-15 14:22:41] [SEVERE ] setting player 3 freeze to 2300
[2022-12-15 14:22:41] [SEVERE ] setting player 2 freeze to 2299
[2022-12-15 14:22:41] [SEVERE ] setting player 1 freeze to 2301
[2022-12-15 14:22:41] [SEVERE ] setting player 3 freeze to 2289
[2022-12-15 14:22:41] [SEVERE ] setting player 2 freeze to 2283
[2022-12-15 14:22:41] [SEVERE ] setting player 1 freeze to 2285
[2022-12-15 14:22:41] [SEVERE ] setting player 3 freeze to 2268
[2022-12-15 14:22:41] [SEVERE ] setting player 2 freeze to 2267
[2022-12-15 14:22:41] [SEVERE ] setting player 1 freeze to 2269
[2022-12-15 14:22:41] [SEVERE ] setting player 3 freeze to 2258
[2022-12-15 14:22:41] [SEVERE ] setting player 2 freeze to 2252
[2022-12-15 14:22:41] [SEVERE ] setting player 1 freeze to 2254
[2022-12-15 14:22:41] [SEVERE ] setting player 1 freeze to 2238
[2022-12-15 14:22:41] [SEVERE ] setting player 3 freeze to 2237
[2022-12-15 14:22:41] [SEVERE ] setting player 2 freeze to 2236
[2022-12-15 14:22:41] [SEVERE ] setting player 1 freeze to 2227
[2022-12-15 14:22:41] [SEVERE ] setting player 2 freeze to 2220
[2022-12-15 14:22:41] [SEVERE ] setting player 3 freeze to 2221
[2022-12-15 14:22:41] [SEVERE ] setting player 1 freeze to 2206
[2022-12-15 14:22:41] [SEVERE ] setting player 3 freeze to 2205
[2022-12-15 14:22:41] [SEVERE ] setting player 2 freeze to 2204
[2022-12-15 14:22:41] [SEVERE ] setting player 1 freeze to 2195
[2022-12-15 14:22:41] [SEVERE ] setting player 3 freeze to 2189
[2022-12-15 14:22:41] [SEVERE ] setting player 2 freeze to 2188
[2022-12-15 14:22:41] [SEVERE ] setting player 3 freeze to 2173
[2022-12-15 14:22:41] [SEVERE ] setting player 1 freeze to 2174
[2022-12-15 14:22:41] [SEVERE ] setting player 2 freeze to 2172
[2022-12-15 14:22:41] [SEVERE ] setting player 3 freeze to 2162
[2022-12-15 14:22:41] [SEVERE ] setting player 2 freeze to 2156
[2022-12-15 14:22:41] [SEVERE ] setting player 1 freeze to 2158
[2022-12-15 14:22:41] [SEVERE ] setting player 1 freeze to 2142
[2022-12-15 14:22:41] [SEVERE ] setting player 3 freeze to 2141
[2022-12-15 14:22:41] [SEVERE ] setting player 2 freeze to 2140
[2022-12-15 14:22:41] [SEVERE ] setting player 1 freeze to 2131
[2022-12-15 14:22:41] [SEVERE ] setting player 3 freeze to 2125
[2022-12-15 14:22:41] [SEVERE ] setting player 2 freeze to 2124
[2022-12-15 14:22:41] [SEVERE ] setting player 3 freeze to 2109
[2022-12-15 14:22:41] [SEVERE ] setting player 1 freeze to 2110
[2022-12-15 14:22:41] [SEVERE ] setting player 2 freeze to 2108
[2022-12-15 14:22:41] [SEVERE ] setting player 3 freeze to 2098
[2022-12-15 14:22:41] [SEVERE ] setting player 2 freeze to 2092
[2022-12-15 14:22:41] [SEVERE ] setting player 1 freeze to 2094
[2022-12-15 14:22:41] [SEVERE ] setting player 1 freeze to 2078
[2022-12-15 14:22:41] [SEVERE ] setting player 2 freeze to 2076
[2022-12-15 14:22:41] [SEVERE ] setting player 3 freeze to 2077
[2022-12-15 14:22:41] [SEVERE ] setting player 1 freeze to 2067
[2022-12-15 14:22:41] [SEVERE ] setting player 3 freeze to 2061
[2022-12-15 14:22:41] [SEVERE ] setting player 2 freeze to 2060
[2022-12-15 14:22:41] [SEVERE ] setting player 2 freeze to 2045
[2022-12-15 14:22:41] [SEVERE ] setting player 1 freeze to 2047
[2022-12-15 14:22:41] [SEVERE ] setting player 3 freeze to 2046
[2022-12-15 14:22:41] [SEVERE ] setting player 2 freeze to 2034
[2022-12-15 14:22:41] [SEVERE ] setting player 1 freeze to 2031
[2022-12-15 14:22:41] [SEVERE ] setting player 3 freeze to 2030
[2022-12-15 14:22:41] [SEVERE ] setting player 3 freeze to 2014
[2022-12-15 14:22:41] [SEVERE ] setting player 2 freeze to 2013
[2022-12-15 14:22:41] [SEVERE ] setting player 1 freeze to 2015
[2022-12-15 14:22:41] [SEVERE ] setting player 3 freeze to 2003
[2022-12-15 14:22:41] [SEVERE ] setting player 1 freeze to 1999
[2022-12-15 14:22:41] [SEVERE ] setting player 2 freeze to 1997
[2022-12-15 14:22:41] [SEVERE ] setting player 3 freeze to 1983
[2022-12-15 14:22:41] [SEVERE ] setting player 2 freeze to 1982
[2022-12-15 14:22:41] [SEVERE ] setting player 1 freeze to 1984
[2022-12-15 14:22:41] [SEVERE ] setting player 2 freeze to 1971
[2022-12-15 14:22:41] [SEVERE ] setting player 3 freeze to 1972
[2022-12-15 14:22:41] [SEVERE ] setting player 1 freeze to 1968
[2022-12-15 14:22:41] [SEVERE ] setting player 2 freeze to 1950
[2022-12-15 14:22:41] [SEVERE ] setting player 3 freeze to 1951
[2022-12-15 14:22:41] [SEVERE ] setting player 1 freeze to 1952
[2022-12-15 14:22:41] [SEVERE ] setting player 2 freeze to 1939
[2022-12-15 14:22:41] [SEVERE ] setting player 3 freeze to 1935
[2022-12-15 14:22:41] [SEVERE ] setting player 1 freeze to 1936
[2022-12-15 14:22:41] [SEVERE ] setting player 3 freeze to 1919
[2022-12-15 14:22:41] [SEVERE ] setting player 2 freeze to 1918
[2022-12-15 14:22:41] [SEVERE ] setting player 1 freeze to 1920
[2022-12-15 14:22:41] [SEVERE ] setting player 3 freeze to 1908
[2022-12-15 14:22:41] [SEVERE ] setting player 1 freeze to 1905
[2022-12-15 14:22:41] [SEVERE ] setting player 2 freeze to 1903
[2022-12-15 14:22:41] [SEVERE ] setting player 1 freeze to 1889
[2022-12-15 14:22:41] [SEVERE ] setting player 3 freeze to 1888
[2022-12-15 14:22:41] [SEVERE ] setting player 2 freeze to 1887
[2022-12-15 14:22:41] [SEVERE ] setting player 1 freeze to 1878
[2022-12-15 14:22:41] [SEVERE ] setting player 2 freeze to 1871
[2022-12-15 14:22:41] [SEVERE ] setting player 3 freeze to 1872
[2022-12-15 14:22:41] [SEVERE ] setting player 2 freeze to 1855
[2022-12-15 14:22:41] [SEVERE ] setting player 1 freeze to 1857
[2022-12-15 14:22:41] [SEVERE ] setting player 3 freeze to 1856
[2022-12-15 14:22:41] [SEVERE ] setting player 2 freeze to 1844
[2022-12-15 14:22:41] [SEVERE ] setting player 3 freeze to 1840
[2022-12-15 14:22:41] [SEVERE ] setting player 1 freeze to 1841
[2022-12-15 14:22:41] [SEVERE ] setting player 1 freeze to 1825
[2022-12-15 14:22:41] [SEVERE ] setting player 2 freeze to 1823
[2022-12-15 14:22:41] [SEVERE ] setting player 3 freeze to 1824
[2022-12-15 14:22:41] [SEVERE ] setting player 1 freeze to 1814
[2022-12-15 14:22:41] [SEVERE ] setting player 2 freeze to 1807
[2022-12-15 14:22:41] [SEVERE ] setting player 3 freeze to 1808
[2022-12-15 14:22:41] [SEVERE ] setting player 1 freeze to 1793
[2022-12-15 14:22:41] [SEVERE ] setting player 2 freeze to 1791
[2022-12-15 14:22:41] [SEVERE ] setting player 3 freeze to 1792
[2022-12-15 14:22:41] [SEVERE ] setting player 1 freeze to 1782
[2022-12-15 14:22:41] [SEVERE ] setting player 3 freeze to 1776
[2022-12-15 14:22:41] [SEVERE ] setting player 2 freeze to 1775
[2022-12-15 14:22:42] [SEVERE ] setting player 2 freeze to 1759
[2022-12-15 14:22:42] [SEVERE ] setting player 3 freeze to 1760
[2022-12-15 14:22:42] [SEVERE ] setting player 1 freeze to 1761
[2022-12-15 14:22:42] [SEVERE ] setting player 2 freeze to 1748
[2022-12-15 14:22:42] [SEVERE ] setting player 1 freeze to 1745
[2022-12-15 14:22:42] [SEVERE ] setting player 3 freeze to 1744
[2022-12-15 14:22:42] [SEVERE ] setting player 1 freeze to 1729
[2022-12-15 14:22:42] [SEVERE ] setting player 2 freeze to 1727
[2022-12-15 14:22:42] [SEVERE ] setting player 3 freeze to 1728
[2022-12-15 14:22:42] [SEVERE ] setting player 1 freeze to 1718
[2022-12-15 14:22:42] [SEVERE ] setting player 3 freeze to 1713
[2022-12-15 14:22:42] [SEVERE ] setting player 2 freeze to 1712
[2022-12-15 14:22:42] [SEVERE ] setting player 3 freeze to 1702
[2022-12-15 14:22:42] [SEVERE ] setting player 1 freeze to 1698
[2022-12-15 14:22:42] [SEVERE ] setting player 2 freeze to 1696
[2022-12-15 14:22:42] [SEVERE ] setting player 1 freeze to 1687
[2022-12-15 14:22:42] [SEVERE ] setting player 3 freeze to 1681
[2022-12-15 14:22:42] [SEVERE ] setting player 2 freeze to 1680
[2022-12-15 14:22:42] [SEVERE ] setting player 1 freeze to 1666
[2022-12-15 14:22:42] [SEVERE ] setting player 3 freeze to 1665
[2022-12-15 14:22:42] [SEVERE ] setting player 2 freeze to 1664
[2022-12-15 14:22:42] [SEVERE ] setting player 1 freeze to 1655
[2022-12-15 14:22:42] [SEVERE ] setting player 3 freeze to 1650
[2022-12-15 14:22:42] [SEVERE ] setting player 2 freeze to 1649
[2022-12-15 14:22:42] [SEVERE ] setting player 3 freeze to 1634
[2022-12-15 14:22:42] [SEVERE ] setting player 1 freeze to 1635
[2022-12-15 14:22:42] [SEVERE ] setting player 2 freeze to 1633
[2022-12-15 14:22:42] [SEVERE ] setting player 3 freeze to 1623
[2022-12-15 14:22:42] [SEVERE ] setting player 2 freeze to 1617
[2022-12-15 14:22:42] [SEVERE ] setting player 1 freeze to 1619
[2022-12-15 14:22:42] [SEVERE ] setting player 1 freeze to 1603
[2022-12-15 14:22:42] [SEVERE ] setting player 3 freeze to 1602
[2022-12-15 14:22:42] [SEVERE ] setting player 2 freeze to 1601
[2022-12-15 14:22:42] [SEVERE ] setting player 1 freeze to 1592
[2022-12-15 14:22:42] [SEVERE ] setting player 3 freeze to 1586
[2022-12-15 14:22:42] [SEVERE ] setting player 2 freeze to 1585
[2022-12-15 14:22:42] [SEVERE ] setting player 3 freeze to 1570
[2022-12-15 14:22:42] [SEVERE ] setting player 1 freeze to 1571
[2022-12-15 14:22:42] [SEVERE ] setting player 2 freeze to 1569
[2022-12-15 14:22:42] [SEVERE ] setting player 3 freeze to 1558
[2022-12-15 14:22:42] [SEVERE ] setting player 2 freeze to 1553
[2022-12-15 14:22:42] [SEVERE ] setting player 1 freeze to 1555
[2022-12-15 14:22:42] [SEVERE ] setting player 1 freeze to 1539
[2022-12-15 14:22:42] [SEVERE ] setting player 2 freeze to 1537
[2022-12-15 14:22:42] [SEVERE ] setting player 3 freeze to 1538
[2022-12-15 14:22:42] [SEVERE ] setting player 1 freeze to 1529
[2022-12-15 14:22:42] [SEVERE ] setting player 3 freeze to 1524
[2022-12-15 14:22:42] [SEVERE ] setting player 2 freeze to 1523
[2022-12-15 14:22:42] [SEVERE ] setting player 2 freeze to 1507
[2022-12-15 14:22:42] [SEVERE ] setting player 1 freeze to 1509
[2022-12-15 14:22:42] [SEVERE ] setting player 3 freeze to 1508
[2022-12-15 14:22:42] [SEVERE ] setting player 2 freeze to 1496
[2022-12-15 14:22:42] [SEVERE ] setting player 1 freeze to 1493
[2022-12-15 14:22:42] [SEVERE ] setting player 3 freeze to 1492
[2022-12-15 14:22:42] [SEVERE ] setting player 1 freeze to 1477
[2022-12-15 14:22:42] [SEVERE ] setting player 2 freeze to 1475
[2022-12-15 14:22:42] [SEVERE ] setting player 3 freeze to 1476
[2022-12-15 14:22:42] [SEVERE ] setting player 1 freeze to 1466
[2022-12-15 14:22:42] [SEVERE ] setting player 2 freeze to 1459
[2022-12-15 14:22:42] [SEVERE ] setting player 3 freeze to 1460
[2022-12-15 14:22:42] [SEVERE ] setting player 1 freeze to 1445
[2022-12-15 14:22:42] [SEVERE ] setting player 2 freeze to 1443
[2022-12-15 14:22:42] [SEVERE ] setting player 3 freeze to 1444
[2022-12-15 14:22:42] [SEVERE ] setting player 1 freeze to 1434
[2022-12-15 14:22:42] [SEVERE ] setting player 2 freeze to 1427
[2022-12-15 14:22:42] [SEVERE ] setting player 3 freeze to 1428
[2022-12-15 14:22:42] [SEVERE ] setting player 2 freeze to 1416
[2022-12-15 14:22:42] [SEVERE ] setting player 3 freeze to 1412
[2022-12-15 14:22:42] [SEVERE ] setting player 1 freeze to 1413
[2022-12-15 14:22:42] [SEVERE ] setting player 2 freeze to 1395
[2022-12-15 14:22:42] [SEVERE ] setting player 3 freeze to 1396
[2022-12-15 14:22:42] [SEVERE ] setting player 1 freeze to 1397
[2022-12-15 14:22:42] [SEVERE ] setting player 2 freeze to 1384
[2022-12-15 14:22:42] [SEVERE ] setting player 1 freeze to 1381
[2022-12-15 14:22:42] [SEVERE ] setting player 3 freeze to 1380
[2022-12-15 14:22:42] [SEVERE ] setting player 3 freeze to 1364
[2022-12-15 14:22:42] [SEVERE ] setting player 2 freeze to 1363
[2022-12-15 14:22:42] [SEVERE ] setting player 1 freeze to 1365
[2022-12-15 14:22:42] [SEVERE ] setting player 3 freeze to 1353
[2022-12-15 14:22:42] [SEVERE ] setting player 1 freeze to 1349
[2022-12-15 14:22:42] [SEVERE ] setting player 2 freeze to 1347
[2022-12-15 14:22:42] [SEVERE ] setting player 2 freeze to 1331
[2022-12-15 14:22:42] [SEVERE ] setting player 1 freeze to 1333
[2022-12-15 14:22:42] [SEVERE ] setting player 3 freeze to 1332
[2022-12-15 14:22:42] [SEVERE ] setting player 2 freeze to 1320
[2022-12-15 14:22:42] [SEVERE ] setting player 3 freeze to 1316
[2022-12-15 14:22:42] [SEVERE ] setting player 1 freeze to 1317
[2022-12-15 14:22:42] [SEVERE ] setting player 3 freeze to 1300
[2022-12-15 14:22:42] [SEVERE ] setting player 2 freeze to 1299
[2022-12-15 14:22:42] [SEVERE ] setting player 1 freeze to 1301
[2022-12-15 14:22:42] [SEVERE ] setting player 3 freeze to 1289
[2022-12-15 14:22:42] [SEVERE ] setting player 1 freeze to 1285
[2022-12-15 14:22:42] [SEVERE ] setting player 2 freeze to 1283
[2022-12-15 14:22:42] [SEVERE ] setting player 3 freeze to 1269
[2022-12-15 14:22:42] [SEVERE ] setting player 1 freeze to 1270
[2022-12-15 14:22:42] [SEVERE ] setting player 2 freeze to 1268
[2022-12-15 14:22:42] [SEVERE ] setting player 3 freeze to 1257
[2022-12-15 14:22:42] [SEVERE ] setting player 1 freeze to 1254
[2022-12-15 14:22:42] [SEVERE ] setting player 2 freeze to 1252
[2022-12-15 14:22:42] [SEVERE ] setting player 3 freeze to 1237
[2022-12-15 14:22:42] [SEVERE ] setting player 2 freeze to 1236
[2022-12-15 14:22:42] [SEVERE ] setting player 1 freeze to 1238
[2022-12-15 14:22:42] [SEVERE ] setting player 3 freeze to 1225
[2022-12-15 14:22:42] [SEVERE ] setting player 1 freeze to 1222
[2022-12-15 14:22:42] [SEVERE ] setting player 2 freeze to 1220
[2022-12-15 14:22:42] [SEVERE ] setting player 3 freeze to 1205
[2022-12-15 14:22:42] [SEVERE ] setting player 1 freeze to 1206
[2022-12-15 14:22:42] [SEVERE ] setting player 2 freeze to 1204
[2022-12-15 14:22:42] [SEVERE ] setting player 3 freeze to 1194
[2022-12-15 14:22:42] [SEVERE ] setting player 2 freeze to 1188
[2022-12-15 14:22:42] [SEVERE ] setting player 1 freeze to 1190
[2022-12-15 14:22:42] [SEVERE ] setting player 2 freeze to 1172
[2022-12-15 14:22:42] [SEVERE ] setting player 3 freeze to 1173
[2022-12-15 14:22:42] [SEVERE ] setting player 1 freeze to 1174
[2022-12-15 14:22:42] [SEVERE ] setting player 2 freeze to 1161
[2022-12-15 14:22:42] [SEVERE ] setting player 1 freeze to 1158
[2022-12-15 14:22:42] [SEVERE ] setting player 3 freeze to 1157
[2022-12-15 14:22:42] [SEVERE ] setting player 3 freeze to 1142
[2022-12-15 14:22:42] [SEVERE ] setting player 2 freeze to 1141
[2022-12-15 14:22:42] [SEVERE ] setting player 1 freeze to 1143
[2022-12-15 14:22:42] [SEVERE ] setting player 3 freeze to 1131
[2022-12-15 14:22:42] [SEVERE ] setting player 2 freeze to 1125
[2022-12-15 14:22:42] [SEVERE ] setting player 1 freeze to 1127
[2022-12-15 14:22:42] [SEVERE ] setting player 1 freeze to 1111
[2022-12-15 14:22:42] [SEVERE ] setting player 3 freeze to 1110
[2022-12-15 14:22:42] [SEVERE ] setting player 2 freeze to 1109
[2022-12-15 14:22:42] [SEVERE ] setting player 1 freeze to 1100
[2022-12-15 14:22:42] [SEVERE ] setting player 2 freeze to 1093
[2022-12-15 14:22:42] [SEVERE ] setting player 3 freeze to 1094
[2022-12-15 14:22:42] [SEVERE ] setting player 3 freeze to 1078
[2022-12-15 14:22:42] [SEVERE ] setting player 2 freeze to 1077
[2022-12-15 14:22:42] [SEVERE ] setting player 1 freeze to 1079
[2022-12-15 14:22:42] [SEVERE ] setting player 3 freeze to 1066
[2022-12-15 14:22:42] [SEVERE ] setting player 1 freeze to 1063
[2022-12-15 14:22:42] [SEVERE ] setting player 2 freeze to 1061
[2022-12-15 14:22:42] [SEVERE ] setting player 2 freeze to 1045
[2022-12-15 14:22:42] [SEVERE ] setting player 1 freeze to 1047
[2022-12-15 14:22:42] [SEVERE ] setting player 3 freeze to 1046
[2022-12-15 14:22:42] [SEVERE ] setting player 2 freeze to 1034
[2022-12-15 14:22:42] [SEVERE ] setting player 3 freeze to 1030
[2022-12-15 14:22:42] [SEVERE ] setting player 1 freeze to 1031
[2022-12-15 14:22:42] [SEVERE ] setting player 2 freeze to 1013
[2022-12-15 14:22:42] [SEVERE ] setting player 1 freeze to 1015
[2022-12-15 14:22:42] [SEVERE ] setting player 3 freeze to 1014
[2022-12-15 14:22:42] [SEVERE ] setting player 2 freeze to 1002
[2022-12-15 14:22:42] [SEVERE ] setting player 3 freeze to 998
[2022-12-15 14:22:42] [SEVERE ] setting player 1 freeze to 999
[2022-12-15 14:22:42] [SEVERE ] setting player 2 freeze to 981
[2022-12-15 14:22:42] [SEVERE ] setting player 1 freeze to 983
[2022-12-15 14:22:42] [SEVERE ] setting player 3 freeze to 982
[2022-12-15 14:22:42] [SEVERE ] setting player 1 freeze to 967
[2022-12-15 14:22:42] [SEVERE ] setting player 3 freeze to 966
[2022-12-15 14:22:42] [SEVERE ] setting player 2 freeze to 965
[2022-12-15 14:22:42] [SEVERE ] setting player 1 freeze to 956
[2022-12-15 14:22:42] [SEVERE ] setting player 2 freeze to 949
[2022-12-15 14:22:42] [SEVERE ] setting player 3 freeze to 950
[2022-12-15 14:22:42] [SEVERE ] setting player 1 freeze to 935
[2022-12-15 14:22:42] [SEVERE ] setting player 2 freeze to 933
[2022-12-15 14:22:42] [SEVERE ] setting player 3 freeze to 934
[2022-12-15 14:22:42] [SEVERE ] setting player 1 freeze to 924
[2022-12-15 14:22:42] [SEVERE ] setting player 2 freeze to 917
[2022-12-15 14:22:42] [SEVERE ] setting player 3 freeze to 918
[2022-12-15 14:22:42] [SEVERE ] setting player 2 freeze to 901
[2022-12-15 14:22:42] [SEVERE ] setting player 1 freeze to 903
[2022-12-15 14:22:42] [SEVERE ] setting player 3 freeze to 902
[2022-12-15 14:22:42] [SEVERE ] setting player 2 freeze to 890
[2022-12-15 14:22:42] [SEVERE ] setting player 1 freeze to 887
[2022-12-15 14:22:42] [SEVERE ] setting player 3 freeze to 886
[2022-12-15 14:22:42] [SEVERE ] setting player 2 freeze to 869
[2022-12-15 14:22:42] [SEVERE ] setting player 1 freeze to 871
[2022-12-15 14:22:42] [SEVERE ] setting player 3 freeze to 870
[2022-12-15 14:22:42] [SEVERE ] setting player 2 freeze to 858
[2022-12-15 14:22:42] [SEVERE ] setting player 3 freeze to 854
[2022-12-15 14:22:42] [SEVERE ] setting player 1 freeze to 855
[2022-12-15 14:22:42] [SEVERE ] setting player 3 freeze to 832
[2022-12-15 14:22:42] [SEVERE ] setting player 1 freeze to 833
[2022-12-15 14:22:42] [SEVERE ] setting player 2 freeze to 831
[2022-12-15 14:22:42] [SEVERE ] setting player 1 freeze to 822
[2022-12-15 14:22:42] [SEVERE ] setting player 3 freeze to 821
[2022-12-15 14:22:42] [SEVERE ] setting player 3 freeze to 807
[2022-12-15 14:22:42] [SEVERE ] setting player 1 freeze to 808
[2022-12-15 14:22:42] [SEVERE ] setting player 2 freeze to 806
[2022-12-15 14:22:42] [SEVERE ] setting player 3 freeze to 796
[2022-12-15 14:22:42] [SEVERE ] setting player 2 freeze to 790
[2022-12-15 14:22:42] [SEVERE ] setting player 1 freeze to 792
[2022-12-15 14:22:42] [SEVERE ] setting player 2 freeze to 780
[2022-12-15 14:22:42] [SEVERE ] setting player 3 freeze to 776
[2022-12-15 14:22:42] [SEVERE ] setting player 1 freeze to 777
[2022-12-15 14:22:43] [SEVERE ] setting player 1 freeze to 761
[2022-12-15 14:22:43] [SEVERE ] setting player 2 freeze to 759
[2022-12-15 14:22:43] [SEVERE ] setting player 3 freeze to 760
[2022-12-15 14:22:43] [SEVERE ] setting player 1 freeze to 750
[2022-12-15 14:22:43] [SEVERE ] setting player 3 freeze to 744
[2022-12-15 14:22:43] [SEVERE ] setting player 2 freeze to 743
[2022-12-15 14:22:43] [SEVERE ] setting player 3 freeze to 728
[2022-12-15 14:22:43] [SEVERE ] setting player 2 freeze to 727
[2022-12-15 14:22:43] [SEVERE ] setting player 1 freeze to 729
[2022-12-15 14:22:43] [SEVERE ] setting player 3 freeze to 716
[2022-12-15 14:22:43] [SEVERE ] setting player 1 freeze to 713
[2022-12-15 14:22:43] [SEVERE ] setting player 2 freeze to 711
[2022-12-15 14:22:43] [SEVERE ] setting player 1 freeze to 698
[2022-12-15 14:22:43] [SEVERE ] setting player 3 freeze to 697
[2022-12-15 14:22:43] [SEVERE ] setting player 2 freeze to 696
[2022-12-15 14:22:43] [SEVERE ] setting player 1 freeze to 687
[2022-12-15 14:22:43] [SEVERE ] setting player 3 freeze to 681
[2022-12-15 14:22:43] [SEVERE ] setting player 2 freeze to 680
[2022-12-15 14:22:43] [SEVERE ] setting player 1 freeze to 666
[2022-12-15 14:22:43] [SEVERE ] setting player 2 freeze to 664
[2022-12-15 14:22:43] [SEVERE ] setting player 3 freeze to 665
[2022-12-15 14:22:43] [SEVERE ] setting player 1 freeze to 655
[2022-12-15 14:22:43] [SEVERE ] setting player 3 freeze to 649
[2022-12-15 14:22:43] [SEVERE ] setting player 2 freeze to 648
[2022-12-15 14:22:43] [SEVERE ] setting player 2 freeze to 632
[2022-12-15 14:22:43] [SEVERE ] setting player 1 freeze to 634
[2022-12-15 14:22:43] [SEVERE ] setting player 3 freeze to 633
[2022-12-15 14:22:43] [SEVERE ] setting player 2 freeze to 620
[2022-12-15 14:22:43] [SEVERE ] setting player 1 freeze to 618
[2022-12-15 14:22:43] [SEVERE ] setting player 3 freeze to 617
[2022-12-15 14:22:43] [SEVERE ] setting player 2 freeze to 600
[2022-12-15 14:22:43] [SEVERE ] setting player 3 freeze to 601
[2022-12-15 14:22:43] [SEVERE ] setting player 1 freeze to 602
[2022-12-15 14:22:43] [SEVERE ] setting player 2 freeze to 589
[2022-12-15 14:22:43] [SEVERE ] setting player 3 freeze to 585
[2022-12-15 14:22:43] [SEVERE ] setting player 1 freeze to 586
[2022-12-15 14:22:43] [SEVERE ] setting player 3 freeze to 569
[2022-12-15 14:22:43] [SEVERE ] setting player 2 freeze to 568
[2022-12-15 14:22:43] [SEVERE ] setting player 1 freeze to 570
[2022-12-15 14:22:43] [SEVERE ] setting player 3 freeze to 558
[2022-12-15 14:22:43] [SEVERE ] setting player 1 freeze to 554
[2022-12-15 14:22:43] [SEVERE ] setting player 2 freeze to 552
[2022-12-15 14:22:43] [SEVERE ] setting player 1 freeze to 543
[2022-12-15 14:22:43] [SEVERE ] setting player 3 freeze to 537
[2022-12-15 14:22:43] [SEVERE ] setting player 2 freeze to 536
[2022-12-15 14:22:43] [SEVERE ] setting player 2 freeze to 520
[2022-12-15 14:22:43] [SEVERE ] setting player 3 freeze to 521
[2022-12-15 14:22:43] [SEVERE ] setting player 1 freeze to 522
[2022-12-15 14:22:43] [SEVERE ] setting player 2 freeze to 509
[2022-12-15 14:22:43] [SEVERE ] setting player 1 freeze to 506
[2022-12-15 14:22:43] [SEVERE ] setting player 3 freeze to 505
[2022-12-15 14:22:43] [SEVERE ] setting player 3 freeze to 489
[2022-12-15 14:22:43] [SEVERE ] setting player 2 freeze to 488
[2022-12-15 14:22:43] [SEVERE ] setting player 1 freeze to 490
[2022-12-15 14:22:43] [SEVERE ] setting player 3 freeze to 478
[2022-12-15 14:22:43] [SEVERE ] setting player 1 freeze to 474
[2022-12-15 14:22:43] [SEVERE ] setting player 2 freeze to 472
[2022-12-15 14:22:43] [SEVERE ] setting player 2 freeze to 456
[2022-12-15 14:22:43] [SEVERE ] setting player 1 freeze to 458
[2022-12-15 14:22:43] [SEVERE ] setting player 3 freeze to 457
[2022-12-15 14:22:43] [SEVERE ] setting player 2 freeze to 445
[2022-12-15 14:22:43] [SEVERE ] setting player 3 freeze to 441
[2022-12-15 14:22:43] [SEVERE ] setting player 1 freeze to 442
[2022-12-15 14:22:43] [SEVERE ] setting player 2 freeze to 424
[2022-12-15 14:22:43] [SEVERE ] setting player 1 freeze to 426
[2022-12-15 14:22:43] [SEVERE ] setting player 3 freeze to 425
[2022-12-15 14:22:43] [SEVERE ] setting player 2 freeze to 413
[2022-12-15 14:22:43] [SEVERE ] setting player 3 freeze to 409
[2022-12-15 14:22:43] [SEVERE ] setting player 1 freeze to 410
[2022-12-15 14:22:43] [SEVERE ] setting player 3 freeze to 394
[2022-12-15 14:22:43] [SEVERE ] setting player 2 freeze to 393
[2022-12-15 14:22:43] [SEVERE ] setting player 1 freeze to 395
[2022-12-15 14:22:43] [SEVERE ] setting player 3 freeze to 383
[2022-12-15 14:22:43] [SEVERE ] setting player 2 freeze to 377
[2022-12-15 14:22:43] [SEVERE ] setting player 1 freeze to 379
[2022-12-15 14:22:43] [SEVERE ] setting player 2 freeze to 361
[2022-12-15 14:22:43] [SEVERE ] setting player 3 freeze to 362
[2022-12-15 14:22:43] [SEVERE ] setting player 1 freeze to 363
[2022-12-15 14:22:43] [SEVERE ] setting player 2 freeze to 350
[2022-12-15 14:22:43] [SEVERE ] setting player 3 freeze to 346
[2022-12-15 14:22:43] [SEVERE ] setting player 1 freeze to 347
[2022-12-15 14:22:43] [SEVERE ] setting player 1 freeze to 331
[2022-12-15 14:22:43] [SEVERE ] setting player 2 freeze to 329
[2022-12-15 14:22:43] [SEVERE ] setting player 3 freeze to 330
[2022-12-15 14:22:43] [SEVERE ] setting player 1 freeze to 320
[2022-12-15 14:22:43] [SEVERE ] setting player 3 freeze to 314
[2022-12-15 14:22:43] [SEVERE ] setting player 2 freeze to 313
[2022-12-15 14:22:43] [SEVERE ] setting player 3 freeze to 298
[2022-12-15 14:22:43] [SEVERE ] setting player 1 freeze to 299
[2022-12-15 14:22:43] [SEVERE ] setting player 2 freeze to 297
[2022-12-15 14:22:43] [SEVERE ] setting player 3 freeze to 286
[2022-12-15 14:22:43] [SEVERE ] setting player 1 freeze to 283
[2022-12-15 14:22:43] [SEVERE ] setting player 2 freeze to 281
[2022-12-15 14:22:43] [SEVERE ] setting player 3 freeze to 266
[2022-12-15 14:22:43] [SEVERE ] setting player 1 freeze to 267
[2022-12-15 14:22:43] [SEVERE ] setting player 2 freeze to 265
[2022-12-15 14:22:43] [SEVERE ] setting player 3 freeze to 255
[2022-12-15 14:22:43] [SEVERE ] setting player 1 freeze to 251
[2022-12-15 14:22:43] [SEVERE ] setting player 2 freeze to 249
[2022-12-15 14:22:43] [SEVERE ] setting player 2 freeze to 233
[2022-12-15 14:22:43] [SEVERE ] setting player 1 freeze to 235
[2022-12-15 14:22:43] [SEVERE ] setting player 3 freeze to 234
[2022-12-15 14:22:43] [SEVERE ] setting player 2 freeze to 222
[2022-12-15 14:22:43] [SEVERE ] setting player 1 freeze to 219
[2022-12-15 14:22:43] [SEVERE ] setting player 3 freeze to 218
[2022-12-15 14:22:43] [SEVERE ] setting player 3 freeze to 202
[2022-12-15 14:22:43] [SEVERE ] setting player 2 freeze to 201
[2022-12-15 14:22:43] [SEVERE ] setting player 1 freeze to 203
[2022-12-15 14:22:43] [SEVERE ] setting player 3 freeze to 190
[2022-12-15 14:22:43] [SEVERE ] setting player 2 freeze to 185
[2022-12-15 14:22:43] [SEVERE ] setting player 1 freeze to 187
[2022-12-15 14:22:43] [SEVERE ] setting player 1 freeze to 171
[2022-12-15 14:22:43] [SEVERE ] setting player 3 freeze to 170
[2022-12-15 14:22:43] [SEVERE ] setting player 2 freeze to 169
[2022-12-15 14:22:43] [SEVERE ] setting player 1 freeze to 160
[2022-12-15 14:22:43] [SEVERE ] setting player 2 freeze to 153
[2022-12-15 14:22:43] [SEVERE ] setting player 3 freeze to 154
[2022-12-15 14:22:43] [SEVERE ] setting player 2 freeze to 137
[2022-12-15 14:22:43] [SEVERE ] setting player 3 freeze to 138
[2022-12-15 14:22:43] [SEVERE ] setting player 1 freeze to 139
[2022-12-15 14:22:43] [SEVERE ] setting player 2 freeze to 126
[2022-12-15 14:22:43] [SEVERE ] setting player 1 freeze to 123
[2022-12-15 14:22:43] [SEVERE ] setting player 3 freeze to 122
[2022-12-15 14:22:43] [SEVERE ] setting player 2 freeze to 105
[2022-12-15 14:22:43] [SEVERE ] setting player 3 freeze to 106
[2022-12-15 14:22:43] [SEVERE ] setting player 1 freeze to 107
[2022-12-15 14:22:43] [SEVERE ] setting player 2 freeze to 93
[2022-12-15 14:22:43] [SEVERE ] setting player 3 freeze to 90
[2022-12-15 14:22:43] [SEVERE ] setting player 1 freeze to 91
[2022-12-15 14:22:43] [SEVERE ] setting player 3 freeze to 75
[2022-12-15 14:22:43] [SEVERE ] setting player 1 freeze to 76
[2022-12-15 14:22:43] [SEVERE ] setting player 2 freeze to 74
[2022-12-15 14:22:43] [SEVERE ] setting player 1 freeze to 60
[2022-12-15 14:22:43] [SEVERE ] setting player 3 freeze to 59
[2022-12-15 14:22:43] [SEVERE ] setting player 2 freeze to 58
[2022-12-15 14:22:43] [SEVERE ] setting player 1 freeze to 49
[2022-12-15 14:22:43] [SEVERE ] setting player 2 freeze to 42
[2022-12-15 14:22:43] [SEVERE ] setting player 3 freeze to 43
[2022-12-15 14:22:43] [SEVERE ] setting player 2 freeze to 27
[2022-12-15 14:22:43] [SEVERE ] setting player 1 freeze to 29
[2022-12-15 14:22:43] [SEVERE ] setting player 3 freeze to 28
[2022-12-15 14:22:43] [SEVERE ] setting player 2 freeze to 16
[2022-12-15 14:22:43] [SEVERE ] setting player 3 freeze to 12
[2022-12-15 14:22:43] [SEVERE ] setting player 1 freeze to 13
[2022-12-15 14:22:43] [SEVERE ] setting player 3 freeze to 0
[2022-12-15 14:22:43] [SEVERE ] setting player 1 freeze to 0
[2022-12-15 14:22:43] [SEVERE ] player 3 placing token on slot 3
[2022-12-15 14:22:43] [SEVERE ] setting player 2 freeze to 0
[2022-12-15 14:22:43] [SEVERE ] player 1 placing token on slot 1
[2022-12-15 14:22:43] [SEVERE ] player 2 placing token on slot 5
[2022-12-15 14:22:44] [SEVERE ] player 1 placing token on slot 6
[2022-12-15 14:22:44] [SEVERE ] removing player 2 token from slot 5
[2022-12-15 14:22:44] [SEVERE ] removing player 3 token from slot 3
[2022-12-15 14:22:45] [SEVERE ] player 1 placing token on slot 5
[2022-12-15 14:22:45] [SEVERE ] player 2 placing token on slot 1
[2022-12-15 14:22:45] [SEVERE ] removing player 1 token from slot 1
[2022-12-15 14:22:45] [SEVERE ] removing player 1 token from slot 6
[2022-12-15 14:22:45] [SEVERE ] removing player 1 token from slot 5
[2022-12-15 14:22:45] [SEVERE ] setting player 1 freeze to 3000
[2022-12-15 14:22:45] [SEVERE ] player 3 placing token on slot 8
[2022-12-15 14:22:45] [SEVERE ] setting player 1 freeze to 2984
[2022-12-15 14:22:45] [SEVERE ] setting player 1 freeze to 2968
[2022-12-15 14:22:45] [SEVERE ] setting player 1 freeze to 2952
[2022-12-15 14:22:45] [SEVERE ] setting player 1 freeze to 2937
[2022-12-15 14:22:45] [SEVERE ] setting player 1 freeze to 2921
[2022-12-15 14:22:45] [SEVERE ] setting player 1 freeze to 2905
[2022-12-15 14:22:45] [SEVERE ] setting player 1 freeze to 2889
[2022-12-15 14:22:45] [SEVERE ] setting player 1 freeze to 2873
[2022-12-15 14:22:45] [SEVERE ] setting player 1 freeze to 2857
[2022-12-15 14:22:45] [SEVERE ] setting player 1 freeze to 2841
[2022-12-15 14:22:45] [SEVERE ] setting player 1 freeze to 2825
[2022-12-15 14:22:45] [SEVERE ] setting player 1 freeze to 2809
[2022-12-15 14:22:45] [SEVERE ] setting player 1 freeze to 2794
[2022-12-15 14:22:45] [SEVERE ] setting player 1 freeze to 2778
[2022-12-15 14:22:46] [SEVERE ] setting player 1 freeze to 2762
[2022-12-15 14:22:46] [SEVERE ] setting player 1 freeze to 2731
[2022-12-15 14:22:46] [SEVERE ] setting player 1 freeze to 2712
[2022-12-15 14:22:46] [SEVERE ] setting player 1 freeze to 2698
[2022-12-15 14:22:46] [SEVERE ] setting player 1 freeze to 2682
[2022-12-15 14:22:46] [SEVERE ] setting player 1 freeze to 2667
[2022-12-15 14:22:46] [SEVERE ] setting player 1 freeze to 2651
[2022-12-15 14:22:46] [SEVERE ] setting player 1 freeze to 2636
[2022-12-15 14:22:46] [SEVERE ] setting player 1 freeze to 2621
[2022-12-15 14:22:46] [SEVERE ] setting player 1 freeze to 2605
[2022-12-15 14:22:46] [SEVERE ] setting player 1 freeze to 2589
[2022-12-15 14:22:46] [SEVERE ] setting player 1 freeze to 2573
[2022-12-15 14:22:46] [SEVERE ] setting player 1 freeze to 2557
[2022-12-15 14:22:46] [SEVERE ] setting player 1 freeze to 2541
[2022-12-15 14:22:46] [SEVERE ] setting player 1 freeze to 2525
[2022-12-15 14:22:46] [SEVERE ] setting player 1 freeze to 2508
[2022-12-15 14:22:46] [SEVERE ] setting player 1 freeze to 2493
[2022-12-15 14:22:46] [SEVERE ] setting player 1 freeze to 2478
[2022-12-15 14:22:46] [SEVERE ] setting player 1 freeze to 2462
[2022-12-15 14:22:46] [SEVERE ] setting player 1 freeze to 2445
[2022-12-15 14:22:46] [SEVERE ] setting player 1 freeze to 2430
[2022-12-15 14:22:46] [SEVERE ] setting player 1 freeze to 2416
[2022-12-15 14:22:46] [SEVERE ] setting player 1 freeze to 2400
[2022-12-15 14:22:46] [SEVERE ] setting player 1 freeze to 2384
[2022-12-15 14:22:46] [SEVERE ] setting player 1 freeze to 2368
[2022-12-15 14:22:46] [SEVERE ] setting player 1 freeze to 2352
[2022-12-15 14:22:46] [SEVERE ] setting player 1 freeze to 2337
[2022-12-15 14:22:46] [SEVERE ] setting player 1 freeze to 2322
[2022-12-15 14:22:46] [SEVERE ] setting player 1 freeze to 2286
[2022-12-15 14:22:46] [SEVERE ] setting player 1 freeze to 2274
[2022-12-15 14:22:46] [SEVERE ] setting player 1 freeze to 2258
[2022-12-15 14:22:46] [SEVERE ] setting player 1 freeze to 2242
[2022-12-15 14:22:46] [SEVERE ] setting player 1 freeze to 2226
[2022-12-15 14:22:46] [SEVERE ] setting player 1 freeze to 2210
[2022-12-15 14:22:46] [SEVERE ] setting player 1 freeze to 2194
[2022-12-15 14:22:46] [SEVERE ] setting player 1 freeze to 2178
[2022-12-15 14:22:46] [SEVERE ] setting player 1 freeze to 2162
[2022-12-15 14:22:46] [SEVERE ] setting player 1 freeze to 2146
[2022-12-15 14:22:46] [SEVERE ] setting player 1 freeze to 2130
[2022-12-15 14:22:46] [SEVERE ] setting player 1 freeze to 2114
[2022-12-15 14:22:46] [SEVERE ] setting player 1 freeze to 2098
[2022-12-15 14:22:46] [SEVERE ] setting player 1 freeze to 2082
[2022-12-15 14:22:46] [SEVERE ] setting player 1 freeze to 2066
[2022-12-15 14:22:46] [SEVERE ] setting player 1 freeze to 2051
[2022-12-15 14:22:46] [SEVERE ] setting player 1 freeze to 2037
[2022-12-15 14:22:46] [SEVERE ] setting player 1 freeze to 2021
[2022-12-15 14:22:46] [SEVERE ] setting player 1 freeze to 2005
[2022-12-15 14:22:46] [SEVERE ] setting player 1 freeze to 1990
[2022-12-15 14:22:46] [SEVERE ] player 3 placing token on slot 5
[2022-12-15 14:22:46] [SEVERE ] player 2 placing token on slot 4
[2022-12-15 14:22:46] [SEVERE ] setting player 1 freeze to 1974
[2022-12-15 14:22:46] [SEVERE ] setting player 1 freeze to 1958
[2022-12-15 14:22:46] [SEVERE ] setting player 1 freeze to 1943
[2022-12-15 14:22:46] [SEVERE ] setting player 1 freeze to 1927
[2022-12-15 14:22:46] [SEVERE ] setting player 1 freeze to 1911
[2022-12-15 14:22:46] [SEVERE ] setting player 1 freeze to 1895
[2022-12-15 14:22:46] [SEVERE ] setting player 1 freeze to 1879
[2022-12-15 14:22:46] [SEVERE ] setting player 1 freeze to 1863
[2022-12-15 14:22:46] [SEVERE ] setting player 1 freeze to 1847
[2022-12-15 14:22:46] [SEVERE ] setting player 1 freeze to 1824
[2022-12-15 14:22:46] [SEVERE ] setting player 1 freeze to 1799
[2022-12-15 14:22:46] [SEVERE ] setting player 1 freeze to 1783
[2022-12-15 14:22:47] [SEVERE ] setting player 1 freeze to 1768
[2022-12-15 14:22:47] [SEVERE ] setting player 1 freeze to 1752
[2022-12-15 14:22:47] [SEVERE ] setting player 1 freeze to 1736
[2022-12-15 14:22:47] [SEVERE ] setting player 1 freeze to 1720
[2022-12-15 14:22:47] [SEVERE ] setting player 1 freeze to 1704
[2022-12-15 14:22:47] [SEVERE ] setting player 1 freeze to 1688
[2022-12-15 14:22:47] [SEVERE ] setting player 1 freeze to 1673
[2022-12-15 14:22:47] [SEVERE ] setting player 1 freeze to 1657
[2022-12-15 14:22:47] [SEVERE ] setting player 1 freeze to 1641
[2022-12-15 14:22:47] [SEVERE ] setting player 1 freeze to 1625
[2022-12-15 14:22:47] [SEVERE ] setting player 1 freeze to 1609
[2022-12-15 14:22:47] [SEVERE ] setting player 1 freeze to 1593
[2022-12-15 14:22:47] [SEVERE ] setting player 1 freeze to 1577
[2022-12-15 14:22:47] [SEVERE ] setting player 1 freeze to 1562
[2022-12-15 14:22:47] [SEVERE ] setting player 1 freeze to 1546
[2022-12-15 14:22:47] [SEVERE ] setting player 1 freeze to 1530
[2022-12-15 14:22:47] [SEVERE ] setting player 1 freeze to 1514
[2022-12-15 14:22:47] [SEVERE ] setting player 1 freeze to 1498
[2022-12-15 14:22:47] [SEVERE ] setting player 1 freeze to 1482
[2022-12-15 14:22:47] [SEVERE ] setting player 1 freeze to 1466
[2022-12-15 14:22:47] [SEVERE ] setting player 1 freeze to 1449
[2022-12-15 14:22:47] [SEVERE ] setting player 1 freeze to 1434
[2022-12-15 14:22:47] [SEVERE ] Exit button pressed
[2022-12-15 14:22:47] [SEVERE ] setting player 1 freeze to 1418
[2022-12-15 14:22:47] [SEVERE ] announcing winners: [0, 1, 2, 3]
[2022-12-15 14:22:47] [INFO   ] Thread dealer terminated.
[2022-12-15 14:22:47] [INFO   ] Thread main terminated.
