[2022-12-12 17:32:58] [INFO   ] cannot read configuration file config.properties trying from resources.
[2022-12-12 17:32:58] [INFO   ] configuration file was loaded from resources directory.
[2022-12-12 17:32:59] [INFO   ] Thread dealer starting.
[2022-12-12 17:32:59] [INFO   ] Thread Player 0starting.
[2022-12-12 17:32:59] [INFO   ] Thread Player 1starting.
[2022-12-12 17:32:59] [SEVERE ] placing card 52 in slot 0
[2022-12-12 17:32:59] [SEVERE ] placing card 37 in slot 1
[2022-12-12 17:32:59] [SEVERE ] placing card 12 in slot 2
[2022-12-12 17:32:59] [SEVERE ] placing card 69 in slot 3
[2022-12-12 17:32:59] [SEVERE ] placing card 65 in slot 4
[2022-12-12 17:32:59] [SEVERE ] placing card 38 in slot 5
[2022-12-12 17:33:00] [SEVERE ] placing card 66 in slot 6
[2022-12-12 17:33:00] [SEVERE ] placing card 20 in slot 7
[2022-12-12 17:33:00] [SEVERE ] placing card 67 in slot 8
[2022-12-12 17:33:00] [SEVERE ] placing card 74 in slot 9
[2022-12-12 17:33:00] [SEVERE ] placing card 71 in slot 10
[2022-12-12 17:33:00] [SEVERE ] placing card 56 in slot 11
[2022-12-12 17:33:01] [SEVERE ] Key 81 was pressed by player 0
[2022-12-12 17:33:01] [SEVERE ] player 0 placing token on slot 0
[2022-12-12 17:33:01] [SEVERE ] Key 87 was pressed by player 0
[2022-12-12 17:33:01] [SEVERE ] player 0 placing token on slot 1
[2022-12-12 17:33:02] [SEVERE ] Key 69 was pressed by player 0
[2022-12-12 17:33:02] [SEVERE ] player 0 placing token on slot 2
[2022-12-12 17:33:02] [SEVERE ] setting player 0 freeze to 1000
[2022-12-12 17:33:03] [SEVERE ] removing player 0 token from slot 0
[2022-12-12 17:33:03] [SEVERE ] removing player 0 token from slot 1
[2022-12-12 17:33:03] [SEVERE ] removing player 0 token from slot 2
[2022-12-12 17:33:06] [SEVERE ] Key 81 was pressed by player 0
[2022-12-12 17:33:06] [SEVERE ] player 0 placing token on slot 0
[2022-12-12 17:33:06] [SEVERE ] Key 87 was pressed by player 0
[2022-12-12 17:33:06] [SEVERE ] player 0 placing token on slot 1
[2022-12-12 17:33:06] [SEVERE ] Key 69 was pressed by player 0
[2022-12-12 17:33:06] [SEVERE ] player 0 placing token on slot 2
[2022-12-12 17:33:06] [SEVERE ] setting player 0 freeze to 1000
[2022-12-12 17:33:07] [SEVERE ] removing player 0 token from slot 0
[2022-12-12 17:33:07] [SEVERE ] removing player 0 token from slot 1
[2022-12-12 17:33:07] [SEVERE ] removing player 0 token from slot 2
[2022-12-12 17:33:11] [SEVERE ] Key 69 was pressed by player 0
[2022-12-12 17:33:11] [SEVERE ] player 0 placing token on slot 2
[2022-12-12 17:33:11] [SEVERE ] Key 87 was pressed by player 0
[2022-12-12 17:33:11] [SEVERE ] player 0 placing token on slot 1
[2022-12-12 17:33:11] [SEVERE ] Key 81 was pressed by player 0
[2022-12-12 17:33:11] [SEVERE ] player 0 placing token on slot 0
[2022-12-12 17:33:11] [SEVERE ] setting player 0 freeze to 1000
[2022-12-12 17:33:12] [SEVERE ] removing player 0 token from slot 2
[2022-12-12 17:33:12] [SEVERE ] removing player 0 token from slot 1
[2022-12-12 17:33:12] [SEVERE ] removing player 0 token from slot 0
[2022-12-12 17:33:15] [SEVERE ] removing card from slot 0
[2022-12-12 17:33:15] [SEVERE ] removing card from slot 1
[2022-12-12 17:33:15] [SEVERE ] removing card from slot 2
[2022-12-12 17:33:16] [SEVERE ] removing card from slot 3
[2022-12-12 17:33:16] [SEVERE ] removing card from slot 4
[2022-12-12 17:33:16] [SEVERE ] removing card from slot 5
[2022-12-12 17:33:16] [SEVERE ] removing card from slot 6
[2022-12-12 17:33:16] [SEVERE ] removing card from slot 7
[2022-12-12 17:33:16] [SEVERE ] removing card from slot 8
[2022-12-12 17:33:16] [SEVERE ] removing card from slot 9
[2022-12-12 17:33:16] [SEVERE ] removing card from slot 10
[2022-12-12 17:33:16] [SEVERE ] removing card from slot 11
[2022-12-12 17:33:16] [SEVERE ] placing card 36 in slot 0
[2022-12-12 17:33:17] [SEVERE ] placing card 66 in slot 1
[2022-12-12 17:33:17] [SEVERE ] placing card 7 in slot 2
[2022-12-12 17:33:17] [SEVERE ] placing card 65 in slot 3
[2022-12-12 17:33:17] [SEVERE ] placing card 11 in slot 4
[2022-12-12 17:33:17] [SEVERE ] placing card 55 in slot 5
[2022-12-12 17:33:17] [SEVERE ] placing card 47 in slot 6
[2022-12-12 17:33:17] [SEVERE ] placing card 25 in slot 7
[2022-12-12 17:33:17] [SEVERE ] placing card 80 in slot 8
[2022-12-12 17:33:17] [SEVERE ] placing card 33 in slot 9
[2022-12-12 17:33:17] [SEVERE ] placing card 0 in slot 10
[2022-12-12 17:33:18] [SEVERE ] placing card 70 in slot 11
[2022-12-12 17:33:33] [SEVERE ] removing card from slot 0
[2022-12-12 17:33:33] [SEVERE ] removing card from slot 1
[2022-12-12 17:33:33] [SEVERE ] removing card from slot 2
[2022-12-12 17:33:33] [SEVERE ] removing card from slot 3
[2022-12-12 17:33:33] [SEVERE ] removing card from slot 4
[2022-12-12 17:33:33] [SEVERE ] removing card from slot 5
[2022-12-12 17:33:33] [SEVERE ] removing card from slot 6
[2022-12-12 17:33:33] [SEVERE ] removing card from slot 7
[2022-12-12 17:33:33] [SEVERE ] removing card from slot 8
[2022-12-12 17:33:34] [SEVERE ] removing card from slot 9
[2022-12-12 17:33:34] [SEVERE ] removing card from slot 10
[2022-12-12 17:33:34] [SEVERE ] removing card from slot 11
[2022-12-12 17:33:34] [SEVERE ] placing card 29 in slot 0
[2022-12-12 17:33:34] [SEVERE ] placing card 41 in slot 1
[2022-12-12 17:33:34] [SEVERE ] placing card 6 in slot 2
[2022-12-12 17:33:34] [SEVERE ] placing card 52 in slot 3
[2022-12-12 17:33:34] [SEVERE ] placing card 42 in slot 4
[2022-12-12 17:33:34] [SEVERE ] placing card 53 in slot 5
[2022-12-12 17:33:35] [SEVERE ] placing card 0 in slot 6
[2022-12-12 17:33:35] [SEVERE ] placing card 63 in slot 7
[2022-12-12 17:33:35] [SEVERE ] placing card 77 in slot 8
[2022-12-12 17:33:35] [SEVERE ] placing card 28 in slot 9
[2022-12-12 17:33:35] [SEVERE ] placing card 45 in slot 10
[2022-12-12 17:33:35] [SEVERE ] placing card 21 in slot 11
[2022-12-12 17:33:50] [SEVERE ] removing card from slot 0
[2022-12-12 17:33:50] [SEVERE ] removing card from slot 1
[2022-12-12 17:33:50] [SEVERE ] removing card from slot 2
[2022-12-12 17:33:51] [SEVERE ] removing card from slot 3
[2022-12-12 17:33:51] [SEVERE ] removing card from slot 4
[2022-12-12 17:33:51] [SEVERE ] removing card from slot 5
[2022-12-12 17:33:51] [SEVERE ] removing card from slot 6
[2022-12-12 17:33:51] [SEVERE ] removing card from slot 7
[2022-12-12 17:33:51] [SEVERE ] removing card from slot 8
[2022-12-12 17:33:51] [SEVERE ] removing card from slot 9
[2022-12-12 17:33:51] [SEVERE ] removing card from slot 10
[2022-12-12 17:33:51] [SEVERE ] removing card from slot 11
[2022-12-12 17:33:51] [SEVERE ] placing card 39 in slot 0
[2022-12-12 17:33:52] [SEVERE ] placing card 27 in slot 1
[2022-12-12 17:33:52] [SEVERE ] placing card 48 in slot 2
[2022-12-12 17:33:52] [SEVERE ] placing card 60 in slot 3
[2022-12-12 17:33:52] [SEVERE ] placing card 41 in slot 4
[2022-12-12 17:33:52] [SEVERE ] placing card 40 in slot 5
[2022-12-12 17:33:52] [SEVERE ] placing card 6 in slot 6
[2022-12-12 17:33:52] [SEVERE ] placing card 2 in slot 7
[2022-12-12 17:33:52] [SEVERE ] placing card 79 in slot 8
[2022-12-12 17:33:52] [SEVERE ] placing card 61 in slot 9
[2022-12-12 17:33:52] [SEVERE ] placing card 54 in slot 10
[2022-12-12 17:33:53] [SEVERE ] placing card 65 in slot 11
