[2022-12-15 14:27:14] [INFO   ] cannot read configuration file config.properties trying from resources.
[2022-12-15 14:27:14] [INFO   ] configuration file was loaded from resources directory.
[2022-12-15 14:27:15] [INFO   ] Thread dealer starting.
[2022-12-15 14:27:15] [INFO   ] Thread Player 0starting.
[2022-12-15 14:27:15] [INFO   ] Thread Player 1starting.
[2022-12-15 14:27:15] [INFO   ] Thread Player 2starting.
[2022-12-15 14:27:15] [INFO   ] Thread Player 3starting.
[2022-12-15 14:27:15] [INFO   ] Thread computer-2 starting.
[2022-12-15 14:27:15] [INFO   ] Thread computer-1 starting.
[2022-12-15 14:27:15] [INFO   ] Thread computer-3 starting.
[2022-12-15 14:27:15] [SEVERE ] placing card 29 in slot 0
[2022-12-15 14:27:16] [SEVERE ] placing card 19 in slot 1
[2022-12-15 14:27:16] [SEVERE ] placing card 3 in slot 2
[2022-12-15 14:27:16] [SEVERE ] placing card 56 in slot 3
[2022-12-15 14:27:16] [SEVERE ] placing card 41 in slot 4
[2022-12-15 14:27:16] [SEVERE ] placing card 16 in slot 5
[2022-12-15 14:27:16] [SEVERE ] placing card 51 in slot 6
[2022-12-15 14:27:16] [SEVERE ] placing card 24 in slot 7
[2022-12-15 14:27:16] [SEVERE ] placing card 52 in slot 8
[2022-12-15 14:27:16] [SEVERE ] placing card 65 in slot 9
[2022-12-15 14:27:17] [SEVERE ] placing card 18 in slot 10
[2022-12-15 14:27:17] [SEVERE ] placing card 74 in slot 11
[2022-12-15 14:27:17] [SEVERE ] player 1 placing token on slot 8
[2022-12-15 14:27:17] [SEVERE ] player 2 placing token on slot 3
[2022-12-15 14:27:17] [SEVERE ] player 3 placing token on slot 7
[2022-12-15 14:27:18] [SEVERE ] player 3 placing token on slot 3
[2022-12-15 14:27:18] [SEVERE ] player 2 placing token on slot 9
[2022-12-15 14:27:18] [SEVERE ] player 1 placing token on slot 3
[2022-12-15 14:27:19] [SEVERE ] player 1 placing token on slot 2
[2022-12-15 14:27:19] [SEVERE ] player 3 placing token on slot 4
[2022-12-15 14:27:19] [SEVERE ] removing player 1 token from slot 8
[2022-12-15 14:27:19] [SEVERE ] removing player 3 token from slot 7
[2022-12-15 14:27:19] [SEVERE ] removing player 1 token from slot 3
[2022-12-15 14:27:19] [SEVERE ] removing player 3 token from slot 3
[2022-12-15 14:27:19] [SEVERE ] removing player 1 token from slot 2
[2022-12-15 14:27:19] [SEVERE ] player 2 placing token on slot 7
[2022-12-15 14:27:19] [SEVERE ] removing player 3 token from slot 4
[2022-12-15 14:27:19] [SEVERE ] removing player 2 token from slot 3
[2022-12-15 14:27:19] [SEVERE ] setting player 1 freeze to 3000
[2022-12-15 14:27:19] [SEVERE ] removing player 2 token from slot 9
[2022-12-15 14:27:19] [SEVERE ] setting player 3 freeze to 3000
[2022-12-15 14:27:19] [SEVERE ] removing player 2 token from slot 7
[2022-12-15 14:27:19] [SEVERE ] setting player 2 freeze to 3000
[2022-12-15 14:27:19] [SEVERE ] setting player 3 freeze to 2987
[2022-12-15 14:27:19] [SEVERE ] setting player 2 freeze to 2987
[2022-12-15 14:27:19] [SEVERE ] setting player 1 freeze to 2986
[2022-12-15 14:27:19] [SEVERE ] setting player 2 freeze to 2976
[2022-12-15 14:27:19] [SEVERE ] setting player 3 freeze to 2976
[2022-12-15 14:27:19] [SEVERE ] setting player 1 freeze to 2971
[2022-12-15 14:27:19] [SEVERE ] setting player 2 freeze to 2956
[2022-12-15 14:27:19] [SEVERE ] setting player 1 freeze to 2955
[2022-12-15 14:27:19] [SEVERE ] setting player 3 freeze to 2956
[2022-12-15 14:27:19] [SEVERE ] setting player 2 freeze to 2945
[2022-12-15 14:27:19] [SEVERE ] setting player 3 freeze to 2940
[2022-12-15 14:27:19] [SEVERE ] setting player 1 freeze to 2939
[2022-12-15 14:27:19] [SEVERE ] setting player 1 freeze to 2924
[2022-12-15 14:27:19] [SEVERE ] setting player 2 freeze to 2925
[2022-12-15 14:27:19] [SEVERE ] setting player 3 freeze to 2925
[2022-12-15 14:27:19] [SEVERE ] setting player 1 freeze to 2913
[2022-12-15 14:27:19] [SEVERE ] setting player 2 freeze to 2910
[2022-12-15 14:27:19] [SEVERE ] setting player 3 freeze to 2910
[2022-12-15 14:27:19] [SEVERE ] setting player 3 freeze to 2894
[2022-12-15 14:27:19] [SEVERE ] setting player 1 freeze to 2893
[2022-12-15 14:27:19] [SEVERE ] setting player 2 freeze to 2894
[2022-12-15 14:27:19] [SEVERE ] setting player 3 freeze to 2883
[2022-12-15 14:27:19] [SEVERE ] setting player 2 freeze to 2878
[2022-12-15 14:27:19] [SEVERE ] setting player 1 freeze to 2877
[2022-12-15 14:27:19] [SEVERE ] setting player 2 freeze to 2862
[2022-12-15 14:27:19] [SEVERE ] setting player 1 freeze to 2861
[2022-12-15 14:27:19] [SEVERE ] setting player 3 freeze to 2862
[2022-12-15 14:27:19] [SEVERE ] setting player 2 freeze to 2851
[2022-12-15 14:27:19] [SEVERE ] setting player 1 freeze to 2845
[2022-12-15 14:27:19] [SEVERE ] setting player 3 freeze to 2846
[2022-12-15 14:27:19] [SEVERE ] setting player 3 freeze to 2830
[2022-12-15 14:27:19] [SEVERE ] setting player 2 freeze to 2830
[2022-12-15 14:27:19] [SEVERE ] setting player 1 freeze to 2829
[2022-12-15 14:27:19] [SEVERE ] setting player 3 freeze to 2819
[2022-12-15 14:27:19] [SEVERE ] setting player 1 freeze to 2813
[2022-12-15 14:27:19] [SEVERE ] setting player 2 freeze to 2814
[2022-12-15 14:27:19] [SEVERE ] setting player 1 freeze to 2798
[2022-12-15 14:27:19] [SEVERE ] setting player 3 freeze to 2799
[2022-12-15 14:27:19] [SEVERE ] setting player 2 freeze to 2799
[2022-12-15 14:27:19] [SEVERE ] setting player 1 freeze to 2788
[2022-12-15 14:27:19] [SEVERE ] setting player 2 freeze to 2785
[2022-12-15 14:27:19] [SEVERE ] setting player 3 freeze to 2785
[2022-12-15 14:27:19] [SEVERE ] setting player 3 freeze to 2770
[2022-12-15 14:27:19] [SEVERE ] setting player 2 freeze to 2770
[2022-12-15 14:27:19] [SEVERE ] setting player 1 freeze to 2769
[2022-12-15 14:27:19] [SEVERE ] setting player 3 freeze to 2759
[2022-12-15 14:27:19] [SEVERE ] setting player 1 freeze to 2754
[2022-12-15 14:27:19] [SEVERE ] setting player 2 freeze to 2755
[2022-12-15 14:27:19] [SEVERE ] setting player 3 freeze to 2739
[2022-12-15 14:27:19] [SEVERE ] setting player 2 freeze to 2739
[2022-12-15 14:27:19] [SEVERE ] setting player 1 freeze to 2738
[2022-12-15 14:27:19] [SEVERE ] setting player 3 freeze to 2728
[2022-12-15 14:27:19] [SEVERE ] setting player 1 freeze to 2722
[2022-12-15 14:27:19] [SEVERE ] setting player 2 freeze to 2723
[2022-12-15 14:27:19] [SEVERE ] setting player 3 freeze to 2708
[2022-12-15 14:27:19] [SEVERE ] setting player 1 freeze to 2707
[2022-12-15 14:27:19] [SEVERE ] setting player 2 freeze to 2708
[2022-12-15 14:27:19] [SEVERE ] setting player 3 freeze to 2697
[2022-12-15 14:27:19] [SEVERE ] setting player 1 freeze to 2691
[2022-12-15 14:27:19] [SEVERE ] setting player 2 freeze to 2692
[2022-12-15 14:27:19] [SEVERE ] setting player 3 freeze to 2676
[2022-12-15 14:27:19] [SEVERE ] setting player 2 freeze to 2676
[2022-12-15 14:27:19] [SEVERE ] setting player 1 freeze to 2675
[2022-12-15 14:27:19] [SEVERE ] setting player 3 freeze to 2665
[2022-12-15 14:27:19] [SEVERE ] setting player 1 freeze to 2660
[2022-12-15 14:27:19] [SEVERE ] setting player 2 freeze to 2661
[2022-12-15 14:27:19] [SEVERE ] setting player 1 freeze to 2644
[2022-12-15 14:27:19] [SEVERE ] setting player 3 freeze to 2645
[2022-12-15 14:27:19] [SEVERE ] setting player 2 freeze to 2645
[2022-12-15 14:27:19] [SEVERE ] setting player 1 freeze to 2633
[2022-12-15 14:27:19] [SEVERE ] setting player 2 freeze to 2629
[2022-12-15 14:27:19] [SEVERE ] setting player 3 freeze to 2629
[2022-12-15 14:27:19] [SEVERE ] setting player 3 freeze to 2613
[2022-12-15 14:27:19] [SEVERE ] setting player 1 freeze to 2612
[2022-12-15 14:27:19] [SEVERE ] setting player 2 freeze to 2613
[2022-12-15 14:27:19] [SEVERE ] setting player 3 freeze to 2602
[2022-12-15 14:27:19] [SEVERE ] setting player 1 freeze to 2597
[2022-12-15 14:27:19] [SEVERE ] setting player 2 freeze to 2598
[2022-12-15 14:27:19] [SEVERE ] setting player 3 freeze to 2583
[2022-12-15 14:27:19] [SEVERE ] setting player 1 freeze to 2582
[2022-12-15 14:27:19] [SEVERE ] setting player 2 freeze to 2583
[2022-12-15 14:27:19] [SEVERE ] setting player 3 freeze to 2572
[2022-12-15 14:27:19] [SEVERE ] setting player 1 freeze to 2567
[2022-12-15 14:27:19] [SEVERE ] setting player 2 freeze to 2568
[2022-12-15 14:27:19] [SEVERE ] setting player 2 freeze to 2553
[2022-12-15 14:27:19] [SEVERE ] setting player 1 freeze to 2552
[2022-12-15 14:27:19] [SEVERE ] setting player 3 freeze to 2553
[2022-12-15 14:27:19] [SEVERE ] setting player 2 freeze to 2542
[2022-12-15 14:27:19] [SEVERE ] setting player 3 freeze to 2537
[2022-12-15 14:27:19] [SEVERE ] setting player 1 freeze to 2536
[2022-12-15 14:27:19] [SEVERE ] setting player 2 freeze to 2522
[2022-12-15 14:27:19] [SEVERE ] setting player 1 freeze to 2521
[2022-12-15 14:27:19] [SEVERE ] setting player 3 freeze to 2522
[2022-12-15 14:27:19] [SEVERE ] setting player 2 freeze to 2511
[2022-12-15 14:27:19] [SEVERE ] setting player 3 freeze to 2507
[2022-12-15 14:27:19] [SEVERE ] setting player 1 freeze to 2506
[2022-12-15 14:27:19] [SEVERE ] setting player 3 freeze to 2492
[2022-12-15 14:27:19] [SEVERE ] setting player 1 freeze to 2491
[2022-12-15 14:27:19] [SEVERE ] setting player 2 freeze to 2492
[2022-12-15 14:27:19] [SEVERE ] setting player 3 freeze to 2481
[2022-12-15 14:27:19] [SEVERE ] setting player 1 freeze to 2476
[2022-12-15 14:27:19] [SEVERE ] setting player 2 freeze to 2477
[2022-12-15 14:27:19] [SEVERE ] setting player 2 freeze to 2461
[2022-12-15 14:27:19] [SEVERE ] setting player 3 freeze to 2461
[2022-12-15 14:27:19] [SEVERE ] setting player 1 freeze to 2460
[2022-12-15 14:27:19] [SEVERE ] setting player 2 freeze to 2450
[2022-12-15 14:27:19] [SEVERE ] setting player 3 freeze to 2445
[2022-12-15 14:27:19] [SEVERE ] setting player 1 freeze to 2444
[2022-12-15 14:27:19] [SEVERE ] setting player 2 freeze to 2429
[2022-12-15 14:27:19] [SEVERE ] setting player 3 freeze to 2429
[2022-12-15 14:27:19] [SEVERE ] setting player 1 freeze to 2428
[2022-12-15 14:27:19] [SEVERE ] setting player 2 freeze to 2419
[2022-12-15 14:27:19] [SEVERE ] setting player 3 freeze to 2415
[2022-12-15 14:27:19] [SEVERE ] setting player 1 freeze to 2414
[2022-12-15 14:27:19] [SEVERE ] setting player 1 freeze to 2398
[2022-12-15 14:27:19] [SEVERE ] setting player 3 freeze to 2399
[2022-12-15 14:27:19] [SEVERE ] setting player 2 freeze to 2399
[2022-12-15 14:27:19] [SEVERE ] setting player 1 freeze to 2387
[2022-12-15 14:27:19] [SEVERE ] setting player 3 freeze to 2384
[2022-12-15 14:27:19] [SEVERE ] setting player 2 freeze to 2384
[2022-12-15 14:27:19] [SEVERE ] setting player 2 freeze to 2368
[2022-12-15 14:27:19] [SEVERE ] setting player 1 freeze to 2367
[2022-12-15 14:27:19] [SEVERE ] setting player 3 freeze to 2368
[2022-12-15 14:27:19] [SEVERE ] setting player 2 freeze to 2357
[2022-12-15 14:27:19] [SEVERE ] setting player 3 freeze to 2353
[2022-12-15 14:27:19] [SEVERE ] setting player 1 freeze to 2352
[2022-12-15 14:27:19] [SEVERE ] setting player 1 freeze to 2336
[2022-12-15 14:27:19] [SEVERE ] setting player 2 freeze to 2337
[2022-12-15 14:27:19] [SEVERE ] setting player 3 freeze to 2337
[2022-12-15 14:27:19] [SEVERE ] setting player 1 freeze to 2325
[2022-12-15 14:27:19] [SEVERE ] setting player 3 freeze to 2322
[2022-12-15 14:27:19] [SEVERE ] setting player 2 freeze to 2322
[2022-12-15 14:27:19] [SEVERE ] setting player 2 freeze to 2306
[2022-12-15 14:27:19] [SEVERE ] setting player 1 freeze to 2305
[2022-12-15 14:27:19] [SEVERE ] setting player 3 freeze to 2306
[2022-12-15 14:27:19] [SEVERE ] setting player 2 freeze to 2295
[2022-12-15 14:27:19] [SEVERE ] setting player 3 freeze to 2290
[2022-12-15 14:27:19] [SEVERE ] setting player 1 freeze to 2289
[2022-12-15 14:27:19] [SEVERE ] setting player 2 freeze to 2274
[2022-12-15 14:27:19] [SEVERE ] setting player 3 freeze to 2274
[2022-12-15 14:27:19] [SEVERE ] setting player 1 freeze to 2273
[2022-12-15 14:27:19] [SEVERE ] setting player 2 freeze to 2263
[2022-12-15 14:27:19] [SEVERE ] setting player 3 freeze to 2259
[2022-12-15 14:27:19] [SEVERE ] setting player 1 freeze to 2258
[2022-12-15 14:27:19] [SEVERE ] setting player 2 freeze to 2244
[2022-12-15 14:27:19] [SEVERE ] setting player 1 freeze to 2243
[2022-12-15 14:27:19] [SEVERE ] setting player 3 freeze to 2244
[2022-12-15 14:27:19] [SEVERE ] setting player 2 freeze to 2233
[2022-12-15 14:27:19] [SEVERE ] setting player 1 freeze to 2228
[2022-12-15 14:27:19] [SEVERE ] setting player 3 freeze to 2229
[2022-12-15 14:27:19] [SEVERE ] setting player 1 freeze to 2217
[2022-12-15 14:27:19] [SEVERE ] setting player 3 freeze to 2214
[2022-12-15 14:27:19] [SEVERE ] setting player 2 freeze to 2214
[2022-12-15 14:27:19] [SEVERE ] setting player 2 freeze to 2198
[2022-12-15 14:27:19] [SEVERE ] setting player 3 freeze to 2198
[2022-12-15 14:27:19] [SEVERE ] setting player 1 freeze to 2197
[2022-12-15 14:27:20] [SEVERE ] setting player 3 freeze to 2182
[2022-12-15 14:27:20] [SEVERE ] setting player 1 freeze to 2181
[2022-12-15 14:27:20] [SEVERE ] setting player 2 freeze to 2182
[2022-12-15 14:27:20] [SEVERE ] setting player 3 freeze to 2171
[2022-12-15 14:27:20] [SEVERE ] setting player 2 freeze to 2167
[2022-12-15 14:27:20] [SEVERE ] setting player 1 freeze to 2166
[2022-12-15 14:27:20] [SEVERE ] setting player 2 freeze to 2151
[2022-12-15 14:27:20] [SEVERE ] setting player 3 freeze to 2151
[2022-12-15 14:27:20] [SEVERE ] setting player 1 freeze to 2150
[2022-12-15 14:27:20] [SEVERE ] setting player 3 freeze to 2140
[2022-12-15 14:27:20] [SEVERE ] setting player 2 freeze to 2140
[2022-12-15 14:27:20] [SEVERE ] setting player 1 freeze to 2135
[2022-12-15 14:27:20] [SEVERE ] setting player 1 freeze to 2119
[2022-12-15 14:27:20] [SEVERE ] setting player 3 freeze to 2120
[2022-12-15 14:27:20] [SEVERE ] setting player 2 freeze to 2120
[2022-12-15 14:27:20] [SEVERE ] setting player 1 freeze to 2103
[2022-12-15 14:27:20] [SEVERE ] setting player 3 freeze to 2104
[2022-12-15 14:27:20] [SEVERE ] setting player 2 freeze to 2104
[2022-12-15 14:27:20] [SEVERE ] setting player 3 freeze to 2093
[2022-12-15 14:27:20] [SEVERE ] setting player 1 freeze to 2092
[2022-12-15 14:27:20] [SEVERE ] setting player 2 freeze to 2088
[2022-12-15 14:27:20] [SEVERE ] setting player 3 freeze to 2082
[2022-12-15 14:27:20] [SEVERE ] setting player 1 freeze to 2071
[2022-12-15 14:27:20] [SEVERE ] setting player 2 freeze to 2072
[2022-12-15 14:27:20] [SEVERE ] setting player 3 freeze to 2057
[2022-12-15 14:27:20] [SEVERE ] setting player 1 freeze to 2056
[2022-12-15 14:27:20] [SEVERE ] setting player 2 freeze to 2057
[2022-12-15 14:27:20] [SEVERE ] setting player 3 freeze to 2047
[2022-12-15 14:27:20] [SEVERE ] setting player 1 freeze to 2041
[2022-12-15 14:27:20] [SEVERE ] setting player 2 freeze to 2042
[2022-12-15 14:27:20] [SEVERE ] setting player 3 freeze to 2027
[2022-12-15 14:27:20] [SEVERE ] setting player 1 freeze to 2026
[2022-12-15 14:27:20] [SEVERE ] setting player 2 freeze to 2027
[2022-12-15 14:27:20] [SEVERE ] setting player 3 freeze to 2016
[2022-12-15 14:27:20] [SEVERE ] setting player 2 freeze to 2011
[2022-12-15 14:27:20] [SEVERE ] setting player 1 freeze to 2010
[2022-12-15 14:27:20] [SEVERE ] setting player 1 freeze to 1994
[2022-12-15 14:27:20] [SEVERE ] setting player 3 freeze to 1995
[2022-12-15 14:27:20] [SEVERE ] setting player 2 freeze to 1995
[2022-12-15 14:27:20] [SEVERE ] setting player 3 freeze to 1979
[2022-12-15 14:27:20] [SEVERE ] setting player 2 freeze to 1979
[2022-12-15 14:27:20] [SEVERE ] setting player 1 freeze to 1978
[2022-12-15 14:27:20] [SEVERE ] setting player 3 freeze to 1968
[2022-12-15 14:27:20] [SEVERE ] setting player 1 freeze to 1962
[2022-12-15 14:27:20] [SEVERE ] setting player 2 freeze to 1963
[2022-12-15 14:27:20] [SEVERE ] setting player 1 freeze to 1946
[2022-12-15 14:27:20] [SEVERE ] setting player 3 freeze to 1947
[2022-12-15 14:27:20] [SEVERE ] setting player 2 freeze to 1947
[2022-12-15 14:27:20] [SEVERE ] setting player 1 freeze to 1935
[2022-12-15 14:27:20] [SEVERE ] setting player 2 freeze to 1931
[2022-12-15 14:27:20] [SEVERE ] setting player 3 freeze to 1931
[2022-12-15 14:27:20] [SEVERE ] setting player 3 freeze to 1915
[2022-12-15 14:27:20] [SEVERE ] setting player 1 freeze to 1914
[2022-12-15 14:27:20] [SEVERE ] setting player 2 freeze to 1915
[2022-12-15 14:27:20] [SEVERE ] setting player 1 freeze to 1903
[2022-12-15 14:27:20] [SEVERE ] setting player 3 freeze to 1904
[2022-12-15 14:27:20] [SEVERE ] setting player 2 freeze to 1900
[2022-12-15 14:27:20] [SEVERE ] setting player 2 freeze to 1884
[2022-12-15 14:27:20] [SEVERE ] setting player 3 freeze to 1884
[2022-12-15 14:27:20] [SEVERE ] setting player 1 freeze to 1883
[2022-12-15 14:27:20] [SEVERE ] setting player 2 freeze to 1869
[2022-12-15 14:27:20] [SEVERE ] setting player 3 freeze to 1869
[2022-12-15 14:27:20] [SEVERE ] setting player 1 freeze to 1868
[2022-12-15 14:27:20] [SEVERE ] setting player 2 freeze to 1858
[2022-12-15 14:27:20] [SEVERE ] setting player 3 freeze to 1853
[2022-12-15 14:27:20] [SEVERE ] setting player 1 freeze to 1852
[2022-12-15 14:27:20] [SEVERE ] setting player 3 freeze to 1838
[2022-12-15 14:27:20] [SEVERE ] setting player 2 freeze to 1838
[2022-12-15 14:27:20] [SEVERE ] setting player 1 freeze to 1837
[2022-12-15 14:27:20] [SEVERE ] setting player 3 freeze to 1827
[2022-12-15 14:27:20] [SEVERE ] setting player 2 freeze to 1822
[2022-12-15 14:27:20] [SEVERE ] setting player 1 freeze to 1821
[2022-12-15 14:27:20] [SEVERE ] setting player 2 freeze to 1806
[2022-12-15 14:27:20] [SEVERE ] setting player 3 freeze to 1806
[2022-12-15 14:27:20] [SEVERE ] setting player 1 freeze to 1805
[2022-12-15 14:27:20] [SEVERE ] setting player 2 freeze to 1795
[2022-12-15 14:27:20] [SEVERE ] setting player 1 freeze to 1789
[2022-12-15 14:27:20] [SEVERE ] setting player 3 freeze to 1790
[2022-12-15 14:27:20] [SEVERE ] setting player 3 freeze to 1774
[2022-12-15 14:27:20] [SEVERE ] setting player 1 freeze to 1773
[2022-12-15 14:27:20] [SEVERE ] setting player 2 freeze to 1774
[2022-12-15 14:27:20] [SEVERE ] setting player 3 freeze to 1763
[2022-12-15 14:27:20] [SEVERE ] setting player 2 freeze to 1758
[2022-12-15 14:27:20] [SEVERE ] setting player 1 freeze to 1757
[2022-12-15 14:27:20] [SEVERE ] setting player 2 freeze to 1742
[2022-12-15 14:27:20] [SEVERE ] setting player 3 freeze to 1742
[2022-12-15 14:27:20] [SEVERE ] setting player 1 freeze to 1741
[2022-12-15 14:27:20] [SEVERE ] setting player 2 freeze to 1731
[2022-12-15 14:27:20] [SEVERE ] setting player 1 freeze to 1725
[2022-12-15 14:27:20] [SEVERE ] setting player 3 freeze to 1726
[2022-12-15 14:27:20] [SEVERE ] setting player 1 freeze to 1709
[2022-12-15 14:27:20] [SEVERE ] setting player 2 freeze to 1710
[2022-12-15 14:27:20] [SEVERE ] setting player 3 freeze to 1710
[2022-12-15 14:27:20] [SEVERE ] setting player 1 freeze to 1698
[2022-12-15 14:27:20] [SEVERE ] setting player 2 freeze to 1694
[2022-12-15 14:27:20] [SEVERE ] setting player 3 freeze to 1694
[2022-12-15 14:27:20] [SEVERE ] setting player 3 freeze to 1678
[2022-12-15 14:27:20] [SEVERE ] setting player 1 freeze to 1677
[2022-12-15 14:27:20] [SEVERE ] setting player 2 freeze to 1678
[2022-12-15 14:27:20] [SEVERE ] setting player 3 freeze to 1668
[2022-12-15 14:27:20] [SEVERE ] setting player 1 freeze to 1661
[2022-12-15 14:27:20] [SEVERE ] setting player 2 freeze to 1662
[2022-12-15 14:27:20] [SEVERE ] setting player 1 freeze to 1646
[2022-12-15 14:27:20] [SEVERE ] setting player 3 freeze to 1647
[2022-12-15 14:27:20] [SEVERE ] setting player 2 freeze to 1647
[2022-12-15 14:27:20] [SEVERE ] setting player 1 freeze to 1635
[2022-12-15 14:27:20] [SEVERE ] setting player 3 freeze to 1631
[2022-12-15 14:27:20] [SEVERE ] setting player 2 freeze to 1631
[2022-12-15 14:27:20] [SEVERE ] setting player 1 freeze to 1614
[2022-12-15 14:27:20] [SEVERE ] setting player 2 freeze to 1615
[2022-12-15 14:27:20] [SEVERE ] setting player 3 freeze to 1615
[2022-12-15 14:27:20] [SEVERE ] setting player 1 freeze to 1603
[2022-12-15 14:27:20] [SEVERE ] setting player 3 freeze to 1599
[2022-12-15 14:27:20] [SEVERE ] setting player 2 freeze to 1599
[2022-12-15 14:27:20] [SEVERE ] setting player 2 freeze to 1583
[2022-12-15 14:27:20] [SEVERE ] setting player 1 freeze to 1582
[2022-12-15 14:27:20] [SEVERE ] setting player 3 freeze to 1583
[2022-12-15 14:27:20] [SEVERE ] setting player 2 freeze to 1572
[2022-12-15 14:27:20] [SEVERE ] setting player 1 freeze to 1566
[2022-12-15 14:27:20] [SEVERE ] setting player 3 freeze to 1567
[2022-12-15 14:27:20] [SEVERE ] setting player 2 freeze to 1551
[2022-12-15 14:27:20] [SEVERE ] setting player 3 freeze to 1551
[2022-12-15 14:27:20] [SEVERE ] setting player 1 freeze to 1550
[2022-12-15 14:27:20] [SEVERE ] setting player 2 freeze to 1539
[2022-12-15 14:27:20] [SEVERE ] setting player 3 freeze to 1535
[2022-12-15 14:27:20] [SEVERE ] setting player 1 freeze to 1534
[2022-12-15 14:27:20] [SEVERE ] setting player 1 freeze to 1518
[2022-12-15 14:27:20] [SEVERE ] setting player 3 freeze to 1519
[2022-12-15 14:27:20] [SEVERE ] setting player 2 freeze to 1519
[2022-12-15 14:27:20] [SEVERE ] setting player 1 freeze to 1507
[2022-12-15 14:27:20] [SEVERE ] setting player 3 freeze to 1503
[2022-12-15 14:27:20] [SEVERE ] setting player 2 freeze to 1503
[2022-12-15 14:27:20] [SEVERE ] setting player 2 freeze to 1487
[2022-12-15 14:27:20] [SEVERE ] setting player 3 freeze to 1487
[2022-12-15 14:27:20] [SEVERE ] setting player 1 freeze to 1486
[2022-12-15 14:27:20] [SEVERE ] setting player 1 freeze to 1470
[2022-12-15 14:27:20] [SEVERE ] setting player 3 freeze to 1471
[2022-12-15 14:27:20] [SEVERE ] setting player 2 freeze to 1471
[2022-12-15 14:27:20] [SEVERE ] setting player 1 freeze to 1458
[2022-12-15 14:27:20] [SEVERE ] setting player 2 freeze to 1455
[2022-12-15 14:27:20] [SEVERE ] setting player 3 freeze to 1455
[2022-12-15 14:27:20] [SEVERE ] setting player 3 freeze to 1439
[2022-12-15 14:27:20] [SEVERE ] setting player 2 freeze to 1439
[2022-12-15 14:27:20] [SEVERE ] setting player 1 freeze to 1438
[2022-12-15 14:27:20] [SEVERE ] setting player 3 freeze to 1428
[2022-12-15 14:27:20] [SEVERE ] setting player 2 freeze to 1423
[2022-12-15 14:27:20] [SEVERE ] setting player 1 freeze to 1422
[2022-12-15 14:27:20] [SEVERE ] setting player 1 freeze to 1406
[2022-12-15 14:27:20] [SEVERE ] setting player 3 freeze to 1407
[2022-12-15 14:27:20] [SEVERE ] setting player 2 freeze to 1407
[2022-12-15 14:27:20] [SEVERE ] setting player 1 freeze to 1395
[2022-12-15 14:27:20] [SEVERE ] setting player 3 freeze to 1391
[2022-12-15 14:27:20] [SEVERE ] setting player 2 freeze to 1391
[2022-12-15 14:27:20] [SEVERE ] setting player 2 freeze to 1376
[2022-12-15 14:27:20] [SEVERE ] setting player 3 freeze to 1376
[2022-12-15 14:27:20] [SEVERE ] setting player 1 freeze to 1375
[2022-12-15 14:27:20] [SEVERE ] setting player 2 freeze to 1365
[2022-12-15 14:27:20] [SEVERE ] setting player 1 freeze to 1359
[2022-12-15 14:27:20] [SEVERE ] setting player 3 freeze to 1360
[2022-12-15 14:27:20] [SEVERE ] setting player 1 freeze to 1343
[2022-12-15 14:27:20] [SEVERE ] setting player 3 freeze to 1344
[2022-12-15 14:27:20] [SEVERE ] setting player 2 freeze to 1344
[2022-12-15 14:27:20] [SEVERE ] setting player 1 freeze to 1332
[2022-12-15 14:27:20] [SEVERE ] setting player 3 freeze to 1328
[2022-12-15 14:27:20] [SEVERE ] setting player 2 freeze to 1328
[2022-12-15 14:27:20] [SEVERE ] setting player 2 freeze to 1312
[2022-12-15 14:27:20] [SEVERE ] setting player 1 freeze to 1311
[2022-12-15 14:27:20] [SEVERE ] setting player 3 freeze to 1312
[2022-12-15 14:27:20] [SEVERE ] setting player 2 freeze to 1301
[2022-12-15 14:27:20] [SEVERE ] setting player 1 freeze to 1295
[2022-12-15 14:27:20] [SEVERE ] setting player 3 freeze to 1296
[2022-12-15 14:27:20] [SEVERE ] setting player 1 freeze to 1280
[2022-12-15 14:27:20] [SEVERE ] setting player 3 freeze to 1281
[2022-12-15 14:27:20] [SEVERE ] setting player 2 freeze to 1281
[2022-12-15 14:27:20] [SEVERE ] setting player 1 freeze to 1268
[2022-12-15 14:27:20] [SEVERE ] setting player 2 freeze to 1265
[2022-12-15 14:27:20] [SEVERE ] setting player 3 freeze to 1265
[2022-12-15 14:27:20] [SEVERE ] setting player 1 freeze to 1248
[2022-12-15 14:27:20] [SEVERE ] setting player 3 freeze to 1249
[2022-12-15 14:27:20] [SEVERE ] setting player 2 freeze to 1249
[2022-12-15 14:27:20] [SEVERE ] setting player 1 freeze to 1236
[2022-12-15 14:27:20] [SEVERE ] setting player 3 freeze to 1233
[2022-12-15 14:27:20] [SEVERE ] setting player 2 freeze to 1233
[2022-12-15 14:27:20] [SEVERE ] setting player 1 freeze to 1216
[2022-12-15 14:27:20] [SEVERE ] setting player 2 freeze to 1217
[2022-12-15 14:27:20] [SEVERE ] setting player 3 freeze to 1217
[2022-12-15 14:27:20] [SEVERE ] setting player 1 freeze to 1205
[2022-12-15 14:27:20] [SEVERE ] setting player 2 freeze to 1201
[2022-12-15 14:27:20] [SEVERE ] setting player 3 freeze to 1201
[2022-12-15 14:27:21] [SEVERE ] setting player 2 freeze to 1189
[2022-12-15 14:27:21] [SEVERE ] setting player 3 freeze to 1185
[2022-12-15 14:27:21] [SEVERE ] setting player 1 freeze to 1184
[2022-12-15 14:27:21] [SEVERE ] setting player 3 freeze to 1174
[2022-12-15 14:27:21] [SEVERE ] setting player 2 freeze to 1169
[2022-12-15 14:27:21] [SEVERE ] setting player 1 freeze to 1168
[2022-12-15 14:27:21] [SEVERE ] setting player 1 freeze to 1152
[2022-12-15 14:27:21] [SEVERE ] setting player 3 freeze to 1153
[2022-12-15 14:27:21] [SEVERE ] setting player 2 freeze to 1153
[2022-12-15 14:27:21] [SEVERE ] setting player 1 freeze to 1141
[2022-12-15 14:27:21] [SEVERE ] setting player 2 freeze to 1137
[2022-12-15 14:27:21] [SEVERE ] setting player 3 freeze to 1137
[2022-12-15 14:27:21] [SEVERE ] setting player 3 freeze to 1121
[2022-12-15 14:27:21] [SEVERE ] setting player 1 freeze to 1120
[2022-12-15 14:27:21] [SEVERE ] setting player 2 freeze to 1121
[2022-12-15 14:27:21] [SEVERE ] setting player 3 freeze to 1110
[2022-12-15 14:27:21] [SEVERE ] setting player 2 freeze to 1105
[2022-12-15 14:27:21] [SEVERE ] setting player 1 freeze to 1104
[2022-12-15 14:27:21] [SEVERE ] setting player 3 freeze to 1089
[2022-12-15 14:27:21] [SEVERE ] setting player 1 freeze to 1088
[2022-12-15 14:27:21] [SEVERE ] setting player 2 freeze to 1089
[2022-12-15 14:27:21] [SEVERE ] setting player 3 freeze to 1078
[2022-12-15 14:27:21] [SEVERE ] setting player 2 freeze to 1073
[2022-12-15 14:27:21] [SEVERE ] setting player 1 freeze to 1072
[2022-12-15 14:27:21] [SEVERE ] setting player 2 freeze to 1057
[2022-12-15 14:27:21] [SEVERE ] setting player 3 freeze to 1057
[2022-12-15 14:27:21] [SEVERE ] setting player 1 freeze to 1056
[2022-12-15 14:27:21] [SEVERE ] setting player 2 freeze to 1046
[2022-12-15 14:27:21] [SEVERE ] setting player 3 freeze to 1041
[2022-12-15 14:27:21] [SEVERE ] setting player 1 freeze to 1040
[2022-12-15 14:27:21] [SEVERE ] setting player 3 freeze to 1025
[2022-12-15 14:27:21] [SEVERE ] setting player 2 freeze to 1025
[2022-12-15 14:27:21] [SEVERE ] setting player 1 freeze to 1024
[2022-12-15 14:27:21] [SEVERE ] setting player 3 freeze to 1014
[2022-12-15 14:27:21] [SEVERE ] setting player 2 freeze to 1009
[2022-12-15 14:27:21] [SEVERE ] setting player 1 freeze to 1008
[2022-12-15 14:27:21] [SEVERE ] setting player 1 freeze to 992
[2022-12-15 14:27:21] [SEVERE ] setting player 3 freeze to 993
[2022-12-15 14:27:21] [SEVERE ] setting player 2 freeze to 993
[2022-12-15 14:27:21] [SEVERE ] setting player 1 freeze to 981
[2022-12-15 14:27:21] [SEVERE ] setting player 3 freeze to 977
[2022-12-15 14:27:21] [SEVERE ] setting player 2 freeze to 977
[2022-12-15 14:27:21] [SEVERE ] setting player 2 freeze to 961
[2022-12-15 14:27:21] [SEVERE ] setting player 3 freeze to 961
[2022-12-15 14:27:21] [SEVERE ] setting player 1 freeze to 960
[2022-12-15 14:27:21] [SEVERE ] setting player 2 freeze to 950
[2022-12-15 14:27:21] [SEVERE ] setting player 1 freeze to 944
[2022-12-15 14:27:21] [SEVERE ] setting player 3 freeze to 945
[2022-12-15 14:27:21] [SEVERE ] setting player 1 freeze to 933
[2022-12-15 14:27:21] [SEVERE ] setting player 2 freeze to 929
[2022-12-15 14:27:21] [SEVERE ] setting player 3 freeze to 929
[2022-12-15 14:27:21] [SEVERE ] setting player 3 freeze to 913
[2022-12-15 14:27:21] [SEVERE ] setting player 1 freeze to 912
[2022-12-15 14:27:21] [SEVERE ] setting player 2 freeze to 913
[2022-12-15 14:27:21] [SEVERE ] setting player 3 freeze to 903
[2022-12-15 14:27:21] [SEVERE ] setting player 1 freeze to 897
[2022-12-15 14:27:21] [SEVERE ] setting player 2 freeze to 898
[2022-12-15 14:27:21] [SEVERE ] setting player 2 freeze to 883
[2022-12-15 14:27:21] [SEVERE ] setting player 1 freeze to 882
[2022-12-15 14:27:21] [SEVERE ] setting player 3 freeze to 883
[2022-12-15 14:27:21] [SEVERE ] setting player 2 freeze to 872
[2022-12-15 14:27:21] [SEVERE ] setting player 1 freeze to 866
[2022-12-15 14:27:21] [SEVERE ] setting player 3 freeze to 867
[2022-12-15 14:27:21] [SEVERE ] setting player 3 freeze to 851
[2022-12-15 14:27:21] [SEVERE ] setting player 2 freeze to 851
[2022-12-15 14:27:21] [SEVERE ] setting player 1 freeze to 850
[2022-12-15 14:27:21] [SEVERE ] setting player 2 freeze to 840
[2022-12-15 14:27:21] [SEVERE ] setting player 3 freeze to 840
[2022-12-15 14:27:21] [SEVERE ] setting player 1 freeze to 834
[2022-12-15 14:27:21] [SEVERE ] setting player 3 freeze to 819
[2022-12-15 14:27:21] [SEVERE ] setting player 1 freeze to 818
[2022-12-15 14:27:21] [SEVERE ] setting player 2 freeze to 819
[2022-12-15 14:27:21] [SEVERE ] setting player 3 freeze to 808
[2022-12-15 14:27:21] [SEVERE ] setting player 1 freeze to 803
[2022-12-15 14:27:21] [SEVERE ] setting player 2 freeze to 804
[2022-12-15 14:27:21] [SEVERE ] setting player 2 freeze to 788
[2022-12-15 14:27:21] [SEVERE ] setting player 1 freeze to 787
[2022-12-15 14:27:21] [SEVERE ] setting player 3 freeze to 788
[2022-12-15 14:27:21] [SEVERE ] setting player 2 freeze to 776
[2022-12-15 14:27:21] [SEVERE ] setting player 1 freeze to 771
[2022-12-15 14:27:21] [SEVERE ] setting player 3 freeze to 772
[2022-12-15 14:27:21] [SEVERE ] setting player 1 freeze to 759
[2022-12-15 14:27:21] [SEVERE ] setting player 3 freeze to 756
[2022-12-15 14:27:21] [SEVERE ] setting player 2 freeze to 756
[2022-12-15 14:27:21] [SEVERE ] setting player 3 freeze to 740
[2022-12-15 14:27:21] [SEVERE ] setting player 2 freeze to 740
[2022-12-15 14:27:21] [SEVERE ] setting player 1 freeze to 739
[2022-12-15 14:27:21] [SEVERE ] setting player 3 freeze to 728
[2022-12-15 14:27:21] [SEVERE ] setting player 1 freeze to 723
[2022-12-15 14:27:21] [SEVERE ] setting player 2 freeze to 724
[2022-12-15 14:27:21] [SEVERE ] setting player 2 freeze to 708
[2022-12-15 14:27:21] [SEVERE ] setting player 1 freeze to 707
[2022-12-15 14:27:21] [SEVERE ] setting player 3 freeze to 708
[2022-12-15 14:27:21] [SEVERE ] setting player 3 freeze to 693
[2022-12-15 14:27:21] [SEVERE ] setting player 2 freeze to 693
[2022-12-15 14:27:21] [SEVERE ] setting player 1 freeze to 692
[2022-12-15 14:27:21] [SEVERE ] setting player 3 freeze to 681
[2022-12-15 14:27:21] [SEVERE ] setting player 1 freeze to 676
[2022-12-15 14:27:21] [SEVERE ] setting player 2 freeze to 677
[2022-12-15 14:27:21] [SEVERE ] setting player 1 freeze to 665
[2022-12-15 14:27:21] [SEVERE ] setting player 2 freeze to 661
[2022-12-15 14:27:21] [SEVERE ] setting player 3 freeze to 661
[2022-12-15 14:27:21] [SEVERE ] setting player 3 freeze to 645
[2022-12-15 14:27:21] [SEVERE ] setting player 1 freeze to 644
[2022-12-15 14:27:21] [SEVERE ] setting player 2 freeze to 645
[2022-12-15 14:27:21] [SEVERE ] setting player 3 freeze to 634
[2022-12-15 14:27:21] [SEVERE ] setting player 2 freeze to 629
[2022-12-15 14:27:21] [SEVERE ] setting player 1 freeze to 628
[2022-12-15 14:27:21] [SEVERE ] setting player 1 freeze to 612
[2022-12-15 14:27:21] [SEVERE ] setting player 3 freeze to 613
[2022-12-15 14:27:21] [SEVERE ] setting player 2 freeze to 613
[2022-12-15 14:27:21] [SEVERE ] setting player 1 freeze to 601
[2022-12-15 14:27:21] [SEVERE ] setting player 3 freeze to 598
[2022-12-15 14:27:21] [SEVERE ] setting player 2 freeze to 598
[2022-12-15 14:27:21] [SEVERE ] setting player 3 freeze to 582
[2022-12-15 14:27:21] [SEVERE ] setting player 1 freeze to 581
[2022-12-15 14:27:21] [SEVERE ] setting player 2 freeze to 582
[2022-12-15 14:27:21] [SEVERE ] setting player 3 freeze to 571
[2022-12-15 14:27:21] [SEVERE ] setting player 2 freeze to 567
[2022-12-15 14:27:21] [SEVERE ] setting player 1 freeze to 566
[2022-12-15 14:27:21] [SEVERE ] setting player 2 freeze to 552
[2022-12-15 14:27:21] [SEVERE ] setting player 3 freeze to 552
[2022-12-15 14:27:21] [SEVERE ] setting player 1 freeze to 551
[2022-12-15 14:27:21] [SEVERE ] setting player 2 freeze to 541
[2022-12-15 14:27:21] [SEVERE ] setting player 3 freeze to 536
[2022-12-15 14:27:21] [SEVERE ] setting player 1 freeze to 535
[2022-12-15 14:27:21] [SEVERE ] setting player 3 freeze to 520
[2022-12-15 14:27:21] [SEVERE ] setting player 2 freeze to 520
[2022-12-15 14:27:21] [SEVERE ] setting player 1 freeze to 519
[2022-12-15 14:27:21] [SEVERE ] setting player 3 freeze to 509
[2022-12-15 14:27:21] [SEVERE ] setting player 1 freeze to 503
[2022-12-15 14:27:21] [SEVERE ] setting player 2 freeze to 504
[2022-12-15 14:27:21] [SEVERE ] setting player 1 freeze to 487
[2022-12-15 14:27:21] [SEVERE ] setting player 2 freeze to 488
[2022-12-15 14:27:21] [SEVERE ] setting player 3 freeze to 488
[2022-12-15 14:27:21] [SEVERE ] setting player 1 freeze to 476
[2022-12-15 14:27:21] [SEVERE ] setting player 2 freeze to 472
[2022-12-15 14:27:21] [SEVERE ] setting player 3 freeze to 472
[2022-12-15 14:27:21] [SEVERE ] setting player 2 freeze to 461
[2022-12-15 14:27:21] [SEVERE ] setting player 1 freeze to 455
[2022-12-15 14:27:21] [SEVERE ] setting player 3 freeze to 456
[2022-12-15 14:27:21] [SEVERE ] setting player 2 freeze to 440
[2022-12-15 14:27:21] [SEVERE ] setting player 3 freeze to 440
[2022-12-15 14:27:21] [SEVERE ] setting player 1 freeze to 439
[2022-12-15 14:27:21] [SEVERE ] setting player 2 freeze to 428
[2022-12-15 14:27:21] [SEVERE ] setting player 1 freeze to 423
[2022-12-15 14:27:21] [SEVERE ] setting player 3 freeze to 424
[2022-12-15 14:27:21] [SEVERE ] setting player 3 freeze to 408
[2022-12-15 14:27:21] [SEVERE ] setting player 2 freeze to 408
[2022-12-15 14:27:21] [SEVERE ] setting player 1 freeze to 407
[2022-12-15 14:27:21] [SEVERE ] setting player 3 freeze to 396
[2022-12-15 14:27:21] [SEVERE ] setting player 2 freeze to 392
[2022-12-15 14:27:21] [SEVERE ] setting player 1 freeze to 391
[2022-12-15 14:27:21] [SEVERE ] setting player 2 freeze to 376
[2022-12-15 14:27:21] [SEVERE ] setting player 3 freeze to 376
[2022-12-15 14:27:21] [SEVERE ] setting player 1 freeze to 375
[2022-12-15 14:27:21] [SEVERE ] setting player 2 freeze to 365
[2022-12-15 14:27:21] [SEVERE ] setting player 3 freeze to 360
[2022-12-15 14:27:21] [SEVERE ] setting player 1 freeze to 359
[2022-12-15 14:27:21] [SEVERE ] setting player 1 freeze to 343
[2022-12-15 14:27:21] [SEVERE ] setting player 3 freeze to 344
[2022-12-15 14:27:21] [SEVERE ] setting player 2 freeze to 344
[2022-12-15 14:27:21] [SEVERE ] setting player 1 freeze to 332
[2022-12-15 14:27:21] [SEVERE ] setting player 3 freeze to 328
[2022-12-15 14:27:21] [SEVERE ] setting player 2 freeze to 328
[2022-12-15 14:27:21] [SEVERE ] setting player 2 freeze to 312
[2022-12-15 14:27:21] [SEVERE ] setting player 3 freeze to 312
[2022-12-15 14:27:21] [SEVERE ] setting player 1 freeze to 311
[2022-12-15 14:27:21] [SEVERE ] setting player 2 freeze to 301
[2022-12-15 14:27:21] [SEVERE ] setting player 3 freeze to 296
[2022-12-15 14:27:21] [SEVERE ] setting player 1 freeze to 295
[2022-12-15 14:27:21] [SEVERE ] setting player 2 freeze to 280
[2022-12-15 14:27:21] [SEVERE ] setting player 3 freeze to 280
[2022-12-15 14:27:21] [SEVERE ] setting player 1 freeze to 279
[2022-12-15 14:27:21] [SEVERE ] setting player 2 freeze to 268
[2022-12-15 14:27:21] [SEVERE ] setting player 3 freeze to 264
[2022-12-15 14:27:21] [SEVERE ] setting player 1 freeze to 263
[2022-12-15 14:27:21] [SEVERE ] setting player 3 freeze to 248
[2022-12-15 14:27:21] [SEVERE ] setting player 1 freeze to 247
[2022-12-15 14:27:21] [SEVERE ] setting player 2 freeze to 248
[2022-12-15 14:27:21] [SEVERE ] setting player 3 freeze to 237
[2022-12-15 14:27:21] [SEVERE ] setting player 2 freeze to 232
[2022-12-15 14:27:21] [SEVERE ] setting player 1 freeze to 231
[2022-12-15 14:27:21] [SEVERE ] setting player 2 freeze to 216
[2022-12-15 14:27:21] [SEVERE ] setting player 1 freeze to 215
[2022-12-15 14:27:21] [SEVERE ] setting player 3 freeze to 216
[2022-12-15 14:27:21] [SEVERE ] setting player 2 freeze to 205
[2022-12-15 14:27:21] [SEVERE ] setting player 3 freeze to 200
[2022-12-15 14:27:21] [SEVERE ] setting player 1 freeze to 199
[2022-12-15 14:27:22] [SEVERE ] setting player 3 freeze to 184
[2022-12-15 14:27:22] [SEVERE ] setting player 1 freeze to 183
[2022-12-15 14:27:22] [SEVERE ] setting player 2 freeze to 184
[2022-12-15 14:27:22] [SEVERE ] setting player 3 freeze to 174
[2022-12-15 14:27:22] [SEVERE ] setting player 2 freeze to 169
[2022-12-15 14:27:22] [SEVERE ] setting player 1 freeze to 168
[2022-12-15 14:27:22] [SEVERE ] setting player 2 freeze to 153
[2022-12-15 14:27:22] [SEVERE ] setting player 3 freeze to 153
[2022-12-15 14:27:22] [SEVERE ] setting player 1 freeze to 152
[2022-12-15 14:27:22] [SEVERE ] setting player 2 freeze to 141
[2022-12-15 14:27:22] [SEVERE ] setting player 1 freeze to 136
[2022-12-15 14:27:22] [SEVERE ] setting player 3 freeze to 137
[2022-12-15 14:27:22] [SEVERE ] setting player 2 freeze to 121
[2022-12-15 14:27:22] [SEVERE ] setting player 3 freeze to 121
[2022-12-15 14:27:22] [SEVERE ] setting player 1 freeze to 120
[2022-12-15 14:27:22] [SEVERE ] setting player 2 freeze to 110
[2022-12-15 14:27:22] [SEVERE ] setting player 1 freeze to 104
[2022-12-15 14:27:22] [SEVERE ] setting player 3 freeze to 105
[2022-12-15 14:27:22] [SEVERE ] setting player 3 freeze to 89
[2022-12-15 14:27:22] [SEVERE ] setting player 2 freeze to 89
[2022-12-15 14:27:22] [SEVERE ] setting player 1 freeze to 88
[2022-12-15 14:27:22] [SEVERE ] setting player 3 freeze to 78
[2022-12-15 14:27:22] [SEVERE ] setting player 2 freeze to 73
[2022-12-15 14:27:22] [SEVERE ] setting player 1 freeze to 72
[2022-12-15 14:27:22] [SEVERE ] setting player 3 freeze to 57
[2022-12-15 14:27:22] [SEVERE ] setting player 1 freeze to 56
[2022-12-15 14:27:22] [SEVERE ] setting player 2 freeze to 57
[2022-12-15 14:27:22] [SEVERE ] setting player 3 freeze to 46
[2022-12-15 14:27:22] [SEVERE ] setting player 1 freeze to 40
[2022-12-15 14:27:22] [SEVERE ] setting player 2 freeze to 41
[2022-12-15 14:27:22] [SEVERE ] setting player 1 freeze to 24
[2022-12-15 14:27:22] [SEVERE ] setting player 2 freeze to 25
[2022-12-15 14:27:22] [SEVERE ] setting player 3 freeze to 25
[2022-12-15 14:27:22] [SEVERE ] setting player 1 freeze to 13
[2022-12-15 14:27:22] [SEVERE ] setting player 3 freeze to 9
[2022-12-15 14:27:22] [SEVERE ] setting player 2 freeze to 9
[2022-12-15 14:27:22] [SEVERE ] setting player 3 freeze to 0
[2022-12-15 14:27:22] [SEVERE ] setting player 1 freeze to 0
[2022-12-15 14:27:22] [SEVERE ] setting player 2 freeze to 0
[2022-12-15 14:27:22] [SEVERE ] player 2 placing token on slot 3
[2022-12-15 14:27:22] [SEVERE ] player 1 placing token on slot 10
[2022-12-15 14:27:22] [SEVERE ] player 3 placing token on slot 1
[2022-12-15 14:27:23] [SEVERE ] player 1 placing token on slot 0
[2022-12-15 14:27:23] [SEVERE ] player 2 placing token on slot 5
[2022-12-15 14:27:23] [SEVERE ] player 3 placing token on slot 5
[2022-12-15 14:27:24] [SEVERE ] player 2 placing token on slot 9
[2022-12-15 14:27:24] [SEVERE ] player 1 placing token on slot 3
[2022-12-15 14:27:24] [SEVERE ] player 3 placing token on slot 4
[2022-12-15 14:27:24] [SEVERE ] removing player 2 token from slot 3
[2022-12-15 14:27:24] [SEVERE ] removing player 3 token from slot 1
[2022-12-15 14:27:24] [SEVERE ] removing player 1 token from slot 10
[2022-12-15 14:27:24] [SEVERE ] removing player 3 token from slot 5
[2022-12-15 14:27:24] [SEVERE ] removing player 1 token from slot 0
[2022-12-15 14:27:24] [SEVERE ] removing player 3 token from slot 4
[2022-12-15 14:27:24] [SEVERE ] removing player 1 token from slot 3
[2022-12-15 14:27:24] [SEVERE ] setting player 3 freeze to 3000
[2022-12-15 14:27:24] [SEVERE ] setting player 1 freeze to 3000
[2022-12-15 14:27:24] [SEVERE ] removing player 2 token from slot 5
[2022-12-15 14:27:24] [SEVERE ] removing player 2 token from slot 9
[2022-12-15 14:27:24] [SEVERE ] setting player 2 freeze to 3000
[2022-12-15 14:27:24] [SEVERE ] setting player 2 freeze to 2986
[2022-12-15 14:27:24] [SEVERE ] setting player 3 freeze to 2985
[2022-12-15 14:27:24] [SEVERE ] setting player 1 freeze to 2985
[2022-12-15 14:27:24] [SEVERE ] setting player 3 freeze to 2969
[2022-12-15 14:27:24] [SEVERE ] setting player 1 freeze to 2969
[2022-12-15 14:27:24] [SEVERE ] setting player 2 freeze to 2970
[2022-12-15 14:27:24] [SEVERE ] setting player 3 freeze to 2958
[2022-12-15 14:27:24] [SEVERE ] setting player 1 freeze to 2954
[2022-12-15 14:27:24] [SEVERE ] setting player 2 freeze to 2955
[2022-12-15 14:27:24] [SEVERE ] setting player 1 freeze to 2938
[2022-12-15 14:27:24] [SEVERE ] setting player 2 freeze to 2939
[2022-12-15 14:27:24] [SEVERE ] setting player 3 freeze to 2938
[2022-12-15 14:27:24] [SEVERE ] setting player 1 freeze to 2927
[2022-12-15 14:27:24] [SEVERE ] setting player 3 freeze to 2922
[2022-12-15 14:27:24] [SEVERE ] setting player 2 freeze to 2923
[2022-12-15 14:27:24] [SEVERE ] setting player 3 freeze to 2907
[2022-12-15 14:27:24] [SEVERE ] setting player 2 freeze to 2908
[2022-12-15 14:27:24] [SEVERE ] setting player 1 freeze to 2907
[2022-12-15 14:27:24] [SEVERE ] setting player 3 freeze to 2896
[2022-12-15 14:27:24] [SEVERE ] setting player 2 freeze to 2892
[2022-12-15 14:27:24] [SEVERE ] setting player 1 freeze to 2891
[2022-12-15 14:27:24] [SEVERE ] Exit button pressed
[2022-12-15 14:27:24] [SEVERE ] setting player 2 freeze to 2876
[2022-12-15 14:27:24] [SEVERE ] setting player 1 freeze to 2875
[2022-12-15 14:27:24] [SEVERE ] announcing winners: [0, 1, 2, 3]
[2022-12-15 14:27:24] [INFO   ] Thread dealer terminated.
[2022-12-15 14:27:24] [INFO   ] Thread main terminated.
