[2022-12-15 14:38:33] [INFO   ] cannot read configuration file config.properties trying from resources.
[2022-12-15 14:38:33] [INFO   ] configuration file was loaded from resources directory.
[2022-12-15 14:38:34] [INFO   ] Thread dealer starting.
[2022-12-15 14:38:34] [INFO   ] Thread Player 0starting.
[2022-12-15 14:38:34] [INFO   ] Thread Player 1starting.
[2022-12-15 14:38:34] [INFO   ] Thread Player 2starting.
[2022-12-15 14:38:34] [INFO   ] Thread Player 3starting.
[2022-12-15 14:38:34] [INFO   ] Thread computer-2 starting.
[2022-12-15 14:38:34] [INFO   ] Thread computer-3 starting.
[2022-12-15 14:38:34] [INFO   ] Thread computer-1 starting.
[2022-12-15 14:38:34] [SEVERE ] placing card 31 in slot 0
[2022-12-15 14:38:35] [SEVERE ] placing card 5 in slot 1
[2022-12-15 14:38:35] [SEVERE ] placing card 35 in slot 2
[2022-12-15 14:38:35] [SEVERE ] placing card 20 in slot 3
[2022-12-15 14:38:35] [SEVERE ] placing card 75 in slot 4
[2022-12-15 14:38:35] [SEVERE ] placing card 71 in slot 5
[2022-12-15 14:38:35] [SEVERE ] placing card 55 in slot 6
[2022-12-15 14:38:35] [SEVERE ] placing card 17 in slot 7
[2022-12-15 14:38:35] [SEVERE ] placing card 76 in slot 8
[2022-12-15 14:38:35] [SEVERE ] placing card 58 in slot 9
[2022-12-15 14:38:36] [SEVERE ] placing card 54 in slot 10
[2022-12-15 14:38:36] [SEVERE ] placing card 63 in slot 11
[2022-12-15 14:38:36] [SEVERE ] player 2 placing token on slot 5
[2022-12-15 14:38:36] [SEVERE ] player 3 placing token on slot 7
[2022-12-15 14:38:36] [SEVERE ] player 1 placing token on slot 0
[2022-12-15 14:38:36] [SEVERE ] player 1 placing token on slot 9
[2022-12-15 14:38:36] [SEVERE ] player 3 placing token on slot 3
[2022-12-15 14:38:36] [SEVERE ] player 2 placing token on slot 3
[2022-12-15 14:38:36] [SEVERE ] player 3 placing token on slot 11
[2022-12-15 14:38:36] [SEVERE ] removing player 3 token from slot 7
[2022-12-15 14:38:36] [SEVERE ] removing player 3 token from slot 3
[2022-12-15 14:38:36] [SEVERE ] removing player 3 token from slot 11
[2022-12-15 14:38:36] [SEVERE ] setting player 3 freeze to 3000
[2022-12-15 14:38:36] [SEVERE ] player 1 placing token on slot 6
[2022-12-15 14:38:36] [SEVERE ] player 2 placing token on slot 4
[2022-12-15 14:38:36] [SEVERE ] removing player 1 token from slot 0
[2022-12-15 14:38:36] [SEVERE ] removing player 2 token from slot 5
[2022-12-15 14:38:36] [SEVERE ] removing player 1 token from slot 9
[2022-12-15 14:38:36] [SEVERE ] removing player 2 token from slot 3
[2022-12-15 14:38:36] [SEVERE ] removing player 1 token from slot 6
[2022-12-15 14:38:36] [SEVERE ] removing player 2 token from slot 4
[2022-12-15 14:38:36] [SEVERE ] setting player 1 freeze to 3000
[2022-12-15 14:38:36] [SEVERE ] setting player 2 freeze to 3000
[2022-12-15 14:38:36] [SEVERE ] setting player 2 freeze to 2986
[2022-12-15 14:38:36] [SEVERE ] setting player 3 freeze to 2974
[2022-12-15 14:38:36] [SEVERE ] setting player 1 freeze to 2986
[2022-12-15 14:38:36] [SEVERE ] setting player 2 freeze to 2974
[2022-12-15 14:38:36] [SEVERE ] setting player 1 freeze to 2970
[2022-12-15 14:38:36] [SEVERE ] setting player 3 freeze to 2959
[2022-12-15 14:38:36] [SEVERE ] setting player 1 freeze to 2959
[2022-12-15 14:38:36] [SEVERE ] setting player 2 freeze to 2954
[2022-12-15 14:38:36] [SEVERE ] setting player 3 freeze to 2943
[2022-12-15 14:38:36] [SEVERE ] setting player 1 freeze to 2938
[2022-12-15 14:38:36] [SEVERE ] setting player 3 freeze to 2927
[2022-12-15 14:38:36] [SEVERE ] setting player 2 freeze to 2938
[2022-12-15 14:38:36] [SEVERE ] setting player 1 freeze to 2927
[2022-12-15 14:38:36] [SEVERE ] setting player 3 freeze to 2911
[2022-12-15 14:38:36] [SEVERE ] setting player 2 freeze to 2922
[2022-12-15 14:38:36] [SEVERE ] setting player 3 freeze to 2900
[2022-12-15 14:38:36] [SEVERE ] setting player 2 freeze to 2906
[2022-12-15 14:38:36] [SEVERE ] setting player 1 freeze to 2906
[2022-12-15 14:38:36] [SEVERE ] setting player 2 freeze to 2895
[2022-12-15 14:38:36] [SEVERE ] setting player 3 freeze to 2879
[2022-12-15 14:38:36] [SEVERE ] setting player 1 freeze to 2890
[2022-12-15 14:38:36] [SEVERE ] setting player 1 freeze to 2874
[2022-12-15 14:38:36] [SEVERE ] setting player 3 freeze to 2863
[2022-12-15 14:38:36] [SEVERE ] setting player 2 freeze to 2874
[2022-12-15 14:38:36] [SEVERE ] setting player 1 freeze to 2863
[2022-12-15 14:38:36] [SEVERE ] setting player 3 freeze to 2847
[2022-12-15 14:38:36] [SEVERE ] setting player 2 freeze to 2858
[2022-12-15 14:38:36] [SEVERE ] setting player 3 freeze to 2831
[2022-12-15 14:38:36] [SEVERE ] setting player 1 freeze to 2842
[2022-12-15 14:38:36] [SEVERE ] setting player 2 freeze to 2842
[2022-12-15 14:38:36] [SEVERE ] setting player 3 freeze to 2820
[2022-12-15 14:38:36] [SEVERE ] setting player 2 freeze to 2826
[2022-12-15 14:38:36] [SEVERE ] setting player 1 freeze to 2826
[2022-12-15 14:38:36] [SEVERE ] setting player 1 freeze to 2811
[2022-12-15 14:38:36] [SEVERE ] setting player 3 freeze to 2800
[2022-12-15 14:38:36] [SEVERE ] setting player 2 freeze to 2811
[2022-12-15 14:38:36] [SEVERE ] setting player 1 freeze to 2800
[2022-12-15 14:38:36] [SEVERE ] setting player 3 freeze to 2784
[2022-12-15 14:38:36] [SEVERE ] setting player 2 freeze to 2795
[2022-12-15 14:38:36] [SEVERE ] setting player 3 freeze to 2769
[2022-12-15 14:38:36] [SEVERE ] setting player 2 freeze to 2780
[2022-12-15 14:38:36] [SEVERE ] setting player 1 freeze to 2780
[2022-12-15 14:38:36] [SEVERE ] setting player 3 freeze to 2758
[2022-12-15 14:38:36] [SEVERE ] setting player 1 freeze to 2764
[2022-12-15 14:38:36] [SEVERE ] setting player 2 freeze to 2764
[2022-12-15 14:38:36] [SEVERE ] setting player 1 freeze to 2749
[2022-12-15 14:38:36] [SEVERE ] setting player 3 freeze to 2738
[2022-12-15 14:38:36] [SEVERE ] setting player 2 freeze to 2749
[2022-12-15 14:38:36] [SEVERE ] setting player 1 freeze to 2738
[2022-12-15 14:38:36] [SEVERE ] setting player 3 freeze to 2723
[2022-12-15 14:38:36] [SEVERE ] setting player 2 freeze to 2734
[2022-12-15 14:38:36] [SEVERE ] setting player 1 freeze to 2718
[2022-12-15 14:38:36] [SEVERE ] setting player 3 freeze to 2707
[2022-12-15 14:38:36] [SEVERE ] setting player 2 freeze to 2718
[2022-12-15 14:38:36] [SEVERE ] setting player 1 freeze to 2707
[2022-12-15 14:38:36] [SEVERE ] setting player 3 freeze to 2691
[2022-12-15 14:38:36] [SEVERE ] setting player 2 freeze to 2702
[2022-12-15 14:38:36] [SEVERE ] setting player 2 freeze to 2686
[2022-12-15 14:38:36] [SEVERE ] setting player 1 freeze to 2686
[2022-12-15 14:38:36] [SEVERE ] setting player 3 freeze to 2675
[2022-12-15 14:38:36] [SEVERE ] setting player 2 freeze to 2675
[2022-12-15 14:38:36] [SEVERE ] setting player 1 freeze to 2670
[2022-12-15 14:38:36] [SEVERE ] setting player 3 freeze to 2659
[2022-12-15 14:38:36] [SEVERE ] setting player 2 freeze to 2654
[2022-12-15 14:38:36] [SEVERE ] setting player 1 freeze to 2654
[2022-12-15 14:38:36] [SEVERE ] setting player 3 freeze to 2643
[2022-12-15 14:38:36] [SEVERE ] setting player 2 freeze to 2643
[2022-12-15 14:38:36] [SEVERE ] setting player 3 freeze to 2627
[2022-12-15 14:38:36] [SEVERE ] setting player 1 freeze to 2638
[2022-12-15 14:38:36] [SEVERE ] setting player 3 freeze to 2612
[2022-12-15 14:38:36] [SEVERE ] setting player 2 freeze to 2623
[2022-12-15 14:38:36] [SEVERE ] setting player 1 freeze to 2623
[2022-12-15 14:38:36] [SEVERE ] setting player 3 freeze to 2601
[2022-12-15 14:38:36] [SEVERE ] setting player 2 freeze to 2607
[2022-12-15 14:38:36] [SEVERE ] setting player 1 freeze to 2607
[2022-12-15 14:38:36] [SEVERE ] setting player 1 freeze to 2591
[2022-12-15 14:38:36] [SEVERE ] setting player 3 freeze to 2580
[2022-12-15 14:38:36] [SEVERE ] setting player 2 freeze to 2591
[2022-12-15 14:38:36] [SEVERE ] setting player 1 freeze to 2580
[2022-12-15 14:38:36] [SEVERE ] setting player 2 freeze to 2575
[2022-12-15 14:38:36] [SEVERE ] setting player 3 freeze to 2564
[2022-12-15 14:38:36] [SEVERE ] setting player 3 freeze to 2548
[2022-12-15 14:38:36] [SEVERE ] setting player 2 freeze to 2559
[2022-12-15 14:38:36] [SEVERE ] setting player 1 freeze to 2559
[2022-12-15 14:38:36] [SEVERE ] setting player 3 freeze to 2537
[2022-12-15 14:38:36] [SEVERE ] setting player 2 freeze to 2543
[2022-12-15 14:38:36] [SEVERE ] setting player 1 freeze to 2543
[2022-12-15 14:38:36] [SEVERE ] setting player 2 freeze to 2527
[2022-12-15 14:38:36] [SEVERE ] setting player 3 freeze to 2516
[2022-12-15 14:38:36] [SEVERE ] setting player 1 freeze to 2527
[2022-12-15 14:38:36] [SEVERE ] setting player 2 freeze to 2516
[2022-12-15 14:38:36] [SEVERE ] setting player 1 freeze to 2511
[2022-12-15 14:38:36] [SEVERE ] setting player 3 freeze to 2500
[2022-12-15 14:38:36] [SEVERE ] setting player 3 freeze to 2484
[2022-12-15 14:38:36] [SEVERE ] setting player 2 freeze to 2495
[2022-12-15 14:38:36] [SEVERE ] setting player 1 freeze to 2495
[2022-12-15 14:38:36] [SEVERE ] setting player 3 freeze to 2473
[2022-12-15 14:38:36] [SEVERE ] setting player 2 freeze to 2479
[2022-12-15 14:38:36] [SEVERE ] setting player 1 freeze to 2479
[2022-12-15 14:38:36] [SEVERE ] setting player 2 freeze to 2463
[2022-12-15 14:38:36] [SEVERE ] setting player 1 freeze to 2463
[2022-12-15 14:38:36] [SEVERE ] setting player 3 freeze to 2452
[2022-12-15 14:38:36] [SEVERE ] setting player 2 freeze to 2452
[2022-12-15 14:38:36] [SEVERE ] setting player 3 freeze to 2436
[2022-12-15 14:38:36] [SEVERE ] setting player 1 freeze to 2447
[2022-12-15 14:38:36] [SEVERE ] setting player 2 freeze to 2432
[2022-12-15 14:38:36] [SEVERE ] setting player 3 freeze to 2421
[2022-12-15 14:38:36] [SEVERE ] setting player 1 freeze to 2432
[2022-12-15 14:38:36] [SEVERE ] setting player 2 freeze to 2421
[2022-12-15 14:38:36] [SEVERE ] setting player 3 freeze to 2405
[2022-12-15 14:38:36] [SEVERE ] setting player 1 freeze to 2416
[2022-12-15 14:38:36] [SEVERE ] setting player 2 freeze to 2400
[2022-12-15 14:38:36] [SEVERE ] setting player 1 freeze to 2400
[2022-12-15 14:38:36] [SEVERE ] setting player 3 freeze to 2389
[2022-12-15 14:38:36] [SEVERE ] setting player 2 freeze to 2389
[2022-12-15 14:38:36] [SEVERE ] setting player 1 freeze to 2384
[2022-12-15 14:38:36] [SEVERE ] setting player 3 freeze to 2373
[2022-12-15 14:38:36] [SEVERE ] setting player 2 freeze to 2368
[2022-12-15 14:38:36] [SEVERE ] setting player 1 freeze to 2368
[2022-12-15 14:38:36] [SEVERE ] setting player 3 freeze to 2357
[2022-12-15 14:38:36] [SEVERE ] setting player 2 freeze to 2357
[2022-12-15 14:38:36] [SEVERE ] setting player 1 freeze to 2352
[2022-12-15 14:38:36] [SEVERE ] setting player 3 freeze to 2341
[2022-12-15 14:38:36] [SEVERE ] setting player 2 freeze to 2336
[2022-12-15 14:38:36] [SEVERE ] setting player 3 freeze to 2325
[2022-12-15 14:38:36] [SEVERE ] setting player 1 freeze to 2336
[2022-12-15 14:38:37] [SEVERE ] setting player 2 freeze to 2325
[2022-12-15 14:38:37] [SEVERE ] setting player 1 freeze to 2320
[2022-12-15 14:38:37] [SEVERE ] setting player 3 freeze to 2309
[2022-12-15 14:38:37] [SEVERE ] setting player 1 freeze to 2309
[2022-12-15 14:38:37] [SEVERE ] setting player 2 freeze to 2304
[2022-12-15 14:38:37] [SEVERE ] setting player 3 freeze to 2293
[2022-12-15 14:38:37] [SEVERE ] setting player 3 freeze to 2277
[2022-12-15 14:38:37] [SEVERE ] setting player 2 freeze to 2288
[2022-12-15 14:38:37] [SEVERE ] setting player 1 freeze to 2288
[2022-12-15 14:38:37] [SEVERE ] setting player 3 freeze to 2266
[2022-12-15 14:38:37] [SEVERE ] setting player 2 freeze to 2272
[2022-12-15 14:38:37] [SEVERE ] setting player 1 freeze to 2272
[2022-12-15 14:38:37] [SEVERE ] setting player 2 freeze to 2256
[2022-12-15 14:38:37] [SEVERE ] setting player 3 freeze to 2245
[2022-12-15 14:38:37] [SEVERE ] setting player 1 freeze to 2256
[2022-12-15 14:38:37] [SEVERE ] setting player 2 freeze to 2245
[2022-12-15 14:38:37] [SEVERE ] setting player 1 freeze to 2240
[2022-12-15 14:38:37] [SEVERE ] setting player 3 freeze to 2229
[2022-12-15 14:38:37] [SEVERE ] setting player 2 freeze to 2224
[2022-12-15 14:38:37] [SEVERE ] setting player 1 freeze to 2224
[2022-12-15 14:38:37] [SEVERE ] setting player 3 freeze to 2213
[2022-12-15 14:38:37] [SEVERE ] setting player 2 freeze to 2213
[2022-12-15 14:38:37] [SEVERE ] setting player 1 freeze to 2209
[2022-12-15 14:38:37] [SEVERE ] setting player 3 freeze to 2198
[2022-12-15 14:38:37] [SEVERE ] setting player 1 freeze to 2198
[2022-12-15 14:38:37] [SEVERE ] setting player 2 freeze to 2193
[2022-12-15 14:38:37] [SEVERE ] setting player 3 freeze to 2182
[2022-12-15 14:38:37] [SEVERE ] setting player 2 freeze to 2177
[2022-12-15 14:38:37] [SEVERE ] setting player 1 freeze to 2177
[2022-12-15 14:38:37] [SEVERE ] setting player 3 freeze to 2166
[2022-12-15 14:38:37] [SEVERE ] setting player 2 freeze to 2166
[2022-12-15 14:38:37] [SEVERE ] setting player 1 freeze to 2161
[2022-12-15 14:38:37] [SEVERE ] setting player 3 freeze to 2150
[2022-12-15 14:38:37] [SEVERE ] setting player 3 freeze to 2134
[2022-12-15 14:38:37] [SEVERE ] setting player 2 freeze to 2145
[2022-12-15 14:38:37] [SEVERE ] setting player 1 freeze to 2145
[2022-12-15 14:38:37] [SEVERE ] setting player 3 freeze to 2123
[2022-12-15 14:38:37] [SEVERE ] setting player 2 freeze to 2129
[2022-12-15 14:38:37] [SEVERE ] setting player 1 freeze to 2129
[2022-12-15 14:38:37] [SEVERE ] setting player 1 freeze to 2113
[2022-12-15 14:38:37] [SEVERE ] setting player 3 freeze to 2102
[2022-12-15 14:38:37] [SEVERE ] setting player 2 freeze to 2113
[2022-12-15 14:38:37] [SEVERE ] setting player 1 freeze to 2102
[2022-12-15 14:38:37] [SEVERE ] setting player 3 freeze to 2086
[2022-12-15 14:38:37] [SEVERE ] setting player 2 freeze to 2097
[2022-12-15 14:38:37] [SEVERE ] setting player 2 freeze to 2081
[2022-12-15 14:38:37] [SEVERE ] setting player 1 freeze to 2081
[2022-12-15 14:38:37] [SEVERE ] setting player 3 freeze to 2070
[2022-12-15 14:38:37] [SEVERE ] setting player 2 freeze to 2070
[2022-12-15 14:38:37] [SEVERE ] setting player 1 freeze to 2065
[2022-12-15 14:38:37] [SEVERE ] setting player 3 freeze to 2054
[2022-12-15 14:38:37] [SEVERE ] setting player 3 freeze to 2039
[2022-12-15 14:38:37] [SEVERE ] setting player 2 freeze to 2050
[2022-12-15 14:38:37] [SEVERE ] setting player 1 freeze to 2050
[2022-12-15 14:38:37] [SEVERE ] setting player 3 freeze to 2028
[2022-12-15 14:38:37] [SEVERE ] setting player 2 freeze to 2034
[2022-12-15 14:38:37] [SEVERE ] setting player 1 freeze to 2034
[2022-12-15 14:38:37] [SEVERE ] setting player 3 freeze to 2007
[2022-12-15 14:38:37] [SEVERE ] setting player 1 freeze to 2018
[2022-12-15 14:38:37] [SEVERE ] setting player 2 freeze to 2018
[2022-12-15 14:38:37] [SEVERE ] setting player 3 freeze to 1996
[2022-12-15 14:38:37] [SEVERE ] setting player 1 freeze to 2002
[2022-12-15 14:38:37] [SEVERE ] setting player 2 freeze to 2002
[2022-12-15 14:38:37] [SEVERE ] setting player 3 freeze to 1976
[2022-12-15 14:38:37] [SEVERE ] setting player 1 freeze to 1987
[2022-12-15 14:38:37] [SEVERE ] setting player 2 freeze to 1987
[2022-12-15 14:38:37] [SEVERE ] setting player 3 freeze to 1965
[2022-12-15 14:38:37] [SEVERE ] setting player 1 freeze to 1971
[2022-12-15 14:38:37] [SEVERE ] setting player 2 freeze to 1971
[2022-12-15 14:38:37] [SEVERE ] setting player 2 freeze to 1955
[2022-12-15 14:38:37] [SEVERE ] setting player 3 freeze to 1944
[2022-12-15 14:38:37] [SEVERE ] setting player 1 freeze to 1955
[2022-12-15 14:38:37] [SEVERE ] setting player 2 freeze to 1944
[2022-12-15 14:38:37] [SEVERE ] setting player 3 freeze to 1929
[2022-12-15 14:38:37] [SEVERE ] setting player 1 freeze to 1940
[2022-12-15 14:38:37] [SEVERE ] setting player 3 freeze to 1913
[2022-12-15 14:38:37] [SEVERE ] setting player 2 freeze to 1924
[2022-12-15 14:38:37] [SEVERE ] setting player 1 freeze to 1924
[2022-12-15 14:38:37] [SEVERE ] setting player 3 freeze to 1902
[2022-12-15 14:38:37] [SEVERE ] setting player 2 freeze to 1908
[2022-12-15 14:38:37] [SEVERE ] setting player 1 freeze to 1908
[2022-12-15 14:38:37] [SEVERE ] setting player 1 freeze to 1892
[2022-12-15 14:38:37] [SEVERE ] setting player 2 freeze to 1892
[2022-12-15 14:38:37] [SEVERE ] setting player 3 freeze to 1881
[2022-12-15 14:38:37] [SEVERE ] setting player 1 freeze to 1881
[2022-12-15 14:38:37] [SEVERE ] setting player 3 freeze to 1865
[2022-12-15 14:38:37] [SEVERE ] setting player 2 freeze to 1876
[2022-12-15 14:38:37] [SEVERE ] setting player 1 freeze to 1860
[2022-12-15 14:38:37] [SEVERE ] setting player 3 freeze to 1849
[2022-12-15 14:38:37] [SEVERE ] setting player 2 freeze to 1860
[2022-12-15 14:38:37] [SEVERE ] setting player 1 freeze to 1849
[2022-12-15 14:38:37] [SEVERE ] setting player 2 freeze to 1844
[2022-12-15 14:38:37] [SEVERE ] setting player 3 freeze to 1833
[2022-12-15 14:38:37] [SEVERE ] setting player 2 freeze to 1828
[2022-12-15 14:38:37] [SEVERE ] setting player 1 freeze to 1828
[2022-12-15 14:38:37] [SEVERE ] setting player 3 freeze to 1817
[2022-12-15 14:38:37] [SEVERE ] setting player 2 freeze to 1817
[2022-12-15 14:38:37] [SEVERE ] setting player 1 freeze to 1812
[2022-12-15 14:38:37] [SEVERE ] setting player 3 freeze to 1801
[2022-12-15 14:38:37] [SEVERE ] setting player 2 freeze to 1796
[2022-12-15 14:38:37] [SEVERE ] setting player 3 freeze to 1785
[2022-12-15 14:38:37] [SEVERE ] setting player 1 freeze to 1796
[2022-12-15 14:38:37] [SEVERE ] setting player 2 freeze to 1785
[2022-12-15 14:38:37] [SEVERE ] setting player 1 freeze to 1780
[2022-12-15 14:38:37] [SEVERE ] setting player 3 freeze to 1769
[2022-12-15 14:38:37] [SEVERE ] setting player 3 freeze to 1753
[2022-12-15 14:38:37] [SEVERE ] setting player 2 freeze to 1764
[2022-12-15 14:38:37] [SEVERE ] setting player 1 freeze to 1764
[2022-12-15 14:38:37] [SEVERE ] setting player 3 freeze to 1742
[2022-12-15 14:38:37] [SEVERE ] setting player 1 freeze to 1748
[2022-12-15 14:38:37] [SEVERE ] setting player 2 freeze to 1748
[2022-12-15 14:38:37] [SEVERE ] setting player 1 freeze to 1737
[2022-12-15 14:38:37] [SEVERE ] setting player 2 freeze to 1732
[2022-12-15 14:38:37] [SEVERE ] setting player 3 freeze to 1721
[2022-12-15 14:38:37] [SEVERE ] setting player 2 freeze to 1716
[2022-12-15 14:38:37] [SEVERE ] setting player 3 freeze to 1705
[2022-12-15 14:38:37] [SEVERE ] setting player 1 freeze to 1716
[2022-12-15 14:38:37] [SEVERE ] setting player 2 freeze to 1705
[2022-12-15 14:38:37] [SEVERE ] setting player 3 freeze to 1689
[2022-12-15 14:38:37] [SEVERE ] setting player 1 freeze to 1700
[2022-12-15 14:38:37] [SEVERE ] setting player 2 freeze to 1684
[2022-12-15 14:38:37] [SEVERE ] setting player 1 freeze to 1684
[2022-12-15 14:38:37] [SEVERE ] setting player 3 freeze to 1673
[2022-12-15 14:38:37] [SEVERE ] setting player 2 freeze to 1674
[2022-12-15 14:38:37] [SEVERE ] setting player 1 freeze to 1669
[2022-12-15 14:38:37] [SEVERE ] setting player 3 freeze to 1658
[2022-12-15 14:38:37] [SEVERE ] setting player 2 freeze to 1653
[2022-12-15 14:38:37] [SEVERE ] setting player 3 freeze to 1642
[2022-12-15 14:38:37] [SEVERE ] setting player 1 freeze to 1653
[2022-12-15 14:38:37] [SEVERE ] setting player 2 freeze to 1641
[2022-12-15 14:38:37] [SEVERE ] setting player 3 freeze to 1626
[2022-12-15 14:38:37] [SEVERE ] setting player 1 freeze to 1637
[2022-12-15 14:38:37] [SEVERE ] setting player 3 freeze to 1610
[2022-12-15 14:38:37] [SEVERE ] setting player 2 freeze to 1621
[2022-12-15 14:38:37] [SEVERE ] setting player 1 freeze to 1621
[2022-12-15 14:38:37] [SEVERE ] setting player 3 freeze to 1599
[2022-12-15 14:38:37] [SEVERE ] setting player 2 freeze to 1605
[2022-12-15 14:38:37] [SEVERE ] setting player 1 freeze to 1605
[2022-12-15 14:38:37] [SEVERE ] setting player 2 freeze to 1589
[2022-12-15 14:38:37] [SEVERE ] setting player 1 freeze to 1589
[2022-12-15 14:38:37] [SEVERE ] setting player 3 freeze to 1578
[2022-12-15 14:38:37] [SEVERE ] setting player 2 freeze to 1578
[2022-12-15 14:38:37] [SEVERE ] setting player 1 freeze to 1573
[2022-12-15 14:38:37] [SEVERE ] setting player 3 freeze to 1562
[2022-12-15 14:38:37] [SEVERE ] setting player 1 freeze to 1557
[2022-12-15 14:38:37] [SEVERE ] setting player 2 freeze to 1557
[2022-12-15 14:38:37] [SEVERE ] setting player 3 freeze to 1546
[2022-12-15 14:38:37] [SEVERE ] setting player 1 freeze to 1546
[2022-12-15 14:38:37] [SEVERE ] setting player 2 freeze to 1541
[2022-12-15 14:38:37] [SEVERE ] setting player 3 freeze to 1530
[2022-12-15 14:38:37] [SEVERE ] setting player 2 freeze to 1525
[2022-12-15 14:38:37] [SEVERE ] setting player 3 freeze to 1514
[2022-12-15 14:38:37] [SEVERE ] setting player 1 freeze to 1525
[2022-12-15 14:38:37] [SEVERE ] setting player 2 freeze to 1514
[2022-12-15 14:38:37] [SEVERE ] setting player 1 freeze to 1510
[2022-12-15 14:38:37] [SEVERE ] setting player 3 freeze to 1499
[2022-12-15 14:38:37] [SEVERE ] setting player 2 freeze to 1494
[2022-12-15 14:38:37] [SEVERE ] setting player 3 freeze to 1483
[2022-12-15 14:38:37] [SEVERE ] setting player 1 freeze to 1494
[2022-12-15 14:38:37] [SEVERE ] setting player 1 freeze to 1478
[2022-12-15 14:38:37] [SEVERE ] setting player 3 freeze to 1467
[2022-12-15 14:38:37] [SEVERE ] setting player 2 freeze to 1478
[2022-12-15 14:38:37] [SEVERE ] setting player 1 freeze to 1467
[2022-12-15 14:38:37] [SEVERE ] setting player 3 freeze to 1451
[2022-12-15 14:38:37] [SEVERE ] setting player 2 freeze to 1462
[2022-12-15 14:38:37] [SEVERE ] setting player 1 freeze to 1446
[2022-12-15 14:38:37] [SEVERE ] setting player 3 freeze to 1435
[2022-12-15 14:38:37] [SEVERE ] setting player 2 freeze to 1446
[2022-12-15 14:38:37] [SEVERE ] setting player 1 freeze to 1435
[2022-12-15 14:38:37] [SEVERE ] setting player 2 freeze to 1430
[2022-12-15 14:38:37] [SEVERE ] setting player 3 freeze to 1419
[2022-12-15 14:38:37] [SEVERE ] setting player 2 freeze to 1415
[2022-12-15 14:38:37] [SEVERE ] setting player 1 freeze to 1415
[2022-12-15 14:38:37] [SEVERE ] setting player 3 freeze to 1404
[2022-12-15 14:38:37] [SEVERE ] setting player 2 freeze to 1403
[2022-12-15 14:38:37] [SEVERE ] setting player 1 freeze to 1399
[2022-12-15 14:38:37] [SEVERE ] setting player 3 freeze to 1388
[2022-12-15 14:38:37] [SEVERE ] setting player 1 freeze to 1383
[2022-12-15 14:38:37] [SEVERE ] setting player 2 freeze to 1383
[2022-12-15 14:38:37] [SEVERE ] setting player 3 freeze to 1372
[2022-12-15 14:38:37] [SEVERE ] setting player 1 freeze to 1372
[2022-12-15 14:38:37] [SEVERE ] setting player 2 freeze to 1367
[2022-12-15 14:38:37] [SEVERE ] setting player 3 freeze to 1356
[2022-12-15 14:38:37] [SEVERE ] setting player 3 freeze to 1340
[2022-12-15 14:38:37] [SEVERE ] setting player 1 freeze to 1351
[2022-12-15 14:38:37] [SEVERE ] setting player 2 freeze to 1351
[2022-12-15 14:38:37] [SEVERE ] setting player 3 freeze to 1329
[2022-12-15 14:38:37] [SEVERE ] setting player 2 freeze to 1335
[2022-12-15 14:38:37] [SEVERE ] setting player 1 freeze to 1335
[2022-12-15 14:38:38] [SEVERE ] setting player 1 freeze to 1319
[2022-12-15 14:38:38] [SEVERE ] setting player 3 freeze to 1308
[2022-12-15 14:38:38] [SEVERE ] setting player 2 freeze to 1319
[2022-12-15 14:38:38] [SEVERE ] setting player 1 freeze to 1309
[2022-12-15 14:38:38] [SEVERE ] setting player 3 freeze to 1293
[2022-12-15 14:38:38] [SEVERE ] setting player 2 freeze to 1304
[2022-12-15 14:38:38] [SEVERE ] setting player 2 freeze to 1288
[2022-12-15 14:38:38] [SEVERE ] setting player 3 freeze to 1277
[2022-12-15 14:38:38] [SEVERE ] setting player 1 freeze to 1288
[2022-12-15 14:38:38] [SEVERE ] setting player 2 freeze to 1277
[2022-12-15 14:38:38] [SEVERE ] setting player 1 freeze to 1273
[2022-12-15 14:38:38] [SEVERE ] setting player 3 freeze to 1262
[2022-12-15 14:38:38] [SEVERE ] setting player 3 freeze to 1246
[2022-12-15 14:38:38] [SEVERE ] setting player 2 freeze to 1257
[2022-12-15 14:38:38] [SEVERE ] setting player 1 freeze to 1257
[2022-12-15 14:38:38] [SEVERE ] setting player 3 freeze to 1235
[2022-12-15 14:38:38] [SEVERE ] setting player 1 freeze to 1241
[2022-12-15 14:38:38] [SEVERE ] setting player 2 freeze to 1241
[2022-12-15 14:38:38] [SEVERE ] setting player 1 freeze to 1225
[2022-12-15 14:38:38] [SEVERE ] setting player 3 freeze to 1214
[2022-12-15 14:38:38] [SEVERE ] setting player 2 freeze to 1225
[2022-12-15 14:38:38] [SEVERE ] setting player 1 freeze to 1214
[2022-12-15 14:38:38] [SEVERE ] setting player 2 freeze to 1209
[2022-12-15 14:38:38] [SEVERE ] setting player 3 freeze to 1198
[2022-12-15 14:38:38] [SEVERE ] setting player 2 freeze to 1193
[2022-12-15 14:38:38] [SEVERE ] setting player 1 freeze to 1193
[2022-12-15 14:38:38] [SEVERE ] setting player 3 freeze to 1182
[2022-12-15 14:38:38] [SEVERE ] setting player 2 freeze to 1181
[2022-12-15 14:38:38] [SEVERE ] setting player 3 freeze to 1166
[2022-12-15 14:38:38] [SEVERE ] setting player 1 freeze to 1177
[2022-12-15 14:38:38] [SEVERE ] setting player 1 freeze to 1161
[2022-12-15 14:38:38] [SEVERE ] setting player 3 freeze to 1150
[2022-12-15 14:38:38] [SEVERE ] setting player 2 freeze to 1161
[2022-12-15 14:38:38] [SEVERE ] setting player 1 freeze to 1150
[2022-12-15 14:38:38] [SEVERE ] setting player 2 freeze to 1145
[2022-12-15 14:38:38] [SEVERE ] setting player 3 freeze to 1134
[2022-12-15 14:38:38] [SEVERE ] setting player 3 freeze to 1118
[2022-12-15 14:38:38] [SEVERE ] setting player 1 freeze to 1129
[2022-12-15 14:38:38] [SEVERE ] setting player 2 freeze to 1129
[2022-12-15 14:38:38] [SEVERE ] setting player 3 freeze to 1107
[2022-12-15 14:38:38] [SEVERE ] setting player 1 freeze to 1113
[2022-12-15 14:38:38] [SEVERE ] setting player 2 freeze to 1113
[2022-12-15 14:38:38] [SEVERE ] setting player 2 freeze to 1097
[2022-12-15 14:38:38] [SEVERE ] setting player 1 freeze to 1097
[2022-12-15 14:38:38] [SEVERE ] setting player 3 freeze to 1086
[2022-12-15 14:38:38] [SEVERE ] setting player 2 freeze to 1086
[2022-12-15 14:38:38] [SEVERE ] setting player 3 freeze to 1071
[2022-12-15 14:38:38] [SEVERE ] setting player 1 freeze to 1082
[2022-12-15 14:38:38] [SEVERE ] setting player 2 freeze to 1066
[2022-12-15 14:38:38] [SEVERE ] setting player 1 freeze to 1066
[2022-12-15 14:38:38] [SEVERE ] setting player 3 freeze to 1055
[2022-12-15 14:38:38] [SEVERE ] setting player 2 freeze to 1055
[2022-12-15 14:38:38] [SEVERE ] setting player 3 freeze to 1039
[2022-12-15 14:38:38] [SEVERE ] setting player 1 freeze to 1050
[2022-12-15 14:38:38] [SEVERE ] setting player 2 freeze to 1035
[2022-12-15 14:38:38] [SEVERE ] setting player 3 freeze to 1024
[2022-12-15 14:38:38] [SEVERE ] setting player 1 freeze to 1035
[2022-12-15 14:38:38] [SEVERE ] setting player 2 freeze to 1024
[2022-12-15 14:38:38] [SEVERE ] setting player 3 freeze to 1008
[2022-12-15 14:38:38] [SEVERE ] setting player 1 freeze to 1019
[2022-12-15 14:38:38] [SEVERE ] setting player 2 freeze to 1003
[2022-12-15 14:38:38] [SEVERE ] setting player 1 freeze to 1003
[2022-12-15 14:38:38] [SEVERE ] setting player 3 freeze to 992
[2022-12-15 14:38:38] [SEVERE ] setting player 2 freeze to 992
[2022-12-15 14:38:38] [SEVERE ] setting player 3 freeze to 976
[2022-12-15 14:38:38] [SEVERE ] setting player 1 freeze to 987
[2022-12-15 14:38:38] [SEVERE ] setting player 2 freeze to 971
[2022-12-15 14:38:38] [SEVERE ] setting player 3 freeze to 960
[2022-12-15 14:38:38] [SEVERE ] setting player 1 freeze to 971
[2022-12-15 14:38:38] [SEVERE ] setting player 2 freeze to 960
[2022-12-15 14:38:38] [SEVERE ] setting player 1 freeze to 955
[2022-12-15 14:38:38] [SEVERE ] setting player 3 freeze to 944
[2022-12-15 14:38:38] [SEVERE ] setting player 1 freeze to 940
[2022-12-15 14:38:38] [SEVERE ] setting player 2 freeze to 940
[2022-12-15 14:38:38] [SEVERE ] setting player 3 freeze to 929
[2022-12-15 14:38:38] [SEVERE ] setting player 1 freeze to 929
[2022-12-15 14:38:38] [SEVERE ] setting player 3 freeze to 913
[2022-12-15 14:38:38] [SEVERE ] setting player 2 freeze to 924
[2022-12-15 14:38:38] [SEVERE ] setting player 2 freeze to 909
[2022-12-15 14:38:38] [SEVERE ] setting player 1 freeze to 909
[2022-12-15 14:38:38] [SEVERE ] setting player 3 freeze to 898
[2022-12-15 14:38:38] [SEVERE ] setting player 2 freeze to 898
[2022-12-15 14:38:38] [SEVERE ] setting player 1 freeze to 893
[2022-12-15 14:38:38] [SEVERE ] setting player 3 freeze to 882
[2022-12-15 14:38:38] [SEVERE ] setting player 3 freeze to 866
[2022-12-15 14:38:38] [SEVERE ] setting player 2 freeze to 877
[2022-12-15 14:38:38] [SEVERE ] setting player 1 freeze to 877
[2022-12-15 14:38:38] [SEVERE ] setting player 3 freeze to 854
[2022-12-15 14:38:38] [SEVERE ] setting player 1 freeze to 862
[2022-12-15 14:38:38] [SEVERE ] setting player 2 freeze to 862
[2022-12-15 14:38:38] [SEVERE ] setting player 1 freeze to 847
[2022-12-15 14:38:38] [SEVERE ] setting player 3 freeze to 836
[2022-12-15 14:38:38] [SEVERE ] setting player 2 freeze to 847
[2022-12-15 14:38:38] [SEVERE ] setting player 1 freeze to 836
[2022-12-15 14:38:38] [SEVERE ] setting player 3 freeze to 820
[2022-12-15 14:38:38] [SEVERE ] setting player 2 freeze to 831
[2022-12-15 14:38:38] [SEVERE ] setting player 1 freeze to 815
[2022-12-15 14:38:38] [SEVERE ] setting player 2 freeze to 815
[2022-12-15 14:38:38] [SEVERE ] setting player 3 freeze to 804
[2022-12-15 14:38:38] [SEVERE ] setting player 1 freeze to 803
[2022-12-15 14:38:38] [SEVERE ] setting player 2 freeze to 799
[2022-12-15 14:38:38] [SEVERE ] setting player 3 freeze to 788
[2022-12-15 14:38:38] [SEVERE ] setting player 2 freeze to 783
[2022-12-15 14:38:38] [SEVERE ] setting player 1 freeze to 783
[2022-12-15 14:38:38] [SEVERE ] setting player 3 freeze to 772
[2022-12-15 14:38:38] [SEVERE ] setting player 2 freeze to 772
[2022-12-15 14:38:38] [SEVERE ] setting player 3 freeze to 756
[2022-12-15 14:38:38] [SEVERE ] setting player 1 freeze to 767
[2022-12-15 14:38:38] [SEVERE ] setting player 1 freeze to 751
[2022-12-15 14:38:38] [SEVERE ] setting player 3 freeze to 740
[2022-12-15 14:38:38] [SEVERE ] setting player 2 freeze to 751
[2022-12-15 14:38:38] [SEVERE ] setting player 1 freeze to 740
[2022-12-15 14:38:38] [SEVERE ] setting player 3 freeze to 724
[2022-12-15 14:38:38] [SEVERE ] setting player 2 freeze to 735
[2022-12-15 14:38:38] [SEVERE ] setting player 3 freeze to 708
[2022-12-15 14:38:38] [SEVERE ] setting player 1 freeze to 719
[2022-12-15 14:38:38] [SEVERE ] setting player 2 freeze to 719
[2022-12-15 14:38:38] [SEVERE ] setting player 3 freeze to 696
[2022-12-15 14:38:38] [SEVERE ] setting player 1 freeze to 703
[2022-12-15 14:38:38] [SEVERE ] setting player 2 freeze to 703
[2022-12-15 14:38:38] [SEVERE ] setting player 2 freeze to 687
[2022-12-15 14:38:38] [SEVERE ] setting player 3 freeze to 676
[2022-12-15 14:38:38] [SEVERE ] setting player 1 freeze to 687
[2022-12-15 14:38:38] [SEVERE ] Exit button pressed
[2022-12-15 14:38:38] [SEVERE ] setting player 2 freeze to 676
[2022-12-15 14:38:38] [SEVERE ] announcing winners: [0, 1, 2, 3]
[2022-12-15 14:38:38] [INFO   ] Thread dealer terminated.
[2022-12-15 14:38:38] [INFO   ] Thread main terminated.
