[2022-12-12 17:44:18] [INFO   ] cannot read configuration file config.properties trying from resources.
[2022-12-12 17:44:18] [INFO   ] configuration file was loaded from resources directory.
[2022-12-12 17:44:19] [INFO   ] Thread dealer starting.
[2022-12-12 17:44:19] [INFO   ] Thread Player 0starting.
[2022-12-12 17:44:19] [INFO   ] Thread Player 1starting.
[2022-12-12 17:44:19] [SEVERE ] placing card 74 in slot 0
[2022-12-12 17:44:19] [SEVERE ] placing card 8 in slot 1
[2022-12-12 17:44:19] [SEVERE ] placing card 47 in slot 2
[2022-12-12 17:44:19] [SEVERE ] placing card 52 in slot 3
[2022-12-12 17:44:19] [SEVERE ] placing card 56 in slot 4
[2022-12-12 17:44:19] [SEVERE ] placing card 5 in slot 5
[2022-12-12 17:44:20] [SEVERE ] placing card 53 in slot 6
[2022-12-12 17:44:20] [SEVERE ] placing card 19 in slot 7
[2022-12-12 17:44:20] [SEVERE ] placing card 67 in slot 8
[2022-12-12 17:44:20] [SEVERE ] placing card 50 in slot 9
[2022-12-12 17:44:20] [SEVERE ] placing card 45 in slot 10
[2022-12-12 17:44:20] [SEVERE ] placing card 40 in slot 11
[2022-12-12 17:44:22] [SEVERE ] Key 81 was pressed by player 0
[2022-12-12 17:44:22] [SEVERE ] player 0 placing token on slot 0
[2022-12-12 17:44:22] [SEVERE ] Key 87 was pressed by player 0
[2022-12-12 17:44:22] [SEVERE ] player 0 placing token on slot 1
[2022-12-12 17:44:22] [SEVERE ] Key 69 was pressed by player 0
[2022-12-12 17:44:22] [SEVERE ] player 0 placing token on slot 2
[2022-12-12 17:44:22] [SEVERE ] setting player 0 freeze to 1000
[2022-12-12 17:44:22] [SEVERE ] removing player 0 token from slot 0
[2022-12-12 17:44:22] [SEVERE ] removing player 0 token from slot 1
[2022-12-12 17:44:22] [SEVERE ] removing player 0 token from slot 2
[2022-12-12 17:44:26] [SEVERE ] Key 81 was pressed by player 0
[2022-12-12 17:44:26] [SEVERE ] player 0 placing token on slot 0
[2022-12-12 17:44:26] [SEVERE ] Key 87 was pressed by player 0
[2022-12-12 17:44:26] [SEVERE ] player 0 placing token on slot 1
[2022-12-12 17:44:26] [SEVERE ] Key 69 was pressed by player 0
[2022-12-12 17:44:26] [SEVERE ] player 0 placing token on slot 2
[2022-12-12 17:44:26] [SEVERE ] setting player 0 freeze to 1000
