[2022-12-12 16:58:26] [INFO   ] cannot read configuration file config.properties trying from resources.
[2022-12-12 16:58:26] [INFO   ] configuration file was loaded from resources directory.
[2022-12-12 16:58:26] [INFO   ] Thread dealer starting.
[2022-12-12 16:58:27] [SEVERE ] placing card 30 in slot 0
[2022-12-12 16:58:27] [SEVERE ] placing card 60 in slot 1
[2022-12-12 16:58:27] [SEVERE ] placing card 69 in slot 2
[2022-12-12 16:58:27] [SEVERE ] placing card 49 in slot 3
[2022-12-12 16:58:27] [SEVERE ] placing card 73 in slot 4
[2022-12-12 16:58:27] [SEVERE ] placing card 70 in slot 5
[2022-12-12 16:58:27] [SEVERE ] placing card 79 in slot 6
[2022-12-12 16:58:27] [SEVERE ] placing card 46 in slot 7
[2022-12-12 16:58:27] [SEVERE ] placing card 3 in slot 8
[2022-12-12 16:58:28] [SEVERE ] placing card 1 in slot 9
[2022-12-12 16:58:28] [SEVERE ] placing card 44 in slot 10
[2022-12-12 16:58:28] [SEVERE ] placing card 47 in slot 11
[2022-12-12 16:58:34] [SEVERE ] Key 81 was pressed by player 0
[2022-12-12 16:58:34] [SEVERE ] player 0 placing token on slot 0
[2022-12-12 16:58:35] [SEVERE ] Key 87 was pressed by player 0
[2022-12-12 16:58:35] [SEVERE ] player 0 placing token on slot 1
[2022-12-12 16:58:36] [SEVERE ] Key 69 was pressed by player 0
[2022-12-12 16:58:36] [SEVERE ] player 0 placing token on slot 2
[2022-12-12 16:58:36] [SEVERE ] setting player 0 freeze to 1000
[2022-12-12 16:58:38] [SEVERE ] removing player 0 token from slot 0
[2022-12-12 16:58:38] [SEVERE ] removing player 0 token from slot 1
[2022-12-12 16:58:38] [SEVERE ] removing player 0 token from slot 2
[2022-12-12 16:58:38] [SEVERE ] Key 81 was pressed by player 0
[2022-12-12 16:58:38] [SEVERE ] player 0 placing token on slot 0
[2022-12-12 16:58:38] [SEVERE ] Key 87 was pressed by player 0
[2022-12-12 16:58:38] [SEVERE ] player 0 placing token on slot 1
[2022-12-12 16:58:39] [SEVERE ] Key 69 was pressed by player 0
[2022-12-12 16:58:39] [SEVERE ] player 0 placing token on slot 2
[2022-12-12 16:58:39] [SEVERE ] setting player 0 freeze to 1000
[2022-12-12 16:58:41] [SEVERE ] removing player 0 token from slot 0
[2022-12-12 16:58:41] [SEVERE ] removing player 0 token from slot 1
[2022-12-12 16:58:41] [SEVERE ] removing player 0 token from slot 2
[2022-12-12 16:58:43] [SEVERE ] removing card from slot 0
[2022-12-12 16:58:43] [SEVERE ] removing card from slot 1
[2022-12-12 16:58:43] [SEVERE ] removing card from slot 2
[2022-12-12 16:58:43] [SEVERE ] removing card from slot 3
[2022-12-12 16:58:43] [SEVERE ] removing card from slot 4
[2022-12-12 16:58:43] [SEVERE ] removing card from slot 5
[2022-12-12 16:58:43] [SEVERE ] removing card from slot 6
[2022-12-12 16:58:44] [SEVERE ] removing card from slot 7
[2022-12-12 16:58:44] [SEVERE ] removing card from slot 8
[2022-12-12 16:58:44] [SEVERE ] removing card from slot 9
[2022-12-12 16:58:44] [SEVERE ] removing card from slot 10
[2022-12-12 16:58:44] [SEVERE ] removing card from slot 11
[2022-12-12 16:58:44] [SEVERE ] placing card 74 in slot 0
[2022-12-12 16:58:44] [SEVERE ] placing card 42 in slot 1
[2022-12-12 16:58:44] [SEVERE ] placing card 9 in slot 2
[2022-12-12 16:58:44] [SEVERE ] placing card 5 in slot 3
[2022-12-12 16:58:44] [SEVERE ] placing card 7 in slot 4
[2022-12-12 16:58:45] [SEVERE ] placing card 15 in slot 5
[2022-12-12 16:58:45] [SEVERE ] placing card 58 in slot 6
[2022-12-12 16:58:45] [SEVERE ] placing card 66 in slot 7
[2022-12-12 16:58:45] [SEVERE ] placing card 31 in slot 8
[2022-12-12 16:58:45] [SEVERE ] placing card 33 in slot 9
[2022-12-12 16:58:45] [SEVERE ] placing card 67 in slot 10
[2022-12-12 16:58:45] [SEVERE ] placing card 11 in slot 11
[2022-12-12 16:58:48] [SEVERE ] Key 69 was pressed by player 0
[2022-12-12 16:58:48] [SEVERE ] player 0 placing token on slot 2
[2022-12-12 16:58:48] [SEVERE ] Key 87 was pressed by player 0
[2022-12-12 16:58:48] [SEVERE ] player 0 placing token on slot 1
[2022-12-12 16:58:48] [SEVERE ] Key 81 was pressed by player 0
[2022-12-12 16:58:48] [SEVERE ] player 0 placing token on slot 0
[2022-12-12 16:58:48] [SEVERE ] setting player 0 freeze to 1000
[2022-12-12 16:58:50] [SEVERE ] removing player 0 token from slot 2
[2022-12-12 16:58:50] [SEVERE ] removing player 0 token from slot 1
[2022-12-12 16:58:50] [SEVERE ] removing player 0 token from slot 0
[2022-12-12 16:58:52] [SEVERE ] Key 73 was pressed by player 1
[2022-12-12 16:58:52] [SEVERE ] player 1 placing token on slot 1
[2022-12-12 16:58:52] [SEVERE ] Key 79 was pressed by player 1
[2022-12-12 16:58:52] [SEVERE ] player 1 placing token on slot 2
[2022-12-12 16:58:53] [SEVERE ] Key 74 was pressed by player 1
[2022-12-12 16:58:53] [SEVERE ] player 1 placing token on slot 4
[2022-12-12 16:58:53] [SEVERE ] setting player 1 freeze to 1000
[2022-12-12 16:58:55] [SEVERE ] removing player 1 token from slot 1
[2022-12-12 16:58:55] [SEVERE ] removing player 1 token from slot 2
[2022-12-12 16:58:55] [SEVERE ] removing player 1 token from slot 4
[2022-12-12 16:58:55] [SEVERE ] Key 75 was pressed by player 1
[2022-12-12 16:58:55] [SEVERE ] player 1 placing token on slot 5
