[2022-12-12 17:07:31] [INFO   ] cannot read configuration file config.properties trying from resources.
[2022-12-12 17:07:31] [INFO   ] configuration file was loaded from resources directory.
[2022-12-12 17:07:31] [INFO   ] Thread dealer starting.
[2022-12-12 17:07:31] [INFO   ] Thread Player 0starting.
[2022-12-12 17:07:31] [INFO   ] Thread Player 1starting.
[2022-12-12 17:07:31] [SEVERE ] placing card 30 in slot 0
[2022-12-12 17:07:32] [SEVERE ] placing card 76 in slot 1
[2022-12-12 17:07:32] [SEVERE ] placing card 20 in slot 2
[2022-12-12 17:07:32] [SEVERE ] placing card 59 in slot 3
[2022-12-12 17:07:32] [SEVERE ] placing card 37 in slot 4
[2022-12-12 17:07:32] [SEVERE ] placing card 54 in slot 5
[2022-12-12 17:07:32] [SEVERE ] placing card 60 in slot 6
[2022-12-12 17:07:32] [SEVERE ] placing card 14 in slot 7
[2022-12-12 17:07:32] [SEVERE ] placing card 75 in slot 8
[2022-12-12 17:07:32] [SEVERE ] placing card 23 in slot 9
[2022-12-12 17:07:32] [SEVERE ] placing card 27 in slot 10
[2022-12-12 17:07:33] [SEVERE ] placing card 62 in slot 11
[2022-12-12 17:07:34] [SEVERE ] Key 81 was pressed by player 0
[2022-12-12 17:07:34] [SEVERE ] player 0 placing token on slot 0
[2022-12-12 17:07:34] [SEVERE ] Key 87 was pressed by player 0
[2022-12-12 17:07:34] [SEVERE ] player 0 placing token on slot 1
[2022-12-12 17:07:34] [SEVERE ] Key 69 was pressed by player 0
[2022-12-12 17:07:34] [SEVERE ] player 0 placing token on slot 2
[2022-12-12 17:07:34] [SEVERE ] setting player 0 freeze to 1000
[2022-12-12 17:07:35] [SEVERE ] removing player 0 token from slot 0
[2022-12-12 17:07:35] [SEVERE ] removing player 0 token from slot 1
[2022-12-12 17:07:35] [SEVERE ] removing player 0 token from slot 2
[2022-12-12 17:07:48] [SEVERE ] removing card from slot 0
[2022-12-12 17:07:48] [SEVERE ] removing card from slot 1
[2022-12-12 17:07:48] [SEVERE ] removing card from slot 2
[2022-12-12 17:07:48] [SEVERE ] removing card from slot 3
[2022-12-12 17:07:48] [SEVERE ] removing card from slot 4
[2022-12-12 17:07:48] [SEVERE ] removing card from slot 5
[2022-12-12 17:07:48] [SEVERE ] removing card from slot 6
[2022-12-12 17:07:48] [SEVERE ] removing card from slot 7
[2022-12-12 17:07:48] [SEVERE ] removing card from slot 8
[2022-12-12 17:07:49] [SEVERE ] removing card from slot 9
[2022-12-12 17:07:49] [SEVERE ] removing card from slot 10
[2022-12-12 17:07:49] [SEVERE ] removing card from slot 11
[2022-12-12 17:07:49] [SEVERE ] placing card 6 in slot 0
[2022-12-12 17:07:49] [SEVERE ] placing card 30 in slot 1
[2022-12-12 17:07:49] [SEVERE ] placing card 56 in slot 2
[2022-12-12 17:07:49] [SEVERE ] placing card 51 in slot 3
[2022-12-12 17:07:49] [SEVERE ] placing card 34 in slot 4
[2022-12-12 17:07:49] [SEVERE ] placing card 12 in slot 5
[2022-12-12 17:07:49] [SEVERE ] placing card 18 in slot 6
[2022-12-12 17:07:50] [SEVERE ] placing card 60 in slot 7
[2022-12-12 17:07:50] [SEVERE ] placing card 79 in slot 8
[2022-12-12 17:07:50] [SEVERE ] placing card 75 in slot 9
[2022-12-12 17:07:50] [SEVERE ] placing card 71 in slot 10
[2022-12-12 17:07:50] [SEVERE ] placing card 52 in slot 11
