[2022-12-12 17:43:48] [INFO   ] cannot read configuration file config.properties trying from resources.
[2022-12-12 17:43:48] [INFO   ] configuration file was loaded from resources directory.
[2022-12-12 17:43:49] [INFO   ] Thread dealer starting.
[2022-12-12 17:43:49] [INFO   ] Thread Player 0starting.
[2022-12-12 17:43:49] [INFO   ] Thread Player 1starting.
[2022-12-12 17:43:49] [SEVERE ] placing card 12 in slot 0
[2022-12-12 17:43:49] [SEVERE ] placing card 37 in slot 1
[2022-12-12 17:43:50] [SEVERE ] placing card 17 in slot 2
[2022-12-12 17:43:50] [SEVERE ] placing card 66 in slot 3
[2022-12-12 17:43:50] [SEVERE ] placing card 73 in slot 4
[2022-12-12 17:43:50] [SEVERE ] placing card 72 in slot 5
[2022-12-12 17:43:50] [SEVERE ] placing card 32 in slot 6
[2022-12-12 17:43:50] [SEVERE ] placing card 43 in slot 7
[2022-12-12 17:43:50] [SEVERE ] placing card 19 in slot 8
[2022-12-12 17:43:50] [SEVERE ] placing card 51 in slot 9
[2022-12-12 17:43:50] [SEVERE ] placing card 6 in slot 10
[2022-12-12 17:43:50] [SEVERE ] placing card 26 in slot 11
[2022-12-12 17:43:51] [SEVERE ] Key 81 was pressed by player 0
[2022-12-12 17:43:51] [SEVERE ] player 0 placing token on slot 0
[2022-12-12 17:43:51] [SEVERE ] Key 87 was pressed by player 0
[2022-12-12 17:43:51] [SEVERE ] player 0 placing token on slot 1
[2022-12-12 17:43:51] [SEVERE ] Key 69 was pressed by player 0
[2022-12-12 17:43:51] [SEVERE ] player 0 placing token on slot 2
[2022-12-12 17:43:51] [SEVERE ] setting player 0 freeze to 1000
[2022-12-12 17:43:51] [SEVERE ] removing player 0 token from slot 0
[2022-12-12 17:43:51] [SEVERE ] removing player 0 token from slot 1
[2022-12-12 17:43:51] [SEVERE ] removing player 0 token from slot 2
[2022-12-12 17:43:53] [SEVERE ] Key 81 was pressed by player 0
[2022-12-12 17:43:53] [SEVERE ] player 0 placing token on slot 0
[2022-12-12 17:43:53] [SEVERE ] Key 87 was pressed by player 0
[2022-12-12 17:43:53] [SEVERE ] player 0 placing token on slot 1
[2022-12-12 17:43:53] [SEVERE ] Key 69 was pressed by player 0
[2022-12-12 17:43:53] [SEVERE ] player 0 placing token on slot 2
[2022-12-12 17:43:53] [SEVERE ] setting player 0 freeze to 1000
[2022-12-12 17:43:53] [SEVERE ] removing player 0 token from slot 0
[2022-12-12 17:43:53] [SEVERE ] removing player 0 token from slot 1
[2022-12-12 17:43:53] [SEVERE ] removing player 0 token from slot 2
[2022-12-12 17:43:53] [SEVERE ] Key 81 was pressed by player 0
[2022-12-12 17:43:53] [SEVERE ] player 0 placing token on slot 0
[2022-12-12 17:43:53] [SEVERE ] Key 87 was pressed by player 0
[2022-12-12 17:43:53] [SEVERE ] player 0 placing token on slot 1
[2022-12-12 17:43:53] [SEVERE ] Key 69 was pressed by player 0
[2022-12-12 17:43:53] [SEVERE ] player 0 placing token on slot 2
[2022-12-12 17:43:53] [SEVERE ] setting player 0 freeze to 1000
[2022-12-12 17:43:53] [SEVERE ] removing player 0 token from slot 0
[2022-12-12 17:43:53] [SEVERE ] removing player 0 token from slot 1
[2022-12-12 17:43:53] [SEVERE ] removing player 0 token from slot 2
[2022-12-12 17:43:54] [SEVERE ] Key 81 was pressed by player 0
[2022-12-12 17:43:54] [SEVERE ] player 0 placing token on slot 0
[2022-12-12 17:43:54] [SEVERE ] Key 87 was pressed by player 0
[2022-12-12 17:43:54] [SEVERE ] player 0 placing token on slot 1
[2022-12-12 17:43:54] [SEVERE ] Key 69 was pressed by player 0
[2022-12-12 17:43:54] [SEVERE ] player 0 placing token on slot 2
[2022-12-12 17:43:54] [SEVERE ] setting player 0 freeze to 1000
[2022-12-12 17:43:54] [SEVERE ] removing player 0 token from slot 0
[2022-12-12 17:43:54] [SEVERE ] removing player 0 token from slot 1
[2022-12-12 17:43:54] [SEVERE ] removing player 0 token from slot 2
[2022-12-12 17:43:54] [SEVERE ] Key 81 was pressed by player 0
[2022-12-12 17:43:54] [SEVERE ] player 0 placing token on slot 0
[2022-12-12 17:43:54] [SEVERE ] Key 87 was pressed by player 0
[2022-12-12 17:43:54] [SEVERE ] player 0 placing token on slot 1
[2022-12-12 17:43:54] [SEVERE ] Key 69 was pressed by player 0
[2022-12-12 17:43:54] [SEVERE ] player 0 placing token on slot 2
[2022-12-12 17:43:54] [SEVERE ] setting player 0 freeze to 1000
[2022-12-12 17:43:54] [SEVERE ] removing player 0 token from slot 0
[2022-12-12 17:43:54] [SEVERE ] removing player 0 token from slot 1
[2022-12-12 17:43:54] [SEVERE ] removing player 0 token from slot 2
[2022-12-12 17:44:06] [SEVERE ] removing card from slot 0
[2022-12-12 17:44:06] [SEVERE ] removing card from slot 1
[2022-12-12 17:44:06] [SEVERE ] removing card from slot 2
[2022-12-12 17:44:06] [SEVERE ] removing card from slot 3
[2022-12-12 17:44:06] [SEVERE ] removing card from slot 4
[2022-12-12 17:44:06] [SEVERE ] removing card from slot 5
[2022-12-12 17:44:06] [SEVERE ] removing card from slot 6
[2022-12-12 17:44:06] [SEVERE ] removing card from slot 7
[2022-12-12 17:44:06] [SEVERE ] removing card from slot 8
[2022-12-12 17:44:07] [SEVERE ] removing card from slot 9
[2022-12-12 17:44:07] [SEVERE ] removing card from slot 10
[2022-12-12 17:44:07] [SEVERE ] removing card from slot 11
[2022-12-12 17:44:07] [SEVERE ] placing card 38 in slot 0
[2022-12-12 17:44:07] [SEVERE ] placing card 32 in slot 1
[2022-12-12 17:44:07] [SEVERE ] placing card 12 in slot 2
[2022-12-12 17:44:07] [SEVERE ] placing card 62 in slot 3
[2022-12-12 17:44:07] [SEVERE ] placing card 48 in slot 4
[2022-12-12 17:44:07] [SEVERE ] placing card 24 in slot 5
[2022-12-12 17:44:07] [SEVERE ] placing card 42 in slot 6
[2022-12-12 17:44:08] [SEVERE ] placing card 47 in slot 7
[2022-12-12 17:44:08] [SEVERE ] placing card 60 in slot 8
[2022-12-12 17:44:08] [SEVERE ] placing card 34 in slot 9
[2022-12-12 17:44:08] [SEVERE ] placing card 75 in slot 10
[2022-12-12 17:44:08] [SEVERE ] placing card 33 in slot 11
