[2022-12-12 15:14:24] [INFO   ] cannot read configuration file config.properties trying from resources.
[2022-12-12 15:14:24] [INFO   ] configuration file was loaded from resources directory.
[2022-12-12 15:14:25] [INFO   ] Thread dealer starting.
[2022-12-12 15:14:25] [SEVERE ] placing card 38 in slot 0
[2022-12-12 15:14:25] [SEVERE ] placing card 20 in slot 1
[2022-12-12 15:14:25] [SEVERE ] placing card 59 in slot 2
[2022-12-12 15:14:25] [SEVERE ] placing card 31 in slot 3
[2022-12-12 15:14:25] [SEVERE ] placing card 76 in slot 4
[2022-12-12 15:14:25] [SEVERE ] placing card 41 in slot 5
[2022-12-12 15:14:25] [SEVERE ] placing card 1 in slot 6
[2022-12-12 15:14:25] [SEVERE ] placing card 18 in slot 7
[2022-12-12 15:14:26] [SEVERE ] placing card 11 in slot 8
[2022-12-12 15:14:26] [SEVERE ] placing card 51 in slot 9
[2022-12-12 15:14:26] [SEVERE ] placing card 58 in slot 10
[2022-12-12 15:14:26] [SEVERE ] placing card 0 in slot 11
[2022-12-12 15:14:27] [SEVERE ] Key 81 was pressed by player 0
[2022-12-12 15:14:27] [SEVERE ] player 0 placing token on slot 0
[2022-12-12 15:14:28] [SEVERE ] Key 87 was pressed by player 0
[2022-12-12 15:14:28] [SEVERE ] player 0 placing token on slot 1
[2022-12-12 15:14:28] [SEVERE ] Key 69 was pressed by player 0
[2022-12-12 15:14:28] [SEVERE ] player 0 placing token on slot 2
[2022-12-12 15:14:28] [SEVERE ] setting player 0 freeze to 1000
[2022-12-12 15:14:29] [SEVERE ] removing player 0 token from slot 0
[2022-12-12 15:14:29] [SEVERE ] removing player 0 token from slot 1
[2022-12-12 15:14:29] [SEVERE ] removing player 0 token from slot 2
[2022-12-12 15:14:31] [SEVERE ] Key 81 was pressed by player 0
[2022-12-12 15:14:31] [SEVERE ] player 0 placing token on slot 0
[2022-12-12 15:14:31] [SEVERE ] Key 87 was pressed by player 0
[2022-12-12 15:14:31] [SEVERE ] player 0 placing token on slot 1
[2022-12-12 15:14:31] [SEVERE ] Key 69 was pressed by player 0
[2022-12-12 15:14:31] [SEVERE ] player 0 placing token on slot 2
[2022-12-12 15:14:31] [SEVERE ] setting player 0 freeze to 1000
[2022-12-12 15:14:32] [SEVERE ] removing player 0 token from slot 0
[2022-12-12 15:14:32] [SEVERE ] removing player 0 token from slot 1
[2022-12-12 15:14:32] [SEVERE ] removing player 0 token from slot 2
[2022-12-12 15:14:33] [SEVERE ] Key 81 was pressed by player 0
[2022-12-12 15:14:33] [SEVERE ] player 0 placing token on slot 0
[2022-12-12 15:14:33] [SEVERE ] Key 87 was pressed by player 0
[2022-12-12 15:14:33] [SEVERE ] player 0 placing token on slot 1
[2022-12-12 15:14:33] [SEVERE ] Key 69 was pressed by player 0
[2022-12-12 15:14:33] [SEVERE ] player 0 placing token on slot 2
[2022-12-12 15:14:33] [SEVERE ] setting player 0 freeze to 1000
[2022-12-12 15:14:34] [SEVERE ] removing player 0 token from slot 0
[2022-12-12 15:14:34] [SEVERE ] removing player 0 token from slot 1
[2022-12-12 15:14:34] [SEVERE ] removing player 0 token from slot 2
[2022-12-12 15:14:34] [SEVERE ] Key 81 was pressed by player 0
[2022-12-12 15:14:34] [SEVERE ] player 0 placing token on slot 0
[2022-12-12 15:14:34] [SEVERE ] Key 87 was pressed by player 0
[2022-12-12 15:14:34] [SEVERE ] player 0 placing token on slot 1
[2022-12-12 15:14:34] [SEVERE ] Key 69 was pressed by player 0
[2022-12-12 15:14:34] [SEVERE ] player 0 placing token on slot 2
[2022-12-12 15:14:34] [SEVERE ] setting player 0 freeze to 1000
[2022-12-12 15:14:35] [SEVERE ] removing player 0 token from slot 0
[2022-12-12 15:14:35] [SEVERE ] removing player 0 token from slot 1
[2022-12-12 15:14:35] [SEVERE ] removing player 0 token from slot 2
[2022-12-12 15:14:35] [SEVERE ] Key 81 was pressed by player 0
[2022-12-12 15:14:35] [SEVERE ] player 0 placing token on slot 0
[2022-12-12 15:14:35] [SEVERE ] Key 87 was pressed by player 0
[2022-12-12 15:14:35] [SEVERE ] player 0 placing token on slot 1
[2022-12-12 15:14:35] [SEVERE ] Key 69 was pressed by player 0
[2022-12-12 15:14:35] [SEVERE ] player 0 placing token on slot 2
[2022-12-12 15:14:35] [SEVERE ] setting player 0 freeze to 1000
[2022-12-12 15:14:36] [SEVERE ] removing player 0 token from slot 0
[2022-12-12 15:14:36] [SEVERE ] removing player 0 token from slot 1
[2022-12-12 15:14:36] [SEVERE ] removing player 0 token from slot 2
[2022-12-12 15:14:36] [SEVERE ] Key 81 was pressed by player 0
[2022-12-12 15:14:36] [SEVERE ] player 0 placing token on slot 0
[2022-12-12 15:14:36] [SEVERE ] Key 87 was pressed by player 0
[2022-12-12 15:14:36] [SEVERE ] player 0 placing token on slot 1
[2022-12-12 15:14:36] [SEVERE ] Key 69 was pressed by player 0
[2022-12-12 15:14:36] [SEVERE ] player 0 placing token on slot 2
[2022-12-12 15:14:36] [SEVERE ] setting player 0 freeze to 1000
[2022-12-12 15:14:37] [SEVERE ] removing player 0 token from slot 0
[2022-12-12 15:14:37] [SEVERE ] removing player 0 token from slot 1
[2022-12-12 15:14:37] [SEVERE ] removing player 0 token from slot 2
[2022-12-12 15:14:37] [SEVERE ] Key 81 was pressed by player 0
[2022-12-12 15:14:37] [SEVERE ] player 0 placing token on slot 0
[2022-12-12 15:14:37] [SEVERE ] Key 87 was pressed by player 0
[2022-12-12 15:14:37] [SEVERE ] player 0 placing token on slot 1
[2022-12-12 15:14:37] [SEVERE ] Key 69 was pressed by player 0
[2022-12-12 15:14:37] [SEVERE ] player 0 placing token on slot 2
[2022-12-12 15:14:37] [SEVERE ] setting player 0 freeze to 1000
[2022-12-12 15:14:38] [SEVERE ] removing player 0 token from slot 0
[2022-12-12 15:14:38] [SEVERE ] removing player 0 token from slot 1
[2022-12-12 15:14:38] [SEVERE ] removing player 0 token from slot 2
[2022-12-12 15:14:38] [SEVERE ] Key 87 was pressed by player 0
[2022-12-12 15:14:38] [SEVERE ] player 0 placing token on slot 1
[2022-12-12 15:14:38] [SEVERE ] Key 81 was pressed by player 0
[2022-12-12 15:14:38] [SEVERE ] player 0 placing token on slot 0
[2022-12-12 15:14:38] [SEVERE ] Key 69 was pressed by player 0
[2022-12-12 15:14:38] [SEVERE ] player 0 placing token on slot 2
[2022-12-12 15:14:38] [SEVERE ] setting player 0 freeze to 1000
[2022-12-12 15:14:39] [SEVERE ] removing player 0 token from slot 1
[2022-12-12 15:14:39] [SEVERE ] removing player 0 token from slot 0
[2022-12-12 15:14:39] [SEVERE ] removing player 0 token from slot 2
[2022-12-12 15:14:39] [SEVERE ] Key 87 was pressed by player 0
[2022-12-12 15:14:39] [SEVERE ] player 0 placing token on slot 1
[2022-12-12 15:14:39] [SEVERE ] Key 81 was pressed by player 0
[2022-12-12 15:14:39] [SEVERE ] player 0 placing token on slot 0
[2022-12-12 15:14:39] [SEVERE ] Key 69 was pressed by player 0
[2022-12-12 15:14:39] [SEVERE ] player 0 placing token on slot 2
[2022-12-12 15:14:39] [SEVERE ] setting player 0 freeze to 1000
[2022-12-12 15:14:40] [SEVERE ] removing player 0 token from slot 1
[2022-12-12 15:14:40] [SEVERE ] removing player 0 token from slot 0
[2022-12-12 15:14:40] [SEVERE ] removing player 0 token from slot 2
[2022-12-12 15:14:40] [SEVERE ] Key 81 was pressed by player 0
[2022-12-12 15:14:40] [SEVERE ] player 0 placing token on slot 0
[2022-12-12 15:14:40] [SEVERE ] Key 87 was pressed by player 0
[2022-12-12 15:14:40] [SEVERE ] player 0 placing token on slot 1
[2022-12-12 15:14:40] [SEVERE ] Key 69 was pressed by player 0
[2022-12-12 15:14:40] [SEVERE ] player 0 placing token on slot 2
[2022-12-12 15:14:40] [SEVERE ] setting player 0 freeze to 1000
[2022-12-12 15:14:41] [SEVERE ] removing player 0 token from slot 0
[2022-12-12 15:14:41] [SEVERE ] removing player 0 token from slot 1
[2022-12-12 15:14:41] [SEVERE ] removing player 0 token from slot 2
[2022-12-12 15:14:41] [SEVERE ] removing card from slot 0
[2022-12-12 15:14:41] [SEVERE ] removing card from slot 1
[2022-12-12 15:14:41] [SEVERE ] Key 87 was pressed by player 0
[2022-12-12 15:14:41] [SEVERE ] player 0 placing token on slot 1
[2022-12-12 15:14:41] [SEVERE ] Key 81 was pressed by player 0
[2022-12-12 15:14:41] [SEVERE ] player 0 placing token on slot 0
[2022-12-12 15:14:41] [SEVERE ] Key 69 was pressed by player 0
[2022-12-12 15:14:41] [SEVERE ] player 0 placing token on slot 2
[2022-12-12 15:14:41] [SEVERE ] removing card from slot 2
[2022-12-12 15:14:41] [SEVERE ] removing card from slot 3
[2022-12-12 15:14:41] [SEVERE ] removing card from slot 4
[2022-12-12 15:14:41] [SEVERE ] removing card from slot 5
[2022-12-12 15:14:42] [SEVERE ] removing card from slot 6
[2022-12-12 15:14:42] [SEVERE ] removing card from slot 7
[2022-12-12 15:14:42] [SEVERE ] Key 81 was pressed by player 0
[2022-12-12 15:14:42] [SEVERE ] removing player 0 token from slot 0
[2022-12-12 15:14:42] [SEVERE ] Key 87 was pressed by player 0
[2022-12-12 15:14:42] [SEVERE ] removing player 0 token from slot 1
[2022-12-12 15:14:42] [SEVERE ] removing card from slot 8
[2022-12-12 15:14:42] [SEVERE ] removing card from slot 9
[2022-12-12 15:14:42] [SEVERE ] removing card from slot 10
[2022-12-12 15:14:42] [SEVERE ] removing card from slot 11
[2022-12-12 15:14:42] [SEVERE ] placing card 33 in slot 0
[2022-12-12 15:14:42] [SEVERE ] placing card 72 in slot 1
[2022-12-12 15:14:42] [SEVERE ] placing card 41 in slot 2
[2022-12-12 15:14:42] [SEVERE ] placing card 19 in slot 3
[2022-12-12 15:14:43] [SEVERE ] placing card 18 in slot 4
[2022-12-12 15:14:43] [SEVERE ] placing card 62 in slot 5
[2022-12-12 15:14:43] [SEVERE ] placing card 27 in slot 6
[2022-12-12 15:14:43] [SEVERE ] placing card 74 in slot 7
[2022-12-12 15:14:43] [SEVERE ] placing card 68 in slot 8
[2022-12-12 15:14:43] [SEVERE ] placing card 14 in slot 9
[2022-12-12 15:14:43] [SEVERE ] placing card 66 in slot 10
[2022-12-12 15:14:43] [SEVERE ] placing card 24 in slot 11
[2022-12-12 15:14:51] [SEVERE ] Key 81 was pressed by player 0
[2022-12-12 15:14:51] [SEVERE ] player 0 placing token on slot 0
[2022-12-12 15:14:51] [SEVERE ] Key 87 was pressed by player 0
[2022-12-12 15:14:51] [SEVERE ] player 0 placing token on slot 1
[2022-12-12 15:14:51] [SEVERE ] setting player 0 freeze to 1000
[2022-12-12 15:14:52] [SEVERE ] removing player 0 token from slot 2
[2022-12-12 15:14:52] [SEVERE ] removing player 0 token from slot 0
[2022-12-12 15:14:52] [SEVERE ] removing player 0 token from slot 1
[2022-12-12 15:14:52] [SEVERE ] Key 69 was pressed by player 0
[2022-12-12 15:14:52] [SEVERE ] player 0 placing token on slot 2
[2022-12-12 15:14:55] [SEVERE ] Key 81 was pressed by player 0
[2022-12-12 15:14:55] [SEVERE ] player 0 placing token on slot 0
[2022-12-12 15:14:55] [SEVERE ] Key 87 was pressed by player 0
[2022-12-12 15:14:55] [SEVERE ] player 0 placing token on slot 1
[2022-12-12 15:14:55] [SEVERE ] setting player 0 freeze to 1000
[2022-12-12 15:14:56] [SEVERE ] removing player 0 token from slot 2
[2022-12-12 15:14:56] [SEVERE ] removing player 0 token from slot 0
[2022-12-12 15:14:56] [SEVERE ] removing player 0 token from slot 1
[2022-12-12 15:14:56] [SEVERE ] Key 69 was pressed by player 0
[2022-12-12 15:14:56] [SEVERE ] player 0 placing token on slot 2
[2022-12-12 15:14:58] [SEVERE ] removing player 0 token from slot 2
[2022-12-12 15:14:58] [SEVERE ] removing card from slot 0
[2022-12-12 15:14:58] [SEVERE ] removing card from slot 1
[2022-12-12 15:14:59] [SEVERE ] removing card from slot 2
[2022-12-12 15:14:59] [SEVERE ] removing card from slot 3
[2022-12-12 15:14:59] [SEVERE ] removing card from slot 4
[2022-12-12 15:14:59] [SEVERE ] removing card from slot 5
[2022-12-12 15:14:59] [SEVERE ] removing card from slot 6
[2022-12-12 15:14:59] [SEVERE ] removing card from slot 7
[2022-12-12 15:14:59] [SEVERE ] removing card from slot 8
[2022-12-12 15:14:59] [SEVERE ] removing card from slot 9
[2022-12-12 15:14:59] [SEVERE ] removing card from slot 10
[2022-12-12 15:14:59] [SEVERE ] removing card from slot 11
[2022-12-12 15:15:00] [SEVERE ] placing card 79 in slot 0
[2022-12-12 15:15:00] [SEVERE ] placing card 1 in slot 1
[2022-12-12 15:15:00] [SEVERE ] placing card 5 in slot 2
[2022-12-12 15:15:00] [SEVERE ] placing card 78 in slot 3
[2022-12-12 15:15:00] [SEVERE ] placing card 67 in slot 4
[2022-12-12 15:15:00] [SEVERE ] placing card 48 in slot 5
[2022-12-12 15:15:00] [SEVERE ] placing card 32 in slot 6
[2022-12-12 15:15:00] [SEVERE ] placing card 2 in slot 7
[2022-12-12 15:15:00] [SEVERE ] placing card 4 in slot 8
[2022-12-12 15:15:01] [SEVERE ] placing card 68 in slot 9
[2022-12-12 15:15:01] [SEVERE ] placing card 27 in slot 10
[2022-12-12 15:15:01] [SEVERE ] placing card 40 in slot 11
