[2022-12-12 17:15:26] [INFO   ] cannot read configuration file config.properties trying from resources.
[2022-12-12 17:15:26] [INFO   ] configuration file was loaded from resources directory.
[2022-12-12 17:15:27] [INFO   ] Thread dealer starting.
[2022-12-12 17:15:27] [INFO   ] Thread Player 0starting.
[2022-12-12 17:15:27] [INFO   ] Thread Player 1starting.
[2022-12-12 17:15:27] [SEVERE ] placing card 0 in slot 0
[2022-12-12 17:15:27] [SEVERE ] placing card 26 in slot 1
[2022-12-12 17:15:27] [SEVERE ] placing card 16 in slot 2
[2022-12-12 17:15:28] [SEVERE ] placing card 52 in slot 3
[2022-12-12 17:15:28] [SEVERE ] placing card 4 in slot 4
[2022-12-12 17:15:28] [SEVERE ] placing card 18 in slot 5
[2022-12-12 17:15:28] [SEVERE ] placing card 71 in slot 6
[2022-12-12 17:15:28] [SEVERE ] placing card 68 in slot 7
[2022-12-12 17:15:28] [SEVERE ] placing card 62 in slot 8
[2022-12-12 17:15:28] [SEVERE ] placing card 66 in slot 9
[2022-12-12 17:15:28] [SEVERE ] placing card 59 in slot 10
[2022-12-12 17:15:28] [SEVERE ] placing card 35 in slot 11
[2022-12-12 17:15:30] [SEVERE ] Key 81 was pressed by player 0
[2022-12-12 17:15:30] [SEVERE ] player 0 placing token on slot 0
[2022-12-12 17:15:31] [SEVERE ] Key 69 was pressed by player 0
[2022-12-12 17:15:31] [SEVERE ] player 0 placing token on slot 2
[2022-12-12 17:15:31] [SEVERE ] Key 87 was pressed by player 0
[2022-12-12 17:15:31] [SEVERE ] player 0 placing token on slot 1
[2022-12-12 17:15:31] [SEVERE ] setting player 0 freeze to 1000
[2022-12-12 17:15:42] [SEVERE ] Key 81 was pressed by player 0
[2022-12-12 17:15:42] [SEVERE ] removing player 0 token from slot 0
[2022-12-12 17:15:42] [SEVERE ] Key 87 was pressed by player 0
[2022-12-12 17:15:42] [SEVERE ] removing player 0 token from slot 1
[2022-12-12 17:15:42] [SEVERE ] Key 69 was pressed by player 0
[2022-12-12 17:15:42] [SEVERE ] removing player 0 token from slot 2
[2022-12-12 17:15:43] [SEVERE ] Key 69 was pressed by player 0
[2022-12-12 17:15:43] [SEVERE ] player 0 placing token on slot 2
[2022-12-12 17:15:43] [SEVERE ] Key 87 was pressed by player 0
[2022-12-12 17:15:43] [SEVERE ] player 0 placing token on slot 1
[2022-12-12 17:15:43] [SEVERE ] Key 81 was pressed by player 0
[2022-12-12 17:15:43] [SEVERE ] player 0 placing token on slot 0
[2022-12-12 17:15:43] [SEVERE ] setting player 0 freeze to 1000
[2022-12-12 17:15:43] [SEVERE ] removing player 0 token from slot 2
[2022-12-12 17:15:43] [SEVERE ] removing player 0 token from slot 1
[2022-12-12 17:15:43] [SEVERE ] removing player 0 token from slot 0
[2022-12-12 17:15:43] [SEVERE ] removing card from slot 0
[2022-12-12 17:15:44] [SEVERE ] removing card from slot 1
[2022-12-12 17:15:44] [SEVERE ] removing card from slot 2
[2022-12-12 17:15:44] [SEVERE ] removing card from slot 3
[2022-12-12 17:15:44] [SEVERE ] removing card from slot 4
[2022-12-12 17:15:44] [SEVERE ] removing card from slot 5
[2022-12-12 17:15:44] [SEVERE ] removing card from slot 6
[2022-12-12 17:15:44] [SEVERE ] removing card from slot 7
[2022-12-12 17:15:44] [SEVERE ] removing card from slot 8
[2022-12-12 17:15:44] [SEVERE ] removing card from slot 9
[2022-12-12 17:15:44] [SEVERE ] removing card from slot 10
[2022-12-12 17:15:45] [SEVERE ] removing card from slot 11
[2022-12-12 17:15:45] [SEVERE ] placing card 67 in slot 0
[2022-12-12 17:15:45] [SEVERE ] placing card 35 in slot 1
[2022-12-12 17:15:45] [SEVERE ] placing card 4 in slot 2
[2022-12-12 17:15:45] [SEVERE ] placing card 36 in slot 3
