[2022-12-12 15:06:50] [INFO   ] cannot read configuration file config.properties trying from resources.
[2022-12-12 15:06:50] [INFO   ] configuration file was loaded from resources directory.
[2022-12-12 15:06:51] [INFO   ] Thread dealer starting.
[2022-12-12 15:06:51] [SEVERE ] placing card 10 in slot 0
[2022-12-12 15:06:51] [SEVERE ] placing card 30 in slot 1
[2022-12-12 15:06:51] [SEVERE ] placing card 77 in slot 2
[2022-12-12 15:06:51] [SEVERE ] placing card 7 in slot 3
[2022-12-12 15:06:51] [SEVERE ] placing card 22 in slot 4
[2022-12-12 15:06:51] [SEVERE ] placing card 8 in slot 5
[2022-12-12 15:06:51] [SEVERE ] placing card 9 in slot 6
[2022-12-12 15:06:51] [SEVERE ] placing card 78 in slot 7
[2022-12-12 15:06:52] [SEVERE ] placing card 20 in slot 8
[2022-12-12 15:06:52] [SEVERE ] placing card 24 in slot 9
[2022-12-12 15:06:52] [SEVERE ] placing card 28 in slot 10
[2022-12-12 15:06:52] [SEVERE ] placing card 75 in slot 11
[2022-12-12 15:06:53] [SEVERE ] Key 81 was pressed by player 0
[2022-12-12 15:06:53] [SEVERE ] player 0 placing token on slot 0
[2022-12-12 15:06:53] [SEVERE ] Key 87 was pressed by player 0
[2022-12-12 15:06:53] [SEVERE ] player 0 placing token on slot 1
[2022-12-12 15:06:53] [SEVERE ] Key 69 was pressed by player 0
[2022-12-12 15:06:53] [SEVERE ] player 0 placing token on slot 2
[2022-12-12 15:06:53] [SEVERE ] setting player 0 freeze to 1000
[2022-12-12 15:06:54] [SEVERE ] removing player 0 token from slot 0
[2022-12-12 15:06:54] [SEVERE ] removing player 0 token from slot 1
[2022-12-12 15:06:54] [SEVERE ] removing player 0 token from slot 2
[2022-12-12 15:06:57] [SEVERE ] Key 81 was pressed by player 0
[2022-12-12 15:06:57] [SEVERE ] player 0 placing token on slot 0
[2022-12-12 15:06:58] [SEVERE ] Key 87 was pressed by player 0
[2022-12-12 15:06:58] [SEVERE ] player 0 placing token on slot 1
[2022-12-12 15:06:58] [SEVERE ] Key 69 was pressed by player 0
[2022-12-12 15:06:58] [SEVERE ] player 0 placing token on slot 2
[2022-12-12 15:06:58] [SEVERE ] setting player 0 freeze to 1000
[2022-12-12 15:06:59] [SEVERE ] removing player 0 token from slot 0
[2022-12-12 15:06:59] [SEVERE ] removing player 0 token from slot 1
[2022-12-12 15:06:59] [SEVERE ] removing player 0 token from slot 2
[2022-12-12 15:07:00] [SEVERE ] Key 81 was pressed by player 0
[2022-12-12 15:07:00] [SEVERE ] player 0 placing token on slot 0
[2022-12-12 15:07:00] [SEVERE ] Key 87 was pressed by player 0
[2022-12-12 15:07:00] [SEVERE ] player 0 placing token on slot 1
[2022-12-12 15:07:00] [SEVERE ] Key 69 was pressed by player 0
[2022-12-12 15:07:00] [SEVERE ] player 0 placing token on slot 2
[2022-12-12 15:07:00] [SEVERE ] setting player 0 freeze to 1000
[2022-12-12 15:07:01] [SEVERE ] removing player 0 token from slot 0
[2022-12-12 15:07:01] [SEVERE ] removing player 0 token from slot 1
[2022-12-12 15:07:01] [SEVERE ] removing player 0 token from slot 2
[2022-12-12 15:07:01] [SEVERE ] Key 81 was pressed by player 0
[2022-12-12 15:07:01] [SEVERE ] player 0 placing token on slot 0
[2022-12-12 15:07:01] [SEVERE ] Key 87 was pressed by player 0
[2022-12-12 15:07:01] [SEVERE ] player 0 placing token on slot 1
[2022-12-12 15:07:01] [SEVERE ] Key 69 was pressed by player 0
[2022-12-12 15:07:01] [SEVERE ] player 0 placing token on slot 2
[2022-12-12 15:07:01] [SEVERE ] setting player 0 freeze to 1000
[2022-12-12 15:07:02] [SEVERE ] removing player 0 token from slot 0
[2022-12-12 15:07:02] [SEVERE ] removing player 0 token from slot 1
[2022-12-12 15:07:02] [SEVERE ] removing player 0 token from slot 2
[2022-12-12 15:07:02] [SEVERE ] Key 81 was pressed by player 0
[2022-12-12 15:07:02] [SEVERE ] player 0 placing token on slot 0
[2022-12-12 15:07:02] [SEVERE ] Key 87 was pressed by player 0
[2022-12-12 15:07:02] [SEVERE ] player 0 placing token on slot 1
[2022-12-12 15:07:02] [SEVERE ] Key 69 was pressed by player 0
[2022-12-12 15:07:02] [SEVERE ] player 0 placing token on slot 2
[2022-12-12 15:07:02] [SEVERE ] setting player 0 freeze to 1000
[2022-12-12 15:07:03] [SEVERE ] removing player 0 token from slot 0
[2022-12-12 15:07:03] [SEVERE ] removing player 0 token from slot 1
[2022-12-12 15:07:03] [SEVERE ] removing player 0 token from slot 2
[2022-12-12 15:07:03] [SEVERE ] Key 81 was pressed by player 0
[2022-12-12 15:07:03] [SEVERE ] player 0 placing token on slot 0
[2022-12-12 15:07:03] [SEVERE ] Key 87 was pressed by player 0
[2022-12-12 15:07:03] [SEVERE ] player 0 placing token on slot 1
[2022-12-12 15:07:03] [SEVERE ] Key 69 was pressed by player 0
[2022-12-12 15:07:03] [SEVERE ] player 0 placing token on slot 2
[2022-12-12 15:07:03] [SEVERE ] setting player 0 freeze to 1000
[2022-12-12 15:07:04] [SEVERE ] removing player 0 token from slot 0
[2022-12-12 15:07:04] [SEVERE ] removing player 0 token from slot 1
[2022-12-12 15:07:04] [SEVERE ] removing player 0 token from slot 2
[2022-12-12 15:07:04] [SEVERE ] Key 87 was pressed by player 0
[2022-12-12 15:07:04] [SEVERE ] player 0 placing token on slot 1
[2022-12-12 15:07:04] [SEVERE ] Key 87 was pressed by player 0
[2022-12-12 15:07:04] [SEVERE ] removing player 0 token from slot 1
[2022-12-12 15:07:04] [SEVERE ] Key 81 was pressed by player 0
[2022-12-12 15:07:04] [SEVERE ] player 0 placing token on slot 0
[2022-12-12 15:07:04] [SEVERE ] Key 69 was pressed by player 0
[2022-12-12 15:07:04] [SEVERE ] player 0 placing token on slot 2
[2022-12-12 15:07:04] [SEVERE ] Key 87 was pressed by player 0
[2022-12-12 15:07:04] [SEVERE ] player 0 placing token on slot 1
[2022-12-12 15:07:04] [SEVERE ] setting player 0 freeze to 1000
[2022-12-12 15:07:05] [SEVERE ] removing player 0 token from slot 0
[2022-12-12 15:07:05] [SEVERE ] removing player 0 token from slot 2
[2022-12-12 15:07:05] [SEVERE ] removing player 0 token from slot 1
[2022-12-12 15:07:05] [SEVERE ] Key 69 was pressed by player 0
[2022-12-12 15:07:05] [SEVERE ] player 0 placing token on slot 2
[2022-12-12 15:07:05] [SEVERE ] Key 87 was pressed by player 0
[2022-12-12 15:07:05] [SEVERE ] player 0 placing token on slot 1
[2022-12-12 15:07:05] [SEVERE ] Key 87 was pressed by player 0
[2022-12-12 15:07:05] [SEVERE ] removing player 0 token from slot 1
[2022-12-12 15:07:06] [SEVERE ] Key 81 was pressed by player 0
[2022-12-12 15:07:06] [SEVERE ] player 0 placing token on slot 0
[2022-12-12 15:07:06] [SEVERE ] Key 69 was pressed by player 0
[2022-12-12 15:07:06] [SEVERE ] removing player 0 token from slot 2
[2022-12-12 15:07:07] [SEVERE ] removing player 0 token from slot 0
[2022-12-12 15:07:07] [SEVERE ] removing card from slot 0
[2022-12-12 15:07:07] [SEVERE ] removing card from slot 1
[2022-12-12 15:07:07] [SEVERE ] removing card from slot 2
[2022-12-12 15:07:07] [SEVERE ] removing card from slot 3
[2022-12-12 15:07:07] [SEVERE ] removing card from slot 4
[2022-12-12 15:07:07] [SEVERE ] removing card from slot 5
[2022-12-12 15:07:08] [SEVERE ] removing card from slot 6
[2022-12-12 15:07:08] [SEVERE ] removing card from slot 7
[2022-12-12 15:07:08] [SEVERE ] removing card from slot 8
[2022-12-12 15:07:08] [SEVERE ] removing card from slot 9
[2022-12-12 15:07:08] [SEVERE ] removing card from slot 10
[2022-12-12 15:07:08] [SEVERE ] removing card from slot 11
[2022-12-12 15:07:08] [SEVERE ] placing card 9 in slot 0
[2022-12-12 15:07:08] [SEVERE ] placing card 52 in slot 1
[2022-12-12 15:07:08] [SEVERE ] placing card 59 in slot 2
[2022-12-12 15:07:08] [SEVERE ] placing card 79 in slot 3
[2022-12-12 15:07:09] [SEVERE ] placing card 54 in slot 4
[2022-12-12 15:07:09] [SEVERE ] placing card 57 in slot 5
[2022-12-12 15:07:09] [SEVERE ] placing card 49 in slot 6
[2022-12-12 15:07:09] [SEVERE ] placing card 21 in slot 7
[2022-12-12 15:07:09] [SEVERE ] placing card 22 in slot 8
[2022-12-12 15:07:09] [SEVERE ] placing card 39 in slot 9
[2022-12-12 15:07:09] [SEVERE ] placing card 48 in slot 10
[2022-12-12 15:07:09] [SEVERE ] placing card 31 in slot 11
[2022-12-12 15:07:11] [SEVERE ] Exit button pressed
