[2022-12-13 19:15:46] [INFO   ] cannot read configuration file config.properties trying from resources.
[2022-12-13 19:15:46] [INFO   ] configuration file was loaded from resources directory.
[2022-12-13 19:15:46] [INFO   ] Thread dealer starting.
[2022-12-13 19:15:46] [INFO   ] Thread Player 0starting.
[2022-12-13 19:15:46] [INFO   ] Thread Player 1starting.
[2022-12-13 19:15:47] [SEVERE ] placing card 56 in slot 0
[2022-12-13 19:15:47] [SEVERE ] placing card 30 in slot 1
[2022-12-13 19:15:47] [SEVERE ] placing card 74 in slot 2
[2022-12-13 19:15:47] [SEVERE ] placing card 28 in slot 3
[2022-12-13 19:15:47] [SEVERE ] placing card 44 in slot 4
[2022-12-13 19:15:47] [SEVERE ] placing card 75 in slot 5
[2022-12-13 19:15:47] [SEVERE ] placing card 26 in slot 6
[2022-12-13 19:15:47] [SEVERE ] placing card 8 in slot 7
[2022-12-13 19:15:47] [SEVERE ] placing card 79 in slot 8
[2022-12-13 19:15:48] [SEVERE ] placing card 7 in slot 9
[2022-12-13 19:15:48] [SEVERE ] placing card 64 in slot 10
[2022-12-13 19:15:48] [SEVERE ] placing card 13 in slot 11
[2022-12-13 19:15:51] [SEVERE ] Key 81 was pressed by player 0
[2022-12-13 19:15:51] [SEVERE ] player 0 placing token on slot 0
[2022-12-13 19:15:51] [SEVERE ] Key 87 was pressed by player 0
[2022-12-13 19:15:51] [SEVERE ] player 0 placing token on slot 1
[2022-12-13 19:15:52] [SEVERE ] Key 88 was pressed by player 0
[2022-12-13 19:15:52] [SEVERE ] player 0 placing token on slot 9
[2022-12-13 19:15:52] [SEVERE ] setting player 0 score to 1
[2022-12-13 19:15:52] [SEVERE ] removing player 0 token from slot 0
[2022-12-13 19:15:52] [SEVERE ] removing player 0 token from slot 1
[2022-12-13 19:15:52] [SEVERE ] removing player 0 token from slot 9
[2022-12-13 19:15:52] [SEVERE ] removing card from slot 0
[2022-12-13 19:15:52] [SEVERE ] removing card from slot 1
[2022-12-13 19:15:52] [SEVERE ] removing card from slot 9
[2022-12-13 19:15:52] [SEVERE ] placing card 14 in slot 0
[2022-12-13 19:15:52] [SEVERE ] placing card 38 in slot 1
[2022-12-13 19:15:52] [SEVERE ] placing card 72 in slot 9
[2022-12-13 19:15:56] [SEVERE ] Key 69 was pressed by player 0
[2022-12-13 19:15:56] [SEVERE ] player 0 placing token on slot 2
[2022-12-13 19:15:57] [SEVERE ] Key 83 was pressed by player 0
[2022-12-13 19:15:57] [SEVERE ] player 0 placing token on slot 5
[2022-12-13 19:15:57] [SEVERE ] Key 90 was pressed by player 0
[2022-12-13 19:15:57] [SEVERE ] player 0 placing token on slot 8
[2022-12-13 19:15:57] [SEVERE ] setting player 0 score to 2
[2022-12-13 19:15:57] [SEVERE ] removing player 0 token from slot 2
[2022-12-13 19:15:57] [SEVERE ] removing player 0 token from slot 5
[2022-12-13 19:15:57] [SEVERE ] removing player 0 token from slot 8
[2022-12-13 19:15:57] [SEVERE ] removing card from slot 2
[2022-12-13 19:15:57] [SEVERE ] removing card from slot 5
[2022-12-13 19:15:57] [SEVERE ] removing card from slot 8
[2022-12-13 19:15:58] [SEVERE ] placing card 58 in slot 2
[2022-12-13 19:15:58] [SEVERE ] placing card 45 in slot 5
[2022-12-13 19:15:58] [SEVERE ] placing card 36 in slot 8
[2022-12-13 19:16:01] [SEVERE ] Key 87 was pressed by player 0
[2022-12-13 19:16:01] [SEVERE ] player 0 placing token on slot 1
[2022-12-13 19:16:01] [SEVERE ] Key 82 was pressed by player 0
[2022-12-13 19:16:01] [SEVERE ] player 0 placing token on slot 3
[2022-12-13 19:16:04] [SEVERE ] Key 83 was pressed by player 0
[2022-12-13 19:16:04] [SEVERE ] player 0 placing token on slot 5
[2022-12-13 19:16:04] [SEVERE ] setting player 0 score to 3
[2022-12-13 19:16:04] [SEVERE ] removing player 0 token from slot 1
[2022-12-13 19:16:04] [SEVERE ] removing player 0 token from slot 3
[2022-12-13 19:16:04] [SEVERE ] removing player 0 token from slot 5
[2022-12-13 19:16:04] [SEVERE ] removing card from slot 1
[2022-12-13 19:16:04] [SEVERE ] removing card from slot 3
[2022-12-13 19:16:04] [SEVERE ] removing card from slot 5
[2022-12-13 19:16:04] [SEVERE ] placing card 4 in slot 1
[2022-12-13 19:16:04] [SEVERE ] placing card 53 in slot 3
[2022-12-13 19:16:04] [SEVERE ] placing card 55 in slot 5
[2022-12-13 19:16:07] [SEVERE ] Key 87 was pressed by player 0
[2022-12-13 19:16:07] [SEVERE ] player 0 placing token on slot 1
[2022-12-13 19:16:08] [SEVERE ] Key 65 was pressed by player 0
[2022-12-13 19:16:08] [SEVERE ] player 0 placing token on slot 4
[2022-12-13 19:16:09] [SEVERE ] Key 88 was pressed by player 0
[2022-12-13 19:16:09] [SEVERE ] player 0 placing token on slot 9
[2022-12-13 19:16:09] [SEVERE ] setting player 0 score to 4
[2022-12-13 19:16:09] [SEVERE ] removing player 0 token from slot 1
[2022-12-13 19:16:09] [SEVERE ] removing player 0 token from slot 4
[2022-12-13 19:16:09] [SEVERE ] removing player 0 token from slot 9
[2022-12-13 19:16:09] [SEVERE ] removing card from slot 1
[2022-12-13 19:16:09] [SEVERE ] removing card from slot 4
[2022-12-13 19:16:09] [SEVERE ] removing card from slot 9
[2022-12-13 19:16:09] [SEVERE ] placing card 71 in slot 1
[2022-12-13 19:16:10] [SEVERE ] placing card 32 in slot 4
[2022-12-13 19:16:10] [SEVERE ] placing card 67 in slot 9
[2022-12-13 19:16:12] [SEVERE ] Key 87 was pressed by player 0
[2022-12-13 19:16:12] [SEVERE ] player 0 placing token on slot 1
[2022-12-13 19:16:12] [SEVERE ] Key 82 was pressed by player 0
[2022-12-13 19:16:12] [SEVERE ] player 0 placing token on slot 3
[2022-12-13 19:16:13] [SEVERE ] Key 70 was pressed by player 0
[2022-12-13 19:16:13] [SEVERE ] player 0 placing token on slot 7
[2022-12-13 19:16:13] [SEVERE ] setting player 0 score to 5
[2022-12-13 19:16:13] [SEVERE ] removing player 0 token from slot 1
[2022-12-13 19:16:13] [SEVERE ] removing player 0 token from slot 3
[2022-12-13 19:16:13] [SEVERE ] removing player 0 token from slot 7
[2022-12-13 19:16:14] [SEVERE ] removing card from slot 1
[2022-12-13 19:16:14] [SEVERE ] removing card from slot 3
[2022-12-13 19:16:14] [SEVERE ] removing card from slot 7
[2022-12-13 19:16:14] [SEVERE ] placing card 35 in slot 1
[2022-12-13 19:16:14] [SEVERE ] placing card 42 in slot 3
[2022-12-13 19:16:14] [SEVERE ] placing card 57 in slot 7
[2022-12-13 19:16:17] [SEVERE ] Key 81 was pressed by player 0
[2022-12-13 19:16:17] [SEVERE ] player 0 placing token on slot 0
[2022-12-13 19:16:18] [SEVERE ] Key 82 was pressed by player 0
[2022-12-13 19:16:18] [SEVERE ] player 0 placing token on slot 3
[2022-12-13 19:16:18] [SEVERE ] Key 67 was pressed by player 0
[2022-12-13 19:16:18] [SEVERE ] player 0 placing token on slot 10
[2022-12-13 19:16:18] [SEVERE ] setting player 0 score to 6
[2022-12-13 19:16:18] [SEVERE ] removing player 0 token from slot 0
[2022-12-13 19:16:18] [SEVERE ] removing player 0 token from slot 3
[2022-12-13 19:16:18] [SEVERE ] removing player 0 token from slot 10
[2022-12-13 19:16:18] [SEVERE ] removing card from slot 0
[2022-12-13 19:16:18] [SEVERE ] removing card from slot 3
[2022-12-13 19:16:18] [SEVERE ] removing card from slot 10
[2022-12-13 19:16:18] [SEVERE ] placing card 11 in slot 0
[2022-12-13 19:16:19] [SEVERE ] placing card 5 in slot 3
[2022-12-13 19:16:19] [SEVERE ] placing card 31 in slot 10
[2022-12-13 19:16:20] [SEVERE ] Key 81 was pressed by player 0
[2022-12-13 19:16:20] [SEVERE ] player 0 placing token on slot 0
[2022-12-13 19:16:21] [SEVERE ] Key 82 was pressed by player 0
[2022-12-13 19:16:21] [SEVERE ] player 0 placing token on slot 3
[2022-12-13 19:16:22] [SEVERE ] Key 68 was pressed by player 0
[2022-12-13 19:16:22] [SEVERE ] player 0 placing token on slot 6
[2022-12-13 19:16:22] [SEVERE ] setting player 0 score to 7
[2022-12-13 19:16:22] [SEVERE ] removing player 0 token from slot 0
[2022-12-13 19:16:22] [SEVERE ] removing player 0 token from slot 3
[2022-12-13 19:16:22] [SEVERE ] removing player 0 token from slot 6
[2022-12-13 19:16:22] [SEVERE ] removing card from slot 0
[2022-12-13 19:16:23] [SEVERE ] removing card from slot 3
[2022-12-13 19:16:23] [SEVERE ] removing card from slot 6
[2022-12-13 19:16:23] [SEVERE ] placing card 80 in slot 0
[2022-12-13 19:16:23] [SEVERE ] placing card 41 in slot 3
[2022-12-13 19:16:23] [SEVERE ] placing card 34 in slot 6
[2022-12-13 19:16:48] [SEVERE ] removing card from slot 0
[2022-12-13 19:16:48] [SEVERE ] removing card from slot 1
[2022-12-13 19:16:48] [SEVERE ] removing card from slot 2
[2022-12-13 19:16:48] [SEVERE ] removing card from slot 3
[2022-12-13 19:16:48] [SEVERE ] removing card from slot 4
[2022-12-13 19:16:48] [SEVERE ] removing card from slot 5
[2022-12-13 19:16:49] [SEVERE ] removing card from slot 6
[2022-12-13 19:16:49] [SEVERE ] removing card from slot 7
[2022-12-13 19:16:49] [SEVERE ] removing card from slot 8
[2022-12-13 19:16:49] [SEVERE ] removing card from slot 9
[2022-12-13 19:16:49] [SEVERE ] removing card from slot 10
[2022-12-13 19:16:49] [SEVERE ] removing card from slot 11
[2022-12-13 19:16:49] [SEVERE ] placing card 69 in slot 0
[2022-12-13 19:16:49] [SEVERE ] placing card 1 in slot 1
[2022-12-13 19:16:49] [SEVERE ] placing card 31 in slot 2
[2022-12-13 19:16:50] [SEVERE ] placing card 80 in slot 3
[2022-12-13 19:16:50] [SEVERE ] placing card 73 in slot 4
[2022-12-13 19:16:50] [SEVERE ] placing card 40 in slot 5
[2022-12-13 19:16:50] [SEVERE ] placing card 12 in slot 6
[2022-12-13 19:16:50] [SEVERE ] placing card 6 in slot 7
[2022-12-13 19:16:50] [SEVERE ] placing card 66 in slot 8
[2022-12-13 19:16:50] [SEVERE ] placing card 67 in slot 9
[2022-12-13 19:16:50] [SEVERE ] placing card 13 in slot 10
[2022-12-13 19:16:50] [SEVERE ] placing card 0 in slot 11
[2022-12-13 19:16:50] [SEVERE ] setting player 0 freeze to 0
[2022-12-13 19:16:50] [SEVERE ] setting player 1 freeze to 0
[2022-12-13 19:16:55] [SEVERE ] Key 69 was pressed by player 0
[2022-12-13 19:16:55] [SEVERE ] player 0 placing token on slot 2
[2022-12-13 19:16:56] [SEVERE ] Key 83 was pressed by player 0
[2022-12-13 19:16:56] [SEVERE ] player 0 placing token on slot 5
[2022-12-13 19:16:57] [SEVERE ] Key 86 was pressed by player 0
[2022-12-13 19:16:57] [SEVERE ] player 0 placing token on slot 11
[2022-12-13 19:16:57] [SEVERE ] removing player 0 token from slot 2
[2022-12-13 19:16:57] [SEVERE ] removing player 0 token from slot 5
[2022-12-13 19:16:57] [SEVERE ] removing player 0 token from slot 11
[2022-12-13 19:16:57] [SEVERE ] setting player 0 freeze to 3000
[2022-12-13 19:16:57] [SEVERE ] setting player 0 freeze to 2974
[2022-12-13 19:16:57] [SEVERE ] setting player 0 freeze to 2958
[2022-12-13 19:16:57] [SEVERE ] setting player 0 freeze to 2942
[2022-12-13 19:16:57] [SEVERE ] setting player 0 freeze to 2931
[2022-12-13 19:16:57] [SEVERE ] setting player 0 freeze to 2912
[2022-12-13 19:16:57] [SEVERE ] setting player 0 freeze to 2896
[2022-12-13 19:16:57] [SEVERE ] setting player 0 freeze to 2881
[2022-12-13 19:16:57] [SEVERE ] setting player 0 freeze to 2865
[2022-12-13 19:16:57] [SEVERE ] setting player 0 freeze to 2849
[2022-12-13 19:16:57] [SEVERE ] setting player 0 freeze to 2833
[2022-12-13 19:16:57] [SEVERE ] setting player 0 freeze to 2817
[2022-12-13 19:16:57] [SEVERE ] setting player 0 freeze to 2801
[2022-12-13 19:16:57] [SEVERE ] setting player 0 freeze to 2785
[2022-12-13 19:16:57] [SEVERE ] setting player 0 freeze to 2769
[2022-12-13 19:16:57] [SEVERE ] setting player 0 freeze to 2753
[2022-12-13 19:16:57] [SEVERE ] setting player 0 freeze to 2737
[2022-12-13 19:16:57] [SEVERE ] setting player 0 freeze to 2723
[2022-12-13 19:16:57] [SEVERE ] setting player 0 freeze to 2707
[2022-12-13 19:16:57] [SEVERE ] setting player 0 freeze to 2691
[2022-12-13 19:16:57] [SEVERE ] setting player 0 freeze to 2676
[2022-12-13 19:16:57] [SEVERE ] setting player 0 freeze to 2660
[2022-12-13 19:16:57] [SEVERE ] setting player 0 freeze to 2645
[2022-12-13 19:16:57] [SEVERE ] setting player 0 freeze to 2629
[2022-12-13 19:16:57] [SEVERE ] setting player 0 freeze to 2613
[2022-12-13 19:16:57] [SEVERE ] setting player 0 freeze to 2597
[2022-12-13 19:16:57] [SEVERE ] setting player 0 freeze to 2581
[2022-12-13 19:16:57] [SEVERE ] setting player 0 freeze to 2565
[2022-12-13 19:16:57] [SEVERE ] setting player 0 freeze to 2549
[2022-12-13 19:16:57] [SEVERE ] setting player 0 freeze to 2534
[2022-12-13 19:16:57] [SEVERE ] setting player 0 freeze to 2518
[2022-12-13 19:16:57] [SEVERE ] setting player 0 freeze to 2502
[2022-12-13 19:16:57] [SEVERE ] setting player 0 freeze to 2486
[2022-12-13 19:16:57] [SEVERE ] setting player 0 freeze to 2470
[2022-12-13 19:16:57] [SEVERE ] setting player 0 freeze to 2454
[2022-12-13 19:16:57] [SEVERE ] setting player 0 freeze to 2438
[2022-12-13 19:16:57] [SEVERE ] setting player 0 freeze to 2422
[2022-12-13 19:16:57] [SEVERE ] setting player 0 freeze to 2407
[2022-12-13 19:16:57] [SEVERE ] setting player 0 freeze to 2391
[2022-12-13 19:16:57] [SEVERE ] setting player 0 freeze to 2376
[2022-12-13 19:16:57] [SEVERE ] setting player 0 freeze to 2360
[2022-12-13 19:16:57] [SEVERE ] setting player 0 freeze to 2344
[2022-12-13 19:16:57] [SEVERE ] setting player 0 freeze to 2328
[2022-12-13 19:16:57] [SEVERE ] setting player 0 freeze to 2312
[2022-12-13 19:16:57] [SEVERE ] setting player 0 freeze to 2296
[2022-12-13 19:16:57] [SEVERE ] setting player 0 freeze to 2280
[2022-12-13 19:16:57] [SEVERE ] setting player 0 freeze to 2264
[2022-12-13 19:16:57] [SEVERE ] setting player 0 freeze to 2248
[2022-12-13 19:16:57] [SEVERE ] setting player 0 freeze to 2232
[2022-12-13 19:16:57] [SEVERE ] setting player 0 freeze to 2216
[2022-12-13 19:16:58] [SEVERE ] setting player 0 freeze to 2202
[2022-12-13 19:16:58] [SEVERE ] setting player 0 freeze to 2187
[2022-12-13 19:16:58] [SEVERE ] setting player 0 freeze to 2171
[2022-12-13 19:16:58] [SEVERE ] setting player 0 freeze to 2155
[2022-12-13 19:16:58] [SEVERE ] setting player 0 freeze to 2139
[2022-12-13 19:16:58] [SEVERE ] setting player 0 freeze to 2123
[2022-12-13 19:16:58] [SEVERE ] setting player 0 freeze to 2107
[2022-12-13 19:16:58] [SEVERE ] setting player 0 freeze to 2091
[2022-12-13 19:16:58] [SEVERE ] setting player 0 freeze to 2075
[2022-12-13 19:16:58] [SEVERE ] setting player 0 freeze to 2059
[2022-12-13 19:16:58] [SEVERE ] setting player 0 freeze to 2043
[2022-12-13 19:16:58] [SEVERE ] setting player 0 freeze to 2027
[2022-12-13 19:16:58] [SEVERE ] setting player 0 freeze to 2011
[2022-12-13 19:16:58] [SEVERE ] setting player 0 freeze to 1995
[2022-12-13 19:16:58] [SEVERE ] setting player 0 freeze to 1980
[2022-12-13 19:16:58] [SEVERE ] setting player 0 freeze to 1964
[2022-12-13 19:16:58] [SEVERE ] setting player 0 freeze to 1948
[2022-12-13 19:16:58] [SEVERE ] setting player 0 freeze to 1932
[2022-12-13 19:16:58] [SEVERE ] setting player 0 freeze to 1916
[2022-12-13 19:16:58] [SEVERE ] setting player 0 freeze to 1900
[2022-12-13 19:16:58] [SEVERE ] setting player 0 freeze to 1884
[2022-12-13 19:16:58] [SEVERE ] setting player 0 freeze to 1868
[2022-12-13 19:16:58] [SEVERE ] setting player 0 freeze to 1852
[2022-12-13 19:16:58] [SEVERE ] setting player 0 freeze to 1836
[2022-12-13 19:16:58] [SEVERE ] setting player 0 freeze to 1821
[2022-12-13 19:16:58] [SEVERE ] setting player 0 freeze to 1805
[2022-12-13 19:16:58] [SEVERE ] setting player 0 freeze to 1789
[2022-12-13 19:16:58] [SEVERE ] setting player 0 freeze to 1773
[2022-12-13 19:16:58] [SEVERE ] setting player 0 freeze to 1757
[2022-12-13 19:16:58] [SEVERE ] setting player 0 freeze to 1742
[2022-12-13 19:16:58] [SEVERE ] setting player 0 freeze to 1727
[2022-12-13 19:16:58] [SEVERE ] setting player 0 freeze to 1711
[2022-12-13 19:16:58] [SEVERE ] setting player 0 freeze to 1695
[2022-12-13 19:16:58] [SEVERE ] setting player 0 freeze to 1679
[2022-12-13 19:16:58] [SEVERE ] setting player 0 freeze to 1663
[2022-12-13 19:16:58] [SEVERE ] setting player 0 freeze to 1648
[2022-12-13 19:16:58] [SEVERE ] setting player 0 freeze to 1632
[2022-12-13 19:16:58] [SEVERE ] setting player 0 freeze to 1616
[2022-12-13 19:16:58] [SEVERE ] setting player 0 freeze to 1600
[2022-12-13 19:16:58] [SEVERE ] setting player 0 freeze to 1584
[2022-12-13 19:16:58] [SEVERE ] setting player 0 freeze to 1568
[2022-12-13 19:16:58] [SEVERE ] setting player 0 freeze to 1552
[2022-12-13 19:16:58] [SEVERE ] setting player 0 freeze to 1536
[2022-12-13 19:16:58] [SEVERE ] setting player 0 freeze to 1520
[2022-12-13 19:16:58] [SEVERE ] setting player 0 freeze to 1504
[2022-12-13 19:16:58] [SEVERE ] setting player 0 freeze to 1488
[2022-12-13 19:16:58] [SEVERE ] setting player 0 freeze to 1473
[2022-12-13 19:16:58] [SEVERE ] setting player 0 freeze to 1457
[2022-12-13 19:16:58] [SEVERE ] setting player 0 freeze to 1441
[2022-12-13 19:16:58] [SEVERE ] setting player 0 freeze to 1425
[2022-12-13 19:16:58] [SEVERE ] setting player 0 freeze to 1409
[2022-12-13 19:16:58] [SEVERE ] setting player 0 freeze to 1393
[2022-12-13 19:16:58] [SEVERE ] setting player 0 freeze to 1377
[2022-12-13 19:16:58] [SEVERE ] setting player 0 freeze to 1361
[2022-12-13 19:16:58] [SEVERE ] setting player 0 freeze to 1345
[2022-12-13 19:16:58] [SEVERE ] setting player 0 freeze to 1329
[2022-12-13 19:16:58] [SEVERE ] setting player 0 freeze to 1313
[2022-12-13 19:16:58] [SEVERE ] setting player 0 freeze to 1297
[2022-12-13 19:16:58] [SEVERE ] setting player 0 freeze to 1282
[2022-12-13 19:16:58] [SEVERE ] setting player 0 freeze to 1266
[2022-12-13 19:16:58] [SEVERE ] setting player 0 freeze to 1250
[2022-12-13 19:16:58] [SEVERE ] setting player 0 freeze to 1234
[2022-12-13 19:16:58] [SEVERE ] setting player 0 freeze to 1218
[2022-12-13 19:16:59] [SEVERE ] setting player 0 freeze to 1202
[2022-12-13 19:16:59] [SEVERE ] setting player 0 freeze to 1186
[2022-12-13 19:16:59] [SEVERE ] setting player 0 freeze to 1170
[2022-12-13 19:16:59] [SEVERE ] setting player 0 freeze to 1154
[2022-12-13 19:16:59] [SEVERE ] setting player 0 freeze to 1138
[2022-12-13 19:16:59] [SEVERE ] setting player 0 freeze to 1122
[2022-12-13 19:16:59] [SEVERE ] setting player 0 freeze to 1106
[2022-12-13 19:16:59] [SEVERE ] setting player 0 freeze to 1090
[2022-12-13 19:16:59] [SEVERE ] setting player 0 freeze to 1074
[2022-12-13 19:16:59] [SEVERE ] setting player 0 freeze to 1058
[2022-12-13 19:16:59] [SEVERE ] setting player 0 freeze to 1042
[2022-12-13 19:16:59] [SEVERE ] setting player 0 freeze to 1027
[2022-12-13 19:16:59] [SEVERE ] setting player 0 freeze to 1011
[2022-12-13 19:16:59] [SEVERE ] setting player 0 freeze to 995
[2022-12-13 19:16:59] [SEVERE ] setting player 0 freeze to 979
[2022-12-13 19:16:59] [SEVERE ] setting player 0 freeze to 963
[2022-12-13 19:16:59] [SEVERE ] setting player 0 freeze to 947
[2022-12-13 19:16:59] [SEVERE ] setting player 0 freeze to 931
[2022-12-13 19:16:59] [SEVERE ] setting player 0 freeze to 915
[2022-12-13 19:16:59] [SEVERE ] setting player 0 freeze to 900
[2022-12-13 19:16:59] [SEVERE ] setting player 0 freeze to 885
[2022-12-13 19:16:59] [SEVERE ] setting player 0 freeze to 869
[2022-12-13 19:16:59] [SEVERE ] setting player 0 freeze to 853
[2022-12-13 19:16:59] [SEVERE ] setting player 0 freeze to 837
[2022-12-13 19:16:59] [SEVERE ] setting player 0 freeze to 821
[2022-12-13 19:16:59] [SEVERE ] setting player 0 freeze to 805
[2022-12-13 19:16:59] [SEVERE ] setting player 0 freeze to 789
[2022-12-13 19:16:59] [SEVERE ] setting player 0 freeze to 773
[2022-12-13 19:16:59] [SEVERE ] setting player 0 freeze to 757
[2022-12-13 19:16:59] [SEVERE ] setting player 0 freeze to 741
[2022-12-13 19:16:59] [SEVERE ] setting player 0 freeze to 725
[2022-12-13 19:16:59] [SEVERE ] setting player 0 freeze to 709
[2022-12-13 19:16:59] [SEVERE ] setting player 0 freeze to 693
[2022-12-13 19:16:59] [SEVERE ] setting player 0 freeze to 678
[2022-12-13 19:16:59] [SEVERE ] setting player 0 freeze to 662
[2022-12-13 19:16:59] [SEVERE ] setting player 0 freeze to 646
[2022-12-13 19:16:59] [SEVERE ] setting player 0 freeze to 631
[2022-12-13 19:16:59] [SEVERE ] setting player 0 freeze to 615
[2022-12-13 19:16:59] [SEVERE ] setting player 0 freeze to 599
[2022-12-13 19:16:59] [SEVERE ] setting player 0 freeze to 583
[2022-12-13 19:16:59] [SEVERE ] setting player 0 freeze to 568
[2022-12-13 19:16:59] [SEVERE ] setting player 0 freeze to 552
[2022-12-13 19:16:59] [SEVERE ] setting player 0 freeze to 537
[2022-12-13 19:16:59] [SEVERE ] setting player 0 freeze to 521
[2022-12-13 19:16:59] [SEVERE ] setting player 0 freeze to 505
[2022-12-13 19:16:59] [SEVERE ] setting player 0 freeze to 489
[2022-12-13 19:16:59] [SEVERE ] setting player 0 freeze to 473
[2022-12-13 19:16:59] [SEVERE ] setting player 0 freeze to 457
[2022-12-13 19:16:59] [SEVERE ] setting player 0 freeze to 441
[2022-12-13 19:16:59] [SEVERE ] setting player 0 freeze to 425
[2022-12-13 19:16:59] [SEVERE ] setting player 0 freeze to 409
[2022-12-13 19:16:59] [SEVERE ] setting player 0 freeze to 393
[2022-12-13 19:16:59] [SEVERE ] setting player 0 freeze to 377
[2022-12-13 19:16:59] [SEVERE ] setting player 0 freeze to 361
[2022-12-13 19:16:59] [SEVERE ] setting player 0 freeze to 346
[2022-12-13 19:16:59] [SEVERE ] setting player 0 freeze to 330
[2022-12-13 19:16:59] [SEVERE ] setting player 0 freeze to 314
[2022-12-13 19:16:59] [SEVERE ] setting player 0 freeze to 298
[2022-12-13 19:16:59] [SEVERE ] setting player 0 freeze to 282
[2022-12-13 19:16:59] [SEVERE ] setting player 0 freeze to 267
[2022-12-13 19:16:59] [SEVERE ] setting player 0 freeze to 251
[2022-12-13 19:16:59] [SEVERE ] setting player 0 freeze to 235
[2022-12-13 19:16:59] [SEVERE ] setting player 0 freeze to 219
[2022-12-13 19:17:00] [SEVERE ] setting player 0 freeze to 204
[2022-12-13 19:17:00] [SEVERE ] setting player 0 freeze to 188
[2022-12-13 19:17:00] [SEVERE ] setting player 0 freeze to 172
[2022-12-13 19:17:00] [SEVERE ] setting player 0 freeze to 156
[2022-12-13 19:17:00] [SEVERE ] setting player 0 freeze to 140
[2022-12-13 19:17:00] [SEVERE ] setting player 0 freeze to 125
[2022-12-13 19:17:00] [SEVERE ] setting player 0 freeze to 109
[2022-12-13 19:17:00] [SEVERE ] setting player 0 freeze to 94
[2022-12-13 19:17:00] [SEVERE ] setting player 0 freeze to 78
[2022-12-13 19:17:00] [SEVERE ] setting player 0 freeze to 62
[2022-12-13 19:17:00] [SEVERE ] setting player 0 freeze to 46
[2022-12-13 19:17:00] [SEVERE ] setting player 0 freeze to 30
[2022-12-13 19:17:00] [SEVERE ] setting player 0 freeze to 14
[2022-12-13 19:17:00] [SEVERE ] setting player 0 freeze to 0
[2022-12-13 19:17:03] [SEVERE ] Key 82 was pressed by player 0
[2022-12-13 19:17:03] [SEVERE ] player 0 placing token on slot 3
[2022-12-13 19:17:03] [SEVERE ] Key 83 was pressed by player 0
[2022-12-13 19:17:03] [SEVERE ] player 0 placing token on slot 5
[2022-12-13 19:17:03] [SEVERE ] Key 86 was pressed by player 0
[2022-12-13 19:17:03] [SEVERE ] player 0 placing token on slot 11
[2022-12-13 19:17:03] [SEVERE ] setting player 0 score to 8
[2022-12-13 19:17:03] [SEVERE ] removing player 0 token from slot 3
[2022-12-13 19:17:03] [SEVERE ] removing player 0 token from slot 5
[2022-12-13 19:17:03] [SEVERE ] removing player 0 token from slot 11
[2022-12-13 19:17:03] [SEVERE ] removing card from slot 3
[2022-12-13 19:17:03] [SEVERE ] removing card from slot 5
[2022-12-13 19:17:03] [SEVERE ] removing card from slot 11
[2022-12-13 19:17:04] [SEVERE ] placing card 20 in slot 3
[2022-12-13 19:17:04] [SEVERE ] placing card 34 in slot 5
[2022-12-13 19:17:04] [SEVERE ] placing card 51 in slot 11
[2022-12-13 19:17:06] [SEVERE ] Key 81 was pressed by player 0
[2022-12-13 19:17:06] [SEVERE ] player 0 placing token on slot 0
[2022-12-13 19:17:06] [SEVERE ] Key 69 was pressed by player 0
[2022-12-13 19:17:06] [SEVERE ] player 0 placing token on slot 2
[2022-12-13 19:17:06] [SEVERE ] Key 82 was pressed by player 0
[2022-12-13 19:17:06] [SEVERE ] player 0 placing token on slot 3
[2022-12-13 19:17:06] [SEVERE ] setting player 0 score to 9
[2022-12-13 19:17:06] [SEVERE ] removing player 0 token from slot 0
[2022-12-13 19:17:06] [SEVERE ] removing player 0 token from slot 2
[2022-12-13 19:17:06] [SEVERE ] removing player 0 token from slot 3
[2022-12-13 19:17:06] [SEVERE ] removing card from slot 0
[2022-12-13 19:17:06] [SEVERE ] removing card from slot 2
[2022-12-13 19:17:06] [SEVERE ] removing card from slot 3
[2022-12-13 19:17:07] [SEVERE ] placing card 39 in slot 0
[2022-12-13 19:17:07] [SEVERE ] placing card 32 in slot 2
[2022-12-13 19:17:07] [SEVERE ] placing card 15 in slot 3
[2022-12-13 19:17:11] [SEVERE ] Key 83 was pressed by player 0
[2022-12-13 19:17:11] [SEVERE ] player 0 placing token on slot 5
[2022-12-13 19:17:11] [SEVERE ] Key 68 was pressed by player 0
[2022-12-13 19:17:11] [SEVERE ] player 0 placing token on slot 6
[2022-12-13 19:17:12] [SEVERE ] Key 70 was pressed by player 0
[2022-12-13 19:17:12] [SEVERE ] player 0 placing token on slot 7
[2022-12-13 19:17:12] [SEVERE ] removing player 0 token from slot 5
[2022-12-13 19:17:12] [SEVERE ] removing player 0 token from slot 6
[2022-12-13 19:17:12] [SEVERE ] removing player 0 token from slot 7
[2022-12-13 19:17:12] [SEVERE ] setting player 0 freeze to 3000
[2022-12-13 19:17:12] [SEVERE ] setting player 0 freeze to 2975
[2022-12-13 19:17:12] [SEVERE ] setting player 0 freeze to 2964
[2022-12-13 19:17:12] [SEVERE ] setting player 0 freeze to 2943
[2022-12-13 19:17:12] [SEVERE ] setting player 0 freeze to 2927
[2022-12-13 19:17:12] [SEVERE ] setting player 0 freeze to 2911
[2022-12-13 19:17:12] [SEVERE ] setting player 0 freeze to 2897
[2022-12-13 19:17:12] [SEVERE ] setting player 0 freeze to 2881
[2022-12-13 19:17:12] [SEVERE ] setting player 0 freeze to 2865
[2022-12-13 19:17:12] [SEVERE ] setting player 0 freeze to 2849
[2022-12-13 19:17:12] [SEVERE ] setting player 0 freeze to 2833
[2022-12-13 19:17:12] [SEVERE ] setting player 0 freeze to 2817
[2022-12-13 19:17:12] [SEVERE ] setting player 0 freeze to 2801
[2022-12-13 19:17:12] [SEVERE ] setting player 0 freeze to 2785
[2022-12-13 19:17:12] [SEVERE ] setting player 0 freeze to 2769
[2022-12-13 19:17:12] [SEVERE ] setting player 0 freeze to 2753
[2022-12-13 19:17:12] [SEVERE ] setting player 0 freeze to 2737
[2022-12-13 19:17:12] [SEVERE ] setting player 0 freeze to 2721
[2022-12-13 19:17:12] [SEVERE ] setting player 0 freeze to 2705
[2022-12-13 19:17:12] [SEVERE ] setting player 0 freeze to 2689
[2022-12-13 19:17:12] [SEVERE ] setting player 0 freeze to 2673
[2022-12-13 19:17:12] [SEVERE ] setting player 0 freeze to 2657
[2022-12-13 19:17:12] [SEVERE ] setting player 0 freeze to 2641
[2022-12-13 19:17:12] [SEVERE ] setting player 0 freeze to 2625
[2022-12-13 19:17:12] [SEVERE ] setting player 0 freeze to 2609
[2022-12-13 19:17:12] [SEVERE ] setting player 0 freeze to 2593
[2022-12-13 19:17:12] [SEVERE ] setting player 0 freeze to 2577
[2022-12-13 19:17:12] [SEVERE ] setting player 0 freeze to 2561
[2022-12-13 19:17:12] [SEVERE ] setting player 0 freeze to 2545
[2022-12-13 19:17:12] [SEVERE ] setting player 0 freeze to 2529
[2022-12-13 19:17:12] [SEVERE ] setting player 0 freeze to 2514
[2022-12-13 19:17:12] [SEVERE ] setting player 0 freeze to 2498
[2022-12-13 19:17:12] [SEVERE ] setting player 0 freeze to 2482
[2022-12-13 19:17:12] [SEVERE ] setting player 0 freeze to 2466
[2022-12-13 19:17:12] [SEVERE ] setting player 0 freeze to 2450
[2022-12-13 19:17:12] [SEVERE ] setting player 0 freeze to 2434
[2022-12-13 19:17:12] [SEVERE ] setting player 0 freeze to 2418
[2022-12-13 19:17:12] [SEVERE ] setting player 0 freeze to 2402
[2022-12-13 19:17:12] [SEVERE ] setting player 0 freeze to 2386
[2022-12-13 19:17:12] [SEVERE ] setting player 0 freeze to 2370
[2022-12-13 19:17:12] [SEVERE ] setting player 0 freeze to 2354
[2022-12-13 19:17:12] [SEVERE ] setting player 0 freeze to 2338
[2022-12-13 19:17:12] [SEVERE ] setting player 0 freeze to 2323
[2022-12-13 19:17:12] [SEVERE ] setting player 0 freeze to 2307
[2022-12-13 19:17:12] [SEVERE ] setting player 0 freeze to 2291
[2022-12-13 19:17:12] [SEVERE ] setting player 0 freeze to 2275
[2022-12-13 19:17:12] [SEVERE ] setting player 0 freeze to 2259
[2022-12-13 19:17:12] [SEVERE ] setting player 0 freeze to 2243
[2022-12-13 19:17:12] [SEVERE ] setting player 0 freeze to 2227
[2022-12-13 19:17:12] [SEVERE ] setting player 0 freeze to 2212
[2022-12-13 19:17:13] [SEVERE ] setting player 0 freeze to 2196
[2022-12-13 19:17:13] [SEVERE ] setting player 0 freeze to 2180
[2022-12-13 19:17:13] [SEVERE ] setting player 0 freeze to 2165
[2022-12-13 19:17:13] [SEVERE ] setting player 0 freeze to 2149
[2022-12-13 19:17:13] [SEVERE ] setting player 0 freeze to 2133
[2022-12-13 19:17:13] [SEVERE ] setting player 0 freeze to 2117
[2022-12-13 19:17:13] [SEVERE ] setting player 0 freeze to 2102
[2022-12-13 19:17:13] [SEVERE ] setting player 0 freeze to 2086
[2022-12-13 19:17:13] [SEVERE ] setting player 0 freeze to 2071
[2022-12-13 19:17:13] [SEVERE ] setting player 0 freeze to 2055
[2022-12-13 19:17:13] [SEVERE ] setting player 0 freeze to 2039
[2022-12-13 19:17:13] [SEVERE ] setting player 0 freeze to 2023
[2022-12-13 19:17:13] [SEVERE ] setting player 0 freeze to 2007
[2022-12-13 19:17:13] [SEVERE ] setting player 0 freeze to 1992
[2022-12-13 19:17:13] [SEVERE ] setting player 0 freeze to 1976
[2022-12-13 19:17:13] [SEVERE ] setting player 0 freeze to 1960
[2022-12-13 19:17:13] [SEVERE ] setting player 0 freeze to 1944
[2022-12-13 19:17:13] [SEVERE ] setting player 0 freeze to 1928
[2022-12-13 19:17:13] [SEVERE ] setting player 0 freeze to 1912
[2022-12-13 19:17:13] [SEVERE ] setting player 0 freeze to 1896
[2022-12-13 19:17:13] [SEVERE ] setting player 0 freeze to 1880
[2022-12-13 19:17:13] [SEVERE ] setting player 0 freeze to 1864
[2022-12-13 19:17:13] [SEVERE ] setting player 0 freeze to 1848
[2022-12-13 19:17:13] [SEVERE ] setting player 0 freeze to 1834
[2022-12-13 19:17:13] [SEVERE ] setting player 0 freeze to 1818
[2022-12-13 19:17:13] [SEVERE ] setting player 0 freeze to 1802
[2022-12-13 19:17:13] [SEVERE ] setting player 0 freeze to 1786
[2022-12-13 19:17:13] [SEVERE ] setting player 0 freeze to 1770
[2022-12-13 19:17:13] [SEVERE ] setting player 0 freeze to 1754
[2022-12-13 19:17:13] [SEVERE ] setting player 0 freeze to 1738
[2022-12-13 19:17:13] [SEVERE ] setting player 0 freeze to 1722
[2022-12-13 19:17:13] [SEVERE ] setting player 0 freeze to 1706
[2022-12-13 19:17:13] [SEVERE ] setting player 0 freeze to 1690
[2022-12-13 19:17:13] [SEVERE ] setting player 0 freeze to 1674
[2022-12-13 19:17:13] [SEVERE ] setting player 0 freeze to 1658
[2022-12-13 19:17:13] [SEVERE ] setting player 0 freeze to 1642
[2022-12-13 19:17:13] [SEVERE ] setting player 0 freeze to 1626
[2022-12-13 19:17:13] [SEVERE ] setting player 0 freeze to 1610
[2022-12-13 19:17:13] [SEVERE ] setting player 0 freeze to 1594
[2022-12-13 19:17:13] [SEVERE ] setting player 0 freeze to 1578
[2022-12-13 19:17:13] [SEVERE ] setting player 0 freeze to 1562
[2022-12-13 19:17:13] [SEVERE ] setting player 0 freeze to 1546
[2022-12-13 19:17:13] [SEVERE ] setting player 0 freeze to 1530
[2022-12-13 19:17:13] [SEVERE ] setting player 0 freeze to 1514
[2022-12-13 19:17:13] [SEVERE ] setting player 0 freeze to 1498
[2022-12-13 19:17:13] [SEVERE ] setting player 0 freeze to 1482
[2022-12-13 19:17:13] [SEVERE ] setting player 0 freeze to 1466
[2022-12-13 19:17:13] [SEVERE ] setting player 0 freeze to 1450
[2022-12-13 19:17:13] [SEVERE ] setting player 0 freeze to 1434
[2022-12-13 19:17:13] [SEVERE ] setting player 0 freeze to 1418
[2022-12-13 19:17:13] [SEVERE ] setting player 0 freeze to 1403
[2022-12-13 19:17:13] [SEVERE ] setting player 0 freeze to 1387
[2022-12-13 19:17:13] [SEVERE ] setting player 0 freeze to 1371
[2022-12-13 19:17:13] [SEVERE ] setting player 0 freeze to 1355
[2022-12-13 19:17:13] [SEVERE ] setting player 0 freeze to 1339
[2022-12-13 19:17:13] [SEVERE ] setting player 0 freeze to 1324
[2022-12-13 19:17:13] [SEVERE ] setting player 0 freeze to 1308
[2022-12-13 19:17:13] [SEVERE ] setting player 0 freeze to 1292
[2022-12-13 19:17:13] [SEVERE ] setting player 0 freeze to 1276
[2022-12-13 19:17:13] [SEVERE ] setting player 0 freeze to 1261
[2022-12-13 19:17:13] [SEVERE ] Key 69 was pressed by player 0
[2022-12-13 19:17:13] [SEVERE ] setting player 0 freeze to 1245
[2022-12-13 19:17:13] [SEVERE ] setting player 0 freeze to 1229
[2022-12-13 19:17:13] [SEVERE ] setting player 0 freeze to 1213
[2022-12-13 19:17:14] [SEVERE ] setting player 0 freeze to 1197
[2022-12-13 19:17:14] [SEVERE ] setting player 0 freeze to 1181
[2022-12-13 19:17:14] [SEVERE ] setting player 0 freeze to 1165
[2022-12-13 19:17:14] [SEVERE ] setting player 0 freeze to 1149
[2022-12-13 19:17:14] [SEVERE ] setting player 0 freeze to 1133
[2022-12-13 19:17:14] [SEVERE ] setting player 0 freeze to 1117
[2022-12-13 19:17:14] [SEVERE ] setting player 0 freeze to 1101
[2022-12-13 19:17:14] [SEVERE ] setting player 0 freeze to 1085
[2022-12-13 19:17:14] [SEVERE ] setting player 0 freeze to 1069
[2022-12-13 19:17:14] [SEVERE ] setting player 0 freeze to 1053
[2022-12-13 19:17:14] [SEVERE ] Key 82 was pressed by player 0
[2022-12-13 19:17:14] [SEVERE ] setting player 0 freeze to 1038
[2022-12-13 19:17:14] [SEVERE ] setting player 0 freeze to 1022
[2022-12-13 19:17:14] [SEVERE ] setting player 0 freeze to 1006
[2022-12-13 19:17:14] [SEVERE ] setting player 0 freeze to 990
[2022-12-13 19:17:14] [SEVERE ] setting player 0 freeze to 974
[2022-12-13 19:17:14] [SEVERE ] setting player 0 freeze to 958
[2022-12-13 19:17:14] [SEVERE ] setting player 0 freeze to 942
[2022-12-13 19:17:14] [SEVERE ] setting player 0 freeze to 926
[2022-12-13 19:17:14] [SEVERE ] setting player 0 freeze to 910
[2022-12-13 19:17:14] [SEVERE ] Key 65 was pressed by player 0
[2022-12-13 19:17:14] [SEVERE ] setting player 0 freeze to 894
[2022-12-13 19:17:14] [SEVERE ] setting player 0 freeze to 878
[2022-12-13 19:17:14] [SEVERE ] setting player 0 freeze to 862
[2022-12-13 19:17:14] [SEVERE ] setting player 0 freeze to 846
[2022-12-13 19:17:14] [SEVERE ] setting player 0 freeze to 830
[2022-12-13 19:17:14] [SEVERE ] setting player 0 freeze to 814
[2022-12-13 19:17:14] [SEVERE ] setting player 0 freeze to 798
[2022-12-13 19:17:14] [SEVERE ] setting player 0 freeze to 783
[2022-12-13 19:17:14] [SEVERE ] setting player 0 freeze to 767
[2022-12-13 19:17:14] [SEVERE ] setting player 0 freeze to 752
[2022-12-13 19:17:14] [SEVERE ] setting player 0 freeze to 736
[2022-12-13 19:17:14] [SEVERE ] setting player 0 freeze to 720
[2022-12-13 19:17:14] [SEVERE ] setting player 0 freeze to 704
[2022-12-13 19:17:14] [SEVERE ] setting player 0 freeze to 688
[2022-12-13 19:17:14] [SEVERE ] setting player 0 freeze to 672
[2022-12-13 19:17:14] [SEVERE ] setting player 0 freeze to 656
[2022-12-13 19:17:14] [SEVERE ] setting player 0 freeze to 640
[2022-12-13 19:17:14] [SEVERE ] setting player 0 freeze to 624
[2022-12-13 19:17:14] [SEVERE ] setting player 0 freeze to 608
[2022-12-13 19:17:14] [SEVERE ] setting player 0 freeze to 592
[2022-12-13 19:17:14] [SEVERE ] setting player 0 freeze to 576
[2022-12-13 19:17:14] [SEVERE ] setting player 0 freeze to 560
[2022-12-13 19:17:14] [SEVERE ] setting player 0 freeze to 544
[2022-12-13 19:17:14] [SEVERE ] setting player 0 freeze to 528
[2022-12-13 19:17:14] [SEVERE ] setting player 0 freeze to 512
[2022-12-13 19:17:14] [SEVERE ] setting player 0 freeze to 497
[2022-12-13 19:17:14] [SEVERE ] setting player 0 freeze to 481
[2022-12-13 19:17:14] [SEVERE ] setting player 0 freeze to 465
[2022-12-13 19:17:14] [SEVERE ] setting player 0 freeze to 449
[2022-12-13 19:17:14] [SEVERE ] setting player 0 freeze to 433
[2022-12-13 19:17:14] [SEVERE ] setting player 0 freeze to 417
[2022-12-13 19:17:14] [SEVERE ] setting player 0 freeze to 401
[2022-12-13 19:17:14] [SEVERE ] setting player 0 freeze to 385
[2022-12-13 19:17:14] [SEVERE ] setting player 0 freeze to 369
[2022-12-13 19:17:14] [SEVERE ] setting player 0 freeze to 353
[2022-12-13 19:17:14] [SEVERE ] setting player 0 freeze to 337
[2022-12-13 19:17:14] [SEVERE ] setting player 0 freeze to 321
[2022-12-13 19:17:14] [SEVERE ] setting player 0 freeze to 305
[2022-12-13 19:17:14] [SEVERE ] setting player 0 freeze to 289
[2022-12-13 19:17:14] [SEVERE ] setting player 0 freeze to 273
[2022-12-13 19:17:14] [SEVERE ] setting player 0 freeze to 257
[2022-12-13 19:17:14] [SEVERE ] setting player 0 freeze to 241
[2022-12-13 19:17:14] [SEVERE ] setting player 0 freeze to 225
[2022-12-13 19:17:15] [SEVERE ] setting player 0 freeze to 210
[2022-12-13 19:17:15] [SEVERE ] setting player 0 freeze to 193
[2022-12-13 19:17:15] [SEVERE ] setting player 0 freeze to 178
[2022-12-13 19:17:15] [SEVERE ] setting player 0 freeze to 162
[2022-12-13 19:17:15] [SEVERE ] setting player 0 freeze to 146
[2022-12-13 19:17:15] [SEVERE ] setting player 0 freeze to 130
[2022-12-13 19:17:15] [SEVERE ] setting player 0 freeze to 114
[2022-12-13 19:17:15] [SEVERE ] setting player 0 freeze to 98
[2022-12-13 19:17:15] [SEVERE ] setting player 0 freeze to 82
[2022-12-13 19:17:15] [SEVERE ] setting player 0 freeze to 66
[2022-12-13 19:17:15] [SEVERE ] setting player 0 freeze to 50
[2022-12-13 19:17:15] [SEVERE ] setting player 0 freeze to 34
[2022-12-13 19:17:15] [SEVERE ] setting player 0 freeze to 18
[2022-12-13 19:17:15] [SEVERE ] setting player 0 freeze to 2
[2022-12-13 19:17:15] [SEVERE ] setting player 0 freeze to 0
[2022-12-13 19:17:16] [SEVERE ] Key 69 was pressed by player 0
[2022-12-13 19:17:16] [SEVERE ] player 0 placing token on slot 2
[2022-12-13 19:17:16] [SEVERE ] Key 82 was pressed by player 0
[2022-12-13 19:17:16] [SEVERE ] player 0 placing token on slot 3
[2022-12-13 19:17:16] [SEVERE ] Key 65 was pressed by player 0
[2022-12-13 19:17:16] [SEVERE ] player 0 placing token on slot 4
[2022-12-13 19:17:16] [SEVERE ] setting player 0 score to 10
[2022-12-13 19:17:16] [SEVERE ] removing player 0 token from slot 2
[2022-12-13 19:17:16] [SEVERE ] removing player 0 token from slot 3
[2022-12-13 19:17:16] [SEVERE ] removing player 0 token from slot 4
[2022-12-13 19:17:16] [SEVERE ] removing card from slot 2
[2022-12-13 19:17:16] [SEVERE ] removing card from slot 3
[2022-12-13 19:17:16] [SEVERE ] removing card from slot 4
[2022-12-13 19:17:16] [SEVERE ] placing card 76 in slot 2
[2022-12-13 19:17:16] [SEVERE ] placing card 33 in slot 3
[2022-12-13 19:17:16] [SEVERE ] placing card 23 in slot 4
[2022-12-13 19:17:20] [SEVERE ] Key 81 was pressed by player 0
[2022-12-13 19:17:20] [SEVERE ] player 0 placing token on slot 0
[2022-12-13 19:17:21] [SEVERE ] Key 68 was pressed by player 0
[2022-12-13 19:17:21] [SEVERE ] player 0 placing token on slot 6
[2022-12-13 19:17:22] [SEVERE ] Key 90 was pressed by player 0
[2022-12-13 19:17:22] [SEVERE ] player 0 placing token on slot 8
[2022-12-13 19:17:22] [SEVERE ] setting player 0 score to 11
[2022-12-13 19:17:22] [SEVERE ] removing player 0 token from slot 0
[2022-12-13 19:17:22] [SEVERE ] removing player 0 token from slot 6
[2022-12-13 19:17:22] [SEVERE ] removing player 0 token from slot 8
[2022-12-13 19:17:22] [SEVERE ] removing card from slot 0
[2022-12-13 19:17:22] [SEVERE ] removing card from slot 6
[2022-12-13 19:17:22] [SEVERE ] removing card from slot 8
[2022-12-13 19:17:22] [SEVERE ] placing card 65 in slot 0
[2022-12-13 19:17:22] [SEVERE ] placing card 52 in slot 6
[2022-12-13 19:17:22] [SEVERE ] placing card 19 in slot 8
[2022-12-13 19:17:31] [SEVERE ] Key 83 was pressed by player 0
[2022-12-13 19:17:31] [SEVERE ] player 0 placing token on slot 5
[2022-12-13 19:17:31] [SEVERE ] Key 90 was pressed by player 0
[2022-12-13 19:17:31] [SEVERE ] player 0 placing token on slot 8
[2022-12-13 19:17:31] [SEVERE ] Key 88 was pressed by player 0
[2022-12-13 19:17:31] [SEVERE ] player 0 placing token on slot 9
[2022-12-13 19:17:31] [SEVERE ] setting player 0 score to 12
[2022-12-13 19:17:31] [SEVERE ] removing player 0 token from slot 5
[2022-12-13 19:17:31] [SEVERE ] removing player 0 token from slot 8
[2022-12-13 19:17:31] [SEVERE ] removing player 0 token from slot 9
[2022-12-13 19:17:31] [SEVERE ] removing card from slot 5
[2022-12-13 19:17:31] [SEVERE ] removing card from slot 8
[2022-12-13 19:17:31] [SEVERE ] removing card from slot 9
[2022-12-13 19:17:31] [SEVERE ] placing card 78 in slot 5
[2022-12-13 19:17:31] [SEVERE ] placing card 10 in slot 8
[2022-12-13 19:17:31] [SEVERE ] placing card 57 in slot 9
[2022-12-13 19:17:38] [SEVERE ] Key 82 was pressed by player 0
[2022-12-13 19:17:38] [SEVERE ] player 0 placing token on slot 3
[2022-12-13 19:17:38] [SEVERE ] Key 70 was pressed by player 0
[2022-12-13 19:17:38] [SEVERE ] player 0 placing token on slot 7
[2022-12-13 19:17:38] [SEVERE ] Key 90 was pressed by player 0
[2022-12-13 19:17:38] [SEVERE ] player 0 placing token on slot 8
[2022-12-13 19:17:38] [SEVERE ] removing player 0 token from slot 3
[2022-12-13 19:17:38] [SEVERE ] removing player 0 token from slot 7
[2022-12-13 19:17:38] [SEVERE ] removing player 0 token from slot 8
[2022-12-13 19:17:38] [SEVERE ] setting player 0 freeze to 3000
[2022-12-13 19:17:38] [SEVERE ] setting player 0 freeze to 2980
[2022-12-13 19:17:38] [SEVERE ] setting player 0 freeze to 2964
[2022-12-13 19:17:38] [SEVERE ] setting player 0 freeze to 2950
[2022-12-13 19:17:38] [SEVERE ] setting player 0 freeze to 2934
[2022-12-13 19:17:38] [SEVERE ] setting player 0 freeze to 2918
[2022-12-13 19:17:38] [SEVERE ] setting player 0 freeze to 2903
[2022-12-13 19:17:38] [SEVERE ] setting player 0 freeze to 2887
[2022-12-13 19:17:38] [SEVERE ] setting player 0 freeze to 2872
[2022-12-13 19:17:38] [SEVERE ] setting player 0 freeze to 2856
[2022-12-13 19:17:38] [SEVERE ] setting player 0 freeze to 2840
[2022-12-13 19:17:38] [SEVERE ] setting player 0 freeze to 2824
[2022-12-13 19:17:38] [SEVERE ] setting player 0 freeze to 2808
[2022-12-13 19:17:38] [SEVERE ] setting player 0 freeze to 2792
[2022-12-13 19:17:38] [SEVERE ] setting player 0 freeze to 2776
[2022-12-13 19:17:38] [SEVERE ] setting player 0 freeze to 2760
[2022-12-13 19:17:38] [SEVERE ] setting player 0 freeze to 2744
[2022-12-13 19:17:38] [SEVERE ] setting player 0 freeze to 2728
[2022-12-13 19:17:38] [SEVERE ] setting player 0 freeze to 2713
[2022-12-13 19:17:38] [SEVERE ] setting player 0 freeze to 2697
[2022-12-13 19:17:38] [SEVERE ] setting player 0 freeze to 2681
[2022-12-13 19:17:38] [SEVERE ] setting player 0 freeze to 2665
[2022-12-13 19:17:38] [SEVERE ] setting player 0 freeze to 2649
[2022-12-13 19:17:38] [SEVERE ] setting player 0 freeze to 2633
[2022-12-13 19:17:38] [SEVERE ] setting player 0 freeze to 2617
[2022-12-13 19:17:38] [SEVERE ] setting player 0 freeze to 2601
[2022-12-13 19:17:38] [SEVERE ] setting player 0 freeze to 2585
[2022-12-13 19:17:39] [SEVERE ] setting player 0 freeze to 2570
[2022-12-13 19:17:39] [SEVERE ] setting player 0 freeze to 2554
[2022-12-13 19:17:39] [SEVERE ] setting player 0 freeze to 2538
[2022-12-13 19:17:39] [SEVERE ] setting player 0 freeze to 2522
[2022-12-13 19:17:39] [SEVERE ] setting player 0 freeze to 2506
[2022-12-13 19:17:39] [SEVERE ] setting player 0 freeze to 2490
[2022-12-13 19:17:39] [SEVERE ] setting player 0 freeze to 2474
[2022-12-13 19:17:39] [SEVERE ] setting player 0 freeze to 2459
[2022-12-13 19:17:39] [SEVERE ] setting player 0 freeze to 2443
[2022-12-13 19:17:39] [SEVERE ] setting player 0 freeze to 2427
[2022-12-13 19:17:39] [SEVERE ] setting player 0 freeze to 2411
[2022-12-13 19:17:39] [SEVERE ] setting player 0 freeze to 2395
[2022-12-13 19:17:39] [SEVERE ] setting player 0 freeze to 2379
[2022-12-13 19:17:39] [SEVERE ] setting player 0 freeze to 2364
[2022-12-13 19:17:39] [SEVERE ] setting player 0 freeze to 2348
[2022-12-13 19:17:39] [SEVERE ] setting player 0 freeze to 2332
[2022-12-13 19:17:39] [SEVERE ] setting player 0 freeze to 2316
[2022-12-13 19:17:39] [SEVERE ] setting player 0 freeze to 2300
[2022-12-13 19:17:39] [SEVERE ] setting player 0 freeze to 2284
[2022-12-13 19:17:39] [SEVERE ] setting player 0 freeze to 2268
[2022-12-13 19:17:39] [SEVERE ] setting player 0 freeze to 2252
[2022-12-13 19:17:39] [SEVERE ] setting player 0 freeze to 2236
[2022-12-13 19:17:39] [SEVERE ] setting player 0 freeze to 2220
[2022-12-13 19:17:39] [SEVERE ] setting player 0 freeze to 2205
[2022-12-13 19:17:39] [SEVERE ] setting player 0 freeze to 2189
[2022-12-13 19:17:39] [SEVERE ] setting player 0 freeze to 2173
[2022-12-13 19:17:39] [SEVERE ] setting player 0 freeze to 2157
[2022-12-13 19:17:39] [SEVERE ] setting player 0 freeze to 2141
[2022-12-13 19:17:39] [SEVERE ] setting player 0 freeze to 2126
[2022-12-13 19:17:39] [SEVERE ] setting player 0 freeze to 2110
[2022-12-13 19:17:39] [SEVERE ] setting player 0 freeze to 2095
[2022-12-13 19:17:39] [SEVERE ] setting player 0 freeze to 2079
[2022-12-13 19:17:39] [SEVERE ] setting player 0 freeze to 2064
[2022-12-13 19:17:39] [SEVERE ] setting player 0 freeze to 2048
[2022-12-13 19:17:39] [SEVERE ] setting player 0 freeze to 2032
[2022-12-13 19:17:39] [SEVERE ] setting player 0 freeze to 2016
[2022-12-13 19:17:39] [SEVERE ] setting player 0 freeze to 2000
[2022-12-13 19:17:39] [SEVERE ] setting player 0 freeze to 1984
[2022-12-13 19:17:39] [SEVERE ] setting player 0 freeze to 1968
[2022-12-13 19:17:39] [SEVERE ] setting player 0 freeze to 1952
[2022-12-13 19:17:39] [SEVERE ] setting player 0 freeze to 1936
[2022-12-13 19:17:39] [SEVERE ] setting player 0 freeze to 1921
[2022-12-13 19:17:39] [SEVERE ] setting player 0 freeze to 1905
[2022-12-13 19:17:39] [SEVERE ] setting player 0 freeze to 1889
[2022-12-13 19:17:39] [SEVERE ] setting player 0 freeze to 1873
[2022-12-13 19:17:39] [SEVERE ] setting player 0 freeze to 1857
[2022-12-13 19:17:39] [SEVERE ] setting player 0 freeze to 1841
[2022-12-13 19:17:39] [SEVERE ] setting player 0 freeze to 1825
[2022-12-13 19:17:39] [SEVERE ] setting player 0 freeze to 1809
[2022-12-13 19:17:39] [SEVERE ] setting player 0 freeze to 1793
[2022-12-13 19:17:39] [SEVERE ] setting player 0 freeze to 1778
[2022-12-13 19:17:39] [SEVERE ] setting player 0 freeze to 1762
[2022-12-13 19:17:39] [SEVERE ] setting player 0 freeze to 1746
[2022-12-13 19:17:39] [SEVERE ] setting player 0 freeze to 1730
[2022-12-13 19:17:39] [SEVERE ] setting player 0 freeze to 1714
[2022-12-13 19:17:39] [SEVERE ] setting player 0 freeze to 1698
[2022-12-13 19:17:39] [SEVERE ] setting player 0 freeze to 1682
[2022-12-13 19:17:39] [SEVERE ] setting player 0 freeze to 1666
[2022-12-13 19:17:39] [SEVERE ] setting player 0 freeze to 1650
[2022-12-13 19:17:39] [SEVERE ] setting player 0 freeze to 1634
[2022-12-13 19:17:39] [SEVERE ] setting player 0 freeze to 1618
[2022-12-13 19:17:39] [SEVERE ] setting player 0 freeze to 1602
[2022-12-13 19:17:39] [SEVERE ] setting player 0 freeze to 1586
[2022-12-13 19:17:40] [SEVERE ] setting player 0 freeze to 1570
[2022-12-13 19:17:40] [SEVERE ] setting player 0 freeze to 1554
[2022-12-13 19:17:40] [SEVERE ] setting player 0 freeze to 1538
[2022-12-13 19:17:40] [SEVERE ] setting player 0 freeze to 1522
[2022-12-13 19:17:40] [SEVERE ] setting player 0 freeze to 1506
[2022-12-13 19:17:40] [SEVERE ] setting player 0 freeze to 1490
[2022-12-13 19:17:40] [SEVERE ] setting player 0 freeze to 1475
[2022-12-13 19:17:40] [SEVERE ] setting player 0 freeze to 1459
[2022-12-13 19:17:40] [SEVERE ] setting player 0 freeze to 1443
[2022-12-13 19:17:40] [SEVERE ] setting player 0 freeze to 1427
[2022-12-13 19:17:40] [SEVERE ] setting player 0 freeze to 1411
[2022-12-13 19:17:40] [SEVERE ] setting player 0 freeze to 1395
[2022-12-13 19:17:40] [SEVERE ] setting player 0 freeze to 1379
[2022-12-13 19:17:40] [SEVERE ] setting player 0 freeze to 1363
[2022-12-13 19:17:40] [SEVERE ] setting player 0 freeze to 1347
[2022-12-13 19:17:40] [SEVERE ] setting player 0 freeze to 1332
[2022-12-13 19:17:40] [SEVERE ] setting player 0 freeze to 1316
[2022-12-13 19:17:40] [SEVERE ] setting player 0 freeze to 1300
[2022-12-13 19:17:40] [SEVERE ] setting player 0 freeze to 1284
[2022-12-13 19:17:40] [SEVERE ] setting player 0 freeze to 1268
[2022-12-13 19:17:40] [SEVERE ] setting player 0 freeze to 1252
[2022-12-13 19:17:40] [SEVERE ] setting player 0 freeze to 1237
[2022-12-13 19:17:40] [SEVERE ] setting player 0 freeze to 1221
[2022-12-13 19:17:40] [SEVERE ] setting player 0 freeze to 1206
[2022-12-13 19:17:40] [SEVERE ] setting player 0 freeze to 1190
[2022-12-13 19:17:40] [SEVERE ] setting player 0 freeze to 1174
[2022-12-13 19:17:40] [SEVERE ] setting player 0 freeze to 1158
[2022-12-13 19:17:40] [SEVERE ] setting player 0 freeze to 1142
[2022-12-13 19:17:40] [SEVERE ] setting player 0 freeze to 1126
[2022-12-13 19:17:40] [SEVERE ] setting player 0 freeze to 1110
[2022-12-13 19:17:40] [SEVERE ] setting player 0 freeze to 1094
[2022-12-13 19:17:40] [SEVERE ] setting player 0 freeze to 1079
[2022-12-13 19:17:40] [SEVERE ] setting player 0 freeze to 1064
[2022-12-13 19:17:40] [SEVERE ] setting player 0 freeze to 1048
[2022-12-13 19:17:40] [SEVERE ] setting player 0 freeze to 1033
[2022-12-13 19:17:40] [SEVERE ] setting player 0 freeze to 1017
[2022-12-13 19:17:40] [SEVERE ] setting player 0 freeze to 1002
[2022-12-13 19:17:40] [SEVERE ] setting player 0 freeze to 986
[2022-12-13 19:17:40] [SEVERE ] setting player 0 freeze to 970
[2022-12-13 19:17:40] [SEVERE ] setting player 0 freeze to 955
[2022-12-13 19:17:40] [SEVERE ] setting player 0 freeze to 939
[2022-12-13 19:17:40] [SEVERE ] setting player 0 freeze to 923
[2022-12-13 19:17:40] [SEVERE ] setting player 0 freeze to 907
[2022-12-13 19:17:40] [SEVERE ] setting player 0 freeze to 892
[2022-12-13 19:17:40] [SEVERE ] setting player 0 freeze to 876
[2022-12-13 19:17:40] [SEVERE ] setting player 0 freeze to 860
[2022-12-13 19:17:40] [SEVERE ] setting player 0 freeze to 844
[2022-12-13 19:17:40] [SEVERE ] setting player 0 freeze to 828
[2022-12-13 19:17:40] [SEVERE ] setting player 0 freeze to 812
[2022-12-13 19:17:40] [SEVERE ] setting player 0 freeze to 796
[2022-12-13 19:17:40] [SEVERE ] setting player 0 freeze to 780
[2022-12-13 19:17:40] [SEVERE ] setting player 0 freeze to 764
[2022-12-13 19:17:40] [SEVERE ] setting player 0 freeze to 750
[2022-12-13 19:17:40] [SEVERE ] setting player 0 freeze to 734
[2022-12-13 19:17:40] [SEVERE ] setting player 0 freeze to 718
[2022-12-13 19:17:40] [SEVERE ] setting player 0 freeze to 702
[2022-12-13 19:17:40] [SEVERE ] setting player 0 freeze to 686
[2022-12-13 19:17:40] [SEVERE ] setting player 0 freeze to 670
[2022-12-13 19:17:40] [SEVERE ] setting player 0 freeze to 654
[2022-12-13 19:17:40] [SEVERE ] setting player 0 freeze to 639
[2022-12-13 19:17:40] [SEVERE ] setting player 0 freeze to 623
[2022-12-13 19:17:40] [SEVERE ] setting player 0 freeze to 607
[2022-12-13 19:17:40] [SEVERE ] setting player 0 freeze to 591
[2022-12-13 19:17:41] [SEVERE ] setting player 0 freeze to 575
[2022-12-13 19:17:41] [SEVERE ] setting player 0 freeze to 559
[2022-12-13 19:17:41] [SEVERE ] setting player 0 freeze to 543
[2022-12-13 19:17:41] [SEVERE ] setting player 0 freeze to 527
[2022-12-13 19:17:41] [SEVERE ] setting player 0 freeze to 511
[2022-12-13 19:17:41] [SEVERE ] setting player 0 freeze to 495
[2022-12-13 19:17:41] [SEVERE ] setting player 0 freeze to 479
[2022-12-13 19:17:41] [SEVERE ] setting player 0 freeze to 463
[2022-12-13 19:17:41] [SEVERE ] setting player 0 freeze to 447
[2022-12-13 19:17:41] [SEVERE ] setting player 0 freeze to 431
[2022-12-13 19:17:41] [SEVERE ] setting player 0 freeze to 416
[2022-12-13 19:17:41] [SEVERE ] setting player 0 freeze to 400
[2022-12-13 19:17:41] [SEVERE ] setting player 0 freeze to 384
[2022-12-13 19:17:41] [SEVERE ] setting player 0 freeze to 368
[2022-12-13 19:17:41] [SEVERE ] setting player 0 freeze to 353
[2022-12-13 19:17:41] [SEVERE ] setting player 0 freeze to 337
[2022-12-13 19:17:41] [SEVERE ] setting player 0 freeze to 321
[2022-12-13 19:17:41] [SEVERE ] setting player 0 freeze to 305
[2022-12-13 19:17:41] [SEVERE ] setting player 0 freeze to 289
[2022-12-13 19:17:41] [SEVERE ] setting player 0 freeze to 273
[2022-12-13 19:17:41] [SEVERE ] setting player 0 freeze to 257
[2022-12-13 19:17:41] [SEVERE ] setting player 0 freeze to 241
[2022-12-13 19:17:41] [SEVERE ] setting player 0 freeze to 225
[2022-12-13 19:17:41] [SEVERE ] setting player 0 freeze to 209
[2022-12-13 19:17:41] [SEVERE ] setting player 0 freeze to 193
[2022-12-13 19:17:41] [SEVERE ] setting player 0 freeze to 177
[2022-12-13 19:17:41] [SEVERE ] setting player 0 freeze to 161
[2022-12-13 19:17:41] [SEVERE ] setting player 0 freeze to 145
[2022-12-13 19:17:41] [SEVERE ] setting player 0 freeze to 129
[2022-12-13 19:17:41] [SEVERE ] setting player 0 freeze to 113
[2022-12-13 19:17:41] [SEVERE ] setting player 0 freeze to 97
[2022-12-13 19:17:41] [SEVERE ] setting player 0 freeze to 82
[2022-12-13 19:17:41] [SEVERE ] setting player 0 freeze to 66
[2022-12-13 19:17:41] [SEVERE ] setting player 0 freeze to 50
[2022-12-13 19:17:41] [SEVERE ] setting player 0 freeze to 34
[2022-12-13 19:17:41] [SEVERE ] setting player 0 freeze to 18
[2022-12-13 19:17:41] [SEVERE ] setting player 0 freeze to 3
[2022-12-13 19:17:41] [SEVERE ] setting player 0 freeze to 0
[2022-12-13 19:17:42] [SEVERE ] Key 65 was pressed by player 0
[2022-12-13 19:17:42] [SEVERE ] player 0 placing token on slot 4
[2022-12-13 19:17:42] [SEVERE ] Key 70 was pressed by player 0
[2022-12-13 19:17:42] [SEVERE ] player 0 placing token on slot 7
[2022-12-13 19:17:43] [SEVERE ] Key 90 was pressed by player 0
[2022-12-13 19:17:43] [SEVERE ] player 0 placing token on slot 8
[2022-12-13 19:17:43] [SEVERE ] setting player 0 score to 13
[2022-12-13 19:17:43] [SEVERE ] removing player 0 token from slot 4
[2022-12-13 19:17:43] [SEVERE ] removing player 0 token from slot 7
[2022-12-13 19:17:43] [SEVERE ] removing player 0 token from slot 8
[2022-12-13 19:17:43] [SEVERE ] removing card from slot 4
[2022-12-13 19:17:43] [SEVERE ] removing card from slot 7
[2022-12-13 19:17:43] [SEVERE ] removing card from slot 8
[2022-12-13 19:17:43] [SEVERE ] placing card 48 in slot 4
[2022-12-13 19:17:43] [SEVERE ] placing card 9 in slot 7
[2022-12-13 19:17:43] [SEVERE ] placing card 16 in slot 8
[2022-12-13 19:17:46] [SEVERE ] Key 70 was pressed by player 0
[2022-12-13 19:17:46] [SEVERE ] player 0 placing token on slot 7
[2022-12-13 19:17:46] [SEVERE ] Key 88 was pressed by player 0
[2022-12-13 19:17:46] [SEVERE ] player 0 placing token on slot 9
[2022-12-13 19:17:47] [SEVERE ] Key 86 was pressed by player 0
[2022-12-13 19:17:47] [SEVERE ] player 0 placing token on slot 11
[2022-12-13 19:17:47] [SEVERE ] setting player 0 score to 14
[2022-12-13 19:17:47] [SEVERE ] removing player 0 token from slot 7
[2022-12-13 19:17:47] [SEVERE ] removing player 0 token from slot 9
[2022-12-13 19:17:47] [SEVERE ] removing player 0 token from slot 11
[2022-12-13 19:17:47] [SEVERE ] removing card from slot 7
[2022-12-13 19:17:47] [SEVERE ] removing card from slot 9
[2022-12-13 19:17:47] [SEVERE ] removing card from slot 11
[2022-12-13 19:17:47] [SEVERE ] placing card 54 in slot 7
[2022-12-13 19:17:47] [SEVERE ] placing card 59 in slot 9
[2022-12-13 19:17:47] [SEVERE ] placing card 37 in slot 11
[2022-12-13 19:17:50] [SEVERE ] Key 87 was pressed by player 0
[2022-12-13 19:17:50] [SEVERE ] player 0 placing token on slot 1
[2022-12-13 19:17:50] [SEVERE ] Key 82 was pressed by player 0
[2022-12-13 19:17:50] [SEVERE ] player 0 placing token on slot 3
[2022-12-13 19:17:51] [SEVERE ] removing card from slot 0
[2022-12-13 19:17:51] [SEVERE ] removing card from slot 1
[2022-12-13 19:17:51] [SEVERE ] removing card from slot 2
[2022-12-13 19:17:51] [SEVERE ] removing card from slot 3
[2022-12-13 19:17:51] [SEVERE ] removing card from slot 4
[2022-12-13 19:17:51] [SEVERE ] removing card from slot 5
[2022-12-13 19:17:51] [SEVERE ] removing card from slot 6
[2022-12-13 19:17:51] [SEVERE ] removing card from slot 7
[2022-12-13 19:17:51] [SEVERE ] removing card from slot 8
[2022-12-13 19:17:52] [SEVERE ] removing card from slot 9
[2022-12-13 19:17:52] [SEVERE ] removing card from slot 10
[2022-12-13 19:17:52] [SEVERE ] removing card from slot 11
[2022-12-13 19:17:52] [SEVERE ] placing card 55 in slot 0
[2022-12-13 19:17:52] [SEVERE ] placing card 3 in slot 1
[2022-12-13 19:17:52] [SEVERE ] placing card 21 in slot 2
[2022-12-13 19:17:52] [SEVERE ] placing card 24 in slot 3
[2022-12-13 19:17:52] [SEVERE ] placing card 35 in slot 4
[2022-12-13 19:17:52] [SEVERE ] placing card 62 in slot 5
[2022-12-13 19:17:53] [SEVERE ] placing card 22 in slot 6
[2022-12-13 19:17:53] [SEVERE ] placing card 27 in slot 7
[2022-12-13 19:17:53] [SEVERE ] placing card 29 in slot 8
[2022-12-13 19:17:53] [SEVERE ] placing card 68 in slot 9
[2022-12-13 19:17:53] [SEVERE ] placing card 70 in slot 10
[2022-12-13 19:17:53] [SEVERE ] placing card 63 in slot 11
[2022-12-13 19:17:53] [SEVERE ] setting player 0 freeze to 0
[2022-12-13 19:17:53] [SEVERE ] setting player 1 freeze to 0
[2022-12-13 19:17:56] [SEVERE ] Key 87 was pressed by player 0
[2022-12-13 19:17:56] [SEVERE ] player 0 placing token on slot 1
[2022-12-13 19:18:01] [SEVERE ] Key 81 was pressed by player 0
[2022-12-13 19:18:01] [SEVERE ] player 0 placing token on slot 0
[2022-12-13 19:18:01] [SEVERE ] Key 65 was pressed by player 0
[2022-12-13 19:18:01] [SEVERE ] player 0 placing token on slot 4
[2022-12-13 19:18:01] [SEVERE ] setting player 0 score to 15
[2022-12-13 19:18:01] [SEVERE ] removing player 0 token from slot 1
[2022-12-13 19:18:01] [SEVERE ] removing player 0 token from slot 0
[2022-12-13 19:18:01] [SEVERE ] removing player 0 token from slot 4
[2022-12-13 19:18:02] [SEVERE ] removing card from slot 1
[2022-12-13 19:18:02] [SEVERE ] removing card from slot 0
[2022-12-13 19:18:02] [SEVERE ] removing card from slot 4
[2022-12-13 19:18:02] [SEVERE ] placing card 50 in slot 0
[2022-12-13 19:18:02] [SEVERE ] placing card 13 in slot 1
[2022-12-13 19:18:02] [SEVERE ] placing card 2 in slot 4
[2022-12-13 19:18:07] [SEVERE ] Key 87 was pressed by player 0
[2022-12-13 19:18:07] [SEVERE ] player 0 placing token on slot 1
[2022-12-13 19:18:08] [SEVERE ] Key 82 was pressed by player 0
[2022-12-13 19:18:08] [SEVERE ] player 0 placing token on slot 3
[2022-12-13 19:18:08] [SEVERE ] Key 65 was pressed by player 0
[2022-12-13 19:18:08] [SEVERE ] player 0 placing token on slot 4
[2022-12-13 19:18:08] [SEVERE ] setting player 0 score to 16
[2022-12-13 19:18:08] [SEVERE ] removing player 0 token from slot 1
[2022-12-13 19:18:08] [SEVERE ] removing player 0 token from slot 3
[2022-12-13 19:18:08] [SEVERE ] removing player 0 token from slot 4
[2022-12-13 19:18:08] [SEVERE ] removing card from slot 1
[2022-12-13 19:18:08] [SEVERE ] removing card from slot 3
[2022-12-13 19:18:08] [SEVERE ] removing card from slot 4
[2022-12-13 19:18:08] [SEVERE ] placing card 48 in slot 1
[2022-12-13 19:18:08] [SEVERE ] placing card 47 in slot 3
[2022-12-13 19:18:08] [SEVERE ] placing card 17 in slot 4
[2022-12-13 19:18:24] [SEVERE ] Key 69 was pressed by player 0
[2022-12-13 19:18:24] [SEVERE ] player 0 placing token on slot 2
[2022-12-13 19:18:24] [SEVERE ] Key 90 was pressed by player 0
[2022-12-13 19:18:24] [SEVERE ] player 0 placing token on slot 8
[2022-12-13 19:18:24] [SEVERE ] Key 67 was pressed by player 0
[2022-12-13 19:18:24] [SEVERE ] player 0 placing token on slot 10
[2022-12-13 19:18:24] [SEVERE ] setting player 0 score to 17
[2022-12-13 19:18:24] [SEVERE ] removing player 0 token from slot 2
[2022-12-13 19:18:24] [SEVERE ] removing player 0 token from slot 8
[2022-12-13 19:18:24] [SEVERE ] removing player 0 token from slot 10
[2022-12-13 19:18:25] [SEVERE ] removing card from slot 2
[2022-12-13 19:18:25] [SEVERE ] removing card from slot 8
[2022-12-13 19:18:25] [SEVERE ] removing card from slot 10
[2022-12-13 19:18:25] [SEVERE ] placing card 65 in slot 2
[2022-12-13 19:18:25] [SEVERE ] placing card 46 in slot 8
[2022-12-13 19:18:25] [SEVERE ] placing card 1 in slot 10
[2022-12-13 19:18:28] [SEVERE ] Key 82 was pressed by player 0
[2022-12-13 19:18:28] [SEVERE ] player 0 placing token on slot 3
[2022-12-13 19:18:28] [SEVERE ] Key 67 was pressed by player 0
[2022-12-13 19:18:28] [SEVERE ] player 0 placing token on slot 10
[2022-12-13 19:18:29] [SEVERE ] Key 86 was pressed by player 0
[2022-12-13 19:18:29] [SEVERE ] player 0 placing token on slot 11
[2022-12-13 19:18:29] [SEVERE ] setting player 0 score to 18
[2022-12-13 19:18:29] [SEVERE ] removing player 0 token from slot 3
[2022-12-13 19:18:29] [SEVERE ] removing player 0 token from slot 10
[2022-12-13 19:18:29] [SEVERE ] removing player 0 token from slot 11
[2022-12-13 19:18:29] [SEVERE ] removing card from slot 3
[2022-12-13 19:18:29] [SEVERE ] removing card from slot 10
[2022-12-13 19:18:29] [SEVERE ] removing card from slot 11
[2022-12-13 19:18:29] [SEVERE ] placing card 25 in slot 3
[2022-12-13 19:18:29] [SEVERE ] placing card 76 in slot 10
[2022-12-13 19:18:29] [SEVERE ] placing card 54 in slot 11
[2022-12-13 19:18:35] [SEVERE ] Key 65 was pressed by player 0
[2022-12-13 19:18:35] [SEVERE ] player 0 placing token on slot 4
[2022-12-13 19:18:35] [SEVERE ] Key 70 was pressed by player 0
[2022-12-13 19:18:35] [SEVERE ] player 0 placing token on slot 7
[2022-12-13 19:18:36] [SEVERE ] Key 67 was pressed by player 0
[2022-12-13 19:18:36] [SEVERE ] player 0 placing token on slot 10
[2022-12-13 19:18:36] [SEVERE ] setting player 0 score to 19
[2022-12-13 19:18:36] [SEVERE ] removing player 0 token from slot 4
[2022-12-13 19:18:36] [SEVERE ] removing player 0 token from slot 7
[2022-12-13 19:18:36] [SEVERE ] removing player 0 token from slot 10
[2022-12-13 19:18:36] [SEVERE ] removing card from slot 4
[2022-12-13 19:18:36] [SEVERE ] removing card from slot 7
[2022-12-13 19:18:36] [SEVERE ] removing card from slot 10
[2022-12-13 19:18:36] [SEVERE ] placing card 18 in slot 4
[2022-12-13 19:18:37] [SEVERE ] placing card 41 in slot 7
[2022-12-13 19:18:37] [SEVERE ] placing card 36 in slot 10
[2022-12-13 19:18:40] [SEVERE ] Key 65 was pressed by player 0
[2022-12-13 19:18:40] [SEVERE ] player 0 placing token on slot 4
[2022-12-13 19:18:41] [SEVERE ] Key 67 was pressed by player 0
[2022-12-13 19:18:41] [SEVERE ] player 0 placing token on slot 10
[2022-12-13 19:18:41] [SEVERE ] Key 86 was pressed by player 0
[2022-12-13 19:18:41] [SEVERE ] player 0 placing token on slot 11
[2022-12-13 19:18:41] [SEVERE ] setting player 0 score to 20
[2022-12-13 19:18:41] [SEVERE ] removing player 0 token from slot 4
[2022-12-13 19:18:41] [SEVERE ] removing player 0 token from slot 10
[2022-12-13 19:18:41] [SEVERE ] removing player 0 token from slot 11
[2022-12-13 19:18:41] [SEVERE ] removing card from slot 4
[2022-12-13 19:18:41] [SEVERE ] removing card from slot 10
[2022-12-13 19:18:41] [SEVERE ] removing card from slot 11
[2022-12-13 19:18:41] [SEVERE ] placing card 16 in slot 4
[2022-12-13 19:18:41] [SEVERE ] placing card 78 in slot 10
[2022-12-13 19:18:41] [SEVERE ] placing card 52 in slot 11
[2022-12-13 19:18:53] [SEVERE ] announcing winners: [0]
[2022-12-13 19:18:53] [INFO   ] Thread dealer terminated.
[2022-12-13 19:18:53] [INFO   ] Thread main terminated.
