[2022-12-15 13:44:42] [INFO   ] cannot read configuration file config.properties trying from resources.
[2022-12-15 13:44:42] [INFO   ] configuration file was loaded from resources directory.
[2022-12-15 13:44:42] [INFO   ] Thread dealer starting.
[2022-12-15 13:44:42] [INFO   ] Thread Player 0starting.
[2022-12-15 13:44:42] [INFO   ] Thread Player 1starting.
[2022-12-15 13:44:42] [INFO   ] Thread Player 2starting.
[2022-12-15 13:44:42] [INFO   ] Thread Player 3starting.
[2022-12-15 13:44:42] [INFO   ] Thread computer-1 starting.
[2022-12-15 13:44:42] [INFO   ] Thread computer-2 starting.
[2022-12-15 13:44:42] [INFO   ] Thread computer-3 starting.
[2022-12-15 13:44:43] [SEVERE ] placing card 36 in slot 0
[2022-12-15 13:44:43] [SEVERE ] placing card 73 in slot 1
[2022-12-15 13:44:43] [SEVERE ] placing card 64 in slot 2
[2022-12-15 13:44:43] [SEVERE ] placing card 35 in slot 3
[2022-12-15 13:44:43] [SEVERE ] placing card 6 in slot 4
[2022-12-15 13:44:43] [SEVERE ] placing card 12 in slot 5
[2022-12-15 13:44:43] [SEVERE ] placing card 57 in slot 6
[2022-12-15 13:44:43] [SEVERE ] placing card 16 in slot 7
[2022-12-15 13:44:43] [SEVERE ] placing card 10 in slot 8
[2022-12-15 13:44:44] [SEVERE ] placing card 20 in slot 9
[2022-12-15 13:44:44] [SEVERE ] placing card 78 in slot 10
[2022-12-15 13:44:44] [SEVERE ] placing card 0 in slot 11
[2022-12-15 13:44:44] [SEVERE ] player 1 placing token on slot 10
[2022-12-15 13:44:44] [SEVERE ] player 2 placing token on slot 2
[2022-12-15 13:44:44] [SEVERE ] player 3 placing token on slot 2
[2022-12-15 13:44:45] [SEVERE ] player 1 placing token on slot 11
[2022-12-15 13:44:45] [SEVERE ] player 2 placing token on slot 3
[2022-12-15 13:44:45] [SEVERE ] player 3 placing token on slot 6
[2022-12-15 13:44:46] [SEVERE ] player 3 placing token on slot 7
[2022-12-15 13:44:46] [SEVERE ] player 2 placing token on slot 1
[2022-12-15 13:44:46] [SEVERE ] player 1 placing token on slot 3
[2022-12-15 13:44:46] [SEVERE ] removing player 3 token from slot 2
[2022-12-15 13:44:46] [SEVERE ] removing player 3 token from slot 6
[2022-12-15 13:44:46] [SEVERE ] removing player 3 token from slot 7
[2022-12-15 13:44:46] [SEVERE ] setting player 3 freeze to 3000
[2022-12-15 13:44:46] [SEVERE ] removing player 1 token from slot 10
[2022-12-15 13:44:46] [SEVERE ] removing player 1 token from slot 11
[2022-12-15 13:44:46] [SEVERE ] removing player 1 token from slot 3
[2022-12-15 13:44:46] [SEVERE ] setting player 1 freeze to 3000
[2022-12-15 13:44:46] [SEVERE ] removing player 2 token from slot 2
[2022-12-15 13:44:46] [SEVERE ] removing player 2 token from slot 3
[2022-12-15 13:44:46] [SEVERE ] removing player 2 token from slot 1
[2022-12-15 13:44:46] [SEVERE ] setting player 2 freeze to 3000
[2022-12-15 13:44:46] [SEVERE ] setting player 3 freeze to 2987
[2022-12-15 13:44:46] [SEVERE ] setting player 1 freeze to 2976
[2022-12-15 13:44:46] [SEVERE ] setting player 3 freeze to 2971
[2022-12-15 13:44:46] [SEVERE ] setting player 2 freeze to 2977
[2022-12-15 13:44:46] [SEVERE ] setting player 1 freeze to 2965
[2022-12-15 13:44:46] [SEVERE ] setting player 3 freeze to 2955
[2022-12-15 13:44:46] [SEVERE ] setting player 2 freeze to 2961
[2022-12-15 13:44:46] [SEVERE ] setting player 3 freeze to 2939
[2022-12-15 13:44:46] [SEVERE ] setting player 2 freeze to 2945
[2022-12-15 13:44:46] [SEVERE ] setting player 1 freeze to 2944
[2022-12-15 13:44:46] [SEVERE ] setting player 3 freeze to 2928
[2022-12-15 13:44:46] [SEVERE ] setting player 1 freeze to 2928
[2022-12-15 13:44:46] [SEVERE ] setting player 2 freeze to 2929
[2022-12-15 13:44:46] [SEVERE ] setting player 1 freeze to 2912
[2022-12-15 13:44:46] [SEVERE ] setting player 3 freeze to 2907
[2022-12-15 13:44:46] [SEVERE ] setting player 2 freeze to 2913
[2022-12-15 13:44:46] [SEVERE ] setting player 1 freeze to 2901
[2022-12-15 13:44:46] [SEVERE ] setting player 3 freeze to 2891
[2022-12-15 13:44:46] [SEVERE ] setting player 2 freeze to 2897
[2022-12-15 13:44:46] [SEVERE ] setting player 2 freeze to 2881
[2022-12-15 13:44:46] [SEVERE ] setting player 1 freeze to 2880
[2022-12-15 13:44:46] [SEVERE ] setting player 3 freeze to 2875
[2022-12-15 13:44:46] [SEVERE ] setting player 1 freeze to 2869
[2022-12-15 13:44:46] [SEVERE ] setting player 2 freeze to 2870
[2022-12-15 13:44:46] [SEVERE ] setting player 3 freeze to 2859
[2022-12-15 13:44:46] [SEVERE ] setting player 3 freeze to 2843
[2022-12-15 13:44:46] [SEVERE ] setting player 1 freeze to 2848
[2022-12-15 13:44:46] [SEVERE ] setting player 2 freeze to 2849
[2022-12-15 13:44:46] [SEVERE ] setting player 3 freeze to 2832
[2022-12-15 13:44:46] [SEVERE ] setting player 2 freeze to 2833
[2022-12-15 13:44:46] [SEVERE ] setting player 1 freeze to 2832
[2022-12-15 13:44:46] [SEVERE ] setting player 2 freeze to 2818
[2022-12-15 13:44:46] [SEVERE ] setting player 1 freeze to 2817
[2022-12-15 13:44:46] [SEVERE ] setting player 3 freeze to 2812
[2022-12-15 13:44:46] [SEVERE ] setting player 2 freeze to 2807
[2022-12-15 13:44:46] [SEVERE ] setting player 1 freeze to 2806
[2022-12-15 13:44:46] [SEVERE ] setting player 3 freeze to 2796
[2022-12-15 13:44:46] [SEVERE ] setting player 3 freeze to 2780
[2022-12-15 13:44:46] [SEVERE ] setting player 2 freeze to 2786
[2022-12-15 13:44:46] [SEVERE ] setting player 1 freeze to 2785
[2022-12-15 13:44:46] [SEVERE ] setting player 3 freeze to 2769
[2022-12-15 13:44:46] [SEVERE ] setting player 2 freeze to 2775
[2022-12-15 13:44:46] [SEVERE ] setting player 1 freeze to 2770
[2022-12-15 13:44:46] [SEVERE ] setting player 1 freeze to 2754
[2022-12-15 13:44:46] [SEVERE ] setting player 2 freeze to 2755
[2022-12-15 13:44:46] [SEVERE ] setting player 3 freeze to 2749
[2022-12-15 13:44:46] [SEVERE ] setting player 2 freeze to 2739
[2022-12-15 13:44:46] [SEVERE ] setting player 3 freeze to 2733
[2022-12-15 13:44:46] [SEVERE ] setting player 1 freeze to 2738
[2022-12-15 13:44:46] [SEVERE ] setting player 2 freeze to 2728
[2022-12-15 13:44:46] [SEVERE ] setting player 3 freeze to 2718
[2022-12-15 13:44:46] [SEVERE ] setting player 1 freeze to 2723
[2022-12-15 13:44:46] [SEVERE ] setting player 3 freeze to 2703
[2022-12-15 13:44:46] [SEVERE ] setting player 1 freeze to 2708
[2022-12-15 13:44:46] [SEVERE ] setting player 2 freeze to 2709
[2022-12-15 13:44:46] [SEVERE ] setting player 3 freeze to 2692
[2022-12-15 13:44:46] [SEVERE ] setting player 2 freeze to 2693
[2022-12-15 13:44:46] [SEVERE ] setting player 1 freeze to 2692
[2022-12-15 13:44:46] [SEVERE ] setting player 1 freeze to 2676
[2022-12-15 13:44:46] [SEVERE ] setting player 3 freeze to 2671
[2022-12-15 13:44:46] [SEVERE ] setting player 2 freeze to 2677
[2022-12-15 13:44:46] [SEVERE ] setting player 3 freeze to 2660
[2022-12-15 13:44:46] [SEVERE ] setting player 1 freeze to 2665
[2022-12-15 13:44:46] [SEVERE ] setting player 2 freeze to 2661
[2022-12-15 13:44:46] [SEVERE ] setting player 2 freeze to 2645
[2022-12-15 13:44:46] [SEVERE ] setting player 3 freeze to 2639
[2022-12-15 13:44:46] [SEVERE ] setting player 1 freeze to 2644
[2022-12-15 13:44:46] [SEVERE ] setting player 2 freeze to 2634
[2022-12-15 13:44:46] [SEVERE ] setting player 1 freeze to 2628
[2022-12-15 13:44:46] [SEVERE ] setting player 3 freeze to 2623
[2022-12-15 13:44:46] [SEVERE ] setting player 3 freeze to 2607
[2022-12-15 13:44:46] [SEVERE ] setting player 2 freeze to 2613
[2022-12-15 13:44:46] [SEVERE ] setting player 1 freeze to 2612
[2022-12-15 13:44:46] [SEVERE ] setting player 3 freeze to 2596
[2022-12-15 13:44:46] [SEVERE ] setting player 2 freeze to 2597
[2022-12-15 13:44:46] [SEVERE ] setting player 1 freeze to 2596
[2022-12-15 13:44:46] [SEVERE ] setting player 2 freeze to 2581
[2022-12-15 13:44:46] [SEVERE ] setting player 3 freeze to 2575
[2022-12-15 13:44:46] [SEVERE ] setting player 1 freeze to 2580
[2022-12-15 13:44:46] [SEVERE ] setting player 2 freeze to 2570
[2022-12-15 13:44:46] [SEVERE ] setting player 3 freeze to 2559
[2022-12-15 13:44:46] [SEVERE ] setting player 1 freeze to 2564
[2022-12-15 13:44:46] [SEVERE ] setting player 3 freeze to 2548
[2022-12-15 13:44:46] [SEVERE ] setting player 1 freeze to 2548
[2022-12-15 13:44:46] [SEVERE ] setting player 2 freeze to 2549
[2022-12-15 13:44:46] [SEVERE ] setting player 1 freeze to 2532
[2022-12-15 13:44:46] [SEVERE ] setting player 2 freeze to 2533
[2022-12-15 13:44:46] [SEVERE ] setting player 3 freeze to 2527
[2022-12-15 13:44:46] [SEVERE ] setting player 1 freeze to 2521
[2022-12-15 13:44:46] [SEVERE ] setting player 2 freeze to 2517
[2022-12-15 13:44:46] [SEVERE ] setting player 3 freeze to 2511
[2022-12-15 13:44:46] [SEVERE ] setting player 2 freeze to 2501
[2022-12-15 13:44:46] [SEVERE ] setting player 1 freeze to 2500
[2022-12-15 13:44:46] [SEVERE ] setting player 3 freeze to 2495
[2022-12-15 13:44:46] [SEVERE ] setting player 2 freeze to 2490
[2022-12-15 13:44:46] [SEVERE ] setting player 1 freeze to 2484
[2022-12-15 13:44:46] [SEVERE ] setting player 3 freeze to 2479
[2022-12-15 13:44:46] [SEVERE ] setting player 2 freeze to 2469
[2022-12-15 13:44:46] [SEVERE ] setting player 1 freeze to 2468
[2022-12-15 13:44:46] [SEVERE ] setting player 3 freeze to 2463
[2022-12-15 13:44:46] [SEVERE ] setting player 2 freeze to 2458
[2022-12-15 13:44:46] [SEVERE ] setting player 1 freeze to 2452
[2022-12-15 13:44:46] [SEVERE ] setting player 3 freeze to 2447
[2022-12-15 13:44:46] [SEVERE ] setting player 2 freeze to 2438
[2022-12-15 13:44:46] [SEVERE ] setting player 3 freeze to 2432
[2022-12-15 13:44:46] [SEVERE ] setting player 1 freeze to 2437
[2022-12-15 13:44:46] [SEVERE ] setting player 2 freeze to 2427
[2022-12-15 13:44:46] [SEVERE ] setting player 1 freeze to 2421
[2022-12-15 13:44:46] [SEVERE ] setting player 3 freeze to 2416
[2022-12-15 13:44:46] [SEVERE ] setting player 3 freeze to 2400
[2022-12-15 13:44:46] [SEVERE ] setting player 2 freeze to 2406
[2022-12-15 13:44:46] [SEVERE ] setting player 1 freeze to 2405
[2022-12-15 13:44:46] [SEVERE ] setting player 3 freeze to 2389
[2022-12-15 13:44:46] [SEVERE ] setting player 2 freeze to 2391
[2022-12-15 13:44:46] [SEVERE ] setting player 1 freeze to 2390
[2022-12-15 13:44:46] [SEVERE ] setting player 2 freeze to 2375
[2022-12-15 13:44:46] [SEVERE ] setting player 3 freeze to 2369
[2022-12-15 13:44:46] [SEVERE ] setting player 1 freeze to 2374
[2022-12-15 13:44:46] [SEVERE ] setting player 2 freeze to 2364
[2022-12-15 13:44:46] [SEVERE ] setting player 1 freeze to 2358
[2022-12-15 13:44:46] [SEVERE ] setting player 3 freeze to 2353
[2022-12-15 13:44:46] [SEVERE ] setting player 1 freeze to 2342
[2022-12-15 13:44:46] [SEVERE ] setting player 2 freeze to 2343
[2022-12-15 13:44:46] [SEVERE ] setting player 3 freeze to 2337
[2022-12-15 13:44:46] [SEVERE ] setting player 1 freeze to 2331
[2022-12-15 13:44:46] [SEVERE ] setting player 3 freeze to 2321
[2022-12-15 13:44:46] [SEVERE ] setting player 2 freeze to 2327
[2022-12-15 13:44:46] [SEVERE ] setting player 1 freeze to 2310
[2022-12-15 13:44:46] [SEVERE ] setting player 2 freeze to 2311
[2022-12-15 13:44:46] [SEVERE ] setting player 3 freeze to 2305
[2022-12-15 13:44:46] [SEVERE ] setting player 1 freeze to 2299
[2022-12-15 13:44:46] [SEVERE ] setting player 2 freeze to 2295
[2022-12-15 13:44:46] [SEVERE ] setting player 3 freeze to 2289
[2022-12-15 13:44:47] [SEVERE ] setting player 3 freeze to 2273
[2022-12-15 13:44:47] [SEVERE ] setting player 2 freeze to 2279
[2022-12-15 13:44:47] [SEVERE ] setting player 1 freeze to 2277
[2022-12-15 13:44:47] [SEVERE ] setting player 3 freeze to 2257
[2022-12-15 13:44:47] [SEVERE ] setting player 2 freeze to 2263
[2022-12-15 13:44:47] [SEVERE ] setting player 1 freeze to 2262
[2022-12-15 13:44:47] [SEVERE ] setting player 3 freeze to 2246
[2022-12-15 13:44:47] [SEVERE ] setting player 2 freeze to 2247
[2022-12-15 13:44:47] [SEVERE ] setting player 1 freeze to 2246
[2022-12-15 13:44:47] [SEVERE ] setting player 2 freeze to 2232
[2022-12-15 13:44:47] [SEVERE ] setting player 3 freeze to 2226
[2022-12-15 13:44:47] [SEVERE ] setting player 1 freeze to 2231
[2022-12-15 13:44:47] [SEVERE ] setting player 3 freeze to 2215
[2022-12-15 13:44:47] [SEVERE ] setting player 2 freeze to 2221
[2022-12-15 13:44:47] [SEVERE ] setting player 1 freeze to 2216
[2022-12-15 13:44:47] [SEVERE ] setting player 3 freeze to 2204
[2022-12-15 13:44:47] [SEVERE ] setting player 2 freeze to 2201
[2022-12-15 13:44:47] [SEVERE ] setting player 1 freeze to 2200
[2022-12-15 13:44:47] [SEVERE ] setting player 2 freeze to 2185
[2022-12-15 13:44:47] [SEVERE ] setting player 1 freeze to 2184
[2022-12-15 13:44:47] [SEVERE ] setting player 3 freeze to 2179
[2022-12-15 13:44:47] [SEVERE ] setting player 3 freeze to 2163
[2022-12-15 13:44:47] [SEVERE ] setting player 2 freeze to 2169
[2022-12-15 13:44:47] [SEVERE ] setting player 1 freeze to 2168
[2022-12-15 13:44:47] [SEVERE ] setting player 3 freeze to 2152
[2022-12-15 13:44:47] [SEVERE ] setting player 2 freeze to 2153
[2022-12-15 13:44:47] [SEVERE ] setting player 1 freeze to 2152
[2022-12-15 13:44:47] [SEVERE ] setting player 2 freeze to 2137
[2022-12-15 13:44:47] [SEVERE ] setting player 3 freeze to 2131
[2022-12-15 13:44:47] [SEVERE ] setting player 1 freeze to 2136
[2022-12-15 13:44:47] [SEVERE ] setting player 3 freeze to 2120
[2022-12-15 13:44:47] [SEVERE ] setting player 2 freeze to 2126
[2022-12-15 13:44:47] [SEVERE ] setting player 1 freeze to 2120
[2022-12-15 13:44:47] [SEVERE ] setting player 2 freeze to 2105
[2022-12-15 13:44:47] [SEVERE ] setting player 1 freeze to 2104
[2022-12-15 13:44:47] [SEVERE ] setting player 3 freeze to 2099
[2022-12-15 13:44:47] [SEVERE ] setting player 3 freeze to 2084
[2022-12-15 13:44:47] [SEVERE ] setting player 2 freeze to 2090
[2022-12-15 13:44:47] [SEVERE ] setting player 1 freeze to 2089
[2022-12-15 13:44:47] [SEVERE ] setting player 3 freeze to 2073
[2022-12-15 13:44:47] [SEVERE ] setting player 1 freeze to 2073
[2022-12-15 13:44:47] [SEVERE ] setting player 2 freeze to 2074
[2022-12-15 13:44:47] [SEVERE ] setting player 2 freeze to 2059
[2022-12-15 13:44:47] [SEVERE ] setting player 3 freeze to 2053
[2022-12-15 13:44:47] [SEVERE ] setting player 1 freeze to 2058
[2022-12-15 13:44:47] [SEVERE ] setting player 2 freeze to 2048
[2022-12-15 13:44:47] [SEVERE ] setting player 1 freeze to 2042
[2022-12-15 13:44:47] [SEVERE ] setting player 3 freeze to 2037
[2022-12-15 13:44:47] [SEVERE ] setting player 3 freeze to 2021
[2022-12-15 13:44:47] [SEVERE ] setting player 2 freeze to 2027
[2022-12-15 13:44:47] [SEVERE ] setting player 1 freeze to 2026
[2022-12-15 13:44:47] [SEVERE ] setting player 2 freeze to 2016
[2022-12-15 13:44:47] [SEVERE ] setting player 3 freeze to 2010
[2022-12-15 13:44:47] [SEVERE ] setting player 1 freeze to 2010
[2022-12-15 13:44:47] [SEVERE ] setting player 2 freeze to 1995
[2022-12-15 13:44:47] [SEVERE ] setting player 3 freeze to 1989
[2022-12-15 13:44:47] [SEVERE ] setting player 1 freeze to 1994
[2022-12-15 13:44:47] [SEVERE ] setting player 1 freeze to 1978
[2022-12-15 13:44:47] [SEVERE ] setting player 2 freeze to 1979
[2022-12-15 13:44:47] [SEVERE ] setting player 3 freeze to 1973
[2022-12-15 13:44:47] [SEVERE ] setting player 1 freeze to 1967
[2022-12-15 13:44:47] [SEVERE ] setting player 2 freeze to 1963
[2022-12-15 13:44:47] [SEVERE ] setting player 3 freeze to 1957
[2022-12-15 13:44:47] [SEVERE ] setting player 2 freeze to 1952
[2022-12-15 13:44:47] [SEVERE ] setting player 1 freeze to 1946
[2022-12-15 13:44:47] [SEVERE ] setting player 3 freeze to 1941
[2022-12-15 13:44:47] [SEVERE ] setting player 3 freeze to 1925
[2022-12-15 13:44:47] [SEVERE ] setting player 2 freeze to 1931
[2022-12-15 13:44:47] [SEVERE ] setting player 1 freeze to 1930
[2022-12-15 13:44:47] [SEVERE ] setting player 3 freeze to 1914
[2022-12-15 13:44:47] [SEVERE ] setting player 2 freeze to 1915
[2022-12-15 13:44:47] [SEVERE ] setting player 1 freeze to 1914
[2022-12-15 13:44:47] [SEVERE ] setting player 2 freeze to 1904
[2022-12-15 13:44:47] [SEVERE ] setting player 3 freeze to 1893
[2022-12-15 13:44:47] [SEVERE ] setting player 1 freeze to 1898
[2022-12-15 13:44:47] [SEVERE ] setting player 1 freeze to 1882
[2022-12-15 13:44:47] [SEVERE ] setting player 2 freeze to 1883
[2022-12-15 13:44:47] [SEVERE ] setting player 3 freeze to 1877
[2022-12-15 13:44:47] [SEVERE ] setting player 1 freeze to 1871
[2022-12-15 13:44:47] [SEVERE ] setting player 3 freeze to 1861
[2022-12-15 13:44:47] [SEVERE ] setting player 2 freeze to 1867
[2022-12-15 13:44:47] [SEVERE ] setting player 3 freeze to 1845
[2022-12-15 13:44:47] [SEVERE ] setting player 1 freeze to 1850
[2022-12-15 13:44:47] [SEVERE ] setting player 2 freeze to 1851
[2022-12-15 13:44:47] [SEVERE ] setting player 3 freeze to 1834
[2022-12-15 13:44:47] [SEVERE ] setting player 2 freeze to 1836
[2022-12-15 13:44:47] [SEVERE ] setting player 1 freeze to 1835
[2022-12-15 13:44:47] [SEVERE ] setting player 2 freeze to 1821
[2022-12-15 13:44:47] [SEVERE ] setting player 3 freeze to 1815
[2022-12-15 13:44:47] [SEVERE ] setting player 1 freeze to 1820
[2022-12-15 13:44:47] [SEVERE ] setting player 2 freeze to 1810
[2022-12-15 13:44:47] [SEVERE ] setting player 1 freeze to 1804
[2022-12-15 13:44:47] [SEVERE ] setting player 3 freeze to 1799
[2022-12-15 13:44:47] [SEVERE ] setting player 3 freeze to 1783
[2022-12-15 13:44:47] [SEVERE ] setting player 2 freeze to 1789
[2022-12-15 13:44:47] [SEVERE ] setting player 1 freeze to 1788
[2022-12-15 13:44:47] [SEVERE ] setting player 3 freeze to 1772
[2022-12-15 13:44:47] [SEVERE ] setting player 1 freeze to 1772
[2022-12-15 13:44:47] [SEVERE ] setting player 2 freeze to 1773
[2022-12-15 13:44:47] [SEVERE ] setting player 2 freeze to 1757
[2022-12-15 13:44:47] [SEVERE ] setting player 3 freeze to 1751
[2022-12-15 13:44:47] [SEVERE ] setting player 1 freeze to 1756
[2022-12-15 13:44:47] [SEVERE ] setting player 2 freeze to 1741
[2022-12-15 13:44:47] [SEVERE ] setting player 1 freeze to 1740
[2022-12-15 13:44:47] [SEVERE ] setting player 3 freeze to 1735
[2022-12-15 13:44:47] [SEVERE ] setting player 3 freeze to 1719
[2022-12-15 13:44:47] [SEVERE ] setting player 1 freeze to 1724
[2022-12-15 13:44:47] [SEVERE ] setting player 2 freeze to 1725
[2022-12-15 13:44:47] [SEVERE ] setting player 2 freeze to 1709
[2022-12-15 13:44:47] [SEVERE ] setting player 3 freeze to 1703
[2022-12-15 13:44:47] [SEVERE ] setting player 1 freeze to 1708
[2022-12-15 13:44:47] [SEVERE ] setting player 2 freeze to 1699
[2022-12-15 13:44:47] [SEVERE ] setting player 3 freeze to 1689
[2022-12-15 13:44:47] [SEVERE ] setting player 1 freeze to 1694
[2022-12-15 13:44:47] [SEVERE ] setting player 1 freeze to 1678
[2022-12-15 13:44:47] [SEVERE ] setting player 2 freeze to 1679
[2022-12-15 13:44:47] [SEVERE ] setting player 3 freeze to 1673
[2022-12-15 13:44:47] [SEVERE ] setting player 1 freeze to 1667
[2022-12-15 13:44:47] [SEVERE ] setting player 2 freeze to 1663
[2022-12-15 13:44:47] [SEVERE ] setting player 3 freeze to 1657
[2022-12-15 13:44:47] [SEVERE ] setting player 2 freeze to 1647
[2022-12-15 13:44:47] [SEVERE ] setting player 1 freeze to 1646
[2022-12-15 13:44:47] [SEVERE ] setting player 3 freeze to 1641
[2022-12-15 13:44:47] [SEVERE ] setting player 2 freeze to 1636
[2022-12-15 13:44:47] [SEVERE ] setting player 1 freeze to 1630
[2022-12-15 13:44:47] [SEVERE ] setting player 3 freeze to 1625
[2022-12-15 13:44:47] [SEVERE ] setting player 3 freeze to 1609
[2022-12-15 13:44:47] [SEVERE ] setting player 2 freeze to 1615
[2022-12-15 13:44:47] [SEVERE ] setting player 1 freeze to 1614
[2022-12-15 13:44:47] [SEVERE ] setting player 3 freeze to 1598
[2022-12-15 13:44:47] [SEVERE ] setting player 2 freeze to 1599
[2022-12-15 13:44:47] [SEVERE ] setting player 1 freeze to 1598
[2022-12-15 13:44:47] [SEVERE ] setting player 2 freeze to 1583
[2022-12-15 13:44:47] [SEVERE ] setting player 3 freeze to 1577
[2022-12-15 13:44:47] [SEVERE ] setting player 1 freeze to 1582
[2022-12-15 13:44:47] [SEVERE ] setting player 2 freeze to 1572
[2022-12-15 13:44:47] [SEVERE ] setting player 3 freeze to 1561
[2022-12-15 13:44:47] [SEVERE ] setting player 1 freeze to 1566
[2022-12-15 13:44:47] [SEVERE ] setting player 3 freeze to 1545
[2022-12-15 13:44:47] [SEVERE ] setting player 2 freeze to 1551
[2022-12-15 13:44:47] [SEVERE ] setting player 1 freeze to 1550
[2022-12-15 13:44:47] [SEVERE ] setting player 3 freeze to 1534
[2022-12-15 13:44:47] [SEVERE ] setting player 1 freeze to 1534
[2022-12-15 13:44:47] [SEVERE ] setting player 2 freeze to 1535
[2022-12-15 13:44:47] [SEVERE ] setting player 2 freeze to 1519
[2022-12-15 13:44:47] [SEVERE ] setting player 3 freeze to 1513
[2022-12-15 13:44:47] [SEVERE ] setting player 1 freeze to 1518
[2022-12-15 13:44:47] [SEVERE ] setting player 2 freeze to 1508
[2022-12-15 13:44:47] [SEVERE ] setting player 1 freeze to 1502
[2022-12-15 13:44:47] [SEVERE ] setting player 3 freeze to 1497
[2022-12-15 13:44:47] [SEVERE ] setting player 2 freeze to 1488
[2022-12-15 13:44:47] [SEVERE ] setting player 3 freeze to 1482
[2022-12-15 13:44:47] [SEVERE ] setting player 1 freeze to 1487
[2022-12-15 13:44:47] [SEVERE ] setting player 2 freeze to 1477
[2022-12-15 13:44:47] [SEVERE ] setting player 3 freeze to 1466
[2022-12-15 13:44:47] [SEVERE ] setting player 1 freeze to 1471
[2022-12-15 13:44:47] [SEVERE ] setting player 3 freeze to 1450
[2022-12-15 13:44:47] [SEVERE ] setting player 2 freeze to 1456
[2022-12-15 13:44:47] [SEVERE ] setting player 1 freeze to 1455
[2022-12-15 13:44:47] [SEVERE ] setting player 3 freeze to 1439
[2022-12-15 13:44:47] [SEVERE ] setting player 1 freeze to 1439
[2022-12-15 13:44:47] [SEVERE ] setting player 2 freeze to 1440
[2022-12-15 13:44:47] [SEVERE ] setting player 2 freeze to 1424
[2022-12-15 13:44:47] [SEVERE ] setting player 3 freeze to 1418
[2022-12-15 13:44:47] [SEVERE ] setting player 1 freeze to 1423
[2022-12-15 13:44:47] [SEVERE ] setting player 2 freeze to 1413
[2022-12-15 13:44:47] [SEVERE ] setting player 3 freeze to 1402
[2022-12-15 13:44:47] [SEVERE ] setting player 1 freeze to 1407
[2022-12-15 13:44:47] [SEVERE ] setting player 1 freeze to 1391
[2022-12-15 13:44:47] [SEVERE ] setting player 2 freeze to 1392
[2022-12-15 13:44:47] [SEVERE ] setting player 3 freeze to 1386
[2022-12-15 13:44:47] [SEVERE ] setting player 1 freeze to 1380
[2022-12-15 13:44:47] [SEVERE ] setting player 2 freeze to 1376
[2022-12-15 13:44:47] [SEVERE ] setting player 3 freeze to 1370
[2022-12-15 13:44:47] [SEVERE ] setting player 3 freeze to 1354
[2022-12-15 13:44:47] [SEVERE ] setting player 1 freeze to 1359
[2022-12-15 13:44:47] [SEVERE ] setting player 2 freeze to 1360
[2022-12-15 13:44:47] [SEVERE ] setting player 3 freeze to 1343
[2022-12-15 13:44:47] [SEVERE ] setting player 1 freeze to 1343
[2022-12-15 13:44:47] [SEVERE ] setting player 2 freeze to 1344
[2022-12-15 13:44:47] [SEVERE ] setting player 3 freeze to 1322
[2022-12-15 13:44:47] [SEVERE ] setting player 1 freeze to 1327
[2022-12-15 13:44:47] [SEVERE ] setting player 2 freeze to 1328
[2022-12-15 13:44:47] [SEVERE ] setting player 3 freeze to 1312
[2022-12-15 13:44:47] [SEVERE ] setting player 1 freeze to 1312
[2022-12-15 13:44:47] [SEVERE ] setting player 2 freeze to 1313
[2022-12-15 13:44:47] [SEVERE ] setting player 1 freeze to 1296
[2022-12-15 13:44:47] [SEVERE ] setting player 3 freeze to 1291
[2022-12-15 13:44:47] [SEVERE ] setting player 2 freeze to 1297
[2022-12-15 13:44:47] [SEVERE ] setting player 3 freeze to 1280
[2022-12-15 13:44:47] [SEVERE ] setting player 1 freeze to 1285
[2022-12-15 13:44:48] [SEVERE ] setting player 2 freeze to 1281
[2022-12-15 13:44:48] [SEVERE ] setting player 2 freeze to 1265
[2022-12-15 13:44:48] [SEVERE ] setting player 1 freeze to 1264
[2022-12-15 13:44:48] [SEVERE ] setting player 3 freeze to 1259
[2022-12-15 13:44:48] [SEVERE ] setting player 2 freeze to 1254
[2022-12-15 13:44:48] [SEVERE ] setting player 1 freeze to 1248
[2022-12-15 13:44:48] [SEVERE ] setting player 3 freeze to 1243
[2022-12-15 13:44:48] [SEVERE ] setting player 3 freeze to 1227
[2022-12-15 13:44:48] [SEVERE ] setting player 2 freeze to 1233
[2022-12-15 13:44:48] [SEVERE ] setting player 1 freeze to 1232
[2022-12-15 13:44:48] [SEVERE ] setting player 3 freeze to 1216
[2022-12-15 13:44:48] [SEVERE ] setting player 2 freeze to 1217
[2022-12-15 13:44:48] [SEVERE ] setting player 1 freeze to 1216
[2022-12-15 13:44:48] [SEVERE ] setting player 2 freeze to 1201
[2022-12-15 13:44:48] [SEVERE ] setting player 3 freeze to 1195
[2022-12-15 13:44:48] [SEVERE ] setting player 1 freeze to 1200
[2022-12-15 13:44:48] [SEVERE ] setting player 2 freeze to 1190
[2022-12-15 13:44:48] [SEVERE ] setting player 3 freeze to 1179
[2022-12-15 13:44:48] [SEVERE ] setting player 1 freeze to 1184
[2022-12-15 13:44:48] [SEVERE ] setting player 1 freeze to 1169
[2022-12-15 13:44:48] [SEVERE ] setting player 2 freeze to 1170
[2022-12-15 13:44:48] [SEVERE ] setting player 3 freeze to 1164
[2022-12-15 13:44:48] [SEVERE ] setting player 1 freeze to 1158
[2022-12-15 13:44:48] [SEVERE ] setting player 3 freeze to 1148
[2022-12-15 13:44:48] [SEVERE ] setting player 2 freeze to 1154
[2022-12-15 13:44:48] [SEVERE ] setting player 3 freeze to 1137
[2022-12-15 13:44:48] [SEVERE ] setting player 1 freeze to 1137
[2022-12-15 13:44:48] [SEVERE ] setting player 2 freeze to 1138
[2022-12-15 13:44:48] [SEVERE ] setting player 1 freeze to 1126
[2022-12-15 13:44:48] [SEVERE ] setting player 2 freeze to 1122
[2022-12-15 13:44:48] [SEVERE ] setting player 3 freeze to 1116
[2022-12-15 13:44:48] [SEVERE ] setting player 2 freeze to 1106
[2022-12-15 13:44:48] [SEVERE ] setting player 1 freeze to 1105
[2022-12-15 13:44:48] [SEVERE ] setting player 3 freeze to 1100
[2022-12-15 13:44:48] [SEVERE ] setting player 2 freeze to 1095
[2022-12-15 13:44:48] [SEVERE ] setting player 3 freeze to 1085
[2022-12-15 13:44:48] [SEVERE ] setting player 1 freeze to 1090
[2022-12-15 13:44:48] [SEVERE ] setting player 3 freeze to 1069
[2022-12-15 13:44:48] [SEVERE ] setting player 2 freeze to 1075
[2022-12-15 13:44:48] [SEVERE ] setting player 1 freeze to 1074
[2022-12-15 13:44:48] [SEVERE ] setting player 3 freeze to 1058
[2022-12-15 13:44:48] [SEVERE ] setting player 1 freeze to 1058
[2022-12-15 13:44:48] [SEVERE ] setting player 2 freeze to 1059
[2022-12-15 13:44:48] [SEVERE ] setting player 3 freeze to 1037
[2022-12-15 13:44:48] [SEVERE ] setting player 2 freeze to 1043
[2022-12-15 13:44:48] [SEVERE ] setting player 1 freeze to 1042
[2022-12-15 13:44:48] [SEVERE ] setting player 3 freeze to 1026
[2022-12-15 13:44:48] [SEVERE ] setting player 2 freeze to 1027
[2022-12-15 13:44:48] [SEVERE ] setting player 1 freeze to 1026
[2022-12-15 13:44:48] [SEVERE ] setting player 2 freeze to 1011
[2022-12-15 13:44:48] [SEVERE ] setting player 1 freeze to 1010
[2022-12-15 13:44:48] [SEVERE ] setting player 3 freeze to 1005
[2022-12-15 13:44:48] [SEVERE ] setting player 2 freeze to 1000
[2022-12-15 13:44:48] [SEVERE ] setting player 1 freeze to 994
[2022-12-15 13:44:48] [SEVERE ] setting player 3 freeze to 989
[2022-12-15 13:44:48] [SEVERE ] setting player 3 freeze to 973
[2022-12-15 13:44:48] [SEVERE ] setting player 1 freeze to 978
[2022-12-15 13:44:48] [SEVERE ] setting player 2 freeze to 979
[2022-12-15 13:44:48] [SEVERE ] setting player 3 freeze to 962
[2022-12-15 13:44:48] [SEVERE ] setting player 1 freeze to 962
[2022-12-15 13:44:48] [SEVERE ] setting player 2 freeze to 963
[2022-12-15 13:44:48] [SEVERE ] setting player 1 freeze to 948
[2022-12-15 13:44:48] [SEVERE ] setting player 3 freeze to 943
[2022-12-15 13:44:48] [SEVERE ] setting player 2 freeze to 949
[2022-12-15 13:44:48] [SEVERE ] setting player 1 freeze to 937
[2022-12-15 13:44:48] [SEVERE ] setting player 3 freeze to 927
[2022-12-15 13:44:48] [SEVERE ] setting player 2 freeze to 933
[2022-12-15 13:44:48] [SEVERE ] setting player 1 freeze to 917
[2022-12-15 13:44:48] [SEVERE ] setting player 2 freeze to 918
[2022-12-15 13:44:48] [SEVERE ] setting player 3 freeze to 912
[2022-12-15 13:44:48] [SEVERE ] setting player 1 freeze to 906
[2022-12-15 13:44:48] [SEVERE ] setting player 3 freeze to 896
[2022-12-15 13:44:48] [SEVERE ] setting player 2 freeze to 902
[2022-12-15 13:44:48] [SEVERE ] setting player 2 freeze to 886
[2022-12-15 13:44:48] [SEVERE ] setting player 3 freeze to 880
[2022-12-15 13:44:48] [SEVERE ] setting player 1 freeze to 885
[2022-12-15 13:44:48] [SEVERE ] setting player 2 freeze to 875
[2022-12-15 13:44:48] [SEVERE ] setting player 1 freeze to 869
[2022-12-15 13:44:48] [SEVERE ] setting player 3 freeze to 864
[2022-12-15 13:44:48] [SEVERE ] setting player 3 freeze to 848
[2022-12-15 13:44:48] [SEVERE ] setting player 2 freeze to 854
[2022-12-15 13:44:48] [SEVERE ] setting player 1 freeze to 853
[2022-12-15 13:44:48] [SEVERE ] setting player 2 freeze to 843
[2022-12-15 13:44:48] [SEVERE ] setting player 3 freeze to 837
[2022-12-15 13:44:48] [SEVERE ] setting player 1 freeze to 838
[2022-12-15 13:44:48] [SEVERE ] setting player 2 freeze to 823
[2022-12-15 13:44:48] [SEVERE ] setting player 1 freeze to 822
[2022-12-15 13:44:48] [SEVERE ] setting player 3 freeze to 817
[2022-12-15 13:44:48] [SEVERE ] setting player 2 freeze to 812
[2022-12-15 13:44:48] [SEVERE ] setting player 1 freeze to 807
[2022-12-15 13:44:48] [SEVERE ] setting player 3 freeze to 802
[2022-12-15 13:44:48] [SEVERE ] setting player 3 freeze to 786
[2022-12-15 13:44:48] [SEVERE ] setting player 2 freeze to 792
[2022-12-15 13:44:48] [SEVERE ] setting player 1 freeze to 791
[2022-12-15 13:44:48] [SEVERE ] setting player 3 freeze to 774
[2022-12-15 13:44:48] [SEVERE ] setting player 1 freeze to 775
[2022-12-15 13:44:48] [SEVERE ] setting player 2 freeze to 776
[2022-12-15 13:44:48] [SEVERE ] setting player 2 freeze to 760
[2022-12-15 13:44:48] [SEVERE ] setting player 3 freeze to 754
[2022-12-15 13:44:48] [SEVERE ] setting player 1 freeze to 759
[2022-12-15 13:44:48] [SEVERE ] setting player 2 freeze to 749
[2022-12-15 13:44:48] [SEVERE ] setting player 3 freeze to 738
[2022-12-15 13:44:48] [SEVERE ] setting player 1 freeze to 743
[2022-12-15 13:44:48] [SEVERE ] setting player 1 freeze to 727
[2022-12-15 13:44:48] [SEVERE ] setting player 2 freeze to 728
[2022-12-15 13:44:48] [SEVERE ] setting player 3 freeze to 722
[2022-12-15 13:44:48] [SEVERE ] setting player 2 freeze to 717
[2022-12-15 13:44:48] [SEVERE ] setting player 1 freeze to 716
[2022-12-15 13:44:48] [SEVERE ] setting player 3 freeze to 706
[2022-12-15 13:44:48] [SEVERE ] setting player 3 freeze to 690
[2022-12-15 13:44:48] [SEVERE ] setting player 1 freeze to 695
[2022-12-15 13:44:48] [SEVERE ] setting player 2 freeze to 696
[2022-12-15 13:44:48] [SEVERE ] setting player 3 freeze to 679
[2022-12-15 13:44:48] [SEVERE ] setting player 1 freeze to 679
[2022-12-15 13:44:48] [SEVERE ] setting player 2 freeze to 680
[2022-12-15 13:44:48] [SEVERE ] setting player 3 freeze to 658
[2022-12-15 13:44:48] [SEVERE ] setting player 2 freeze to 664
[2022-12-15 13:44:48] [SEVERE ] setting player 1 freeze to 663
[2022-12-15 13:44:48] [SEVERE ] setting player 3 freeze to 647
[2022-12-15 13:44:48] [SEVERE ] setting player 1 freeze to 647
[2022-12-15 13:44:48] [SEVERE ] setting player 2 freeze to 648
[2022-12-15 13:44:48] [SEVERE ] setting player 2 freeze to 632
[2022-12-15 13:44:48] [SEVERE ] setting player 3 freeze to 626
[2022-12-15 13:44:48] [SEVERE ] setting player 1 freeze to 631
[2022-12-15 13:44:48] [SEVERE ] setting player 2 freeze to 621
[2022-12-15 13:44:48] [SEVERE ] setting player 1 freeze to 615
[2022-12-15 13:44:48] [SEVERE ] setting player 3 freeze to 610
[2022-12-15 13:44:48] [SEVERE ] setting player 1 freeze to 599
[2022-12-15 13:44:48] [SEVERE ] setting player 2 freeze to 600
[2022-12-15 13:44:48] [SEVERE ] setting player 3 freeze to 594
[2022-12-15 13:44:48] [SEVERE ] setting player 1 freeze to 583
[2022-12-15 13:44:48] [SEVERE ] setting player 3 freeze to 578
[2022-12-15 13:44:48] [SEVERE ] setting player 2 freeze to 584
[2022-12-15 13:44:48] [SEVERE ] setting player 1 freeze to 571
[2022-12-15 13:44:48] [SEVERE ] setting player 3 freeze to 563
[2022-12-15 13:44:48] [SEVERE ] setting player 2 freeze to 569
[2022-12-15 13:44:48] [SEVERE ] setting player 3 freeze to 551
[2022-12-15 13:44:48] [SEVERE ] setting player 2 freeze to 553
[2022-12-15 13:44:48] [SEVERE ] setting player 1 freeze to 552
[2022-12-15 13:44:48] [SEVERE ] setting player 2 freeze to 537
[2022-12-15 13:44:48] [SEVERE ] setting player 3 freeze to 531
[2022-12-15 13:44:48] [SEVERE ] setting player 1 freeze to 536
[2022-12-15 13:44:48] [SEVERE ] setting player 2 freeze to 525
[2022-12-15 13:44:48] [SEVERE ] setting player 3 freeze to 515
[2022-12-15 13:44:48] [SEVERE ] setting player 1 freeze to 520
[2022-12-15 13:44:48] [SEVERE ] setting player 1 freeze to 504
[2022-12-15 13:44:48] [SEVERE ] setting player 3 freeze to 499
[2022-12-15 13:44:48] [SEVERE ] setting player 2 freeze to 505
[2022-12-15 13:44:48] [SEVERE ] setting player 1 freeze to 493
[2022-12-15 13:44:48] [SEVERE ] setting player 2 freeze to 489
[2022-12-15 13:44:48] [SEVERE ] setting player 3 freeze to 483
[2022-12-15 13:44:48] [SEVERE ] setting player 2 freeze to 473
[2022-12-15 13:44:48] [SEVERE ] setting player 3 freeze to 467
[2022-12-15 13:44:48] [SEVERE ] setting player 1 freeze to 472
[2022-12-15 13:44:48] [SEVERE ] setting player 2 freeze to 461
[2022-12-15 13:44:48] [SEVERE ] setting player 3 freeze to 451
[2022-12-15 13:44:48] [SEVERE ] setting player 1 freeze to 456
[2022-12-15 13:44:48] [SEVERE ] setting player 1 freeze to 440
[2022-12-15 13:44:48] [SEVERE ] setting player 2 freeze to 441
[2022-12-15 13:44:48] [SEVERE ] setting player 3 freeze to 435
[2022-12-15 13:44:48] [SEVERE ] setting player 1 freeze to 429
[2022-12-15 13:44:48] [SEVERE ] setting player 3 freeze to 419
[2022-12-15 13:44:48] [SEVERE ] setting player 2 freeze to 425
[2022-12-15 13:44:48] [SEVERE ] setting player 3 freeze to 403
[2022-12-15 13:44:48] [SEVERE ] setting player 1 freeze to 408
[2022-12-15 13:44:48] [SEVERE ] setting player 2 freeze to 409
[2022-12-15 13:44:48] [SEVERE ] setting player 3 freeze to 392
[2022-12-15 13:44:48] [SEVERE ] setting player 2 freeze to 393
[2022-12-15 13:44:48] [SEVERE ] setting player 1 freeze to 392
[2022-12-15 13:44:48] [SEVERE ] setting player 1 freeze to 376
[2022-12-15 13:44:48] [SEVERE ] setting player 3 freeze to 371
[2022-12-15 13:44:48] [SEVERE ] setting player 2 freeze to 377
[2022-12-15 13:44:48] [SEVERE ] setting player 1 freeze to 364
[2022-12-15 13:44:48] [SEVERE ] setting player 2 freeze to 361
[2022-12-15 13:44:48] [SEVERE ] setting player 3 freeze to 355
[2022-12-15 13:44:48] [SEVERE ] setting player 2 freeze to 345
[2022-12-15 13:44:48] [SEVERE ] setting player 1 freeze to 344
[2022-12-15 13:44:48] [SEVERE ] setting player 3 freeze to 339
[2022-12-15 13:44:48] [SEVERE ] setting player 2 freeze to 334
[2022-12-15 13:44:48] [SEVERE ] setting player 3 freeze to 323
[2022-12-15 13:44:48] [SEVERE ] setting player 1 freeze to 328
[2022-12-15 13:44:48] [SEVERE ] setting player 3 freeze to 307
[2022-12-15 13:44:48] [SEVERE ] setting player 2 freeze to 313
[2022-12-15 13:44:48] [SEVERE ] setting player 1 freeze to 312
[2022-12-15 13:44:48] [SEVERE ] setting player 3 freeze to 296
[2022-12-15 13:44:48] [SEVERE ] setting player 2 freeze to 297
[2022-12-15 13:44:48] [SEVERE ] setting player 1 freeze to 296
[2022-12-15 13:44:49] [SEVERE ] setting player 3 freeze to 275
[2022-12-15 13:44:49] [SEVERE ] setting player 1 freeze to 280
[2022-12-15 13:44:49] [SEVERE ] setting player 2 freeze to 281
[2022-12-15 13:44:49] [SEVERE ] setting player 3 freeze to 264
[2022-12-15 13:44:49] [SEVERE ] setting player 1 freeze to 264
[2022-12-15 13:44:49] [SEVERE ] setting player 2 freeze to 265
[2022-12-15 13:44:49] [SEVERE ] setting player 1 freeze to 248
[2022-12-15 13:44:49] [SEVERE ] setting player 3 freeze to 243
[2022-12-15 13:44:49] [SEVERE ] setting player 2 freeze to 249
[2022-12-15 13:44:49] [SEVERE ] setting player 2 freeze to 233
[2022-12-15 13:44:49] [SEVERE ] setting player 1 freeze to 232
[2022-12-15 13:44:49] [SEVERE ] setting player 3 freeze to 227
[2022-12-15 13:44:49] [SEVERE ] setting player 2 freeze to 222
[2022-12-15 13:44:49] [SEVERE ] setting player 3 freeze to 211
[2022-12-15 13:44:49] [SEVERE ] setting player 1 freeze to 216
[2022-12-15 13:44:49] [SEVERE ] setting player 1 freeze to 201
[2022-12-15 13:44:49] [SEVERE ] setting player 2 freeze to 202
[2022-12-15 13:44:49] [SEVERE ] setting player 3 freeze to 196
[2022-12-15 13:44:49] [SEVERE ] setting player 1 freeze to 189
[2022-12-15 13:44:49] [SEVERE ] setting player 2 freeze to 186
[2022-12-15 13:44:49] [SEVERE ] setting player 3 freeze to 180
[2022-12-15 13:44:49] [SEVERE ] setting player 3 freeze to 164
[2022-12-15 13:44:49] [SEVERE ] setting player 1 freeze to 169
[2022-12-15 13:44:49] [SEVERE ] setting player 2 freeze to 170
[2022-12-15 13:44:49] [SEVERE ] setting player 3 freeze to 153
[2022-12-15 13:44:49] [SEVERE ] setting player 1 freeze to 153
[2022-12-15 13:44:49] [SEVERE ] setting player 2 freeze to 154
[2022-12-15 13:44:49] [SEVERE ] setting player 2 freeze to 138
[2022-12-15 13:44:49] [SEVERE ] setting player 3 freeze to 132
[2022-12-15 13:44:49] [SEVERE ] setting player 1 freeze to 137
[2022-12-15 13:44:49] [SEVERE ] setting player 2 freeze to 127
[2022-12-15 13:44:49] [SEVERE ] setting player 1 freeze to 121
[2022-12-15 13:44:49] [SEVERE ] setting player 3 freeze to 116
[2022-12-15 13:44:49] [SEVERE ] setting player 1 freeze to 105
[2022-12-15 13:44:49] [SEVERE ] setting player 2 freeze to 106
[2022-12-15 13:44:49] [SEVERE ] setting player 3 freeze to 100
[2022-12-15 13:44:49] [SEVERE ] setting player 1 freeze to 94
[2022-12-15 13:44:49] [SEVERE ] setting player 2 freeze to 90
[2022-12-15 13:44:49] [SEVERE ] setting player 3 freeze to 84
[2022-12-15 13:44:49] [SEVERE ] setting player 2 freeze to 74
[2022-12-15 13:44:49] [SEVERE ] setting player 1 freeze to 73
[2022-12-15 13:44:49] [SEVERE ] setting player 3 freeze to 68
[2022-12-15 13:44:49] [SEVERE ] setting player 2 freeze to 63
[2022-12-15 13:44:49] [SEVERE ] setting player 3 freeze to 52
[2022-12-15 13:44:49] [SEVERE ] setting player 1 freeze to 57
[2022-12-15 13:44:49] [SEVERE ] setting player 3 freeze to 36
[2022-12-15 13:44:49] [SEVERE ] setting player 2 freeze to 42
[2022-12-15 13:44:49] [SEVERE ] setting player 1 freeze to 41
[2022-12-15 13:44:49] [SEVERE ] setting player 3 freeze to 25
[2022-12-15 13:44:49] [SEVERE ] setting player 2 freeze to 26
[2022-12-15 13:44:49] [SEVERE ] setting player 1 freeze to 25
[2022-12-15 13:44:49] [SEVERE ] setting player 2 freeze to 10
[2022-12-15 13:44:49] [SEVERE ] setting player 3 freeze to 4
[2022-12-15 13:44:49] [SEVERE ] setting player 1 freeze to 9
[2022-12-15 13:44:49] [SEVERE ] setting player 2 freeze to 0
[2022-12-15 13:44:49] [SEVERE ] setting player 1 freeze to 0
[2022-12-15 13:44:49] [SEVERE ] setting player 3 freeze to 0
[2022-12-15 13:44:49] [SEVERE ] player 3 placing token on slot 0
[2022-12-15 13:44:49] [SEVERE ] player 2 placing token on slot 1
[2022-12-15 13:44:49] [SEVERE ] player 1 placing token on slot 4
[2022-12-15 13:44:50] [SEVERE ] player 2 placing token on slot 7
[2022-12-15 13:44:50] [SEVERE ] player 3 placing token on slot 5
[2022-12-15 13:44:50] [SEVERE ] player 1 placing token on slot 2
[2022-12-15 13:44:51] [SEVERE ] player 1 placing token on slot 7
[2022-12-15 13:44:51] [SEVERE ] player 3 placing token on slot 9
[2022-12-15 13:44:51] [SEVERE ] player 2 placing token on slot 3
[2022-12-15 13:44:51] [SEVERE ] removing player 3 token from slot 0
[2022-12-15 13:44:51] [SEVERE ] removing player 2 token from slot 1
[2022-12-15 13:44:51] [SEVERE ] removing player 3 token from slot 5
[2022-12-15 13:44:51] [SEVERE ] removing player 2 token from slot 7
[2022-12-15 13:44:51] [SEVERE ] removing player 3 token from slot 9
[2022-12-15 13:44:51] [SEVERE ] removing player 2 token from slot 3
[2022-12-15 13:44:51] [SEVERE ] setting player 2 freeze to 3000
[2022-12-15 13:44:51] [SEVERE ] setting player 3 freeze to 3000
[2022-12-15 13:44:51] [SEVERE ] removing player 1 token from slot 4
[2022-12-15 13:44:51] [SEVERE ] removing player 1 token from slot 2
[2022-12-15 13:44:51] [SEVERE ] removing player 1 token from slot 7
[2022-12-15 13:44:51] [SEVERE ] setting player 1 freeze to 3000
[2022-12-15 13:44:51] [SEVERE ] setting player 2 freeze to 2985
[2022-12-15 13:44:51] [SEVERE ] setting player 1 freeze to 2986
[2022-12-15 13:44:51] [SEVERE ] setting player 3 freeze to 2985
[2022-12-15 13:44:51] [SEVERE ] setting player 2 freeze to 2969
[2022-12-15 13:44:51] [SEVERE ] setting player 3 freeze to 2969
[2022-12-15 13:44:51] [SEVERE ] setting player 1 freeze to 2970
[2022-12-15 13:44:51] [SEVERE ] setting player 2 freeze to 2958
[2022-12-15 13:44:51] [SEVERE ] setting player 1 freeze to 2954
[2022-12-15 13:44:51] [SEVERE ] setting player 3 freeze to 2953
[2022-12-15 13:44:51] [SEVERE ] setting player 2 freeze to 2937
[2022-12-15 13:44:51] [SEVERE ] setting player 1 freeze to 2938
[2022-12-15 13:44:51] [SEVERE ] setting player 3 freeze to 2937
[2022-12-15 13:44:51] [SEVERE ] setting player 2 freeze to 2926
[2022-12-15 13:44:51] [SEVERE ] setting player 3 freeze to 2921
[2022-12-15 13:44:51] [SEVERE ] setting player 1 freeze to 2922
[2022-12-15 13:44:51] [SEVERE ] setting player 3 freeze to 2905
[2022-12-15 13:44:51] [SEVERE ] setting player 2 freeze to 2905
[2022-12-15 13:44:51] [SEVERE ] setting player 1 freeze to 2906
[2022-12-15 13:44:51] [SEVERE ] setting player 3 freeze to 2894
[2022-12-15 13:44:51] [SEVERE ] setting player 1 freeze to 2890
[2022-12-15 13:44:51] [SEVERE ] setting player 2 freeze to 2889
[2022-12-15 13:44:51] [SEVERE ] setting player 2 freeze to 2873
[2022-12-15 13:44:51] [SEVERE ] setting player 3 freeze to 2873
[2022-12-15 13:44:51] [SEVERE ] setting player 1 freeze to 2874
[2022-12-15 13:44:51] [SEVERE ] setting player 2 freeze to 2862
[2022-12-15 13:44:51] [SEVERE ] setting player 3 freeze to 2857
[2022-12-15 13:44:51] [SEVERE ] setting player 1 freeze to 2858
[2022-12-15 13:44:51] [SEVERE ] setting player 1 freeze to 2842
[2022-12-15 13:44:51] [SEVERE ] setting player 2 freeze to 2841
[2022-12-15 13:44:51] [SEVERE ] setting player 3 freeze to 2841
[2022-12-15 13:44:51] [SEVERE ] setting player 1 freeze to 2831
[2022-12-15 13:44:51] [SEVERE ] setting player 3 freeze to 2825
[2022-12-15 13:44:51] [SEVERE ] setting player 2 freeze to 2825
[2022-12-15 13:44:51] [SEVERE ] setting player 3 freeze to 2809
[2022-12-15 13:44:51] [SEVERE ] setting player 1 freeze to 2810
[2022-12-15 13:44:51] [SEVERE ] setting player 2 freeze to 2809
[2022-12-15 13:44:51] [SEVERE ] setting player 3 freeze to 2798
[2022-12-15 13:44:51] [SEVERE ] setting player 2 freeze to 2793
[2022-12-15 13:44:51] [SEVERE ] setting player 1 freeze to 2794
[2022-12-15 13:44:51] [SEVERE ] setting player 3 freeze to 2777
[2022-12-15 13:44:51] [SEVERE ] setting player 2 freeze to 2777
[2022-12-15 13:44:51] [SEVERE ] setting player 1 freeze to 2778
[2022-12-15 13:44:51] [SEVERE ] setting player 3 freeze to 2766
[2022-12-15 13:44:51] [SEVERE ] setting player 2 freeze to 2761
[2022-12-15 13:44:51] [SEVERE ] setting player 1 freeze to 2762
[2022-12-15 13:44:51] [SEVERE ] setting player 1 freeze to 2746
[2022-12-15 13:44:51] [SEVERE ] setting player 3 freeze to 2745
[2022-12-15 13:44:51] [SEVERE ] setting player 2 freeze to 2745
[2022-12-15 13:44:51] [SEVERE ] setting player 1 freeze to 2735
[2022-12-15 13:44:51] [SEVERE ] setting player 2 freeze to 2730
[2022-12-15 13:44:51] [SEVERE ] setting player 3 freeze to 2730
[2022-12-15 13:44:51] [SEVERE ] setting player 3 freeze to 2714
[2022-12-15 13:44:51] [SEVERE ] setting player 2 freeze to 2714
[2022-12-15 13:44:51] [SEVERE ] setting player 1 freeze to 2715
[2022-12-15 13:44:51] [SEVERE ] setting player 2 freeze to 2698
[2022-12-15 13:44:51] [SEVERE ] setting player 3 freeze to 2698
[2022-12-15 13:44:51] [SEVERE ] setting player 1 freeze to 2699
[2022-12-15 13:44:51] [SEVERE ] setting player 2 freeze to 2687
[2022-12-15 13:44:51] [SEVERE ] setting player 1 freeze to 2683
[2022-12-15 13:44:51] [SEVERE ] setting player 3 freeze to 2682
[2022-12-15 13:44:51] [SEVERE ] setting player 1 freeze to 2667
[2022-12-15 13:44:51] [SEVERE ] setting player 2 freeze to 2666
[2022-12-15 13:44:51] [SEVERE ] setting player 3 freeze to 2666
[2022-12-15 13:44:51] [SEVERE ] setting player 1 freeze to 2656
[2022-12-15 13:44:51] [SEVERE ] setting player 3 freeze to 2650
[2022-12-15 13:44:51] [SEVERE ] setting player 2 freeze to 2650
[2022-12-15 13:44:51] [SEVERE ] setting player 2 freeze to 2634
[2022-12-15 13:44:51] [SEVERE ] setting player 1 freeze to 2635
[2022-12-15 13:44:51] [SEVERE ] setting player 3 freeze to 2634
[2022-12-15 13:44:51] [SEVERE ] setting player 2 freeze to 2623
[2022-12-15 13:44:51] [SEVERE ] setting player 3 freeze to 2618
[2022-12-15 13:44:51] [SEVERE ] setting player 1 freeze to 2619
[2022-12-15 13:44:51] [SEVERE ] setting player 1 freeze to 2603
[2022-12-15 13:44:51] [SEVERE ] setting player 3 freeze to 2602
[2022-12-15 13:44:51] [SEVERE ] setting player 2 freeze to 2602
[2022-12-15 13:44:51] [SEVERE ] setting player 1 freeze to 2593
[2022-12-15 13:44:51] [SEVERE ] setting player 3 freeze to 2587
[2022-12-15 13:44:51] [SEVERE ] setting player 2 freeze to 2587
[2022-12-15 13:44:51] [SEVERE ] setting player 1 freeze to 2572
[2022-12-15 13:44:51] [SEVERE ] setting player 2 freeze to 2571
[2022-12-15 13:44:51] [SEVERE ] setting player 3 freeze to 2571
[2022-12-15 13:44:51] [SEVERE ] setting player 1 freeze to 2560
[2022-12-15 13:44:51] [SEVERE ] setting player 3 freeze to 2555
[2022-12-15 13:44:51] [SEVERE ] setting player 2 freeze to 2555
[2022-12-15 13:44:51] [SEVERE ] setting player 3 freeze to 2539
[2022-12-15 13:44:51] [SEVERE ] setting player 1 freeze to 2540
[2022-12-15 13:44:51] [SEVERE ] setting player 2 freeze to 2539
[2022-12-15 13:44:51] [SEVERE ] setting player 3 freeze to 2528
[2022-12-15 13:44:51] [SEVERE ] setting player 1 freeze to 2524
[2022-12-15 13:44:51] [SEVERE ] setting player 2 freeze to 2523
[2022-12-15 13:44:51] [SEVERE ] setting player 2 freeze to 2507
[2022-12-15 13:44:51] [SEVERE ] setting player 3 freeze to 2507
[2022-12-15 13:44:51] [SEVERE ] setting player 1 freeze to 2508
[2022-12-15 13:44:51] [SEVERE ] setting player 2 freeze to 2496
[2022-12-15 13:44:51] [SEVERE ] setting player 3 freeze to 2492
[2022-12-15 13:44:51] [SEVERE ] setting player 1 freeze to 2493
[2022-12-15 13:44:51] [SEVERE ] setting player 1 freeze to 2477
[2022-12-15 13:44:51] [SEVERE ] setting player 2 freeze to 2476
[2022-12-15 13:44:51] [SEVERE ] setting player 3 freeze to 2476
[2022-12-15 13:44:51] [SEVERE ] setting player 1 freeze to 2466
[2022-12-15 13:44:51] [SEVERE ] setting player 2 freeze to 2460
[2022-12-15 13:44:51] [SEVERE ] setting player 3 freeze to 2460
[2022-12-15 13:44:51] [SEVERE ] setting player 3 freeze to 2444
[2022-12-15 13:44:51] [SEVERE ] setting player 1 freeze to 2445
[2022-12-15 13:44:51] [SEVERE ] setting player 2 freeze to 2444
[2022-12-15 13:44:51] [SEVERE ] setting player 3 freeze to 2433
[2022-12-15 13:44:51] [SEVERE ] setting player 1 freeze to 2429
[2022-12-15 13:44:51] [SEVERE ] setting player 2 freeze to 2428
[2022-12-15 13:44:51] [SEVERE ] Exit button pressed
[2022-12-15 13:44:51] [INFO   ] Thread computer-3 terminated.
[2022-12-15 13:44:51] [INFO   ] Thread computer-1 terminated.
[2022-12-15 13:44:51] [INFO   ] Thread computer-2 terminated.
[2022-12-15 13:44:51] [INFO   ] Thread Player 0 terminated.
[2022-12-15 13:44:51] [INFO   ] Thread Player 1 terminated.
[2022-12-15 13:44:51] [INFO   ] Thread Player 2 terminated.
[2022-12-15 13:44:51] [INFO   ] Thread Player 3 terminated.
[2022-12-15 13:44:51] [SEVERE ] announcing winners: [0, 1, 2, 3]
[2022-12-15 13:44:51] [INFO   ] Thread dealer terminated.
[2022-12-15 13:44:51] [INFO   ] Thread main terminated.
