[2022-12-15 13:45:34] [INFO   ] cannot read configuration file config.properties trying from resources.
[2022-12-15 13:45:34] [INFO   ] configuration file was loaded from resources directory.
[2022-12-15 13:45:35] [INFO   ] Thread dealer starting.
[2022-12-15 13:45:35] [INFO   ] Thread Player 0starting.
[2022-12-15 13:45:35] [INFO   ] Thread Player 2starting.
[2022-12-15 13:45:35] [INFO   ] Thread Player 1starting.
[2022-12-15 13:45:35] [INFO   ] Thread Player 3starting.
[2022-12-15 13:45:35] [INFO   ] Thread computer-2 starting.
[2022-12-15 13:45:35] [INFO   ] Thread computer-1 starting.
[2022-12-15 13:45:35] [INFO   ] Thread computer-3 starting.
[2022-12-15 13:45:35] [SEVERE ] placing card 22 in slot 0
[2022-12-15 13:45:35] [SEVERE ] placing card 54 in slot 1
[2022-12-15 13:45:35] [SEVERE ] placing card 79 in slot 2
[2022-12-15 13:45:36] [SEVERE ] placing card 49 in slot 3
[2022-12-15 13:45:36] [SEVERE ] placing card 43 in slot 4
[2022-12-15 13:45:36] [SEVERE ] placing card 77 in slot 5
[2022-12-15 13:45:36] [SEVERE ] placing card 11 in slot 6
[2022-12-15 13:45:36] [SEVERE ] placing card 67 in slot 7
[2022-12-15 13:45:36] [SEVERE ] placing card 23 in slot 8
[2022-12-15 13:45:36] [SEVERE ] placing card 13 in slot 9
[2022-12-15 13:45:36] [SEVERE ] placing card 41 in slot 10
[2022-12-15 13:45:36] [SEVERE ] placing card 6 in slot 11
[2022-12-15 13:45:36] [SEVERE ] player 3 placing token on slot 4
[2022-12-15 13:45:36] [SEVERE ] player 1 placing token on slot 7
[2022-12-15 13:45:36] [SEVERE ] player 2 placing token on slot 0
[2022-12-15 13:45:38] [SEVERE ] player 2 placing token on slot 4
[2022-12-15 13:45:38] [SEVERE ] player 1 placing token on slot 1
[2022-12-15 13:45:38] [SEVERE ] player 3 placing token on slot 3
[2022-12-15 13:45:39] [SEVERE ] player 3 placing token on slot 0
[2022-12-15 13:45:39] [SEVERE ] player 2 placing token on slot 5
[2022-12-15 13:45:39] [SEVERE ] player 1 placing token on slot 3
[2022-12-15 13:45:39] [SEVERE ] removing player 2 token from slot 0
[2022-12-15 13:45:39] [SEVERE ] removing player 3 token from slot 4
[2022-12-15 13:45:39] [SEVERE ] removing player 2 token from slot 4
[2022-12-15 13:45:39] [SEVERE ] removing player 1 token from slot 7
[2022-12-15 13:45:39] [SEVERE ] removing player 2 token from slot 5
[2022-12-15 13:45:39] [SEVERE ] removing player 3 token from slot 3
[2022-12-15 13:45:39] [SEVERE ] setting player 2 freeze to 3000
[2022-12-15 13:45:39] [SEVERE ] removing player 1 token from slot 1
[2022-12-15 13:45:39] [SEVERE ] removing player 3 token from slot 0
[2022-12-15 13:45:39] [SEVERE ] removing player 1 token from slot 3
[2022-12-15 13:45:39] [SEVERE ] setting player 3 freeze to 3000
[2022-12-15 13:45:39] [SEVERE ] setting player 1 freeze to 3000
[2022-12-15 13:45:39] [SEVERE ] setting player 1 freeze to 2986
[2022-12-15 13:45:39] [SEVERE ] setting player 2 freeze to 2985
[2022-12-15 13:45:39] [SEVERE ] setting player 3 freeze to 2986
[2022-12-15 13:45:39] [SEVERE ] setting player 1 freeze to 2975
[2022-12-15 13:45:39] [SEVERE ] setting player 2 freeze to 2969
[2022-12-15 13:45:39] [SEVERE ] setting player 3 freeze to 2970
[2022-12-15 13:45:39] [SEVERE ] setting player 3 freeze to 2954
[2022-12-15 13:45:39] [SEVERE ] setting player 1 freeze to 2954
[2022-12-15 13:45:39] [SEVERE ] setting player 2 freeze to 2953
[2022-12-15 13:45:39] [SEVERE ] setting player 3 freeze to 2943
[2022-12-15 13:45:39] [SEVERE ] setting player 1 freeze to 2939
[2022-12-15 13:45:39] [SEVERE ] setting player 2 freeze to 2938
[2022-12-15 13:45:39] [SEVERE ] setting player 1 freeze to 2923
[2022-12-15 13:45:39] [SEVERE ] setting player 2 freeze to 2922
[2022-12-15 13:45:39] [SEVERE ] setting player 3 freeze to 2923
[2022-12-15 13:45:39] [SEVERE ] setting player 1 freeze to 2912
[2022-12-15 13:45:39] [SEVERE ] setting player 2 freeze to 2906
[2022-12-15 13:45:39] [SEVERE ] setting player 3 freeze to 2907
[2022-12-15 13:45:39] [SEVERE ] setting player 2 freeze to 2891
[2022-12-15 13:45:39] [SEVERE ] setting player 3 freeze to 2892
[2022-12-15 13:45:39] [SEVERE ] setting player 1 freeze to 2892
[2022-12-15 13:45:39] [SEVERE ] setting player 2 freeze to 2880
[2022-12-15 13:45:39] [SEVERE ] setting player 3 freeze to 2876
[2022-12-15 13:45:39] [SEVERE ] setting player 1 freeze to 2876
[2022-12-15 13:45:39] [SEVERE ] setting player 2 freeze to 2860
[2022-12-15 13:45:39] [SEVERE ] setting player 1 freeze to 2861
[2022-12-15 13:45:39] [SEVERE ] setting player 3 freeze to 2861
[2022-12-15 13:45:39] [SEVERE ] setting player 2 freeze to 2849
[2022-12-15 13:45:39] [SEVERE ] setting player 1 freeze to 2845
[2022-12-15 13:45:39] [SEVERE ] setting player 3 freeze to 2845
[2022-12-15 13:45:39] [SEVERE ] setting player 3 freeze to 2829
[2022-12-15 13:45:39] [SEVERE ] setting player 2 freeze to 2828
[2022-12-15 13:45:39] [SEVERE ] setting player 1 freeze to 2829
[2022-12-15 13:45:39] [SEVERE ] setting player 3 freeze to 2818
[2022-12-15 13:45:39] [SEVERE ] setting player 1 freeze to 2813
[2022-12-15 13:45:39] [SEVERE ] setting player 2 freeze to 2812
[2022-12-15 13:45:39] [SEVERE ] setting player 1 freeze to 2802
[2022-12-15 13:45:39] [SEVERE ] setting player 2 freeze to 2796
[2022-12-15 13:45:39] [SEVERE ] setting player 3 freeze to 2797
[2022-12-15 13:45:39] [SEVERE ] setting player 1 freeze to 2781
[2022-12-15 13:45:39] [SEVERE ] setting player 3 freeze to 2781
[2022-12-15 13:45:39] [SEVERE ] setting player 2 freeze to 2780
[2022-12-15 13:45:39] [SEVERE ] setting player 1 freeze to 2770
[2022-12-15 13:45:39] [SEVERE ] setting player 3 freeze to 2765
[2022-12-15 13:45:39] [SEVERE ] setting player 2 freeze to 2764
[2022-12-15 13:45:39] [SEVERE ] setting player 1 freeze to 2749
[2022-12-15 13:45:39] [SEVERE ] setting player 2 freeze to 2748
[2022-12-15 13:45:39] [SEVERE ] setting player 3 freeze to 2749
[2022-12-15 13:45:39] [SEVERE ] setting player 1 freeze to 2738
[2022-12-15 13:45:39] [SEVERE ] setting player 2 freeze to 2732
[2022-12-15 13:45:39] [SEVERE ] setting player 3 freeze to 2733
[2022-12-15 13:45:39] [SEVERE ] setting player 1 freeze to 2717
[2022-12-15 13:45:39] [SEVERE ] setting player 3 freeze to 2717
[2022-12-15 13:45:39] [SEVERE ] setting player 2 freeze to 2716
[2022-12-15 13:45:39] [SEVERE ] setting player 1 freeze to 2706
[2022-12-15 13:45:39] [SEVERE ] setting player 2 freeze to 2700
[2022-12-15 13:45:39] [SEVERE ] setting player 3 freeze to 2701
[2022-12-15 13:45:39] [SEVERE ] setting player 3 freeze to 2685
[2022-12-15 13:45:39] [SEVERE ] setting player 2 freeze to 2684
[2022-12-15 13:45:39] [SEVERE ] setting player 1 freeze to 2685
[2022-12-15 13:45:39] [SEVERE ] setting player 3 freeze to 2673
[2022-12-15 13:45:39] [SEVERE ] setting player 2 freeze to 2668
[2022-12-15 13:45:39] [SEVERE ] setting player 1 freeze to 2669
[2022-12-15 13:45:39] [SEVERE ] setting player 2 freeze to 2652
[2022-12-15 13:45:39] [SEVERE ] setting player 1 freeze to 2653
[2022-12-15 13:45:39] [SEVERE ] setting player 3 freeze to 2653
[2022-12-15 13:45:39] [SEVERE ] setting player 2 freeze to 2641
[2022-12-15 13:45:39] [SEVERE ] setting player 3 freeze to 2637
[2022-12-15 13:45:39] [SEVERE ] setting player 1 freeze to 2637
[2022-12-15 13:45:39] [SEVERE ] setting player 3 freeze to 2621
[2022-12-15 13:45:39] [SEVERE ] setting player 2 freeze to 2620
[2022-12-15 13:45:39] [SEVERE ] setting player 1 freeze to 2621
[2022-12-15 13:45:39] [SEVERE ] setting player 3 freeze to 2610
[2022-12-15 13:45:39] [SEVERE ] setting player 2 freeze to 2604
[2022-12-15 13:45:39] [SEVERE ] setting player 1 freeze to 2605
[2022-12-15 13:45:39] [SEVERE ] setting player 1 freeze to 2589
[2022-12-15 13:45:39] [SEVERE ] setting player 3 freeze to 2589
[2022-12-15 13:45:39] [SEVERE ] setting player 2 freeze to 2588
[2022-12-15 13:45:39] [SEVERE ] setting player 1 freeze to 2578
[2022-12-15 13:45:39] [SEVERE ] setting player 3 freeze to 2573
[2022-12-15 13:45:39] [SEVERE ] setting player 2 freeze to 2572
[2022-12-15 13:45:39] [SEVERE ] setting player 2 freeze to 2556
[2022-12-15 13:45:39] [SEVERE ] setting player 3 freeze to 2557
[2022-12-15 13:45:39] [SEVERE ] setting player 1 freeze to 2557
[2022-12-15 13:45:39] [SEVERE ] setting player 2 freeze to 2545
[2022-12-15 13:45:39] [SEVERE ] setting player 3 freeze to 2541
[2022-12-15 13:45:39] [SEVERE ] setting player 1 freeze to 2541
[2022-12-15 13:45:39] [SEVERE ] setting player 3 freeze to 2525
[2022-12-15 13:45:39] [SEVERE ] setting player 1 freeze to 2525
[2022-12-15 13:45:39] [SEVERE ] setting player 2 freeze to 2524
[2022-12-15 13:45:39] [SEVERE ] setting player 3 freeze to 2514
[2022-12-15 13:45:39] [SEVERE ] setting player 2 freeze to 2508
[2022-12-15 13:45:39] [SEVERE ] setting player 1 freeze to 2509
[2022-12-15 13:45:39] [SEVERE ] setting player 1 freeze to 2494
[2022-12-15 13:45:39] [SEVERE ] setting player 3 freeze to 2494
[2022-12-15 13:45:39] [SEVERE ] setting player 2 freeze to 2493
[2022-12-15 13:45:39] [SEVERE ] setting player 1 freeze to 2482
[2022-12-15 13:45:39] [SEVERE ] setting player 3 freeze to 2478
[2022-12-15 13:45:39] [SEVERE ] setting player 2 freeze to 2477
[2022-12-15 13:45:39] [SEVERE ] setting player 3 freeze to 2462
[2022-12-15 13:45:39] [SEVERE ] setting player 1 freeze to 2462
[2022-12-15 13:45:39] [SEVERE ] setting player 2 freeze to 2461
[2022-12-15 13:45:39] [SEVERE ] setting player 3 freeze to 2450
[2022-12-15 13:45:39] [SEVERE ] setting player 2 freeze to 2445
[2022-12-15 13:45:39] [SEVERE ] setting player 1 freeze to 2446
[2022-12-15 13:45:39] [SEVERE ] setting player 1 freeze to 2430
[2022-12-15 13:45:39] [SEVERE ] setting player 2 freeze to 2429
[2022-12-15 13:45:39] [SEVERE ] setting player 3 freeze to 2430
[2022-12-15 13:45:39] [SEVERE ] setting player 1 freeze to 2418
[2022-12-15 13:45:39] [SEVERE ] setting player 2 freeze to 2413
[2022-12-15 13:45:39] [SEVERE ] setting player 3 freeze to 2414
[2022-12-15 13:45:39] [SEVERE ] setting player 1 freeze to 2398
[2022-12-15 13:45:39] [SEVERE ] setting player 3 freeze to 2398
[2022-12-15 13:45:39] [SEVERE ] setting player 2 freeze to 2397
[2022-12-15 13:45:39] [SEVERE ] setting player 1 freeze to 2387
[2022-12-15 13:45:39] [SEVERE ] setting player 2 freeze to 2381
[2022-12-15 13:45:39] [SEVERE ] setting player 3 freeze to 2382
[2022-12-15 13:45:39] [SEVERE ] setting player 1 freeze to 2366
[2022-12-15 13:45:39] [SEVERE ] setting player 2 freeze to 2365
[2022-12-15 13:45:39] [SEVERE ] setting player 3 freeze to 2366
[2022-12-15 13:45:39] [SEVERE ] setting player 1 freeze to 2354
[2022-12-15 13:45:39] [SEVERE ] setting player 2 freeze to 2349
[2022-12-15 13:45:39] [SEVERE ] setting player 3 freeze to 2350
[2022-12-15 13:45:39] [SEVERE ] setting player 2 freeze to 2333
[2022-12-15 13:45:39] [SEVERE ] setting player 1 freeze to 2334
[2022-12-15 13:45:39] [SEVERE ] setting player 3 freeze to 2334
[2022-12-15 13:45:39] [SEVERE ] setting player 2 freeze to 2322
[2022-12-15 13:45:39] [SEVERE ] setting player 3 freeze to 2318
[2022-12-15 13:45:39] [SEVERE ] setting player 1 freeze to 2318
[2022-12-15 13:45:39] [SEVERE ] setting player 2 freeze to 2301
[2022-12-15 13:45:39] [SEVERE ] setting player 3 freeze to 2302
[2022-12-15 13:45:39] [SEVERE ] setting player 1 freeze to 2302
[2022-12-15 13:45:39] [SEVERE ] setting player 2 freeze to 2290
[2022-12-15 13:45:39] [SEVERE ] setting player 3 freeze to 2286
[2022-12-15 13:45:39] [SEVERE ] setting player 1 freeze to 2286
[2022-12-15 13:45:39] [SEVERE ] setting player 3 freeze to 2270
[2022-12-15 13:45:39] [SEVERE ] setting player 2 freeze to 2269
[2022-12-15 13:45:39] [SEVERE ] setting player 1 freeze to 2270
[2022-12-15 13:45:39] [SEVERE ] setting player 3 freeze to 2259
[2022-12-15 13:45:39] [SEVERE ] setting player 1 freeze to 2255
[2022-12-15 13:45:39] [SEVERE ] setting player 2 freeze to 2254
[2022-12-15 13:45:39] [SEVERE ] setting player 1 freeze to 2239
[2022-12-15 13:45:39] [SEVERE ] setting player 3 freeze to 2239
[2022-12-15 13:45:39] [SEVERE ] setting player 2 freeze to 2238
[2022-12-15 13:45:39] [SEVERE ] setting player 1 freeze to 2227
[2022-12-15 13:45:39] [SEVERE ] setting player 2 freeze to 2222
[2022-12-15 13:45:39] [SEVERE ] setting player 3 freeze to 2223
[2022-12-15 13:45:39] [SEVERE ] setting player 1 freeze to 2207
[2022-12-15 13:45:39] [SEVERE ] setting player 3 freeze to 2207
[2022-12-15 13:45:39] [SEVERE ] setting player 2 freeze to 2206
[2022-12-15 13:45:39] [SEVERE ] setting player 1 freeze to 2196
[2022-12-15 13:45:39] [SEVERE ] setting player 3 freeze to 2191
[2022-12-15 13:45:39] [SEVERE ] setting player 2 freeze to 2190
[2022-12-15 13:45:39] [SEVERE ] setting player 2 freeze to 2174
[2022-12-15 13:45:39] [SEVERE ] setting player 3 freeze to 2175
[2022-12-15 13:45:39] [SEVERE ] setting player 1 freeze to 2175
[2022-12-15 13:45:39] [SEVERE ] setting player 2 freeze to 2162
[2022-12-15 13:45:39] [SEVERE ] setting player 1 freeze to 2159
[2022-12-15 13:45:39] [SEVERE ] setting player 3 freeze to 2159
[2022-12-15 13:45:39] [SEVERE ] setting player 1 freeze to 2143
[2022-12-15 13:45:39] [SEVERE ] setting player 2 freeze to 2142
[2022-12-15 13:45:39] [SEVERE ] setting player 3 freeze to 2143
[2022-12-15 13:45:39] [SEVERE ] setting player 1 freeze to 2132
[2022-12-15 13:45:39] [SEVERE ] setting player 2 freeze to 2126
[2022-12-15 13:45:39] [SEVERE ] setting player 3 freeze to 2127
[2022-12-15 13:45:39] [SEVERE ] setting player 3 freeze to 2112
[2022-12-15 13:45:39] [SEVERE ] setting player 2 freeze to 2111
[2022-12-15 13:45:39] [SEVERE ] setting player 1 freeze to 2112
[2022-12-15 13:45:39] [SEVERE ] setting player 3 freeze to 2101
[2022-12-15 13:45:39] [SEVERE ] setting player 2 freeze to 2095
[2022-12-15 13:45:39] [SEVERE ] setting player 1 freeze to 2096
[2022-12-15 13:45:39] [SEVERE ] setting player 1 freeze to 2080
[2022-12-15 13:45:39] [SEVERE ] setting player 2 freeze to 2079
[2022-12-15 13:45:39] [SEVERE ] setting player 3 freeze to 2080
[2022-12-15 13:45:39] [SEVERE ] setting player 1 freeze to 2068
[2022-12-15 13:45:39] [SEVERE ] setting player 2 freeze to 2063
[2022-12-15 13:45:39] [SEVERE ] setting player 3 freeze to 2064
[2022-12-15 13:45:39] [SEVERE ] setting player 3 freeze to 2048
[2022-12-15 13:45:39] [SEVERE ] setting player 1 freeze to 2048
[2022-12-15 13:45:39] [SEVERE ] setting player 2 freeze to 2047
[2022-12-15 13:45:39] [SEVERE ] setting player 3 freeze to 2037
[2022-12-15 13:45:39] [SEVERE ] setting player 1 freeze to 2032
[2022-12-15 13:45:39] [SEVERE ] setting player 2 freeze to 2031
[2022-12-15 13:45:39] [SEVERE ] setting player 3 freeze to 2016
[2022-12-15 13:45:39] [SEVERE ] setting player 2 freeze to 2015
[2022-12-15 13:45:39] [SEVERE ] setting player 1 freeze to 2016
[2022-12-15 13:45:40] [SEVERE ] setting player 3 freeze to 2005
[2022-12-15 13:45:40] [SEVERE ] setting player 2 freeze to 2004
[2022-12-15 13:45:40] [SEVERE ] setting player 1 freeze to 2000
[2022-12-15 13:45:40] [SEVERE ] setting player 3 freeze to 1984
[2022-12-15 13:45:40] [SEVERE ] setting player 2 freeze to 1983
[2022-12-15 13:45:40] [SEVERE ] setting player 1 freeze to 1984
[2022-12-15 13:45:40] [SEVERE ] setting player 3 freeze to 1968
[2022-12-15 13:45:40] [SEVERE ] setting player 2 freeze to 1967
[2022-12-15 13:45:40] [SEVERE ] setting player 1 freeze to 1968
[2022-12-15 13:45:40] [SEVERE ] setting player 3 freeze to 1957
[2022-12-15 13:45:40] [SEVERE ] setting player 1 freeze to 1952
[2022-12-15 13:45:40] [SEVERE ] setting player 2 freeze to 1951
[2022-12-15 13:45:40] [SEVERE ] setting player 2 freeze to 1935
[2022-12-15 13:45:40] [SEVERE ] setting player 3 freeze to 1936
[2022-12-15 13:45:40] [SEVERE ] setting player 1 freeze to 1936
[2022-12-15 13:45:40] [SEVERE ] setting player 2 freeze to 1924
[2022-12-15 13:45:40] [SEVERE ] setting player 1 freeze to 1920
[2022-12-15 13:45:40] [SEVERE ] setting player 3 freeze to 1920
[2022-12-15 13:45:40] [SEVERE ] setting player 3 freeze to 1904
[2022-12-15 13:45:40] [SEVERE ] setting player 2 freeze to 1903
[2022-12-15 13:45:40] [SEVERE ] setting player 1 freeze to 1904
[2022-12-15 13:45:40] [SEVERE ] setting player 3 freeze to 1893
[2022-12-15 13:45:40] [SEVERE ] setting player 2 freeze to 1887
[2022-12-15 13:45:40] [SEVERE ] setting player 1 freeze to 1888
[2022-12-15 13:45:40] [SEVERE ] setting player 2 freeze to 1872
[2022-12-15 13:45:40] [SEVERE ] setting player 1 freeze to 1873
[2022-12-15 13:45:40] [SEVERE ] setting player 3 freeze to 1873
[2022-12-15 13:45:40] [SEVERE ] setting player 3 freeze to 1857
[2022-12-15 13:45:40] [SEVERE ] setting player 1 freeze to 1857
[2022-12-15 13:45:40] [SEVERE ] setting player 2 freeze to 1856
[2022-12-15 13:45:40] [SEVERE ] setting player 3 freeze to 1846
[2022-12-15 13:45:40] [SEVERE ] setting player 2 freeze to 1840
[2022-12-15 13:45:40] [SEVERE ] setting player 1 freeze to 1841
[2022-12-15 13:45:40] [SEVERE ] setting player 1 freeze to 1825
[2022-12-15 13:45:40] [SEVERE ] setting player 3 freeze to 1825
[2022-12-15 13:45:40] [SEVERE ] setting player 2 freeze to 1824
[2022-12-15 13:45:40] [SEVERE ] setting player 2 freeze to 1813
[2022-12-15 13:45:40] [SEVERE ] setting player 1 freeze to 1814
[2022-12-15 13:45:40] [SEVERE ] setting player 3 freeze to 1809
[2022-12-15 13:45:40] [SEVERE ] setting player 3 freeze to 1793
[2022-12-15 13:45:40] [SEVERE ] setting player 2 freeze to 1792
[2022-12-15 13:45:40] [SEVERE ] setting player 1 freeze to 1793
[2022-12-15 13:45:40] [SEVERE ] setting player 3 freeze to 1782
[2022-12-15 13:45:40] [SEVERE ] setting player 2 freeze to 1776
[2022-12-15 13:45:40] [SEVERE ] setting player 1 freeze to 1777
[2022-12-15 13:45:40] [SEVERE ] setting player 3 freeze to 1761
[2022-12-15 13:45:40] [SEVERE ] setting player 1 freeze to 1761
[2022-12-15 13:45:40] [SEVERE ] setting player 2 freeze to 1760
[2022-12-15 13:45:40] [SEVERE ] setting player 1 freeze to 1746
[2022-12-15 13:45:40] [SEVERE ] setting player 3 freeze to 1746
[2022-12-15 13:45:40] [SEVERE ] setting player 2 freeze to 1745
[2022-12-15 13:45:40] [SEVERE ] setting player 1 freeze to 1735
[2022-12-15 13:45:40] [SEVERE ] setting player 3 freeze to 1735
[2022-12-15 13:45:40] [SEVERE ] setting player 2 freeze to 1729
[2022-12-15 13:45:40] [SEVERE ] setting player 2 freeze to 1713
[2022-12-15 13:45:40] [SEVERE ] setting player 1 freeze to 1714
[2022-12-15 13:45:40] [SEVERE ] setting player 3 freeze to 1714
[2022-12-15 13:45:40] [SEVERE ] setting player 2 freeze to 1702
[2022-12-15 13:45:40] [SEVERE ] setting player 1 freeze to 1699
[2022-12-15 13:45:40] [SEVERE ] setting player 3 freeze to 1699
[2022-12-15 13:45:40] [SEVERE ] setting player 3 freeze to 1683
[2022-12-15 13:45:40] [SEVERE ] setting player 2 freeze to 1681
[2022-12-15 13:45:40] [SEVERE ] setting player 1 freeze to 1682
[2022-12-15 13:45:40] [SEVERE ] setting player 2 freeze to 1666
[2022-12-15 13:45:40] [SEVERE ] setting player 1 freeze to 1667
[2022-12-15 13:45:40] [SEVERE ] setting player 3 freeze to 1667
[2022-12-15 13:45:40] [SEVERE ] setting player 3 freeze to 1651
[2022-12-15 13:45:40] [SEVERE ] setting player 2 freeze to 1650
[2022-12-15 13:45:40] [SEVERE ] setting player 1 freeze to 1651
[2022-12-15 13:45:40] [SEVERE ] setting player 3 freeze to 1640
[2022-12-15 13:45:40] [SEVERE ] setting player 2 freeze to 1639
[2022-12-15 13:45:40] [SEVERE ] setting player 1 freeze to 1635
[2022-12-15 13:45:40] [SEVERE ] setting player 1 freeze to 1619
[2022-12-15 13:45:40] [SEVERE ] setting player 2 freeze to 1618
[2022-12-15 13:45:40] [SEVERE ] setting player 3 freeze to 1619
[2022-12-15 13:45:40] [SEVERE ] setting player 1 freeze to 1608
[2022-12-15 13:45:40] [SEVERE ] setting player 3 freeze to 1603
[2022-12-15 13:45:40] [SEVERE ] setting player 2 freeze to 1602
[2022-12-15 13:45:40] [SEVERE ] setting player 3 freeze to 1587
[2022-12-15 13:45:40] [SEVERE ] setting player 1 freeze to 1587
[2022-12-15 13:45:40] [SEVERE ] setting player 2 freeze to 1586
[2022-12-15 13:45:40] [SEVERE ] setting player 3 freeze to 1576
[2022-12-15 13:45:40] [SEVERE ] setting player 1 freeze to 1571
[2022-12-15 13:45:40] [SEVERE ] setting player 2 freeze to 1570
[2022-12-15 13:45:40] [SEVERE ] setting player 2 freeze to 1554
[2022-12-15 13:45:40] [SEVERE ] setting player 3 freeze to 1555
[2022-12-15 13:45:40] [SEVERE ] setting player 1 freeze to 1555
[2022-12-15 13:45:40] [SEVERE ] setting player 2 freeze to 1543
[2022-12-15 13:45:40] [SEVERE ] setting player 3 freeze to 1539
[2022-12-15 13:45:40] [SEVERE ] setting player 1 freeze to 1539
[2022-12-15 13:45:40] [SEVERE ] setting player 3 freeze to 1523
[2022-12-15 13:45:40] [SEVERE ] setting player 1 freeze to 1523
[2022-12-15 13:45:40] [SEVERE ] setting player 2 freeze to 1522
[2022-12-15 13:45:40] [SEVERE ] setting player 1 freeze to 1512
[2022-12-15 13:45:40] [SEVERE ] setting player 3 freeze to 1512
[2022-12-15 13:45:40] [SEVERE ] setting player 2 freeze to 1506
[2022-12-15 13:45:40] [SEVERE ] setting player 1 freeze to 1491
[2022-12-15 13:45:40] [SEVERE ] setting player 3 freeze to 1491
[2022-12-15 13:45:40] [SEVERE ] setting player 2 freeze to 1490
[2022-12-15 13:45:40] [SEVERE ] setting player 1 freeze to 1480
[2022-12-15 13:45:40] [SEVERE ] setting player 3 freeze to 1476
[2022-12-15 13:45:40] [SEVERE ] setting player 2 freeze to 1475
[2022-12-15 13:45:40] [SEVERE ] setting player 3 freeze to 1460
[2022-12-15 13:45:40] [SEVERE ] setting player 2 freeze to 1459
[2022-12-15 13:45:40] [SEVERE ] setting player 1 freeze to 1460
[2022-12-15 13:45:40] [SEVERE ] setting player 1 freeze to 1445
[2022-12-15 13:45:40] [SEVERE ] setting player 3 freeze to 1445
[2022-12-15 13:45:40] [SEVERE ] setting player 2 freeze to 1444
[2022-12-15 13:45:40] [SEVERE ] setting player 1 freeze to 1434
[2022-12-15 13:45:40] [SEVERE ] setting player 2 freeze to 1429
[2022-12-15 13:45:40] [SEVERE ] setting player 3 freeze to 1430
[2022-12-15 13:45:40] [SEVERE ] setting player 3 freeze to 1414
[2022-12-15 13:45:40] [SEVERE ] setting player 1 freeze to 1414
[2022-12-15 13:45:40] [SEVERE ] setting player 2 freeze to 1413
[2022-12-15 13:45:40] [SEVERE ] setting player 3 freeze to 1403
[2022-12-15 13:45:40] [SEVERE ] setting player 2 freeze to 1397
[2022-12-15 13:45:40] [SEVERE ] setting player 1 freeze to 1398
[2022-12-15 13:45:40] [SEVERE ] setting player 1 freeze to 1382
[2022-12-15 13:45:40] [SEVERE ] setting player 2 freeze to 1381
[2022-12-15 13:45:40] [SEVERE ] setting player 3 freeze to 1382
[2022-12-15 13:45:40] [SEVERE ] setting player 3 freeze to 1367
[2022-12-15 13:45:40] [SEVERE ] setting player 1 freeze to 1367
[2022-12-15 13:45:40] [SEVERE ] setting player 2 freeze to 1366
[2022-12-15 13:45:40] [SEVERE ] setting player 3 freeze to 1356
[2022-12-15 13:45:40] [SEVERE ] setting player 2 freeze to 1351
[2022-12-15 13:45:40] [SEVERE ] setting player 1 freeze to 1352
[2022-12-15 13:45:40] [SEVERE ] setting player 2 freeze to 1335
[2022-12-15 13:45:40] [SEVERE ] setting player 3 freeze to 1336
[2022-12-15 13:45:40] [SEVERE ] setting player 1 freeze to 1336
[2022-12-15 13:45:40] [SEVERE ] setting player 2 freeze to 1324
[2022-12-15 13:45:40] [SEVERE ] setting player 1 freeze to 1320
[2022-12-15 13:45:40] [SEVERE ] setting player 3 freeze to 1320
[2022-12-15 13:45:40] [SEVERE ] setting player 3 freeze to 1304
[2022-12-15 13:45:40] [SEVERE ] setting player 2 freeze to 1303
[2022-12-15 13:45:40] [SEVERE ] setting player 1 freeze to 1304
[2022-12-15 13:45:40] [SEVERE ] setting player 3 freeze to 1293
[2022-12-15 13:45:40] [SEVERE ] setting player 1 freeze to 1288
[2022-12-15 13:45:40] [SEVERE ] setting player 2 freeze to 1287
[2022-12-15 13:45:40] [SEVERE ] setting player 1 freeze to 1272
[2022-12-15 13:45:40] [SEVERE ] setting player 3 freeze to 1272
[2022-12-15 13:45:40] [SEVERE ] setting player 2 freeze to 1271
[2022-12-15 13:45:40] [SEVERE ] setting player 1 freeze to 1261
[2022-12-15 13:45:40] [SEVERE ] setting player 2 freeze to 1255
[2022-12-15 13:45:40] [SEVERE ] setting player 3 freeze to 1256
[2022-12-15 13:45:40] [SEVERE ] setting player 3 freeze to 1240
[2022-12-15 13:45:40] [SEVERE ] setting player 1 freeze to 1240
[2022-12-15 13:45:40] [SEVERE ] setting player 2 freeze to 1239
[2022-12-15 13:45:40] [SEVERE ] setting player 3 freeze to 1229
[2022-12-15 13:45:40] [SEVERE ] setting player 2 freeze to 1223
[2022-12-15 13:45:40] [SEVERE ] setting player 1 freeze to 1224
[2022-12-15 13:45:40] [SEVERE ] setting player 1 freeze to 1209
[2022-12-15 13:45:40] [SEVERE ] setting player 3 freeze to 1209
[2022-12-15 13:45:40] [SEVERE ] setting player 2 freeze to 1208
[2022-12-15 13:45:40] [SEVERE ] setting player 3 freeze to 1198
[2022-12-15 13:45:40] [SEVERE ] setting player 1 freeze to 1198
[2022-12-15 13:45:40] [SEVERE ] setting player 2 freeze to 1192
[2022-12-15 13:45:40] [SEVERE ] setting player 1 freeze to 1177
[2022-12-15 13:45:40] [SEVERE ] setting player 3 freeze to 1177
[2022-12-15 13:45:40] [SEVERE ] setting player 2 freeze to 1176
[2022-12-15 13:45:40] [SEVERE ] setting player 1 freeze to 1166
[2022-12-15 13:45:40] [SEVERE ] setting player 3 freeze to 1161
[2022-12-15 13:45:40] [SEVERE ] setting player 2 freeze to 1160
[2022-12-15 13:45:40] [SEVERE ] setting player 2 freeze to 1144
[2022-12-15 13:45:40] [SEVERE ] setting player 3 freeze to 1145
[2022-12-15 13:45:40] [SEVERE ] setting player 1 freeze to 1145
[2022-12-15 13:45:40] [SEVERE ] setting player 2 freeze to 1133
[2022-12-15 13:45:40] [SEVERE ] setting player 3 freeze to 1129
[2022-12-15 13:45:40] [SEVERE ] setting player 1 freeze to 1129
[2022-12-15 13:45:40] [SEVERE ] setting player 2 freeze to 1112
[2022-12-15 13:45:40] [SEVERE ] setting player 3 freeze to 1113
[2022-12-15 13:45:40] [SEVERE ] setting player 1 freeze to 1113
[2022-12-15 13:45:40] [SEVERE ] setting player 2 freeze to 1101
[2022-12-15 13:45:40] [SEVERE ] setting player 1 freeze to 1097
[2022-12-15 13:45:40] [SEVERE ] setting player 3 freeze to 1097
[2022-12-15 13:45:40] [SEVERE ] setting player 1 freeze to 1081
[2022-12-15 13:45:40] [SEVERE ] setting player 2 freeze to 1080
[2022-12-15 13:45:40] [SEVERE ] setting player 3 freeze to 1081
[2022-12-15 13:45:40] [SEVERE ] setting player 1 freeze to 1070
[2022-12-15 13:45:40] [SEVERE ] setting player 2 freeze to 1064
[2022-12-15 13:45:40] [SEVERE ] setting player 3 freeze to 1065
[2022-12-15 13:45:40] [SEVERE ] setting player 2 freeze to 1053
[2022-12-15 13:45:40] [SEVERE ] setting player 3 freeze to 1049
[2022-12-15 13:45:40] [SEVERE ] setting player 1 freeze to 1049
[2022-12-15 13:45:40] [SEVERE ] setting player 3 freeze to 1033
[2022-12-15 13:45:40] [SEVERE ] setting player 1 freeze to 1033
[2022-12-15 13:45:40] [SEVERE ] setting player 2 freeze to 1032
[2022-12-15 13:45:40] [SEVERE ] setting player 3 freeze to 1022
[2022-12-15 13:45:40] [SEVERE ] setting player 1 freeze to 1017
[2022-12-15 13:45:40] [SEVERE ] setting player 2 freeze to 1016
[2022-12-15 13:45:41] [SEVERE ] setting player 1 freeze to 1001
[2022-12-15 13:45:41] [SEVERE ] setting player 3 freeze to 1001
[2022-12-15 13:45:41] [SEVERE ] setting player 2 freeze to 1000
[2022-12-15 13:45:41] [SEVERE ] setting player 1 freeze to 991
[2022-12-15 13:45:41] [SEVERE ] setting player 2 freeze to 985
[2022-12-15 13:45:41] [SEVERE ] setting player 3 freeze to 986
[2022-12-15 13:45:41] [SEVERE ] setting player 2 freeze to 969
[2022-12-15 13:45:41] [SEVERE ] setting player 3 freeze to 970
[2022-12-15 13:45:41] [SEVERE ] setting player 1 freeze to 970
[2022-12-15 13:45:41] [SEVERE ] setting player 2 freeze to 958
[2022-12-15 13:45:41] [SEVERE ] setting player 3 freeze to 955
[2022-12-15 13:45:41] [SEVERE ] setting player 1 freeze to 955
[2022-12-15 13:45:41] [SEVERE ] setting player 1 freeze to 939
[2022-12-15 13:45:41] [SEVERE ] setting player 2 freeze to 938
[2022-12-15 13:45:41] [SEVERE ] setting player 3 freeze to 939
[2022-12-15 13:45:41] [SEVERE ] setting player 1 freeze to 928
[2022-12-15 13:45:41] [SEVERE ] setting player 2 freeze to 922
[2022-12-15 13:45:41] [SEVERE ] setting player 3 freeze to 923
[2022-12-15 13:45:41] [SEVERE ] setting player 2 freeze to 906
[2022-12-15 13:45:41] [SEVERE ] setting player 3 freeze to 907
[2022-12-15 13:45:41] [SEVERE ] setting player 1 freeze to 907
[2022-12-15 13:45:41] [SEVERE ] setting player 2 freeze to 894
[2022-12-15 13:45:41] [SEVERE ] setting player 3 freeze to 891
[2022-12-15 13:45:41] [SEVERE ] setting player 1 freeze to 891
[2022-12-15 13:45:41] [SEVERE ] setting player 3 freeze to 875
[2022-12-15 13:45:41] [SEVERE ] setting player 1 freeze to 875
[2022-12-15 13:45:41] [SEVERE ] setting player 2 freeze to 874
[2022-12-15 13:45:41] [SEVERE ] setting player 3 freeze to 864
[2022-12-15 13:45:41] [SEVERE ] setting player 2 freeze to 858
[2022-12-15 13:45:41] [SEVERE ] setting player 1 freeze to 859
[2022-12-15 13:45:41] [SEVERE ] setting player 2 freeze to 842
[2022-12-15 13:45:41] [SEVERE ] setting player 1 freeze to 843
[2022-12-15 13:45:41] [SEVERE ] setting player 3 freeze to 843
[2022-12-15 13:45:41] [SEVERE ] setting player 2 freeze to 831
[2022-12-15 13:45:41] [SEVERE ] setting player 3 freeze to 827
[2022-12-15 13:45:41] [SEVERE ] setting player 1 freeze to 827
[2022-12-15 13:45:41] [SEVERE ] setting player 3 freeze to 811
[2022-12-15 13:45:41] [SEVERE ] setting player 1 freeze to 811
[2022-12-15 13:45:41] [SEVERE ] setting player 2 freeze to 810
[2022-12-15 13:45:41] [SEVERE ] setting player 3 freeze to 798
[2022-12-15 13:45:41] [SEVERE ] setting player 2 freeze to 795
[2022-12-15 13:45:41] [SEVERE ] setting player 1 freeze to 796
[2022-12-15 13:45:41] [SEVERE ] setting player 2 freeze to 780
[2022-12-15 13:45:41] [SEVERE ] setting player 3 freeze to 781
[2022-12-15 13:45:41] [SEVERE ] setting player 1 freeze to 781
[2022-12-15 13:45:41] [SEVERE ] setting player 2 freeze to 769
[2022-12-15 13:45:41] [SEVERE ] setting player 3 freeze to 765
[2022-12-15 13:45:41] [SEVERE ] setting player 1 freeze to 765
[2022-12-15 13:45:41] [SEVERE ] setting player 1 freeze to 749
[2022-12-15 13:45:41] [SEVERE ] setting player 2 freeze to 748
[2022-12-15 13:45:41] [SEVERE ] setting player 3 freeze to 749
[2022-12-15 13:45:41] [SEVERE ] setting player 1 freeze to 737
[2022-12-15 13:45:41] [SEVERE ] setting player 2 freeze to 732
[2022-12-15 13:45:41] [SEVERE ] setting player 3 freeze to 733
[2022-12-15 13:45:41] [SEVERE ] setting player 2 freeze to 716
[2022-12-15 13:45:41] [SEVERE ] setting player 3 freeze to 717
[2022-12-15 13:45:41] [SEVERE ] setting player 1 freeze to 717
[2022-12-15 13:45:41] [SEVERE ] setting player 2 freeze to 705
[2022-12-15 13:45:41] [SEVERE ] setting player 3 freeze to 701
[2022-12-15 13:45:41] [SEVERE ] setting player 1 freeze to 701
[2022-12-15 13:45:41] [SEVERE ] setting player 2 freeze to 684
[2022-12-15 13:45:41] [SEVERE ] setting player 3 freeze to 685
[2022-12-15 13:45:41] [SEVERE ] setting player 1 freeze to 685
[2022-12-15 13:45:41] [SEVERE ] setting player 2 freeze to 673
[2022-12-15 13:45:41] [SEVERE ] setting player 3 freeze to 669
[2022-12-15 13:45:41] [SEVERE ] setting player 1 freeze to 669
[2022-12-15 13:45:41] [SEVERE ] setting player 1 freeze to 653
[2022-12-15 13:45:41] [SEVERE ] setting player 3 freeze to 653
[2022-12-15 13:45:41] [SEVERE ] setting player 2 freeze to 652
[2022-12-15 13:45:41] [SEVERE ] setting player 1 freeze to 642
[2022-12-15 13:45:41] [SEVERE ] setting player 3 freeze to 637
[2022-12-15 13:45:41] [SEVERE ] setting player 2 freeze to 636
[2022-12-15 13:45:41] [SEVERE ] setting player 3 freeze to 622
[2022-12-15 13:45:41] [SEVERE ] setting player 2 freeze to 621
[2022-12-15 13:45:41] [SEVERE ] setting player 1 freeze to 622
[2022-12-15 13:45:41] [SEVERE ] setting player 3 freeze to 611
[2022-12-15 13:45:41] [SEVERE ] setting player 2 freeze to 605
[2022-12-15 13:45:41] [SEVERE ] setting player 1 freeze to 606
[2022-12-15 13:45:41] [SEVERE ] setting player 1 freeze to 590
[2022-12-15 13:45:41] [SEVERE ] setting player 3 freeze to 590
[2022-12-15 13:45:41] [SEVERE ] setting player 2 freeze to 589
[2022-12-15 13:45:41] [SEVERE ] setting player 1 freeze to 579
[2022-12-15 13:45:41] [SEVERE ] setting player 2 freeze to 573
[2022-12-15 13:45:41] [SEVERE ] setting player 3 freeze to 574
[2022-12-15 13:45:41] [SEVERE ] setting player 2 freeze to 557
[2022-12-15 13:45:41] [SEVERE ] setting player 3 freeze to 558
[2022-12-15 13:45:41] [SEVERE ] setting player 1 freeze to 558
[2022-12-15 13:45:41] [SEVERE ] setting player 2 freeze to 546
[2022-12-15 13:45:41] [SEVERE ] setting player 3 freeze to 542
[2022-12-15 13:45:41] [SEVERE ] setting player 1 freeze to 542
[2022-12-15 13:45:41] [SEVERE ] setting player 1 freeze to 526
[2022-12-15 13:45:41] [SEVERE ] setting player 3 freeze to 526
[2022-12-15 13:45:41] [SEVERE ] setting player 2 freeze to 525
[2022-12-15 13:45:41] [SEVERE ] setting player 1 freeze to 515
[2022-12-15 13:45:41] [SEVERE ] setting player 3 freeze to 510
[2022-12-15 13:45:41] [SEVERE ] setting player 2 freeze to 509
[2022-12-15 13:45:41] [SEVERE ] setting player 3 freeze to 494
[2022-12-15 13:45:41] [SEVERE ] setting player 2 freeze to 493
[2022-12-15 13:45:41] [SEVERE ] setting player 1 freeze to 494
[2022-12-15 13:45:41] [SEVERE ] setting player 3 freeze to 483
[2022-12-15 13:45:41] [SEVERE ] setting player 1 freeze to 478
[2022-12-15 13:45:41] [SEVERE ] setting player 2 freeze to 477
[2022-12-15 13:45:41] [SEVERE ] setting player 2 freeze to 462
[2022-12-15 13:45:41] [SEVERE ] setting player 3 freeze to 463
[2022-12-15 13:45:41] [SEVERE ] setting player 1 freeze to 463
[2022-12-15 13:45:41] [SEVERE ] setting player 2 freeze to 451
[2022-12-15 13:45:41] [SEVERE ] setting player 3 freeze to 447
[2022-12-15 13:45:41] [SEVERE ] setting player 1 freeze to 447
[2022-12-15 13:45:41] [SEVERE ] setting player 3 freeze to 422
[2022-12-15 13:45:41] [SEVERE ] setting player 2 freeze to 421
[2022-12-15 13:45:41] [SEVERE ] setting player 1 freeze to 422
[2022-12-15 13:45:41] [SEVERE ] setting player 3 freeze to 411
[2022-12-15 13:45:41] [SEVERE ] setting player 3 freeze to 399
[2022-12-15 13:45:41] [SEVERE ] setting player 2 freeze to 398
[2022-12-15 13:45:41] [SEVERE ] setting player 1 freeze to 399
[2022-12-15 13:45:41] [SEVERE ] setting player 3 freeze to 387
[2022-12-15 13:45:41] [SEVERE ] setting player 2 freeze to 382
[2022-12-15 13:45:41] [SEVERE ] setting player 1 freeze to 383
[2022-12-15 13:45:41] [SEVERE ] setting player 1 freeze to 367
[2022-12-15 13:45:41] [SEVERE ] setting player 3 freeze to 367
[2022-12-15 13:45:41] [SEVERE ] setting player 2 freeze to 366
[2022-12-15 13:45:41] [SEVERE ] setting player 1 freeze to 356
[2022-12-15 13:45:41] [SEVERE ] setting player 3 freeze to 351
[2022-12-15 13:45:41] [SEVERE ] setting player 2 freeze to 350
[2022-12-15 13:45:41] [SEVERE ] setting player 2 freeze to 334
[2022-12-15 13:45:41] [SEVERE ] setting player 3 freeze to 335
[2022-12-15 13:45:41] [SEVERE ] setting player 1 freeze to 335
[2022-12-15 13:45:41] [SEVERE ] setting player 2 freeze to 322
[2022-12-15 13:45:41] [SEVERE ] setting player 1 freeze to 319
[2022-12-15 13:45:41] [SEVERE ] setting player 3 freeze to 319
[2022-12-15 13:45:41] [SEVERE ] setting player 1 freeze to 303
[2022-12-15 13:45:41] [SEVERE ] setting player 3 freeze to 303
[2022-12-15 13:45:41] [SEVERE ] setting player 2 freeze to 302
[2022-12-15 13:45:41] [SEVERE ] setting player 1 freeze to 292
[2022-12-15 13:45:41] [SEVERE ] setting player 2 freeze to 286
[2022-12-15 13:45:41] [SEVERE ] setting player 3 freeze to 287
[2022-12-15 13:45:41] [SEVERE ] setting player 2 freeze to 270
[2022-12-15 13:45:41] [SEVERE ] setting player 1 freeze to 271
[2022-12-15 13:45:41] [SEVERE ] setting player 3 freeze to 271
[2022-12-15 13:45:41] [SEVERE ] setting player 2 freeze to 259
[2022-12-15 13:45:41] [SEVERE ] setting player 3 freeze to 255
[2022-12-15 13:45:41] [SEVERE ] setting player 1 freeze to 255
[2022-12-15 13:45:41] [SEVERE ] setting player 2 freeze to 239
[2022-12-15 13:45:41] [SEVERE ] setting player 1 freeze to 240
[2022-12-15 13:45:41] [SEVERE ] setting player 3 freeze to 240
[2022-12-15 13:45:41] [SEVERE ] setting player 2 freeze to 228
[2022-12-15 13:45:41] [SEVERE ] setting player 1 freeze to 224
[2022-12-15 13:45:41] [SEVERE ] setting player 3 freeze to 224
[2022-12-15 13:45:41] [SEVERE ] setting player 3 freeze to 208
[2022-12-15 13:45:41] [SEVERE ] setting player 2 freeze to 207
[2022-12-15 13:45:41] [SEVERE ] setting player 1 freeze to 208
[2022-12-15 13:45:41] [SEVERE ] setting player 3 freeze to 197
[2022-12-15 13:45:41] [SEVERE ] setting player 1 freeze to 192
[2022-12-15 13:45:41] [SEVERE ] setting player 2 freeze to 191
[2022-12-15 13:45:41] [SEVERE ] setting player 3 freeze to 176
[2022-12-15 13:45:41] [SEVERE ] setting player 2 freeze to 175
[2022-12-15 13:45:41] [SEVERE ] setting player 1 freeze to 176
[2022-12-15 13:45:41] [SEVERE ] setting player 3 freeze to 165
[2022-12-15 13:45:41] [SEVERE ] setting player 2 freeze to 159
[2022-12-15 13:45:41] [SEVERE ] setting player 1 freeze to 160
[2022-12-15 13:45:41] [SEVERE ] setting player 1 freeze to 144
[2022-12-15 13:45:41] [SEVERE ] setting player 3 freeze to 144
[2022-12-15 13:45:41] [SEVERE ] setting player 2 freeze to 143
[2022-12-15 13:45:41] [SEVERE ] setting player 1 freeze to 133
[2022-12-15 13:45:41] [SEVERE ] setting player 3 freeze to 128
[2022-12-15 13:45:41] [SEVERE ] setting player 2 freeze to 127
[2022-12-15 13:45:41] [SEVERE ] setting player 1 freeze to 112
[2022-12-15 13:45:41] [SEVERE ] setting player 3 freeze to 112
[2022-12-15 13:45:41] [SEVERE ] setting player 2 freeze to 111
[2022-12-15 13:45:41] [SEVERE ] setting player 1 freeze to 101
[2022-12-15 13:45:41] [SEVERE ] setting player 3 freeze to 96
[2022-12-15 13:45:41] [SEVERE ] setting player 2 freeze to 95
[2022-12-15 13:45:41] [SEVERE ] setting player 3 freeze to 80
[2022-12-15 13:45:41] [SEVERE ] setting player 1 freeze to 80
[2022-12-15 13:45:41] [SEVERE ] setting player 2 freeze to 79
[2022-12-15 13:45:41] [SEVERE ] setting player 3 freeze to 69
[2022-12-15 13:45:41] [SEVERE ] setting player 1 freeze to 64
[2022-12-15 13:45:41] [SEVERE ] setting player 2 freeze to 63
[2022-12-15 13:45:41] [SEVERE ] setting player 2 freeze to 47
[2022-12-15 13:45:41] [SEVERE ] setting player 3 freeze to 48
[2022-12-15 13:45:41] [SEVERE ] setting player 1 freeze to 48
[2022-12-15 13:45:41] [SEVERE ] setting player 2 freeze to 36
[2022-12-15 13:45:41] [SEVERE ] setting player 3 freeze to 32
[2022-12-15 13:45:41] [SEVERE ] setting player 1 freeze to 32
[2022-12-15 13:45:41] [SEVERE ] setting player 3 freeze to 21
[2022-12-15 13:45:41] [SEVERE ] setting player 1 freeze to 16
[2022-12-15 13:45:41] [SEVERE ] setting player 2 freeze to 15
[2022-12-15 13:45:42] [SEVERE ] setting player 1 freeze to 5
[2022-12-15 13:45:42] [SEVERE ] setting player 2 freeze to 0
[2022-12-15 13:45:42] [SEVERE ] setting player 3 freeze to 0
[2022-12-15 13:45:42] [SEVERE ] player 2 placing token on slot 6
[2022-12-15 13:45:42] [SEVERE ] setting player 1 freeze to 0
[2022-12-15 13:45:42] [SEVERE ] player 1 placing token on slot 11
[2022-12-15 13:45:43] [SEVERE ] player 3 placing token on slot 11
[2022-12-15 13:45:43] [SEVERE ] player 2 placing token on slot 9
[2022-12-15 13:45:43] [SEVERE ] player 1 placing token on slot 6
[2022-12-15 13:45:44] [SEVERE ] player 3 placing token on slot 4
[2022-12-15 13:45:44] [SEVERE ] player 1 placing token on slot 3
[2022-12-15 13:45:44] [SEVERE ] removing player 2 token from slot 9
[2022-12-15 13:45:44] [SEVERE ] removing player 1 token from slot 11
[2022-12-15 13:45:44] [SEVERE ] removing player 1 token from slot 6
[2022-12-15 13:45:44] [SEVERE ] removing player 1 token from slot 3
[2022-12-15 13:45:44] [SEVERE ] setting player 1 freeze to 3000
[2022-12-15 13:45:44] [SEVERE ] setting player 1 freeze to 2984
[2022-12-15 13:45:44] [SEVERE ] setting player 1 freeze to 2968
[2022-12-15 13:45:44] [SEVERE ] setting player 1 freeze to 2952
[2022-12-15 13:45:44] [SEVERE ] setting player 1 freeze to 2936
[2022-12-15 13:45:44] [SEVERE ] setting player 1 freeze to 2920
[2022-12-15 13:45:44] [SEVERE ] setting player 1 freeze to 2904
[2022-12-15 13:45:44] [SEVERE ] setting player 1 freeze to 2888
[2022-12-15 13:45:44] [SEVERE ] setting player 1 freeze to 2872
[2022-12-15 13:45:44] [SEVERE ] setting player 1 freeze to 2856
[2022-12-15 13:45:44] [SEVERE ] setting player 1 freeze to 2840
[2022-12-15 13:45:44] [SEVERE ] setting player 1 freeze to 2824
[2022-12-15 13:45:44] [SEVERE ] setting player 1 freeze to 2808
[2022-12-15 13:45:44] [SEVERE ] setting player 1 freeze to 2792
[2022-12-15 13:45:44] [SEVERE ] setting player 1 freeze to 2776
[2022-12-15 13:45:44] [SEVERE ] setting player 1 freeze to 2761
[2022-12-15 13:45:44] [SEVERE ] setting player 1 freeze to 2745
[2022-12-15 13:45:44] [SEVERE ] setting player 1 freeze to 2729
[2022-12-15 13:45:44] [SEVERE ] setting player 1 freeze to 2713
[2022-12-15 13:45:44] [SEVERE ] setting player 1 freeze to 2697
[2022-12-15 13:45:44] [SEVERE ] setting player 1 freeze to 2681
[2022-12-15 13:45:44] [SEVERE ] setting player 1 freeze to 2665
[2022-12-15 13:45:44] [SEVERE ] setting player 1 freeze to 2649
[2022-12-15 13:45:44] [SEVERE ] setting player 1 freeze to 2634
[2022-12-15 13:45:44] [SEVERE ] setting player 1 freeze to 2618
[2022-12-15 13:45:44] [SEVERE ] setting player 1 freeze to 2602
[2022-12-15 13:45:44] [SEVERE ] setting player 1 freeze to 2586
[2022-12-15 13:45:44] [SEVERE ] setting player 1 freeze to 2571
[2022-12-15 13:45:44] [SEVERE ] setting player 1 freeze to 2555
[2022-12-15 13:45:44] [SEVERE ] setting player 1 freeze to 2539
[2022-12-15 13:45:44] [SEVERE ] setting player 1 freeze to 2523
[2022-12-15 13:45:44] [SEVERE ] setting player 1 freeze to 2507
[2022-12-15 13:45:44] [SEVERE ] setting player 1 freeze to 2491
[2022-12-15 13:45:44] [SEVERE ] setting player 1 freeze to 2475
[2022-12-15 13:45:44] [SEVERE ] setting player 1 freeze to 2459
[2022-12-15 13:45:44] [SEVERE ] setting player 1 freeze to 2443
[2022-12-15 13:45:44] [SEVERE ] setting player 1 freeze to 2427
[2022-12-15 13:45:44] [SEVERE ] setting player 1 freeze to 2411
[2022-12-15 13:45:44] [SEVERE ] setting player 1 freeze to 2395
[2022-12-15 13:45:44] [SEVERE ] setting player 1 freeze to 2379
[2022-12-15 13:45:44] [SEVERE ] setting player 1 freeze to 2363
[2022-12-15 13:45:44] [SEVERE ] setting player 1 freeze to 2347
[2022-12-15 13:45:44] [SEVERE ] setting player 1 freeze to 2331
[2022-12-15 13:45:44] [SEVERE ] setting player 1 freeze to 2315
[2022-12-15 13:45:44] [SEVERE ] setting player 1 freeze to 2299
[2022-12-15 13:45:44] [SEVERE ] setting player 1 freeze to 2283
[2022-12-15 13:45:44] [SEVERE ] setting player 1 freeze to 2268
[2022-12-15 13:45:44] [SEVERE ] setting player 1 freeze to 2252
[2022-12-15 13:45:44] [SEVERE ] setting player 1 freeze to 2236
[2022-12-15 13:45:44] [SEVERE ] setting player 1 freeze to 2220
[2022-12-15 13:45:44] [SEVERE ] setting player 1 freeze to 2205
[2022-12-15 13:45:44] [SEVERE ] setting player 1 freeze to 2189
[2022-12-15 13:45:44] [SEVERE ] setting player 1 freeze to 2173
[2022-12-15 13:45:44] [SEVERE ] setting player 1 freeze to 2157
[2022-12-15 13:45:44] [SEVERE ] setting player 1 freeze to 2141
[2022-12-15 13:45:44] [SEVERE ] setting player 1 freeze to 2125
[2022-12-15 13:45:44] [SEVERE ] setting player 1 freeze to 2109
[2022-12-15 13:45:44] [SEVERE ] setting player 1 freeze to 2093
[2022-12-15 13:45:44] [SEVERE ] setting player 1 freeze to 2078
[2022-12-15 13:45:44] [SEVERE ] setting player 1 freeze to 2062
[2022-12-15 13:45:44] [SEVERE ] setting player 1 freeze to 2046
[2022-12-15 13:45:45] [SEVERE ] setting player 1 freeze to 2030
[2022-12-15 13:45:45] [SEVERE ] setting player 1 freeze to 2014
[2022-12-15 13:45:45] [SEVERE ] player 3 placing token on slot 3
[2022-12-15 13:45:45] [SEVERE ] removing player 3 token from slot 11
[2022-12-15 13:45:45] [SEVERE ] removing player 3 token from slot 4
[2022-12-15 13:45:45] [SEVERE ] removing player 3 token from slot 3
[2022-12-15 13:45:45] [SEVERE ] setting player 3 freeze to 3000
[2022-12-15 13:45:45] [SEVERE ] setting player 1 freeze to 1999
[2022-12-15 13:45:45] [SEVERE ] player 2 placing token on slot 10
[2022-12-15 13:45:45] [SEVERE ] setting player 3 freeze to 2983
[2022-12-15 13:45:45] [SEVERE ] setting player 1 freeze to 1983
[2022-12-15 13:45:45] [SEVERE ] setting player 3 freeze to 2969
[2022-12-15 13:45:45] [SEVERE ] setting player 1 freeze to 1968
[2022-12-15 13:45:45] [SEVERE ] setting player 3 freeze to 2954
[2022-12-15 13:45:45] [SEVERE ] setting player 3 freeze to 2938
[2022-12-15 13:45:45] [SEVERE ] setting player 1 freeze to 1952
[2022-12-15 13:45:45] [SEVERE ] setting player 1 freeze to 1936
[2022-12-15 13:45:45] [SEVERE ] setting player 3 freeze to 2922
[2022-12-15 13:45:45] [SEVERE ] setting player 3 freeze to 2906
[2022-12-15 13:45:45] [SEVERE ] setting player 1 freeze to 1920
[2022-12-15 13:45:45] [SEVERE ] setting player 1 freeze to 1904
[2022-12-15 13:45:45] [SEVERE ] setting player 3 freeze to 2890
[2022-12-15 13:45:45] [SEVERE ] setting player 3 freeze to 2875
[2022-12-15 13:45:45] [SEVERE ] setting player 1 freeze to 1889
[2022-12-15 13:45:45] [SEVERE ] setting player 1 freeze to 1873
[2022-12-15 13:45:45] [SEVERE ] setting player 3 freeze to 2859
[2022-12-15 13:45:45] [SEVERE ] setting player 3 freeze to 2843
[2022-12-15 13:45:45] [SEVERE ] setting player 1 freeze to 1857
[2022-12-15 13:45:45] [SEVERE ] setting player 3 freeze to 2827
[2022-12-15 13:45:45] [SEVERE ] setting player 1 freeze to 1841
[2022-12-15 13:45:45] [SEVERE ] setting player 3 freeze to 2811
[2022-12-15 13:45:45] [SEVERE ] setting player 1 freeze to 1825
[2022-12-15 13:45:45] [SEVERE ] setting player 3 freeze to 2795
[2022-12-15 13:45:45] [SEVERE ] setting player 1 freeze to 1809
[2022-12-15 13:45:45] [SEVERE ] setting player 3 freeze to 2779
[2022-12-15 13:45:45] [SEVERE ] setting player 1 freeze to 1793
[2022-12-15 13:45:45] [SEVERE ] setting player 3 freeze to 2763
[2022-12-15 13:45:45] [SEVERE ] setting player 1 freeze to 1777
[2022-12-15 13:45:45] [SEVERE ] setting player 1 freeze to 1762
[2022-12-15 13:45:45] [SEVERE ] setting player 3 freeze to 2748
[2022-12-15 13:45:45] [SEVERE ] setting player 3 freeze to 2733
[2022-12-15 13:45:45] [SEVERE ] setting player 1 freeze to 1747
[2022-12-15 13:45:45] [SEVERE ] setting player 1 freeze to 1731
[2022-12-15 13:45:45] [SEVERE ] setting player 3 freeze to 2717
[2022-12-15 13:45:45] [SEVERE ] setting player 3 freeze to 2701
[2022-12-15 13:45:45] [SEVERE ] setting player 1 freeze to 1715
[2022-12-15 13:45:45] [SEVERE ] setting player 3 freeze to 2685
[2022-12-15 13:45:45] [SEVERE ] setting player 1 freeze to 1699
[2022-12-15 13:45:45] [SEVERE ] setting player 1 freeze to 1683
[2022-12-15 13:45:45] [SEVERE ] setting player 3 freeze to 2669
[2022-12-15 13:45:45] [SEVERE ] setting player 3 freeze to 2653
[2022-12-15 13:45:45] [SEVERE ] setting player 1 freeze to 1667
[2022-12-15 13:45:45] [SEVERE ] setting player 3 freeze to 2637
[2022-12-15 13:45:45] [SEVERE ] setting player 1 freeze to 1651
[2022-12-15 13:45:45] [SEVERE ] setting player 3 freeze to 2621
[2022-12-15 13:45:45] [SEVERE ] setting player 1 freeze to 1635
[2022-12-15 13:45:45] [SEVERE ] setting player 3 freeze to 2605
[2022-12-15 13:45:45] [SEVERE ] setting player 1 freeze to 1619
[2022-12-15 13:45:45] [SEVERE ] setting player 3 freeze to 2589
[2022-12-15 13:45:45] [SEVERE ] setting player 1 freeze to 1603
[2022-12-15 13:45:45] [SEVERE ] setting player 1 freeze to 1588
[2022-12-15 13:45:45] [SEVERE ] setting player 3 freeze to 2574
[2022-12-15 13:45:45] [SEVERE ] setting player 3 freeze to 2558
[2022-12-15 13:45:45] [SEVERE ] setting player 1 freeze to 1572
[2022-12-15 13:45:45] [SEVERE ] setting player 1 freeze to 1556
[2022-12-15 13:45:45] [SEVERE ] setting player 3 freeze to 2542
[2022-12-15 13:45:45] [SEVERE ] setting player 1 freeze to 1541
[2022-12-15 13:45:45] [SEVERE ] setting player 3 freeze to 2527
[2022-12-15 13:45:45] [SEVERE ] setting player 3 freeze to 2512
[2022-12-15 13:45:45] [SEVERE ] setting player 1 freeze to 1526
[2022-12-15 13:45:45] [SEVERE ] setting player 1 freeze to 1510
[2022-12-15 13:45:45] [SEVERE ] setting player 3 freeze to 2496
[2022-12-15 13:45:45] [SEVERE ] setting player 3 freeze to 2481
[2022-12-15 13:45:45] [SEVERE ] setting player 1 freeze to 1495
[2022-12-15 13:45:45] [SEVERE ] setting player 1 freeze to 1480
[2022-12-15 13:45:45] [SEVERE ] setting player 3 freeze to 2466
[2022-12-15 13:45:45] [SEVERE ] setting player 3 freeze to 2451
[2022-12-15 13:45:45] [SEVERE ] setting player 1 freeze to 1465
[2022-12-15 13:45:45] [SEVERE ] setting player 1 freeze to 1449
[2022-12-15 13:45:45] [SEVERE ] setting player 3 freeze to 2435
[2022-12-15 13:45:45] [SEVERE ] setting player 1 freeze to 1433
[2022-12-15 13:45:45] [SEVERE ] setting player 3 freeze to 2419
[2022-12-15 13:45:45] [SEVERE ] setting player 1 freeze to 1417
[2022-12-15 13:45:45] [SEVERE ] setting player 3 freeze to 2403
[2022-12-15 13:45:45] [SEVERE ] setting player 3 freeze to 2387
[2022-12-15 13:45:45] [SEVERE ] setting player 1 freeze to 1401
[2022-12-15 13:45:45] [SEVERE ] setting player 3 freeze to 2371
[2022-12-15 13:45:45] [SEVERE ] setting player 1 freeze to 1385
[2022-12-15 13:45:45] [SEVERE ] setting player 1 freeze to 1369
[2022-12-15 13:45:45] [SEVERE ] setting player 3 freeze to 2355
[2022-12-15 13:45:45] [SEVERE ] setting player 3 freeze to 2339
[2022-12-15 13:45:45] [SEVERE ] setting player 1 freeze to 1353
[2022-12-15 13:45:45] [SEVERE ] setting player 1 freeze to 1337
[2022-12-15 13:45:45] [SEVERE ] setting player 3 freeze to 2323
[2022-12-15 13:45:45] [SEVERE ] setting player 1 freeze to 1321
[2022-12-15 13:45:45] [SEVERE ] setting player 3 freeze to 2307
[2022-12-15 13:45:45] [SEVERE ] setting player 3 freeze to 2291
[2022-12-15 13:45:45] [SEVERE ] setting player 1 freeze to 1305
[2022-12-15 13:45:45] [SEVERE ] setting player 3 freeze to 2275
[2022-12-15 13:45:45] [SEVERE ] setting player 1 freeze to 1289
[2022-12-15 13:45:45] [SEVERE ] setting player 1 freeze to 1273
[2022-12-15 13:45:45] [SEVERE ] setting player 3 freeze to 2259
[2022-12-15 13:45:45] [SEVERE ] setting player 3 freeze to 2243
[2022-12-15 13:45:45] [SEVERE ] setting player 1 freeze to 1257
[2022-12-15 13:45:45] [SEVERE ] setting player 1 freeze to 1241
[2022-12-15 13:45:45] [SEVERE ] setting player 3 freeze to 2227
[2022-12-15 13:45:45] [SEVERE ] setting player 1 freeze to 1225
[2022-12-15 13:45:45] [SEVERE ] setting player 3 freeze to 2211
[2022-12-15 13:45:45] [SEVERE ] setting player 1 freeze to 1209
[2022-12-15 13:45:45] [SEVERE ] setting player 3 freeze to 2195
[2022-12-15 13:45:45] [SEVERE ] setting player 1 freeze to 1193
[2022-12-15 13:45:45] [SEVERE ] setting player 3 freeze to 2179
[2022-12-15 13:45:45] [SEVERE ] setting player 1 freeze to 1177
[2022-12-15 13:45:45] [SEVERE ] setting player 3 freeze to 2163
[2022-12-15 13:45:45] [SEVERE ] setting player 3 freeze to 2147
[2022-12-15 13:45:45] [SEVERE ] setting player 1 freeze to 1161
[2022-12-15 13:45:45] [SEVERE ] setting player 1 freeze to 1146
[2022-12-15 13:45:45] [SEVERE ] setting player 3 freeze to 2132
[2022-12-15 13:45:45] [SEVERE ] setting player 1 freeze to 1130
[2022-12-15 13:45:45] [SEVERE ] setting player 3 freeze to 2116
[2022-12-15 13:45:45] [SEVERE ] setting player 1 freeze to 1114
[2022-12-15 13:45:45] [SEVERE ] setting player 3 freeze to 2100
[2022-12-15 13:45:45] [SEVERE ] setting player 1 freeze to 1098
[2022-12-15 13:45:45] [SEVERE ] setting player 3 freeze to 2084
[2022-12-15 13:45:45] [SEVERE ] setting player 1 freeze to 1083
[2022-12-15 13:45:45] [SEVERE ] setting player 3 freeze to 2069
[2022-12-15 13:45:45] [SEVERE ] setting player 3 freeze to 2053
[2022-12-15 13:45:45] [SEVERE ] setting player 1 freeze to 1067
[2022-12-15 13:45:45] [SEVERE ] setting player 3 freeze to 2037
[2022-12-15 13:45:45] [SEVERE ] setting player 1 freeze to 1051
[2022-12-15 13:45:45] [SEVERE ] setting player 3 freeze to 2021
[2022-12-15 13:45:45] [SEVERE ] setting player 1 freeze to 1035
[2022-12-15 13:45:46] [SEVERE ] setting player 1 freeze to 1019
[2022-12-15 13:45:46] [SEVERE ] setting player 3 freeze to 2005
[2022-12-15 13:45:46] [SEVERE ] setting player 1 freeze to 1004
[2022-12-15 13:45:46] [SEVERE ] setting player 3 freeze to 1990
[2022-12-15 13:45:46] [SEVERE ] setting player 3 freeze to 1974
[2022-12-15 13:45:46] [SEVERE ] player 2 placing token on slot 11
[2022-12-15 13:45:46] [SEVERE ] setting player 1 freeze to 988
[2022-12-15 13:45:46] [SEVERE ] removing player 2 token from slot 6
[2022-12-15 13:45:46] [SEVERE ] removing player 2 token from slot 10
[2022-12-15 13:45:46] [SEVERE ] removing player 2 token from slot 11
[2022-12-15 13:45:46] [SEVERE ] setting player 2 freeze to 3000
[2022-12-15 13:45:46] [SEVERE ] setting player 1 freeze to 977
[2022-12-15 13:45:46] [SEVERE ] setting player 3 freeze to 1963
[2022-12-15 13:45:46] [SEVERE ] setting player 2 freeze to 2984
[2022-12-15 13:45:46] [SEVERE ] setting player 2 freeze to 2968
[2022-12-15 13:45:46] [SEVERE ] setting player 1 freeze to 956
[2022-12-15 13:45:46] [SEVERE ] setting player 3 freeze to 1942
[2022-12-15 13:45:46] [SEVERE ] setting player 2 freeze to 2957
[2022-12-15 13:45:46] [SEVERE ] setting player 3 freeze to 1926
[2022-12-15 13:45:46] [SEVERE ] setting player 1 freeze to 940
[2022-12-15 13:45:46] [SEVERE ] setting player 2 freeze to 2936
[2022-12-15 13:45:46] [SEVERE ] setting player 3 freeze to 1910
[2022-12-15 13:45:46] [SEVERE ] setting player 1 freeze to 924
[2022-12-15 13:45:46] [SEVERE ] setting player 2 freeze to 2925
[2022-12-15 13:45:46] [SEVERE ] setting player 3 freeze to 1894
[2022-12-15 13:45:46] [SEVERE ] setting player 1 freeze to 908
[2022-12-15 13:45:46] [SEVERE ] setting player 3 freeze to 1878
[2022-12-15 13:45:46] [SEVERE ] setting player 2 freeze to 2904
[2022-12-15 13:45:46] [SEVERE ] setting player 1 freeze to 892
[2022-12-15 13:45:46] [SEVERE ] setting player 3 freeze to 1867
[2022-12-15 13:45:46] [SEVERE ] setting player 2 freeze to 2888
[2022-12-15 13:45:46] [SEVERE ] setting player 1 freeze to 876
[2022-12-15 13:45:46] [SEVERE ] setting player 2 freeze to 2872
[2022-12-15 13:45:46] [SEVERE ] setting player 3 freeze to 1846
[2022-12-15 13:45:46] [SEVERE ] setting player 1 freeze to 860
[2022-12-15 13:45:46] [SEVERE ] setting player 2 freeze to 2861
[2022-12-15 13:45:46] [SEVERE ] setting player 1 freeze to 844
[2022-12-15 13:45:46] [SEVERE ] setting player 3 freeze to 1830
[2022-12-15 13:45:46] [SEVERE ] setting player 3 freeze to 1814
[2022-12-15 13:45:46] [SEVERE ] setting player 2 freeze to 2840
[2022-12-15 13:45:46] [SEVERE ] setting player 1 freeze to 828
[2022-12-15 13:45:46] [SEVERE ] setting player 3 freeze to 1803
[2022-12-15 13:45:46] [SEVERE ] setting player 2 freeze to 2824
[2022-12-15 13:45:46] [SEVERE ] setting player 1 freeze to 812
[2022-12-15 13:45:46] [SEVERE ] setting player 3 freeze to 1782
[2022-12-15 13:45:46] [SEVERE ] setting player 1 freeze to 796
[2022-12-15 13:45:46] [SEVERE ] setting player 2 freeze to 2808
[2022-12-15 13:45:46] [SEVERE ] setting player 3 freeze to 1770
[2022-12-15 13:45:46] [SEVERE ] setting player 2 freeze to 2792
[2022-12-15 13:45:46] [SEVERE ] setting player 1 freeze to 780
[2022-12-15 13:45:46] [SEVERE ] setting player 3 freeze to 1751
[2022-12-15 13:45:46] [SEVERE ] setting player 1 freeze to 765
[2022-12-15 13:45:46] [SEVERE ] setting player 2 freeze to 2777
[2022-12-15 13:45:46] [SEVERE ] setting player 3 freeze to 1740
[2022-12-15 13:45:46] [SEVERE ] setting player 2 freeze to 2761
[2022-12-15 13:45:46] [SEVERE ] setting player 1 freeze to 749
[2022-12-15 13:45:46] [SEVERE ] setting player 2 freeze to 2745
[2022-12-15 13:45:46] [SEVERE ] setting player 1 freeze to 733
[2022-12-15 13:45:46] [SEVERE ] setting player 3 freeze to 1719
[2022-12-15 13:45:46] [SEVERE ] setting player 2 freeze to 2734
[2022-12-15 13:45:46] [SEVERE ] setting player 3 freeze to 1703
[2022-12-15 13:45:46] [SEVERE ] setting player 1 freeze to 717
[2022-12-15 13:45:46] [SEVERE ] setting player 3 freeze to 1687
[2022-12-15 13:45:46] [SEVERE ] setting player 1 freeze to 701
[2022-12-15 13:45:46] [SEVERE ] setting player 2 freeze to 2713
[2022-12-15 13:45:46] [SEVERE ] setting player 3 freeze to 1676
[2022-12-15 13:45:46] [SEVERE ] setting player 1 freeze to 672
[2022-12-15 13:45:46] [SEVERE ] setting player 2 freeze to 2684
[2022-12-15 13:45:46] [SEVERE ] setting player 3 freeze to 1655
[2022-12-15 13:45:46] [SEVERE ] setting player 3 freeze to 1639
[2022-12-15 13:45:46] [SEVERE ] setting player 1 freeze to 653
[2022-12-15 13:45:46] [SEVERE ] setting player 2 freeze to 2665
[2022-12-15 13:45:46] [SEVERE ] setting player 3 freeze to 1628
[2022-12-15 13:45:46] [SEVERE ] setting player 2 freeze to 2649
[2022-12-15 13:45:46] [SEVERE ] setting player 1 freeze to 637
[2022-12-15 13:45:46] [SEVERE ] setting player 2 freeze to 2633
[2022-12-15 13:45:46] [SEVERE ] setting player 3 freeze to 1607
[2022-12-15 13:45:46] [SEVERE ] setting player 1 freeze to 621
[2022-12-15 13:45:46] [SEVERE ] setting player 2 freeze to 2622
[2022-12-15 13:45:46] [SEVERE ] setting player 3 freeze to 1591
[2022-12-15 13:45:46] [SEVERE ] setting player 1 freeze to 605
[2022-12-15 13:45:46] [SEVERE ] setting player 1 freeze to 589
[2022-12-15 13:45:46] [SEVERE ] setting player 3 freeze to 1575
[2022-12-15 13:45:46] [SEVERE ] setting player 2 freeze to 2601
[2022-12-15 13:45:46] [SEVERE ] setting player 1 freeze to 578
[2022-12-15 13:45:46] [SEVERE ] setting player 3 freeze to 1559
[2022-12-15 13:45:46] [SEVERE ] setting player 2 freeze to 2585
[2022-12-15 13:45:46] [SEVERE ] setting player 1 freeze to 557
[2022-12-15 13:45:46] [SEVERE ] setting player 3 freeze to 1543
[2022-12-15 13:45:46] [SEVERE ] setting player 2 freeze to 2569
[2022-12-15 13:45:46] [SEVERE ] setting player 1 freeze to 546
[2022-12-15 13:45:46] [SEVERE ] setting player 3 freeze to 1527
[2022-12-15 13:45:46] [SEVERE ] setting player 2 freeze to 2553
[2022-12-15 13:45:46] [SEVERE ] setting player 2 freeze to 2537
[2022-12-15 13:45:46] [SEVERE ] setting player 1 freeze to 525
[2022-12-15 13:45:46] [SEVERE ] setting player 3 freeze to 1511
[2022-12-15 13:45:46] [SEVERE ] setting player 2 freeze to 2526
[2022-12-15 13:45:46] [SEVERE ] setting player 1 freeze to 509
[2022-12-15 13:45:46] [SEVERE ] setting player 3 freeze to 1495
[2022-12-15 13:45:46] [SEVERE ] setting player 1 freeze to 493
[2022-12-15 13:45:46] [SEVERE ] setting player 2 freeze to 2505
[2022-12-15 13:45:46] [SEVERE ] setting player 3 freeze to 1479
[2022-12-15 13:45:46] [SEVERE ] setting player 1 freeze to 482
[2022-12-15 13:45:46] [SEVERE ] setting player 3 freeze to 1463
[2022-12-15 13:45:46] [SEVERE ] setting player 2 freeze to 2489
[2022-12-15 13:45:46] [SEVERE ] setting player 2 freeze to 2473
[2022-12-15 13:45:46] [SEVERE ] setting player 3 freeze to 1447
[2022-12-15 13:45:46] [SEVERE ] setting player 1 freeze to 461
[2022-12-15 13:45:46] [SEVERE ] setting player 2 freeze to 2462
[2022-12-15 13:45:46] [SEVERE ] setting player 3 freeze to 1431
[2022-12-15 13:45:46] [SEVERE ] setting player 1 freeze to 445
[2022-12-15 13:45:46] [SEVERE ] setting player 1 freeze to 429
[2022-12-15 13:45:46] [SEVERE ] setting player 2 freeze to 2441
[2022-12-15 13:45:46] [SEVERE ] setting player 3 freeze to 1415
[2022-12-15 13:45:46] [SEVERE ] setting player 1 freeze to 418
[2022-12-15 13:45:46] [SEVERE ] setting player 3 freeze to 1399
[2022-12-15 13:45:46] [SEVERE ] setting player 2 freeze to 2425
[2022-12-15 13:45:46] [SEVERE ] setting player 2 freeze to 2411
[2022-12-15 13:45:46] [SEVERE ] setting player 3 freeze to 1385
[2022-12-15 13:45:46] [SEVERE ] setting player 1 freeze to 399
[2022-12-15 13:45:46] [SEVERE ] setting player 2 freeze to 2400
[2022-12-15 13:45:46] [SEVERE ] setting player 1 freeze to 383
[2022-12-15 13:45:46] [SEVERE ] setting player 3 freeze to 1369
[2022-12-15 13:45:46] [SEVERE ] setting player 3 freeze to 1354
[2022-12-15 13:45:46] [SEVERE ] setting player 2 freeze to 2380
[2022-12-15 13:45:46] [SEVERE ] setting player 1 freeze to 368
[2022-12-15 13:45:46] [SEVERE ] setting player 3 freeze to 1343
[2022-12-15 13:45:46] [SEVERE ] setting player 2 freeze to 2364
[2022-12-15 13:45:46] [SEVERE ] setting player 1 freeze to 352
[2022-12-15 13:45:46] [SEVERE ] setting player 2 freeze to 2348
[2022-12-15 13:45:46] [SEVERE ] setting player 3 freeze to 1322
[2022-12-15 13:45:46] [SEVERE ] setting player 1 freeze to 336
[2022-12-15 13:45:46] [SEVERE ] setting player 2 freeze to 2337
[2022-12-15 13:45:46] [SEVERE ] setting player 3 freeze to 1306
[2022-12-15 13:45:46] [SEVERE ] setting player 1 freeze to 320
[2022-12-15 13:45:46] [SEVERE ] setting player 1 freeze to 304
[2022-12-15 13:45:46] [SEVERE ] setting player 2 freeze to 2316
[2022-12-15 13:45:46] [SEVERE ] setting player 3 freeze to 1290
[2022-12-15 13:45:46] [SEVERE ] setting player 1 freeze to 293
[2022-12-15 13:45:46] [SEVERE ] setting player 3 freeze to 1274
[2022-12-15 13:45:46] [SEVERE ] setting player 2 freeze to 2300
[2022-12-15 13:45:46] [SEVERE ] setting player 2 freeze to 2284
[2022-12-15 13:45:46] [SEVERE ] setting player 1 freeze to 272
[2022-12-15 13:45:46] [SEVERE ] setting player 3 freeze to 1258
[2022-12-15 13:45:46] [SEVERE ] setting player 2 freeze to 2273
[2022-12-15 13:45:46] [SEVERE ] setting player 3 freeze to 1242
[2022-12-15 13:45:46] [SEVERE ] setting player 1 freeze to 256
[2022-12-15 13:45:46] [SEVERE ] setting player 1 freeze to 240
[2022-12-15 13:45:46] [SEVERE ] setting player 2 freeze to 2252
[2022-12-15 13:45:46] [SEVERE ] setting player 3 freeze to 1226
[2022-12-15 13:45:46] [SEVERE ] setting player 1 freeze to 229
[2022-12-15 13:45:46] [SEVERE ] setting player 3 freeze to 1210
[2022-12-15 13:45:46] [SEVERE ] setting player 2 freeze to 2236
[2022-12-15 13:45:46] [SEVERE ] setting player 3 freeze to 1195
[2022-12-15 13:45:46] [SEVERE ] setting player 1 freeze to 209
[2022-12-15 13:45:46] [SEVERE ] setting player 2 freeze to 2221
[2022-12-15 13:45:46] [SEVERE ] setting player 3 freeze to 1183
[2022-12-15 13:45:46] [SEVERE ] setting player 2 freeze to 2205
[2022-12-15 13:45:46] [SEVERE ] setting player 1 freeze to 193
[2022-12-15 13:45:46] [SEVERE ] setting player 3 freeze to 1164
[2022-12-15 13:45:46] [SEVERE ] setting player 2 freeze to 2190
[2022-12-15 13:45:46] [SEVERE ] setting player 1 freeze to 178
[2022-12-15 13:45:46] [SEVERE ] setting player 3 freeze to 1153
[2022-12-15 13:45:46] [SEVERE ] setting player 1 freeze to 162
[2022-12-15 13:45:46] [SEVERE ] setting player 2 freeze to 2174
[2022-12-15 13:45:46] [SEVERE ] setting player 1 freeze to 146
[2022-12-15 13:45:46] [SEVERE ] setting player 3 freeze to 1132
[2022-12-15 13:45:46] [SEVERE ] setting player 2 freeze to 2158
[2022-12-15 13:45:46] [SEVERE ] setting player 1 freeze to 135
[2022-12-15 13:45:46] [SEVERE ] setting player 2 freeze to 2142
[2022-12-15 13:45:46] [SEVERE ] setting player 3 freeze to 1116
[2022-12-15 13:45:46] [SEVERE ] setting player 2 freeze to 2126
[2022-12-15 13:45:46] [SEVERE ] setting player 3 freeze to 1100
[2022-12-15 13:45:46] [SEVERE ] setting player 1 freeze to 114
[2022-12-15 13:45:46] [SEVERE ] setting player 2 freeze to 2114
[2022-12-15 13:45:46] [SEVERE ] setting player 1 freeze to 99
[2022-12-15 13:45:46] [SEVERE ] setting player 3 freeze to 1085
[2022-12-15 13:45:46] [SEVERE ] setting player 1 freeze to 88
[2022-12-15 13:45:46] [SEVERE ] setting player 3 freeze to 1069
[2022-12-15 13:45:46] [SEVERE ] setting player 2 freeze to 2095
[2022-12-15 13:45:46] [SEVERE ] setting player 1 freeze to 67
[2022-12-15 13:45:46] [SEVERE ] setting player 2 freeze to 2079
[2022-12-15 13:45:46] [SEVERE ] setting player 3 freeze to 1053
[2022-12-15 13:45:46] [SEVERE ] setting player 1 freeze to 56
[2022-12-15 13:45:46] [SEVERE ] setting player 3 freeze to 1037
[2022-12-15 13:45:46] [SEVERE ] setting player 2 freeze to 2063
[2022-12-15 13:45:46] [SEVERE ] setting player 2 freeze to 2047
[2022-12-15 13:45:46] [SEVERE ] setting player 3 freeze to 1021
[2022-12-15 13:45:46] [SEVERE ] setting player 1 freeze to 35
[2022-12-15 13:45:47] [SEVERE ] setting player 2 freeze to 2037
[2022-12-15 13:45:47] [SEVERE ] setting player 1 freeze to 20
[2022-12-15 13:45:47] [SEVERE ] setting player 3 freeze to 1006
[2022-12-15 13:45:47] [SEVERE ] setting player 3 freeze to 990
[2022-12-15 13:45:47] [SEVERE ] setting player 2 freeze to 2016
[2022-12-15 13:45:47] [SEVERE ] setting player 1 freeze to 4
[2022-12-15 13:45:47] [SEVERE ] setting player 1 freeze to 0
[2022-12-15 13:45:47] [SEVERE ] setting player 2 freeze to 2000
[2022-12-15 13:45:47] [SEVERE ] setting player 3 freeze to 974
[2022-12-15 13:45:47] [SEVERE ] player 1 placing token on slot 10
[2022-12-15 13:45:47] [SEVERE ] setting player 3 freeze to 958
[2022-12-15 13:45:47] [SEVERE ] setting player 2 freeze to 1984
[2022-12-15 13:45:47] [SEVERE ] setting player 2 freeze to 1968
[2022-12-15 13:45:47] [SEVERE ] setting player 3 freeze to 942
[2022-12-15 13:45:47] [SEVERE ] setting player 2 freeze to 1952
[2022-12-15 13:45:47] [SEVERE ] setting player 3 freeze to 926
[2022-12-15 13:45:47] [SEVERE ] setting player 2 freeze to 1936
[2022-12-15 13:45:47] [SEVERE ] setting player 3 freeze to 910
[2022-12-15 13:45:47] [SEVERE ] setting player 2 freeze to 1920
[2022-12-15 13:45:47] [SEVERE ] setting player 3 freeze to 894
[2022-12-15 13:45:47] [SEVERE ] setting player 3 freeze to 878
[2022-12-15 13:45:47] [SEVERE ] setting player 2 freeze to 1904
[2022-12-15 13:45:47] [SEVERE ] setting player 2 freeze to 1888
[2022-12-15 13:45:47] [SEVERE ] setting player 3 freeze to 862
[2022-12-15 13:45:47] [SEVERE ] setting player 3 freeze to 846
[2022-12-15 13:45:47] [SEVERE ] setting player 2 freeze to 1872
[2022-12-15 13:45:47] [SEVERE ] setting player 3 freeze to 831
[2022-12-15 13:45:47] [SEVERE ] setting player 2 freeze to 1857
[2022-12-15 13:45:47] [SEVERE ] setting player 3 freeze to 815
[2022-12-15 13:45:47] [SEVERE ] setting player 2 freeze to 1841
[2022-12-15 13:45:47] [SEVERE ] setting player 3 freeze to 799
[2022-12-15 13:45:47] [SEVERE ] setting player 2 freeze to 1825
[2022-12-15 13:45:47] [SEVERE ] setting player 3 freeze to 783
[2022-12-15 13:45:47] [SEVERE ] setting player 2 freeze to 1809
[2022-12-15 13:45:47] [SEVERE ] setting player 3 freeze to 767
[2022-12-15 13:45:47] [SEVERE ] setting player 2 freeze to 1793
[2022-12-15 13:45:47] [SEVERE ] setting player 3 freeze to 756
[2022-12-15 13:45:47] [SEVERE ] setting player 2 freeze to 1777
[2022-12-15 13:45:47] [SEVERE ] setting player 3 freeze to 735
[2022-12-15 13:45:47] [SEVERE ] setting player 2 freeze to 1761
[2022-12-15 13:45:47] [SEVERE ] setting player 3 freeze to 719
[2022-12-15 13:45:47] [SEVERE ] setting player 2 freeze to 1745
[2022-12-15 13:45:47] [SEVERE ] setting player 2 freeze to 1729
[2022-12-15 13:45:47] [SEVERE ] setting player 3 freeze to 703
[2022-12-15 13:45:47] [SEVERE ] setting player 2 freeze to 1713
[2022-12-15 13:45:47] [SEVERE ] setting player 3 freeze to 687
[2022-12-15 13:45:47] [SEVERE ] setting player 3 freeze to 672
[2022-12-15 13:45:47] [SEVERE ] setting player 2 freeze to 1698
[2022-12-15 13:45:47] [SEVERE ] setting player 3 freeze to 656
[2022-12-15 13:45:47] [SEVERE ] setting player 2 freeze to 1682
[2022-12-15 13:45:47] [SEVERE ] setting player 2 freeze to 1666
[2022-12-15 13:45:47] [SEVERE ] setting player 3 freeze to 640
[2022-12-15 13:45:47] [SEVERE ] setting player 2 freeze to 1651
[2022-12-15 13:45:47] [SEVERE ] setting player 3 freeze to 625
[2022-12-15 13:45:47] [SEVERE ] setting player 3 freeze to 609
[2022-12-15 13:45:47] [SEVERE ] setting player 2 freeze to 1635
[2022-12-15 13:45:47] [SEVERE ] setting player 3 freeze to 593
[2022-12-15 13:45:47] [SEVERE ] setting player 2 freeze to 1619
[2022-12-15 13:45:47] [SEVERE ] setting player 2 freeze to 1603
[2022-12-15 13:45:47] [SEVERE ] setting player 3 freeze to 577
[2022-12-15 13:45:47] [SEVERE ] setting player 2 freeze to 1587
[2022-12-15 13:45:47] [SEVERE ] setting player 3 freeze to 561
[2022-12-15 13:45:47] [SEVERE ] setting player 3 freeze to 546
[2022-12-15 13:45:47] [SEVERE ] setting player 2 freeze to 1572
[2022-12-15 13:45:47] [SEVERE ] setting player 3 freeze to 530
[2022-12-15 13:45:47] [SEVERE ] setting player 2 freeze to 1556
[2022-12-15 13:45:47] [SEVERE ] setting player 2 freeze to 1540
[2022-12-15 13:45:47] [SEVERE ] setting player 3 freeze to 514
[2022-12-15 13:45:47] [SEVERE ] setting player 2 freeze to 1524
[2022-12-15 13:45:47] [SEVERE ] setting player 3 freeze to 498
[2022-12-15 13:45:47] [SEVERE ] setting player 2 freeze to 1508
[2022-12-15 13:45:47] [SEVERE ] setting player 3 freeze to 482
[2022-12-15 13:45:47] [SEVERE ] setting player 2 freeze to 1492
[2022-12-15 13:45:47] [SEVERE ] setting player 3 freeze to 466
[2022-12-15 13:45:47] [SEVERE ] setting player 3 freeze to 450
[2022-12-15 13:45:47] [SEVERE ] setting player 2 freeze to 1476
[2022-12-15 13:45:47] [SEVERE ] setting player 2 freeze to 1460
[2022-12-15 13:45:47] [SEVERE ] setting player 3 freeze to 434
[2022-12-15 13:45:47] [SEVERE ] setting player 3 freeze to 418
[2022-12-15 13:45:47] [SEVERE ] setting player 2 freeze to 1444
[2022-12-15 13:45:47] [SEVERE ] setting player 3 freeze to 402
[2022-12-15 13:45:47] [SEVERE ] setting player 2 freeze to 1428
[2022-12-15 13:45:47] [SEVERE ] setting player 3 freeze to 387
[2022-12-15 13:45:47] [SEVERE ] setting player 2 freeze to 1413
[2022-12-15 13:45:47] [SEVERE ] Exit button pressed
[2022-12-15 13:45:47] [INFO   ] Thread computer-3 terminated.
[2022-12-15 13:45:47] [INFO   ] Thread computer-1 terminated.
[2022-12-15 13:45:47] [INFO   ] Thread computer-2 terminated.
[2022-12-15 13:45:47] [INFO   ] Thread Player 0 terminated.
[2022-12-15 13:45:47] [INFO   ] Thread Player 1 terminated.
[2022-12-15 13:45:47] [INFO   ] Thread Player 3 terminated.
[2022-12-15 13:45:47] [INFO   ] Thread Player 2 terminated.
[2022-12-15 13:45:47] [SEVERE ] announcing winners: [0, 1, 2, 3]
[2022-12-15 13:45:47] [INFO   ] Thread dealer terminated.
[2022-12-15 13:45:47] [INFO   ] Thread main terminated.
