[2022-12-12 15:22:11] [INFO   ] cannot read configuration file config.properties trying from resources.
[2022-12-12 15:22:11] [INFO   ] configuration file was loaded from resources directory.
[2022-12-12 15:22:12] [INFO   ] Thread dealer starting.
[2022-12-12 15:22:12] [SEVERE ] placing card 80 in slot 0
[2022-12-12 15:22:12] [SEVERE ] placing card 53 in slot 1
[2022-12-12 15:22:12] [SEVERE ] placing card 26 in slot 2
[2022-12-12 15:22:12] [SEVERE ] placing card 7 in slot 3
[2022-12-12 15:22:12] [SEVERE ] placing card 79 in slot 4
[2022-12-12 15:22:12] [SEVERE ] placing card 0 in slot 5
[2022-12-12 15:22:12] [SEVERE ] placing card 69 in slot 6
[2022-12-12 15:22:12] [SEVERE ] placing card 74 in slot 7
[2022-12-12 15:22:13] [SEVERE ] placing card 1 in slot 8
[2022-12-12 15:22:13] [SEVERE ] placing card 11 in slot 9
[2022-12-12 15:22:13] [SEVERE ] placing card 51 in slot 10
[2022-12-12 15:22:13] [SEVERE ] placing card 39 in slot 11
[2022-12-12 15:22:13] [SEVERE ] Key 81 was pressed by player 0
[2022-12-12 15:22:13] [SEVERE ] player 0 placing token on slot 0
[2022-12-12 15:22:13] [SEVERE ] Key 87 was pressed by player 0
[2022-12-12 15:22:13] [SEVERE ] player 0 placing token on slot 1
[2022-12-12 15:22:13] [SEVERE ] Key 69 was pressed by player 0
[2022-12-12 15:22:13] [SEVERE ] player 0 placing token on slot 2
[2022-12-12 15:22:13] [SEVERE ] setting player 0 score to 1
[2022-12-12 15:22:13] [SEVERE ] removing player 0 token from slot 0
[2022-12-12 15:22:13] [SEVERE ] removing player 0 token from slot 1
[2022-12-12 15:22:13] [SEVERE ] removing player 0 token from slot 2
[2022-12-12 15:22:21] [SEVERE ] Key 65 was pressed by player 0
[2022-12-12 15:22:21] [SEVERE ] player 0 placing token on slot 4
[2022-12-12 15:22:21] [SEVERE ] Key 68 was pressed by player 0
[2022-12-12 15:22:21] [SEVERE ] player 0 placing token on slot 6
[2022-12-12 15:22:22] [SEVERE ] Key 83 was pressed by player 0
[2022-12-12 15:22:22] [SEVERE ] player 0 placing token on slot 5
[2022-12-12 15:22:22] [SEVERE ] setting player 0 freeze to 1000
[2022-12-12 15:22:23] [SEVERE ] removing player 0 token from slot 4
[2022-12-12 15:22:23] [SEVERE ] removing player 0 token from slot 6
[2022-12-12 15:22:23] [SEVERE ] removing player 0 token from slot 5
[2022-12-12 15:22:28] [SEVERE ] removing card from slot 0
[2022-12-12 15:22:28] [SEVERE ] removing card from slot 1
[2022-12-12 15:22:28] [SEVERE ] removing card from slot 2
[2022-12-12 15:22:28] [SEVERE ] removing card from slot 3
[2022-12-12 15:22:28] [SEVERE ] removing card from slot 4
[2022-12-12 15:22:28] [SEVERE ] removing card from slot 5
[2022-12-12 15:22:29] [SEVERE ] removing card from slot 6
[2022-12-12 15:22:29] [SEVERE ] removing card from slot 7
[2022-12-12 15:22:29] [SEVERE ] removing card from slot 8
[2022-12-12 15:22:29] [SEVERE ] removing card from slot 9
[2022-12-12 15:22:29] [SEVERE ] removing card from slot 10
[2022-12-12 15:22:29] [SEVERE ] removing card from slot 11
[2022-12-12 15:22:29] [SEVERE ] placing card 33 in slot 0
[2022-12-12 15:22:29] [SEVERE ] placing card 44 in slot 1
[2022-12-12 15:22:29] [SEVERE ] placing card 13 in slot 2
[2022-12-12 15:22:29] [SEVERE ] placing card 50 in slot 3
[2022-12-12 15:22:30] [SEVERE ] placing card 58 in slot 4
[2022-12-12 15:22:30] [SEVERE ] placing card 64 in slot 5
[2022-12-12 15:22:30] [SEVERE ] placing card 78 in slot 6
[2022-12-12 15:22:30] [SEVERE ] placing card 29 in slot 7
[2022-12-12 15:22:30] [SEVERE ] placing card 70 in slot 8
[2022-12-12 15:22:30] [SEVERE ] placing card 18 in slot 9
[2022-12-12 15:22:30] [SEVERE ] placing card 51 in slot 10
[2022-12-12 15:22:30] [SEVERE ] placing card 72 in slot 11
[2022-12-12 15:22:45] [SEVERE ] removing card from slot 0
[2022-12-12 15:22:45] [SEVERE ] removing card from slot 1
[2022-12-12 15:22:46] [SEVERE ] removing card from slot 2
[2022-12-12 15:22:46] [SEVERE ] removing card from slot 3
[2022-12-12 15:22:46] [SEVERE ] removing card from slot 4
[2022-12-12 15:22:46] [SEVERE ] removing card from slot 5
[2022-12-12 15:22:46] [SEVERE ] removing card from slot 6
[2022-12-12 15:22:46] [SEVERE ] removing card from slot 7
[2022-12-12 15:22:46] [SEVERE ] removing card from slot 8
[2022-12-12 15:22:46] [SEVERE ] removing card from slot 9
[2022-12-12 15:22:46] [SEVERE ] removing card from slot 10
[2022-12-12 15:22:46] [SEVERE ] removing card from slot 11
[2022-12-12 15:22:47] [SEVERE ] placing card 11 in slot 0
[2022-12-12 15:22:47] [SEVERE ] placing card 58 in slot 1
[2022-12-12 15:22:47] [SEVERE ] placing card 51 in slot 2
[2022-12-12 15:22:47] [SEVERE ] placing card 66 in slot 3
[2022-12-12 15:22:47] [SEVERE ] placing card 59 in slot 4
[2022-12-12 15:22:47] [SEVERE ] placing card 79 in slot 5
[2022-12-12 15:22:47] [SEVERE ] placing card 9 in slot 6
[2022-12-12 15:22:47] [SEVERE ] placing card 29 in slot 7
[2022-12-12 15:22:47] [SEVERE ] placing card 22 in slot 8
[2022-12-12 15:22:48] [SEVERE ] placing card 31 in slot 9
[2022-12-12 15:22:48] [SEVERE ] placing card 4 in slot 10
[2022-12-12 15:22:48] [SEVERE ] placing card 23 in slot 11
