[2022-12-12 18:19:43] [INFO   ] cannot read configuration file config.properties trying from resources.
[2022-12-12 18:19:43] [INFO   ] configuration file was loaded from resources directory.
[2022-12-12 18:19:43] [INFO   ] Thread dealer starting.
[2022-12-12 18:19:43] [INFO   ] Thread Player 0starting.
[2022-12-12 18:19:43] [INFO   ] Thread Player 1starting.
[2022-12-12 18:19:43] [SEVERE ] placing card 60 in slot 0
[2022-12-12 18:19:43] [SEVERE ] placing card 44 in slot 1
[2022-12-12 18:19:44] [SEVERE ] placing card 56 in slot 2
[2022-12-12 18:19:44] [SEVERE ] placing card 79 in slot 3
[2022-12-12 18:19:44] [SEVERE ] placing card 31 in slot 4
[2022-12-12 18:19:44] [SEVERE ] placing card 70 in slot 5
[2022-12-12 18:19:44] [SEVERE ] placing card 3 in slot 6
[2022-12-12 18:19:44] [SEVERE ] placing card 34 in slot 7
[2022-12-12 18:19:44] [SEVERE ] placing card 49 in slot 8
[2022-12-12 18:19:44] [SEVERE ] placing card 24 in slot 9
[2022-12-12 18:19:44] [SEVERE ] placing card 13 in slot 10
[2022-12-12 18:19:44] [SEVERE ] placing card 37 in slot 11
[2022-12-12 18:19:46] [SEVERE ] Key 81 was pressed by player 0
[2022-12-12 18:19:46] [SEVERE ] player 0 placing token on slot 0
[2022-12-12 18:19:46] [SEVERE ] Key 87 was pressed by player 0
[2022-12-12 18:19:46] [SEVERE ] player 0 placing token on slot 1
[2022-12-12 18:19:46] [SEVERE ] Key 69 was pressed by player 0
[2022-12-12 18:19:46] [SEVERE ] player 0 placing token on slot 2
[2022-12-12 18:19:46] [SEVERE ] setting player 0 freeze to 1000
[2022-12-12 18:19:46] [SEVERE ] removing player 0 token from slot 0
[2022-12-12 18:19:46] [SEVERE ] removing player 0 token from slot 1
[2022-12-12 18:19:46] [SEVERE ] removing player 0 token from slot 2
[2022-12-12 18:19:47] [SEVERE ] Key 81 was pressed by player 0
[2022-12-12 18:19:47] [SEVERE ] player 0 placing token on slot 0
[2022-12-12 18:19:47] [SEVERE ] Key 87 was pressed by player 0
[2022-12-12 18:19:47] [SEVERE ] player 0 placing token on slot 1
[2022-12-12 18:19:47] [SEVERE ] Key 69 was pressed by player 0
[2022-12-12 18:19:47] [SEVERE ] player 0 placing token on slot 2
[2022-12-12 18:19:47] [SEVERE ] setting player 0 freeze to 1000
[2022-12-12 18:19:47] [SEVERE ] removing player 0 token from slot 0
[2022-12-12 18:19:47] [SEVERE ] removing player 0 token from slot 1
[2022-12-12 18:19:47] [SEVERE ] removing player 0 token from slot 2
[2022-12-12 18:19:48] [SEVERE ] Key 81 was pressed by player 0
[2022-12-12 18:19:48] [SEVERE ] player 0 placing token on slot 0
[2022-12-12 18:19:48] [SEVERE ] Key 87 was pressed by player 0
[2022-12-12 18:19:48] [SEVERE ] player 0 placing token on slot 1
[2022-12-12 18:19:48] [SEVERE ] Key 69 was pressed by player 0
[2022-12-12 18:19:48] [SEVERE ] player 0 placing token on slot 2
[2022-12-12 18:19:48] [SEVERE ] setting player 0 freeze to 1000
[2022-12-12 18:19:48] [SEVERE ] removing player 0 token from slot 0
[2022-12-12 18:19:48] [SEVERE ] removing player 0 token from slot 1
[2022-12-12 18:19:48] [SEVERE ] removing player 0 token from slot 2
[2022-12-12 18:19:49] [SEVERE ] Key 81 was pressed by player 0
[2022-12-12 18:19:49] [SEVERE ] player 0 placing token on slot 0
[2022-12-12 18:19:49] [SEVERE ] Key 87 was pressed by player 0
[2022-12-12 18:19:49] [SEVERE ] player 0 placing token on slot 1
[2022-12-12 18:19:49] [SEVERE ] Key 69 was pressed by player 0
[2022-12-12 18:19:49] [SEVERE ] player 0 placing token on slot 2
[2022-12-12 18:19:49] [SEVERE ] setting player 0 freeze to 1000
[2022-12-12 18:19:49] [SEVERE ] removing player 0 token from slot 0
[2022-12-12 18:19:49] [SEVERE ] removing player 0 token from slot 1
[2022-12-12 18:19:49] [SEVERE ] removing player 0 token from slot 2
[2022-12-12 18:19:49] [SEVERE ] Key 81 was pressed by player 0
[2022-12-12 18:19:49] [SEVERE ] player 0 placing token on slot 0
[2022-12-12 18:19:49] [SEVERE ] Key 87 was pressed by player 0
[2022-12-12 18:19:49] [SEVERE ] player 0 placing token on slot 1
[2022-12-12 18:19:49] [SEVERE ] Key 69 was pressed by player 0
[2022-12-12 18:19:49] [SEVERE ] player 0 placing token on slot 2
[2022-12-12 18:19:49] [SEVERE ] setting player 0 freeze to 1000
[2022-12-12 18:19:49] [SEVERE ] removing player 0 token from slot 0
[2022-12-12 18:19:49] [SEVERE ] removing player 0 token from slot 1
[2022-12-12 18:19:49] [SEVERE ] removing player 0 token from slot 2
[2022-12-12 18:19:50] [SEVERE ] Key 81 was pressed by player 0
[2022-12-12 18:19:50] [SEVERE ] player 0 placing token on slot 0
[2022-12-12 18:19:50] [SEVERE ] Key 87 was pressed by player 0
[2022-12-12 18:19:50] [SEVERE ] player 0 placing token on slot 1
[2022-12-12 18:19:50] [SEVERE ] Key 69 was pressed by player 0
[2022-12-12 18:19:50] [SEVERE ] player 0 placing token on slot 2
[2022-12-12 18:19:50] [SEVERE ] setting player 0 freeze to 1000
[2022-12-12 18:19:50] [SEVERE ] removing player 0 token from slot 0
[2022-12-12 18:19:50] [SEVERE ] removing player 0 token from slot 1
[2022-12-12 18:19:50] [SEVERE ] removing player 0 token from slot 2
[2022-12-12 18:19:50] [SEVERE ] Key 81 was pressed by player 0
[2022-12-12 18:19:50] [SEVERE ] player 0 placing token on slot 0
[2022-12-12 18:19:50] [SEVERE ] Key 87 was pressed by player 0
[2022-12-12 18:19:50] [SEVERE ] player 0 placing token on slot 1
[2022-12-12 18:19:50] [SEVERE ] Key 69 was pressed by player 0
[2022-12-12 18:19:50] [SEVERE ] player 0 placing token on slot 2
[2022-12-12 18:19:50] [SEVERE ] setting player 0 freeze to 1000
[2022-12-12 18:19:50] [SEVERE ] removing player 0 token from slot 0
[2022-12-12 18:19:50] [SEVERE ] removing player 0 token from slot 1
[2022-12-12 18:19:50] [SEVERE ] removing player 0 token from slot 2
[2022-12-12 18:19:51] [SEVERE ] Key 81 was pressed by player 0
[2022-12-12 18:19:51] [SEVERE ] player 0 placing token on slot 0
[2022-12-12 18:19:51] [SEVERE ] Key 87 was pressed by player 0
[2022-12-12 18:19:51] [SEVERE ] player 0 placing token on slot 1
[2022-12-12 18:19:51] [SEVERE ] Key 69 was pressed by player 0
[2022-12-12 18:19:51] [SEVERE ] player 0 placing token on slot 2
[2022-12-12 18:19:51] [SEVERE ] setting player 0 freeze to 1000
[2022-12-12 18:19:51] [SEVERE ] removing player 0 token from slot 0
[2022-12-12 18:19:51] [SEVERE ] removing player 0 token from slot 1
[2022-12-12 18:19:51] [SEVERE ] removing player 0 token from slot 2
[2022-12-12 18:19:51] [SEVERE ] Key 81 was pressed by player 0
[2022-12-12 18:19:51] [SEVERE ] player 0 placing token on slot 0
[2022-12-12 18:19:51] [SEVERE ] Key 87 was pressed by player 0
[2022-12-12 18:19:51] [SEVERE ] player 0 placing token on slot 1
[2022-12-12 18:19:51] [SEVERE ] Key 69 was pressed by player 0
[2022-12-12 18:19:51] [SEVERE ] player 0 placing token on slot 2
[2022-12-12 18:19:51] [SEVERE ] setting player 0 freeze to 1000
[2022-12-12 18:19:51] [SEVERE ] removing player 0 token from slot 0
[2022-12-12 18:19:51] [SEVERE ] removing player 0 token from slot 1
[2022-12-12 18:19:51] [SEVERE ] removing player 0 token from slot 2
[2022-12-12 18:19:51] [SEVERE ] Key 81 was pressed by player 0
[2022-12-12 18:19:51] [SEVERE ] player 0 placing token on slot 0
[2022-12-12 18:19:51] [SEVERE ] Key 87 was pressed by player 0
[2022-12-12 18:19:51] [SEVERE ] player 0 placing token on slot 1
[2022-12-12 18:19:52] [SEVERE ] Key 69 was pressed by player 0
[2022-12-12 18:19:52] [SEVERE ] player 0 placing token on slot 2
[2022-12-12 18:19:52] [SEVERE ] setting player 0 freeze to 1000
[2022-12-12 18:19:52] [SEVERE ] removing player 0 token from slot 0
[2022-12-12 18:19:52] [SEVERE ] removing player 0 token from slot 1
[2022-12-12 18:19:52] [SEVERE ] removing player 0 token from slot 2
[2022-12-12 18:19:52] [SEVERE ] Key 87 was pressed by player 0
[2022-12-12 18:19:52] [SEVERE ] player 0 placing token on slot 1
[2022-12-12 18:19:52] [SEVERE ] Key 81 was pressed by player 0
[2022-12-12 18:19:52] [SEVERE ] player 0 placing token on slot 0
[2022-12-12 18:19:52] [SEVERE ] Key 69 was pressed by player 0
[2022-12-12 18:19:52] [SEVERE ] player 0 placing token on slot 2
[2022-12-12 18:19:52] [SEVERE ] setting player 0 freeze to 1000
[2022-12-12 18:19:52] [SEVERE ] removing player 0 token from slot 1
[2022-12-12 18:19:52] [SEVERE ] removing player 0 token from slot 0
[2022-12-12 18:19:52] [SEVERE ] removing player 0 token from slot 2
[2022-12-12 18:19:52] [SEVERE ] Key 87 was pressed by player 0
[2022-12-12 18:19:52] [SEVERE ] player 0 placing token on slot 1
[2022-12-12 18:19:52] [SEVERE ] Key 81 was pressed by player 0
[2022-12-12 18:19:52] [SEVERE ] player 0 placing token on slot 0
[2022-12-12 18:19:52] [SEVERE ] Key 69 was pressed by player 0
[2022-12-12 18:19:52] [SEVERE ] player 0 placing token on slot 2
[2022-12-12 18:19:52] [SEVERE ] setting player 0 freeze to 1000
[2022-12-12 18:19:52] [SEVERE ] removing player 0 token from slot 1
[2022-12-12 18:19:52] [SEVERE ] removing player 0 token from slot 0
[2022-12-12 18:19:52] [SEVERE ] removing player 0 token from slot 2
[2022-12-12 18:19:52] [SEVERE ] Key 87 was pressed by player 0
[2022-12-12 18:19:52] [SEVERE ] player 0 placing token on slot 1
[2022-12-12 18:19:52] [SEVERE ] Key 81 was pressed by player 0
[2022-12-12 18:19:52] [SEVERE ] player 0 placing token on slot 0
[2022-12-12 18:19:52] [SEVERE ] Key 69 was pressed by player 0
[2022-12-12 18:19:52] [SEVERE ] player 0 placing token on slot 2
[2022-12-12 18:19:52] [SEVERE ] setting player 0 freeze to 1000
[2022-12-12 18:19:52] [SEVERE ] removing player 0 token from slot 1
[2022-12-12 18:19:52] [SEVERE ] removing player 0 token from slot 0
[2022-12-12 18:19:52] [SEVERE ] removing player 0 token from slot 2
[2022-12-12 18:19:52] [SEVERE ] Key 87 was pressed by player 0
[2022-12-12 18:19:52] [SEVERE ] player 0 placing token on slot 1
[2022-12-12 18:19:53] [SEVERE ] Key 81 was pressed by player 0
[2022-12-12 18:19:53] [SEVERE ] player 0 placing token on slot 0
[2022-12-12 18:19:53] [SEVERE ] Key 69 was pressed by player 0
[2022-12-12 18:19:53] [SEVERE ] player 0 placing token on slot 2
[2022-12-12 18:19:53] [SEVERE ] setting player 0 freeze to 1000
[2022-12-12 18:19:53] [SEVERE ] removing player 0 token from slot 1
[2022-12-12 18:19:53] [SEVERE ] removing player 0 token from slot 0
[2022-12-12 18:19:53] [SEVERE ] removing player 0 token from slot 2
[2022-12-12 18:19:53] [SEVERE ] Key 87 was pressed by player 0
[2022-12-12 18:19:53] [SEVERE ] player 0 placing token on slot 1
[2022-12-12 18:19:53] [SEVERE ] Key 81 was pressed by player 0
[2022-12-12 18:19:53] [SEVERE ] player 0 placing token on slot 0
[2022-12-12 18:19:53] [SEVERE ] Key 69 was pressed by player 0
[2022-12-12 18:19:53] [SEVERE ] player 0 placing token on slot 2
[2022-12-12 18:19:53] [SEVERE ] setting player 0 freeze to 1000
[2022-12-12 18:19:53] [SEVERE ] removing player 0 token from slot 1
[2022-12-12 18:19:53] [SEVERE ] removing player 0 token from slot 0
[2022-12-12 18:19:53] [SEVERE ] removing player 0 token from slot 2
[2022-12-12 18:19:53] [SEVERE ] Key 87 was pressed by player 0
[2022-12-12 18:19:53] [SEVERE ] player 0 placing token on slot 1
[2022-12-12 18:19:53] [SEVERE ] Key 81 was pressed by player 0
[2022-12-12 18:19:53] [SEVERE ] player 0 placing token on slot 0
[2022-12-12 18:19:53] [SEVERE ] Key 69 was pressed by player 0
[2022-12-12 18:19:53] [SEVERE ] player 0 placing token on slot 2
[2022-12-12 18:19:53] [SEVERE ] setting player 0 freeze to 1000
[2022-12-12 18:19:53] [SEVERE ] removing player 0 token from slot 1
[2022-12-12 18:19:53] [SEVERE ] removing player 0 token from slot 0
[2022-12-12 18:19:53] [SEVERE ] removing player 0 token from slot 2
[2022-12-12 18:19:53] [SEVERE ] Key 81 was pressed by player 0
[2022-12-12 18:19:53] [SEVERE ] player 0 placing token on slot 0
[2022-12-12 18:19:53] [SEVERE ] Key 87 was pressed by player 0
[2022-12-12 18:19:53] [SEVERE ] player 0 placing token on slot 1
[2022-12-12 18:19:53] [SEVERE ] Key 69 was pressed by player 0
[2022-12-12 18:19:53] [SEVERE ] player 0 placing token on slot 2
[2022-12-12 18:19:53] [SEVERE ] setting player 0 freeze to 1000
[2022-12-12 18:19:53] [SEVERE ] removing player 0 token from slot 0
[2022-12-12 18:19:53] [SEVERE ] removing player 0 token from slot 1
[2022-12-12 18:19:53] [SEVERE ] removing player 0 token from slot 2
[2022-12-12 18:19:54] [SEVERE ] Key 81 was pressed by player 0
[2022-12-12 18:19:54] [SEVERE ] player 0 placing token on slot 0
[2022-12-12 18:19:54] [SEVERE ] Key 87 was pressed by player 0
[2022-12-12 18:19:54] [SEVERE ] player 0 placing token on slot 1
[2022-12-12 18:19:54] [SEVERE ] Key 69 was pressed by player 0
[2022-12-12 18:19:54] [SEVERE ] player 0 placing token on slot 2
[2022-12-12 18:19:54] [SEVERE ] setting player 0 freeze to 1000
[2022-12-12 18:19:54] [SEVERE ] removing player 0 token from slot 0
[2022-12-12 18:19:54] [SEVERE ] removing player 0 token from slot 1
[2022-12-12 18:19:54] [SEVERE ] removing player 0 token from slot 2
[2022-12-12 18:19:54] [SEVERE ] Key 81 was pressed by player 0
[2022-12-12 18:19:54] [SEVERE ] player 0 placing token on slot 0
[2022-12-12 18:19:54] [SEVERE ] Key 87 was pressed by player 0
[2022-12-12 18:19:54] [SEVERE ] player 0 placing token on slot 1
[2022-12-12 18:19:54] [SEVERE ] Key 69 was pressed by player 0
[2022-12-12 18:19:54] [SEVERE ] player 0 placing token on slot 2
[2022-12-12 18:19:54] [SEVERE ] setting player 0 freeze to 1000
[2022-12-12 18:19:54] [SEVERE ] removing player 0 token from slot 0
[2022-12-12 18:19:54] [SEVERE ] removing player 0 token from slot 1
[2022-12-12 18:19:54] [SEVERE ] removing player 0 token from slot 2
[2022-12-12 18:19:54] [SEVERE ] Key 81 was pressed by player 0
[2022-12-12 18:19:54] [SEVERE ] player 0 placing token on slot 0
[2022-12-12 18:19:54] [SEVERE ] Key 87 was pressed by player 0
[2022-12-12 18:19:54] [SEVERE ] player 0 placing token on slot 1
[2022-12-12 18:19:54] [SEVERE ] Key 69 was pressed by player 0
[2022-12-12 18:19:54] [SEVERE ] player 0 placing token on slot 2
[2022-12-12 18:19:54] [SEVERE ] setting player 0 freeze to 1000
[2022-12-12 18:19:54] [SEVERE ] removing player 0 token from slot 0
[2022-12-12 18:19:54] [SEVERE ] removing player 0 token from slot 1
[2022-12-12 18:19:54] [SEVERE ] removing player 0 token from slot 2
[2022-12-12 18:19:54] [SEVERE ] Key 87 was pressed by player 0
[2022-12-12 18:19:54] [SEVERE ] player 0 placing token on slot 1
[2022-12-12 18:19:54] [SEVERE ] Key 81 was pressed by player 0
[2022-12-12 18:19:54] [SEVERE ] player 0 placing token on slot 0
[2022-12-12 18:19:54] [SEVERE ] Key 69 was pressed by player 0
[2022-12-12 18:19:54] [SEVERE ] player 0 placing token on slot 2
[2022-12-12 18:19:54] [SEVERE ] setting player 0 freeze to 1000
[2022-12-12 18:19:54] [SEVERE ] removing player 0 token from slot 1
[2022-12-12 18:19:54] [SEVERE ] removing player 0 token from slot 0
[2022-12-12 18:19:54] [SEVERE ] removing player 0 token from slot 2
[2022-12-12 18:19:55] [SEVERE ] Key 81 was pressed by player 0
[2022-12-12 18:19:55] [SEVERE ] player 0 placing token on slot 0
[2022-12-12 18:19:55] [SEVERE ] Key 87 was pressed by player 0
[2022-12-12 18:19:55] [SEVERE ] player 0 placing token on slot 1
[2022-12-12 18:19:55] [SEVERE ] Key 69 was pressed by player 0
[2022-12-12 18:19:55] [SEVERE ] player 0 placing token on slot 2
[2022-12-12 18:19:55] [SEVERE ] setting player 0 freeze to 1000
[2022-12-12 18:19:55] [SEVERE ] removing player 0 token from slot 0
[2022-12-12 18:19:55] [SEVERE ] removing player 0 token from slot 1
[2022-12-12 18:19:55] [SEVERE ] removing player 0 token from slot 2
[2022-12-12 18:19:55] [SEVERE ] Key 81 was pressed by player 0
[2022-12-12 18:19:55] [SEVERE ] player 0 placing token on slot 0
[2022-12-12 18:19:55] [SEVERE ] Key 87 was pressed by player 0
[2022-12-12 18:19:55] [SEVERE ] player 0 placing token on slot 1
[2022-12-12 18:19:55] [SEVERE ] Key 69 was pressed by player 0
[2022-12-12 18:19:55] [SEVERE ] player 0 placing token on slot 2
[2022-12-12 18:19:55] [SEVERE ] setting player 0 freeze to 1000
[2022-12-12 18:19:55] [SEVERE ] removing player 0 token from slot 0
[2022-12-12 18:19:55] [SEVERE ] removing player 0 token from slot 1
[2022-12-12 18:19:55] [SEVERE ] removing player 0 token from slot 2
[2022-12-12 18:19:55] [SEVERE ] Key 81 was pressed by player 0
[2022-12-12 18:19:55] [SEVERE ] player 0 placing token on slot 0
[2022-12-12 18:19:55] [SEVERE ] Key 87 was pressed by player 0
[2022-12-12 18:19:55] [SEVERE ] player 0 placing token on slot 1
[2022-12-12 18:19:55] [SEVERE ] Key 69 was pressed by player 0
[2022-12-12 18:19:55] [SEVERE ] player 0 placing token on slot 2
[2022-12-12 18:19:55] [SEVERE ] setting player 0 freeze to 1000
[2022-12-12 18:19:55] [SEVERE ] removing player 0 token from slot 0
[2022-12-12 18:19:55] [SEVERE ] removing player 0 token from slot 1
[2022-12-12 18:19:55] [SEVERE ] removing player 0 token from slot 2
[2022-12-12 18:19:55] [SEVERE ] Key 81 was pressed by player 0
[2022-12-12 18:19:55] [SEVERE ] player 0 placing token on slot 0
[2022-12-12 18:19:55] [SEVERE ] Key 87 was pressed by player 0
[2022-12-12 18:19:55] [SEVERE ] player 0 placing token on slot 1
[2022-12-12 18:19:55] [SEVERE ] Key 69 was pressed by player 0
[2022-12-12 18:19:55] [SEVERE ] player 0 placing token on slot 2
[2022-12-12 18:19:55] [SEVERE ] setting player 0 freeze to 1000
[2022-12-12 18:19:55] [SEVERE ] removing player 0 token from slot 0
[2022-12-12 18:19:55] [SEVERE ] removing player 0 token from slot 1
[2022-12-12 18:19:55] [SEVERE ] removing player 0 token from slot 2
[2022-12-12 18:19:56] [SEVERE ] Key 87 was pressed by player 0
[2022-12-12 18:19:56] [SEVERE ] player 0 placing token on slot 1
[2022-12-12 18:19:56] [SEVERE ] Key 81 was pressed by player 0
[2022-12-12 18:19:56] [SEVERE ] player 0 placing token on slot 0
[2022-12-12 18:19:56] [SEVERE ] Key 69 was pressed by player 0
[2022-12-12 18:19:56] [SEVERE ] player 0 placing token on slot 2
[2022-12-12 18:19:56] [SEVERE ] setting player 0 freeze to 1000
[2022-12-12 18:19:56] [SEVERE ] removing player 0 token from slot 1
[2022-12-12 18:19:56] [SEVERE ] removing player 0 token from slot 0
[2022-12-12 18:19:56] [SEVERE ] removing player 0 token from slot 2
[2022-12-12 18:19:56] [SEVERE ] Key 87 was pressed by player 0
[2022-12-12 18:19:56] [SEVERE ] player 0 placing token on slot 1
[2022-12-12 18:19:56] [SEVERE ] Key 81 was pressed by player 0
[2022-12-12 18:19:56] [SEVERE ] player 0 placing token on slot 0
[2022-12-12 18:19:56] [SEVERE ] Key 69 was pressed by player 0
[2022-12-12 18:19:56] [SEVERE ] player 0 placing token on slot 2
[2022-12-12 18:19:56] [SEVERE ] setting player 0 freeze to 1000
[2022-12-12 18:19:56] [SEVERE ] removing player 0 token from slot 1
[2022-12-12 18:19:56] [SEVERE ] removing player 0 token from slot 0
[2022-12-12 18:19:56] [SEVERE ] removing player 0 token from slot 2
[2022-12-12 18:19:56] [SEVERE ] Key 81 was pressed by player 0
[2022-12-12 18:19:56] [SEVERE ] player 0 placing token on slot 0
[2022-12-12 18:19:56] [SEVERE ] Key 87 was pressed by player 0
[2022-12-12 18:19:56] [SEVERE ] player 0 placing token on slot 1
[2022-12-12 18:19:56] [SEVERE ] Key 69 was pressed by player 0
[2022-12-12 18:19:56] [SEVERE ] player 0 placing token on slot 2
[2022-12-12 18:19:56] [SEVERE ] setting player 0 freeze to 1000
[2022-12-12 18:19:56] [SEVERE ] removing player 0 token from slot 0
[2022-12-12 18:19:56] [SEVERE ] removing player 0 token from slot 1
[2022-12-12 18:19:56] [SEVERE ] removing player 0 token from slot 2
[2022-12-12 18:19:56] [SEVERE ] Key 81 was pressed by player 0
[2022-12-12 18:19:56] [SEVERE ] player 0 placing token on slot 0
[2022-12-12 18:19:56] [SEVERE ] Key 87 was pressed by player 0
[2022-12-12 18:19:56] [SEVERE ] player 0 placing token on slot 1
[2022-12-12 18:19:56] [SEVERE ] Key 69 was pressed by player 0
[2022-12-12 18:19:56] [SEVERE ] player 0 placing token on slot 2
[2022-12-12 18:19:56] [SEVERE ] setting player 0 freeze to 1000
[2022-12-12 18:19:56] [SEVERE ] removing player 0 token from slot 0
[2022-12-12 18:19:56] [SEVERE ] removing player 0 token from slot 1
[2022-12-12 18:19:56] [SEVERE ] removing player 0 token from slot 2
[2022-12-12 18:19:57] [SEVERE ] Key 81 was pressed by player 0
[2022-12-12 18:19:57] [SEVERE ] player 0 placing token on slot 0
[2022-12-12 18:19:57] [SEVERE ] Key 87 was pressed by player 0
[2022-12-12 18:19:57] [SEVERE ] player 0 placing token on slot 1
[2022-12-12 18:19:57] [SEVERE ] Key 69 was pressed by player 0
[2022-12-12 18:19:57] [SEVERE ] player 0 placing token on slot 2
[2022-12-12 18:19:57] [SEVERE ] setting player 0 freeze to 1000
[2022-12-12 18:19:57] [SEVERE ] removing player 0 token from slot 0
[2022-12-12 18:19:57] [SEVERE ] removing player 0 token from slot 1
[2022-12-12 18:19:57] [SEVERE ] removing player 0 token from slot 2
[2022-12-12 18:19:57] [SEVERE ] Key 87 was pressed by player 0
[2022-12-12 18:19:57] [SEVERE ] player 0 placing token on slot 1
[2022-12-12 18:19:57] [SEVERE ] Key 81 was pressed by player 0
[2022-12-12 18:19:57] [SEVERE ] player 0 placing token on slot 0
[2022-12-12 18:19:57] [SEVERE ] Key 69 was pressed by player 0
[2022-12-12 18:19:57] [SEVERE ] player 0 placing token on slot 2
[2022-12-12 18:19:57] [SEVERE ] setting player 0 freeze to 1000
[2022-12-12 18:19:57] [SEVERE ] removing player 0 token from slot 1
[2022-12-12 18:19:57] [SEVERE ] removing player 0 token from slot 0
[2022-12-12 18:19:57] [SEVERE ] removing player 0 token from slot 2
[2022-12-12 18:19:57] [SEVERE ] Key 87 was pressed by player 0
[2022-12-12 18:19:57] [SEVERE ] player 0 placing token on slot 1
[2022-12-12 18:19:57] [SEVERE ] Key 81 was pressed by player 0
[2022-12-12 18:19:57] [SEVERE ] player 0 placing token on slot 0
[2022-12-12 18:19:57] [SEVERE ] Key 69 was pressed by player 0
[2022-12-12 18:19:57] [SEVERE ] player 0 placing token on slot 2
[2022-12-12 18:19:57] [SEVERE ] setting player 0 freeze to 1000
[2022-12-12 18:19:57] [SEVERE ] removing player 0 token from slot 1
[2022-12-12 18:19:57] [SEVERE ] removing player 0 token from slot 0
[2022-12-12 18:19:57] [SEVERE ] removing player 0 token from slot 2
[2022-12-12 18:19:57] [SEVERE ] Key 81 was pressed by player 0
[2022-12-12 18:19:57] [SEVERE ] player 0 placing token on slot 0
[2022-12-12 18:19:57] [SEVERE ] Key 87 was pressed by player 0
[2022-12-12 18:19:57] [SEVERE ] player 0 placing token on slot 1
[2022-12-12 18:19:58] [SEVERE ] Key 69 was pressed by player 0
[2022-12-12 18:19:58] [SEVERE ] player 0 placing token on slot 2
[2022-12-12 18:19:58] [SEVERE ] setting player 0 freeze to 1000
[2022-12-12 18:19:58] [SEVERE ] removing player 0 token from slot 0
[2022-12-12 18:19:58] [SEVERE ] removing player 0 token from slot 1
[2022-12-12 18:19:58] [SEVERE ] removing player 0 token from slot 2
[2022-12-12 18:20:00] [SEVERE ] removing card from slot 0
[2022-12-12 18:20:00] [SEVERE ] removing card from slot 1
[2022-12-12 18:20:00] [SEVERE ] removing card from slot 2
[2022-12-12 18:20:00] [SEVERE ] removing card from slot 3
[2022-12-12 18:20:00] [SEVERE ] removing card from slot 4
[2022-12-12 18:20:00] [SEVERE ] removing card from slot 5
[2022-12-12 18:20:00] [SEVERE ] removing card from slot 6
[2022-12-12 18:20:01] [SEVERE ] removing card from slot 7
[2022-12-12 18:20:01] [SEVERE ] removing card from slot 8
[2022-12-12 18:20:01] [SEVERE ] removing card from slot 9
[2022-12-12 18:20:01] [SEVERE ] removing card from slot 10
[2022-12-12 18:20:01] [SEVERE ] removing card from slot 11
[2022-12-12 18:20:01] [SEVERE ] placing card 49 in slot 0
[2022-12-12 18:20:01] [SEVERE ] placing card 62 in slot 1
[2022-12-12 18:20:01] [SEVERE ] placing card 1 in slot 2
[2022-12-12 18:20:01] [SEVERE ] placing card 35 in slot 3
[2022-12-12 18:20:01] [SEVERE ] placing card 51 in slot 4
[2022-12-12 18:20:02] [SEVERE ] placing card 0 in slot 5
[2022-12-12 18:20:02] [SEVERE ] placing card 40 in slot 6
[2022-12-12 18:20:02] [SEVERE ] placing card 11 in slot 7
[2022-12-12 18:20:02] [SEVERE ] placing card 55 in slot 8
[2022-12-12 18:20:02] [SEVERE ] placing card 66 in slot 9
[2022-12-12 18:20:02] [SEVERE ] placing card 28 in slot 10
[2022-12-12 18:20:02] [SEVERE ] placing card 59 in slot 11
[2022-12-12 18:20:17] [SEVERE ] removing card from slot 0
[2022-12-12 18:20:17] [SEVERE ] removing card from slot 1
[2022-12-12 18:20:17] [SEVERE ] removing card from slot 2
[2022-12-12 18:20:18] [SEVERE ] removing card from slot 3
[2022-12-12 18:20:18] [SEVERE ] removing card from slot 4
[2022-12-12 18:20:18] [SEVERE ] removing card from slot 5
[2022-12-12 18:20:18] [SEVERE ] removing card from slot 6
[2022-12-12 18:20:18] [SEVERE ] removing card from slot 7
[2022-12-12 18:20:18] [SEVERE ] removing card from slot 8
[2022-12-12 18:20:18] [SEVERE ] removing card from slot 9
[2022-12-12 18:20:18] [SEVERE ] removing card from slot 10
[2022-12-12 18:20:18] [SEVERE ] removing card from slot 11
[2022-12-12 18:20:19] [SEVERE ] placing card 12 in slot 0
[2022-12-12 18:20:19] [SEVERE ] placing card 63 in slot 1
[2022-12-12 18:20:19] [SEVERE ] placing card 68 in slot 2
[2022-12-12 18:20:19] [SEVERE ] placing card 51 in slot 3
[2022-12-12 18:20:19] [SEVERE ] placing card 36 in slot 4
[2022-12-12 18:20:19] [SEVERE ] placing card 72 in slot 5
[2022-12-12 18:20:19] [SEVERE ] placing card 25 in slot 6
[2022-12-12 18:20:19] [SEVERE ] placing card 57 in slot 7
[2022-12-12 18:20:19] [SEVERE ] placing card 24 in slot 8
[2022-12-12 18:20:19] [SEVERE ] placing card 28 in slot 9
[2022-12-12 18:20:20] [SEVERE ] placing card 11 in slot 10
[2022-12-12 18:20:20] [SEVERE ] placing card 26 in slot 11
[2022-12-12 18:20:35] [SEVERE ] removing card from slot 0
[2022-12-12 18:20:35] [SEVERE ] removing card from slot 1
[2022-12-12 18:20:35] [SEVERE ] removing card from slot 2
[2022-12-12 18:20:35] [SEVERE ] removing card from slot 3
[2022-12-12 18:20:35] [SEVERE ] removing card from slot 4
[2022-12-12 18:20:35] [SEVERE ] removing card from slot 5
[2022-12-12 18:20:35] [SEVERE ] removing card from slot 6
[2022-12-12 18:20:36] [SEVERE ] removing card from slot 7
[2022-12-12 18:20:36] [SEVERE ] removing card from slot 8
[2022-12-12 18:20:36] [SEVERE ] removing card from slot 9
[2022-12-12 18:20:36] [SEVERE ] removing card from slot 10
[2022-12-12 18:20:36] [SEVERE ] removing card from slot 11
[2022-12-12 18:20:36] [SEVERE ] placing card 32 in slot 0
[2022-12-12 18:20:36] [SEVERE ] placing card 63 in slot 1
[2022-12-12 18:20:36] [SEVERE ] placing card 25 in slot 2
[2022-12-12 18:20:36] [SEVERE ] placing card 1 in slot 3
[2022-12-12 18:20:36] [SEVERE ] placing card 12 in slot 4
[2022-12-12 18:20:37] [SEVERE ] placing card 44 in slot 5
[2022-12-12 18:20:37] [SEVERE ] placing card 37 in slot 6
[2022-12-12 18:20:37] [SEVERE ] placing card 34 in slot 7
[2022-12-12 18:20:37] [SEVERE ] placing card 79 in slot 8
[2022-12-12 18:20:37] [SEVERE ] placing card 71 in slot 9
[2022-12-12 18:20:37] [SEVERE ] placing card 17 in slot 10
[2022-12-12 18:20:37] [SEVERE ] placing card 58 in slot 11
