[2022-12-12 17:36:34] [INFO   ] cannot read configuration file config.properties trying from resources.
[2022-12-12 17:36:34] [INFO   ] configuration file was loaded from resources directory.
[2022-12-12 17:36:34] [INFO   ] Thread dealer starting.
[2022-12-12 17:36:34] [INFO   ] Thread Player 0starting.
[2022-12-12 17:36:34] [INFO   ] Thread Player 1starting.
[2022-12-12 17:36:35] [SEVERE ] placing card 16 in slot 0
[2022-12-12 17:36:35] [SEVERE ] placing card 54 in slot 1
[2022-12-12 17:36:35] [SEVERE ] placing card 61 in slot 2
[2022-12-12 17:36:35] [SEVERE ] placing card 51 in slot 3
[2022-12-12 17:36:35] [SEVERE ] placing card 11 in slot 4
[2022-12-12 17:36:35] [SEVERE ] placing card 50 in slot 5
[2022-12-12 17:36:35] [SEVERE ] placing card 37 in slot 6
[2022-12-12 17:36:35] [SEVERE ] placing card 72 in slot 7
[2022-12-12 17:36:35] [SEVERE ] placing card 49 in slot 8
[2022-12-12 17:36:36] [SEVERE ] placing card 69 in slot 9
[2022-12-12 17:36:36] [SEVERE ] placing card 63 in slot 10
[2022-12-12 17:36:36] [SEVERE ] placing card 20 in slot 11
[2022-12-12 17:36:37] [SEVERE ] Key 81 was pressed by player 0
[2022-12-12 17:36:37] [SEVERE ] player 0 placing token on slot 0
[2022-12-12 17:36:37] [SEVERE ] Key 87 was pressed by player 0
[2022-12-12 17:36:37] [SEVERE ] player 0 placing token on slot 1
[2022-12-12 17:36:37] [SEVERE ] Key 69 was pressed by player 0
[2022-12-12 17:36:37] [SEVERE ] player 0 placing token on slot 2
[2022-12-12 17:36:37] [SEVERE ] setting player 0 freeze to 1000
[2022-12-12 17:36:38] [SEVERE ] removing player 0 token from slot 0
[2022-12-12 17:36:38] [SEVERE ] removing player 0 token from slot 1
[2022-12-12 17:36:38] [SEVERE ] removing player 0 token from slot 2
[2022-12-12 17:36:51] [SEVERE ] removing card from slot 0
[2022-12-12 17:36:51] [SEVERE ] removing card from slot 1
[2022-12-12 17:36:51] [SEVERE ] removing card from slot 2
[2022-12-12 17:36:51] [SEVERE ] removing card from slot 3
