[17:36:21.014] [INFO   ] thread main starting.
[17:36:21.030] [SEVERE ] cannot read configuration file config.properties trying from resources.
[17:36:21.034] [SEVERE ] configuration file was loaded from resources directory.
[17:36:21.908] [INFO   ] thread dealer starting.
[17:36:21.916] [INFO   ] Thread dealer starting.
[17:36:21.921] [INFO   ] Thread Player 1 starting.
[17:36:21.934] [INFO   ] Thread Player 0 starting.
[17:36:21.934] [INFO   ] Thread Player 3 starting.
[17:36:21.935] [INFO   ] Thread Player 2 starting.
[17:36:21.936] [INFO   ] Thread computer-1 starting.
[17:36:21.937] [INFO   ] Thread computer-3 starting.
[17:36:21.939] [INFO   ] Thread computer-2 starting.
[17:36:22.033] [SEVERE ] placing card 27 in slot 11
[17:36:22.144] [SEVERE ] placing card 79 in slot 8
[17:36:22.251] [SEVERE ] placing card 65 in slot 6
[17:36:22.360] [SEVERE ] placing card 69 in slot 9
[17:36:22.469] [SEVERE ] placing card 21 in slot 7
[17:36:22.576] [SEVERE ] placing card 46 in slot 0
[17:36:22.684] [SEVERE ] placing card 42 in slot 3
[17:36:22.794] [SEVERE ] placing card 11 in slot 5
[17:36:22.903] [SEVERE ] placing card 36 in slot 2
[17:36:23.011] [SEVERE ] placing card 20 in slot 1
[17:36:23.122] [SEVERE ] placing card 57 in slot 10
[17:36:23.232] [SEVERE ] placing card 5 in slot 4
[17:36:23.233] [SEVERE ] player 2 placing token on slot 0
[17:36:23.234] [SEVERE ] player 4 placing token on slot 1
[17:36:23.235] [SEVERE ] player 3 placing token on slot 2
[17:36:28.985] [SEVERE ] player 3 placing token on slot 1
[17:36:28.987] [SEVERE ] player 2 placing token on slot 5
[17:36:28.991] [SEVERE ] player 4 placing token on slot 0
[17:36:29.791] [SEVERE ] player 2 placing token on slot 3
[17:36:29.793] [SEVERE ] player 3 placing token on slot 7
[17:36:29.816] [SEVERE ] player 4 placing token on slot 7
[17:36:29.833] [SEVERE ] setting player 2 freeze to 2999
[17:36:29.834] [SEVERE ] setting player 3 freeze to 2999
[17:36:29.836] [SEVERE ] setting player 4 freeze to 3000
[17:36:30.404] [SEVERE ] setting player 2 freeze to 2428
[17:36:30.402] [SEVERE ] setting player 3 freeze to 2431
[17:36:30.434] [SEVERE ] setting player 4 freeze to 2401
[17:36:30.437] [SEVERE ] setting player 2 freeze to 2395
[17:36:30.447] [SEVERE ] setting player 3 freeze to 2386
[17:36:30.448] [SEVERE ] setting player 4 freeze to 2387
[17:36:31.058] [SEVERE ] setting player 3 freeze to 1775
[17:36:31.064] [SEVERE ] setting player 2 freeze to 1768
[17:36:31.061] [SEVERE ] setting player 4 freeze to 1774
[17:36:31.076] [SEVERE ] setting player 3 freeze to 1757
[17:36:31.077] [SEVERE ] setting player 2 freeze to 1755
[17:36:31.469] [SEVERE ] setting player 3 freeze to 1364
[17:36:31.473] [SEVERE ] setting player 2 freeze to 1359
[17:36:31.469] [SEVERE ] setting player 4 freeze to 1366
[17:36:31.497] [SEVERE ] setting player 3 freeze to 1336
[17:36:31.498] [SEVERE ] setting player 2 freeze to 1334
[17:36:32.314] [SEVERE ] setting player 3 freeze to 520
[17:36:32.316] [SEVERE ] setting player 4 freeze to 519
[17:36:32.318] [SEVERE ] setting player 2 freeze to 514
[17:36:32.398] [SEVERE ] setting player 4 freeze to 437
[17:36:32.400] [SEVERE ] setting player 3 freeze to 433
[17:36:32.408] [SEVERE ] setting player 2 freeze to 424
[17:36:33.070] [SEVERE ] setting player 3 freeze to 0
[17:36:33.071] [SEVERE ] setting player 2 freeze to 0
[17:36:33.070] [SEVERE ] setting player 4 freeze to 0
[17:36:33.070] [SEVERE ] setting player 4 freeze to 0
[17:36:33.089] [SEVERE ] removing player 4 token from slot 7
[17:36:33.070] [SEVERE ] setting player 3 freeze to 0
[17:36:33.093] [SEVERE ] removing player 3 token from slot 7
[17:36:33.070] [SEVERE ] setting player 2 freeze to 0
[17:36:33.106] [SEVERE ] removing player 2 token from slot 3
[17:36:33.461] [SEVERE ] player 3 placing token on slot 10
[17:36:33.465] [SEVERE ] player 4 placing token on slot 5
[17:36:33.490] [SEVERE ] player 2 placing token on slot 10
[17:36:33.499] [SEVERE ] updating countdown to 10000
[17:36:33.518] [SEVERE ] removing all tokens
[17:36:33.518] [SEVERE ] setting player 2 freeze to 0
[17:36:33.530] [SEVERE ] setting player 4 freeze to 0
[17:36:33.531] [SEVERE ] setting player 3 freeze to 0
[17:36:33.533] [SEVERE ] setting player 1 freeze to 0
[17:36:33.537] [SEVERE ] setting player 2 freeze to 0
[17:36:33.549] [SEVERE ] setting player 2 freeze to 0
[17:36:33.552] [SEVERE ] setting player 4 freeze to 0
[17:36:33.553] [SEVERE ] setting player 3 freeze to 0
[17:36:33.553] [SEVERE ] setting player 1 freeze to 0
[17:36:33.563] [SEVERE ] setting player 2 freeze to 0
[17:36:33.564] [SEVERE ] setting player 4 freeze to 0
[17:36:33.565] [SEVERE ] setting player 1 freeze to 0
[17:36:33.565] [SEVERE ] setting player 3 freeze to 0
[17:36:33.574] [SEVERE ] setting player 2 freeze to 0
[17:36:33.576] [SEVERE ] setting player 4 freeze to 0
[17:36:33.577] [SEVERE ] setting player 3 freeze to 0
[17:36:33.577] [SEVERE ] setting player 1 freeze to 0
[17:36:33.586] [SEVERE ] setting player 2 freeze to 0
[17:36:33.588] [SEVERE ] setting player 3 freeze to 0
[17:36:33.589] [SEVERE ] setting player 4 freeze to 0
[17:36:33.591] [SEVERE ] setting player 1 freeze to 0
[17:36:33.598] [SEVERE ] setting player 2 freeze to 0
[17:36:33.600] [SEVERE ] setting player 3 freeze to 0
[17:36:33.601] [SEVERE ] setting player 4 freeze to 0
[17:36:33.602] [SEVERE ] setting player 1 freeze to 0
[17:36:33.609] [SEVERE ] setting player 2 freeze to 0
[17:36:33.610] [SEVERE ] setting player 3 freeze to 0
[17:36:33.613] [SEVERE ] setting player 4 freeze to 0
[17:36:33.614] [SEVERE ] setting player 1 freeze to 0
[17:36:33.621] [SEVERE ] setting player 2 freeze to 0
[17:36:33.621] [SEVERE ] removing tokens from slot 11
[17:36:33.622] [SEVERE ] removing card from slot 11
[17:36:33.623] [SEVERE ] setting player 3 freeze to 0
[17:36:33.625] [SEVERE ] setting player 4 freeze to 0
[17:36:33.627] [SEVERE ] setting player 1 freeze to 0
[17:36:33.632] [SEVERE ] setting player 2 freeze to 0
[17:36:33.635] [SEVERE ] setting player 3 freeze to 0
[17:36:33.637] [SEVERE ] setting player 4 freeze to 0
[17:36:33.639] [SEVERE ] setting player 1 freeze to 0
[17:36:33.643] [SEVERE ] setting player 2 freeze to 0
[17:36:33.647] [SEVERE ] setting player 3 freeze to 0
[17:36:33.648] [SEVERE ] setting player 4 freeze to 0
[17:36:33.650] [SEVERE ] setting player 1 freeze to 0
[17:36:33.654] [SEVERE ] setting player 2 freeze to 0
[17:36:33.658] [SEVERE ] setting player 3 freeze to 0
[17:36:33.659] [SEVERE ] setting player 4 freeze to 0
[17:36:33.661] [SEVERE ] setting player 1 freeze to 0
[17:36:33.665] [SEVERE ] setting player 2 freeze to 0
[17:36:33.669] [SEVERE ] setting player 3 freeze to 0
[17:36:33.671] [SEVERE ] setting player 4 freeze to 0
[17:36:33.673] [SEVERE ] setting player 1 freeze to 0
[17:36:33.677] [SEVERE ] setting player 2 freeze to 0
[17:36:33.680] [SEVERE ] setting player 3 freeze to 0
[17:36:33.682] [SEVERE ] setting player 4 freeze to 0
[17:36:33.684] [SEVERE ] setting player 1 freeze to 0
[17:36:33.688] [SEVERE ] setting player 2 freeze to 0
[17:36:33.692] [SEVERE ] setting player 3 freeze to 0
[17:36:33.695] [SEVERE ] setting player 4 freeze to 0
[17:36:33.696] [SEVERE ] setting player 1 freeze to 0
[17:36:33.699] [SEVERE ] setting player 2 freeze to 0
[17:36:33.705] [SEVERE ] setting player 3 freeze to 0
[17:36:33.707] [SEVERE ] setting player 4 freeze to 0
[17:36:33.709] [SEVERE ] setting player 1 freeze to 0
[17:36:33.711] [SEVERE ] setting player 2 freeze to 0
[17:36:33.715] [SEVERE ] setting player 3 freeze to 0
[17:36:33.717] [SEVERE ] setting player 4 freeze to 0
[17:36:33.721] [SEVERE ] setting player 1 freeze to 0
[17:36:33.723] [SEVERE ] setting player 2 freeze to 0
[17:36:33.723] [SEVERE ] removing tokens from slot 10
[17:36:33.724] [SEVERE ] removing card from slot 10
[17:36:33.730] [SEVERE ] setting player 3 freeze to 0
[17:36:33.733] [SEVERE ] setting player 1 freeze to 0
[17:36:33.732] [SEVERE ] setting player 4 freeze to 0
[17:36:33.735] [SEVERE ] setting player 2 freeze to 0
[17:36:33.742] [SEVERE ] setting player 3 freeze to 0
[17:36:33.745] [SEVERE ] setting player 1 freeze to 0
[17:36:33.746] [SEVERE ] setting player 4 freeze to 0
[17:36:33.747] [SEVERE ] setting player 2 freeze to 0
[17:36:33.754] [SEVERE ] setting player 3 freeze to 0
[17:36:33.756] [SEVERE ] setting player 1 freeze to 0
[17:36:33.758] [SEVERE ] setting player 4 freeze to 0
[17:36:33.768] [SEVERE ] setting player 3 freeze to 0
[17:36:33.769] [SEVERE ] setting player 4 freeze to 0
[17:36:33.769] [SEVERE ] setting player 1 freeze to 0
[17:36:33.769] [SEVERE ] setting player 2 freeze to 0
[17:36:33.781] [SEVERE ] setting player 3 freeze to 0
[17:36:33.784] [SEVERE ] setting player 1 freeze to 0
[17:36:33.784] [SEVERE ] setting player 4 freeze to 0
[17:36:33.784] [SEVERE ] setting player 2 freeze to 0
[17:36:33.792] [SEVERE ] setting player 3 freeze to 0
[17:36:33.795] [SEVERE ] setting player 1 freeze to 0
[17:36:33.797] [SEVERE ] setting player 4 freeze to 0
[17:36:33.800] [SEVERE ] setting player 2 freeze to 0
[17:36:33.807] [SEVERE ] setting player 1 freeze to 0
[17:36:33.815] [SEVERE ] setting player 2 freeze to 0
[17:36:33.815] [SEVERE ] setting player 3 freeze to 0
[17:36:33.815] [SEVERE ] setting player 4 freeze to 0
[17:36:33.826] [SEVERE ] removing tokens from slot 9
[17:36:33.827] [SEVERE ] setting player 2 freeze to 0
[17:36:33.827] [SEVERE ] removing card from slot 9
[17:36:33.831] [SEVERE ] setting player 3 freeze to 0
[17:36:33.832] [SEVERE ] setting player 4 freeze to 0
[17:36:33.832] [SEVERE ] setting player 1 freeze to 0
[17:36:33.847] [SEVERE ] setting player 1 freeze to 0
[17:36:33.847] [SEVERE ] setting player 2 freeze to 0
[17:36:33.847] [SEVERE ] setting player 3 freeze to 0
[17:36:33.847] [SEVERE ] setting player 4 freeze to 0
[17:36:33.859] [SEVERE ] setting player 2 freeze to 0
[17:36:33.859] [SEVERE ] setting player 1 freeze to 0
[17:36:33.863] [SEVERE ] setting player 4 freeze to 0
[17:36:33.863] [SEVERE ] setting player 3 freeze to 0
[17:36:33.870] [SEVERE ] setting player 2 freeze to 0
[17:36:33.878] [SEVERE ] setting player 3 freeze to 0
[17:36:33.878] [SEVERE ] setting player 1 freeze to 0
[17:36:33.878] [SEVERE ] setting player 4 freeze to 0
[17:36:33.890] [SEVERE ] setting player 1 freeze to 0
[17:36:33.890] [SEVERE ] setting player 3 freeze to 0
[17:36:33.894] [SEVERE ] setting player 4 freeze to 0
[17:36:33.894] [SEVERE ] setting player 2 freeze to 0
[17:36:33.901] [SEVERE ] setting player 1 freeze to 0
[17:36:33.905] [SEVERE ] setting player 4 freeze to 0
[17:36:33.909] [SEVERE ] setting player 3 freeze to 0
[17:36:33.909] [SEVERE ] setting player 2 freeze to 0
[17:36:33.924] [SEVERE ] setting player 4 freeze to 0
[17:36:33.925] [SEVERE ] setting player 1 freeze to 0
[17:36:33.924] [SEVERE ] setting player 2 freeze to 0
[17:36:33.924] [SEVERE ] setting player 3 freeze to 0
[17:36:33.937] [SEVERE ] setting player 4 freeze to 0
[17:36:33.940] [SEVERE ] setting player 3 freeze to 0
[17:36:33.940] [SEVERE ] removing tokens from slot 8
[17:36:33.940] [SEVERE ] setting player 1 freeze to 0
[17:36:33.940] [SEVERE ] setting player 2 freeze to 0
[17:36:33.941] [SEVERE ] removing card from slot 8
[17:36:33.952] [SEVERE ] setting player 3 freeze to 0
[17:36:33.956] [SEVERE ] setting player 2 freeze to 0
[17:36:33.956] [SEVERE ] setting player 1 freeze to 0
[17:36:33.956] [SEVERE ] setting player 4 freeze to 0
[17:36:33.971] [SEVERE ] setting player 1 freeze to 0
[17:36:33.971] [SEVERE ] setting player 3 freeze to 0
[17:36:33.971] [SEVERE ] setting player 4 freeze to 0
[17:36:33.971] [SEVERE ] setting player 2 freeze to 0
[17:36:33.982] [SEVERE ] setting player 1 freeze to 0
[17:36:33.983] [SEVERE ] setting player 3 freeze to 0
[17:36:33.986] [SEVERE ] setting player 4 freeze to 0
[17:36:33.986] [SEVERE ] setting player 2 freeze to 0
[17:36:34.002] [SEVERE ] setting player 2 freeze to 0
[17:36:34.003] [SEVERE ] setting player 1 freeze to 0
[17:36:34.002] [SEVERE ] setting player 3 freeze to 0
[17:36:34.002] [SEVERE ] setting player 4 freeze to 0
[17:36:34.013] [SEVERE ] setting player 2 freeze to 0
[17:36:34.015] [SEVERE ] setting player 1 freeze to 0
[17:36:34.018] [SEVERE ] setting player 4 freeze to 0
[17:36:34.018] [SEVERE ] setting player 3 freeze to 0
[17:36:34.024] [SEVERE ] setting player 2 freeze to 0
[17:36:34.034] [SEVERE ] setting player 3 freeze to 0
[17:36:34.034] [SEVERE ] setting player 4 freeze to 0
[17:36:34.034] [SEVERE ] setting player 1 freeze to 0
[17:36:34.046] [SEVERE ] setting player 3 freeze to 0
[17:36:34.049] [SEVERE ] setting player 2 freeze to 0
[17:36:34.049] [SEVERE ] removing tokens from slot 7
[17:36:34.049] [SEVERE ] setting player 1 freeze to 0
[17:36:34.049] [SEVERE ] setting player 4 freeze to 0
[17:36:34.050] [SEVERE ] removing card from slot 7
[17:36:34.060] [SEVERE ] setting player 2 freeze to 0
[17:36:34.065] [SEVERE ] setting player 4 freeze to 0
[17:36:34.065] [SEVERE ] setting player 3 freeze to 0
[17:36:34.065] [SEVERE ] setting player 1 freeze to 0
[17:36:34.076] [SEVERE ] setting player 4 freeze to 0
[17:36:34.080] [SEVERE ] setting player 3 freeze to 0
[17:36:34.080] [SEVERE ] setting player 2 freeze to 0
[17:36:34.080] [SEVERE ] setting player 1 freeze to 0
[17:36:34.091] [SEVERE ] setting player 3 freeze to 0
[17:36:34.096] [SEVERE ] setting player 2 freeze to 0
[17:36:34.096] [SEVERE ] setting player 1 freeze to 0
[17:36:34.096] [SEVERE ] setting player 4 freeze to 0
[17:36:34.107] [SEVERE ] setting player 2 freeze to 0
[17:36:34.108] [SEVERE ] setting player 1 freeze to 0
[17:36:34.111] [SEVERE ] setting player 3 freeze to 0
[17:36:34.111] [SEVERE ] setting player 4 freeze to 0
[17:36:34.118] [SEVERE ] setting player 2 freeze to 0
[17:36:34.122] [SEVERE ] setting player 3 freeze to 0
[17:36:34.127] [SEVERE ] setting player 1 freeze to 0
[17:36:34.127] [SEVERE ] setting player 4 freeze to 0
[17:36:34.138] [SEVERE ] setting player 1 freeze to 0
[17:36:34.143] [SEVERE ] setting player 4 freeze to 0
[17:36:34.144] [SEVERE ] setting player 3 freeze to 0
[17:36:34.143] [SEVERE ] setting player 2 freeze to 0
[17:36:34.156] [SEVERE ] setting player 4 freeze to 0
[17:36:34.159] [SEVERE ] setting player 2 freeze to 0
[17:36:34.160] [SEVERE ] setting player 3 freeze to 0
[17:36:34.160] [SEVERE ] setting player 1 freeze to 0
[17:36:34.160] [SEVERE ] removing tokens from slot 6
[17:36:34.161] [SEVERE ] removing card from slot 6
[17:36:34.175] [SEVERE ] setting player 2 freeze to 0
[17:36:34.175] [SEVERE ] setting player 4 freeze to 0
[17:36:34.175] [SEVERE ] setting player 3 freeze to 0
[17:36:34.175] [SEVERE ] setting player 1 freeze to 0
[17:36:34.187] [SEVERE ] setting player 2 freeze to 0
[17:36:34.188] [SEVERE ] setting player 4 freeze to 0
[17:36:34.190] [SEVERE ] setting player 1 freeze to 0
[17:36:34.190] [SEVERE ] setting player 3 freeze to 0
[17:36:34.205] [SEVERE ] setting player 3 freeze to 0
[17:36:34.205] [SEVERE ] setting player 2 freeze to 0
[17:36:34.205] [SEVERE ] setting player 1 freeze to 0
[17:36:34.205] [SEVERE ] setting player 4 freeze to 0
[17:36:34.216] [SEVERE ] setting player 2 freeze to 0
[17:36:34.217] [SEVERE ] setting player 3 freeze to 0
[17:36:34.221] [SEVERE ] setting player 1 freeze to 0
[17:36:34.221] [SEVERE ] setting player 4 freeze to 0
[17:36:34.227] [SEVERE ] setting player 2 freeze to 0
[17:36:34.237] [SEVERE ] setting player 4 freeze to 0
[17:36:34.237] [SEVERE ] setting player 3 freeze to 0
[17:36:34.237] [SEVERE ] setting player 1 freeze to 0
[17:36:34.248] [SEVERE ] setting player 4 freeze to 0
[17:36:34.252] [SEVERE ] setting player 3 freeze to 0
[17:36:34.252] [SEVERE ] setting player 2 freeze to 0
[17:36:34.252] [SEVERE ] setting player 1 freeze to 0
[17:36:34.265] [SEVERE ] setting player 3 freeze to 0
[17:36:34.268] [SEVERE ] setting player 1 freeze to 0
[17:36:34.268] [SEVERE ] removing tokens from slot 5
[17:36:34.268] [SEVERE ] setting player 4 freeze to 0
[17:36:34.268] [SEVERE ] setting player 2 freeze to 0
[17:36:34.268] [SEVERE ] removing card from slot 5
[17:36:34.279] [SEVERE ] setting player 1 freeze to 0
[17:36:34.284] [SEVERE ] setting player 4 freeze to 0
[17:36:34.284] [SEVERE ] setting player 3 freeze to 0
[17:36:34.284] [SEVERE ] setting player 2 freeze to 0
[17:36:34.295] [SEVERE ] setting player 4 freeze to 0
[17:36:34.299] [SEVERE ] setting player 3 freeze to 0
[17:36:34.299] [SEVERE ] setting player 2 freeze to 0
[17:36:34.299] [SEVERE ] setting player 1 freeze to 0
[17:36:34.310] [SEVERE ] setting player 3 freeze to 0
[17:36:34.315] [SEVERE ] setting player 1 freeze to 0
[17:36:34.315] [SEVERE ] setting player 4 freeze to 0
[17:36:34.315] [SEVERE ] setting player 2 freeze to 0
[17:36:34.326] [SEVERE ] setting player 1 freeze to 0
[17:36:34.330] [SEVERE ] setting player 2 freeze to 0
[17:36:34.330] [SEVERE ] setting player 3 freeze to 0
[17:36:34.330] [SEVERE ] setting player 4 freeze to 0
[17:36:34.341] [SEVERE ] setting player 2 freeze to 0
[17:36:34.346] [SEVERE ] setting player 3 freeze to 0
[17:36:34.346] [SEVERE ] setting player 4 freeze to 0
[17:36:34.346] [SEVERE ] setting player 1 freeze to 0
[17:36:34.360] [SEVERE ] setting player 4 freeze to 0
[17:36:34.361] [SEVERE ] setting player 3 freeze to 0
[17:36:34.360] [SEVERE ] setting player 1 freeze to 0
[17:36:34.361] [SEVERE ] setting player 2 freeze to 0
[17:36:34.373] [SEVERE ] setting player 3 freeze to 0
[17:36:34.373] [SEVERE ] setting player 4 freeze to 0
[17:36:34.375] [SEVERE ] setting player 2 freeze to 0
[17:36:34.375] [SEVERE ] removing tokens from slot 4
[17:36:34.375] [SEVERE ] removing card from slot 4
[17:36:34.375] [SEVERE ] setting player 1 freeze to 0
[17:36:34.386] [SEVERE ] setting player 2 freeze to 0
[17:36:34.391] [SEVERE ] setting player 3 freeze to 0
[17:36:34.391] [SEVERE ] setting player 4 freeze to 0
[17:36:34.391] [SEVERE ] setting player 1 freeze to 0
[17:36:34.404] [SEVERE ] setting player 3 freeze to 0
[17:36:34.407] [SEVERE ] setting player 4 freeze to 0
[17:36:34.407] [SEVERE ] setting player 2 freeze to 0
[17:36:34.407] [SEVERE ] setting player 1 freeze to 0
[17:36:34.418] [SEVERE ] setting player 4 freeze to 0
[17:36:34.422] [SEVERE ] setting player 1 freeze to 0
[17:36:34.422] [SEVERE ] setting player 3 freeze to 0
[17:36:34.422] [SEVERE ] setting player 2 freeze to 0
[17:36:34.433] [SEVERE ] setting player 1 freeze to 0
[17:36:34.438] [SEVERE ] setting player 4 freeze to 0
[17:36:34.438] [SEVERE ] setting player 2 freeze to 0
[17:36:34.438] [SEVERE ] setting player 3 freeze to 0
[17:36:34.449] [SEVERE ] setting player 4 freeze to 0
[17:36:34.453] [SEVERE ] setting player 3 freeze to 0
[17:36:34.453] [SEVERE ] setting player 1 freeze to 0
[17:36:34.453] [SEVERE ] setting player 2 freeze to 0
[17:36:34.465] [SEVERE ] setting player 3 freeze to 0
[17:36:34.469] [SEVERE ] setting player 1 freeze to 0
[17:36:34.469] [SEVERE ] setting player 4 freeze to 0
[17:36:34.469] [SEVERE ] setting player 2 freeze to 0
[17:36:34.476] [SEVERE ] removing tokens from slot 3
[17:36:34.476] [SEVERE ] removing card from slot 3
[17:36:34.480] [SEVERE ] setting player 1 freeze to 0
[17:36:34.484] [SEVERE ] setting player 4 freeze to 0
[17:36:34.484] [SEVERE ] setting player 3 freeze to 0
[17:36:34.484] [SEVERE ] setting player 2 freeze to 0
[17:36:34.495] [SEVERE ] setting player 3 freeze to 0
[17:36:34.495] [SEVERE ] setting player 4 freeze to 0
[17:36:34.499] [SEVERE ] setting player 2 freeze to 0
[17:36:34.499] [SEVERE ] setting player 1 freeze to 0
[17:36:34.506] [SEVERE ] setting player 3 freeze to 0
[17:36:34.515] [SEVERE ] setting player 4 freeze to 0
[17:36:34.515] [SEVERE ] setting player 1 freeze to 0
[17:36:34.515] [SEVERE ] setting player 2 freeze to 0
[17:36:34.526] [SEVERE ] setting player 4 freeze to 0
[17:36:34.531] [SEVERE ] setting player 3 freeze to 0
[17:36:34.531] [SEVERE ] setting player 2 freeze to 0
[17:36:34.531] [SEVERE ] setting player 1 freeze to 0
[17:36:34.542] [SEVERE ] setting player 3 freeze to 0
[17:36:34.542] [SEVERE ] setting player 2 freeze to 0
[17:36:34.547] [SEVERE ] setting player 4 freeze to 0
[17:36:34.547] [SEVERE ] setting player 1 freeze to 0
[17:36:34.554] [SEVERE ] setting player 3 freeze to 0
[17:36:34.563] [SEVERE ] setting player 1 freeze to 0
[17:36:34.563] [SEVERE ] setting player 2 freeze to 0
[17:36:34.563] [SEVERE ] setting player 4 freeze to 0
[17:36:34.574] [SEVERE ] setting player 1 freeze to 0
[17:36:34.579] [SEVERE ] setting player 4 freeze to 0
[17:36:34.579] [SEVERE ] setting player 3 freeze to 0
[17:36:34.579] [SEVERE ] setting player 2 freeze to 0
[17:36:34.580] [SEVERE ] removing tokens from slot 2
[17:36:34.580] [SEVERE ] removing card from slot 2
[17:36:34.590] [SEVERE ] setting player 3 freeze to 0
[17:36:34.590] [SEVERE ] setting player 4 freeze to 0
[17:36:34.595] [SEVERE ] setting player 2 freeze to 0
[17:36:34.595] [SEVERE ] setting player 1 freeze to 0
[17:36:34.600] [SEVERE ] setting player 3 freeze to 0
[17:36:34.610] [SEVERE ] setting player 1 freeze to 0
[17:36:34.610] [SEVERE ] setting player 2 freeze to 0
[17:36:34.611] [SEVERE ] setting player 4 freeze to 0
[17:36:34.625] [SEVERE ] setting player 4 freeze to 0
[17:36:34.625] [SEVERE ] setting player 1 freeze to 0
[17:36:34.625] [SEVERE ] setting player 3 freeze to 0
[17:36:34.625] [SEVERE ] setting player 2 freeze to 0
[17:36:34.636] [SEVERE ] setting player 3 freeze to 0
[17:36:34.636] [SEVERE ] setting player 4 freeze to 0
[17:36:34.636] [SEVERE ] setting player 1 freeze to 0
[17:36:34.641] [SEVERE ] setting player 2 freeze to 0
[17:36:34.647] [SEVERE ] setting player 3 freeze to 0
[17:36:34.657] [SEVERE ] setting player 1 freeze to 0
[17:36:34.657] [SEVERE ] setting player 4 freeze to 0
[17:36:34.657] [SEVERE ] setting player 2 freeze to 0
[17:36:34.667] [SEVERE ] setting player 4 freeze to 0
[17:36:34.667] [SEVERE ] setting player 1 freeze to 0
[17:36:34.673] [SEVERE ] setting player 2 freeze to 0
[17:36:34.673] [SEVERE ] setting player 3 freeze to 0
[17:36:34.683] [SEVERE ] setting player 2 freeze to 0
[17:36:34.689] [SEVERE ] setting player 4 freeze to 0
[17:36:34.689] [SEVERE ] removing tokens from slot 1
[17:36:34.689] [SEVERE ] removing card from slot 1
[17:36:34.689] [SEVERE ] setting player 3 freeze to 0
[17:36:34.689] [SEVERE ] setting player 1 freeze to 0
[17:36:34.699] [SEVERE ] setting player 4 freeze to 0
[17:36:34.705] [SEVERE ] setting player 1 freeze to 0
[17:36:34.705] [SEVERE ] setting player 3 freeze to 0
[17:36:34.705] [SEVERE ] setting player 2 freeze to 0
[17:36:34.716] [SEVERE ] setting player 1 freeze to 0
[17:36:34.720] [SEVERE ] setting player 3 freeze to 0
[17:36:34.720] [SEVERE ] setting player 2 freeze to 0
[17:36:34.720] [SEVERE ] setting player 4 freeze to 0
[17:36:34.731] [SEVERE ] setting player 3 freeze to 0
[17:36:34.732] [SEVERE ] setting player 2 freeze to 0
[17:36:34.736] [SEVERE ] setting player 4 freeze to 0
[17:36:34.736] [SEVERE ] setting player 1 freeze to 0
[17:36:34.741] [SEVERE ] setting player 3 freeze to 0
[17:36:34.751] [SEVERE ] setting player 4 freeze to 0
[17:36:34.751] [SEVERE ] setting player 2 freeze to 0
[17:36:34.751] [SEVERE ] setting player 1 freeze to 0
[17:36:34.751] [SEVERE ] setting player 3 freeze to 0
[17:36:34.762] [SEVERE ] setting player 4 freeze to 0
[17:36:34.762] [SEVERE ] setting player 2 freeze to 0
[17:36:34.763] [SEVERE ] setting player 1 freeze to 0
[17:36:34.767] [SEVERE ] setting player 3 freeze to 0
[17:36:34.772] [SEVERE ] setting player 4 freeze to 0
[17:36:34.773] [SEVERE ] setting player 2 freeze to 0
[17:36:34.784] [SEVERE ] setting player 1 freeze to 0
[17:36:34.784] [SEVERE ] setting player 2 freeze to 0
[17:36:34.784] [SEVERE ] setting player 4 freeze to 0
[17:36:34.784] [SEVERE ] setting player 3 freeze to 0
[17:36:34.790] [SEVERE ] removing tokens from slot 0
[17:36:34.790] [SEVERE ] removing card from slot 0
[17:36:34.794] [SEVERE ] setting player 1 freeze to 0
[17:36:34.795] [SEVERE ] setting player 2 freeze to 0
[17:36:34.795] [SEVERE ] setting player 4 freeze to 0
[17:36:34.799] [SEVERE ] setting player 3 freeze to 0
[17:36:34.815] [SEVERE ] setting player 4 freeze to 0
[17:36:34.815] [SEVERE ] setting player 1 freeze to 0
[17:36:34.815] [SEVERE ] setting player 2 freeze to 0
[17:36:34.815] [SEVERE ] setting player 3 freeze to 0
[17:36:34.826] [SEVERE ] setting player 4 freeze to 0
[17:36:34.826] [SEVERE ] setting player 1 freeze to 0
[17:36:34.828] [SEVERE ] setting player 2 freeze to 0
[17:36:34.829] [SEVERE ] setting player 3 freeze to 0
[17:36:34.838] [SEVERE ] setting player 1 freeze to 0
[17:36:34.838] [SEVERE ] setting player 4 freeze to 0
[17:36:34.846] [SEVERE ] setting player 3 freeze to 0
[17:36:34.847] [SEVERE ] setting player 2 freeze to 0
[17:36:34.849] [SEVERE ] setting player 1 freeze to 0
[17:36:34.861] [SEVERE ] setting player 1 freeze to 0
[17:36:34.862] [SEVERE ] setting player 2 freeze to 0
[17:36:34.862] [SEVERE ] setting player 4 freeze to 0
[17:36:34.862] [SEVERE ] setting player 3 freeze to 0
[17:36:34.873] [SEVERE ] setting player 4 freeze to 0
[17:36:34.873] [SEVERE ] setting player 2 freeze to 0
[17:36:34.876] [SEVERE ] setting player 3 freeze to 0
[17:36:34.876] [SEVERE ] setting player 1 freeze to 0
[17:36:34.884] [SEVERE ] setting player 4 freeze to 0
[17:36:34.891] [SEVERE ] setting player 1 freeze to 0
[17:36:34.891] [SEVERE ] placing card 67 in slot 6
[17:36:34.891] [SEVERE ] setting player 2 freeze to 0
[17:36:34.891] [SEVERE ] setting player 3 freeze to 0
[17:36:34.902] [SEVERE ] setting player 1 freeze to 0
[17:36:34.904] [SEVERE ] setting player 2 freeze to 0
[17:36:34.907] [SEVERE ] setting player 4 freeze to 0
[17:36:34.907] [SEVERE ] setting player 3 freeze to 0
[17:36:34.918] [SEVERE ] setting player 4 freeze to 0
[17:36:34.923] [SEVERE ] setting player 2 freeze to 0
[17:36:34.923] [SEVERE ] setting player 3 freeze to 0
[17:36:34.923] [SEVERE ] setting player 1 freeze to 0
[17:36:34.934] [SEVERE ] setting player 3 freeze to 0
[17:36:34.934] [SEVERE ] setting player 2 freeze to 0
[17:36:34.938] [SEVERE ] setting player 1 freeze to 0
[17:36:34.938] [SEVERE ] setting player 4 freeze to 0
[17:36:34.949] [SEVERE ] setting player 1 freeze to 0
[17:36:34.954] [SEVERE ] setting player 2 freeze to 0
[17:36:34.954] [SEVERE ] setting player 4 freeze to 0
[17:36:34.954] [SEVERE ] setting player 3 freeze to 0
[17:36:34.965] [SEVERE ] setting player 4 freeze to 0
[17:36:34.965] [SEVERE ] setting player 2 freeze to 0
[17:36:34.969] [SEVERE ] setting player 1 freeze to 0
[17:36:34.969] [SEVERE ] setting player 3 freeze to 0
[17:36:34.977] [SEVERE ] setting player 4 freeze to 0
[17:36:34.985] [SEVERE ] setting player 2 freeze to 0
[17:36:34.985] [SEVERE ] setting player 1 freeze to 0
[17:36:34.985] [SEVERE ] setting player 3 freeze to 0
[17:36:34.994] [SEVERE ] placing card 18 in slot 7
[17:36:34.996] [SEVERE ] setting player 2 freeze to 0
[17:36:35.001] [SEVERE ] setting player 3 freeze to 0
[17:36:35.001] [SEVERE ] setting player 4 freeze to 0
[17:36:35.001] [SEVERE ] setting player 1 freeze to 0
[17:36:35.012] [SEVERE ] setting player 3 freeze to 0
[17:36:35.017] [SEVERE ] setting player 2 freeze to 0
[17:36:35.017] [SEVERE ] setting player 1 freeze to 0
[17:36:35.017] [SEVERE ] setting player 4 freeze to 0
[17:36:35.028] [SEVERE ] setting player 2 freeze to 0
[17:36:35.032] [SEVERE ] setting player 4 freeze to 0
[17:36:35.032] [SEVERE ] setting player 3 freeze to 0
[17:36:35.032] [SEVERE ] setting player 1 freeze to 0
[17:36:35.043] [SEVERE ] setting player 3 freeze to 0
[17:36:35.045] [SEVERE ] setting player 4 freeze to 0
[17:36:35.047] [SEVERE ] setting player 1 freeze to 0
[17:36:35.047] [SEVERE ] setting player 2 freeze to 0
[17:36:35.054] [SEVERE ] setting player 3 freeze to 0
[17:36:35.059] [SEVERE ] setting player 1 freeze to 0
[17:36:35.062] [SEVERE ] setting player 4 freeze to 0
[17:36:35.062] [SEVERE ] setting player 2 freeze to 0
[17:36:35.075] [SEVERE ] setting player 4 freeze to 0
[17:36:35.078] [SEVERE ] setting player 1 freeze to 0
[17:36:35.078] [SEVERE ] setting player 3 freeze to 0
[17:36:35.078] [SEVERE ] setting player 2 freeze to 0
[17:36:35.089] [SEVERE ] setting player 1 freeze to 0
[17:36:35.089] [SEVERE ] setting player 3 freeze to 0
[17:36:35.094] [SEVERE ] setting player 2 freeze to 0
[17:36:35.094] [SEVERE ] setting player 4 freeze to 0
[17:36:35.100] [SEVERE ] setting player 1 freeze to 0
[17:36:35.110] [SEVERE ] setting player 4 freeze to 0
[17:36:35.110] [SEVERE ] setting player 2 freeze to 0
[17:36:35.111] [SEVERE ] setting player 3 freeze to 0
[17:36:35.111] [SEVERE ] placing card 70 in slot 11
[17:36:35.125] [SEVERE ] setting player 1 freeze to 0
[17:36:35.125] [SEVERE ] setting player 3 freeze to 0
[17:36:35.128] [SEVERE ] setting player 4 freeze to 0
[17:36:35.128] [SEVERE ] setting player 2 freeze to 0
[17:36:35.139] [SEVERE ] setting player 3 freeze to 0
[17:36:35.139] [SEVERE ] setting player 4 freeze to 0
[17:36:35.140] [SEVERE ] setting player 1 freeze to 0
[17:36:35.140] [SEVERE ] setting player 2 freeze to 0
[17:36:35.150] [SEVERE ] setting player 3 freeze to 0
[17:36:35.151] [SEVERE ] setting player 1 freeze to 0
[17:36:35.156] [SEVERE ] setting player 2 freeze to 0
[17:36:35.156] [SEVERE ] setting player 4 freeze to 0
[17:36:35.172] [SEVERE ] setting player 4 freeze to 0
[17:36:35.172] [SEVERE ] setting player 3 freeze to 0
[17:36:35.172] [SEVERE ] setting player 1 freeze to 0
[17:36:35.172] [SEVERE ] setting player 2 freeze to 0
[17:36:35.183] [SEVERE ] setting player 3 freeze to 0
[17:36:35.183] [SEVERE ] setting player 4 freeze to 0
[17:36:35.184] [SEVERE ] setting player 1 freeze to 0
[17:36:35.187] [SEVERE ] setting player 2 freeze to 0
[17:36:35.202] [SEVERE ] setting player 2 freeze to 0
[17:36:35.202] [SEVERE ] setting player 3 freeze to 0
[17:36:35.202] [SEVERE ] setting player 4 freeze to 0
[17:36:35.202] [SEVERE ] setting player 1 freeze to 0
[17:36:35.213] [SEVERE ] setting player 2 freeze to 0
[17:36:35.213] [SEVERE ] setting player 3 freeze to 0
[17:36:35.214] [SEVERE ] setting player 4 freeze to 0
[17:36:35.218] [SEVERE ] setting player 1 freeze to 0
[17:36:35.218] [SEVERE ] placing card 31 in slot 1
[17:36:35.233] [SEVERE ] setting player 1 freeze to 0
[17:36:35.233] [SEVERE ] setting player 3 freeze to 0
[17:36:35.233] [SEVERE ] setting player 4 freeze to 0
[17:36:35.233] [SEVERE ] setting player 2 freeze to 0
[17:36:35.244] [SEVERE ] setting player 3 freeze to 0
[17:36:35.244] [SEVERE ] setting player 1 freeze to 0
[17:36:35.249] [SEVERE ] setting player 4 freeze to 0
[17:36:35.249] [SEVERE ] setting player 2 freeze to 0
[17:36:35.262] [SEVERE ] setting player 4 freeze to 0
[17:36:35.265] [SEVERE ] setting player 2 freeze to 0
[17:36:35.265] [SEVERE ] setting player 3 freeze to 0
[17:36:35.265] [SEVERE ] setting player 1 freeze to 0
[17:36:35.279] [SEVERE ] setting player 2 freeze to 0
[17:36:35.281] [SEVERE ] setting player 3 freeze to 0
[17:36:35.281] [SEVERE ] setting player 4 freeze to 0
[17:36:35.281] [SEVERE ] setting player 1 freeze to 0
[17:36:35.291] [SEVERE ] setting player 3 freeze to 0
[17:36:35.296] [SEVERE ] setting player 1 freeze to 0
[17:36:35.296] [SEVERE ] setting player 4 freeze to 0
[17:36:35.296] [SEVERE ] setting player 2 freeze to 0
[17:36:35.307] [SEVERE ] setting player 1 freeze to 0
[17:36:35.307] [SEVERE ] setting player 4 freeze to 0
[17:36:35.311] [SEVERE ] setting player 2 freeze to 0
[17:36:35.311] [SEVERE ] setting player 3 freeze to 0
[17:36:35.327] [SEVERE ] setting player 3 freeze to 0
[17:36:35.327] [SEVERE ] placing card 42 in slot 8
[17:36:35.327] [SEVERE ] setting player 1 freeze to 0
[17:36:35.327] [SEVERE ] setting player 4 freeze to 0
[17:36:35.327] [SEVERE ] setting player 2 freeze to 0
[17:36:35.338] [SEVERE ] setting player 3 freeze to 0
[17:36:35.339] [SEVERE ] setting player 4 freeze to 0
[17:36:35.339] [SEVERE ] setting player 1 freeze to 0
[17:36:35.344] [SEVERE ] setting player 2 freeze to 0
[17:36:35.360] [SEVERE ] setting player 2 freeze to 0
[17:36:35.360] [SEVERE ] setting player 3 freeze to 0
[17:36:35.360] [SEVERE ] setting player 1 freeze to 0
[17:36:35.360] [SEVERE ] setting player 4 freeze to 0
[17:36:35.373] [SEVERE ] setting player 2 freeze to 0
[17:36:35.375] [SEVERE ] setting player 3 freeze to 0
[17:36:35.375] [SEVERE ] setting player 1 freeze to 0
[17:36:35.375] [SEVERE ] setting player 4 freeze to 0
[17:36:35.386] [SEVERE ] setting player 3 freeze to 0
[17:36:35.390] [SEVERE ] setting player 4 freeze to 0
[17:36:35.390] [SEVERE ] setting player 2 freeze to 0
[17:36:35.390] [SEVERE ] setting player 1 freeze to 0
[17:36:35.402] [SEVERE ] setting player 4 freeze to 0
[17:36:35.402] [SEVERE ] setting player 2 freeze to 0
[17:36:35.406] [SEVERE ] setting player 3 freeze to 0
[17:36:35.406] [SEVERE ] setting player 1 freeze to 0
[17:36:35.412] [SEVERE ] setting player 4 freeze to 0
[17:36:35.422] [SEVERE ] setting player 1 freeze to 0
[17:36:35.422] [SEVERE ] setting player 2 freeze to 0
[17:36:35.422] [SEVERE ] setting player 3 freeze to 0
[17:36:35.430] [SEVERE ] placing card 4 in slot 2
[17:36:35.433] [SEVERE ] setting player 1 freeze to 0
[17:36:35.434] [SEVERE ] setting player 2 freeze to 0
[17:36:35.438] [SEVERE ] setting player 4 freeze to 0
[17:36:35.438] [SEVERE ] setting player 3 freeze to 0
[17:36:35.449] [SEVERE ] setting player 4 freeze to 0
[17:36:35.453] [SEVERE ] setting player 2 freeze to 0
[17:36:35.453] [SEVERE ] setting player 1 freeze to 0
[17:36:35.453] [SEVERE ] setting player 3 freeze to 0
[17:36:35.464] [SEVERE ] setting player 2 freeze to 0
[17:36:35.468] [SEVERE ] setting player 4 freeze to 0
[17:36:35.468] [SEVERE ] setting player 3 freeze to 0
[17:36:35.468] [SEVERE ] setting player 1 freeze to 0
[17:36:35.480] [SEVERE ] setting player 4 freeze to 0
[17:36:35.480] [SEVERE ] setting player 3 freeze to 0
[17:36:35.484] [SEVERE ] setting player 1 freeze to 0
[17:36:35.484] [SEVERE ] setting player 2 freeze to 0
[17:36:35.491] [SEVERE ] setting player 4 freeze to 0
[17:36:35.500] [SEVERE ] setting player 2 freeze to 0
[17:36:35.500] [SEVERE ] setting player 1 freeze to 0
[17:36:35.500] [SEVERE ] setting player 3 freeze to 0
[17:36:35.512] [SEVERE ] setting player 1 freeze to 0
[17:36:35.512] [SEVERE ] setting player 2 freeze to 0
[17:36:35.515] [SEVERE ] setting player 3 freeze to 0
[17:36:35.515] [SEVERE ] setting player 4 freeze to 0
[17:36:35.531] [SEVERE ] setting player 4 freeze to 0
[17:36:35.531] [SEVERE ] placing card 69 in slot 4
[17:36:35.531] [SEVERE ] setting player 1 freeze to 0
[17:36:35.531] [SEVERE ] setting player 2 freeze to 0
[17:36:35.531] [SEVERE ] setting player 3 freeze to 0
[17:36:35.542] [SEVERE ] setting player 4 freeze to 0
[17:36:35.542] [SEVERE ] setting player 1 freeze to 0
[17:36:35.543] [SEVERE ] setting player 2 freeze to 0
[17:36:35.547] [SEVERE ] setting player 3 freeze to 0
[17:36:35.562] [SEVERE ] setting player 3 freeze to 0
[17:36:35.562] [SEVERE ] setting player 4 freeze to 0
[17:36:35.562] [SEVERE ] setting player 1 freeze to 0
[17:36:35.562] [SEVERE ] setting player 2 freeze to 0
[17:36:35.573] [SEVERE ] setting player 3 freeze to 0
[17:36:35.575] [SEVERE ] setting player 4 freeze to 0
[17:36:35.578] [SEVERE ] setting player 2 freeze to 0
[17:36:35.579] [SEVERE ] setting player 1 freeze to 0
[17:36:35.584] [SEVERE ] setting player 3 freeze to 0
[17:36:35.591] [SEVERE ] setting player 2 freeze to 0
[17:36:35.594] [SEVERE ] setting player 1 freeze to 0
[17:36:35.594] [SEVERE ] setting player 4 freeze to 0
[17:36:35.607] [SEVERE ] setting player 1 freeze to 0
[17:36:35.610] [SEVERE ] setting player 2 freeze to 0
[17:36:35.610] [SEVERE ] setting player 4 freeze to 0
[17:36:35.610] [SEVERE ] setting player 3 freeze to 0
[17:36:35.622] [SEVERE ] setting player 2 freeze to 0
[17:36:35.623] [SEVERE ] setting player 4 freeze to 0
[17:36:35.624] [SEVERE ] setting player 1 freeze to 0
[17:36:35.624] [SEVERE ] setting player 3 freeze to 0
[17:36:35.634] [SEVERE ] placing card 8 in slot 5
[17:36:35.635] [SEVERE ] setting player 1 freeze to 0
[17:36:35.640] [SEVERE ] setting player 3 freeze to 0
[17:36:35.640] [SEVERE ] setting player 2 freeze to 0
[17:36:35.640] [SEVERE ] setting player 4 freeze to 0
[17:36:35.651] [SEVERE ] setting player 2 freeze to 0
[17:36:35.651] [SEVERE ] setting player 3 freeze to 0
[17:36:35.656] [SEVERE ] setting player 1 freeze to 0
[17:36:35.656] [SEVERE ] setting player 4 freeze to 0
[17:36:35.672] [SEVERE ] setting player 4 freeze to 0
[17:36:35.672] [SEVERE ] setting player 3 freeze to 0
[17:36:35.672] [SEVERE ] setting player 2 freeze to 0
[17:36:35.672] [SEVERE ] setting player 1 freeze to 0
[17:36:35.683] [SEVERE ] setting player 4 freeze to 0
[17:36:35.685] [SEVERE ] setting player 2 freeze to 0
[17:36:35.685] [SEVERE ] setting player 3 freeze to 0
[17:36:35.687] [SEVERE ] setting player 1 freeze to 0
[17:36:35.694] [SEVERE ] setting player 4 freeze to 0
[17:36:35.702] [SEVERE ] setting player 1 freeze to 0
[17:36:35.702] [SEVERE ] setting player 2 freeze to 0
[17:36:35.702] [SEVERE ] setting player 3 freeze to 0
[17:36:35.713] [SEVERE ] setting player 1 freeze to 0
[17:36:35.713] [SEVERE ] setting player 2 freeze to 0
[17:36:35.718] [SEVERE ] setting player 4 freeze to 0
[17:36:35.718] [SEVERE ] setting player 3 freeze to 0
[17:36:35.734] [SEVERE ] setting player 4 freeze to 0
[17:36:35.734] [SEVERE ] setting player 1 freeze to 0
[17:36:35.734] [SEVERE ] setting player 2 freeze to 0
[17:36:35.734] [SEVERE ] setting player 3 freeze to 0
[17:36:35.744] [SEVERE ] setting player 4 freeze to 0
[17:36:35.746] [SEVERE ] setting player 1 freeze to 0
[17:36:35.746] [SEVERE ] setting player 2 freeze to 0
[17:36:35.751] [SEVERE ] setting player 3 freeze to 0
[17:36:35.751] [SEVERE ] placing card 0 in slot 10
[17:36:35.785] [SEVERE ] setting player 3 freeze to 0
[17:36:35.786] [SEVERE ] setting player 4 freeze to 0
[17:36:35.785] [SEVERE ] setting player 1 freeze to 0
[17:36:35.785] [SEVERE ] setting player 2 freeze to 0
[17:36:35.797] [SEVERE ] setting player 4 freeze to 0
[17:36:35.797] [SEVERE ] setting player 3 freeze to 0
[17:36:35.810] [SEVERE ] setting player 3 freeze to 0
[17:36:35.810] [SEVERE ] setting player 2 freeze to 0
[17:36:35.810] [SEVERE ] setting player 1 freeze to 0
[17:36:35.810] [SEVERE ] setting player 4 freeze to 0
[17:36:35.821] [SEVERE ] setting player 3 freeze to 0
[17:36:35.822] [SEVERE ] setting player 2 freeze to 0
[17:36:35.822] [SEVERE ] setting player 1 freeze to 0
[17:36:35.826] [SEVERE ] setting player 4 freeze to 0
[17:36:35.841] [SEVERE ] setting player 1 freeze to 0
[17:36:35.841] [SEVERE ] setting player 3 freeze to 0
[17:36:35.841] [SEVERE ] setting player 2 freeze to 0
[17:36:35.841] [SEVERE ] setting player 4 freeze to 0
[17:36:35.852] [SEVERE ] setting player 3 freeze to 0
[17:36:35.852] [SEVERE ] setting player 1 freeze to 0
[17:36:35.852] [SEVERE ] setting player 2 freeze to 0
[17:36:35.857] [SEVERE ] setting player 4 freeze to 0
[17:36:35.863] [SEVERE ] setting player 3 freeze to 0
[17:36:35.872] [SEVERE ] setting player 4 freeze to 0
[17:36:35.872] [SEVERE ] setting player 1 freeze to 0
[17:36:35.872] [SEVERE ] setting player 2 freeze to 0
[17:36:35.883] [SEVERE ] setting player 4 freeze to 0
[17:36:35.888] [SEVERE ] setting player 2 freeze to 0
[17:36:35.888] [SEVERE ] setting player 3 freeze to 0
[17:36:35.888] [SEVERE ] setting player 1 freeze to 0
[17:36:35.898] [SEVERE ] setting player 2 freeze to 0
[17:36:35.902] [SEVERE ] setting player 1 freeze to 0
[17:36:35.902] [SEVERE ] placing card 58 in slot 3
[17:36:35.902] [SEVERE ] setting player 4 freeze to 0
[17:36:35.902] [SEVERE ] setting player 3 freeze to 0
[17:36:35.913] [SEVERE ] setting player 1 freeze to 0
[17:36:35.913] [SEVERE ] setting player 4 freeze to 0
[17:36:35.949] [SEVERE ] setting player 2 freeze to 0
[17:36:35.949] [SEVERE ] setting player 4 freeze to 0
[17:36:35.949] [SEVERE ] setting player 1 freeze to 0
[17:36:35.949] [SEVERE ] setting player 3 freeze to 0
[17:36:35.960] [SEVERE ] setting player 4 freeze to 0
[17:36:35.960] [SEVERE ] setting player 2 freeze to 0
[17:36:35.960] [SEVERE ] setting player 1 freeze to 0
[17:36:35.965] [SEVERE ] setting player 3 freeze to 0
[17:36:35.971] [SEVERE ] setting player 2 freeze to 0
[17:36:35.971] [SEVERE ] setting player 4 freeze to 0
[17:36:35.981] [SEVERE ] setting player 1 freeze to 0
[17:36:35.981] [SEVERE ] setting player 3 freeze to 0
[17:36:35.996] [SEVERE ] setting player 3 freeze to 0
[17:36:35.996] [SEVERE ] setting player 1 freeze to 0
[17:36:35.996] [SEVERE ] setting player 4 freeze to 0
[17:36:35.996] [SEVERE ] setting player 2 freeze to 0
[17:36:36.003] [SEVERE ] placing card 78 in slot 0
[17:36:36.012] [SEVERE ] setting player 2 freeze to 0
[17:36:36.012] [SEVERE ] setting player 4 freeze to 0
[17:36:36.012] [SEVERE ] setting player 3 freeze to 0
[17:36:36.012] [SEVERE ] setting player 1 freeze to 0
[17:36:36.023] [SEVERE ] setting player 4 freeze to 0
[17:36:36.023] [SEVERE ] setting player 2 freeze to 0
[17:36:36.023] [SEVERE ] setting player 3 freeze to 0
[17:36:36.027] [SEVERE ] setting player 1 freeze to 0
[17:36:36.033] [SEVERE ] setting player 4 freeze to 0
[17:36:36.034] [SEVERE ] setting player 2 freeze to 0
[17:36:36.042] [SEVERE ] setting player 1 freeze to 0
[17:36:36.042] [SEVERE ] setting player 3 freeze to 0
[17:36:36.044] [SEVERE ] setting player 4 freeze to 0
[17:36:36.053] [SEVERE ] setting player 1 freeze to 0
[17:36:36.057] [SEVERE ] setting player 4 freeze to 0
[17:36:36.057] [SEVERE ] setting player 2 freeze to 0
[17:36:36.057] [SEVERE ] setting player 3 freeze to 0
[17:36:36.069] [SEVERE ] setting player 2 freeze to 0
[17:36:36.069] [SEVERE ] setting player 4 freeze to 0
[17:36:36.073] [SEVERE ] setting player 3 freeze to 0
[17:36:36.073] [SEVERE ] setting player 1 freeze to 0
[17:36:36.080] [SEVERE ] setting player 2 freeze to 0
[17:36:36.083] [SEVERE ] setting player 3 freeze to 0
[17:36:36.088] [SEVERE ] setting player 1 freeze to 0
[17:36:36.088] [SEVERE ] setting player 4 freeze to 0
[17:36:36.103] [SEVERE ] setting player 1 freeze to 0
[17:36:36.103] [SEVERE ] setting player 2 freeze to 0
[17:36:36.103] [SEVERE ] setting player 3 freeze to 0
[17:36:36.103] [SEVERE ] setting player 4 freeze to 0
[17:36:36.105] [SEVERE ] placing card 26 in slot 9
[17:36:36.105] [SEVERE ] updating countdown to 7394
[17:36:36.114] [SEVERE ] setting player 3 freeze to 0
[17:36:36.114] [SEVERE ] setting player 1 freeze to 0
[17:36:36.114] [SEVERE ] setting player 4 freeze to 0
[17:36:36.114] [SEVERE ] setting player 2 freeze to 0
[17:36:36.148] [SEVERE ] setting player 3 score to 1
[17:36:36.152] [SEVERE ] setting player 4 score to 1
[17:36:36.152] [SEVERE ] setting player 4 freeze to 0
[17:36:36.152] [SEVERE ] setting player 2 freeze to 0
[17:36:36.152] [SEVERE ] player 4 placing token on slot 0
[17:36:36.152] [SEVERE ] setting player 4 freeze to 1000
[17:36:36.152] [SEVERE ] removing player 4 token from slot 0
[17:36:36.152] [SEVERE ] setting player 2 score to 1
[17:36:36.153] [SEVERE ] setting player 3 freeze to 999
[17:40:20.781] [SEVERE ] setting player 3 freeze to 0
[17:40:20.786] [SEVERE ] setting player 3 freeze to 0
[17:40:20.787] [SEVERE ] player 3 placing token on slot 2
[17:40:20.790] [SEVERE ] player 2 placing token on slot 1
[17:40:20.791] [SEVERE ] player 2 placing token on slot 7
[17:40:20.787] [SEVERE ] setting player 4 freeze to 0
[17:40:20.826] [SEVERE ] player 4 placing token on slot 4
[17:40:20.902] [SEVERE ] removing tokens from slot 0
[17:40:20.902] [SEVERE ] removing card from slot 0
[17:40:21.024] [INFO   ] thread dealer terminated.
