[2022-12-12 17:05:21] [INFO   ] cannot read configuration file config.properties trying from resources.
[2022-12-12 17:05:22] [INFO   ] configuration file was loaded from resources directory.
[2022-12-12 17:05:22] [INFO   ] Thread dealer starting.
[2022-12-12 17:05:22] [INFO   ] Thread Player 0starting.
[2022-12-12 17:05:22] [INFO   ] Thread Player 1starting.
[2022-12-12 17:05:22] [SEVERE ] placing card 3 in slot 0
[2022-12-12 17:05:22] [SEVERE ] placing card 37 in slot 1
[2022-12-12 17:05:23] [SEVERE ] placing card 10 in slot 2
[2022-12-12 17:05:23] [SEVERE ] placing card 1 in slot 3
[2022-12-12 17:05:23] [SEVERE ] placing card 52 in slot 4
[2022-12-12 17:05:23] [SEVERE ] placing card 32 in slot 5
[2022-12-12 17:05:23] [SEVERE ] placing card 65 in slot 6
[2022-12-12 17:05:23] [SEVERE ] placing card 70 in slot 7
[2022-12-12 17:05:23] [SEVERE ] placing card 15 in slot 8
[2022-12-12 17:05:23] [SEVERE ] placing card 16 in slot 9
[2022-12-12 17:05:23] [SEVERE ] placing card 42 in slot 10
[2022-12-12 17:05:23] [SEVERE ] placing card 30 in slot 11
[2022-12-12 17:05:25] [SEVERE ] Key 81 was pressed by player 0
[2022-12-12 17:05:25] [SEVERE ] player 0 placing token on slot 0
[2022-12-12 17:05:25] [SEVERE ] Key 87 was pressed by player 0
[2022-12-12 17:05:25] [SEVERE ] player 0 placing token on slot 1
[2022-12-12 17:05:25] [SEVERE ] Key 69 was pressed by player 0
[2022-12-12 17:05:25] [SEVERE ] player 0 placing token on slot 2
[2022-12-12 17:05:25] [SEVERE ] setting player 0 freeze to 1000
[2022-12-12 17:05:26] [SEVERE ] removing player 0 token from slot 0
[2022-12-12 17:05:26] [SEVERE ] removing player 0 token from slot 1
[2022-12-12 17:05:26] [SEVERE ] removing player 0 token from slot 2
[2022-12-12 17:05:27] [SEVERE ] Key 69 was pressed by player 0
[2022-12-12 17:05:27] [SEVERE ] player 0 placing token on slot 2
[2022-12-12 17:05:27] [SEVERE ] Key 87 was pressed by player 0
[2022-12-12 17:05:27] [SEVERE ] player 0 placing token on slot 1
[2022-12-12 17:05:27] [SEVERE ] Key 81 was pressed by player 0
[2022-12-12 17:05:27] [SEVERE ] player 0 placing token on slot 0
[2022-12-12 17:05:27] [SEVERE ] setting player 0 freeze to 1000
[2022-12-12 17:05:28] [SEVERE ] removing player 0 token from slot 2
[2022-12-12 17:05:28] [SEVERE ] removing player 0 token from slot 1
[2022-12-12 17:05:28] [SEVERE ] removing player 0 token from slot 0
[2022-12-12 17:05:29] [SEVERE ] Key 81 was pressed by player 0
[2022-12-12 17:05:29] [SEVERE ] player 0 placing token on slot 0
[2022-12-12 17:05:29] [SEVERE ] Key 87 was pressed by player 0
[2022-12-12 17:05:29] [SEVERE ] player 0 placing token on slot 1
[2022-12-12 17:05:29] [SEVERE ] Key 69 was pressed by player 0
[2022-12-12 17:05:29] [SEVERE ] player 0 placing token on slot 2
[2022-12-12 17:05:29] [SEVERE ] setting player 0 freeze to 1000
[2022-12-12 17:05:30] [SEVERE ] removing player 0 token from slot 0
[2022-12-12 17:05:30] [SEVERE ] removing player 0 token from slot 1
[2022-12-12 17:05:30] [SEVERE ] removing player 0 token from slot 2
[2022-12-12 17:05:34] [SEVERE ] Key 81 was pressed by player 0
[2022-12-12 17:05:34] [SEVERE ] player 0 placing token on slot 0
[2022-12-12 17:05:34] [SEVERE ] Key 87 was pressed by player 0
[2022-12-12 17:05:34] [SEVERE ] player 0 placing token on slot 1
[2022-12-12 17:05:34] [SEVERE ] Key 69 was pressed by player 0
[2022-12-12 17:05:34] [SEVERE ] player 0 placing token on slot 2
[2022-12-12 17:05:34] [SEVERE ] setting player 0 freeze to 1000
[2022-12-12 17:05:35] [SEVERE ] removing player 0 token from slot 0
[2022-12-12 17:05:35] [SEVERE ] removing player 0 token from slot 1
[2022-12-12 17:05:35] [SEVERE ] removing player 0 token from slot 2
[2022-12-12 17:05:35] [SEVERE ] Key 69 was pressed by player 0
[2022-12-12 17:05:35] [SEVERE ] player 0 placing token on slot 2
[2022-12-12 17:05:35] [SEVERE ] Key 87 was pressed by player 0
[2022-12-12 17:05:35] [SEVERE ] player 0 placing token on slot 1
[2022-12-12 17:05:35] [SEVERE ] Key 81 was pressed by player 0
[2022-12-12 17:05:35] [SEVERE ] player 0 placing token on slot 0
[2022-12-12 17:05:35] [SEVERE ] setting player 0 freeze to 1000
[2022-12-12 17:05:36] [SEVERE ] removing player 0 token from slot 2
[2022-12-12 17:05:36] [SEVERE ] removing player 0 token from slot 1
[2022-12-12 17:05:36] [SEVERE ] removing player 0 token from slot 0
[2022-12-12 17:05:36] [SEVERE ] Key 87 was pressed by player 0
[2022-12-12 17:05:36] [SEVERE ] player 0 placing token on slot 1
[2022-12-12 17:05:36] [SEVERE ] Key 69 was pressed by player 0
[2022-12-12 17:05:36] [SEVERE ] player 0 placing token on slot 2
[2022-12-12 17:05:36] [SEVERE ] Key 81 was pressed by player 0
[2022-12-12 17:05:36] [SEVERE ] player 0 placing token on slot 0
[2022-12-12 17:05:36] [SEVERE ] setting player 0 freeze to 1000
[2022-12-12 17:05:37] [SEVERE ] removing player 0 token from slot 1
[2022-12-12 17:05:37] [SEVERE ] removing player 0 token from slot 2
[2022-12-12 17:05:37] [SEVERE ] removing player 0 token from slot 0
[2022-12-12 17:05:37] [SEVERE ] Key 87 was pressed by player 0
[2022-12-12 17:05:37] [SEVERE ] player 0 placing token on slot 1
[2022-12-12 17:05:37] [SEVERE ] Key 69 was pressed by player 0
[2022-12-12 17:05:37] [SEVERE ] player 0 placing token on slot 2
[2022-12-12 17:05:37] [SEVERE ] Key 81 was pressed by player 0
[2022-12-12 17:05:37] [SEVERE ] player 0 placing token on slot 0
[2022-12-12 17:05:37] [SEVERE ] setting player 0 freeze to 1000
[2022-12-12 17:05:38] [SEVERE ] removing player 0 token from slot 1
[2022-12-12 17:05:38] [SEVERE ] removing player 0 token from slot 2
[2022-12-12 17:05:38] [SEVERE ] removing player 0 token from slot 0
[2022-12-12 17:05:38] [SEVERE ] Key 87 was pressed by player 0
[2022-12-12 17:05:38] [SEVERE ] player 0 placing token on slot 1
[2022-12-12 17:05:38] [SEVERE ] Key 69 was pressed by player 0
[2022-12-12 17:05:38] [SEVERE ] player 0 placing token on slot 2
[2022-12-12 17:05:38] [SEVERE ] removing player 0 token from slot 1
[2022-12-12 17:05:38] [SEVERE ] removing player 0 token from slot 2
[2022-12-12 17:05:39] [SEVERE ] removing card from slot 0
[2022-12-12 17:05:39] [SEVERE ] removing card from slot 1
[2022-12-12 17:05:39] [SEVERE ] removing card from slot 2
[2022-12-12 17:05:39] [SEVERE ] removing card from slot 3
[2022-12-12 17:05:39] [SEVERE ] removing card from slot 4
[2022-12-12 17:05:39] [SEVERE ] removing card from slot 5
[2022-12-12 17:05:39] [SEVERE ] removing card from slot 6
[2022-12-12 17:05:39] [SEVERE ] removing card from slot 7
[2022-12-12 17:05:39] [SEVERE ] removing card from slot 8
[2022-12-12 17:05:39] [SEVERE ] removing card from slot 9
[2022-12-12 17:05:40] [SEVERE ] removing card from slot 10
[2022-12-12 17:05:40] [SEVERE ] removing card from slot 11
[2022-12-12 17:05:40] [SEVERE ] placing card 76 in slot 0
[2022-12-12 17:05:40] [SEVERE ] placing card 0 in slot 1
[2022-12-12 17:05:40] [SEVERE ] placing card 69 in slot 2
[2022-12-12 17:05:40] [SEVERE ] placing card 66 in slot 3
[2022-12-12 17:05:40] [SEVERE ] placing card 6 in slot 4
[2022-12-12 17:05:40] [SEVERE ] placing card 77 in slot 5
[2022-12-12 17:05:40] [SEVERE ] placing card 67 in slot 6
[2022-12-12 17:05:40] [SEVERE ] placing card 48 in slot 7
[2022-12-12 17:05:41] [SEVERE ] placing card 75 in slot 8
[2022-12-12 17:05:41] [SEVERE ] placing card 28 in slot 9
[2022-12-12 17:05:41] [SEVERE ] placing card 20 in slot 10
[2022-12-12 17:05:41] [SEVERE ] placing card 25 in slot 11
[2022-12-12 17:05:56] [SEVERE ] removing card from slot 0
[2022-12-12 17:05:56] [SEVERE ] removing card from slot 1
[2022-12-12 17:05:56] [SEVERE ] removing card from slot 2
[2022-12-12 17:05:56] [SEVERE ] removing card from slot 3
[2022-12-12 17:05:56] [SEVERE ] removing card from slot 4
[2022-12-12 17:05:56] [SEVERE ] removing card from slot 5
[2022-12-12 17:05:57] [SEVERE ] removing card from slot 6
[2022-12-12 17:05:57] [SEVERE ] removing card from slot 7
[2022-12-12 17:05:57] [SEVERE ] removing card from slot 8
[2022-12-12 17:05:57] [SEVERE ] removing card from slot 9
[2022-12-12 17:05:57] [SEVERE ] removing card from slot 10
[2022-12-12 17:05:57] [SEVERE ] removing card from slot 11
[2022-12-12 17:05:57] [SEVERE ] placing card 27 in slot 0
[2022-12-12 17:05:57] [SEVERE ] placing card 23 in slot 1
[2022-12-12 17:05:57] [SEVERE ] placing card 53 in slot 2
[2022-12-12 17:05:57] [SEVERE ] placing card 11 in slot 3
[2022-12-12 17:05:58] [SEVERE ] placing card 79 in slot 4
[2022-12-12 17:05:58] [SEVERE ] placing card 51 in slot 5
[2022-12-12 17:05:58] [SEVERE ] placing card 37 in slot 6
[2022-12-12 17:05:58] [SEVERE ] placing card 57 in slot 7
[2022-12-12 17:05:58] [SEVERE ] placing card 29 in slot 8
[2022-12-12 17:05:58] [SEVERE ] placing card 74 in slot 9
[2022-12-12 17:05:58] [SEVERE ] placing card 10 in slot 10
[2022-12-12 17:05:58] [SEVERE ] placing card 0 in slot 11
