[14:49:49.579] [INFO   ] thread main starting.
[14:49:49.591] [SEVERE ] cannot read configuration file config.properties trying from resources.
[14:49:49.596] [SEVERE ] configuration file was loaded from resources directory.
[14:49:50.299] [INFO   ] thread dealer starting.
[14:49:50.301] [INFO   ] Thread dealer starting.
[14:49:50.313] [INFO   ] Thread Player 0 starting.
[14:49:50.314] [INFO   ] Thread Player 1 starting.
[14:49:50.315] [INFO   ] Thread Player 3 starting.
[14:49:50.315] [INFO   ] Thread Player 2 starting.
[14:49:50.425] [INFO   ] Thread computer-1 starting.
[14:49:50.427] [INFO   ] Thread computer-2 starting.
[14:49:50.433] [INFO   ] Thread computer-3 starting.
[14:49:50.500] [SEVERE ] placing card 57 in slot 0
[14:49:50.611] [SEVERE ] placing card 62 in slot 1
[14:49:50.723] [SEVERE ] placing card 66 in slot 2
[14:49:50.835] [SEVERE ] placing card 39 in slot 3
[14:49:50.946] [SEVERE ] placing card 30 in slot 4
[14:49:51.057] [SEVERE ] placing card 49 in slot 5
[14:49:51.168] [SEVERE ] placing card 0 in slot 6
[14:49:51.278] [SEVERE ] placing card 6 in slot 7
[14:49:51.389] [SEVERE ] placing card 47 in slot 8
[14:49:51.500] [SEVERE ] placing card 73 in slot 9
[14:49:51.611] [SEVERE ] placing card 10 in slot 10
[14:49:51.721] [SEVERE ] placing card 16 in slot 11
[14:49:51.723] [SEVERE ] player 4 placing token on slot 3
[14:49:51.723] [SEVERE ] player 2 placing token on slot 3
[14:49:51.725] [SEVERE ] player 3 placing token on slot 6
[14:49:51.736] [SEVERE ] updating countdown to 9985
[14:49:51.748] [SEVERE ] updating countdown to 9973
[14:49:51.760] [SEVERE ] updating countdown to 9961
[14:49:51.772] [SEVERE ] updating countdown to 9949
[14:49:51.830] [SEVERE ] updating countdown to 9891
[14:49:51.842] [SEVERE ] updating countdown to 9879
[14:49:51.853] [SEVERE ] updating countdown to 9868
[14:49:51.864] [SEVERE ] updating countdown to 9857
[14:49:51.875] [SEVERE ] updating countdown to 9846
[14:49:51.886] [SEVERE ] updating countdown to 9835
[14:49:51.897] [SEVERE ] updating countdown to 9824
[14:49:51.908] [SEVERE ] updating countdown to 9813
[14:49:51.919] [SEVERE ] updating countdown to 9802
[14:49:51.930] [SEVERE ] updating countdown to 9791
[14:49:51.941] [SEVERE ] updating countdown to 9780
[14:49:51.952] [SEVERE ] updating countdown to 9769
[14:49:51.963] [SEVERE ] updating countdown to 9758
[14:49:51.974] [SEVERE ] updating countdown to 9747
[14:49:51.985] [SEVERE ] updating countdown to 9736
[14:49:51.996] [SEVERE ] updating countdown to 9725
[14:49:52.007] [SEVERE ] updating countdown to 9714
[14:49:52.010] [SEVERE ] player 4 placing token on slot 2
[14:49:52.011] [SEVERE ] player 3 placing token on slot 3
[14:49:52.011] [SEVERE ] player 2 placing token on slot 10
[14:49:52.018] [SEVERE ] updating countdown to 9703
[14:49:52.029] [SEVERE ] updating countdown to 9692
[14:49:52.039] [SEVERE ] updating countdown to 9682
[14:49:52.050] [SEVERE ] updating countdown to 9671
[14:49:52.061] [SEVERE ] updating countdown to 9660
[14:49:52.072] [SEVERE ] updating countdown to 9649
[14:49:52.083] [SEVERE ] updating countdown to 9638
[14:49:52.094] [SEVERE ] updating countdown to 9627
[14:49:52.105] [SEVERE ] updating countdown to 9616
[14:49:52.116] [SEVERE ] updating countdown to 9605
[14:49:52.127] [SEVERE ] updating countdown to 9594
[14:49:52.138] [SEVERE ] updating countdown to 9583
[14:49:52.149] [SEVERE ] updating countdown to 9572
[14:49:52.160] [SEVERE ] updating countdown to 9561
[14:49:52.171] [SEVERE ] updating countdown to 9550
[14:49:52.182] [SEVERE ] updating countdown to 9539
[14:49:52.193] [SEVERE ] updating countdown to 9528
[14:49:52.204] [SEVERE ] updating countdown to 9517
[14:49:52.215] [SEVERE ] updating countdown to 9506
[14:49:52.226] [SEVERE ] updating countdown to 9495
[14:49:52.237] [SEVERE ] updating countdown to 9484
[14:49:52.248] [SEVERE ] updating countdown to 9473
[14:49:52.259] [SEVERE ] updating countdown to 9462
[14:49:52.270] [SEVERE ] updating countdown to 9451
[14:49:52.281] [SEVERE ] updating countdown to 9440
[14:49:52.292] [SEVERE ] updating countdown to 9429
[14:49:52.296] [SEVERE ] player 4 placing token on slot 10
[14:49:52.297] [SEVERE ] removing player 3 token from slot 3
[14:49:52.298] [SEVERE ] player 2 placing token on slot 7
[14:49:52.307] [SEVERE ] updating countdown to 9414
[14:49:52.307] [SEVERE ] setting player 2 freeze to 3000
[14:49:52.307] [SEVERE ] setting player 4 freeze to 3000
[14:49:52.319] [SEVERE ] setting player 2 freeze to 2988
[14:49:52.319] [SEVERE ] updating countdown to 9402
[14:49:52.319] [SEVERE ] setting player 4 freeze to 2988
[14:49:52.330] [SEVERE ] setting player 4 freeze to 2977
[14:49:52.330] [SEVERE ] updating countdown to 9391
[14:49:52.330] [SEVERE ] setting player 2 freeze to 2977
[14:49:52.341] [SEVERE ] setting player 4 freeze to 2966
[14:49:52.342] [SEVERE ] setting player 2 freeze to 2965
[14:49:52.342] [SEVERE ] updating countdown to 9379
[14:49:52.352] [SEVERE ] setting player 4 freeze to 2955
[14:49:52.353] [SEVERE ] setting player 2 freeze to 2954
[14:49:52.354] [SEVERE ] updating countdown to 9367
[14:49:52.363] [SEVERE ] setting player 4 freeze to 2944
[14:49:52.364] [SEVERE ] setting player 2 freeze to 2943
[14:49:52.365] [SEVERE ] updating countdown to 9356
[14:49:52.374] [SEVERE ] setting player 4 freeze to 2933
[14:49:52.375] [SEVERE ] setting player 2 freeze to 2932
[14:49:52.376] [SEVERE ] updating countdown to 9345
[14:49:52.385] [SEVERE ] setting player 4 freeze to 2922
[14:49:52.386] [SEVERE ] setting player 2 freeze to 2921
[14:49:52.387] [SEVERE ] updating countdown to 9334
[14:49:52.396] [SEVERE ] setting player 4 freeze to 2911
[14:49:52.397] [SEVERE ] setting player 2 freeze to 2910
[14:49:52.398] [SEVERE ] updating countdown to 9323
[14:49:52.407] [SEVERE ] setting player 4 freeze to 2900
[14:49:52.408] [SEVERE ] setting player 2 freeze to 2899
[14:49:52.409] [SEVERE ] updating countdown to 9312
[14:49:52.417] [SEVERE ] setting player 4 freeze to 2890
[14:49:52.418] [SEVERE ] setting player 2 freeze to 2889
[14:49:52.419] [SEVERE ] updating countdown to 9302
[14:49:52.428] [SEVERE ] setting player 4 freeze to 2879
[14:49:52.429] [SEVERE ] setting player 2 freeze to 2878
[14:49:52.430] [SEVERE ] updating countdown to 9291
[14:49:52.439] [SEVERE ] setting player 4 freeze to 2868
[14:49:52.440] [SEVERE ] setting player 2 freeze to 2867
[14:49:52.441] [SEVERE ] updating countdown to 9280
[14:49:52.450] [SEVERE ] setting player 4 freeze to 2857
[14:49:52.451] [SEVERE ] setting player 2 freeze to 2856
[14:49:52.452] [SEVERE ] updating countdown to 9269
[14:49:52.461] [SEVERE ] setting player 4 freeze to 2846
[14:49:52.462] [SEVERE ] setting player 2 freeze to 2845
[14:49:52.463] [SEVERE ] updating countdown to 9258
[14:49:52.472] [SEVERE ] setting player 4 freeze to 2835
[14:49:52.473] [SEVERE ] setting player 2 freeze to 2834
[14:49:52.474] [SEVERE ] updating countdown to 9247
[14:49:52.483] [SEVERE ] setting player 4 freeze to 2824
[14:49:52.484] [SEVERE ] setting player 2 freeze to 2823
[14:49:52.485] [SEVERE ] updating countdown to 9236
[14:49:52.494] [SEVERE ] setting player 4 freeze to 2813
[14:49:52.495] [SEVERE ] setting player 2 freeze to 2812
[14:49:52.496] [SEVERE ] updating countdown to 9225
[14:49:52.505] [SEVERE ] setting player 4 freeze to 2802
[14:49:52.506] [SEVERE ] setting player 2 freeze to 2801
[14:49:52.507] [SEVERE ] updating countdown to 9214
[14:49:52.516] [SEVERE ] setting player 4 freeze to 2791
[14:49:52.517] [SEVERE ] setting player 2 freeze to 2790
[14:49:52.518] [SEVERE ] updating countdown to 9203
[14:49:52.527] [SEVERE ] setting player 4 freeze to 2780
[14:49:52.528] [SEVERE ] setting player 2 freeze to 2779
[14:49:52.529] [SEVERE ] updating countdown to 9192
[14:49:52.538] [SEVERE ] setting player 4 freeze to 2769
[14:49:52.539] [SEVERE ] setting player 2 freeze to 2768
[14:49:52.540] [SEVERE ] updating countdown to 9181
[14:49:52.549] [SEVERE ] setting player 4 freeze to 2758
[14:49:52.550] [SEVERE ] setting player 2 freeze to 2757
[14:49:52.551] [SEVERE ] updating countdown to 9170
[14:49:52.560] [SEVERE ] setting player 4 freeze to 2747
[14:49:52.561] [SEVERE ] setting player 2 freeze to 2746
[14:49:52.562] [SEVERE ] updating countdown to 9159
[14:49:52.571] [SEVERE ] setting player 4 freeze to 2736
[14:49:52.572] [SEVERE ] setting player 2 freeze to 2735
[14:49:52.573] [SEVERE ] updating countdown to 9148
[14:49:52.582] [SEVERE ] setting player 4 freeze to 2725
[14:49:52.583] [SEVERE ] setting player 2 freeze to 2724
[14:49:52.583] [SEVERE ] player 3 placing token on slot 11
[14:49:52.584] [SEVERE ] updating countdown to 9137
[14:49:52.593] [SEVERE ] setting player 4 freeze to 2714
[14:49:52.594] [SEVERE ] setting player 2 freeze to 2713
[14:49:52.595] [SEVERE ] updating countdown to 9126
[14:49:52.604] [SEVERE ] setting player 4 freeze to 2703
[14:49:52.605] [SEVERE ] setting player 2 freeze to 2702
[14:49:52.606] [SEVERE ] updating countdown to 9115
[14:49:52.615] [SEVERE ] setting player 4 freeze to 2692
[14:49:52.616] [SEVERE ] setting player 2 freeze to 2691
[14:49:52.617] [SEVERE ] updating countdown to 9104
[14:49:52.626] [SEVERE ] setting player 4 freeze to 2681
[14:49:52.627] [SEVERE ] setting player 2 freeze to 2680
[14:49:52.628] [SEVERE ] updating countdown to 9093
[14:49:52.637] [SEVERE ] setting player 4 freeze to 2670
[14:49:52.638] [SEVERE ] setting player 2 freeze to 2669
[14:49:52.639] [SEVERE ] updating countdown to 9082
[14:49:52.648] [SEVERE ] setting player 4 freeze to 2659
[14:49:52.649] [SEVERE ] setting player 2 freeze to 2658
[14:49:52.650] [SEVERE ] updating countdown to 9071
[14:49:52.659] [SEVERE ] setting player 4 freeze to 2648
[14:49:52.660] [SEVERE ] setting player 2 freeze to 2647
[14:49:52.661] [SEVERE ] updating countdown to 9060
[14:49:52.670] [SEVERE ] setting player 4 freeze to 2637
[14:49:52.671] [SEVERE ] setting player 2 freeze to 2636
[14:49:52.672] [SEVERE ] updating countdown to 9049
[14:49:52.681] [SEVERE ] setting player 4 freeze to 2626
[14:49:52.682] [SEVERE ] setting player 2 freeze to 2625
[14:49:52.683] [SEVERE ] updating countdown to 9038
[14:49:52.692] [SEVERE ] setting player 4 freeze to 2615
[14:49:52.693] [SEVERE ] setting player 2 freeze to 2614
[14:49:52.694] [SEVERE ] updating countdown to 9027
[14:49:52.703] [SEVERE ] setting player 4 freeze to 2604
[14:49:52.704] [SEVERE ] setting player 2 freeze to 2603
[14:49:52.705] [SEVERE ] updating countdown to 9016
[14:49:52.714] [SEVERE ] setting player 4 freeze to 2593
[14:49:52.715] [SEVERE ] setting player 2 freeze to 2592
[14:49:52.716] [SEVERE ] updating countdown to 9005
[14:49:52.725] [SEVERE ] setting player 4 freeze to 2582
[14:49:52.726] [SEVERE ] setting player 2 freeze to 2581
[14:49:52.727] [SEVERE ] updating countdown to 8994
[14:49:52.736] [SEVERE ] setting player 4 freeze to 2571
[14:49:52.737] [SEVERE ] setting player 2 freeze to 2570
[14:49:52.738] [SEVERE ] updating countdown to 8983
[14:49:52.747] [SEVERE ] setting player 4 freeze to 2560
[14:49:52.748] [SEVERE ] setting player 2 freeze to 2559
[14:49:52.749] [SEVERE ] updating countdown to 8972
[14:49:52.758] [SEVERE ] setting player 4 freeze to 2549
[14:49:52.759] [SEVERE ] setting player 2 freeze to 2548
[14:49:52.760] [SEVERE ] updating countdown to 8961
[14:49:52.769] [SEVERE ] setting player 4 freeze to 2538
[14:49:52.770] [SEVERE ] setting player 2 freeze to 2537
[14:49:52.771] [SEVERE ] updating countdown to 8950
[14:49:52.780] [SEVERE ] setting player 4 freeze to 2527
[14:49:52.781] [SEVERE ] setting player 2 freeze to 2526
[14:49:52.782] [SEVERE ] updating countdown to 8939
[14:49:52.783] [SEVERE ] exit button pressed
[14:49:52.790] [INFO   ] Thread computer-3 terminated.
[14:49:52.790] [INFO   ] Thread Player 3 terminated.
[14:49:52.791] [SEVERE ] setting player 2 freeze to 2516
[14:49:52.792] [SEVERE ] updating countdown to 8929
[14:49:52.792] [SEVERE ] updating countdown to 10000
[14:49:52.792] [SEVERE ] updating countdown to 10000
[14:49:52.794] [SEVERE ] announcing winner(s): player 1, player 2, player 3, player 4
[14:49:52.796] [INFO   ] Thread dealer terminated.
[14:49:52.796] [INFO   ] thread dealer terminated.
[14:49:52.796] [SEVERE ] disposing of user interface elements
[14:49:52.802] [SEVERE ] setting player 2 freeze to 2505
[14:49:52.813] [SEVERE ] setting player 2 freeze to 2494
[14:49:52.824] [SEVERE ] setting player 2 freeze to 2483
[14:49:52.835] [SEVERE ] setting player 2 freeze to 2472
[14:49:52.846] [SEVERE ] setting player 2 freeze to 2461
[14:49:52.857] [SEVERE ] setting player 2 freeze to 2450
[14:49:52.868] [SEVERE ] setting player 2 freeze to 2439
[14:49:52.869] [SEVERE ] player 3 placing token on slot 10
[14:49:52.879] [SEVERE ] setting player 2 freeze to 2428
[14:49:52.890] [SEVERE ] setting player 2 freeze to 2417
[14:49:52.901] [SEVERE ] setting player 2 freeze to 2406
[14:49:52.912] [SEVERE ] setting player 2 freeze to 2395
[14:49:52.967] [SEVERE ] setting player 2 freeze to 2340
[14:49:52.978] [SEVERE ] setting player 2 freeze to 2329
[14:49:52.989] [SEVERE ] setting player 2 freeze to 2318
[14:49:53.000] [SEVERE ] setting player 2 freeze to 2307
[14:49:53.011] [SEVERE ] setting player 2 freeze to 2296
[14:49:53.022] [SEVERE ] setting player 2 freeze to 2285
[14:49:53.033] [SEVERE ] setting player 2 freeze to 2274
[14:49:53.044] [SEVERE ] setting player 2 freeze to 2263
[14:49:53.055] [SEVERE ] setting player 2 freeze to 2252
[14:49:53.066] [SEVERE ] setting player 2 freeze to 2241
[14:49:53.077] [SEVERE ] setting player 2 freeze to 2230
[14:49:53.088] [SEVERE ] setting player 2 freeze to 2219
[14:49:53.099] [SEVERE ] setting player 2 freeze to 2208
[14:49:53.110] [SEVERE ] setting player 2 freeze to 2197
[14:49:53.121] [SEVERE ] setting player 2 freeze to 2186
[14:49:53.132] [SEVERE ] setting player 2 freeze to 2175
[14:49:53.143] [SEVERE ] setting player 2 freeze to 2164
[14:49:53.154] [SEVERE ] setting player 2 freeze to 2153
[14:49:53.156] [INFO   ] Thread computer-2 terminated.
[14:49:53.156] [INFO   ] Thread Player 2 terminated.
[14:49:53.164] [SEVERE ] setting player 2 freeze to 2143
[14:49:53.175] [SEVERE ] setting player 2 freeze to 2132
[14:49:53.186] [SEVERE ] setting player 2 freeze to 2121
[14:49:53.197] [SEVERE ] setting player 2 freeze to 2110
[14:49:53.208] [SEVERE ] setting player 2 freeze to 2099
[14:49:53.219] [SEVERE ] setting player 2 freeze to 2088
[14:49:53.230] [SEVERE ] setting player 2 freeze to 2077
[14:49:53.241] [SEVERE ] setting player 2 freeze to 2066
[14:49:53.252] [SEVERE ] setting player 2 freeze to 2055
[14:49:53.263] [SEVERE ] setting player 2 freeze to 2044
[14:49:53.274] [SEVERE ] setting player 2 freeze to 2033
[14:49:53.285] [SEVERE ] setting player 2 freeze to 2022
[14:49:53.296] [SEVERE ] setting player 2 freeze to 2011
[14:49:53.307] [SEVERE ] setting player 2 freeze to 2000
[14:49:53.318] [SEVERE ] setting player 2 freeze to 1989
[14:49:53.329] [SEVERE ] setting player 2 freeze to 1978
[14:49:53.340] [SEVERE ] setting player 2 freeze to 1967
[14:49:53.351] [SEVERE ] setting player 2 freeze to 1956
[14:49:53.362] [INFO   ] Thread computer-1 terminated.
[14:49:53.362] [INFO   ] Thread Player 1 terminated.
[14:49:53.643] [INFO   ] Thread Player 0 terminated.
[14:49:53.643] [SEVERE ] thanks for playing... it was fun!
[14:49:53.644] [INFO   ] thread main terminated.
