[2022-12-12 17:31:02] [INFO   ] cannot read configuration file config.properties trying from resources.
[2022-12-12 17:31:02] [INFO   ] configuration file was loaded from resources directory.
[2022-12-12 17:31:03] [INFO   ] Thread dealer starting.
[2022-12-12 17:31:03] [INFO   ] Thread Player 0starting.
[2022-12-12 17:31:03] [INFO   ] Thread Player 1starting.
[2022-12-12 17:31:03] [SEVERE ] placing card 58 in slot 0
[2022-12-12 17:31:03] [SEVERE ] placing card 36 in slot 1
[2022-12-12 17:31:03] [SEVERE ] placing card 53 in slot 2
[2022-12-12 17:31:03] [SEVERE ] placing card 12 in slot 3
[2022-12-12 17:31:03] [SEVERE ] placing card 2 in slot 4
[2022-12-12 17:31:03] [SEVERE ] placing card 17 in slot 5
[2022-12-12 17:31:03] [SEVERE ] placing card 55 in slot 6
[2022-12-12 17:31:03] [SEVERE ] placing card 30 in slot 7
[2022-12-12 17:31:04] [SEVERE ] placing card 24 in slot 8
[2022-12-12 17:31:04] [SEVERE ] placing card 40 in slot 9
[2022-12-12 17:31:04] [SEVERE ] placing card 3 in slot 10
[2022-12-12 17:31:04] [SEVERE ] placing card 74 in slot 11
[2022-12-12 17:31:06] [SEVERE ] Key 81 was pressed by player 0
[2022-12-12 17:31:06] [SEVERE ] player 0 placing token on slot 0
[2022-12-12 17:31:06] [SEVERE ] Key 87 was pressed by player 0
[2022-12-12 17:31:06] [SEVERE ] player 0 placing token on slot 1
[2022-12-12 17:31:06] [SEVERE ] Key 69 was pressed by player 0
[2022-12-12 17:31:06] [SEVERE ] player 0 placing token on slot 2
[2022-12-12 17:31:06] [SEVERE ] setting player 0 freeze to 1000
[2022-12-12 17:31:13] [SEVERE ] Key 81 was pressed by player 0
[2022-12-12 17:31:13] [SEVERE ] removing player 0 token from slot 0
[2022-12-12 17:31:13] [SEVERE ] Key 87 was pressed by player 0
[2022-12-12 17:31:13] [SEVERE ] removing player 0 token from slot 1
[2022-12-12 17:31:13] [SEVERE ] Key 69 was pressed by player 0
[2022-12-12 17:31:13] [SEVERE ] removing player 0 token from slot 2
