[2022-12-12 17:34:51] [INFO   ] cannot read configuration file config.properties trying from resources.
[2022-12-12 17:34:51] [INFO   ] configuration file was loaded from resources directory.
[2022-12-12 17:34:52] [INFO   ] Thread dealer starting.
[2022-12-12 17:34:52] [INFO   ] Thread Player 0starting.
[2022-12-12 17:34:52] [INFO   ] Thread Player 1starting.
[2022-12-12 17:34:52] [SEVERE ] placing card 74 in slot 0
[2022-12-12 17:34:52] [SEVERE ] placing card 79 in slot 1
[2022-12-12 17:34:52] [SEVERE ] placing card 1 in slot 2
[2022-12-12 17:34:52] [SEVERE ] placing card 67 in slot 3
[2022-12-12 17:34:52] [SEVERE ] placing card 36 in slot 4
[2022-12-12 17:34:52] [SEVERE ] placing card 50 in slot 5
[2022-12-12 17:34:52] [SEVERE ] placing card 25 in slot 6
[2022-12-12 17:34:53] [SEVERE ] placing card 75 in slot 7
[2022-12-12 17:34:53] [SEVERE ] placing card 44 in slot 8
[2022-12-12 17:34:53] [SEVERE ] placing card 62 in slot 9
[2022-12-12 17:34:53] [SEVERE ] placing card 33 in slot 10
[2022-12-12 17:34:53] [SEVERE ] placing card 46 in slot 11
[2022-12-12 17:34:54] [SEVERE ] Key 81 was pressed by player 0
[2022-12-12 17:34:54] [SEVERE ] player 0 placing token on slot 0
[2022-12-12 17:34:54] [SEVERE ] Key 87 was pressed by player 0
[2022-12-12 17:34:54] [SEVERE ] player 0 placing token on slot 1
[2022-12-12 17:34:54] [SEVERE ] Key 69 was pressed by player 0
[2022-12-12 17:34:54] [SEVERE ] player 0 placing token on slot 2
[2022-12-12 17:34:54] [SEVERE ] setting player 0 freeze to 1000
[2022-12-12 17:34:55] [SEVERE ] removing player 0 token from slot 0
[2022-12-12 17:34:55] [SEVERE ] removing player 0 token from slot 1
[2022-12-12 17:34:55] [SEVERE ] removing player 0 token from slot 2
[2022-12-12 17:35:08] [SEVERE ] removing card from slot 0
[2022-12-12 17:35:08] [SEVERE ] removing card from slot 1
[2022-12-12 17:35:08] [SEVERE ] removing card from slot 2
[2022-12-12 17:35:08] [SEVERE ] removing card from slot 3
[2022-12-12 17:35:08] [SEVERE ] removing card from slot 4
[2022-12-12 17:35:09] [SEVERE ] Key 85 was pressed by player 1
[2022-12-12 17:35:09] [SEVERE ] removing card from slot 5
[2022-12-12 17:35:09] [SEVERE ] removing card from slot 6
[2022-12-12 17:35:09] [SEVERE ] removing card from slot 7
[2022-12-12 17:35:09] [SEVERE ] removing card from slot 8
[2022-12-12 17:35:09] [SEVERE ] removing card from slot 9
[2022-12-12 17:35:09] [SEVERE ] removing card from slot 10
[2022-12-12 17:35:09] [SEVERE ] removing card from slot 11
[2022-12-12 17:35:09] [SEVERE ] placing card 47 in slot 0
[2022-12-12 17:35:09] [SEVERE ] placing card 38 in slot 1
[2022-12-12 17:35:09] [SEVERE ] placing card 21 in slot 2
[2022-12-12 17:35:10] [SEVERE ] placing card 50 in slot 3
[2022-12-12 17:35:10] [SEVERE ] placing card 48 in slot 4
[2022-12-12 17:35:10] [SEVERE ] placing card 26 in slot 5
[2022-12-12 17:35:10] [SEVERE ] placing card 75 in slot 6
[2022-12-12 17:35:10] [SEVERE ] placing card 57 in slot 7
[2022-12-12 17:35:10] [SEVERE ] placing card 8 in slot 8
[2022-12-12 17:35:10] [SEVERE ] placing card 46 in slot 9
[2022-12-12 17:35:10] [SEVERE ] placing card 52 in slot 10
[2022-12-12 17:35:10] [SEVERE ] placing card 77 in slot 11
[2022-12-12 17:35:10] [SEVERE ] player 1 placing token on slot 0
[2022-12-12 17:35:10] [SEVERE ] Key 73 was pressed by player 1
[2022-12-12 17:35:10] [SEVERE ] player 1 placing token on slot 1
[2022-12-12 17:35:12] [SEVERE ] Key 73 was pressed by player 1
[2022-12-12 17:35:12] [SEVERE ] removing player 1 token from slot 1
[2022-12-12 17:35:13] [SEVERE ] Key 73 was pressed by player 1
[2022-12-12 17:35:13] [SEVERE ] player 1 placing token on slot 1
[2022-12-12 17:35:13] [SEVERE ] Key 85 was pressed by player 1
[2022-12-12 17:35:13] [SEVERE ] removing player 1 token from slot 0
[2022-12-12 17:35:16] [SEVERE ] Key 85 was pressed by player 1
[2022-12-12 17:35:16] [SEVERE ] player 1 placing token on slot 0
[2022-12-12 17:35:16] [SEVERE ] Key 73 was pressed by player 1
[2022-12-12 17:35:16] [SEVERE ] removing player 1 token from slot 1
[2022-12-12 17:35:17] [SEVERE ] Key 79 was pressed by player 1
[2022-12-12 17:35:17] [SEVERE ] player 1 placing token on slot 2
[2022-12-12 17:35:17] [SEVERE ] Key 73 was pressed by player 1
[2022-12-12 17:35:17] [SEVERE ] player 1 placing token on slot 1
[2022-12-12 17:35:17] [SEVERE ] setting player 1 freeze to 1000
[2022-12-12 17:35:18] [SEVERE ] removing player 1 token from slot 0
[2022-12-12 17:35:18] [SEVERE ] removing player 1 token from slot 2
[2022-12-12 17:35:18] [SEVERE ] removing player 1 token from slot 1
[2022-12-12 17:35:25] [SEVERE ] removing card from slot 0
[2022-12-12 17:35:26] [SEVERE ] removing card from slot 1
[2022-12-12 17:35:26] [SEVERE ] removing card from slot 2
[2022-12-12 17:35:26] [SEVERE ] removing card from slot 3
[2022-12-12 17:35:26] [SEVERE ] removing card from slot 4
[2022-12-12 17:35:26] [SEVERE ] removing card from slot 5
[2022-12-12 17:35:26] [SEVERE ] removing card from slot 6
[2022-12-12 17:35:26] [SEVERE ] removing card from slot 7
[2022-12-12 17:35:26] [SEVERE ] removing card from slot 8
[2022-12-12 17:35:26] [SEVERE ] removing card from slot 9
[2022-12-12 17:35:26] [SEVERE ] removing card from slot 10
[2022-12-12 17:35:27] [SEVERE ] removing card from slot 11
[2022-12-12 17:35:27] [SEVERE ] placing card 71 in slot 0
[2022-12-12 17:35:27] [SEVERE ] placing card 8 in slot 1
[2022-12-12 17:35:27] [SEVERE ] placing card 16 in slot 2
[2022-12-12 17:35:27] [SEVERE ] placing card 50 in slot 3
[2022-12-12 17:35:27] [SEVERE ] placing card 1 in slot 4
[2022-12-12 17:35:27] [SEVERE ] placing card 10 in slot 5
[2022-12-12 17:35:27] [SEVERE ] placing card 65 in slot 6
[2022-12-12 17:35:27] [SEVERE ] placing card 75 in slot 7
[2022-12-12 17:35:27] [SEVERE ] placing card 19 in slot 8
[2022-12-12 17:35:28] [SEVERE ] placing card 11 in slot 9
[2022-12-12 17:35:28] [SEVERE ] placing card 40 in slot 10
[2022-12-12 17:35:28] [SEVERE ] placing card 13 in slot 11
