[2022-12-12 16:21:28] [INFO   ] cannot read configuration file config.properties trying from resources.
[2022-12-12 16:21:28] [INFO   ] configuration file was loaded from resources directory.
[2022-12-12 16:21:29] [INFO   ] Thread dealer starting.
[2022-12-12 16:21:29] [SEVERE ] placing card 56 in slot 0
[2022-12-12 16:21:29] [SEVERE ] placing card 72 in slot 1
[2022-12-12 16:21:30] [SEVERE ] placing card 38 in slot 2
[2022-12-12 16:21:30] [SEVERE ] placing card 13 in slot 3
[2022-12-12 16:21:30] [SEVERE ] placing card 9 in slot 4
[2022-12-12 16:21:30] [SEVERE ] placing card 77 in slot 5
[2022-12-12 16:21:30] [SEVERE ] placing card 1 in slot 6
[2022-12-12 16:21:30] [SEVERE ] placing card 70 in slot 7
[2022-12-12 16:21:30] [SEVERE ] placing card 20 in slot 8
[2022-12-12 16:21:30] [SEVERE ] placing card 5 in slot 9
[2022-12-12 16:21:30] [SEVERE ] placing card 74 in slot 10
[2022-12-12 16:21:30] [SEVERE ] placing card 75 in slot 11
[2022-12-12 16:21:31] [SEVERE ] Key 81 was pressed by player 0
[2022-12-12 16:21:31] [SEVERE ] player 0 placing token on slot 0
[2022-12-12 16:21:31] [SEVERE ] Key 87 was pressed by player 0
[2022-12-12 16:21:31] [SEVERE ] player 0 placing token on slot 1
[2022-12-12 16:21:31] [SEVERE ] Key 69 was pressed by player 0
[2022-12-12 16:21:31] [SEVERE ] player 0 placing token on slot 2
[2022-12-12 16:21:31] [SEVERE ] setting player 0 freeze to 1000
[2022-12-12 16:21:33] [SEVERE ] Key 81 was pressed by player 0
[2022-12-12 16:21:33] [SEVERE ] removing player 0 token from slot 0
[2022-12-12 16:21:34] [SEVERE ] Key 87 was pressed by player 0
[2022-12-12 16:21:34] [SEVERE ] removing player 0 token from slot 1
[2022-12-12 16:21:36] [SEVERE ] Key 70 was pressed by player 0
[2022-12-12 16:21:36] [SEVERE ] player 0 placing token on slot 7
[2022-12-12 16:21:39] [SEVERE ] Key 87 was pressed by player 0
[2022-12-12 16:21:39] [SEVERE ] player 0 placing token on slot 1
[2022-12-12 16:21:39] [SEVERE ] setting player 0 freeze to 1000
[2022-12-12 16:21:40] [SEVERE ] Key 81 was pressed by player 0
[2022-12-12 16:21:40] [SEVERE ] player 0 placing token on slot 0
