[2022-12-12 17:51:41] [INFO   ] cannot read configuration file config.properties trying from resources.
[2022-12-12 17:51:41] [INFO   ] configuration file was loaded from resources directory.
[2022-12-12 17:51:41] [INFO   ] Thread dealer starting.
[2022-12-12 17:51:42] [INFO   ] Thread Player 0starting.
[2022-12-12 17:51:42] [INFO   ] Thread Player 1starting.
[2022-12-12 17:51:42] [SEVERE ] placing card 16 in slot 0
[2022-12-12 17:51:42] [SEVERE ] placing card 79 in slot 1
[2022-12-12 17:51:42] [SEVERE ] placing card 27 in slot 2
[2022-12-12 17:51:42] [SEVERE ] placing card 13 in slot 3
[2022-12-12 17:51:42] [SEVERE ] placing card 61 in slot 4
[2022-12-12 17:51:42] [SEVERE ] placing card 40 in slot 5
[2022-12-12 17:51:42] [SEVERE ] placing card 57 in slot 6
[2022-12-12 17:51:42] [SEVERE ] placing card 9 in slot 7
[2022-12-12 17:51:42] [SEVERE ] placing card 77 in slot 8
[2022-12-12 17:51:43] [SEVERE ] placing card 56 in slot 9
[2022-12-12 17:51:43] [SEVERE ] placing card 43 in slot 10
[2022-12-12 17:51:43] [SEVERE ] placing card 19 in slot 11
[2022-12-12 17:51:44] [SEVERE ] Key 81 was pressed by player 0
[2022-12-12 17:51:44] [SEVERE ] player 0 placing token on slot 0
[2022-12-12 17:51:44] [SEVERE ] Key 87 was pressed by player 0
[2022-12-12 17:51:44] [SEVERE ] player 0 placing token on slot 1
[2022-12-12 17:51:44] [SEVERE ] Key 69 was pressed by player 0
[2022-12-12 17:51:44] [SEVERE ] player 0 placing token on slot 2
[2022-12-12 17:51:44] [SEVERE ] setting player 0 freeze to 1000
[2022-12-12 17:51:44] [SEVERE ] removing player 0 token from slot 0
[2022-12-12 17:51:44] [SEVERE ] removing player 0 token from slot 1
[2022-12-12 17:51:44] [SEVERE ] removing player 0 token from slot 2
[2022-12-12 17:51:48] [SEVERE ] Key 81 was pressed by player 0
[2022-12-12 17:51:48] [SEVERE ] player 0 placing token on slot 0
[2022-12-12 17:51:48] [SEVERE ] Key 87 was pressed by player 0
[2022-12-12 17:51:48] [SEVERE ] player 0 placing token on slot 1
[2022-12-12 17:51:48] [SEVERE ] Key 69 was pressed by player 0
[2022-12-12 17:51:48] [SEVERE ] player 0 placing token on slot 2
[2022-12-12 17:51:48] [SEVERE ] setting player 0 freeze to 1000
[2022-12-12 17:51:48] [SEVERE ] removing player 0 token from slot 0
[2022-12-12 17:51:48] [SEVERE ] removing player 0 token from slot 1
[2022-12-12 17:51:48] [SEVERE ] removing player 0 token from slot 2
[2022-12-12 17:51:49] [SEVERE ] Key 81 was pressed by player 0
[2022-12-12 17:51:49] [SEVERE ] player 0 placing token on slot 0
[2022-12-12 17:51:49] [SEVERE ] Key 87 was pressed by player 0
[2022-12-12 17:51:49] [SEVERE ] player 0 placing token on slot 1
[2022-12-12 17:51:49] [SEVERE ] Key 69 was pressed by player 0
[2022-12-12 17:51:49] [SEVERE ] player 0 placing token on slot 2
[2022-12-12 17:51:49] [SEVERE ] setting player 0 freeze to 1000
[2022-12-12 17:51:49] [SEVERE ] removing player 0 token from slot 0
[2022-12-12 17:51:49] [SEVERE ] removing player 0 token from slot 1
[2022-12-12 17:51:49] [SEVERE ] removing player 0 token from slot 2
[2022-12-12 17:51:50] [SEVERE ] Key 81 was pressed by player 0
[2022-12-12 17:51:50] [SEVERE ] player 0 placing token on slot 0
[2022-12-12 17:51:50] [SEVERE ] Key 87 was pressed by player 0
[2022-12-12 17:51:50] [SEVERE ] player 0 placing token on slot 1
[2022-12-12 17:51:50] [SEVERE ] Key 69 was pressed by player 0
[2022-12-12 17:51:50] [SEVERE ] player 0 placing token on slot 2
[2022-12-12 17:51:50] [SEVERE ] setting player 0 freeze to 1000
[2022-12-12 17:51:50] [SEVERE ] removing player 0 token from slot 0
[2022-12-12 17:51:50] [SEVERE ] removing player 0 token from slot 1
[2022-12-12 17:51:50] [SEVERE ] removing player 0 token from slot 2
[2022-12-12 17:51:50] [SEVERE ] Key 81 was pressed by player 0
[2022-12-12 17:51:50] [SEVERE ] player 0 placing token on slot 0
[2022-12-12 17:51:51] [SEVERE ] Key 87 was pressed by player 0
[2022-12-12 17:51:51] [SEVERE ] player 0 placing token on slot 1
[2022-12-12 17:51:51] [SEVERE ] Key 69 was pressed by player 0
[2022-12-12 17:51:51] [SEVERE ] player 0 placing token on slot 2
[2022-12-12 17:51:51] [SEVERE ] setting player 0 freeze to 1000
[2022-12-12 17:51:51] [SEVERE ] removing player 0 token from slot 0
[2022-12-12 17:51:51] [SEVERE ] removing player 0 token from slot 1
[2022-12-12 17:51:51] [SEVERE ] removing player 0 token from slot 2
[2022-12-12 17:51:51] [SEVERE ] Key 81 was pressed by player 0
[2022-12-12 17:51:51] [SEVERE ] player 0 placing token on slot 0
[2022-12-12 17:51:51] [SEVERE ] Key 87 was pressed by player 0
[2022-12-12 17:51:51] [SEVERE ] player 0 placing token on slot 1
[2022-12-12 17:51:51] [SEVERE ] Key 69 was pressed by player 0
[2022-12-12 17:51:51] [SEVERE ] player 0 placing token on slot 2
[2022-12-12 17:51:51] [SEVERE ] setting player 0 freeze to 1000
[2022-12-12 17:51:51] [SEVERE ] removing player 0 token from slot 0
[2022-12-12 17:51:51] [SEVERE ] removing player 0 token from slot 1
[2022-12-12 17:51:51] [SEVERE ] removing player 0 token from slot 2
[2022-12-12 17:51:52] [SEVERE ] Key 81 was pressed by player 0
[2022-12-12 17:51:52] [SEVERE ] player 0 placing token on slot 0
[2022-12-12 17:51:52] [SEVERE ] Key 87 was pressed by player 0
[2022-12-12 17:51:52] [SEVERE ] player 0 placing token on slot 1
[2022-12-12 17:51:52] [SEVERE ] Key 69 was pressed by player 0
[2022-12-12 17:51:52] [SEVERE ] player 0 placing token on slot 2
[2022-12-12 17:51:52] [SEVERE ] setting player 0 freeze to 1000
[2022-12-12 17:51:52] [SEVERE ] removing player 0 token from slot 0
[2022-12-12 17:51:52] [SEVERE ] removing player 0 token from slot 1
[2022-12-12 17:51:52] [SEVERE ] removing player 0 token from slot 2
[2022-12-12 17:51:53] [SEVERE ] Key 81 was pressed by player 0
[2022-12-12 17:51:53] [SEVERE ] player 0 placing token on slot 0
[2022-12-12 17:51:53] [SEVERE ] Key 87 was pressed by player 0
[2022-12-12 17:51:53] [SEVERE ] player 0 placing token on slot 1
[2022-12-12 17:51:53] [SEVERE ] Key 69 was pressed by player 0
[2022-12-12 17:51:53] [SEVERE ] player 0 placing token on slot 2
[2022-12-12 17:51:53] [SEVERE ] setting player 0 freeze to 1000
[2022-12-12 17:51:53] [SEVERE ] removing player 0 token from slot 0
[2022-12-12 17:51:53] [SEVERE ] removing player 0 token from slot 1
[2022-12-12 17:51:53] [SEVERE ] removing player 0 token from slot 2
[2022-12-12 17:51:54] [SEVERE ] Key 81 was pressed by player 0
[2022-12-12 17:51:54] [SEVERE ] player 0 placing token on slot 0
[2022-12-12 17:51:54] [SEVERE ] Key 87 was pressed by player 0
[2022-12-12 17:51:54] [SEVERE ] player 0 placing token on slot 1
[2022-12-12 17:51:54] [SEVERE ] Key 69 was pressed by player 0
[2022-12-12 17:51:54] [SEVERE ] player 0 placing token on slot 2
[2022-12-12 17:51:54] [SEVERE ] setting player 0 freeze to 1000
[2022-12-12 17:51:54] [SEVERE ] removing player 0 token from slot 0
[2022-12-12 17:51:54] [SEVERE ] removing player 0 token from slot 1
[2022-12-12 17:51:54] [SEVERE ] removing player 0 token from slot 2
[2022-12-12 17:51:57] [SEVERE ] Key 81 was pressed by player 0
[2022-12-12 17:51:57] [SEVERE ] player 0 placing token on slot 0
[2022-12-12 17:51:57] [SEVERE ] Key 87 was pressed by player 0
[2022-12-12 17:51:57] [SEVERE ] player 0 placing token on slot 1
[2022-12-12 17:51:57] [SEVERE ] Key 69 was pressed by player 0
[2022-12-12 17:51:57] [SEVERE ] player 0 placing token on slot 2
[2022-12-12 17:51:57] [SEVERE ] setting player 0 freeze to 1000
[2022-12-12 17:51:57] [SEVERE ] removing player 0 token from slot 0
[2022-12-12 17:51:57] [SEVERE ] removing player 0 token from slot 1
[2022-12-12 17:51:57] [SEVERE ] removing player 0 token from slot 2
[2022-12-12 17:51:57] [SEVERE ] Key 81 was pressed by player 0
[2022-12-12 17:51:57] [SEVERE ] player 0 placing token on slot 0
[2022-12-12 17:51:57] [SEVERE ] Key 87 was pressed by player 0
[2022-12-12 17:51:57] [SEVERE ] player 0 placing token on slot 1
[2022-12-12 17:51:58] [SEVERE ] Key 69 was pressed by player 0
[2022-12-12 17:51:58] [SEVERE ] player 0 placing token on slot 2
[2022-12-12 17:51:58] [SEVERE ] setting player 0 freeze to 1000
[2022-12-12 17:51:58] [SEVERE ] removing player 0 token from slot 0
[2022-12-12 17:51:58] [SEVERE ] removing player 0 token from slot 1
[2022-12-12 17:51:58] [SEVERE ] removing player 0 token from slot 2
[2022-12-12 17:51:58] [SEVERE ] removing card from slot 0
[2022-12-12 17:51:58] [SEVERE ] removing card from slot 1
[2022-12-12 17:51:58] [SEVERE ] Key 81 was pressed by player 0
[2022-12-12 17:51:58] [SEVERE ] removing card from slot 2
[2022-12-12 17:51:58] [SEVERE ] removing card from slot 3
[2022-12-12 17:51:58] [SEVERE ] removing card from slot 4
[2022-12-12 17:51:58] [SEVERE ] removing card from slot 5
[2022-12-12 17:51:58] [SEVERE ] removing card from slot 6
[2022-12-12 17:51:59] [SEVERE ] removing card from slot 7
[2022-12-12 17:51:59] [SEVERE ] removing card from slot 8
[2022-12-12 17:51:59] [SEVERE ] removing card from slot 9
[2022-12-12 17:51:59] [SEVERE ] removing card from slot 10
[2022-12-12 17:51:59] [SEVERE ] removing card from slot 11
[2022-12-12 17:51:59] [SEVERE ] placing card 62 in slot 0
[2022-12-12 17:51:59] [SEVERE ] placing card 22 in slot 1
[2022-12-12 17:51:59] [SEVERE ] placing card 17 in slot 2
[2022-12-12 17:51:59] [SEVERE ] placing card 6 in slot 3
[2022-12-12 17:51:59] [SEVERE ] placing card 39 in slot 4
[2022-12-12 17:52:00] [SEVERE ] placing card 30 in slot 5
[2022-12-12 17:52:00] [SEVERE ] placing card 51 in slot 6
[2022-12-12 17:52:00] [SEVERE ] placing card 57 in slot 7
[2022-12-12 17:52:00] [SEVERE ] placing card 60 in slot 8
[2022-12-12 17:52:00] [SEVERE ] placing card 9 in slot 9
[2022-12-12 17:52:00] [SEVERE ] placing card 46 in slot 10
[2022-12-12 17:52:00] [SEVERE ] placing card 52 in slot 11
[2022-12-12 17:52:00] [SEVERE ] player 0 placing token on slot 0
[2022-12-12 17:52:00] [SEVERE ] Key 87 was pressed by player 0
[2022-12-12 17:52:00] [SEVERE ] player 0 placing token on slot 1
[2022-12-12 17:52:00] [SEVERE ] Key 69 was pressed by player 0
[2022-12-12 17:52:00] [SEVERE ] player 0 placing token on slot 2
[2022-12-12 17:52:00] [SEVERE ] setting player 0 freeze to 1000
[2022-12-12 17:52:00] [SEVERE ] removing player 0 token from slot 0
[2022-12-12 17:52:00] [SEVERE ] removing player 0 token from slot 1
[2022-12-12 17:52:00] [SEVERE ] removing player 0 token from slot 2
[2022-12-12 17:52:04] [SEVERE ] Key 81 was pressed by player 0
[2022-12-12 17:52:04] [SEVERE ] player 0 placing token on slot 0
[2022-12-12 17:52:04] [SEVERE ] Key 87 was pressed by player 0
[2022-12-12 17:52:04] [SEVERE ] player 0 placing token on slot 1
[2022-12-12 17:52:05] [SEVERE ] Key 69 was pressed by player 0
[2022-12-12 17:52:05] [SEVERE ] player 0 placing token on slot 2
[2022-12-12 17:52:05] [SEVERE ] setting player 0 freeze to 1000
[2022-12-12 17:52:05] [SEVERE ] removing player 0 token from slot 0
[2022-12-12 17:52:05] [SEVERE ] removing player 0 token from slot 1
[2022-12-12 17:52:05] [SEVERE ] removing player 0 token from slot 2
[2022-12-12 17:52:15] [SEVERE ] removing card from slot 0
[2022-12-12 17:52:15] [SEVERE ] removing card from slot 1
[2022-12-12 17:52:15] [SEVERE ] removing card from slot 2
[2022-12-12 17:52:16] [SEVERE ] removing card from slot 3
[2022-12-12 17:52:16] [SEVERE ] removing card from slot 4
[2022-12-12 17:52:16] [SEVERE ] removing card from slot 5
[2022-12-12 17:52:16] [SEVERE ] removing card from slot 6
[2022-12-12 17:52:16] [SEVERE ] removing card from slot 7
[2022-12-12 17:52:16] [SEVERE ] removing card from slot 8
[2022-12-12 17:52:16] [SEVERE ] removing card from slot 9
[2022-12-12 17:52:16] [SEVERE ] removing card from slot 10
[2022-12-12 17:52:16] [SEVERE ] removing card from slot 11
[2022-12-12 17:52:16] [SEVERE ] placing card 65 in slot 0
[2022-12-12 17:52:17] [SEVERE ] placing card 27 in slot 1
[2022-12-12 17:52:17] [SEVERE ] placing card 17 in slot 2
[2022-12-12 17:52:17] [SEVERE ] placing card 2 in slot 3
[2022-12-12 17:52:17] [SEVERE ] placing card 45 in slot 4
[2022-12-12 17:52:17] [SEVERE ] placing card 60 in slot 5
[2022-12-12 17:52:17] [SEVERE ] placing card 5 in slot 6
[2022-12-12 17:52:17] [SEVERE ] placing card 57 in slot 7
[2022-12-12 17:52:17] [SEVERE ] placing card 48 in slot 8
[2022-12-12 17:52:17] [SEVERE ] placing card 39 in slot 9
[2022-12-12 17:52:17] [SEVERE ] placing card 0 in slot 10
[2022-12-12 17:52:18] [SEVERE ] placing card 50 in slot 11
