[2022-12-12 18:21:11] [INFO   ] cannot read configuration file config.properties trying from resources.
[2022-12-12 18:21:11] [INFO   ] configuration file was loaded from resources directory.
[2022-12-12 18:21:12] [INFO   ] Thread dealer starting.
[2022-12-12 18:21:12] [INFO   ] Thread Player 0starting.
[2022-12-12 18:21:12] [INFO   ] Thread Player 1starting.
[2022-12-12 18:21:12] [SEVERE ] placing card 51 in slot 0
[2022-12-12 18:21:12] [SEVERE ] placing card 71 in slot 1
[2022-12-12 18:21:12] [SEVERE ] placing card 32 in slot 2
[2022-12-12 18:21:12] [SEVERE ] placing card 41 in slot 3
[2022-12-12 18:21:12] [SEVERE ] placing card 24 in slot 4
[2022-12-12 18:21:13] [SEVERE ] placing card 43 in slot 5
[2022-12-12 18:21:13] [SEVERE ] placing card 28 in slot 6
[2022-12-12 18:21:13] [SEVERE ] placing card 14 in slot 7
[2022-12-12 18:21:13] [SEVERE ] placing card 65 in slot 8
[2022-12-12 18:21:13] [SEVERE ] placing card 5 in slot 9
[2022-12-12 18:21:13] [SEVERE ] placing card 6 in slot 10
[2022-12-12 18:21:13] [SEVERE ] placing card 70 in slot 11
[2022-12-12 18:21:14] [SEVERE ] Key 81 was pressed by player 0
[2022-12-12 18:21:14] [SEVERE ] player 0 placing token on slot 0
[2022-12-12 18:21:14] [SEVERE ] Key 87 was pressed by player 0
[2022-12-12 18:21:14] [SEVERE ] player 0 placing token on slot 1
[2022-12-12 18:21:14] [SEVERE ] Key 69 was pressed by player 0
[2022-12-12 18:21:14] [SEVERE ] player 0 placing token on slot 2
[2022-12-12 18:21:14] [SEVERE ] setting player 0 freeze to 1000
[2022-12-12 18:21:14] [SEVERE ] removing player 0 token from slot 0
[2022-12-12 18:21:14] [SEVERE ] removing player 0 token from slot 1
[2022-12-12 18:21:14] [SEVERE ] removing player 0 token from slot 2
[2022-12-12 18:21:19] [SEVERE ] Key 81 was pressed by player 0
[2022-12-12 18:21:19] [SEVERE ] player 0 placing token on slot 0
[2022-12-12 18:21:19] [SEVERE ] Key 87 was pressed by player 0
[2022-12-12 18:21:19] [SEVERE ] player 0 placing token on slot 1
[2022-12-12 18:21:19] [SEVERE ] Key 69 was pressed by player 0
[2022-12-12 18:21:19] [SEVERE ] player 0 placing token on slot 2
[2022-12-12 18:21:19] [SEVERE ] setting player 0 freeze to 1000
[2022-12-12 18:21:19] [SEVERE ] removing player 0 token from slot 0
[2022-12-12 18:21:19] [SEVERE ] removing player 0 token from slot 1
[2022-12-12 18:21:19] [SEVERE ] removing player 0 token from slot 2
[2022-12-12 18:21:20] [SEVERE ] Key 81 was pressed by player 0
[2022-12-12 18:21:20] [SEVERE ] player 0 placing token on slot 0
[2022-12-12 18:21:20] [SEVERE ] Key 87 was pressed by player 0
[2022-12-12 18:21:20] [SEVERE ] player 0 placing token on slot 1
[2022-12-12 18:21:20] [SEVERE ] Key 69 was pressed by player 0
[2022-12-12 18:21:20] [SEVERE ] player 0 placing token on slot 2
[2022-12-12 18:21:20] [SEVERE ] setting player 0 freeze to 1000
[2022-12-12 18:21:20] [SEVERE ] removing player 0 token from slot 0
[2022-12-12 18:21:20] [SEVERE ] removing player 0 token from slot 1
[2022-12-12 18:21:20] [SEVERE ] removing player 0 token from slot 2
[2022-12-12 18:21:21] [SEVERE ] Key 81 was pressed by player 0
[2022-12-12 18:21:21] [SEVERE ] player 0 placing token on slot 0
[2022-12-12 18:21:21] [SEVERE ] Key 87 was pressed by player 0
[2022-12-12 18:21:21] [SEVERE ] player 0 placing token on slot 1
[2022-12-12 18:21:21] [SEVERE ] Key 69 was pressed by player 0
[2022-12-12 18:21:21] [SEVERE ] player 0 placing token on slot 2
[2022-12-12 18:21:21] [SEVERE ] setting player 0 freeze to 1000
[2022-12-12 18:21:21] [SEVERE ] removing player 0 token from slot 0
[2022-12-12 18:21:21] [SEVERE ] removing player 0 token from slot 1
[2022-12-12 18:21:21] [SEVERE ] removing player 0 token from slot 2
[2022-12-12 18:21:28] [SEVERE ] removing card from slot 0
[2022-12-12 18:21:28] [SEVERE ] removing card from slot 1
[2022-12-12 18:21:28] [SEVERE ] removing card from slot 2
[2022-12-12 18:21:29] [SEVERE ] removing card from slot 3
[2022-12-12 18:21:29] [SEVERE ] removing card from slot 4
[2022-12-12 18:21:29] [SEVERE ] removing card from slot 5
[2022-12-12 18:21:29] [SEVERE ] removing card from slot 6
[2022-12-12 18:21:29] [SEVERE ] removing card from slot 7
[2022-12-12 18:21:29] [SEVERE ] removing card from slot 8
[2022-12-12 18:21:29] [SEVERE ] removing card from slot 9
[2022-12-12 18:21:29] [SEVERE ] removing card from slot 10
[2022-12-12 18:21:29] [SEVERE ] removing card from slot 11
[2022-12-12 18:21:29] [SEVERE ] placing card 69 in slot 0
[2022-12-12 18:21:30] [SEVERE ] placing card 44 in slot 1
[2022-12-12 18:21:30] [SEVERE ] placing card 73 in slot 2
[2022-12-12 18:21:30] [SEVERE ] placing card 32 in slot 3
[2022-12-12 18:21:30] [SEVERE ] placing card 39 in slot 4
[2022-12-12 18:21:30] [SEVERE ] placing card 1 in slot 5
[2022-12-12 18:21:30] [SEVERE ] placing card 71 in slot 6
[2022-12-12 18:21:30] [SEVERE ] placing card 70 in slot 7
[2022-12-12 18:21:30] [SEVERE ] placing card 54 in slot 8
[2022-12-12 18:21:30] [SEVERE ] placing card 79 in slot 9
[2022-12-12 18:21:30] [SEVERE ] placing card 7 in slot 10
[2022-12-12 18:21:31] [SEVERE ] placing card 37 in slot 11
[2022-12-12 18:21:46] [SEVERE ] removing card from slot 0
[2022-12-12 18:21:46] [SEVERE ] removing card from slot 1
[2022-12-12 18:21:46] [SEVERE ] removing card from slot 2
[2022-12-12 18:21:46] [SEVERE ] removing card from slot 3
[2022-12-12 18:21:46] [SEVERE ] removing card from slot 4
[2022-12-12 18:21:46] [SEVERE ] removing card from slot 5
[2022-12-12 18:21:46] [SEVERE ] removing card from slot 6
[2022-12-12 18:21:46] [SEVERE ] removing card from slot 7
[2022-12-12 18:21:46] [SEVERE ] removing card from slot 8
[2022-12-12 18:21:47] [SEVERE ] removing card from slot 9
[2022-12-12 18:21:47] [SEVERE ] removing card from slot 10
[2022-12-12 18:21:47] [SEVERE ] removing card from slot 11
[2022-12-12 18:21:47] [SEVERE ] placing card 19 in slot 0
[2022-12-12 18:21:47] [SEVERE ] placing card 20 in slot 1
[2022-12-12 18:21:47] [SEVERE ] placing card 18 in slot 2
[2022-12-12 18:21:47] [SEVERE ] placing card 30 in slot 3
[2022-12-12 18:21:47] [SEVERE ] placing card 5 in slot 4
[2022-12-12 18:21:47] [SEVERE ] placing card 1 in slot 5
[2022-12-12 18:21:47] [SEVERE ] placing card 41 in slot 6
[2022-12-12 18:21:48] [SEVERE ] placing card 8 in slot 7
[2022-12-12 18:21:48] [SEVERE ] placing card 51 in slot 8
[2022-12-12 18:21:48] [SEVERE ] placing card 72 in slot 9
[2022-12-12 18:21:48] [SEVERE ] placing card 9 in slot 10
[2022-12-12 18:21:48] [SEVERE ] placing card 48 in slot 11
[2022-12-12 18:22:03] [SEVERE ] removing card from slot 0
[2022-12-12 18:22:03] [SEVERE ] removing card from slot 1
[2022-12-12 18:22:03] [SEVERE ] removing card from slot 2
[2022-12-12 18:22:03] [SEVERE ] removing card from slot 3
[2022-12-12 18:22:03] [SEVERE ] removing card from slot 4
[2022-12-12 18:22:04] [SEVERE ] removing card from slot 5
[2022-12-12 18:22:04] [SEVERE ] removing card from slot 6
[2022-12-12 18:22:04] [SEVERE ] removing card from slot 7
[2022-12-12 18:22:04] [SEVERE ] removing card from slot 8
[2022-12-12 18:22:04] [SEVERE ] removing card from slot 9
[2022-12-12 18:22:04] [SEVERE ] removing card from slot 10
[2022-12-12 18:22:04] [SEVERE ] removing card from slot 11
[2022-12-12 18:22:04] [SEVERE ] placing card 63 in slot 0
[2022-12-12 18:22:04] [SEVERE ] placing card 64 in slot 1
[2022-12-12 18:22:04] [SEVERE ] placing card 20 in slot 2
[2022-12-12 18:22:05] [SEVERE ] placing card 79 in slot 3
[2022-12-12 18:22:05] [SEVERE ] placing card 52 in slot 4
[2022-12-12 18:22:05] [SEVERE ] placing card 17 in slot 5
[2022-12-12 18:22:05] [SEVERE ] placing card 67 in slot 6
[2022-12-12 18:22:05] [SEVERE ] placing card 21 in slot 7
[2022-12-12 18:22:05] [SEVERE ] placing card 8 in slot 8
[2022-12-12 18:22:05] [SEVERE ] placing card 41 in slot 9
[2022-12-12 18:22:05] [SEVERE ] placing card 44 in slot 10
[2022-12-12 18:22:05] [SEVERE ] placing card 9 in slot 11
[2022-12-12 18:22:21] [SEVERE ] removing card from slot 0
[2022-12-12 18:22:21] [SEVERE ] removing card from slot 1
[2022-12-12 18:22:21] [SEVERE ] removing card from slot 2
[2022-12-12 18:22:21] [SEVERE ] removing card from slot 3
[2022-12-12 18:22:21] [SEVERE ] removing card from slot 4
[2022-12-12 18:22:21] [SEVERE ] removing card from slot 5
[2022-12-12 18:22:21] [SEVERE ] removing card from slot 6
[2022-12-12 18:22:21] [SEVERE ] removing card from slot 7
[2022-12-12 18:22:21] [SEVERE ] removing card from slot 8
[2022-12-12 18:22:21] [SEVERE ] removing card from slot 9
[2022-12-12 18:22:22] [SEVERE ] removing card from slot 10
[2022-12-12 18:22:22] [SEVERE ] removing card from slot 11
[2022-12-12 18:22:22] [SEVERE ] placing card 26 in slot 0
[2022-12-12 18:22:22] [SEVERE ] placing card 56 in slot 1
[2022-12-12 18:22:22] [SEVERE ] placing card 68 in slot 2
[2022-12-12 18:22:22] [SEVERE ] placing card 65 in slot 3
[2022-12-12 18:22:22] [SEVERE ] placing card 67 in slot 4
[2022-12-12 18:22:22] [SEVERE ] placing card 30 in slot 5
[2022-12-12 18:22:22] [SEVERE ] placing card 72 in slot 6
[2022-12-12 18:22:22] [SEVERE ] placing card 5 in slot 7
[2022-12-12 18:22:23] [SEVERE ] placing card 77 in slot 8
[2022-12-12 18:22:23] [SEVERE ] placing card 66 in slot 9
[2022-12-12 18:22:23] [SEVERE ] placing card 7 in slot 10
[2022-12-12 18:22:23] [SEVERE ] placing card 38 in slot 11
[2022-12-12 18:22:29] [SEVERE ] Key 81 was pressed by player 0
[2022-12-12 18:22:29] [SEVERE ] player 0 placing token on slot 0
[2022-12-12 18:22:29] [SEVERE ] Key 87 was pressed by player 0
[2022-12-12 18:22:29] [SEVERE ] player 0 placing token on slot 1
[2022-12-12 18:22:29] [SEVERE ] Key 69 was pressed by player 0
[2022-12-12 18:22:29] [SEVERE ] player 0 placing token on slot 2
[2022-12-12 18:22:29] [SEVERE ] setting player 0 freeze to 1000
[2022-12-12 18:22:29] [SEVERE ] removing player 0 token from slot 0
[2022-12-12 18:22:29] [SEVERE ] removing player 0 token from slot 1
[2022-12-12 18:22:29] [SEVERE ] removing player 0 token from slot 2
[2022-12-12 18:22:31] [SEVERE ] Key 81 was pressed by player 0
[2022-12-12 18:22:31] [SEVERE ] player 0 placing token on slot 0
[2022-12-12 18:22:31] [SEVERE ] Key 87 was pressed by player 0
[2022-12-12 18:22:31] [SEVERE ] player 0 placing token on slot 1
[2022-12-12 18:22:31] [SEVERE ] Key 69 was pressed by player 0
[2022-12-12 18:22:31] [SEVERE ] player 0 placing token on slot 2
[2022-12-12 18:22:31] [SEVERE ] setting player 0 freeze to 1000
[2022-12-12 18:22:31] [SEVERE ] removing player 0 token from slot 0
[2022-12-12 18:22:31] [SEVERE ] removing player 0 token from slot 1
[2022-12-12 18:22:31] [SEVERE ] removing player 0 token from slot 2
[2022-12-12 18:22:32] [SEVERE ] Key 81 was pressed by player 0
[2022-12-12 18:22:32] [SEVERE ] player 0 placing token on slot 0
[2022-12-12 18:22:32] [SEVERE ] Key 87 was pressed by player 0
[2022-12-12 18:22:32] [SEVERE ] player 0 placing token on slot 1
[2022-12-12 18:22:32] [SEVERE ] Key 69 was pressed by player 0
[2022-12-12 18:22:32] [SEVERE ] player 0 placing token on slot 2
[2022-12-12 18:22:32] [SEVERE ] setting player 0 freeze to 1000
[2022-12-12 18:22:32] [SEVERE ] removing player 0 token from slot 0
[2022-12-12 18:22:32] [SEVERE ] removing player 0 token from slot 1
[2022-12-12 18:22:32] [SEVERE ] removing player 0 token from slot 2
[2022-12-12 18:22:38] [SEVERE ] removing card from slot 0
[2022-12-12 18:22:38] [SEVERE ] removing card from slot 1
[2022-12-12 18:22:38] [SEVERE ] removing card from slot 2
[2022-12-12 18:22:38] [SEVERE ] removing card from slot 3
[2022-12-12 18:22:38] [SEVERE ] removing card from slot 4
[2022-12-12 18:22:38] [SEVERE ] removing card from slot 5
[2022-12-12 18:22:39] [SEVERE ] removing card from slot 6
[2022-12-12 18:22:39] [SEVERE ] removing card from slot 7
[2022-12-12 18:22:39] [SEVERE ] removing card from slot 8
[2022-12-12 18:22:39] [SEVERE ] removing card from slot 9
[2022-12-12 18:22:39] [SEVERE ] removing card from slot 10
[2022-12-12 18:22:39] [SEVERE ] removing card from slot 11
[2022-12-12 18:22:39] [SEVERE ] placing card 3 in slot 0
