[2022-12-12 17:41:58] [INFO   ] cannot read configuration file config.properties trying from resources.
[2022-12-12 17:41:58] [INFO   ] configuration file was loaded from resources directory.
[2022-12-12 17:41:58] [INFO   ] Thread dealer starting.
[2022-12-12 17:41:58] [INFO   ] Thread Player 0starting.
[2022-12-12 17:41:58] [INFO   ] Thread Player 1starting.
[2022-12-12 17:41:58] [SEVERE ] placing card 31 in slot 0
[2022-12-12 17:41:59] [SEVERE ] placing card 0 in slot 1
[2022-12-12 17:41:59] [SEVERE ] placing card 10 in slot 2
[2022-12-12 17:41:59] [SEVERE ] placing card 71 in slot 3
[2022-12-12 17:41:59] [SEVERE ] placing card 38 in slot 4
[2022-12-12 17:41:59] [SEVERE ] placing card 58 in slot 5
[2022-12-12 17:41:59] [SEVERE ] placing card 67 in slot 6
[2022-12-12 17:41:59] [SEVERE ] placing card 8 in slot 7
[2022-12-12 17:41:59] [SEVERE ] placing card 73 in slot 8
[2022-12-12 17:41:59] [SEVERE ] placing card 59 in slot 9
[2022-12-12 17:41:59] [SEVERE ] placing card 39 in slot 10
[2022-12-12 17:42:00] [SEVERE ] placing card 40 in slot 11
[2022-12-12 17:42:01] [SEVERE ] Key 81 was pressed by player 0
[2022-12-12 17:42:01] [SEVERE ] player 0 placing token on slot 0
[2022-12-12 17:42:01] [SEVERE ] Key 87 was pressed by player 0
[2022-12-12 17:42:01] [SEVERE ] player 0 placing token on slot 1
[2022-12-12 17:42:01] [SEVERE ] Key 69 was pressed by player 0
[2022-12-12 17:42:01] [SEVERE ] player 0 placing token on slot 2
[2022-12-12 17:42:01] [SEVERE ] setting player 0 freeze to 1000
[2022-12-12 17:42:01] [SEVERE ] removing player 0 token from slot 0
[2022-12-12 17:42:01] [SEVERE ] removing player 0 token from slot 1
[2022-12-12 17:42:01] [SEVERE ] removing player 0 token from slot 2
[2022-12-12 17:42:05] [SEVERE ] Key 81 was pressed by player 0
[2022-12-12 17:42:05] [SEVERE ] player 0 placing token on slot 0
[2022-12-12 17:42:05] [SEVERE ] Key 87 was pressed by player 0
[2022-12-12 17:42:05] [SEVERE ] player 0 placing token on slot 1
[2022-12-12 17:42:05] [SEVERE ] Key 69 was pressed by player 0
[2022-12-12 17:42:05] [SEVERE ] player 0 placing token on slot 2
[2022-12-12 17:42:05] [SEVERE ] setting player 0 freeze to 1000
[2022-12-12 17:42:05] [SEVERE ] removing player 0 token from slot 0
[2022-12-12 17:42:05] [SEVERE ] removing player 0 token from slot 1
[2022-12-12 17:42:05] [SEVERE ] removing player 0 token from slot 2
[2022-12-12 17:42:06] [SEVERE ] Key 81 was pressed by player 0
[2022-12-12 17:42:06] [SEVERE ] player 0 placing token on slot 0
[2022-12-12 17:42:06] [SEVERE ] Key 87 was pressed by player 0
[2022-12-12 17:42:06] [SEVERE ] player 0 placing token on slot 1
[2022-12-12 17:42:06] [SEVERE ] Key 69 was pressed by player 0
[2022-12-12 17:42:06] [SEVERE ] player 0 placing token on slot 2
[2022-12-12 17:42:06] [SEVERE ] setting player 0 freeze to 1000
[2022-12-12 17:42:06] [SEVERE ] removing player 0 token from slot 0
[2022-12-12 17:42:06] [SEVERE ] removing player 0 token from slot 1
[2022-12-12 17:42:06] [SEVERE ] removing player 0 token from slot 2
[2022-12-12 17:42:07] [SEVERE ] Key 81 was pressed by player 0
[2022-12-12 17:42:07] [SEVERE ] player 0 placing token on slot 0
[2022-12-12 17:42:07] [SEVERE ] Key 87 was pressed by player 0
[2022-12-12 17:42:07] [SEVERE ] player 0 placing token on slot 1
[2022-12-12 17:42:07] [SEVERE ] Key 69 was pressed by player 0
[2022-12-12 17:42:07] [SEVERE ] player 0 placing token on slot 2
[2022-12-12 17:42:07] [SEVERE ] setting player 0 freeze to 1000
[2022-12-12 17:42:07] [SEVERE ] removing player 0 token from slot 0
[2022-12-12 17:42:07] [SEVERE ] removing player 0 token from slot 1
[2022-12-12 17:42:07] [SEVERE ] removing player 0 token from slot 2
[2022-12-12 17:42:07] [SEVERE ] Key 81 was pressed by player 0
[2022-12-12 17:42:07] [SEVERE ] player 0 placing token on slot 0
[2022-12-12 17:42:07] [SEVERE ] Key 87 was pressed by player 0
[2022-12-12 17:42:07] [SEVERE ] player 0 placing token on slot 1
[2022-12-12 17:42:07] [SEVERE ] Key 69 was pressed by player 0
[2022-12-12 17:42:07] [SEVERE ] player 0 placing token on slot 2
[2022-12-12 17:42:07] [SEVERE ] setting player 0 freeze to 1000
[2022-12-12 17:42:08] [SEVERE ] removing player 0 token from slot 0
[2022-12-12 17:42:08] [SEVERE ] removing player 0 token from slot 1
[2022-12-12 17:42:08] [SEVERE ] removing player 0 token from slot 2
[2022-12-12 17:42:09] [SEVERE ] Key 81 was pressed by player 0
[2022-12-12 17:42:09] [SEVERE ] player 0 placing token on slot 0
[2022-12-12 17:42:09] [SEVERE ] Key 87 was pressed by player 0
[2022-12-12 17:42:09] [SEVERE ] player 0 placing token on slot 1
[2022-12-12 17:42:09] [SEVERE ] Key 69 was pressed by player 0
[2022-12-12 17:42:09] [SEVERE ] player 0 placing token on slot 2
[2022-12-12 17:42:09] [SEVERE ] setting player 0 freeze to 1000
[2022-12-12 17:42:09] [SEVERE ] removing player 0 token from slot 0
[2022-12-12 17:42:09] [SEVERE ] removing player 0 token from slot 1
[2022-12-12 17:42:09] [SEVERE ] removing player 0 token from slot 2
[2022-12-12 17:42:10] [SEVERE ] Key 81 was pressed by player 0
[2022-12-12 17:42:10] [SEVERE ] player 0 placing token on slot 0
[2022-12-12 17:42:10] [SEVERE ] Key 87 was pressed by player 0
[2022-12-12 17:42:10] [SEVERE ] player 0 placing token on slot 1
[2022-12-12 17:42:10] [SEVERE ] Key 69 was pressed by player 0
[2022-12-12 17:42:10] [SEVERE ] player 0 placing token on slot 2
[2022-12-12 17:42:10] [SEVERE ] setting player 0 freeze to 1000
[2022-12-12 17:42:10] [SEVERE ] removing player 0 token from slot 0
[2022-12-12 17:42:10] [SEVERE ] removing player 0 token from slot 1
[2022-12-12 17:42:10] [SEVERE ] removing player 0 token from slot 2
[2022-12-12 17:42:11] [SEVERE ] Key 81 was pressed by player 0
[2022-12-12 17:42:11] [SEVERE ] player 0 placing token on slot 0
[2022-12-12 17:42:11] [SEVERE ] Key 87 was pressed by player 0
[2022-12-12 17:42:11] [SEVERE ] player 0 placing token on slot 1
[2022-12-12 17:42:11] [SEVERE ] Key 69 was pressed by player 0
[2022-12-12 17:42:11] [SEVERE ] player 0 placing token on slot 2
[2022-12-12 17:42:11] [SEVERE ] setting player 0 freeze to 1000
[2022-12-12 17:42:11] [SEVERE ] removing player 0 token from slot 0
[2022-12-12 17:42:11] [SEVERE ] removing player 0 token from slot 1
[2022-12-12 17:42:11] [SEVERE ] removing player 0 token from slot 2
[2022-12-12 17:42:11] [SEVERE ] Key 81 was pressed by player 0
[2022-12-12 17:42:11] [SEVERE ] player 0 placing token on slot 0
[2022-12-12 17:42:12] [SEVERE ] Key 87 was pressed by player 0
[2022-12-12 17:42:12] [SEVERE ] player 0 placing token on slot 1
[2022-12-12 17:42:12] [SEVERE ] Key 69 was pressed by player 0
[2022-12-12 17:42:12] [SEVERE ] player 0 placing token on slot 2
[2022-12-12 17:42:12] [SEVERE ] setting player 0 freeze to 1000
[2022-12-12 17:42:12] [SEVERE ] removing player 0 token from slot 0
[2022-12-12 17:42:12] [SEVERE ] removing player 0 token from slot 1
[2022-12-12 17:42:12] [SEVERE ] removing player 0 token from slot 2
[2022-12-12 17:42:12] [SEVERE ] Key 81 was pressed by player 0
[2022-12-12 17:42:12] [SEVERE ] player 0 placing token on slot 0
[2022-12-12 17:42:12] [SEVERE ] Key 87 was pressed by player 0
[2022-12-12 17:42:12] [SEVERE ] player 0 placing token on slot 1
[2022-12-12 17:42:12] [SEVERE ] Key 69 was pressed by player 0
[2022-12-12 17:42:12] [SEVERE ] player 0 placing token on slot 2
[2022-12-12 17:42:12] [SEVERE ] setting player 0 freeze to 1000
[2022-12-12 17:42:13] [SEVERE ] removing player 0 token from slot 0
[2022-12-12 17:42:13] [SEVERE ] removing player 0 token from slot 1
[2022-12-12 17:42:13] [SEVERE ] removing player 0 token from slot 2
[2022-12-12 17:42:13] [SEVERE ] Key 81 was pressed by player 0
[2022-12-12 17:42:13] [SEVERE ] player 0 placing token on slot 0
[2022-12-12 17:42:13] [SEVERE ] Key 87 was pressed by player 0
[2022-12-12 17:42:13] [SEVERE ] player 0 placing token on slot 1
[2022-12-12 17:42:13] [SEVERE ] Key 69 was pressed by player 0
[2022-12-12 17:42:13] [SEVERE ] player 0 placing token on slot 2
[2022-12-12 17:42:13] [SEVERE ] setting player 0 freeze to 1000
[2022-12-12 17:42:14] [SEVERE ] removing player 0 token from slot 0
[2022-12-12 17:42:14] [SEVERE ] removing player 0 token from slot 1
[2022-12-12 17:42:14] [SEVERE ] removing player 0 token from slot 2
[2022-12-12 17:42:14] [SEVERE ] Key 81 was pressed by player 0
[2022-12-12 17:42:14] [SEVERE ] player 0 placing token on slot 0
[2022-12-12 17:42:14] [SEVERE ] Key 87 was pressed by player 0
[2022-12-12 17:42:14] [SEVERE ] player 0 placing token on slot 1
[2022-12-12 17:42:14] [SEVERE ] Key 69 was pressed by player 0
[2022-12-12 17:42:14] [SEVERE ] player 0 placing token on slot 2
[2022-12-12 17:42:14] [SEVERE ] setting player 0 freeze to 1000
[2022-12-12 17:42:15] [SEVERE ] removing player 0 token from slot 0
[2022-12-12 17:42:15] [SEVERE ] removing player 0 token from slot 1
[2022-12-12 17:42:15] [SEVERE ] removing player 0 token from slot 2
[2022-12-12 17:42:15] [SEVERE ] Key 81 was pressed by player 0
[2022-12-12 17:42:15] [SEVERE ] removing card from slot 0
[2022-12-12 17:42:16] [SEVERE ] removing card from slot 1
[2022-12-12 17:42:16] [SEVERE ] removing card from slot 2
[2022-12-12 17:42:16] [SEVERE ] removing card from slot 3
[2022-12-12 17:42:16] [SEVERE ] removing card from slot 4
[2022-12-12 17:42:16] [SEVERE ] removing card from slot 5
[2022-12-12 17:42:16] [SEVERE ] removing card from slot 6
[2022-12-12 17:42:16] [SEVERE ] removing card from slot 7
[2022-12-12 17:42:16] [SEVERE ] removing card from slot 8
[2022-12-12 17:42:16] [SEVERE ] removing card from slot 9
[2022-12-12 17:42:16] [SEVERE ] removing card from slot 10
[2022-12-12 17:42:17] [SEVERE ] removing card from slot 11
[2022-12-12 17:42:17] [SEVERE ] placing card 5 in slot 0
[2022-12-12 17:42:17] [SEVERE ] placing card 79 in slot 1
[2022-12-12 17:42:17] [SEVERE ] placing card 11 in slot 2
[2022-12-12 17:42:17] [SEVERE ] placing card 54 in slot 3
[2022-12-12 17:42:17] [SEVERE ] placing card 58 in slot 4
[2022-12-12 17:42:17] [SEVERE ] placing card 59 in slot 5
[2022-12-12 17:42:17] [SEVERE ] placing card 47 in slot 6
[2022-12-12 17:42:17] [SEVERE ] placing card 78 in slot 7
[2022-12-12 17:42:17] [SEVERE ] placing card 76 in slot 8
[2022-12-12 17:42:18] [SEVERE ] placing card 41 in slot 9
[2022-12-12 17:42:18] [SEVERE ] placing card 25 in slot 10
[2022-12-12 17:42:18] [SEVERE ] placing card 20 in slot 11
[2022-12-12 17:42:18] [SEVERE ] player 0 placing token on slot 0
[2022-12-12 17:42:18] [SEVERE ] Key 87 was pressed by player 0
[2022-12-12 17:42:18] [SEVERE ] player 0 placing token on slot 1
[2022-12-12 17:42:18] [SEVERE ] Key 69 was pressed by player 0
[2022-12-12 17:42:18] [SEVERE ] player 0 placing token on slot 2
[2022-12-12 17:42:18] [SEVERE ] setting player 0 freeze to 1000
[2022-12-12 17:42:18] [SEVERE ] removing player 0 token from slot 0
[2022-12-12 17:42:18] [SEVERE ] removing player 0 token from slot 1
[2022-12-12 17:42:18] [SEVERE ] removing player 0 token from slot 2
[2022-12-12 17:42:18] [SEVERE ] Key 81 was pressed by player 0
[2022-12-12 17:42:18] [SEVERE ] player 0 placing token on slot 0
[2022-12-12 17:42:18] [SEVERE ] Key 87 was pressed by player 0
[2022-12-12 17:42:18] [SEVERE ] player 0 placing token on slot 1
[2022-12-12 17:42:18] [SEVERE ] Key 69 was pressed by player 0
[2022-12-12 17:42:18] [SEVERE ] player 0 placing token on slot 2
[2022-12-12 17:42:18] [SEVERE ] setting player 0 freeze to 1000
[2022-12-12 17:42:19] [SEVERE ] removing player 0 token from slot 0
[2022-12-12 17:42:19] [SEVERE ] removing player 0 token from slot 1
[2022-12-12 17:42:19] [SEVERE ] removing player 0 token from slot 2
[2022-12-12 17:42:19] [SEVERE ] Key 81 was pressed by player 0
[2022-12-12 17:42:19] [SEVERE ] player 0 placing token on slot 0
[2022-12-12 17:42:19] [SEVERE ] Key 87 was pressed by player 0
[2022-12-12 17:42:19] [SEVERE ] player 0 placing token on slot 1
[2022-12-12 17:42:19] [SEVERE ] Key 69 was pressed by player 0
[2022-12-12 17:42:19] [SEVERE ] player 0 placing token on slot 2
[2022-12-12 17:42:19] [SEVERE ] setting player 0 freeze to 1000
[2022-12-12 17:42:20] [SEVERE ] removing player 0 token from slot 0
[2022-12-12 17:42:20] [SEVERE ] removing player 0 token from slot 1
[2022-12-12 17:42:20] [SEVERE ] removing player 0 token from slot 2
[2022-12-12 17:42:20] [SEVERE ] Key 81 was pressed by player 0
[2022-12-12 17:42:20] [SEVERE ] player 0 placing token on slot 0
[2022-12-12 17:42:20] [SEVERE ] Key 87 was pressed by player 0
[2022-12-12 17:42:20] [SEVERE ] player 0 placing token on slot 1
[2022-12-12 17:42:20] [SEVERE ] Key 69 was pressed by player 0
[2022-12-12 17:42:20] [SEVERE ] player 0 placing token on slot 2
[2022-12-12 17:42:20] [SEVERE ] setting player 0 freeze to 1000
[2022-12-12 17:42:21] [SEVERE ] removing player 0 token from slot 0
[2022-12-12 17:42:21] [SEVERE ] removing player 0 token from slot 1
[2022-12-12 17:42:21] [SEVERE ] removing player 0 token from slot 2
[2022-12-12 17:42:21] [SEVERE ] Key 87 was pressed by player 0
[2022-12-12 17:42:21] [SEVERE ] player 0 placing token on slot 1
[2022-12-12 17:42:21] [SEVERE ] Key 81 was pressed by player 0
[2022-12-12 17:42:21] [SEVERE ] player 0 placing token on slot 0
[2022-12-12 17:42:21] [SEVERE ] Key 69 was pressed by player 0
[2022-12-12 17:42:21] [SEVERE ] player 0 placing token on slot 2
[2022-12-12 17:42:21] [SEVERE ] setting player 0 freeze to 1000
[2022-12-12 17:42:22] [SEVERE ] removing player 0 token from slot 1
[2022-12-12 17:42:22] [SEVERE ] removing player 0 token from slot 0
[2022-12-12 17:42:22] [SEVERE ] removing player 0 token from slot 2
[2022-12-12 17:42:22] [SEVERE ] Key 87 was pressed by player 0
[2022-12-12 17:42:22] [SEVERE ] player 0 placing token on slot 1
[2022-12-12 17:42:22] [SEVERE ] Key 81 was pressed by player 0
[2022-12-12 17:42:22] [SEVERE ] player 0 placing token on slot 0
[2022-12-12 17:42:22] [SEVERE ] Key 69 was pressed by player 0
[2022-12-12 17:42:22] [SEVERE ] player 0 placing token on slot 2
[2022-12-12 17:42:22] [SEVERE ] setting player 0 freeze to 1000
[2022-12-12 17:42:23] [SEVERE ] removing player 0 token from slot 1
[2022-12-12 17:42:23] [SEVERE ] removing player 0 token from slot 0
[2022-12-12 17:42:23] [SEVERE ] removing player 0 token from slot 2
[2022-12-12 17:42:23] [SEVERE ] Key 87 was pressed by player 0
[2022-12-12 17:42:23] [SEVERE ] player 0 placing token on slot 1
[2022-12-12 17:42:23] [SEVERE ] Key 81 was pressed by player 0
[2022-12-12 17:42:23] [SEVERE ] player 0 placing token on slot 0
[2022-12-12 17:42:23] [SEVERE ] Key 69 was pressed by player 0
[2022-12-12 17:42:23] [SEVERE ] player 0 placing token on slot 2
[2022-12-12 17:42:23] [SEVERE ] setting player 0 freeze to 1000
[2022-12-12 17:42:24] [SEVERE ] removing player 0 token from slot 1
[2022-12-12 17:42:24] [SEVERE ] removing player 0 token from slot 0
[2022-12-12 17:42:24] [SEVERE ] removing player 0 token from slot 2
[2022-12-12 17:42:24] [SEVERE ] Key 81 was pressed by player 0
[2022-12-12 17:42:24] [SEVERE ] player 0 placing token on slot 0
[2022-12-12 17:42:33] [SEVERE ] removing player 0 token from slot 0
[2022-12-12 17:42:33] [SEVERE ] removing card from slot 0
[2022-12-12 17:42:33] [SEVERE ] removing card from slot 1
[2022-12-12 17:42:33] [SEVERE ] removing card from slot 2
[2022-12-12 17:42:33] [SEVERE ] removing card from slot 3
[2022-12-12 17:42:33] [SEVERE ] removing card from slot 4
[2022-12-12 17:42:33] [SEVERE ] removing card from slot 5
[2022-12-12 17:42:34] [SEVERE ] removing card from slot 6
[2022-12-12 17:42:34] [SEVERE ] removing card from slot 7
[2022-12-12 17:42:34] [SEVERE ] removing card from slot 8
[2022-12-12 17:42:34] [SEVERE ] removing card from slot 9
[2022-12-12 17:42:34] [SEVERE ] removing card from slot 10
[2022-12-12 17:42:34] [SEVERE ] removing card from slot 11
[2022-12-12 17:42:34] [SEVERE ] placing card 9 in slot 0
[2022-12-12 17:42:34] [SEVERE ] placing card 16 in slot 1
[2022-12-12 17:42:34] [SEVERE ] placing card 47 in slot 2
[2022-12-12 17:42:34] [SEVERE ] placing card 21 in slot 3
[2022-12-12 17:42:35] [SEVERE ] placing card 56 in slot 4
[2022-12-12 17:42:35] [SEVERE ] placing card 61 in slot 5
[2022-12-12 17:42:35] [SEVERE ] placing card 49 in slot 6
[2022-12-12 17:42:35] [SEVERE ] placing card 10 in slot 7
[2022-12-12 17:42:35] [SEVERE ] placing card 29 in slot 8
[2022-12-12 17:42:35] [SEVERE ] placing card 46 in slot 9
[2022-12-12 17:42:35] [SEVERE ] placing card 78 in slot 10
[2022-12-12 17:42:35] [SEVERE ] placing card 41 in slot 11
[2022-12-12 17:42:36] [SEVERE ] Key 81 was pressed by player 0
[2022-12-12 17:42:36] [SEVERE ] player 0 placing token on slot 0
[2022-12-12 17:42:36] [SEVERE ] Key 87 was pressed by player 0
[2022-12-12 17:42:36] [SEVERE ] player 0 placing token on slot 1
[2022-12-12 17:42:36] [SEVERE ] Key 69 was pressed by player 0
[2022-12-12 17:42:36] [SEVERE ] player 0 placing token on slot 2
[2022-12-12 17:42:36] [SEVERE ] setting player 0 freeze to 1000
[2022-12-12 17:42:36] [SEVERE ] removing player 0 token from slot 0
[2022-12-12 17:42:36] [SEVERE ] removing player 0 token from slot 1
[2022-12-12 17:42:36] [SEVERE ] removing player 0 token from slot 2
[2022-12-12 17:42:43] [SEVERE ] Key 81 was pressed by player 0
[2022-12-12 17:42:43] [SEVERE ] player 0 placing token on slot 0
[2022-12-12 17:42:43] [SEVERE ] Key 87 was pressed by player 0
[2022-12-12 17:42:43] [SEVERE ] player 0 placing token on slot 1
[2022-12-12 17:42:43] [SEVERE ] Key 69 was pressed by player 0
[2022-12-12 17:42:43] [SEVERE ] player 0 placing token on slot 2
[2022-12-12 17:42:43] [SEVERE ] setting player 0 freeze to 1000
[2022-12-12 17:42:43] [SEVERE ] removing player 0 token from slot 0
[2022-12-12 17:42:43] [SEVERE ] removing player 0 token from slot 1
[2022-12-12 17:42:43] [SEVERE ] removing player 0 token from slot 2
[2022-12-12 17:42:44] [SEVERE ] Key 81 was pressed by player 0
[2022-12-12 17:42:44] [SEVERE ] player 0 placing token on slot 0
[2022-12-12 17:42:44] [SEVERE ] Key 87 was pressed by player 0
[2022-12-12 17:42:44] [SEVERE ] player 0 placing token on slot 1
[2022-12-12 17:42:44] [SEVERE ] Key 69 was pressed by player 0
[2022-12-12 17:42:44] [SEVERE ] player 0 placing token on slot 2
[2022-12-12 17:42:44] [SEVERE ] setting player 0 freeze to 1000
[2022-12-12 17:42:44] [SEVERE ] removing player 0 token from slot 0
[2022-12-12 17:42:44] [SEVERE ] removing player 0 token from slot 1
[2022-12-12 17:42:44] [SEVERE ] removing player 0 token from slot 2
[2022-12-12 17:42:46] [SEVERE ] Key 81 was pressed by player 0
[2022-12-12 17:42:46] [SEVERE ] player 0 placing token on slot 0
[2022-12-12 17:42:46] [SEVERE ] Key 87 was pressed by player 0
[2022-12-12 17:42:46] [SEVERE ] player 0 placing token on slot 1
[2022-12-12 17:42:46] [SEVERE ] Key 69 was pressed by player 0
[2022-12-12 17:42:46] [SEVERE ] player 0 placing token on slot 2
[2022-12-12 17:42:46] [SEVERE ] setting player 0 freeze to 1000
[2022-12-12 17:42:46] [SEVERE ] removing player 0 token from slot 0
[2022-12-12 17:42:46] [SEVERE ] removing player 0 token from slot 1
[2022-12-12 17:42:46] [SEVERE ] removing player 0 token from slot 2
[2022-12-12 17:42:48] [SEVERE ] Key 81 was pressed by player 0
[2022-12-12 17:42:48] [SEVERE ] player 0 placing token on slot 0
[2022-12-12 17:42:48] [SEVERE ] Key 87 was pressed by player 0
[2022-12-12 17:42:48] [SEVERE ] player 0 placing token on slot 1
[2022-12-12 17:42:48] [SEVERE ] Key 69 was pressed by player 0
[2022-12-12 17:42:48] [SEVERE ] player 0 placing token on slot 2
[2022-12-12 17:42:48] [SEVERE ] setting player 0 freeze to 1000
[2022-12-12 17:42:48] [SEVERE ] removing player 0 token from slot 0
[2022-12-12 17:42:48] [SEVERE ] removing player 0 token from slot 1
[2022-12-12 17:42:48] [SEVERE ] removing player 0 token from slot 2
[2022-12-12 17:42:50] [SEVERE ] removing card from slot 0
[2022-12-12 17:42:50] [SEVERE ] removing card from slot 1
[2022-12-12 17:42:51] [SEVERE ] removing card from slot 2
[2022-12-12 17:42:51] [SEVERE ] removing card from slot 3
[2022-12-12 17:42:51] [SEVERE ] removing card from slot 4
[2022-12-12 17:42:51] [SEVERE ] removing card from slot 5
[2022-12-12 17:42:51] [SEVERE ] removing card from slot 6
[2022-12-12 17:42:51] [SEVERE ] removing card from slot 7
[2022-12-12 17:42:51] [SEVERE ] removing card from slot 8
[2022-12-12 17:42:51] [SEVERE ] removing card from slot 9
[2022-12-12 17:42:51] [SEVERE ] removing card from slot 10
[2022-12-12 17:42:51] [SEVERE ] removing card from slot 11
[2022-12-12 17:42:52] [SEVERE ] placing card 31 in slot 0
[2022-12-12 17:42:52] [SEVERE ] placing card 1 in slot 1
[2022-12-12 17:42:52] [SEVERE ] placing card 6 in slot 2
[2022-12-12 17:42:52] [SEVERE ] placing card 53 in slot 3
[2022-12-12 17:42:52] [SEVERE ] placing card 38 in slot 4
[2022-12-12 17:42:52] [SEVERE ] placing card 51 in slot 5
[2022-12-12 17:42:52] [SEVERE ] placing card 47 in slot 6
[2022-12-12 17:42:52] [SEVERE ] placing card 24 in slot 7
[2022-12-12 17:42:52] [SEVERE ] placing card 27 in slot 8
[2022-12-12 17:42:52] [SEVERE ] placing card 70 in slot 9
[2022-12-12 17:42:53] [SEVERE ] placing card 60 in slot 10
[2022-12-12 17:42:53] [SEVERE ] placing card 20 in slot 11
[2022-12-12 17:42:58] [SEVERE ] Key 81 was pressed by player 0
[2022-12-12 17:42:58] [SEVERE ] player 0 placing token on slot 0
[2022-12-12 17:42:58] [SEVERE ] Key 87 was pressed by player 0
[2022-12-12 17:42:58] [SEVERE ] player 0 placing token on slot 1
[2022-12-12 17:42:58] [SEVERE ] Key 69 was pressed by player 0
[2022-12-12 17:42:58] [SEVERE ] player 0 placing token on slot 2
[2022-12-12 17:42:58] [SEVERE ] setting player 0 freeze to 1000
[2022-12-12 17:42:58] [SEVERE ] removing player 0 token from slot 0
[2022-12-12 17:42:58] [SEVERE ] removing player 0 token from slot 1
[2022-12-12 17:42:58] [SEVERE ] removing player 0 token from slot 2
[2022-12-12 17:43:08] [SEVERE ] removing card from slot 0
[2022-12-12 17:43:08] [SEVERE ] removing card from slot 1
[2022-12-12 17:43:08] [SEVERE ] removing card from slot 2
[2022-12-12 17:43:08] [SEVERE ] removing card from slot 3
[2022-12-12 17:43:08] [SEVERE ] removing card from slot 4
[2022-12-12 17:43:08] [SEVERE ] removing card from slot 5
[2022-12-12 17:43:08] [SEVERE ] removing card from slot 6
[2022-12-12 17:43:08] [SEVERE ] removing card from slot 7
