[2022-12-12 19:16:35] [INFO   ] cannot read configuration file config.properties trying from resources.
[2022-12-12 19:16:35] [INFO   ] configuration file was loaded from resources directory.
[2022-12-12 19:16:36] [INFO   ] Thread dealer starting.
[2022-12-12 19:16:36] [INFO   ] Thread Player 0starting.
[2022-12-12 19:16:36] [INFO   ] Thread Player 1starting.
[2022-12-12 19:16:36] [SEVERE ] placing card 17 in slot 0
[2022-12-12 19:16:36] [SEVERE ] placing card 38 in slot 1
[2022-12-12 19:16:36] [SEVERE ] placing card 8 in slot 2
[2022-12-12 19:16:36] [SEVERE ] placing card 47 in slot 3
[2022-12-12 19:16:36] [SEVERE ] placing card 50 in slot 4
[2022-12-12 19:16:36] [SEVERE ] placing card 68 in slot 5
[2022-12-12 19:16:36] [SEVERE ] placing card 48 in slot 6
[2022-12-12 19:16:36] [SEVERE ] placing card 7 in slot 7
[2022-12-12 19:16:36] [SEVERE ] placing card 15 in slot 8
[2022-12-12 19:16:37] [SEVERE ] placing card 28 in slot 9
[2022-12-12 19:16:37] [SEVERE ] placing card 19 in slot 10
[2022-12-12 19:16:37] [SEVERE ] placing card 4 in slot 11
[2022-12-12 19:16:38] [SEVERE ] Key 81 was pressed by player 0
[2022-12-12 19:16:38] [SEVERE ] player 0 placing token on slot 0
[2022-12-12 19:16:38] [SEVERE ] Key 87 was pressed by player 0
[2022-12-12 19:16:38] [SEVERE ] player 0 placing token on slot 1
[2022-12-12 19:16:38] [SEVERE ] Key 69 was pressed by player 0
[2022-12-12 19:16:38] [SEVERE ] player 0 placing token on slot 2
[2022-12-12 19:16:38] [SEVERE ] setting player 0 freeze to 1000
[2022-12-12 19:16:48] [SEVERE ] removing player 0 token from slot 0
[2022-12-12 19:16:48] [SEVERE ] removing player 0 token from slot 1
[2022-12-12 19:16:48] [SEVERE ] removing player 0 token from slot 2
[2022-12-12 19:16:48] [SEVERE ] Key 81 was pressed by player 0
[2022-12-12 19:16:48] [SEVERE ] player 0 placing token on slot 0
[2022-12-12 19:16:48] [SEVERE ] Key 87 was pressed by player 0
[2022-12-12 19:16:48] [SEVERE ] player 0 placing token on slot 1
[2022-12-12 19:16:48] [SEVERE ] Key 69 was pressed by player 0
[2022-12-12 19:16:48] [SEVERE ] player 0 placing token on slot 2
[2022-12-12 19:16:48] [SEVERE ] setting player 0 freeze to 1000
[2022-12-12 19:16:58] [SEVERE ] removing player 0 token from slot 0
[2022-12-12 19:16:58] [SEVERE ] removing player 0 token from slot 1
[2022-12-12 19:16:58] [SEVERE ] removing player 0 token from slot 2
[2022-12-12 19:16:58] [SEVERE ] removing card from slot 0
[2022-12-12 19:16:58] [SEVERE ] removing card from slot 1
[2022-12-12 19:16:58] [SEVERE ] removing card from slot 2
[2022-12-12 19:16:58] [SEVERE ] removing card from slot 3
[2022-12-12 19:16:58] [SEVERE ] removing card from slot 4
[2022-12-12 19:16:58] [SEVERE ] removing card from slot 5
[2022-12-12 19:16:59] [SEVERE ] removing card from slot 6
[2022-12-12 19:16:59] [SEVERE ] removing card from slot 7
[2022-12-12 19:16:59] [SEVERE ] removing card from slot 8
[2022-12-12 19:16:59] [SEVERE ] removing card from slot 9
[2022-12-12 19:16:59] [SEVERE ] removing card from slot 10
[2022-12-12 19:16:59] [SEVERE ] removing card from slot 11
[2022-12-12 19:16:59] [SEVERE ] placing card 76 in slot 0
[2022-12-12 19:16:59] [SEVERE ] placing card 11 in slot 1
[2022-12-12 19:16:59] [SEVERE ] placing card 73 in slot 2
[2022-12-12 19:17:00] [SEVERE ] placing card 6 in slot 3
[2022-12-12 19:17:00] [SEVERE ] placing card 68 in slot 4
[2022-12-12 19:17:00] [SEVERE ] placing card 30 in slot 5
[2022-12-12 19:17:00] [SEVERE ] placing card 52 in slot 6
[2022-12-12 19:17:00] [SEVERE ] placing card 65 in slot 7
[2022-12-12 19:17:00] [SEVERE ] placing card 0 in slot 8
[2022-12-12 19:17:00] [SEVERE ] placing card 17 in slot 9
[2022-12-12 19:17:00] [SEVERE ] placing card 2 in slot 10
[2022-12-12 19:17:00] [SEVERE ] placing card 7 in slot 11
