[2022-12-12 18:28:00] [INFO   ] cannot read configuration file config.properties trying from resources.
[2022-12-12 18:28:00] [INFO   ] configuration file was loaded from resources directory.
[2022-12-12 18:28:01] [INFO   ] Thread dealer starting.
[2022-12-12 18:28:01] [INFO   ] Thread Player 0starting.
[2022-12-12 18:28:01] [INFO   ] Thread Player 1starting.
[2022-12-12 18:28:01] [SEVERE ] placing card 17 in slot 0
[2022-12-12 18:28:01] [SEVERE ] placing card 67 in slot 1
[2022-12-12 18:28:01] [SEVERE ] placing card 60 in slot 2
[2022-12-12 18:28:01] [SEVERE ] placing card 65 in slot 3
[2022-12-12 18:28:01] [SEVERE ] placing card 16 in slot 4
[2022-12-12 18:28:01] [SEVERE ] placing card 71 in slot 5
[2022-12-12 18:28:01] [SEVERE ] placing card 20 in slot 6
[2022-12-12 18:28:02] [SEVERE ] placing card 6 in slot 7
[2022-12-12 18:28:02] [SEVERE ] placing card 55 in slot 8
[2022-12-12 18:28:02] [SEVERE ] placing card 30 in slot 9
[2022-12-12 18:28:02] [SEVERE ] placing card 61 in slot 10
[2022-12-12 18:28:02] [SEVERE ] placing card 75 in slot 11
[2022-12-12 18:28:06] [SEVERE ] Key 81 was pressed by player 0
[2022-12-12 18:28:06] [SEVERE ] player 0 placing token on slot 0
[2022-12-12 18:28:06] [SEVERE ] Key 87 was pressed by player 0
[2022-12-12 18:28:06] [SEVERE ] player 0 placing token on slot 1
[2022-12-12 18:28:06] [SEVERE ] Key 69 was pressed by player 0
[2022-12-12 18:28:06] [SEVERE ] player 0 placing token on slot 2
[2022-12-12 18:28:06] [SEVERE ] setting player 0 freeze to 1000
[2022-12-12 18:28:06] [SEVERE ] removing player 0 token from slot 0
[2022-12-12 18:28:06] [SEVERE ] removing player 0 token from slot 1
[2022-12-12 18:28:06] [SEVERE ] removing player 0 token from slot 2
[2022-12-12 18:28:08] [SEVERE ] Key 81 was pressed by player 0
[2022-12-12 18:28:08] [SEVERE ] player 0 placing token on slot 0
[2022-12-12 18:28:08] [SEVERE ] Key 87 was pressed by player 0
[2022-12-12 18:28:08] [SEVERE ] player 0 placing token on slot 1
[2022-12-12 18:28:08] [SEVERE ] Key 69 was pressed by player 0
[2022-12-12 18:28:08] [SEVERE ] player 0 placing token on slot 2
[2022-12-12 18:28:08] [SEVERE ] setting player 0 freeze to 1000
[2022-12-12 18:28:08] [SEVERE ] removing player 0 token from slot 0
[2022-12-12 18:28:08] [SEVERE ] removing player 0 token from slot 1
[2022-12-12 18:28:08] [SEVERE ] removing player 0 token from slot 2
[2022-12-12 18:28:11] [SEVERE ] Key 81 was pressed by player 0
[2022-12-12 18:28:11] [SEVERE ] player 0 placing token on slot 0
[2022-12-12 18:28:11] [SEVERE ] Key 87 was pressed by player 0
[2022-12-12 18:28:11] [SEVERE ] player 0 placing token on slot 1
[2022-12-12 18:28:11] [SEVERE ] Key 69 was pressed by player 0
[2022-12-12 18:28:11] [SEVERE ] player 0 placing token on slot 2
[2022-12-12 18:28:11] [SEVERE ] setting player 0 freeze to 1000
[2022-12-12 18:28:11] [SEVERE ] removing player 0 token from slot 0
[2022-12-12 18:28:11] [SEVERE ] removing player 0 token from slot 1
[2022-12-12 18:28:11] [SEVERE ] removing player 0 token from slot 2
[2022-12-12 18:28:12] [SEVERE ] Key 81 was pressed by player 0
[2022-12-12 18:28:12] [SEVERE ] player 0 placing token on slot 0
[2022-12-12 18:28:12] [SEVERE ] Key 87 was pressed by player 0
[2022-12-12 18:28:12] [SEVERE ] player 0 placing token on slot 1
[2022-12-12 18:28:12] [SEVERE ] Key 69 was pressed by player 0
[2022-12-12 18:28:12] [SEVERE ] player 0 placing token on slot 2
[2022-12-12 18:28:12] [SEVERE ] setting player 0 freeze to 1000
[2022-12-12 18:28:12] [SEVERE ] removing player 0 token from slot 0
[2022-12-12 18:28:12] [SEVERE ] removing player 0 token from slot 1
[2022-12-12 18:28:12] [SEVERE ] removing player 0 token from slot 2
[2022-12-12 18:28:13] [SEVERE ] Key 81 was pressed by player 0
[2022-12-12 18:28:13] [SEVERE ] player 0 placing token on slot 0
[2022-12-12 18:28:13] [SEVERE ] Key 87 was pressed by player 0
[2022-12-12 18:28:13] [SEVERE ] player 0 placing token on slot 1
[2022-12-12 18:28:13] [SEVERE ] Key 69 was pressed by player 0
[2022-12-12 18:28:13] [SEVERE ] player 0 placing token on slot 2
[2022-12-12 18:28:13] [SEVERE ] setting player 0 freeze to 1000
[2022-12-12 18:28:13] [SEVERE ] removing player 0 token from slot 0
[2022-12-12 18:28:13] [SEVERE ] removing player 0 token from slot 1
[2022-12-12 18:28:13] [SEVERE ] removing player 0 token from slot 2
[2022-12-12 18:28:13] [SEVERE ] Key 81 was pressed by player 0
[2022-12-12 18:28:13] [SEVERE ] player 0 placing token on slot 0
[2022-12-12 18:28:13] [SEVERE ] Key 87 was pressed by player 0
[2022-12-12 18:28:13] [SEVERE ] player 0 placing token on slot 1
[2022-12-12 18:28:13] [SEVERE ] Key 69 was pressed by player 0
[2022-12-12 18:28:13] [SEVERE ] player 0 placing token on slot 2
[2022-12-12 18:28:13] [SEVERE ] setting player 0 freeze to 1000
[2022-12-12 18:28:13] [SEVERE ] removing player 0 token from slot 0
[2022-12-12 18:28:13] [SEVERE ] removing player 0 token from slot 1
[2022-12-12 18:28:13] [SEVERE ] removing player 0 token from slot 2
[2022-12-12 18:28:13] [SEVERE ] Key 81 was pressed by player 0
[2022-12-12 18:28:13] [SEVERE ] player 0 placing token on slot 0
[2022-12-12 18:28:13] [SEVERE ] Key 87 was pressed by player 0
[2022-12-12 18:28:13] [SEVERE ] player 0 placing token on slot 1
[2022-12-12 18:28:13] [SEVERE ] Key 69 was pressed by player 0
[2022-12-12 18:28:13] [SEVERE ] player 0 placing token on slot 2
[2022-12-12 18:28:13] [SEVERE ] setting player 0 freeze to 1000
[2022-12-12 18:28:13] [SEVERE ] removing player 0 token from slot 0
[2022-12-12 18:28:13] [SEVERE ] removing player 0 token from slot 1
[2022-12-12 18:28:13] [SEVERE ] removing player 0 token from slot 2
[2022-12-12 18:28:14] [SEVERE ] Key 81 was pressed by player 0
[2022-12-12 18:28:14] [SEVERE ] player 0 placing token on slot 0
[2022-12-12 18:28:14] [SEVERE ] Key 87 was pressed by player 0
[2022-12-12 18:28:14] [SEVERE ] player 0 placing token on slot 1
[2022-12-12 18:28:14] [SEVERE ] Key 69 was pressed by player 0
[2022-12-12 18:28:14] [SEVERE ] player 0 placing token on slot 2
[2022-12-12 18:28:14] [SEVERE ] setting player 0 freeze to 1000
[2022-12-12 18:28:14] [SEVERE ] removing player 0 token from slot 0
[2022-12-12 18:28:14] [SEVERE ] removing player 0 token from slot 1
[2022-12-12 18:28:14] [SEVERE ] removing player 0 token from slot 2
[2022-12-12 18:28:14] [SEVERE ] Key 87 was pressed by player 0
[2022-12-12 18:28:14] [SEVERE ] player 0 placing token on slot 1
[2022-12-12 18:28:14] [SEVERE ] Key 81 was pressed by player 0
[2022-12-12 18:28:14] [SEVERE ] player 0 placing token on slot 0
[2022-12-12 18:28:14] [SEVERE ] Key 69 was pressed by player 0
[2022-12-12 18:28:14] [SEVERE ] player 0 placing token on slot 2
[2022-12-12 18:28:14] [SEVERE ] setting player 0 freeze to 1000
[2022-12-12 18:28:14] [SEVERE ] removing player 0 token from slot 1
[2022-12-12 18:28:14] [SEVERE ] removing player 0 token from slot 0
[2022-12-12 18:28:14] [SEVERE ] removing player 0 token from slot 2
[2022-12-12 18:28:14] [SEVERE ] Key 81 was pressed by player 0
[2022-12-12 18:28:14] [SEVERE ] player 0 placing token on slot 0
[2022-12-12 18:28:14] [SEVERE ] Key 87 was pressed by player 0
[2022-12-12 18:28:14] [SEVERE ] player 0 placing token on slot 1
[2022-12-12 18:28:14] [SEVERE ] Key 69 was pressed by player 0
[2022-12-12 18:28:14] [SEVERE ] player 0 placing token on slot 2
[2022-12-12 18:28:14] [SEVERE ] setting player 0 freeze to 1000
[2022-12-12 18:28:14] [SEVERE ] removing player 0 token from slot 0
[2022-12-12 18:28:14] [SEVERE ] removing player 0 token from slot 1
[2022-12-12 18:28:14] [SEVERE ] removing player 0 token from slot 2
[2022-12-12 18:28:14] [SEVERE ] Key 87 was pressed by player 0
[2022-12-12 18:28:14] [SEVERE ] player 0 placing token on slot 1
[2022-12-12 18:28:14] [SEVERE ] Key 81 was pressed by player 0
[2022-12-12 18:28:14] [SEVERE ] player 0 placing token on slot 0
[2022-12-12 18:28:14] [SEVERE ] Key 69 was pressed by player 0
[2022-12-12 18:28:14] [SEVERE ] player 0 placing token on slot 2
[2022-12-12 18:28:14] [SEVERE ] setting player 0 freeze to 1000
[2022-12-12 18:28:14] [SEVERE ] removing player 0 token from slot 1
[2022-12-12 18:28:14] [SEVERE ] removing player 0 token from slot 0
[2022-12-12 18:28:14] [SEVERE ] removing player 0 token from slot 2
[2022-12-12 18:28:15] [SEVERE ] Key 87 was pressed by player 0
[2022-12-12 18:28:15] [SEVERE ] player 0 placing token on slot 1
[2022-12-12 18:28:15] [SEVERE ] Key 81 was pressed by player 0
[2022-12-12 18:28:15] [SEVERE ] player 0 placing token on slot 0
[2022-12-12 18:28:15] [SEVERE ] Key 69 was pressed by player 0
[2022-12-12 18:28:15] [SEVERE ] player 0 placing token on slot 2
[2022-12-12 18:28:15] [SEVERE ] setting player 0 freeze to 1000
[2022-12-12 18:28:15] [SEVERE ] removing player 0 token from slot 1
[2022-12-12 18:28:15] [SEVERE ] removing player 0 token from slot 0
[2022-12-12 18:28:15] [SEVERE ] removing player 0 token from slot 2
[2022-12-12 18:28:15] [SEVERE ] Key 87 was pressed by player 0
[2022-12-12 18:28:15] [SEVERE ] player 0 placing token on slot 1
[2022-12-12 18:28:15] [SEVERE ] Key 81 was pressed by player 0
[2022-12-12 18:28:15] [SEVERE ] player 0 placing token on slot 0
[2022-12-12 18:28:15] [SEVERE ] Key 69 was pressed by player 0
[2022-12-12 18:28:15] [SEVERE ] player 0 placing token on slot 2
[2022-12-12 18:28:15] [SEVERE ] setting player 0 freeze to 1000
[2022-12-12 18:28:15] [SEVERE ] removing player 0 token from slot 1
[2022-12-12 18:28:15] [SEVERE ] removing player 0 token from slot 0
[2022-12-12 18:28:15] [SEVERE ] removing player 0 token from slot 2
[2022-12-12 18:28:15] [SEVERE ] Key 81 was pressed by player 0
[2022-12-12 18:28:15] [SEVERE ] player 0 placing token on slot 0
[2022-12-12 18:28:17] [SEVERE ] removing player 0 token from slot 0
[2022-12-12 18:28:17] [SEVERE ] removing card from slot 0
[2022-12-12 18:28:17] [SEVERE ] removing card from slot 1
[2022-12-12 18:28:17] [SEVERE ] removing card from slot 2
[2022-12-12 18:28:17] [SEVERE ] removing card from slot 3
[2022-12-12 18:28:17] [SEVERE ] removing card from slot 4
[2022-12-12 18:28:18] [SEVERE ] removing card from slot 5
[2022-12-12 18:28:18] [SEVERE ] removing card from slot 6
[2022-12-12 18:28:18] [SEVERE ] removing card from slot 7
[2022-12-12 18:28:18] [SEVERE ] removing card from slot 8
[2022-12-12 18:28:18] [SEVERE ] removing card from slot 9
[2022-12-12 18:28:18] [SEVERE ] removing card from slot 10
[2022-12-12 18:28:18] [SEVERE ] removing card from slot 11
[2022-12-12 18:28:18] [SEVERE ] placing card 51 in slot 0
[2022-12-12 18:28:18] [SEVERE ] placing card 4 in slot 1
[2022-12-12 18:28:18] [SEVERE ] placing card 9 in slot 2
[2022-12-12 18:28:19] [SEVERE ] placing card 30 in slot 3
[2022-12-12 18:28:19] [SEVERE ] placing card 36 in slot 4
[2022-12-12 18:28:19] [SEVERE ] placing card 70 in slot 5
[2022-12-12 18:28:19] [SEVERE ] placing card 50 in slot 6
[2022-12-12 18:28:19] [SEVERE ] placing card 41 in slot 7
[2022-12-12 18:28:19] [SEVERE ] placing card 57 in slot 8
[2022-12-12 18:28:19] [SEVERE ] placing card 31 in slot 9
[2022-12-12 18:28:19] [SEVERE ] placing card 66 in slot 10
[2022-12-12 18:28:19] [SEVERE ] placing card 59 in slot 11
[2022-12-12 18:28:34] [SEVERE ] removing card from slot 0
[2022-12-12 18:28:35] [SEVERE ] removing card from slot 1
[2022-12-12 18:28:35] [SEVERE ] removing card from slot 2
[2022-12-12 18:28:35] [SEVERE ] removing card from slot 3
[2022-12-12 18:28:35] [SEVERE ] removing card from slot 4
[2022-12-12 18:28:35] [SEVERE ] removing card from slot 5
[2022-12-12 18:28:35] [SEVERE ] removing card from slot 6
[2022-12-12 18:28:35] [SEVERE ] removing card from slot 7
[2022-12-12 18:28:35] [SEVERE ] removing card from slot 8
[2022-12-12 18:28:35] [SEVERE ] removing card from slot 9
[2022-12-12 18:28:35] [SEVERE ] removing card from slot 10
[2022-12-12 18:28:36] [SEVERE ] removing card from slot 11
[2022-12-12 18:28:36] [SEVERE ] placing card 50 in slot 0
[2022-12-12 18:28:36] [SEVERE ] placing card 29 in slot 1
[2022-12-12 18:28:36] [SEVERE ] placing card 1 in slot 2
[2022-12-12 18:28:36] [SEVERE ] placing card 23 in slot 3
[2022-12-12 18:28:36] [SEVERE ] placing card 58 in slot 4
[2022-12-12 18:28:36] [SEVERE ] placing card 2 in slot 5
[2022-12-12 18:28:36] [SEVERE ] placing card 12 in slot 6
[2022-12-12 18:28:36] [SEVERE ] placing card 30 in slot 7
[2022-12-12 18:28:36] [SEVERE ] placing card 7 in slot 8
[2022-12-12 18:28:37] [SEVERE ] placing card 64 in slot 9
[2022-12-12 18:28:37] [SEVERE ] placing card 72 in slot 10
[2022-12-12 18:28:37] [SEVERE ] placing card 79 in slot 11
[2022-12-12 18:28:52] [SEVERE ] removing card from slot 0
[2022-12-12 18:28:52] [SEVERE ] removing card from slot 1
[2022-12-12 18:28:52] [SEVERE ] removing card from slot 2
[2022-12-12 18:28:52] [SEVERE ] removing card from slot 3
