[2022-12-12 18:32:32] [INFO   ] cannot read configuration file config.properties trying from resources.
[2022-12-12 18:32:32] [INFO   ] configuration file was loaded from resources directory.
[2022-12-12 18:32:33] [INFO   ] Thread dealer starting.
[2022-12-12 18:32:33] [INFO   ] Thread Player 0starting.
[2022-12-12 18:32:33] [INFO   ] Thread Player 1starting.
[2022-12-12 18:32:33] [SEVERE ] placing card 78 in slot 0
[2022-12-12 18:32:33] [SEVERE ] placing card 40 in slot 1
[2022-12-12 18:32:33] [SEVERE ] placing card 64 in slot 2
[2022-12-12 18:32:33] [SEVERE ] placing card 48 in slot 3
[2022-12-12 18:32:33] [SEVERE ] placing card 45 in slot 4
[2022-12-12 18:32:34] [SEVERE ] placing card 69 in slot 5
[2022-12-12 18:32:34] [SEVERE ] placing card 15 in slot 6
[2022-12-12 18:32:34] [SEVERE ] placing card 74 in slot 7
[2022-12-12 18:32:34] [SEVERE ] placing card 38 in slot 8
[2022-12-12 18:32:34] [SEVERE ] placing card 70 in slot 9
[2022-12-12 18:32:34] [SEVERE ] placing card 37 in slot 10
[2022-12-12 18:32:34] [SEVERE ] placing card 2 in slot 11
[2022-12-12 18:32:42] [SEVERE ] Key 87 was pressed by player 0
[2022-12-12 18:32:42] [SEVERE ] player 0 placing token on slot 1
[2022-12-12 18:32:42] [SEVERE ] Key 81 was pressed by player 0
[2022-12-12 18:32:42] [SEVERE ] player 0 placing token on slot 0
[2022-12-12 18:32:42] [SEVERE ] Key 69 was pressed by player 0
[2022-12-12 18:32:42] [SEVERE ] player 0 placing token on slot 2
[2022-12-12 18:32:42] [SEVERE ] setting player 0 freeze to 1000
[2022-12-12 18:32:42] [SEVERE ] removing player 0 token from slot 1
[2022-12-12 18:32:49] [SEVERE ] removing player 0 token from slot 0
[2022-12-12 18:32:49] [SEVERE ] removing player 0 token from slot 2
[2022-12-12 18:32:51] [SEVERE ] removing card from slot 0
[2022-12-12 18:32:51] [SEVERE ] removing card from slot 1
[2022-12-12 18:32:51] [SEVERE ] removing card from slot 2
[2022-12-12 18:32:51] [SEVERE ] removing card from slot 3
[2022-12-12 18:32:51] [SEVERE ] removing card from slot 4
[2022-12-12 18:32:52] [SEVERE ] removing card from slot 5
[2022-12-12 18:32:52] [SEVERE ] removing card from slot 6
[2022-12-12 18:32:52] [SEVERE ] removing card from slot 7
[2022-12-12 18:32:52] [SEVERE ] removing card from slot 8
[2022-12-12 18:32:52] [SEVERE ] removing card from slot 9
[2022-12-12 18:32:52] [SEVERE ] removing card from slot 10
[2022-12-12 18:32:52] [SEVERE ] removing card from slot 11
[2022-12-12 18:32:52] [SEVERE ] placing card 65 in slot 0
[2022-12-12 18:32:52] [SEVERE ] placing card 12 in slot 1
[2022-12-12 18:32:53] [SEVERE ] placing card 34 in slot 2
[2022-12-12 18:32:53] [SEVERE ] placing card 2 in slot 3
[2022-12-12 18:32:53] [SEVERE ] placing card 46 in slot 4
[2022-12-12 18:32:53] [SEVERE ] placing card 49 in slot 5
[2022-12-12 18:32:53] [SEVERE ] placing card 32 in slot 6
[2022-12-12 18:32:53] [SEVERE ] placing card 21 in slot 7
[2022-12-12 18:32:53] [SEVERE ] placing card 14 in slot 8
[2022-12-12 18:32:53] [SEVERE ] placing card 77 in slot 9
[2022-12-12 18:32:53] [SEVERE ] placing card 30 in slot 10
[2022-12-12 18:32:53] [SEVERE ] placing card 78 in slot 11
[2022-12-12 18:32:56] [SEVERE ] Key 81 was pressed by player 0
[2022-12-12 18:32:56] [SEVERE ] player 0 placing token on slot 0
[2022-12-12 18:32:56] [SEVERE ] Key 87 was pressed by player 0
[2022-12-12 18:32:56] [SEVERE ] player 0 placing token on slot 1
[2022-12-12 18:32:56] [SEVERE ] Key 69 was pressed by player 0
[2022-12-12 18:32:56] [SEVERE ] player 0 placing token on slot 2
[2022-12-12 18:32:56] [SEVERE ] setting player 0 freeze to 1000
[2022-12-12 18:32:56] [SEVERE ] removing player 0 token from slot 0
[2022-12-12 18:32:56] [SEVERE ] removing player 0 token from slot 1
[2022-12-12 18:32:56] [SEVERE ] removing player 0 token from slot 2
[2022-12-12 18:32:58] [SEVERE ] Key 81 was pressed by player 0
[2022-12-12 18:32:58] [SEVERE ] player 0 placing token on slot 0
[2022-12-12 18:32:58] [SEVERE ] Key 87 was pressed by player 0
[2022-12-12 18:32:58] [SEVERE ] player 0 placing token on slot 1
[2022-12-12 18:32:58] [SEVERE ] Key 69 was pressed by player 0
[2022-12-12 18:32:58] [SEVERE ] player 0 placing token on slot 2
[2022-12-12 18:32:58] [SEVERE ] setting player 0 freeze to 1000
[2022-12-12 18:32:58] [SEVERE ] removing player 0 token from slot 0
[2022-12-12 18:32:58] [SEVERE ] removing player 0 token from slot 1
[2022-12-12 18:32:58] [SEVERE ] removing player 0 token from slot 2
[2022-12-12 18:32:59] [SEVERE ] Key 81 was pressed by player 0
[2022-12-12 18:32:59] [SEVERE ] player 0 placing token on slot 0
[2022-12-12 18:32:59] [SEVERE ] Key 87 was pressed by player 0
[2022-12-12 18:32:59] [SEVERE ] player 0 placing token on slot 1
[2022-12-12 18:32:59] [SEVERE ] Key 69 was pressed by player 0
[2022-12-12 18:32:59] [SEVERE ] player 0 placing token on slot 2
[2022-12-12 18:32:59] [SEVERE ] setting player 0 freeze to 1000
[2022-12-12 18:32:59] [SEVERE ] removing player 0 token from slot 0
[2022-12-12 18:32:59] [SEVERE ] removing player 0 token from slot 1
[2022-12-12 18:32:59] [SEVERE ] removing player 0 token from slot 2
[2022-12-12 18:33:09] [SEVERE ] removing card from slot 0
[2022-12-12 18:33:09] [SEVERE ] removing card from slot 1
[2022-12-12 18:33:09] [SEVERE ] removing card from slot 2
[2022-12-12 18:33:09] [SEVERE ] removing card from slot 3
[2022-12-12 18:33:09] [SEVERE ] removing card from slot 4
[2022-12-12 18:33:09] [SEVERE ] removing card from slot 5
[2022-12-12 18:33:09] [SEVERE ] removing card from slot 6
[2022-12-12 18:33:09] [SEVERE ] removing card from slot 7
[2022-12-12 18:33:09] [SEVERE ] removing card from slot 8
[2022-12-12 18:33:09] [SEVERE ] removing card from slot 9
[2022-12-12 18:33:10] [SEVERE ] removing card from slot 10
[2022-12-12 18:33:10] [SEVERE ] removing card from slot 11
[2022-12-12 18:33:10] [SEVERE ] placing card 58 in slot 0
[2022-12-12 18:33:10] [SEVERE ] placing card 34 in slot 1
[2022-12-12 18:33:10] [SEVERE ] placing card 5 in slot 2
[2022-12-12 18:33:10] [SEVERE ] placing card 42 in slot 3
[2022-12-12 18:33:10] [SEVERE ] placing card 78 in slot 4
[2022-12-12 18:33:10] [SEVERE ] placing card 21 in slot 5
[2022-12-12 18:33:10] [SEVERE ] placing card 37 in slot 6
[2022-12-12 18:33:10] [SEVERE ] placing card 49 in slot 7
[2022-12-12 18:33:11] [SEVERE ] placing card 66 in slot 8
[2022-12-12 18:33:11] [SEVERE ] placing card 35 in slot 9
[2022-12-12 18:33:11] [SEVERE ] placing card 22 in slot 10
[2022-12-12 18:33:11] [SEVERE ] placing card 29 in slot 11
[2022-12-12 18:33:12] [SEVERE ] Key 81 was pressed by player 0
[2022-12-12 18:33:12] [SEVERE ] player 0 placing token on slot 0
[2022-12-12 18:33:12] [SEVERE ] Key 87 was pressed by player 0
[2022-12-12 18:33:12] [SEVERE ] player 0 placing token on slot 1
[2022-12-12 18:33:12] [SEVERE ] Key 69 was pressed by player 0
[2022-12-12 18:33:12] [SEVERE ] player 0 placing token on slot 2
[2022-12-12 18:33:12] [SEVERE ] setting player 0 freeze to 1000
[2022-12-12 18:33:12] [SEVERE ] removing player 0 token from slot 0
[2022-12-12 18:33:12] [SEVERE ] removing player 0 token from slot 1
[2022-12-12 18:33:12] [SEVERE ] removing player 0 token from slot 2
[2022-12-12 18:33:14] [SEVERE ] Key 81 was pressed by player 0
[2022-12-12 18:33:14] [SEVERE ] player 0 placing token on slot 0
[2022-12-12 18:33:14] [SEVERE ] Key 87 was pressed by player 0
[2022-12-12 18:33:14] [SEVERE ] player 0 placing token on slot 1
[2022-12-12 18:33:14] [SEVERE ] Key 69 was pressed by player 0
[2022-12-12 18:33:14] [SEVERE ] player 0 placing token on slot 2
[2022-12-12 18:33:14] [SEVERE ] setting player 0 freeze to 1000
[2022-12-12 18:33:14] [SEVERE ] removing player 0 token from slot 0
[2022-12-12 18:33:14] [SEVERE ] removing player 0 token from slot 1
[2022-12-12 18:33:14] [SEVERE ] removing player 0 token from slot 2
[2022-12-12 18:33:15] [SEVERE ] Key 81 was pressed by player 0
[2022-12-12 18:33:15] [SEVERE ] player 0 placing token on slot 0
[2022-12-12 18:33:15] [SEVERE ] Key 87 was pressed by player 0
[2022-12-12 18:33:15] [SEVERE ] player 0 placing token on slot 1
[2022-12-12 18:33:15] [SEVERE ] Key 69 was pressed by player 0
[2022-12-12 18:33:15] [SEVERE ] player 0 placing token on slot 2
[2022-12-12 18:33:15] [SEVERE ] setting player 0 freeze to 1000
[2022-12-12 18:33:15] [SEVERE ] removing player 0 token from slot 0
[2022-12-12 18:33:15] [SEVERE ] removing player 0 token from slot 1
[2022-12-12 18:33:15] [SEVERE ] removing player 0 token from slot 2
[2022-12-12 18:33:19] [SEVERE ] Key 81 was pressed by player 0
[2022-12-12 18:33:19] [SEVERE ] player 0 placing token on slot 0
[2022-12-12 18:33:19] [SEVERE ] Key 87 was pressed by player 0
[2022-12-12 18:33:19] [SEVERE ] player 0 placing token on slot 1
[2022-12-12 18:33:19] [SEVERE ] Key 69 was pressed by player 0
[2022-12-12 18:33:19] [SEVERE ] player 0 placing token on slot 2
[2022-12-12 18:33:19] [SEVERE ] setting player 0 freeze to 1000
[2022-12-12 18:33:19] [SEVERE ] removing player 0 token from slot 0
[2022-12-12 18:33:19] [SEVERE ] removing player 0 token from slot 1
[2022-12-12 18:33:19] [SEVERE ] removing player 0 token from slot 2
[2022-12-12 18:33:26] [SEVERE ] removing card from slot 0
[2022-12-12 18:33:26] [SEVERE ] removing card from slot 1
[2022-12-12 18:33:26] [SEVERE ] removing card from slot 2
[2022-12-12 18:33:26] [SEVERE ] removing card from slot 3
[2022-12-12 18:33:26] [SEVERE ] removing card from slot 4
[2022-12-12 18:33:27] [SEVERE ] removing card from slot 5
[2022-12-12 18:33:27] [SEVERE ] removing card from slot 6
[2022-12-12 18:33:27] [SEVERE ] removing card from slot 7
[2022-12-12 18:33:27] [SEVERE ] removing card from slot 8
[2022-12-12 18:33:27] [SEVERE ] removing card from slot 9
[2022-12-12 18:33:27] [SEVERE ] removing card from slot 10
[2022-12-12 18:33:27] [SEVERE ] removing card from slot 11
[2022-12-12 18:33:27] [SEVERE ] placing card 39 in slot 0
[2022-12-12 18:33:27] [SEVERE ] placing card 74 in slot 1
[2022-12-12 18:33:27] [SEVERE ] placing card 31 in slot 2
[2022-12-12 18:33:28] [SEVERE ] placing card 63 in slot 3
[2022-12-12 18:33:28] [SEVERE ] placing card 23 in slot 4
[2022-12-12 18:33:28] [SEVERE ] placing card 12 in slot 5
[2022-12-12 18:33:28] [SEVERE ] placing card 51 in slot 6
[2022-12-12 18:33:28] [SEVERE ] placing card 3 in slot 7
[2022-12-12 18:33:28] [SEVERE ] placing card 22 in slot 8
[2022-12-12 18:33:28] [SEVERE ] placing card 27 in slot 9
[2022-12-12 18:33:28] [SEVERE ] placing card 69 in slot 10
[2022-12-12 18:33:28] [SEVERE ] placing card 48 in slot 11
[2022-12-12 18:33:43] [SEVERE ] removing card from slot 0
[2022-12-12 18:33:44] [SEVERE ] removing card from slot 1
[2022-12-12 18:33:44] [SEVERE ] removing card from slot 2
[2022-12-12 18:33:44] [SEVERE ] removing card from slot 3
[2022-12-12 18:33:44] [SEVERE ] removing card from slot 4
[2022-12-12 18:33:44] [SEVERE ] removing card from slot 5
[2022-12-12 18:33:44] [SEVERE ] removing card from slot 6
[2022-12-12 18:33:44] [SEVERE ] removing card from slot 7
[2022-12-12 18:33:44] [SEVERE ] removing card from slot 8
[2022-12-12 18:33:44] [SEVERE ] removing card from slot 9
[2022-12-12 18:33:44] [SEVERE ] removing card from slot 10
[2022-12-12 18:33:45] [SEVERE ] removing card from slot 11
[2022-12-12 18:33:45] [SEVERE ] placing card 34 in slot 0
[2022-12-12 18:33:45] [SEVERE ] placing card 9 in slot 1
[2022-12-12 18:33:45] [SEVERE ] placing card 1 in slot 2
[2022-12-12 18:33:45] [SEVERE ] placing card 23 in slot 3
[2022-12-12 18:33:45] [SEVERE ] placing card 52 in slot 4
[2022-12-12 18:33:45] [SEVERE ] placing card 45 in slot 5
[2022-12-12 18:33:45] [SEVERE ] placing card 80 in slot 6
[2022-12-12 18:33:45] [SEVERE ] placing card 35 in slot 7
[2022-12-12 18:33:45] [SEVERE ] placing card 67 in slot 8
[2022-12-12 18:33:46] [SEVERE ] placing card 71 in slot 9
[2022-12-12 18:33:46] [SEVERE ] placing card 47 in slot 10
[2022-12-12 18:33:46] [SEVERE ] placing card 54 in slot 11
[2022-12-12 18:33:48] [SEVERE ] Key 81 was pressed by player 0
[2022-12-12 18:33:48] [SEVERE ] player 0 placing token on slot 0
[2022-12-12 18:33:48] [SEVERE ] Key 87 was pressed by player 0
[2022-12-12 18:33:48] [SEVERE ] player 0 placing token on slot 1
[2022-12-12 18:33:49] [SEVERE ] Key 69 was pressed by player 0
[2022-12-12 18:33:49] [SEVERE ] player 0 placing token on slot 2
[2022-12-12 18:33:49] [SEVERE ] setting player 0 freeze to 1000
[2022-12-12 18:33:49] [SEVERE ] removing player 0 token from slot 0
[2022-12-12 18:33:49] [SEVERE ] removing player 0 token from slot 1
[2022-12-12 18:33:49] [SEVERE ] removing player 0 token from slot 2
[2022-12-12 18:34:01] [SEVERE ] removing card from slot 0
[2022-12-12 18:34:01] [SEVERE ] removing card from slot 1
[2022-12-12 18:34:01] [SEVERE ] removing card from slot 2
[2022-12-12 18:34:01] [SEVERE ] removing card from slot 3
[2022-12-12 18:34:01] [SEVERE ] removing card from slot 4
[2022-12-12 18:34:01] [SEVERE ] removing card from slot 5
[2022-12-12 18:34:01] [SEVERE ] Key 81 was pressed by player 0
[2022-12-12 18:34:02] [SEVERE ] removing card from slot 6
[2022-12-12 18:34:02] [SEVERE ] removing card from slot 7
[2022-12-12 18:34:02] [SEVERE ] removing card from slot 8
[2022-12-12 18:34:02] [SEVERE ] removing card from slot 9
[2022-12-12 18:34:02] [SEVERE ] removing card from slot 10
[2022-12-12 18:34:02] [SEVERE ] removing card from slot 11
[2022-12-12 18:34:02] [SEVERE ] placing card 59 in slot 0
[2022-12-12 18:34:02] [SEVERE ] placing card 56 in slot 1
[2022-12-12 18:34:02] [SEVERE ] placing card 17 in slot 2
[2022-12-12 18:34:02] [SEVERE ] placing card 9 in slot 3
[2022-12-12 18:34:03] [SEVERE ] placing card 37 in slot 4
[2022-12-12 18:34:03] [SEVERE ] placing card 34 in slot 5
[2022-12-12 18:34:03] [SEVERE ] placing card 77 in slot 6
[2022-12-12 18:34:03] [SEVERE ] placing card 71 in slot 7
[2022-12-12 18:34:03] [SEVERE ] placing card 43 in slot 8
[2022-12-12 18:34:03] [SEVERE ] placing card 38 in slot 9
[2022-12-12 18:34:03] [SEVERE ] placing card 64 in slot 10
[2022-12-12 18:34:03] [SEVERE ] placing card 73 in slot 11
[2022-12-12 18:34:03] [SEVERE ] player 0 placing token on slot 0
[2022-12-12 18:34:03] [SEVERE ] Key 87 was pressed by player 0
[2022-12-12 18:34:03] [SEVERE ] player 0 placing token on slot 1
[2022-12-12 18:34:03] [SEVERE ] Key 69 was pressed by player 0
[2022-12-12 18:34:03] [SEVERE ] player 0 placing token on slot 2
[2022-12-12 18:34:03] [SEVERE ] setting player 0 freeze to 1000
[2022-12-12 18:34:03] [SEVERE ] removing player 0 token from slot 0
[2022-12-12 18:34:03] [SEVERE ] removing player 0 token from slot 1
[2022-12-12 18:34:03] [SEVERE ] removing player 0 token from slot 2
[2022-12-12 18:34:04] [SEVERE ] Key 81 was pressed by player 0
[2022-12-12 18:34:04] [SEVERE ] player 0 placing token on slot 0
[2022-12-12 18:34:04] [SEVERE ] Key 87 was pressed by player 0
[2022-12-12 18:34:04] [SEVERE ] player 0 placing token on slot 1
[2022-12-12 18:34:04] [SEVERE ] Key 69 was pressed by player 0
[2022-12-12 18:34:04] [SEVERE ] player 0 placing token on slot 2
[2022-12-12 18:34:04] [SEVERE ] setting player 0 freeze to 1000
[2022-12-12 18:34:04] [SEVERE ] removing player 0 token from slot 0
[2022-12-12 18:34:04] [SEVERE ] removing player 0 token from slot 1
[2022-12-12 18:34:04] [SEVERE ] removing player 0 token from slot 2
[2022-12-12 18:34:05] [SEVERE ] Key 81 was pressed by player 0
[2022-12-12 18:34:05] [SEVERE ] player 0 placing token on slot 0
[2022-12-12 18:34:05] [SEVERE ] Key 87 was pressed by player 0
[2022-12-12 18:34:05] [SEVERE ] player 0 placing token on slot 1
[2022-12-12 18:34:05] [SEVERE ] Key 69 was pressed by player 0
[2022-12-12 18:34:05] [SEVERE ] player 0 placing token on slot 2
[2022-12-12 18:34:05] [SEVERE ] setting player 0 freeze to 1000
[2022-12-12 18:34:05] [SEVERE ] removing player 0 token from slot 0
[2022-12-12 18:34:05] [SEVERE ] removing player 0 token from slot 1
[2022-12-12 18:34:05] [SEVERE ] removing player 0 token from slot 2
[2022-12-12 18:34:14] [SEVERE ] Key 81 was pressed by player 0
[2022-12-12 18:34:14] [SEVERE ] player 0 placing token on slot 0
[2022-12-12 18:34:14] [SEVERE ] Key 87 was pressed by player 0
[2022-12-12 18:34:14] [SEVERE ] player 0 placing token on slot 1
[2022-12-12 18:34:14] [SEVERE ] Key 69 was pressed by player 0
[2022-12-12 18:34:14] [SEVERE ] player 0 placing token on slot 2
[2022-12-12 18:34:14] [SEVERE ] setting player 0 freeze to 1000
[2022-12-12 18:34:14] [SEVERE ] removing player 0 token from slot 0
[2022-12-12 18:34:14] [SEVERE ] removing player 0 token from slot 1
[2022-12-12 18:34:14] [SEVERE ] removing player 0 token from slot 2
[2022-12-12 18:34:18] [SEVERE ] removing card from slot 0
