[2022-12-12 17:43:13] [INFO   ] cannot read configuration file config.properties trying from resources.
[2022-12-12 17:43:13] [INFO   ] configuration file was loaded from resources directory.
[2022-12-12 17:43:14] [INFO   ] Thread dealer starting.
[2022-12-12 17:43:14] [INFO   ] Thread Player 0starting.
[2022-12-12 17:43:14] [INFO   ] Thread Player 1starting.
[2022-12-12 17:43:14] [SEVERE ] placing card 30 in slot 0
[2022-12-12 17:43:14] [SEVERE ] placing card 52 in slot 1
[2022-12-12 17:43:14] [SEVERE ] placing card 25 in slot 2
[2022-12-12 17:43:14] [SEVERE ] placing card 10 in slot 3
[2022-12-12 17:43:14] [SEVERE ] placing card 67 in slot 4
[2022-12-12 17:43:14] [SEVERE ] placing card 78 in slot 5
[2022-12-12 17:43:14] [SEVERE ] placing card 59 in slot 6
[2022-12-12 17:43:14] [SEVERE ] placing card 47 in slot 7
[2022-12-12 17:43:15] [SEVERE ] placing card 38 in slot 8
[2022-12-12 17:43:15] [SEVERE ] placing card 15 in slot 9
[2022-12-12 17:43:15] [SEVERE ] placing card 44 in slot 10
[2022-12-12 17:43:15] [SEVERE ] placing card 33 in slot 11
[2022-12-12 17:43:16] [SEVERE ] Key 81 was pressed by player 0
[2022-12-12 17:43:16] [SEVERE ] player 0 placing token on slot 0
[2022-12-12 17:43:16] [SEVERE ] Key 87 was pressed by player 0
[2022-12-12 17:43:16] [SEVERE ] player 0 placing token on slot 1
[2022-12-12 17:43:16] [SEVERE ] Key 69 was pressed by player 0
[2022-12-12 17:43:16] [SEVERE ] player 0 placing token on slot 2
[2022-12-12 17:43:16] [SEVERE ] setting player 0 freeze to 1000
[2022-12-12 17:43:16] [SEVERE ] removing player 0 token from slot 0
[2022-12-12 17:43:16] [SEVERE ] removing player 0 token from slot 1
[2022-12-12 17:43:16] [SEVERE ] removing player 0 token from slot 2
[2022-12-12 17:43:20] [SEVERE ] Key 81 was pressed by player 0
[2022-12-12 17:43:20] [SEVERE ] player 0 placing token on slot 0
[2022-12-12 17:43:20] [SEVERE ] Key 87 was pressed by player 0
[2022-12-12 17:43:20] [SEVERE ] player 0 placing token on slot 1
[2022-12-12 17:43:20] [SEVERE ] Key 69 was pressed by player 0
[2022-12-12 17:43:20] [SEVERE ] player 0 placing token on slot 2
[2022-12-12 17:43:20] [SEVERE ] setting player 0 freeze to 1000
[2022-12-12 17:43:20] [SEVERE ] removing player 0 token from slot 0
[2022-12-12 17:43:20] [SEVERE ] removing player 0 token from slot 1
[2022-12-12 17:43:20] [SEVERE ] removing player 0 token from slot 2
[2022-12-12 17:43:21] [SEVERE ] Key 81 was pressed by player 0
[2022-12-12 17:43:21] [SEVERE ] player 0 placing token on slot 0
[2022-12-12 17:43:21] [SEVERE ] Key 87 was pressed by player 0
[2022-12-12 17:43:21] [SEVERE ] player 0 placing token on slot 1
[2022-12-12 17:43:21] [SEVERE ] Key 69 was pressed by player 0
[2022-12-12 17:43:21] [SEVERE ] player 0 placing token on slot 2
[2022-12-12 17:43:21] [SEVERE ] setting player 0 freeze to 1000
[2022-12-12 17:43:21] [SEVERE ] removing player 0 token from slot 0
[2022-12-12 17:43:21] [SEVERE ] removing player 0 token from slot 1
[2022-12-12 17:43:21] [SEVERE ] removing player 0 token from slot 2
[2022-12-12 17:43:21] [SEVERE ] Key 81 was pressed by player 0
[2022-12-12 17:43:21] [SEVERE ] player 0 placing token on slot 0
[2022-12-12 17:43:21] [SEVERE ] Key 87 was pressed by player 0
[2022-12-12 17:43:21] [SEVERE ] player 0 placing token on slot 1
[2022-12-12 17:43:22] [SEVERE ] Key 69 was pressed by player 0
[2022-12-12 17:43:22] [SEVERE ] player 0 placing token on slot 2
[2022-12-12 17:43:22] [SEVERE ] setting player 0 freeze to 1000
[2022-12-12 17:43:22] [SEVERE ] removing player 0 token from slot 0
[2022-12-12 17:43:22] [SEVERE ] removing player 0 token from slot 1
[2022-12-12 17:43:22] [SEVERE ] removing player 0 token from slot 2
[2022-12-12 17:43:22] [SEVERE ] Key 87 was pressed by player 0
[2022-12-12 17:43:22] [SEVERE ] player 0 placing token on slot 1
[2022-12-12 17:43:22] [SEVERE ] Key 81 was pressed by player 0
[2022-12-12 17:43:22] [SEVERE ] player 0 placing token on slot 0
[2022-12-12 17:43:22] [SEVERE ] Key 69 was pressed by player 0
[2022-12-12 17:43:22] [SEVERE ] player 0 placing token on slot 2
[2022-12-12 17:43:22] [SEVERE ] setting player 0 freeze to 1000
[2022-12-12 17:43:22] [SEVERE ] removing player 0 token from slot 1
[2022-12-12 17:43:22] [SEVERE ] removing player 0 token from slot 0
[2022-12-12 17:43:22] [SEVERE ] removing player 0 token from slot 2
[2022-12-12 17:43:23] [SEVERE ] Key 81 was pressed by player 0
[2022-12-12 17:43:23] [SEVERE ] player 0 placing token on slot 0
[2022-12-12 17:43:23] [SEVERE ] Key 87 was pressed by player 0
[2022-12-12 17:43:23] [SEVERE ] player 0 placing token on slot 1
[2022-12-12 17:43:23] [SEVERE ] Key 69 was pressed by player 0
[2022-12-12 17:43:23] [SEVERE ] player 0 placing token on slot 2
[2022-12-12 17:43:23] [SEVERE ] setting player 0 freeze to 1000
[2022-12-12 17:43:23] [SEVERE ] removing player 0 token from slot 0
[2022-12-12 17:43:23] [SEVERE ] removing player 0 token from slot 1
[2022-12-12 17:43:23] [SEVERE ] removing player 0 token from slot 2
[2022-12-12 17:43:23] [SEVERE ] Key 81 was pressed by player 0
[2022-12-12 17:43:23] [SEVERE ] player 0 placing token on slot 0
[2022-12-12 17:43:23] [SEVERE ] Key 87 was pressed by player 0
[2022-12-12 17:43:23] [SEVERE ] player 0 placing token on slot 1
[2022-12-12 17:43:23] [SEVERE ] Key 69 was pressed by player 0
[2022-12-12 17:43:23] [SEVERE ] player 0 placing token on slot 2
[2022-12-12 17:43:23] [SEVERE ] setting player 0 freeze to 1000
[2022-12-12 17:43:23] [SEVERE ] removing player 0 token from slot 0
[2022-12-12 17:43:23] [SEVERE ] removing player 0 token from slot 1
[2022-12-12 17:43:23] [SEVERE ] removing player 0 token from slot 2
[2022-12-12 17:43:24] [SEVERE ] Key 81 was pressed by player 0
[2022-12-12 17:43:24] [SEVERE ] player 0 placing token on slot 0
[2022-12-12 17:43:24] [SEVERE ] Key 87 was pressed by player 0
[2022-12-12 17:43:24] [SEVERE ] player 0 placing token on slot 1
[2022-12-12 17:43:24] [SEVERE ] Key 69 was pressed by player 0
[2022-12-12 17:43:24] [SEVERE ] player 0 placing token on slot 2
[2022-12-12 17:43:24] [SEVERE ] setting player 0 freeze to 1000
[2022-12-12 17:43:24] [SEVERE ] removing player 0 token from slot 0
[2022-12-12 17:43:24] [SEVERE ] removing player 0 token from slot 1
[2022-12-12 17:43:24] [SEVERE ] removing player 0 token from slot 2
[2022-12-12 17:43:24] [SEVERE ] Key 81 was pressed by player 0
[2022-12-12 17:43:24] [SEVERE ] player 0 placing token on slot 0
[2022-12-12 17:43:24] [SEVERE ] Key 87 was pressed by player 0
[2022-12-12 17:43:24] [SEVERE ] player 0 placing token on slot 1
[2022-12-12 17:43:24] [SEVERE ] Key 69 was pressed by player 0
[2022-12-12 17:43:24] [SEVERE ] player 0 placing token on slot 2
[2022-12-12 17:43:24] [SEVERE ] setting player 0 freeze to 1000
[2022-12-12 17:43:24] [SEVERE ] removing player 0 token from slot 0
[2022-12-12 17:43:24] [SEVERE ] removing player 0 token from slot 1
[2022-12-12 17:43:24] [SEVERE ] removing player 0 token from slot 2
[2022-12-12 17:43:24] [SEVERE ] Key 81 was pressed by player 0
[2022-12-12 17:43:24] [SEVERE ] player 0 placing token on slot 0
[2022-12-12 17:43:24] [SEVERE ] Key 87 was pressed by player 0
[2022-12-12 17:43:24] [SEVERE ] player 0 placing token on slot 1
[2022-12-12 17:43:25] [SEVERE ] Key 69 was pressed by player 0
[2022-12-12 17:43:25] [SEVERE ] player 0 placing token on slot 2
[2022-12-12 17:43:25] [SEVERE ] setting player 0 freeze to 1000
[2022-12-12 17:43:25] [SEVERE ] removing player 0 token from slot 0
[2022-12-12 17:43:25] [SEVERE ] removing player 0 token from slot 1
[2022-12-12 17:43:25] [SEVERE ] removing player 0 token from slot 2
[2022-12-12 17:43:25] [SEVERE ] Key 81 was pressed by player 0
[2022-12-12 17:43:25] [SEVERE ] player 0 placing token on slot 0
[2022-12-12 17:43:25] [SEVERE ] Key 87 was pressed by player 0
[2022-12-12 17:43:25] [SEVERE ] player 0 placing token on slot 1
[2022-12-12 17:43:25] [SEVERE ] Key 69 was pressed by player 0
[2022-12-12 17:43:25] [SEVERE ] player 0 placing token on slot 2
[2022-12-12 17:43:25] [SEVERE ] setting player 0 freeze to 1000
[2022-12-12 17:43:25] [SEVERE ] removing player 0 token from slot 0
[2022-12-12 17:43:25] [SEVERE ] removing player 0 token from slot 1
[2022-12-12 17:43:25] [SEVERE ] removing player 0 token from slot 2
[2022-12-12 17:43:25] [SEVERE ] Key 81 was pressed by player 0
[2022-12-12 17:43:25] [SEVERE ] player 0 placing token on slot 0
[2022-12-12 17:43:25] [SEVERE ] Key 87 was pressed by player 0
[2022-12-12 17:43:25] [SEVERE ] player 0 placing token on slot 1
[2022-12-12 17:43:25] [SEVERE ] Key 69 was pressed by player 0
[2022-12-12 17:43:25] [SEVERE ] player 0 placing token on slot 2
[2022-12-12 17:43:25] [SEVERE ] setting player 0 freeze to 1000
[2022-12-12 17:43:25] [SEVERE ] removing player 0 token from slot 0
[2022-12-12 17:43:25] [SEVERE ] removing player 0 token from slot 1
[2022-12-12 17:43:25] [SEVERE ] removing player 0 token from slot 2
[2022-12-12 17:43:26] [SEVERE ] Key 81 was pressed by player 0
[2022-12-12 17:43:26] [SEVERE ] player 0 placing token on slot 0
[2022-12-12 17:43:26] [SEVERE ] Key 87 was pressed by player 0
[2022-12-12 17:43:26] [SEVERE ] player 0 placing token on slot 1
[2022-12-12 17:43:26] [SEVERE ] Key 69 was pressed by player 0
[2022-12-12 17:43:26] [SEVERE ] player 0 placing token on slot 2
[2022-12-12 17:43:26] [SEVERE ] setting player 0 freeze to 1000
[2022-12-12 17:43:26] [SEVERE ] removing player 0 token from slot 0
[2022-12-12 17:43:26] [SEVERE ] removing player 0 token from slot 1
[2022-12-12 17:43:26] [SEVERE ] removing player 0 token from slot 2
[2022-12-12 17:43:26] [SEVERE ] Key 81 was pressed by player 0
[2022-12-12 17:43:26] [SEVERE ] player 0 placing token on slot 0
[2022-12-12 17:43:26] [SEVERE ] Key 87 was pressed by player 0
[2022-12-12 17:43:26] [SEVERE ] player 0 placing token on slot 1
[2022-12-12 17:43:26] [SEVERE ] Key 69 was pressed by player 0
[2022-12-12 17:43:26] [SEVERE ] player 0 placing token on slot 2
[2022-12-12 17:43:26] [SEVERE ] setting player 0 freeze to 1000
[2022-12-12 17:43:26] [SEVERE ] removing player 0 token from slot 0
[2022-12-12 17:43:26] [SEVERE ] removing player 0 token from slot 1
[2022-12-12 17:43:26] [SEVERE ] removing player 0 token from slot 2
[2022-12-12 17:43:27] [SEVERE ] Key 81 was pressed by player 0
[2022-12-12 17:43:27] [SEVERE ] player 0 placing token on slot 0
[2022-12-12 17:43:27] [SEVERE ] Key 87 was pressed by player 0
[2022-12-12 17:43:27] [SEVERE ] player 0 placing token on slot 1
[2022-12-12 17:43:27] [SEVERE ] Key 69 was pressed by player 0
[2022-12-12 17:43:27] [SEVERE ] player 0 placing token on slot 2
[2022-12-12 17:43:27] [SEVERE ] setting player 0 freeze to 1000
[2022-12-12 17:43:27] [SEVERE ] removing player 0 token from slot 0
[2022-12-12 17:43:27] [SEVERE ] removing player 0 token from slot 1
[2022-12-12 17:43:27] [SEVERE ] removing player 0 token from slot 2
[2022-12-12 17:43:27] [SEVERE ] Key 81 was pressed by player 0
[2022-12-12 17:43:27] [SEVERE ] player 0 placing token on slot 0
[2022-12-12 17:43:27] [SEVERE ] Key 87 was pressed by player 0
[2022-12-12 17:43:27] [SEVERE ] player 0 placing token on slot 1
[2022-12-12 17:43:27] [SEVERE ] Key 69 was pressed by player 0
[2022-12-12 17:43:27] [SEVERE ] player 0 placing token on slot 2
[2022-12-12 17:43:27] [SEVERE ] setting player 0 freeze to 1000
[2022-12-12 17:43:27] [SEVERE ] removing player 0 token from slot 0
[2022-12-12 17:43:27] [SEVERE ] removing player 0 token from slot 1
[2022-12-12 17:43:27] [SEVERE ] removing player 0 token from slot 2
[2022-12-12 17:43:27] [SEVERE ] Key 81 was pressed by player 0
[2022-12-12 17:43:27] [SEVERE ] player 0 placing token on slot 0
[2022-12-12 17:43:27] [SEVERE ] Key 87 was pressed by player 0
[2022-12-12 17:43:27] [SEVERE ] player 0 placing token on slot 1
[2022-12-12 17:43:27] [SEVERE ] Key 69 was pressed by player 0
[2022-12-12 17:43:27] [SEVERE ] player 0 placing token on slot 2
[2022-12-12 17:43:27] [SEVERE ] setting player 0 freeze to 1000
[2022-12-12 17:43:27] [SEVERE ] removing player 0 token from slot 0
[2022-12-12 17:43:27] [SEVERE ] removing player 0 token from slot 1
[2022-12-12 17:43:27] [SEVERE ] removing player 0 token from slot 2
[2022-12-12 17:43:27] [SEVERE ] Key 81 was pressed by player 0
[2022-12-12 17:43:27] [SEVERE ] player 0 placing token on slot 0
[2022-12-12 17:43:27] [SEVERE ] Key 87 was pressed by player 0
[2022-12-12 17:43:27] [SEVERE ] player 0 placing token on slot 1
[2022-12-12 17:43:28] [SEVERE ] Key 69 was pressed by player 0
[2022-12-12 17:43:28] [SEVERE ] player 0 placing token on slot 2
[2022-12-12 17:43:28] [SEVERE ] setting player 0 freeze to 1000
[2022-12-12 17:43:28] [SEVERE ] removing player 0 token from slot 0
[2022-12-12 17:43:28] [SEVERE ] removing player 0 token from slot 1
[2022-12-12 17:43:28] [SEVERE ] removing player 0 token from slot 2
[2022-12-12 17:43:28] [SEVERE ] Key 81 was pressed by player 0
[2022-12-12 17:43:28] [SEVERE ] player 0 placing token on slot 0
[2022-12-12 17:43:28] [SEVERE ] Key 87 was pressed by player 0
[2022-12-12 17:43:28] [SEVERE ] player 0 placing token on slot 1
[2022-12-12 17:43:28] [SEVERE ] Key 69 was pressed by player 0
[2022-12-12 17:43:28] [SEVERE ] player 0 placing token on slot 2
[2022-12-12 17:43:28] [SEVERE ] setting player 0 freeze to 1000
[2022-12-12 17:43:28] [SEVERE ] removing player 0 token from slot 0
[2022-12-12 17:43:28] [SEVERE ] removing player 0 token from slot 1
[2022-12-12 17:43:28] [SEVERE ] removing player 0 token from slot 2
[2022-12-12 17:43:28] [SEVERE ] Key 81 was pressed by player 0
[2022-12-12 17:43:28] [SEVERE ] player 0 placing token on slot 0
[2022-12-12 17:43:28] [SEVERE ] Key 87 was pressed by player 0
[2022-12-12 17:43:28] [SEVERE ] player 0 placing token on slot 1
[2022-12-12 17:43:28] [SEVERE ] Key 81 was pressed by player 0
[2022-12-12 17:43:28] [SEVERE ] removing player 0 token from slot 0
[2022-12-12 17:43:28] [SEVERE ] Key 87 was pressed by player 0
[2022-12-12 17:43:28] [SEVERE ] removing player 0 token from slot 1
[2022-12-12 17:43:28] [SEVERE ] Key 69 was pressed by player 0
[2022-12-12 17:43:28] [SEVERE ] player 0 placing token on slot 2
[2022-12-12 17:43:29] [SEVERE ] Key 81 was pressed by player 0
[2022-12-12 17:43:29] [SEVERE ] player 0 placing token on slot 0
[2022-12-12 17:43:29] [SEVERE ] Key 87 was pressed by player 0
[2022-12-12 17:43:29] [SEVERE ] player 0 placing token on slot 1
[2022-12-12 17:43:29] [SEVERE ] setting player 0 freeze to 1000
[2022-12-12 17:43:29] [SEVERE ] removing player 0 token from slot 2
[2022-12-12 17:43:29] [SEVERE ] removing player 0 token from slot 0
[2022-12-12 17:43:29] [SEVERE ] removing player 0 token from slot 1
[2022-12-12 17:43:29] [SEVERE ] Key 87 was pressed by player 0
[2022-12-12 17:43:29] [SEVERE ] player 0 placing token on slot 1
[2022-12-12 17:43:29] [SEVERE ] Key 81 was pressed by player 0
[2022-12-12 17:43:29] [SEVERE ] player 0 placing token on slot 0
[2022-12-12 17:43:29] [SEVERE ] Key 69 was pressed by player 0
[2022-12-12 17:43:29] [SEVERE ] player 0 placing token on slot 2
[2022-12-12 17:43:29] [SEVERE ] setting player 0 freeze to 1000
[2022-12-12 17:43:29] [SEVERE ] removing player 0 token from slot 1
[2022-12-12 17:43:29] [SEVERE ] removing player 0 token from slot 0
[2022-12-12 17:43:29] [SEVERE ] removing player 0 token from slot 2
[2022-12-12 17:43:29] [SEVERE ] Key 81 was pressed by player 0
[2022-12-12 17:43:29] [SEVERE ] player 0 placing token on slot 0
[2022-12-12 17:43:29] [SEVERE ] Key 87 was pressed by player 0
[2022-12-12 17:43:29] [SEVERE ] player 0 placing token on slot 1
[2022-12-12 17:43:29] [SEVERE ] Key 69 was pressed by player 0
[2022-12-12 17:43:29] [SEVERE ] player 0 placing token on slot 2
[2022-12-12 17:43:29] [SEVERE ] setting player 0 freeze to 1000
[2022-12-12 17:43:29] [SEVERE ] removing player 0 token from slot 0
[2022-12-12 17:43:29] [SEVERE ] removing player 0 token from slot 1
[2022-12-12 17:43:29] [SEVERE ] removing player 0 token from slot 2
[2022-12-12 17:43:29] [SEVERE ] Key 87 was pressed by player 0
[2022-12-12 17:43:29] [SEVERE ] player 0 placing token on slot 1
[2022-12-12 17:43:29] [SEVERE ] Key 81 was pressed by player 0
[2022-12-12 17:43:29] [SEVERE ] player 0 placing token on slot 0
[2022-12-12 17:43:30] [SEVERE ] Key 69 was pressed by player 0
[2022-12-12 17:43:30] [SEVERE ] player 0 placing token on slot 2
[2022-12-12 17:43:30] [SEVERE ] setting player 0 freeze to 1000
[2022-12-12 17:43:30] [SEVERE ] removing player 0 token from slot 1
[2022-12-12 17:43:30] [SEVERE ] removing player 0 token from slot 0
[2022-12-12 17:43:30] [SEVERE ] removing player 0 token from slot 2
[2022-12-12 17:43:30] [SEVERE ] Key 81 was pressed by player 0
[2022-12-12 17:43:30] [SEVERE ] player 0 placing token on slot 0
[2022-12-12 17:43:30] [SEVERE ] Key 87 was pressed by player 0
[2022-12-12 17:43:30] [SEVERE ] player 0 placing token on slot 1
[2022-12-12 17:43:30] [SEVERE ] Key 69 was pressed by player 0
[2022-12-12 17:43:30] [SEVERE ] player 0 placing token on slot 2
[2022-12-12 17:43:30] [SEVERE ] setting player 0 freeze to 1000
[2022-12-12 17:43:30] [SEVERE ] removing player 0 token from slot 0
[2022-12-12 17:43:30] [SEVERE ] removing player 0 token from slot 1
[2022-12-12 17:43:30] [SEVERE ] removing player 0 token from slot 2
[2022-12-12 17:43:30] [SEVERE ] removing card from slot 0
[2022-12-12 17:43:30] [SEVERE ] Key 87 was pressed by player 0
[2022-12-12 17:43:30] [SEVERE ] removing card from slot 1
[2022-12-12 17:43:30] [SEVERE ] removing card from slot 2
[2022-12-12 17:43:30] [SEVERE ] removing card from slot 3
[2022-12-12 17:43:30] [SEVERE ] removing card from slot 4
[2022-12-12 17:43:30] [SEVERE ] removing card from slot 5
[2022-12-12 17:43:31] [SEVERE ] removing card from slot 6
[2022-12-12 17:43:31] [SEVERE ] removing card from slot 7
[2022-12-12 17:43:31] [SEVERE ] removing card from slot 8
[2022-12-12 17:43:31] [SEVERE ] removing card from slot 9
[2022-12-12 17:43:31] [SEVERE ] removing card from slot 10
[2022-12-12 17:43:31] [SEVERE ] removing card from slot 11
[2022-12-12 17:43:31] [SEVERE ] placing card 22 in slot 0
[2022-12-12 17:43:31] [SEVERE ] placing card 1 in slot 1
[2022-12-12 17:43:31] [SEVERE ] placing card 64 in slot 2
[2022-12-12 17:43:31] [SEVERE ] placing card 23 in slot 3
[2022-12-12 17:43:32] [SEVERE ] placing card 55 in slot 4
[2022-12-12 17:43:32] [SEVERE ] placing card 70 in slot 5
[2022-12-12 17:43:32] [SEVERE ] placing card 16 in slot 6
[2022-12-12 17:43:32] [SEVERE ] placing card 24 in slot 7
[2022-12-12 17:43:32] [SEVERE ] placing card 34 in slot 8
[2022-12-12 17:43:32] [SEVERE ] placing card 66 in slot 9
[2022-12-12 17:43:32] [SEVERE ] placing card 56 in slot 10
[2022-12-12 17:43:32] [SEVERE ] placing card 32 in slot 11
[2022-12-12 17:43:32] [SEVERE ] player 0 placing token on slot 1
[2022-12-12 17:43:32] [SEVERE ] Key 81 was pressed by player 0
[2022-12-12 17:43:32] [SEVERE ] player 0 placing token on slot 0
[2022-12-12 17:43:34] [SEVERE ] Key 87 was pressed by player 0
[2022-12-12 17:43:34] [SEVERE ] removing player 0 token from slot 1
[2022-12-12 17:43:34] [SEVERE ] Key 69 was pressed by player 0
[2022-12-12 17:43:34] [SEVERE ] player 0 placing token on slot 2
[2022-12-12 17:43:34] [SEVERE ] Key 81 was pressed by player 0
[2022-12-12 17:43:34] [SEVERE ] removing player 0 token from slot 0
[2022-12-12 17:43:34] [SEVERE ] Key 87 was pressed by player 0
[2022-12-12 17:43:34] [SEVERE ] player 0 placing token on slot 1
[2022-12-12 17:43:35] [SEVERE ] Key 87 was pressed by player 0
[2022-12-12 17:43:35] [SEVERE ] removing player 0 token from slot 1
[2022-12-12 17:43:35] [SEVERE ] Key 81 was pressed by player 0
[2022-12-12 17:43:35] [SEVERE ] player 0 placing token on slot 0
[2022-12-12 17:43:35] [SEVERE ] Key 69 was pressed by player 0
[2022-12-12 17:43:35] [SEVERE ] removing player 0 token from slot 2
[2022-12-12 17:43:35] [SEVERE ] Key 87 was pressed by player 0
[2022-12-12 17:43:35] [SEVERE ] player 0 placing token on slot 1
[2022-12-12 17:43:35] [SEVERE ] Key 69 was pressed by player 0
[2022-12-12 17:43:35] [SEVERE ] player 0 placing token on slot 2
[2022-12-12 17:43:35] [SEVERE ] setting player 0 freeze to 1000
[2022-12-12 17:43:35] [SEVERE ] removing player 0 token from slot 0
[2022-12-12 17:43:35] [SEVERE ] removing player 0 token from slot 1
[2022-12-12 17:43:35] [SEVERE ] removing player 0 token from slot 2
[2022-12-12 17:43:35] [SEVERE ] Key 87 was pressed by player 0
[2022-12-12 17:43:35] [SEVERE ] player 0 placing token on slot 1
[2022-12-12 17:43:36] [SEVERE ] Key 81 was pressed by player 0
[2022-12-12 17:43:36] [SEVERE ] player 0 placing token on slot 0
[2022-12-12 17:43:36] [SEVERE ] Key 69 was pressed by player 0
[2022-12-12 17:43:36] [SEVERE ] player 0 placing token on slot 2
[2022-12-12 17:43:36] [SEVERE ] setting player 0 freeze to 1000
[2022-12-12 17:43:36] [SEVERE ] removing player 0 token from slot 1
[2022-12-12 17:43:36] [SEVERE ] removing player 0 token from slot 0
[2022-12-12 17:43:36] [SEVERE ] removing player 0 token from slot 2
[2022-12-12 17:43:36] [SEVERE ] Key 81 was pressed by player 0
[2022-12-12 17:43:36] [SEVERE ] player 0 placing token on slot 0
[2022-12-12 17:43:36] [SEVERE ] Key 87 was pressed by player 0
[2022-12-12 17:43:36] [SEVERE ] player 0 placing token on slot 1
[2022-12-12 17:43:36] [SEVERE ] Key 69 was pressed by player 0
[2022-12-12 17:43:36] [SEVERE ] player 0 placing token on slot 2
[2022-12-12 17:43:36] [SEVERE ] setting player 0 freeze to 1000
[2022-12-12 17:43:36] [SEVERE ] removing player 0 token from slot 0
[2022-12-12 17:43:36] [SEVERE ] removing player 0 token from slot 1
[2022-12-12 17:43:36] [SEVERE ] removing player 0 token from slot 2
[2022-12-12 17:43:36] [SEVERE ] Key 81 was pressed by player 0
[2022-12-12 17:43:36] [SEVERE ] player 0 placing token on slot 0
[2022-12-12 17:43:36] [SEVERE ] Key 87 was pressed by player 0
[2022-12-12 17:43:36] [SEVERE ] player 0 placing token on slot 1
[2022-12-12 17:43:36] [SEVERE ] Key 69 was pressed by player 0
[2022-12-12 17:43:36] [SEVERE ] player 0 placing token on slot 2
[2022-12-12 17:43:36] [SEVERE ] setting player 0 freeze to 1000
[2022-12-12 17:43:36] [SEVERE ] removing player 0 token from slot 0
[2022-12-12 17:43:36] [SEVERE ] removing player 0 token from slot 1
[2022-12-12 17:43:36] [SEVERE ] removing player 0 token from slot 2
[2022-12-12 17:43:37] [SEVERE ] Key 81 was pressed by player 0
[2022-12-12 17:43:37] [SEVERE ] player 0 placing token on slot 0
[2022-12-12 17:43:37] [SEVERE ] Key 87 was pressed by player 0
[2022-12-12 17:43:37] [SEVERE ] player 0 placing token on slot 1
[2022-12-12 17:43:37] [SEVERE ] Key 69 was pressed by player 0
[2022-12-12 17:43:37] [SEVERE ] player 0 placing token on slot 2
[2022-12-12 17:43:37] [SEVERE ] setting player 0 freeze to 1000
[2022-12-12 17:43:37] [SEVERE ] removing player 0 token from slot 0
[2022-12-12 17:43:37] [SEVERE ] removing player 0 token from slot 1
[2022-12-12 17:43:37] [SEVERE ] removing player 0 token from slot 2
[2022-12-12 17:43:37] [SEVERE ] Key 81 was pressed by player 0
[2022-12-12 17:43:37] [SEVERE ] player 0 placing token on slot 0
[2022-12-12 17:43:37] [SEVERE ] Key 87 was pressed by player 0
[2022-12-12 17:43:37] [SEVERE ] player 0 placing token on slot 1
[2022-12-12 17:43:37] [SEVERE ] Key 69 was pressed by player 0
[2022-12-12 17:43:37] [SEVERE ] player 0 placing token on slot 2
[2022-12-12 17:43:37] [SEVERE ] setting player 0 freeze to 1000
[2022-12-12 17:43:37] [SEVERE ] removing player 0 token from slot 0
[2022-12-12 17:43:37] [SEVERE ] removing player 0 token from slot 1
[2022-12-12 17:43:37] [SEVERE ] removing player 0 token from slot 2
[2022-12-12 17:43:37] [SEVERE ] Key 87 was pressed by player 0
[2022-12-12 17:43:37] [SEVERE ] player 0 placing token on slot 1
[2022-12-12 17:43:37] [SEVERE ] Key 81 was pressed by player 0
[2022-12-12 17:43:37] [SEVERE ] player 0 placing token on slot 0
[2022-12-12 17:43:38] [SEVERE ] Key 69 was pressed by player 0
[2022-12-12 17:43:38] [SEVERE ] player 0 placing token on slot 2
[2022-12-12 17:43:38] [SEVERE ] setting player 0 freeze to 1000
[2022-12-12 17:43:38] [SEVERE ] removing player 0 token from slot 1
[2022-12-12 17:43:38] [SEVERE ] removing player 0 token from slot 0
[2022-12-12 17:43:38] [SEVERE ] removing player 0 token from slot 2
