[2022-12-12 19:15:28] [INFO   ] cannot read configuration file config.properties trying from resources.
[2022-12-12 19:15:28] [INFO   ] configuration file was loaded from resources directory.
[2022-12-12 19:15:29] [INFO   ] Thread dealer starting.
[2022-12-12 19:15:29] [INFO   ] Thread Player 0starting.
[2022-12-12 19:15:29] [INFO   ] Thread Player 1starting.
[2022-12-12 19:15:29] [SEVERE ] placing card 4 in slot 0
[2022-12-12 19:15:29] [SEVERE ] placing card 68 in slot 1
[2022-12-12 19:15:29] [SEVERE ] placing card 28 in slot 2
[2022-12-12 19:15:29] [SEVERE ] placing card 3 in slot 3
[2022-12-12 19:15:29] [SEVERE ] placing card 1 in slot 4
[2022-12-12 19:15:29] [SEVERE ] placing card 2 in slot 5
[2022-12-12 19:15:29] [SEVERE ] placing card 44 in slot 6
[2022-12-12 19:15:29] [SEVERE ] placing card 0 in slot 7
[2022-12-12 19:15:30] [SEVERE ] placing card 26 in slot 8
[2022-12-12 19:15:30] [SEVERE ] placing card 63 in slot 9
[2022-12-12 19:15:30] [SEVERE ] placing card 73 in slot 10
[2022-12-12 19:15:30] [SEVERE ] placing card 57 in slot 11
[2022-12-12 19:15:34] [SEVERE ] Key 87 was pressed by player 0
[2022-12-12 19:15:34] [SEVERE ] player 0 placing token on slot 1
[2022-12-12 19:15:34] [SEVERE ] Key 81 was pressed by player 0
[2022-12-12 19:15:34] [SEVERE ] player 0 placing token on slot 0
[2022-12-12 19:15:34] [SEVERE ] Key 69 was pressed by player 0
[2022-12-12 19:15:34] [SEVERE ] player 0 placing token on slot 2
[2022-12-12 19:15:34] [SEVERE ] setting player 0 freeze to 1000
