[2022-12-12 18:42:43] [INFO   ] cannot read configuration file config.properties trying from resources.
[2022-12-12 18:42:43] [INFO   ] configuration file was loaded from resources directory.
[2022-12-12 18:42:44] [INFO   ] Thread dealer starting.
[2022-12-12 18:42:44] [INFO   ] Thread Player 0starting.
[2022-12-12 18:42:44] [INFO   ] Thread Player 1starting.
[2022-12-12 18:42:44] [SEVERE ] placing card 62 in slot 0
[2022-12-12 18:42:44] [SEVERE ] placing card 51 in slot 1
[2022-12-12 18:42:44] [SEVERE ] placing card 77 in slot 2
[2022-12-12 18:42:44] [SEVERE ] placing card 27 in slot 3
[2022-12-12 18:42:44] [SEVERE ] placing card 29 in slot 4
[2022-12-12 18:42:45] [SEVERE ] placing card 8 in slot 5
[2022-12-12 18:42:45] [SEVERE ] placing card 7 in slot 6
[2022-12-12 18:42:45] [SEVERE ] placing card 13 in slot 7
[2022-12-12 18:42:45] [SEVERE ] placing card 17 in slot 8
[2022-12-12 18:42:45] [SEVERE ] placing card 2 in slot 9
[2022-12-12 18:42:45] [SEVERE ] placing card 53 in slot 10
[2022-12-12 18:42:45] [SEVERE ] placing card 0 in slot 11
[2022-12-12 18:42:46] [SEVERE ] Key 81 was pressed by player 0
[2022-12-12 18:42:46] [SEVERE ] player 0 placing token on slot 0
[2022-12-12 18:42:46] [SEVERE ] Key 87 was pressed by player 0
[2022-12-12 18:42:46] [SEVERE ] player 0 placing token on slot 1
[2022-12-12 18:42:47] [SEVERE ] Key 69 was pressed by player 0
[2022-12-12 18:42:47] [SEVERE ] player 0 placing token on slot 2
[2022-12-12 18:42:47] [SEVERE ] setting player 0 freeze to 1000
[2022-12-12 18:42:47] [SEVERE ] removing player 0 token from slot 0
[2022-12-12 18:42:47] [SEVERE ] removing player 0 token from slot 1
[2022-12-12 18:42:47] [SEVERE ] removing player 0 token from slot 2
[2022-12-12 18:42:48] [SEVERE ] Key 81 was pressed by player 0
[2022-12-12 18:42:48] [SEVERE ] player 0 placing token on slot 0
[2022-12-12 18:42:48] [SEVERE ] Key 87 was pressed by player 0
[2022-12-12 18:42:48] [SEVERE ] player 0 placing token on slot 1
[2022-12-12 18:42:48] [SEVERE ] Key 69 was pressed by player 0
[2022-12-12 18:42:48] [SEVERE ] player 0 placing token on slot 2
[2022-12-12 18:42:48] [SEVERE ] setting player 0 freeze to 1000
[2022-12-12 18:42:48] [SEVERE ] removing player 0 token from slot 0
[2022-12-12 18:42:48] [SEVERE ] removing player 0 token from slot 1
[2022-12-12 18:42:48] [SEVERE ] removing player 0 token from slot 2
[2022-12-12 18:42:49] [SEVERE ] Key 81 was pressed by player 0
[2022-12-12 18:42:49] [SEVERE ] player 0 placing token on slot 0
[2022-12-12 18:42:49] [SEVERE ] Key 87 was pressed by player 0
[2022-12-12 18:42:49] [SEVERE ] player 0 placing token on slot 1
[2022-12-12 18:42:49] [SEVERE ] Key 69 was pressed by player 0
[2022-12-12 18:42:49] [SEVERE ] player 0 placing token on slot 2
[2022-12-12 18:42:49] [SEVERE ] setting player 0 freeze to 1000
[2022-12-12 18:42:49] [SEVERE ] removing player 0 token from slot 0
[2022-12-12 18:42:49] [SEVERE ] removing player 0 token from slot 1
[2022-12-12 18:42:49] [SEVERE ] removing player 0 token from slot 2
[2022-12-12 18:42:49] [SEVERE ] Key 81 was pressed by player 0
[2022-12-12 18:42:49] [SEVERE ] player 0 placing token on slot 0
[2022-12-12 18:42:49] [SEVERE ] Key 87 was pressed by player 0
[2022-12-12 18:42:49] [SEVERE ] player 0 placing token on slot 1
[2022-12-12 18:42:50] [SEVERE ] Key 69 was pressed by player 0
[2022-12-12 18:42:50] [SEVERE ] player 0 placing token on slot 2
[2022-12-12 18:42:50] [SEVERE ] setting player 0 freeze to 1000
[2022-12-12 18:42:50] [SEVERE ] removing player 0 token from slot 0
[2022-12-12 18:42:50] [SEVERE ] removing player 0 token from slot 1
[2022-12-12 18:42:50] [SEVERE ] removing player 0 token from slot 2
[2022-12-12 18:42:50] [SEVERE ] Key 81 was pressed by player 0
[2022-12-12 18:42:50] [SEVERE ] player 0 placing token on slot 0
[2022-12-12 18:42:50] [SEVERE ] Key 87 was pressed by player 0
[2022-12-12 18:42:50] [SEVERE ] player 0 placing token on slot 1
[2022-12-12 18:42:50] [SEVERE ] Key 69 was pressed by player 0
[2022-12-12 18:42:50] [SEVERE ] player 0 placing token on slot 2
[2022-12-12 18:42:50] [SEVERE ] setting player 0 freeze to 1000
[2022-12-12 18:42:50] [SEVERE ] removing player 0 token from slot 0
[2022-12-12 18:42:50] [SEVERE ] removing player 0 token from slot 1
[2022-12-12 18:42:50] [SEVERE ] removing player 0 token from slot 2
[2022-12-12 18:42:50] [SEVERE ] Key 81 was pressed by player 0
[2022-12-12 18:42:50] [SEVERE ] player 0 placing token on slot 0
[2022-12-12 18:42:50] [SEVERE ] Key 87 was pressed by player 0
[2022-12-12 18:42:50] [SEVERE ] player 0 placing token on slot 1
[2022-12-12 18:42:50] [SEVERE ] Key 69 was pressed by player 0
[2022-12-12 18:42:50] [SEVERE ] player 0 placing token on slot 2
[2022-12-12 18:42:50] [SEVERE ] setting player 0 freeze to 1000
[2022-12-12 18:42:50] [SEVERE ] removing player 0 token from slot 0
[2022-12-12 18:42:50] [SEVERE ] removing player 0 token from slot 1
[2022-12-12 18:42:50] [SEVERE ] removing player 0 token from slot 2
[2022-12-12 18:42:50] [SEVERE ] Key 81 was pressed by player 0
[2022-12-12 18:42:50] [SEVERE ] player 0 placing token on slot 0
[2022-12-12 18:42:50] [SEVERE ] Key 87 was pressed by player 0
[2022-12-12 18:42:50] [SEVERE ] player 0 placing token on slot 1
[2022-12-12 18:42:50] [SEVERE ] Key 69 was pressed by player 0
[2022-12-12 18:42:50] [SEVERE ] player 0 placing token on slot 2
[2022-12-12 18:42:50] [SEVERE ] setting player 0 freeze to 1000
[2022-12-12 18:42:50] [SEVERE ] removing player 0 token from slot 0
[2022-12-12 18:42:50] [SEVERE ] removing player 0 token from slot 1
[2022-12-12 18:42:50] [SEVERE ] removing player 0 token from slot 2
[2022-12-12 18:43:00] [SEVERE ] removing card from slot 0
[2022-12-12 18:43:00] [SEVERE ] removing card from slot 1
[2022-12-12 18:43:00] [SEVERE ] removing card from slot 2
[2022-12-12 18:43:01] [SEVERE ] removing card from slot 3
[2022-12-12 18:43:01] [SEVERE ] removing card from slot 4
[2022-12-12 18:43:01] [SEVERE ] removing card from slot 5
[2022-12-12 18:43:01] [SEVERE ] removing card from slot 6
[2022-12-12 18:43:01] [SEVERE ] removing card from slot 7
[2022-12-12 18:43:01] [SEVERE ] removing card from slot 8
[2022-12-12 18:43:01] [SEVERE ] removing card from slot 9
[2022-12-12 18:43:01] [SEVERE ] removing card from slot 10
[2022-12-12 18:43:01] [SEVERE ] removing card from slot 11
[2022-12-12 18:43:01] [SEVERE ] placing card 70 in slot 0
[2022-12-12 18:43:02] [SEVERE ] placing card 68 in slot 1
[2022-12-12 18:43:02] [SEVERE ] placing card 15 in slot 2
[2022-12-12 18:43:02] [SEVERE ] placing card 20 in slot 3
[2022-12-12 18:43:02] [SEVERE ] placing card 3 in slot 4
[2022-12-12 18:43:02] [SEVERE ] placing card 50 in slot 5
[2022-12-12 18:43:02] [SEVERE ] placing card 32 in slot 6
[2022-12-12 18:43:02] [SEVERE ] placing card 17 in slot 7
[2022-12-12 18:43:02] [SEVERE ] placing card 78 in slot 8
[2022-12-12 18:43:02] [SEVERE ] placing card 18 in slot 9
[2022-12-12 18:43:02] [SEVERE ] placing card 72 in slot 10
[2022-12-12 18:43:03] [SEVERE ] placing card 47 in slot 11
[2022-12-12 18:43:18] [SEVERE ] removing card from slot 0
[2022-12-12 18:43:18] [SEVERE ] removing card from slot 1
[2022-12-12 18:43:18] [SEVERE ] removing card from slot 2
[2022-12-12 18:43:18] [SEVERE ] removing card from slot 3
[2022-12-12 18:43:18] [SEVERE ] removing card from slot 4
[2022-12-12 18:43:18] [SEVERE ] removing card from slot 5
[2022-12-12 18:43:18] [SEVERE ] removing card from slot 6
[2022-12-12 18:43:18] [SEVERE ] removing card from slot 7
[2022-12-12 18:43:18] [SEVERE ] removing card from slot 8
[2022-12-12 18:43:19] [SEVERE ] removing card from slot 9
[2022-12-12 18:43:19] [SEVERE ] removing card from slot 10
[2022-12-12 18:43:19] [SEVERE ] removing card from slot 11
[2022-12-12 18:43:19] [SEVERE ] placing card 55 in slot 0
[2022-12-12 18:43:19] [SEVERE ] placing card 78 in slot 1
[2022-12-12 18:43:19] [SEVERE ] placing card 4 in slot 2
[2022-12-12 18:43:19] [SEVERE ] placing card 79 in slot 3
[2022-12-12 18:43:19] [SEVERE ] placing card 52 in slot 4
[2022-12-12 18:43:19] [SEVERE ] placing card 29 in slot 5
[2022-12-12 18:43:19] [SEVERE ] placing card 19 in slot 6
[2022-12-12 18:43:20] [SEVERE ] placing card 64 in slot 7
[2022-12-12 18:43:20] [SEVERE ] placing card 38 in slot 8
[2022-12-12 18:43:20] [SEVERE ] placing card 23 in slot 9
[2022-12-12 18:43:20] [SEVERE ] placing card 70 in slot 10
[2022-12-12 18:43:20] [SEVERE ] placing card 20 in slot 11
[2022-12-12 18:43:35] [SEVERE ] removing card from slot 0
[2022-12-12 18:43:35] [SEVERE ] removing card from slot 1
[2022-12-12 18:43:35] [SEVERE ] removing card from slot 2
[2022-12-12 18:43:35] [SEVERE ] removing card from slot 3
[2022-12-12 18:43:36] [SEVERE ] removing card from slot 4
[2022-12-12 18:43:36] [SEVERE ] removing card from slot 5
[2022-12-12 18:43:36] [SEVERE ] removing card from slot 6
[2022-12-12 18:43:36] [SEVERE ] removing card from slot 7
[2022-12-12 18:43:36] [SEVERE ] removing card from slot 8
[2022-12-12 18:43:36] [SEVERE ] removing card from slot 9
[2022-12-12 18:43:36] [SEVERE ] removing card from slot 10
[2022-12-12 18:43:36] [SEVERE ] removing card from slot 11
[2022-12-12 18:43:36] [SEVERE ] placing card 11 in slot 0
[2022-12-12 18:43:36] [SEVERE ] placing card 80 in slot 1
[2022-12-12 18:43:37] [SEVERE ] placing card 74 in slot 2
[2022-12-12 18:43:37] [SEVERE ] placing card 76 in slot 3
[2022-12-12 18:43:37] [SEVERE ] placing card 0 in slot 4
[2022-12-12 18:43:37] [SEVERE ] placing card 66 in slot 5
[2022-12-12 18:43:37] [SEVERE ] placing card 48 in slot 6
[2022-12-12 18:43:37] [SEVERE ] placing card 18 in slot 7
[2022-12-12 18:43:37] [SEVERE ] placing card 5 in slot 8
[2022-12-12 18:43:37] [SEVERE ] placing card 36 in slot 9
[2022-12-12 18:43:37] [SEVERE ] placing card 59 in slot 10
[2022-12-12 18:43:37] [SEVERE ] placing card 12 in slot 11
[2022-12-12 18:43:53] [SEVERE ] removing card from slot 0
[2022-12-12 18:43:53] [SEVERE ] removing card from slot 1
[2022-12-12 18:43:53] [SEVERE ] removing card from slot 2
[2022-12-12 18:43:53] [SEVERE ] removing card from slot 3
[2022-12-12 18:43:53] [SEVERE ] removing card from slot 4
[2022-12-12 18:43:53] [SEVERE ] removing card from slot 5
[2022-12-12 18:43:53] [SEVERE ] removing card from slot 6
[2022-12-12 18:43:53] [SEVERE ] removing card from slot 7
[2022-12-12 18:43:53] [SEVERE ] removing card from slot 8
[2022-12-12 18:43:53] [SEVERE ] removing card from slot 9
[2022-12-12 18:43:54] [SEVERE ] removing card from slot 10
[2022-12-12 18:43:54] [SEVERE ] removing card from slot 11
[2022-12-12 18:43:54] [SEVERE ] placing card 75 in slot 0
[2022-12-12 18:43:54] [SEVERE ] placing card 66 in slot 1
[2022-12-12 18:43:54] [SEVERE ] placing card 38 in slot 2
[2022-12-12 18:43:54] [SEVERE ] placing card 77 in slot 3
[2022-12-12 18:43:54] [SEVERE ] placing card 40 in slot 4
[2022-12-12 18:43:54] [SEVERE ] placing card 32 in slot 5
[2022-12-12 18:43:54] [SEVERE ] placing card 61 in slot 6
[2022-12-12 18:43:54] [SEVERE ] placing card 8 in slot 7
[2022-12-12 18:43:55] [SEVERE ] placing card 57 in slot 8
[2022-12-12 18:43:55] [SEVERE ] placing card 34 in slot 9
[2022-12-12 18:43:55] [SEVERE ] placing card 71 in slot 10
[2022-12-12 18:43:55] [SEVERE ] placing card 56 in slot 11
[2022-12-12 18:44:10] [SEVERE ] removing card from slot 0
[2022-12-12 18:44:10] [SEVERE ] removing card from slot 1
[2022-12-12 18:44:10] [SEVERE ] removing card from slot 2
[2022-12-12 18:44:10] [SEVERE ] removing card from slot 3
[2022-12-12 18:44:10] [SEVERE ] removing card from slot 4
[2022-12-12 18:44:10] [SEVERE ] removing card from slot 5
[2022-12-12 18:44:11] [SEVERE ] removing card from slot 6
[2022-12-12 18:44:11] [SEVERE ] removing card from slot 7
[2022-12-12 18:44:11] [SEVERE ] removing card from slot 8
[2022-12-12 18:44:11] [SEVERE ] removing card from slot 9
[2022-12-12 18:44:11] [SEVERE ] removing card from slot 10
[2022-12-12 18:44:11] [SEVERE ] removing card from slot 11
[2022-12-12 18:44:11] [SEVERE ] placing card 18 in slot 0
[2022-12-12 18:44:11] [SEVERE ] placing card 17 in slot 1
[2022-12-12 18:44:11] [SEVERE ] placing card 22 in slot 2
[2022-12-12 18:44:11] [SEVERE ] placing card 2 in slot 3
[2022-12-12 18:44:12] [SEVERE ] placing card 45 in slot 4
[2022-12-12 18:44:12] [SEVERE ] placing card 40 in slot 5
[2022-12-12 18:44:12] [SEVERE ] placing card 72 in slot 6
[2022-12-12 18:44:12] [SEVERE ] placing card 75 in slot 7
[2022-12-12 18:44:12] [SEVERE ] placing card 50 in slot 8
[2022-12-12 18:44:12] [SEVERE ] placing card 10 in slot 9
[2022-12-12 18:44:12] [SEVERE ] placing card 42 in slot 10
[2022-12-12 18:44:12] [SEVERE ] placing card 44 in slot 11
[2022-12-12 18:44:17] [SEVERE ] Exit button pressed
