[2022-12-15 14:13:23] [INFO   ] cannot read configuration file config.properties trying from resources.
[2022-12-15 14:13:23] [INFO   ] configuration file was loaded from resources directory.
[2022-12-15 14:13:24] [INFO   ] Thread dealer starting.
[2022-12-15 14:13:24] [INFO   ] Thread Player 0starting.
[2022-12-15 14:13:24] [INFO   ] Thread Player 1starting.
[2022-12-15 14:13:24] [INFO   ] Thread Player 3starting.
[2022-12-15 14:13:24] [INFO   ] Thread Player 2starting.
[2022-12-15 14:13:24] [INFO   ] Thread computer-1 starting.
[2022-12-15 14:13:24] [INFO   ] Thread computer-2 starting.
[2022-12-15 14:13:24] [INFO   ] Thread computer-3 starting.
[2022-12-15 14:13:24] [SEVERE ] placing card 57 in slot 0
[2022-12-15 14:13:24] [SEVERE ] placing card 12 in slot 1
[2022-12-15 14:13:25] [SEVERE ] placing card 42 in slot 2
[2022-12-15 14:13:25] [SEVERE ] placing card 56 in slot 3
[2022-12-15 14:13:25] [SEVERE ] placing card 53 in slot 4
[2022-12-15 14:13:25] [SEVERE ] placing card 38 in slot 5
[2022-12-15 14:13:25] [SEVERE ] placing card 55 in slot 6
[2022-12-15 14:13:25] [SEVERE ] placing card 26 in slot 7
[2022-12-15 14:13:25] [SEVERE ] placing card 72 in slot 8
[2022-12-15 14:13:25] [SEVERE ] placing card 51 in slot 9
[2022-12-15 14:13:25] [SEVERE ] placing card 46 in slot 10
[2022-12-15 14:13:26] [SEVERE ] placing card 70 in slot 11
[2022-12-15 14:13:26] [SEVERE ] player 1 placing token on slot 3
[2022-12-15 14:13:26] [SEVERE ] player 3 placing token on slot 2
[2022-12-15 14:13:26] [SEVERE ] player 2 placing token on slot 7
[2022-12-15 14:13:27] [SEVERE ] player 2 placing token on slot 3
[2022-12-15 14:13:27] [SEVERE ] player 3 placing token on slot 8
[2022-12-15 14:13:27] [SEVERE ] player 1 placing token on slot 7
[2022-12-15 14:13:28] [SEVERE ] player 2 placing token on slot 8
[2022-12-15 14:13:28] [SEVERE ] player 3 placing token on slot 10
[2022-12-15 14:13:28] [SEVERE ] player 1 placing token on slot 2
[2022-12-15 14:13:28] [SEVERE ] removing player 3 token from slot 2
[2022-12-15 14:13:28] [SEVERE ] removing player 2 token from slot 7
[2022-12-15 14:13:28] [SEVERE ] removing player 3 token from slot 8
[2022-12-15 14:13:28] [SEVERE ] removing player 1 token from slot 3
[2022-12-15 14:13:28] [SEVERE ] removing player 3 token from slot 10
[2022-12-15 14:13:28] [SEVERE ] removing player 2 token from slot 3
[2022-12-15 14:13:28] [SEVERE ] setting player 3 freeze to 3000
[2022-12-15 14:13:28] [SEVERE ] removing player 1 token from slot 7
[2022-12-15 14:13:28] [SEVERE ] removing player 2 token from slot 8
[2022-12-15 14:13:28] [SEVERE ] removing player 1 token from slot 2
[2022-12-15 14:13:28] [SEVERE ] setting player 2 freeze to 3000
[2022-12-15 14:13:28] [SEVERE ] setting player 1 freeze to 3000
[2022-12-15 14:13:28] [SEVERE ] setting player 2 freeze to 2986
[2022-12-15 14:13:28] [SEVERE ] setting player 3 freeze to 2985
[2022-12-15 14:13:28] [SEVERE ] setting player 1 freeze to 2986
[2022-12-15 14:13:28] [SEVERE ] setting player 2 freeze to 2975
[2022-12-15 14:13:28] [SEVERE ] setting player 1 freeze to 2970
[2022-12-15 14:13:28] [SEVERE ] setting player 3 freeze to 2969
[2022-12-15 14:13:28] [SEVERE ] setting player 3 freeze to 2953
[2022-12-15 14:13:28] [SEVERE ] setting player 2 freeze to 2954
[2022-12-15 14:13:28] [SEVERE ] setting player 1 freeze to 2954
[2022-12-15 14:13:28] [SEVERE ] setting player 3 freeze to 2942
[2022-12-15 14:13:28] [SEVERE ] setting player 2 freeze to 2938
[2022-12-15 14:13:28] [SEVERE ] setting player 1 freeze to 2938
[2022-12-15 14:13:28] [SEVERE ] setting player 1 freeze to 2923
[2022-12-15 14:13:28] [SEVERE ] setting player 2 freeze to 2923
[2022-12-15 14:13:28] [SEVERE ] setting player 3 freeze to 2922
[2022-12-15 14:13:28] [SEVERE ] setting player 1 freeze to 2912
[2022-12-15 14:13:28] [SEVERE ] setting player 3 freeze to 2906
[2022-12-15 14:13:28] [SEVERE ] setting player 2 freeze to 2907
[2022-12-15 14:13:28] [SEVERE ] setting player 2 freeze to 2891
[2022-12-15 14:13:28] [SEVERE ] setting player 1 freeze to 2891
[2022-12-15 14:13:28] [SEVERE ] setting player 3 freeze to 2890
[2022-12-15 14:13:28] [SEVERE ] setting player 2 freeze to 2880
[2022-12-15 14:13:28] [SEVERE ] setting player 3 freeze to 2874
[2022-12-15 14:13:28] [SEVERE ] setting player 1 freeze to 2875
[2022-12-15 14:13:28] [SEVERE ] setting player 3 freeze to 2863
[2022-12-15 14:13:28] [SEVERE ] setting player 2 freeze to 2859
[2022-12-15 14:13:28] [SEVERE ] setting player 1 freeze to 2859
[2022-12-15 14:13:28] [SEVERE ] setting player 2 freeze to 2843
[2022-12-15 14:13:28] [SEVERE ] setting player 3 freeze to 2842
[2022-12-15 14:13:28] [SEVERE ] setting player 1 freeze to 2843
[2022-12-15 14:13:28] [SEVERE ] setting player 2 freeze to 2832
[2022-12-15 14:13:28] [SEVERE ] setting player 1 freeze to 2827
[2022-12-15 14:13:28] [SEVERE ] setting player 3 freeze to 2826
[2022-12-15 14:13:28] [SEVERE ] setting player 1 freeze to 2816
[2022-12-15 14:13:28] [SEVERE ] setting player 2 freeze to 2812
[2022-12-15 14:13:28] [SEVERE ] setting player 3 freeze to 2811
[2022-12-15 14:13:28] [SEVERE ] setting player 2 freeze to 2796
[2022-12-15 14:13:28] [SEVERE ] setting player 1 freeze to 2796
[2022-12-15 14:13:28] [SEVERE ] setting player 3 freeze to 2795
[2022-12-15 14:13:28] [SEVERE ] setting player 2 freeze to 2785
[2022-12-15 14:13:28] [SEVERE ] setting player 1 freeze to 2780
[2022-12-15 14:13:28] [SEVERE ] setting player 3 freeze to 2779
[2022-12-15 14:13:28] [SEVERE ] setting player 1 freeze to 2764
[2022-12-15 14:13:28] [SEVERE ] setting player 2 freeze to 2764
[2022-12-15 14:13:28] [SEVERE ] setting player 3 freeze to 2763
[2022-12-15 14:13:28] [SEVERE ] setting player 1 freeze to 2753
[2022-12-15 14:13:28] [SEVERE ] setting player 2 freeze to 2748
[2022-12-15 14:13:28] [SEVERE ] setting player 3 freeze to 2747
[2022-12-15 14:13:28] [SEVERE ] setting player 2 freeze to 2732
[2022-12-15 14:13:28] [SEVERE ] setting player 1 freeze to 2732
[2022-12-15 14:13:28] [SEVERE ] setting player 3 freeze to 2731
[2022-12-15 14:13:28] [SEVERE ] setting player 2 freeze to 2721
[2022-12-15 14:13:28] [SEVERE ] setting player 3 freeze to 2715
[2022-12-15 14:13:28] [SEVERE ] setting player 1 freeze to 2716
[2022-12-15 14:13:28] [SEVERE ] setting player 3 freeze to 2704
[2022-12-15 14:13:28] [SEVERE ] setting player 1 freeze to 2700
[2022-12-15 14:13:28] [SEVERE ] setting player 2 freeze to 2700
[2022-12-15 14:13:28] [SEVERE ] setting player 1 freeze to 2684
[2022-12-15 14:13:28] [SEVERE ] setting player 2 freeze to 2684
[2022-12-15 14:13:28] [SEVERE ] setting player 3 freeze to 2683
[2022-12-15 14:13:28] [SEVERE ] setting player 1 freeze to 2673
[2022-12-15 14:13:28] [SEVERE ] setting player 2 freeze to 2668
[2022-12-15 14:13:28] [SEVERE ] setting player 3 freeze to 2667
[2022-12-15 14:13:28] [SEVERE ] setting player 1 freeze to 2652
[2022-12-15 14:13:28] [SEVERE ] setting player 2 freeze to 2652
[2022-12-15 14:13:28] [SEVERE ] setting player 3 freeze to 2651
[2022-12-15 14:13:28] [SEVERE ] setting player 1 freeze to 2641
[2022-12-15 14:13:28] [SEVERE ] setting player 2 freeze to 2636
[2022-12-15 14:13:28] [SEVERE ] setting player 3 freeze to 2635
[2022-12-15 14:13:28] [SEVERE ] setting player 3 freeze to 2619
[2022-12-15 14:13:28] [SEVERE ] setting player 2 freeze to 2620
[2022-12-15 14:13:28] [SEVERE ] setting player 1 freeze to 2620
[2022-12-15 14:13:28] [SEVERE ] setting player 3 freeze to 2607
[2022-12-15 14:13:28] [SEVERE ] setting player 1 freeze to 2604
[2022-12-15 14:13:28] [SEVERE ] setting player 2 freeze to 2604
[2022-12-15 14:13:28] [SEVERE ] setting player 1 freeze to 2588
[2022-12-15 14:13:28] [SEVERE ] setting player 2 freeze to 2588
[2022-12-15 14:13:28] [SEVERE ] setting player 3 freeze to 2587
[2022-12-15 14:13:28] [SEVERE ] setting player 1 freeze to 2576
[2022-12-15 14:13:28] [SEVERE ] setting player 2 freeze to 2572
[2022-12-15 14:13:28] [SEVERE ] setting player 3 freeze to 2571
[2022-12-15 14:13:28] [SEVERE ] setting player 2 freeze to 2556
[2022-12-15 14:13:28] [SEVERE ] setting player 3 freeze to 2555
[2022-12-15 14:13:28] [SEVERE ] setting player 1 freeze to 2556
[2022-12-15 14:13:28] [SEVERE ] setting player 2 freeze to 2545
[2022-12-15 14:13:28] [SEVERE ] setting player 1 freeze to 2540
[2022-12-15 14:13:28] [SEVERE ] setting player 3 freeze to 2539
[2022-12-15 14:13:28] [SEVERE ] setting player 2 freeze to 2524
[2022-12-15 14:13:28] [SEVERE ] setting player 1 freeze to 2524
[2022-12-15 14:13:28] [SEVERE ] setting player 3 freeze to 2523
[2022-12-15 14:13:28] [SEVERE ] setting player 2 freeze to 2513
[2022-12-15 14:13:28] [SEVERE ] setting player 3 freeze to 2507
[2022-12-15 14:13:28] [SEVERE ] setting player 1 freeze to 2508
[2022-12-15 14:13:28] [SEVERE ] setting player 2 freeze to 2492
[2022-12-15 14:13:28] [SEVERE ] setting player 3 freeze to 2491
[2022-12-15 14:13:28] [SEVERE ] setting player 1 freeze to 2492
[2022-12-15 14:13:28] [SEVERE ] setting player 2 freeze to 2481
[2022-12-15 14:13:28] [SEVERE ] setting player 1 freeze to 2476
[2022-12-15 14:13:28] [SEVERE ] setting player 3 freeze to 2475
[2022-12-15 14:13:28] [SEVERE ] setting player 1 freeze to 2465
[2022-12-15 14:13:28] [SEVERE ] setting player 2 freeze to 2460
[2022-12-15 14:13:28] [SEVERE ] setting player 3 freeze to 2459
[2022-12-15 14:13:28] [SEVERE ] setting player 3 freeze to 2443
[2022-12-15 14:13:28] [SEVERE ] setting player 2 freeze to 2444
[2022-12-15 14:13:28] [SEVERE ] setting player 1 freeze to 2444
[2022-12-15 14:13:28] [SEVERE ] setting player 3 freeze to 2433
[2022-12-15 14:13:28] [SEVERE ] setting player 1 freeze to 2429
[2022-12-15 14:13:28] [SEVERE ] setting player 2 freeze to 2429
[2022-12-15 14:13:28] [SEVERE ] setting player 2 freeze to 2414
[2022-12-15 14:13:28] [SEVERE ] setting player 1 freeze to 2414
[2022-12-15 14:13:28] [SEVERE ] setting player 3 freeze to 2413
[2022-12-15 14:13:28] [SEVERE ] setting player 2 freeze to 2402
[2022-12-15 14:13:28] [SEVERE ] setting player 1 freeze to 2398
[2022-12-15 14:13:28] [SEVERE ] setting player 3 freeze to 2397
[2022-12-15 14:13:28] [SEVERE ] setting player 1 freeze to 2382
[2022-12-15 14:13:28] [SEVERE ] setting player 2 freeze to 2382
[2022-12-15 14:13:28] [SEVERE ] setting player 3 freeze to 2381
[2022-12-15 14:13:28] [SEVERE ] setting player 1 freeze to 2371
[2022-12-15 14:13:28] [SEVERE ] setting player 2 freeze to 2366
[2022-12-15 14:13:28] [SEVERE ] setting player 3 freeze to 2365
[2022-12-15 14:13:28] [SEVERE ] setting player 3 freeze to 2349
[2022-12-15 14:13:28] [SEVERE ] setting player 1 freeze to 2350
[2022-12-15 14:13:28] [SEVERE ] setting player 2 freeze to 2350
[2022-12-15 14:13:28] [SEVERE ] setting player 3 freeze to 2338
[2022-12-15 14:13:28] [SEVERE ] setting player 1 freeze to 2334
[2022-12-15 14:13:28] [SEVERE ] setting player 2 freeze to 2334
[2022-12-15 14:13:28] [SEVERE ] setting player 1 freeze to 2318
[2022-12-15 14:13:28] [SEVERE ] setting player 3 freeze to 2317
[2022-12-15 14:13:28] [SEVERE ] setting player 2 freeze to 2318
[2022-12-15 14:13:28] [SEVERE ] setting player 1 freeze to 2307
[2022-12-15 14:13:28] [SEVERE ] setting player 3 freeze to 2301
[2022-12-15 14:13:28] [SEVERE ] setting player 2 freeze to 2302
[2022-12-15 14:13:28] [SEVERE ] setting player 1 freeze to 2286
[2022-12-15 14:13:28] [SEVERE ] setting player 2 freeze to 2286
[2022-12-15 14:13:28] [SEVERE ] setting player 3 freeze to 2285
[2022-12-15 14:13:28] [SEVERE ] setting player 1 freeze to 2275
[2022-12-15 14:13:28] [SEVERE ] setting player 3 freeze to 2269
[2022-12-15 14:13:28] [SEVERE ] setting player 2 freeze to 2270
[2022-12-15 14:13:28] [SEVERE ] setting player 1 freeze to 2254
[2022-12-15 14:13:28] [SEVERE ] setting player 3 freeze to 2253
[2022-12-15 14:13:28] [SEVERE ] setting player 2 freeze to 2254
[2022-12-15 14:13:28] [SEVERE ] setting player 1 freeze to 2243
[2022-12-15 14:13:28] [SEVERE ] setting player 2 freeze to 2238
[2022-12-15 14:13:28] [SEVERE ] setting player 3 freeze to 2237
[2022-12-15 14:13:28] [SEVERE ] setting player 1 freeze to 2222
[2022-12-15 14:13:28] [SEVERE ] setting player 3 freeze to 2221
[2022-12-15 14:13:28] [SEVERE ] setting player 2 freeze to 2222
[2022-12-15 14:13:28] [SEVERE ] setting player 1 freeze to 2211
[2022-12-15 14:13:28] [SEVERE ] setting player 2 freeze to 2206
[2022-12-15 14:13:28] [SEVERE ] setting player 3 freeze to 2205
[2022-12-15 14:13:28] [SEVERE ] setting player 2 freeze to 2195
[2022-12-15 14:13:28] [SEVERE ] setting player 1 freeze to 2190
[2022-12-15 14:13:28] [SEVERE ] setting player 3 freeze to 2189
[2022-12-15 14:13:28] [SEVERE ] setting player 2 freeze to 2174
[2022-12-15 14:13:28] [SEVERE ] setting player 3 freeze to 2173
[2022-12-15 14:13:28] [SEVERE ] setting player 1 freeze to 2174
[2022-12-15 14:13:28] [SEVERE ] setting player 2 freeze to 2163
[2022-12-15 14:13:28] [SEVERE ] setting player 3 freeze to 2157
[2022-12-15 14:13:28] [SEVERE ] setting player 1 freeze to 2158
[2022-12-15 14:13:28] [SEVERE ] setting player 3 freeze to 2141
[2022-12-15 14:13:28] [SEVERE ] setting player 2 freeze to 2142
[2022-12-15 14:13:28] [SEVERE ] setting player 1 freeze to 2142
[2022-12-15 14:13:28] [SEVERE ] setting player 3 freeze to 2130
[2022-12-15 14:13:28] [SEVERE ] setting player 1 freeze to 2126
[2022-12-15 14:13:28] [SEVERE ] setting player 2 freeze to 2126
[2022-12-15 14:13:28] [SEVERE ] setting player 2 freeze to 2110
[2022-12-15 14:13:28] [SEVERE ] setting player 1 freeze to 2110
[2022-12-15 14:13:28] [SEVERE ] setting player 3 freeze to 2109
[2022-12-15 14:13:28] [SEVERE ] setting player 2 freeze to 2099
[2022-12-15 14:13:28] [SEVERE ] setting player 3 freeze to 2093
[2022-12-15 14:13:28] [SEVERE ] setting player 1 freeze to 2094
[2022-12-15 14:13:28] [SEVERE ] setting player 3 freeze to 2077
[2022-12-15 14:13:28] [SEVERE ] setting player 2 freeze to 2078
[2022-12-15 14:13:28] [SEVERE ] setting player 1 freeze to 2078
[2022-12-15 14:13:28] [SEVERE ] setting player 3 freeze to 2066
[2022-12-15 14:13:28] [SEVERE ] setting player 1 freeze to 2063
[2022-12-15 14:13:28] [SEVERE ] setting player 2 freeze to 2063
[2022-12-15 14:13:29] [SEVERE ] setting player 2 freeze to 2048
[2022-12-15 14:13:29] [SEVERE ] setting player 3 freeze to 2047
[2022-12-15 14:13:29] [SEVERE ] setting player 1 freeze to 2048
[2022-12-15 14:13:29] [SEVERE ] setting player 2 freeze to 2036
[2022-12-15 14:13:29] [SEVERE ] setting player 1 freeze to 2032
[2022-12-15 14:13:29] [SEVERE ] setting player 3 freeze to 2031
[2022-12-15 14:13:29] [SEVERE ] setting player 2 freeze to 2016
[2022-12-15 14:13:29] [SEVERE ] setting player 1 freeze to 2016
[2022-12-15 14:13:29] [SEVERE ] setting player 3 freeze to 2015
[2022-12-15 14:13:29] [SEVERE ] setting player 2 freeze to 2005
[2022-12-15 14:13:29] [SEVERE ] setting player 3 freeze to 1999
[2022-12-15 14:13:29] [SEVERE ] setting player 1 freeze to 2000
[2022-12-15 14:13:29] [SEVERE ] setting player 3 freeze to 1983
[2022-12-15 14:13:29] [SEVERE ] setting player 2 freeze to 1984
[2022-12-15 14:13:29] [SEVERE ] setting player 1 freeze to 1984
[2022-12-15 14:13:29] [SEVERE ] setting player 3 freeze to 1972
[2022-12-15 14:13:29] [SEVERE ] setting player 2 freeze to 1968
[2022-12-15 14:13:29] [SEVERE ] setting player 1 freeze to 1968
[2022-12-15 14:13:29] [SEVERE ] setting player 1 freeze to 1952
[2022-12-15 14:13:29] [SEVERE ] setting player 3 freeze to 1951
[2022-12-15 14:13:29] [SEVERE ] setting player 2 freeze to 1952
[2022-12-15 14:13:29] [SEVERE ] setting player 1 freeze to 1941
[2022-12-15 14:13:29] [SEVERE ] setting player 3 freeze to 1935
[2022-12-15 14:13:29] [SEVERE ] setting player 2 freeze to 1936
[2022-12-15 14:13:29] [SEVERE ] setting player 1 freeze to 1920
[2022-12-15 14:13:29] [SEVERE ] setting player 3 freeze to 1919
[2022-12-15 14:13:29] [SEVERE ] setting player 2 freeze to 1920
[2022-12-15 14:13:29] [SEVERE ] setting player 1 freeze to 1909
[2022-12-15 14:13:29] [SEVERE ] setting player 2 freeze to 1904
[2022-12-15 14:13:29] [SEVERE ] setting player 3 freeze to 1903
[2022-12-15 14:13:29] [SEVERE ] setting player 1 freeze to 1888
[2022-12-15 14:13:29] [SEVERE ] setting player 2 freeze to 1888
[2022-12-15 14:13:29] [SEVERE ] setting player 3 freeze to 1887
[2022-12-15 14:13:29] [SEVERE ] setting player 1 freeze to 1877
[2022-12-15 14:13:29] [SEVERE ] setting player 3 freeze to 1871
[2022-12-15 14:13:29] [SEVERE ] setting player 2 freeze to 1872
[2022-12-15 14:13:29] [SEVERE ] setting player 1 freeze to 1856
[2022-12-15 14:13:29] [SEVERE ] setting player 2 freeze to 1856
[2022-12-15 14:13:29] [SEVERE ] setting player 3 freeze to 1855
[2022-12-15 14:13:29] [SEVERE ] setting player 1 freeze to 1845
[2022-12-15 14:13:29] [SEVERE ] setting player 2 freeze to 1840
[2022-12-15 14:13:29] [SEVERE ] setting player 3 freeze to 1839
[2022-12-15 14:13:29] [SEVERE ] setting player 1 freeze to 1825
[2022-12-15 14:13:29] [SEVERE ] setting player 2 freeze to 1825
[2022-12-15 14:13:29] [SEVERE ] setting player 3 freeze to 1824
[2022-12-15 14:13:29] [SEVERE ] setting player 1 freeze to 1814
[2022-12-15 14:13:29] [SEVERE ] setting player 3 freeze to 1808
[2022-12-15 14:13:29] [SEVERE ] setting player 2 freeze to 1809
[2022-12-15 14:13:29] [SEVERE ] setting player 1 freeze to 1793
[2022-12-15 14:13:29] [SEVERE ] setting player 3 freeze to 1792
[2022-12-15 14:13:29] [SEVERE ] setting player 2 freeze to 1793
[2022-12-15 14:13:29] [SEVERE ] setting player 1 freeze to 1782
[2022-12-15 14:13:29] [SEVERE ] setting player 2 freeze to 1777
[2022-12-15 14:13:29] [SEVERE ] setting player 3 freeze to 1776
[2022-12-15 14:13:29] [SEVERE ] setting player 3 freeze to 1760
[2022-12-15 14:13:29] [SEVERE ] setting player 1 freeze to 1761
[2022-12-15 14:13:29] [SEVERE ] setting player 2 freeze to 1761
[2022-12-15 14:13:29] [SEVERE ] setting player 3 freeze to 1749
[2022-12-15 14:13:29] [SEVERE ] setting player 2 freeze to 1745
[2022-12-15 14:13:29] [SEVERE ] setting player 1 freeze to 1745
[2022-12-15 14:13:29] [SEVERE ] setting player 2 freeze to 1729
[2022-12-15 14:13:29] [SEVERE ] setting player 1 freeze to 1729
[2022-12-15 14:13:29] [SEVERE ] setting player 3 freeze to 1728
[2022-12-15 14:13:29] [SEVERE ] setting player 2 freeze to 1717
[2022-12-15 14:13:29] [SEVERE ] setting player 3 freeze to 1713
[2022-12-15 14:13:29] [SEVERE ] setting player 1 freeze to 1714
[2022-12-15 14:13:29] [SEVERE ] setting player 2 freeze to 1698
[2022-12-15 14:13:29] [SEVERE ] setting player 3 freeze to 1697
[2022-12-15 14:13:29] [SEVERE ] setting player 1 freeze to 1698
[2022-12-15 14:13:29] [SEVERE ] setting player 2 freeze to 1687
[2022-12-15 14:13:29] [SEVERE ] setting player 1 freeze to 1683
[2022-12-15 14:13:29] [SEVERE ] setting player 3 freeze to 1682
[2022-12-15 14:13:29] [SEVERE ] setting player 1 freeze to 1667
[2022-12-15 14:13:29] [SEVERE ] setting player 3 freeze to 1666
[2022-12-15 14:13:29] [SEVERE ] setting player 2 freeze to 1667
[2022-12-15 14:13:29] [SEVERE ] setting player 2 freeze to 1651
[2022-12-15 14:13:29] [SEVERE ] setting player 1 freeze to 1651
[2022-12-15 14:13:29] [SEVERE ] setting player 3 freeze to 1650
[2022-12-15 14:13:29] [SEVERE ] setting player 2 freeze to 1640
[2022-12-15 14:13:29] [SEVERE ] setting player 1 freeze to 1638
[2022-12-15 14:13:29] [SEVERE ] setting player 3 freeze to 1634
[2022-12-15 14:13:29] [SEVERE ] setting player 2 freeze to 1629
[2022-12-15 14:13:29] [SEVERE ] setting player 3 freeze to 1618
[2022-12-15 14:13:29] [SEVERE ] setting player 1 freeze to 1619
[2022-12-15 14:13:29] [SEVERE ] setting player 3 freeze to 1607
[2022-12-15 14:13:29] [SEVERE ] setting player 1 freeze to 1604
[2022-12-15 14:13:29] [SEVERE ] setting player 2 freeze to 1604
[2022-12-15 14:13:29] [SEVERE ] setting player 1 freeze to 1593
[2022-12-15 14:13:29] [SEVERE ] setting player 2 freeze to 1588
[2022-12-15 14:13:29] [SEVERE ] setting player 3 freeze to 1587
[2022-12-15 14:13:29] [SEVERE ] setting player 2 freeze to 1577
[2022-12-15 14:13:29] [SEVERE ] setting player 1 freeze to 1573
[2022-12-15 14:13:29] [SEVERE ] setting player 3 freeze to 1572
[2022-12-15 14:13:29] [SEVERE ] setting player 2 freeze to 1557
[2022-12-15 14:13:29] [SEVERE ] setting player 1 freeze to 1557
[2022-12-15 14:13:29] [SEVERE ] setting player 3 freeze to 1556
[2022-12-15 14:13:29] [SEVERE ] setting player 2 freeze to 1546
[2022-12-15 14:13:29] [SEVERE ] setting player 1 freeze to 1541
[2022-12-15 14:13:29] [SEVERE ] setting player 3 freeze to 1540
[2022-12-15 14:13:29] [SEVERE ] setting player 3 freeze to 1524
[2022-12-15 14:13:29] [SEVERE ] setting player 1 freeze to 1525
[2022-12-15 14:13:29] [SEVERE ] setting player 2 freeze to 1525
[2022-12-15 14:13:29] [SEVERE ] setting player 3 freeze to 1513
[2022-12-15 14:13:29] [SEVERE ] setting player 1 freeze to 1509
[2022-12-15 14:13:29] [SEVERE ] setting player 2 freeze to 1509
[2022-12-15 14:13:29] [SEVERE ] setting player 2 freeze to 1493
[2022-12-15 14:13:29] [SEVERE ] setting player 3 freeze to 1492
[2022-12-15 14:13:29] [SEVERE ] setting player 1 freeze to 1493
[2022-12-15 14:13:29] [SEVERE ] setting player 2 freeze to 1482
[2022-12-15 14:13:29] [SEVERE ] setting player 1 freeze to 1477
[2022-12-15 14:13:29] [SEVERE ] setting player 3 freeze to 1476
[2022-12-15 14:13:29] [SEVERE ] setting player 1 freeze to 1461
[2022-12-15 14:13:29] [SEVERE ] setting player 2 freeze to 1461
[2022-12-15 14:13:29] [SEVERE ] setting player 3 freeze to 1460
[2022-12-15 14:13:29] [SEVERE ] setting player 1 freeze to 1449
[2022-12-15 14:13:29] [SEVERE ] setting player 2 freeze to 1445
[2022-12-15 14:13:29] [SEVERE ] setting player 3 freeze to 1444
[2022-12-15 14:13:29] [SEVERE ] setting player 2 freeze to 1434
[2022-12-15 14:13:29] [SEVERE ] setting player 3 freeze to 1428
[2022-12-15 14:13:29] [SEVERE ] setting player 1 freeze to 1429
[2022-12-15 14:13:29] [SEVERE ] setting player 3 freeze to 1412
[2022-12-15 14:13:29] [SEVERE ] setting player 2 freeze to 1413
[2022-12-15 14:13:29] [SEVERE ] setting player 1 freeze to 1413
[2022-12-15 14:13:29] [SEVERE ] setting player 3 freeze to 1401
[2022-12-15 14:13:29] [SEVERE ] setting player 1 freeze to 1397
[2022-12-15 14:13:29] [SEVERE ] setting player 2 freeze to 1397
[2022-12-15 14:13:29] [SEVERE ] setting player 1 freeze to 1386
[2022-12-15 14:13:29] [SEVERE ] setting player 2 freeze to 1381
[2022-12-15 14:13:29] [SEVERE ] setting player 3 freeze to 1380
[2022-12-15 14:13:29] [SEVERE ] setting player 2 freeze to 1365
[2022-12-15 14:13:29] [SEVERE ] setting player 1 freeze to 1365
[2022-12-15 14:13:29] [SEVERE ] setting player 3 freeze to 1364
[2022-12-15 14:13:29] [SEVERE ] setting player 2 freeze to 1354
[2022-12-15 14:13:29] [SEVERE ] setting player 1 freeze to 1349
[2022-12-15 14:13:29] [SEVERE ] setting player 3 freeze to 1348
[2022-12-15 14:13:29] [SEVERE ] setting player 3 freeze to 1332
[2022-12-15 14:13:29] [SEVERE ] setting player 2 freeze to 1333
[2022-12-15 14:13:29] [SEVERE ] setting player 1 freeze to 1333
[2022-12-15 14:13:29] [SEVERE ] setting player 3 freeze to 1321
[2022-12-15 14:13:29] [SEVERE ] setting player 2 freeze to 1318
[2022-12-15 14:13:29] [SEVERE ] setting player 1 freeze to 1318
[2022-12-15 14:13:29] [SEVERE ] setting player 1 freeze to 1302
[2022-12-15 14:13:29] [SEVERE ] setting player 3 freeze to 1301
[2022-12-15 14:13:29] [SEVERE ] setting player 2 freeze to 1302
[2022-12-15 14:13:29] [SEVERE ] setting player 1 freeze to 1291
[2022-12-15 14:13:29] [SEVERE ] setting player 3 freeze to 1286
[2022-12-15 14:13:29] [SEVERE ] setting player 2 freeze to 1287
[2022-12-15 14:13:29] [SEVERE ] setting player 3 freeze to 1270
[2022-12-15 14:13:29] [SEVERE ] setting player 1 freeze to 1271
[2022-12-15 14:13:29] [SEVERE ] setting player 2 freeze to 1271
[2022-12-15 14:13:29] [SEVERE ] setting player 3 freeze to 1259
[2022-12-15 14:13:29] [SEVERE ] setting player 2 freeze to 1255
[2022-12-15 14:13:29] [SEVERE ] setting player 1 freeze to 1255
[2022-12-15 14:13:29] [SEVERE ] setting player 1 freeze to 1239
[2022-12-15 14:13:29] [SEVERE ] setting player 3 freeze to 1238
[2022-12-15 14:13:29] [SEVERE ] setting player 2 freeze to 1239
[2022-12-15 14:13:29] [SEVERE ] setting player 1 freeze to 1228
[2022-12-15 14:13:29] [SEVERE ] setting player 3 freeze to 1222
[2022-12-15 14:13:29] [SEVERE ] setting player 2 freeze to 1223
[2022-12-15 14:13:29] [SEVERE ] setting player 1 freeze to 1207
[2022-12-15 14:13:29] [SEVERE ] setting player 3 freeze to 1206
[2022-12-15 14:13:29] [SEVERE ] setting player 2 freeze to 1207
[2022-12-15 14:13:29] [SEVERE ] setting player 1 freeze to 1196
[2022-12-15 14:13:29] [SEVERE ] setting player 2 freeze to 1191
[2022-12-15 14:13:29] [SEVERE ] setting player 3 freeze to 1190
[2022-12-15 14:13:29] [SEVERE ] setting player 1 freeze to 1175
[2022-12-15 14:13:29] [SEVERE ] setting player 2 freeze to 1175
[2022-12-15 14:13:29] [SEVERE ] setting player 3 freeze to 1174
[2022-12-15 14:13:29] [SEVERE ] setting player 1 freeze to 1164
[2022-12-15 14:13:29] [SEVERE ] setting player 3 freeze to 1158
[2022-12-15 14:13:29] [SEVERE ] setting player 2 freeze to 1159
[2022-12-15 14:13:29] [SEVERE ] setting player 1 freeze to 1143
[2022-12-15 14:13:29] [SEVERE ] setting player 2 freeze to 1143
[2022-12-15 14:13:29] [SEVERE ] setting player 3 freeze to 1142
[2022-12-15 14:13:29] [SEVERE ] setting player 1 freeze to 1132
[2022-12-15 14:13:29] [SEVERE ] setting player 3 freeze to 1126
[2022-12-15 14:13:29] [SEVERE ] setting player 2 freeze to 1127
[2022-12-15 14:13:29] [SEVERE ] setting player 2 freeze to 1111
[2022-12-15 14:13:29] [SEVERE ] setting player 3 freeze to 1110
[2022-12-15 14:13:29] [SEVERE ] setting player 1 freeze to 1111
[2022-12-15 14:13:29] [SEVERE ] setting player 2 freeze to 1100
[2022-12-15 14:13:29] [SEVERE ] setting player 1 freeze to 1095
[2022-12-15 14:13:29] [SEVERE ] setting player 3 freeze to 1094
[2022-12-15 14:13:29] [SEVERE ] setting player 3 freeze to 1078
[2022-12-15 14:13:29] [SEVERE ] setting player 1 freeze to 1079
[2022-12-15 14:13:29] [SEVERE ] setting player 2 freeze to 1079
[2022-12-15 14:13:29] [SEVERE ] setting player 3 freeze to 1067
[2022-12-15 14:13:29] [SEVERE ] setting player 1 freeze to 1063
[2022-12-15 14:13:29] [SEVERE ] setting player 2 freeze to 1063
[2022-12-15 14:13:30] [SEVERE ] setting player 2 freeze to 1047
[2022-12-15 14:13:30] [SEVERE ] setting player 1 freeze to 1047
[2022-12-15 14:13:30] [SEVERE ] setting player 3 freeze to 1046
[2022-12-15 14:13:30] [SEVERE ] setting player 2 freeze to 1036
[2022-12-15 14:13:30] [SEVERE ] setting player 1 freeze to 1031
[2022-12-15 14:13:30] [SEVERE ] setting player 3 freeze to 1030
[2022-12-15 14:13:30] [SEVERE ] setting player 3 freeze to 1014
[2022-12-15 14:13:30] [SEVERE ] setting player 1 freeze to 1015
[2022-12-15 14:13:30] [SEVERE ] setting player 2 freeze to 1015
[2022-12-15 14:13:30] [SEVERE ] setting player 3 freeze to 1003
[2022-12-15 14:13:30] [SEVERE ] setting player 1 freeze to 999
[2022-12-15 14:13:30] [SEVERE ] setting player 2 freeze to 999
[2022-12-15 14:13:30] [SEVERE ] setting player 2 freeze to 983
[2022-12-15 14:13:30] [SEVERE ] setting player 3 freeze to 982
[2022-12-15 14:13:30] [SEVERE ] setting player 1 freeze to 983
[2022-12-15 14:13:30] [SEVERE ] setting player 2 freeze to 972
[2022-12-15 14:13:30] [SEVERE ] setting player 1 freeze to 967
[2022-12-15 14:13:30] [SEVERE ] setting player 3 freeze to 966
[2022-12-15 14:13:30] [SEVERE ] setting player 3 freeze to 950
[2022-12-15 14:13:30] [SEVERE ] setting player 1 freeze to 951
[2022-12-15 14:13:30] [SEVERE ] setting player 2 freeze to 951
[2022-12-15 14:13:30] [SEVERE ] setting player 3 freeze to 940
[2022-12-15 14:13:30] [SEVERE ] setting player 1 freeze to 936
[2022-12-15 14:13:30] [SEVERE ] setting player 2 freeze to 936
[2022-12-15 14:13:30] [SEVERE ] setting player 1 freeze to 920
[2022-12-15 14:13:30] [SEVERE ] setting player 3 freeze to 919
[2022-12-15 14:13:30] [SEVERE ] setting player 2 freeze to 920
[2022-12-15 14:13:30] [SEVERE ] setting player 1 freeze to 908
[2022-12-15 14:13:30] [SEVERE ] setting player 3 freeze to 903
[2022-12-15 14:13:30] [SEVERE ] setting player 2 freeze to 904
[2022-12-15 14:13:30] [SEVERE ] setting player 3 freeze to 887
[2022-12-15 14:13:30] [SEVERE ] setting player 1 freeze to 888
[2022-12-15 14:13:30] [SEVERE ] setting player 2 freeze to 888
[2022-12-15 14:13:30] [SEVERE ] setting player 3 freeze to 876
[2022-12-15 14:13:30] [SEVERE ] setting player 1 freeze to 872
[2022-12-15 14:13:30] [SEVERE ] setting player 2 freeze to 872
[2022-12-15 14:13:30] [SEVERE ] setting player 3 freeze to 856
[2022-12-15 14:13:30] [SEVERE ] setting player 2 freeze to 857
[2022-12-15 14:13:30] [SEVERE ] setting player 1 freeze to 857
[2022-12-15 14:13:30] [SEVERE ] setting player 3 freeze to 844
[2022-12-15 14:13:30] [SEVERE ] setting player 2 freeze to 841
[2022-12-15 14:13:30] [SEVERE ] setting player 1 freeze to 841
[2022-12-15 14:13:30] [SEVERE ] setting player 3 freeze to 824
[2022-12-15 14:13:30] [SEVERE ] setting player 2 freeze to 825
[2022-12-15 14:13:30] [SEVERE ] setting player 1 freeze to 825
[2022-12-15 14:13:30] [SEVERE ] setting player 3 freeze to 813
[2022-12-15 14:13:30] [SEVERE ] setting player 1 freeze to 809
[2022-12-15 14:13:30] [SEVERE ] setting player 2 freeze to 809
[2022-12-15 14:13:30] [SEVERE ] setting player 3 freeze to 792
[2022-12-15 14:13:30] [SEVERE ] setting player 1 freeze to 793
[2022-12-15 14:13:30] [SEVERE ] setting player 2 freeze to 793
[2022-12-15 14:13:30] [SEVERE ] setting player 3 freeze to 780
[2022-12-15 14:13:30] [SEVERE ] setting player 2 freeze to 777
[2022-12-15 14:13:30] [SEVERE ] setting player 1 freeze to 777
[2022-12-15 14:13:30] [SEVERE ] setting player 1 freeze to 762
[2022-12-15 14:13:30] [SEVERE ] setting player 2 freeze to 762
[2022-12-15 14:13:30] [SEVERE ] setting player 3 freeze to 761
[2022-12-15 14:13:30] [SEVERE ] setting player 1 freeze to 751
[2022-12-15 14:13:30] [SEVERE ] setting player 2 freeze to 747
[2022-12-15 14:13:30] [SEVERE ] setting player 3 freeze to 746
[2022-12-15 14:13:30] [SEVERE ] setting player 3 freeze to 730
[2022-12-15 14:13:30] [SEVERE ] setting player 1 freeze to 731
[2022-12-15 14:13:30] [SEVERE ] setting player 2 freeze to 731
[2022-12-15 14:13:30] [SEVERE ] setting player 3 freeze to 719
[2022-12-15 14:13:30] [SEVERE ] setting player 1 freeze to 715
[2022-12-15 14:13:30] [SEVERE ] setting player 2 freeze to 715
[2022-12-15 14:13:30] [SEVERE ] setting player 3 freeze to 698
[2022-12-15 14:13:30] [SEVERE ] setting player 2 freeze to 699
[2022-12-15 14:13:30] [SEVERE ] setting player 1 freeze to 699
[2022-12-15 14:13:30] [SEVERE ] setting player 3 freeze to 687
[2022-12-15 14:13:30] [SEVERE ] setting player 1 freeze to 683
[2022-12-15 14:13:30] [SEVERE ] setting player 2 freeze to 683
[2022-12-15 14:13:30] [SEVERE ] setting player 3 freeze to 666
[2022-12-15 14:13:30] [SEVERE ] setting player 2 freeze to 667
[2022-12-15 14:13:30] [SEVERE ] setting player 1 freeze to 667
[2022-12-15 14:13:30] [SEVERE ] setting player 3 freeze to 655
[2022-12-15 14:13:30] [SEVERE ] setting player 2 freeze to 651
[2022-12-15 14:13:30] [SEVERE ] setting player 1 freeze to 651
[2022-12-15 14:13:30] [SEVERE ] setting player 1 freeze to 636
[2022-12-15 14:13:30] [SEVERE ] setting player 3 freeze to 635
[2022-12-15 14:13:30] [SEVERE ] setting player 2 freeze to 636
[2022-12-15 14:13:30] [SEVERE ] setting player 1 freeze to 623
[2022-12-15 14:13:30] [SEVERE ] setting player 2 freeze to 620
[2022-12-15 14:13:30] [SEVERE ] setting player 3 freeze to 619
[2022-12-15 14:13:30] [SEVERE ] setting player 2 freeze to 609
[2022-12-15 14:13:30] [SEVERE ] setting player 3 freeze to 603
[2022-12-15 14:13:30] [SEVERE ] setting player 1 freeze to 604
[2022-12-15 14:13:30] [SEVERE ] setting player 1 freeze to 588
[2022-12-15 14:13:30] [SEVERE ] setting player 2 freeze to 588
[2022-12-15 14:13:30] [SEVERE ] setting player 3 freeze to 587
[2022-12-15 14:13:30] [SEVERE ] setting player 1 freeze to 576
[2022-12-15 14:13:30] [SEVERE ] setting player 3 freeze to 571
[2022-12-15 14:13:30] [SEVERE ] setting player 2 freeze to 572
[2022-12-15 14:13:30] [SEVERE ] setting player 3 freeze to 560
[2022-12-15 14:13:30] [SEVERE ] setting player 1 freeze to 557
[2022-12-15 14:13:30] [SEVERE ] setting player 2 freeze to 557
[2022-12-15 14:13:30] [SEVERE ] setting player 1 freeze to 541
[2022-12-15 14:13:30] [SEVERE ] setting player 3 freeze to 540
[2022-12-15 14:13:30] [SEVERE ] setting player 2 freeze to 541
[2022-12-15 14:13:30] [SEVERE ] setting player 1 freeze to 530
[2022-12-15 14:13:30] [SEVERE ] setting player 2 freeze to 525
[2022-12-15 14:13:30] [SEVERE ] setting player 3 freeze to 524
[2022-12-15 14:13:30] [SEVERE ] setting player 1 freeze to 509
[2022-12-15 14:13:30] [SEVERE ] setting player 3 freeze to 508
[2022-12-15 14:13:30] [SEVERE ] setting player 2 freeze to 509
[2022-12-15 14:13:30] [SEVERE ] setting player 1 freeze to 498
[2022-12-15 14:13:30] [SEVERE ] setting player 3 freeze to 492
[2022-12-15 14:13:30] [SEVERE ] setting player 2 freeze to 493
[2022-12-15 14:13:30] [SEVERE ] setting player 1 freeze to 477
[2022-12-15 14:13:30] [SEVERE ] setting player 2 freeze to 477
[2022-12-15 14:13:30] [SEVERE ] setting player 3 freeze to 476
[2022-12-15 14:13:30] [SEVERE ] setting player 1 freeze to 466
[2022-12-15 14:13:30] [SEVERE ] setting player 3 freeze to 460
[2022-12-15 14:13:30] [SEVERE ] setting player 2 freeze to 461
[2022-12-15 14:13:30] [SEVERE ] setting player 2 freeze to 445
[2022-12-15 14:13:30] [SEVERE ] setting player 1 freeze to 445
[2022-12-15 14:13:30] [SEVERE ] setting player 3 freeze to 444
[2022-12-15 14:13:30] [SEVERE ] setting player 2 freeze to 433
[2022-12-15 14:13:30] [SEVERE ] setting player 1 freeze to 429
[2022-12-15 14:13:30] [SEVERE ] setting player 3 freeze to 428
[2022-12-15 14:13:30] [SEVERE ] setting player 1 freeze to 418
[2022-12-15 14:13:30] [SEVERE ] setting player 2 freeze to 413
[2022-12-15 14:13:30] [SEVERE ] setting player 3 freeze to 412
[2022-12-15 14:13:30] [SEVERE ] setting player 1 freeze to 397
[2022-12-15 14:13:30] [SEVERE ] setting player 2 freeze to 397
[2022-12-15 14:13:30] [SEVERE ] setting player 3 freeze to 396
[2022-12-15 14:13:30] [SEVERE ] setting player 1 freeze to 386
[2022-12-15 14:13:30] [SEVERE ] setting player 3 freeze to 380
[2022-12-15 14:13:30] [SEVERE ] setting player 2 freeze to 381
[2022-12-15 14:13:30] [SEVERE ] setting player 3 freeze to 369
[2022-12-15 14:13:30] [SEVERE ] setting player 1 freeze to 365
[2022-12-15 14:13:30] [SEVERE ] setting player 2 freeze to 365
[2022-12-15 14:13:30] [SEVERE ] setting player 2 freeze to 349
[2022-12-15 14:13:30] [SEVERE ] setting player 1 freeze to 349
[2022-12-15 14:13:30] [SEVERE ] setting player 3 freeze to 348
[2022-12-15 14:13:30] [SEVERE ] setting player 2 freeze to 338
[2022-12-15 14:13:30] [SEVERE ] setting player 1 freeze to 333
[2022-12-15 14:13:30] [SEVERE ] setting player 3 freeze to 332
[2022-12-15 14:13:30] [SEVERE ] setting player 3 freeze to 316
[2022-12-15 14:13:30] [SEVERE ] setting player 2 freeze to 317
[2022-12-15 14:13:30] [SEVERE ] setting player 1 freeze to 317
[2022-12-15 14:13:30] [SEVERE ] setting player 3 freeze to 304
[2022-12-15 14:13:30] [SEVERE ] setting player 1 freeze to 301
[2022-12-15 14:13:30] [SEVERE ] setting player 2 freeze to 301
[2022-12-15 14:13:30] [SEVERE ] setting player 1 freeze to 289
[2022-12-15 14:13:30] [SEVERE ] setting player 3 freeze to 284
[2022-12-15 14:13:30] [SEVERE ] setting player 2 freeze to 285
[2022-12-15 14:13:30] [SEVERE ] setting player 2 freeze to 269
[2022-12-15 14:13:30] [SEVERE ] setting player 1 freeze to 269
[2022-12-15 14:13:30] [SEVERE ] setting player 3 freeze to 268
[2022-12-15 14:13:30] [SEVERE ] setting player 2 freeze to 256
[2022-12-15 14:13:30] [SEVERE ] setting player 3 freeze to 252
[2022-12-15 14:13:30] [SEVERE ] setting player 1 freeze to 253
[2022-12-15 14:13:30] [SEVERE ] setting player 3 freeze to 236
[2022-12-15 14:13:30] [SEVERE ] setting player 2 freeze to 237
[2022-12-15 14:13:30] [SEVERE ] setting player 1 freeze to 237
[2022-12-15 14:13:30] [SEVERE ] setting player 3 freeze to 225
[2022-12-15 14:13:30] [SEVERE ] setting player 1 freeze to 221
[2022-12-15 14:13:30] [SEVERE ] setting player 2 freeze to 221
[2022-12-15 14:13:30] [SEVERE ] setting player 1 freeze to 205
[2022-12-15 14:13:30] [SEVERE ] setting player 3 freeze to 204
[2022-12-15 14:13:30] [SEVERE ] setting player 2 freeze to 205
[2022-12-15 14:13:30] [SEVERE ] setting player 1 freeze to 192
[2022-12-15 14:13:30] [SEVERE ] setting player 2 freeze to 189
[2022-12-15 14:13:30] [SEVERE ] setting player 3 freeze to 188
[2022-12-15 14:13:30] [SEVERE ] setting player 3 freeze to 173
[2022-12-15 14:13:30] [SEVERE ] setting player 1 freeze to 174
[2022-12-15 14:13:30] [SEVERE ] setting player 2 freeze to 174
[2022-12-15 14:13:30] [SEVERE ] setting player 3 freeze to 162
[2022-12-15 14:13:30] [SEVERE ] setting player 1 freeze to 159
[2022-12-15 14:13:30] [SEVERE ] setting player 2 freeze to 159
[2022-12-15 14:13:30] [SEVERE ] setting player 3 freeze to 142
[2022-12-15 14:13:30] [SEVERE ] setting player 2 freeze to 143
[2022-12-15 14:13:30] [SEVERE ] setting player 1 freeze to 143
[2022-12-15 14:13:30] [SEVERE ] setting player 3 freeze to 131
[2022-12-15 14:13:30] [SEVERE ] setting player 1 freeze to 127
[2022-12-15 14:13:30] [SEVERE ] setting player 2 freeze to 127
[2022-12-15 14:13:30] [SEVERE ] setting player 1 freeze to 116
[2022-12-15 14:13:30] [SEVERE ] setting player 2 freeze to 111
[2022-12-15 14:13:30] [SEVERE ] setting player 3 freeze to 110
[2022-12-15 14:13:30] [SEVERE ] setting player 3 freeze to 94
[2022-12-15 14:13:30] [SEVERE ] setting player 2 freeze to 95
[2022-12-15 14:13:30] [SEVERE ] setting player 1 freeze to 95
[2022-12-15 14:13:30] [SEVERE ] setting player 3 freeze to 83
[2022-12-15 14:13:30] [SEVERE ] setting player 1 freeze to 79
[2022-12-15 14:13:30] [SEVERE ] setting player 2 freeze to 79
[2022-12-15 14:13:30] [SEVERE ] setting player 1 freeze to 68
[2022-12-15 14:13:30] [SEVERE ] setting player 2 freeze to 63
[2022-12-15 14:13:30] [SEVERE ] setting player 3 freeze to 62
[2022-12-15 14:13:31] [SEVERE ] setting player 2 freeze to 47
[2022-12-15 14:13:31] [SEVERE ] setting player 1 freeze to 47
[2022-12-15 14:13:31] [SEVERE ] setting player 3 freeze to 46
[2022-12-15 14:13:31] [SEVERE ] setting player 2 freeze to 36
[2022-12-15 14:13:31] [SEVERE ] setting player 3 freeze to 31
[2022-12-15 14:13:31] [SEVERE ] setting player 1 freeze to 32
[2022-12-15 14:13:31] [SEVERE ] setting player 3 freeze to 15
[2022-12-15 14:13:31] [SEVERE ] setting player 1 freeze to 16
[2022-12-15 14:13:31] [SEVERE ] setting player 2 freeze to 16
[2022-12-15 14:13:31] [SEVERE ] setting player 3 freeze to 4
[2022-12-15 14:13:31] [SEVERE ] setting player 1 freeze to 0
[2022-12-15 14:13:31] [SEVERE ] setting player 2 freeze to 0
[2022-12-15 14:13:31] [SEVERE ] player 2 placing token on slot 10
[2022-12-15 14:13:31] [SEVERE ] player 1 placing token on slot 6
[2022-12-15 14:13:31] [SEVERE ] setting player 3 freeze to 0
[2022-12-15 14:13:31] [SEVERE ] player 3 placing token on slot 4
[2022-12-15 14:13:31] [SEVERE ] Exit button pressed
[2022-12-15 14:13:31] [SEVERE ] announcing winners: [0, 1, 2, 3]
[2022-12-15 14:13:31] [INFO   ] Thread dealer terminated.
[2022-12-15 14:13:31] [INFO   ] Thread main terminated.
