[2022-12-12 17:41:25] [INFO   ] cannot read configuration file config.properties trying from resources.
[2022-12-12 17:41:25] [INFO   ] configuration file was loaded from resources directory.
[2022-12-12 17:41:25] [INFO   ] Thread dealer starting.
[2022-12-12 17:41:25] [INFO   ] Thread Player 0starting.
[2022-12-12 17:41:25] [INFO   ] Thread Player 1starting.
[2022-12-12 17:41:26] [SEVERE ] placing card 78 in slot 0
[2022-12-12 17:41:26] [SEVERE ] placing card 10 in slot 1
[2022-12-12 17:41:26] [SEVERE ] placing card 76 in slot 2
[2022-12-12 17:41:26] [SEVERE ] placing card 48 in slot 3
[2022-12-12 17:41:26] [SEVERE ] placing card 18 in slot 4
[2022-12-12 17:41:26] [SEVERE ] placing card 59 in slot 5
[2022-12-12 17:41:26] [SEVERE ] placing card 24 in slot 6
[2022-12-12 17:41:26] [SEVERE ] placing card 68 in slot 7
[2022-12-12 17:41:26] [SEVERE ] placing card 63 in slot 8
[2022-12-12 17:41:26] [SEVERE ] placing card 50 in slot 9
[2022-12-12 17:41:27] [SEVERE ] placing card 40 in slot 10
[2022-12-12 17:41:27] [SEVERE ] placing card 35 in slot 11
[2022-12-12 17:41:27] [SEVERE ] Key 87 was pressed by player 0
[2022-12-12 17:41:27] [SEVERE ] player 0 placing token on slot 1
[2022-12-12 17:41:27] [SEVERE ] Key 81 was pressed by player 0
[2022-12-12 17:41:27] [SEVERE ] player 0 placing token on slot 0
[2022-12-12 17:41:28] [SEVERE ] Key 69 was pressed by player 0
[2022-12-12 17:41:28] [SEVERE ] player 0 placing token on slot 2
[2022-12-12 17:41:28] [SEVERE ] setting player 0 freeze to 1000
[2022-12-12 17:41:28] [SEVERE ] removing player 0 token from slot 1
[2022-12-12 17:41:28] [SEVERE ] removing player 0 token from slot 0
[2022-12-12 17:41:28] [SEVERE ] removing player 0 token from slot 2
[2022-12-12 17:41:42] [SEVERE ] removing card from slot 0
[2022-12-12 17:41:42] [SEVERE ] removing card from slot 1
[2022-12-12 17:41:42] [SEVERE ] removing card from slot 2
[2022-12-12 17:41:42] [SEVERE ] removing card from slot 3
[2022-12-12 17:41:42] [SEVERE ] removing card from slot 4
[2022-12-12 17:41:42] [SEVERE ] removing card from slot 5
[2022-12-12 17:41:42] [SEVERE ] removing card from slot 6
[2022-12-12 17:41:42] [SEVERE ] removing card from slot 7
[2022-12-12 17:41:43] [SEVERE ] removing card from slot 8
[2022-12-12 17:41:43] [SEVERE ] removing card from slot 9
[2022-12-12 17:41:43] [SEVERE ] removing card from slot 10
[2022-12-12 17:41:43] [SEVERE ] removing card from slot 11
[2022-12-12 17:41:43] [SEVERE ] placing card 1 in slot 0
[2022-12-12 17:41:43] [SEVERE ] placing card 47 in slot 1
[2022-12-12 17:41:43] [SEVERE ] placing card 38 in slot 2
[2022-12-12 17:41:43] [SEVERE ] placing card 67 in slot 3
[2022-12-12 17:41:43] [SEVERE ] placing card 3 in slot 4
[2022-12-12 17:41:43] [SEVERE ] placing card 65 in slot 5
[2022-12-12 17:41:44] [SEVERE ] placing card 68 in slot 6
[2022-12-12 17:41:44] [SEVERE ] placing card 2 in slot 7
[2022-12-12 17:41:44] [SEVERE ] placing card 17 in slot 8
[2022-12-12 17:41:44] [SEVERE ] placing card 36 in slot 9
[2022-12-12 17:41:44] [SEVERE ] placing card 42 in slot 10
[2022-12-12 17:41:44] [SEVERE ] placing card 71 in slot 11
