[2022-12-12 15:02:43] [INFO   ] cannot read configuration file config.properties trying from resources.
[2022-12-12 15:02:43] [INFO   ] configuration file was loaded from resources directory.
[2022-12-12 15:02:44] [INFO   ] Thread dealer starting.
[2022-12-12 15:02:44] [SEVERE ] placing card 9 in slot 0
[2022-12-12 15:02:44] [SEVERE ] placing card 59 in slot 1
[2022-12-12 15:02:45] [SEVERE ] placing card 10 in slot 2
[2022-12-12 15:02:45] [SEVERE ] placing card 39 in slot 3
[2022-12-12 15:02:45] [SEVERE ] placing card 34 in slot 4
[2022-12-12 15:02:45] [SEVERE ] placing card 17 in slot 5
[2022-12-12 15:02:45] [SEVERE ] placing card 35 in slot 6
[2022-12-12 15:02:45] [SEVERE ] placing card 57 in slot 7
[2022-12-12 15:02:45] [SEVERE ] placing card 32 in slot 8
[2022-12-12 15:02:45] [SEVERE ] placing card 33 in slot 9
[2022-12-12 15:02:45] [SEVERE ] placing card 63 in slot 10
[2022-12-12 15:02:45] [SEVERE ] placing card 40 in slot 11
[2022-12-12 15:02:46] [SEVERE ] Key 81 was pressed by player 0
[2022-12-12 15:02:46] [SEVERE ] player 0 placing token on slot 0
[2022-12-12 15:02:47] [SEVERE ] Key 81 was pressed by player 0
[2022-12-12 15:02:47] [SEVERE ] removing player 0 token from slot 0
[2022-12-12 15:02:49] [SEVERE ] Key 87 was pressed by player 0
[2022-12-12 15:02:49] [SEVERE ] player 0 placing token on slot 1
[2022-12-12 15:02:50] [SEVERE ] Key 87 was pressed by player 0
[2022-12-12 15:02:50] [SEVERE ] removing player 0 token from slot 1
[2022-12-12 15:02:50] [SEVERE ] Key 81 was pressed by player 0
[2022-12-12 15:02:50] [SEVERE ] player 0 placing token on slot 0
[2022-12-12 15:02:51] [SEVERE ] Key 87 was pressed by player 0
[2022-12-12 15:02:51] [SEVERE ] player 0 placing token on slot 1
[2022-12-12 15:02:51] [SEVERE ] Key 69 was pressed by player 0
[2022-12-12 15:02:51] [SEVERE ] player 0 placing token on slot 2
[2022-12-12 15:02:51] [SEVERE ] setting player 0 freeze to 1000
[2022-12-12 15:02:52] [SEVERE ] removing player 0 token from slot 0
[2022-12-12 15:02:52] [SEVERE ] removing player 0 token from slot 1
[2022-12-12 15:02:52] [SEVERE ] removing player 0 token from slot 2
[2022-12-12 15:02:56] [SEVERE ] Key 81 was pressed by player 0
[2022-12-12 15:02:56] [SEVERE ] player 0 placing token on slot 0
[2022-12-12 15:02:56] [SEVERE ] Key 87 was pressed by player 0
[2022-12-12 15:02:56] [SEVERE ] player 0 placing token on slot 1
[2022-12-12 15:02:56] [SEVERE ] Key 69 was pressed by player 0
[2022-12-12 15:02:56] [SEVERE ] player 0 placing token on slot 2
[2022-12-12 15:02:56] [SEVERE ] setting player 0 freeze to 1000
[2022-12-12 15:02:57] [SEVERE ] removing player 0 token from slot 0
[2022-12-12 15:02:57] [SEVERE ] removing player 0 token from slot 1
[2022-12-12 15:02:57] [SEVERE ] removing player 0 token from slot 2
[2022-12-12 15:02:57] [SEVERE ] Key 81 was pressed by player 0
[2022-12-12 15:02:57] [SEVERE ] player 0 placing token on slot 0
[2022-12-12 15:02:58] [SEVERE ] Key 87 was pressed by player 0
[2022-12-12 15:02:58] [SEVERE ] player 0 placing token on slot 1
[2022-12-12 15:02:58] [SEVERE ] Key 69 was pressed by player 0
[2022-12-12 15:02:58] [SEVERE ] player 0 placing token on slot 2
[2022-12-12 15:02:58] [SEVERE ] setting player 0 freeze to 1000
[2022-12-12 15:02:59] [SEVERE ] removing player 0 token from slot 0
[2022-12-12 15:02:59] [SEVERE ] removing player 0 token from slot 1
[2022-12-12 15:02:59] [SEVERE ] removing player 0 token from slot 2
[2022-12-12 15:02:59] [SEVERE ] Key 81 was pressed by player 0
[2022-12-12 15:02:59] [SEVERE ] player 0 placing token on slot 0
[2022-12-12 15:02:59] [SEVERE ] Key 87 was pressed by player 0
[2022-12-12 15:02:59] [SEVERE ] player 0 placing token on slot 1
[2022-12-12 15:03:00] [SEVERE ] Key 69 was pressed by player 0
[2022-12-12 15:03:00] [SEVERE ] player 0 placing token on slot 2
[2022-12-12 15:03:00] [SEVERE ] setting player 0 freeze to 1000
[2022-12-12 15:03:01] [SEVERE ] removing player 0 token from slot 0
[2022-12-12 15:03:01] [SEVERE ] removing player 0 token from slot 1
[2022-12-12 15:03:01] [SEVERE ] removing player 0 token from slot 2
[2022-12-12 15:03:01] [SEVERE ] removing card from slot 0
[2022-12-12 15:03:01] [SEVERE ] removing card from slot 1
[2022-12-12 15:03:01] [SEVERE ] removing card from slot 2
[2022-12-12 15:03:01] [SEVERE ] removing card from slot 3
[2022-12-12 15:03:01] [SEVERE ] removing card from slot 4
[2022-12-12 15:03:01] [SEVERE ] removing card from slot 5
[2022-12-12 15:03:01] [SEVERE ] removing card from slot 6
[2022-12-12 15:03:01] [SEVERE ] removing card from slot 7
[2022-12-12 15:03:02] [SEVERE ] removing card from slot 8
[2022-12-12 15:03:02] [SEVERE ] removing card from slot 9
[2022-12-12 15:03:02] [SEVERE ] removing card from slot 10
[2022-12-12 15:03:02] [SEVERE ] removing card from slot 11
[2022-12-12 15:03:02] [SEVERE ] placing card 71 in slot 0
[2022-12-12 15:03:02] [SEVERE ] placing card 79 in slot 1
[2022-12-12 15:03:02] [SEVERE ] placing card 51 in slot 2
[2022-12-12 15:03:02] [SEVERE ] placing card 77 in slot 3
[2022-12-12 15:03:02] [SEVERE ] placing card 70 in slot 4
[2022-12-12 15:03:02] [SEVERE ] placing card 8 in slot 5
[2022-12-12 15:03:03] [SEVERE ] placing card 34 in slot 6
[2022-12-12 15:03:03] [SEVERE ] placing card 75 in slot 7
[2022-12-12 15:03:03] [SEVERE ] placing card 3 in slot 8
[2022-12-12 15:03:03] [SEVERE ] placing card 6 in slot 9
[2022-12-12 15:03:03] [SEVERE ] placing card 64 in slot 10
[2022-12-12 15:03:03] [SEVERE ] placing card 5 in slot 11
[2022-12-12 15:03:04] [SEVERE ] Key 81 was pressed by player 0
[2022-12-12 15:03:04] [SEVERE ] player 0 placing token on slot 0
[2022-12-12 15:03:04] [SEVERE ] Key 69 was pressed by player 0
[2022-12-12 15:03:04] [SEVERE ] player 0 placing token on slot 2
[2022-12-12 15:03:04] [SEVERE ] Key 87 was pressed by player 0
[2022-12-12 15:03:04] [SEVERE ] player 0 placing token on slot 1
[2022-12-12 15:03:04] [SEVERE ] setting player 0 freeze to 1000
[2022-12-12 15:03:05] [SEVERE ] removing player 0 token from slot 0
[2022-12-12 15:03:05] [SEVERE ] removing player 0 token from slot 2
[2022-12-12 15:03:05] [SEVERE ] removing player 0 token from slot 1
[2022-12-12 15:03:05] [SEVERE ] Key 87 was pressed by player 0
[2022-12-12 15:03:05] [SEVERE ] player 0 placing token on slot 1
[2022-12-12 15:03:07] [SEVERE ] Key 81 was pressed by player 0
[2022-12-12 15:03:07] [SEVERE ] player 0 placing token on slot 0
[2022-12-12 15:03:07] [SEVERE ] Key 69 was pressed by player 0
[2022-12-12 15:03:07] [SEVERE ] player 0 placing token on slot 2
[2022-12-12 15:03:07] [SEVERE ] setting player 0 freeze to 1000
[2022-12-12 15:03:08] [SEVERE ] removing player 0 token from slot 1
[2022-12-12 15:03:08] [SEVERE ] removing player 0 token from slot 0
[2022-12-12 15:03:08] [SEVERE ] removing player 0 token from slot 2
[2022-12-12 15:03:09] [SEVERE ] Key 81 was pressed by player 0
[2022-12-12 15:03:09] [SEVERE ] player 0 placing token on slot 0
[2022-12-12 15:03:09] [SEVERE ] Key 87 was pressed by player 0
[2022-12-12 15:03:09] [SEVERE ] player 0 placing token on slot 1
[2022-12-12 15:03:09] [SEVERE ] Key 69 was pressed by player 0
[2022-12-12 15:03:09] [SEVERE ] player 0 placing token on slot 2
[2022-12-12 15:03:09] [SEVERE ] setting player 0 freeze to 1000
[2022-12-12 15:03:10] [SEVERE ] removing player 0 token from slot 0
[2022-12-12 15:03:10] [SEVERE ] removing player 0 token from slot 1
[2022-12-12 15:03:10] [SEVERE ] removing player 0 token from slot 2
[2022-12-12 15:03:13] [SEVERE ] Exit button pressed
[2022-12-12 15:03:18] [SEVERE ] removing card from slot 0
[2022-12-12 15:03:18] [SEVERE ] removing card from slot 1
[2022-12-12 15:03:18] [SEVERE ] removing card from slot 2
[2022-12-12 15:03:19] [SEVERE ] removing card from slot 3
[2022-12-12 15:03:19] [SEVERE ] removing card from slot 4
[2022-12-12 15:03:19] [SEVERE ] removing card from slot 5
[2022-12-12 15:03:19] [SEVERE ] removing card from slot 6
[2022-12-12 15:03:19] [SEVERE ] removing card from slot 7
[2022-12-12 15:03:19] [SEVERE ] removing card from slot 8
[2022-12-12 15:03:19] [SEVERE ] removing card from slot 9
[2022-12-12 15:03:19] [SEVERE ] removing card from slot 10
[2022-12-12 15:03:19] [SEVERE ] removing card from slot 11
[2022-12-12 15:03:20] [SEVERE ] placing card 54 in slot 0
[2022-12-12 15:03:20] [SEVERE ] placing card 5 in slot 1
[2022-12-12 15:03:20] [SEVERE ] placing card 24 in slot 2
[2022-12-12 15:03:20] [SEVERE ] placing card 56 in slot 3
[2022-12-12 15:03:20] [SEVERE ] placing card 75 in slot 4
[2022-12-12 15:03:20] [SEVERE ] placing card 21 in slot 5
[2022-12-12 15:03:20] [SEVERE ] placing card 31 in slot 6
[2022-12-12 15:03:20] [SEVERE ] placing card 50 in slot 7
[2022-12-12 15:03:20] [SEVERE ] placing card 2 in slot 8
[2022-12-12 15:03:20] [SEVERE ] placing card 34 in slot 9
[2022-12-12 15:03:21] [SEVERE ] placing card 18 in slot 10
[2022-12-12 15:03:21] [SEVERE ] placing card 66 in slot 11
[2022-12-12 15:03:36] [SEVERE ] removing card from slot 0
[2022-12-12 15:03:36] [SEVERE ] removing card from slot 1
[2022-12-12 15:03:36] [SEVERE ] removing card from slot 2
[2022-12-12 15:03:36] [SEVERE ] removing card from slot 3
[2022-12-12 15:03:36] [SEVERE ] removing card from slot 4
[2022-12-12 15:03:36] [SEVERE ] removing card from slot 5
[2022-12-12 15:03:36] [SEVERE ] removing card from slot 6
[2022-12-12 15:03:37] [SEVERE ] removing card from slot 7
[2022-12-12 15:03:37] [SEVERE ] removing card from slot 8
[2022-12-12 15:03:37] [SEVERE ] removing card from slot 9
[2022-12-12 15:03:37] [SEVERE ] removing card from slot 10
[2022-12-12 15:03:37] [SEVERE ] removing card from slot 11
[2022-12-12 15:03:37] [SEVERE ] placing card 59 in slot 0
[2022-12-12 15:03:37] [SEVERE ] placing card 57 in slot 1
[2022-12-12 15:03:37] [SEVERE ] placing card 25 in slot 2
[2022-12-12 15:03:37] [SEVERE ] placing card 45 in slot 3
[2022-12-12 15:03:37] [SEVERE ] placing card 66 in slot 4
[2022-12-12 15:03:38] [SEVERE ] placing card 62 in slot 5
[2022-12-12 15:03:38] [SEVERE ] placing card 41 in slot 6
[2022-12-12 15:03:38] [SEVERE ] placing card 10 in slot 7
[2022-12-12 15:03:38] [SEVERE ] placing card 2 in slot 8
[2022-12-12 15:03:38] [SEVERE ] placing card 9 in slot 9
[2022-12-12 15:03:38] [SEVERE ] placing card 24 in slot 10
[2022-12-12 15:03:38] [SEVERE ] placing card 20 in slot 11
