[2022-12-12 18:38:32] [INFO   ] cannot read configuration file config.properties trying from resources.
[2022-12-12 18:38:32] [INFO   ] configuration file was loaded from resources directory.
[2022-12-12 18:38:33] [INFO   ] Thread dealer starting.
[2022-12-12 18:38:33] [INFO   ] Thread Player 0starting.
[2022-12-12 18:38:33] [INFO   ] Thread Player 1starting.
[2022-12-12 18:38:33] [SEVERE ] placing card 38 in slot 0
[2022-12-12 18:38:33] [SEVERE ] placing card 6 in slot 1
[2022-12-12 18:38:33] [SEVERE ] placing card 70 in slot 2
[2022-12-12 18:38:33] [SEVERE ] placing card 8 in slot 3
[2022-12-12 18:38:34] [SEVERE ] placing card 75 in slot 4
[2022-12-12 18:38:34] [SEVERE ] placing card 57 in slot 5
[2022-12-12 18:38:34] [SEVERE ] placing card 35 in slot 6
[2022-12-12 18:38:34] [SEVERE ] placing card 46 in slot 7
[2022-12-12 18:38:34] [SEVERE ] placing card 55 in slot 8
[2022-12-12 18:38:34] [SEVERE ] placing card 69 in slot 9
[2022-12-12 18:38:34] [SEVERE ] placing card 58 in slot 10
[2022-12-12 18:38:34] [SEVERE ] placing card 20 in slot 11
[2022-12-12 18:38:35] [SEVERE ] Key 81 was pressed by player 0
[2022-12-12 18:38:35] [SEVERE ] player 0 placing token on slot 0
[2022-12-12 18:38:35] [SEVERE ] Key 87 was pressed by player 0
[2022-12-12 18:38:35] [SEVERE ] player 0 placing token on slot 1
[2022-12-12 18:38:35] [SEVERE ] Key 69 was pressed by player 0
[2022-12-12 18:38:35] [SEVERE ] player 0 placing token on slot 2
[2022-12-12 18:38:35] [SEVERE ] setting player 0 freeze to 1000
[2022-12-12 18:38:35] [SEVERE ] removing player 0 token from slot 0
[2022-12-12 18:38:35] [SEVERE ] removing player 0 token from slot 1
[2022-12-12 18:38:35] [SEVERE ] removing player 0 token from slot 2
[2022-12-12 18:38:37] [SEVERE ] Key 81 was pressed by player 0
[2022-12-12 18:38:37] [SEVERE ] Key 87 was pressed by player 0
[2022-12-12 18:38:37] [SEVERE ] Key 69 was pressed by player 0
[2022-12-12 18:38:38] [SEVERE ] Key 81 was pressed by player 0
[2022-12-12 18:38:38] [SEVERE ] Key 87 was pressed by player 0
[2022-12-12 18:38:38] [SEVERE ] Key 69 was pressed by player 0
[2022-12-12 18:38:39] [SEVERE ] Key 81 was pressed by player 0
[2022-12-12 18:38:39] [SEVERE ] Key 87 was pressed by player 0
[2022-12-12 18:38:39] [SEVERE ] Key 69 was pressed by player 0
[2022-12-12 18:38:39] [SEVERE ] Key 81 was pressed by player 0
[2022-12-12 18:38:39] [SEVERE ] Key 87 was pressed by player 0
[2022-12-12 18:38:39] [SEVERE ] Key 69 was pressed by player 0
[2022-12-12 18:38:39] [SEVERE ] Key 81 was pressed by player 0
[2022-12-12 18:38:39] [SEVERE ] Key 87 was pressed by player 0
[2022-12-12 18:38:39] [SEVERE ] Key 69 was pressed by player 0
[2022-12-12 18:38:40] [SEVERE ] Key 81 was pressed by player 0
[2022-12-12 18:38:40] [SEVERE ] Key 87 was pressed by player 0
[2022-12-12 18:38:40] [SEVERE ] Key 69 was pressed by player 0
[2022-12-12 18:38:40] [SEVERE ] Key 87 was pressed by player 0
[2022-12-12 18:38:40] [SEVERE ] Key 81 was pressed by player 0
[2022-12-12 18:38:40] [SEVERE ] Key 69 was pressed by player 0
[2022-12-12 18:38:40] [SEVERE ] Key 81 was pressed by player 0
[2022-12-12 18:38:49] [SEVERE ] removing card from slot 0
[2022-12-12 18:38:49] [SEVERE ] removing card from slot 1
[2022-12-12 18:38:50] [SEVERE ] removing card from slot 2
[2022-12-12 18:38:50] [SEVERE ] removing card from slot 3
[2022-12-12 18:38:50] [SEVERE ] removing card from slot 4
[2022-12-12 18:38:50] [SEVERE ] removing card from slot 5
[2022-12-12 18:38:50] [SEVERE ] removing card from slot 6
[2022-12-12 18:38:50] [SEVERE ] removing card from slot 7
[2022-12-12 18:38:50] [SEVERE ] removing card from slot 8
[2022-12-12 18:38:50] [SEVERE ] removing card from slot 9
[2022-12-12 18:38:50] [SEVERE ] removing card from slot 10
[2022-12-12 18:38:50] [SEVERE ] removing card from slot 11
[2022-12-12 18:38:51] [SEVERE ] placing card 50 in slot 0
[2022-12-12 18:38:51] [SEVERE ] placing card 28 in slot 1
[2022-12-12 18:38:51] [SEVERE ] placing card 6 in slot 2
[2022-12-12 18:38:51] [SEVERE ] placing card 66 in slot 3
[2022-12-12 18:38:51] [SEVERE ] placing card 18 in slot 4
[2022-12-12 18:38:51] [SEVERE ] placing card 32 in slot 5
[2022-12-12 18:38:51] [SEVERE ] placing card 67 in slot 6
[2022-12-12 18:38:51] [SEVERE ] placing card 3 in slot 7
[2022-12-12 18:38:51] [SEVERE ] placing card 58 in slot 8
[2022-12-12 18:38:51] [SEVERE ] placing card 57 in slot 9
[2022-12-12 18:38:52] [SEVERE ] placing card 77 in slot 10
[2022-12-12 18:38:52] [SEVERE ] placing card 26 in slot 11
[2022-12-12 18:39:07] [SEVERE ] removing card from slot 0
[2022-12-12 18:39:07] [SEVERE ] removing card from slot 1
[2022-12-12 18:39:07] [SEVERE ] removing card from slot 2
[2022-12-12 18:39:07] [SEVERE ] removing card from slot 3
[2022-12-12 18:39:07] [SEVERE ] removing card from slot 4
[2022-12-12 18:39:07] [SEVERE ] removing card from slot 5
[2022-12-12 18:39:07] [SEVERE ] removing card from slot 6
[2022-12-12 18:39:07] [SEVERE ] removing card from slot 7
[2022-12-12 18:39:08] [SEVERE ] removing card from slot 8
[2022-12-12 18:39:08] [SEVERE ] removing card from slot 9
[2022-12-12 18:39:08] [SEVERE ] removing card from slot 10
[2022-12-12 18:39:08] [SEVERE ] removing card from slot 11
[2022-12-12 18:39:08] [SEVERE ] placing card 41 in slot 0
[2022-12-12 18:39:08] [SEVERE ] placing card 54 in slot 1
[2022-12-12 18:39:08] [SEVERE ] placing card 74 in slot 2
[2022-12-12 18:39:08] [SEVERE ] placing card 33 in slot 3
[2022-12-12 18:39:08] [SEVERE ] placing card 34 in slot 4
[2022-12-12 18:39:08] [SEVERE ] placing card 28 in slot 5
[2022-12-12 18:39:09] [SEVERE ] placing card 12 in slot 6
[2022-12-12 18:39:09] [SEVERE ] placing card 45 in slot 7
[2022-12-12 18:39:09] [SEVERE ] placing card 65 in slot 8
[2022-12-12 18:39:09] [SEVERE ] placing card 3 in slot 9
[2022-12-12 18:39:09] [SEVERE ] placing card 37 in slot 10
[2022-12-12 18:39:09] [SEVERE ] placing card 18 in slot 11
