[2022-12-12 19:39:12] [INFO   ] cannot read configuration file config.properties trying from resources.
[2022-12-12 19:39:13] [INFO   ] configuration file was loaded from resources directory.
[2022-12-12 19:39:13] [INFO   ] Thread dealer starting.
[2022-12-12 19:39:13] [INFO   ] Thread Player 0starting.
[2022-12-12 19:39:13] [INFO   ] Thread Player 1starting.
[2022-12-12 19:39:13] [SEVERE ] placing card 37 in slot 0
[2022-12-12 19:39:13] [SEVERE ] placing card 55 in slot 1
[2022-12-12 19:39:14] [SEVERE ] placing card 2 in slot 2
[2022-12-12 19:39:14] [SEVERE ] placing card 72 in slot 3
[2022-12-12 19:39:14] [SEVERE ] placing card 77 in slot 4
[2022-12-12 19:39:14] [SEVERE ] placing card 14 in slot 5
[2022-12-12 19:39:14] [SEVERE ] placing card 6 in slot 6
[2022-12-12 19:39:14] [SEVERE ] placing card 22 in slot 7
[2022-12-12 19:39:14] [SEVERE ] placing card 64 in slot 8
[2022-12-12 19:39:14] [SEVERE ] placing card 3 in slot 9
[2022-12-12 19:39:14] [SEVERE ] placing card 38 in slot 10
[2022-12-12 19:39:14] [SEVERE ] placing card 50 in slot 11
[2022-12-12 19:39:15] [SEVERE ] Key 81 was pressed by player 0
[2022-12-12 19:39:15] [SEVERE ] player 0 placing token on slot 0
[2022-12-12 19:39:15] [SEVERE ] Key 87 was pressed by player 0
[2022-12-12 19:39:15] [SEVERE ] player 0 placing token on slot 1
[2022-12-12 19:39:15] [SEVERE ] Key 69 was pressed by player 0
[2022-12-12 19:39:15] [SEVERE ] player 0 placing token on slot 2
[2022-12-12 19:39:15] [SEVERE ] setting player 0 freeze to 1000
[2022-12-12 19:39:15] [SEVERE ] removing player 0 token from slot 0
[2022-12-12 19:39:15] [SEVERE ] removing player 0 token from slot 1
[2022-12-12 19:39:15] [SEVERE ] removing player 0 token from slot 2
[2022-12-12 19:39:16] [SEVERE ] Key 81 was pressed by player 0
[2022-12-12 19:39:16] [SEVERE ] Key 87 was pressed by player 0
[2022-12-12 19:39:16] [SEVERE ] Key 69 was pressed by player 0
[2022-12-12 19:39:17] [SEVERE ] Key 87 was pressed by player 0
[2022-12-12 19:39:17] [SEVERE ] player 0 placing token on slot 1
[2022-12-12 19:39:17] [SEVERE ] Key 81 was pressed by player 0
[2022-12-12 19:39:17] [SEVERE ] player 0 placing token on slot 0
[2022-12-12 19:39:17] [SEVERE ] Key 69 was pressed by player 0
[2022-12-12 19:39:17] [SEVERE ] player 0 placing token on slot 2
[2022-12-12 19:39:17] [SEVERE ] setting player 0 freeze to 1000
[2022-12-12 19:39:17] [SEVERE ] removing player 0 token from slot 1
[2022-12-12 19:39:17] [SEVERE ] removing player 0 token from slot 0
[2022-12-12 19:39:17] [SEVERE ] removing player 0 token from slot 2
[2022-12-12 19:39:17] [SEVERE ] Key 81 was pressed by player 0
[2022-12-12 19:39:17] [SEVERE ] Key 87 was pressed by player 0
[2022-12-12 19:39:17] [SEVERE ] Key 69 was pressed by player 0
[2022-12-12 19:39:17] [SEVERE ] Key 81 was pressed by player 0
[2022-12-12 19:39:18] [SEVERE ] Key 87 was pressed by player 0
[2022-12-12 19:39:18] [SEVERE ] Key 69 was pressed by player 0
[2022-12-12 19:39:18] [SEVERE ] Key 81 was pressed by player 0
[2022-12-12 19:39:18] [SEVERE ] player 0 placing token on slot 0
[2022-12-12 19:39:18] [SEVERE ] Key 87 was pressed by player 0
[2022-12-12 19:39:18] [SEVERE ] player 0 placing token on slot 1
[2022-12-12 19:39:18] [SEVERE ] Key 69 was pressed by player 0
[2022-12-12 19:39:18] [SEVERE ] player 0 placing token on slot 2
[2022-12-12 19:39:18] [SEVERE ] setting player 0 freeze to 1000
[2022-12-12 19:39:18] [SEVERE ] removing player 0 token from slot 0
[2022-12-12 19:39:18] [SEVERE ] removing player 0 token from slot 1
[2022-12-12 19:39:18] [SEVERE ] removing player 0 token from slot 2
