[2022-12-12 23:21:03] [INFO   ] cannot read configuration file config.properties trying from resources.
[2022-12-12 23:21:03] [INFO   ] configuration file was loaded from resources directory.
[2022-12-12 23:21:04] [INFO   ] Thread dealer starting.
[2022-12-12 23:21:04] [INFO   ] Thread Player 0starting.
[2022-12-12 23:21:04] [INFO   ] Thread Player 1starting.
[2022-12-12 23:21:05] [SEVERE ] placing card 67 in slot 0
[2022-12-12 23:21:05] [SEVERE ] placing card 19 in slot 1
[2022-12-12 23:21:05] [SEVERE ] placing card 74 in slot 2
[2022-12-12 23:21:05] [SEVERE ] placing card 73 in slot 3
[2022-12-12 23:21:05] [SEVERE ] placing card 52 in slot 4
[2022-12-12 23:21:05] [SEVERE ] placing card 42 in slot 5
[2022-12-12 23:21:05] [SEVERE ] placing card 27 in slot 6
[2022-12-12 23:21:05] [SEVERE ] placing card 21 in slot 7
[2022-12-12 23:21:05] [SEVERE ] placing card 57 in slot 8
[2022-12-12 23:21:05] [SEVERE ] placing card 64 in slot 9
[2022-12-12 23:21:06] [SEVERE ] placing card 54 in slot 10
[2022-12-12 23:21:06] [SEVERE ] placing card 68 in slot 11
[2022-12-12 23:21:08] [SEVERE ] Key 81 was pressed by player 0
[2022-12-12 23:21:08] [SEVERE ] player 0 placing token on slot 0
[2022-12-12 23:21:08] [SEVERE ] Key 87 was pressed by player 0
[2022-12-12 23:21:08] [SEVERE ] player 0 placing token on slot 1
[2022-12-12 23:21:09] [SEVERE ] Key 69 was pressed by player 0
[2022-12-12 23:21:09] [SEVERE ] player 0 placing token on slot 2
[2022-12-12 23:21:09] [SEVERE ] setting player 0 freeze to 1000
[2022-12-12 23:21:09] [SEVERE ] removing player 0 token from slot 0
[2022-12-12 23:21:09] [SEVERE ] removing player 0 token from slot 1
[2022-12-12 23:21:09] [SEVERE ] removing player 0 token from slot 2
[2022-12-12 23:21:09] [SEVERE ] setting player 0 freeze to 2999
[2022-12-12 23:21:09] [SEVERE ] setting player 0 freeze to 2988
[2022-12-12 23:21:09] [SEVERE ] setting player 0 freeze to 2977
[2022-12-12 23:21:09] [SEVERE ] setting player 0 freeze to 2967
[2022-12-12 23:21:09] [SEVERE ] setting player 0 freeze to 2954
[2022-12-12 23:21:09] [SEVERE ] setting player 0 freeze to 2944
[2022-12-12 23:21:09] [SEVERE ] setting player 0 freeze to 2933
[2022-12-12 23:21:09] [SEVERE ] setting player 0 freeze to 2922
[2022-12-12 23:21:09] [SEVERE ] setting player 0 freeze to 2911
[2022-12-12 23:21:09] [SEVERE ] setting player 0 freeze to 2900
[2022-12-12 23:21:09] [SEVERE ] setting player 0 freeze to 2889
[2022-12-12 23:21:09] [SEVERE ] setting player 0 freeze to 2878
[2022-12-12 23:21:09] [SEVERE ] setting player 0 freeze to 2867
[2022-12-12 23:21:09] [SEVERE ] setting player 0 freeze to 2856
[2022-12-12 23:21:09] [SEVERE ] setting player 0 freeze to 2845
[2022-12-12 23:21:09] [SEVERE ] setting player 0 freeze to 2834
[2022-12-12 23:21:09] [SEVERE ] setting player 0 freeze to 2823
[2022-12-12 23:21:09] [SEVERE ] setting player 0 freeze to 2812
[2022-12-12 23:21:09] [SEVERE ] setting player 0 freeze to 2801
[2022-12-12 23:21:09] [SEVERE ] setting player 0 freeze to 2790
[2022-12-12 23:21:09] [SEVERE ] setting player 0 freeze to 2778
[2022-12-12 23:21:09] [SEVERE ] setting player 0 freeze to 2767
[2022-12-12 23:21:09] [SEVERE ] setting player 0 freeze to 2756
[2022-12-12 23:21:09] [SEVERE ] setting player 0 freeze to 2745
[2022-12-12 23:21:09] [SEVERE ] setting player 0 freeze to 2734
[2022-12-12 23:21:09] [SEVERE ] setting player 0 freeze to 2722
[2022-12-12 23:21:09] [SEVERE ] setting player 0 freeze to 2711
[2022-12-12 23:21:09] [SEVERE ] setting player 0 freeze to 2700
[2022-12-12 23:21:09] [SEVERE ] setting player 0 freeze to 2689
[2022-12-12 23:21:09] [SEVERE ] setting player 0 freeze to 2678
[2022-12-12 23:21:09] [SEVERE ] setting player 0 freeze to 2667
[2022-12-12 23:21:09] [SEVERE ] setting player 0 freeze to 2656
[2022-12-12 23:21:09] [SEVERE ] setting player 0 freeze to 2645
[2022-12-12 23:21:09] [SEVERE ] setting player 0 freeze to 2634
[2022-12-12 23:21:09] [SEVERE ] setting player 0 freeze to 2623
[2022-12-12 23:21:09] [SEVERE ] setting player 0 freeze to 2612
[2022-12-12 23:21:09] [SEVERE ] setting player 0 freeze to 2601
[2022-12-12 23:21:09] [SEVERE ] setting player 0 freeze to 2591
[2022-12-12 23:21:09] [SEVERE ] setting player 0 freeze to 2580
[2022-12-12 23:21:09] [SEVERE ] setting player 0 freeze to 2569
[2022-12-12 23:21:09] [SEVERE ] setting player 0 freeze to 2558
[2022-12-12 23:21:09] [SEVERE ] setting player 0 freeze to 2547
[2022-12-12 23:21:09] [SEVERE ] setting player 0 freeze to 2536
[2022-12-12 23:21:09] [SEVERE ] setting player 0 freeze to 2525
[2022-12-12 23:21:09] [SEVERE ] setting player 0 freeze to 2514
[2022-12-12 23:21:09] [SEVERE ] setting player 0 freeze to 2503
[2022-12-12 23:21:09] [SEVERE ] setting player 0 freeze to 2492
[2022-12-12 23:21:09] [SEVERE ] setting player 0 freeze to 2481
[2022-12-12 23:21:09] [SEVERE ] setting player 0 freeze to 2470
[2022-12-12 23:21:09] [SEVERE ] setting player 0 freeze to 2459
[2022-12-12 23:21:09] [SEVERE ] setting player 0 freeze to 2448
[2022-12-12 23:21:09] [SEVERE ] setting player 0 freeze to 2437
[2022-12-12 23:21:09] [SEVERE ] setting player 0 freeze to 2426
[2022-12-12 23:21:09] [SEVERE ] setting player 0 freeze to 2415
[2022-12-12 23:21:09] [SEVERE ] setting player 0 freeze to 2404
[2022-12-12 23:21:09] [SEVERE ] setting player 0 freeze to 2393
[2022-12-12 23:21:09] [SEVERE ] setting player 0 freeze to 2382
[2022-12-12 23:21:09] [SEVERE ] setting player 0 freeze to 2371
[2022-12-12 23:21:09] [SEVERE ] setting player 0 freeze to 2360
[2022-12-12 23:21:09] [SEVERE ] setting player 0 freeze to 2349
[2022-12-12 23:21:09] [SEVERE ] setting player 0 freeze to 2338
[2022-12-12 23:21:09] [SEVERE ] setting player 0 freeze to 2327
[2022-12-12 23:21:09] [SEVERE ] setting player 0 freeze to 2316
[2022-12-12 23:21:09] [SEVERE ] setting player 0 freeze to 2305
[2022-12-12 23:21:09] [SEVERE ] setting player 0 freeze to 2294
[2022-12-12 23:21:09] [SEVERE ] setting player 0 freeze to 2283
[2022-12-12 23:21:10] [SEVERE ] setting player 0 freeze to 2272
[2022-12-12 23:21:10] [SEVERE ] setting player 0 freeze to 2261
[2022-12-12 23:21:10] [SEVERE ] setting player 0 freeze to 2250
[2022-12-12 23:21:10] [SEVERE ] setting player 0 freeze to 2239
[2022-12-12 23:21:10] [SEVERE ] setting player 0 freeze to 2228
[2022-12-12 23:21:10] [SEVERE ] setting player 0 freeze to 2218
[2022-12-12 23:21:10] [SEVERE ] setting player 0 freeze to 2207
[2022-12-12 23:21:10] [SEVERE ] setting player 0 freeze to 2196
[2022-12-12 23:21:10] [SEVERE ] setting player 0 freeze to 2185
[2022-12-12 23:21:10] [SEVERE ] setting player 0 freeze to 2174
[2022-12-12 23:21:10] [SEVERE ] setting player 0 freeze to 2163
[2022-12-12 23:21:10] [SEVERE ] setting player 0 freeze to 2152
[2022-12-12 23:21:10] [SEVERE ] setting player 0 freeze to 2141
[2022-12-12 23:21:10] [SEVERE ] setting player 0 freeze to 2130
[2022-12-12 23:21:10] [SEVERE ] setting player 0 freeze to 2119
[2022-12-12 23:21:10] [SEVERE ] setting player 0 freeze to 2108
[2022-12-12 23:21:10] [SEVERE ] setting player 0 freeze to 2097
[2022-12-12 23:21:10] [SEVERE ] setting player 0 freeze to 2086
[2022-12-12 23:21:10] [SEVERE ] setting player 0 freeze to 2075
[2022-12-12 23:21:10] [SEVERE ] setting player 0 freeze to 2064
[2022-12-12 23:21:10] [SEVERE ] setting player 0 freeze to 2053
[2022-12-12 23:21:10] [SEVERE ] setting player 0 freeze to 2040
[2022-12-12 23:21:10] [SEVERE ] setting player 0 freeze to 2029
[2022-12-12 23:21:10] [SEVERE ] setting player 0 freeze to 2018
[2022-12-12 23:21:10] [SEVERE ] setting player 0 freeze to 2007
[2022-12-12 23:21:10] [SEVERE ] setting player 0 freeze to 1996
[2022-12-12 23:21:10] [SEVERE ] setting player 0 freeze to 1984
[2022-12-12 23:21:10] [SEVERE ] setting player 0 freeze to 1973
[2022-12-12 23:21:10] [SEVERE ] setting player 0 freeze to 1962
[2022-12-12 23:21:10] [SEVERE ] setting player 0 freeze to 1950
[2022-12-12 23:21:10] [SEVERE ] setting player 0 freeze to 1939
[2022-12-12 23:21:10] [SEVERE ] setting player 0 freeze to 1928
[2022-12-12 23:21:10] [SEVERE ] setting player 0 freeze to 1917
[2022-12-12 23:21:10] [SEVERE ] setting player 0 freeze to 1906
[2022-12-12 23:21:10] [SEVERE ] setting player 0 freeze to 1895
[2022-12-12 23:21:10] [SEVERE ] setting player 0 freeze to 1884
[2022-12-12 23:21:10] [SEVERE ] setting player 0 freeze to 1873
[2022-12-12 23:21:10] [SEVERE ] setting player 0 freeze to 1862
[2022-12-12 23:21:10] [SEVERE ] setting player 0 freeze to 1851
[2022-12-12 23:21:10] [SEVERE ] setting player 0 freeze to 1841
[2022-12-12 23:21:10] [SEVERE ] setting player 0 freeze to 1830
[2022-12-12 23:21:10] [SEVERE ] setting player 0 freeze to 1819
[2022-12-12 23:21:10] [SEVERE ] setting player 0 freeze to 1808
[2022-12-12 23:21:10] [SEVERE ] setting player 0 freeze to 1797
[2022-12-12 23:21:10] [SEVERE ] setting player 0 freeze to 1786
[2022-12-12 23:21:10] [SEVERE ] setting player 0 freeze to 1775
[2022-12-12 23:21:10] [SEVERE ] setting player 0 freeze to 1764
[2022-12-12 23:21:10] [SEVERE ] setting player 0 freeze to 1753
[2022-12-12 23:21:10] [SEVERE ] setting player 0 freeze to 1742
[2022-12-12 23:21:10] [SEVERE ] setting player 0 freeze to 1731
[2022-12-12 23:21:10] [SEVERE ] setting player 0 freeze to 1720
[2022-12-12 23:21:10] [SEVERE ] setting player 0 freeze to 1709
[2022-12-12 23:21:10] [SEVERE ] setting player 0 freeze to 1698
[2022-12-12 23:21:10] [SEVERE ] setting player 0 freeze to 1654
[2022-12-12 23:21:10] [SEVERE ] setting player 0 freeze to 1643
[2022-12-12 23:21:10] [SEVERE ] setting player 0 freeze to 1632
[2022-12-12 23:21:10] [SEVERE ] setting player 0 freeze to 1621
[2022-12-12 23:21:10] [SEVERE ] setting player 0 freeze to 1610
[2022-12-12 23:21:10] [SEVERE ] setting player 0 freeze to 1599
[2022-12-12 23:21:10] [SEVERE ] setting player 0 freeze to 1588
[2022-12-12 23:21:10] [SEVERE ] setting player 0 freeze to 1577
[2022-12-12 23:21:10] [SEVERE ] setting player 0 freeze to 1566
[2022-12-12 23:21:10] [SEVERE ] setting player 0 freeze to 1555
[2022-12-12 23:21:10] [SEVERE ] setting player 0 freeze to 1544
[2022-12-12 23:21:10] [SEVERE ] setting player 0 freeze to 1533
[2022-12-12 23:21:10] [SEVERE ] setting player 0 freeze to 1522
[2022-12-12 23:21:10] [SEVERE ] setting player 0 freeze to 1511
[2022-12-12 23:21:10] [SEVERE ] setting player 0 freeze to 1500
[2022-12-12 23:21:10] [SEVERE ] setting player 0 freeze to 1488
[2022-12-12 23:21:10] [SEVERE ] setting player 0 freeze to 1477
[2022-12-12 23:21:10] [SEVERE ] setting player 0 freeze to 1467
[2022-12-12 23:21:10] [SEVERE ] setting player 0 freeze to 1456
[2022-12-12 23:21:10] [SEVERE ] setting player 0 freeze to 1445
[2022-12-12 23:21:10] [SEVERE ] setting player 0 freeze to 1434
[2022-12-12 23:21:10] [SEVERE ] setting player 0 freeze to 1423
[2022-12-12 23:21:10] [SEVERE ] setting player 0 freeze to 1412
[2022-12-12 23:21:10] [SEVERE ] setting player 0 freeze to 1401
[2022-12-12 23:21:10] [SEVERE ] setting player 0 freeze to 1390
[2022-12-12 23:21:10] [SEVERE ] setting player 0 freeze to 1379
[2022-12-12 23:21:10] [SEVERE ] setting player 0 freeze to 1368
[2022-12-12 23:21:10] [SEVERE ] setting player 0 freeze to 1357
[2022-12-12 23:21:10] [SEVERE ] setting player 0 freeze to 1346
[2022-12-12 23:21:10] [SEVERE ] setting player 0 freeze to 1335
[2022-12-12 23:21:10] [SEVERE ] setting player 0 freeze to 1324
[2022-12-12 23:21:10] [SEVERE ] setting player 0 freeze to 1312
[2022-12-12 23:21:10] [SEVERE ] setting player 0 freeze to 1301
[2022-12-12 23:21:10] [SEVERE ] setting player 0 freeze to 1290
[2022-12-12 23:21:10] [SEVERE ] setting player 0 freeze to 1279
[2022-12-12 23:21:11] [SEVERE ] setting player 0 freeze to 1268
[2022-12-12 23:21:11] [SEVERE ] setting player 0 freeze to 1257
[2022-12-12 23:21:11] [SEVERE ] setting player 0 freeze to 1246
[2022-12-12 23:21:11] [SEVERE ] setting player 0 freeze to 1234
[2022-12-12 23:21:11] [SEVERE ] setting player 0 freeze to 1223
[2022-12-12 23:21:11] [SEVERE ] setting player 0 freeze to 1212
[2022-12-12 23:21:11] [SEVERE ] setting player 0 freeze to 1201
[2022-12-12 23:21:11] [SEVERE ] setting player 0 freeze to 1190
[2022-12-12 23:21:11] [SEVERE ] setting player 0 freeze to 1179
[2022-12-12 23:21:11] [SEVERE ] setting player 0 freeze to 1168
[2022-12-12 23:21:11] [SEVERE ] setting player 0 freeze to 1157
[2022-12-12 23:21:11] [SEVERE ] setting player 0 freeze to 1145
[2022-12-12 23:21:11] [SEVERE ] setting player 0 freeze to 1134
[2022-12-12 23:21:11] [SEVERE ] setting player 0 freeze to 1123
[2022-12-12 23:21:11] [SEVERE ] setting player 0 freeze to 1112
[2022-12-12 23:21:11] [SEVERE ] setting player 0 freeze to 1101
[2022-12-12 23:21:11] [SEVERE ] setting player 0 freeze to 1090
[2022-12-12 23:21:11] [SEVERE ] setting player 0 freeze to 1080
[2022-12-12 23:21:11] [SEVERE ] setting player 0 freeze to 1069
[2022-12-12 23:21:11] [SEVERE ] setting player 0 freeze to 1058
[2022-12-12 23:21:11] [SEVERE ] setting player 0 freeze to 1047
[2022-12-12 23:21:11] [SEVERE ] setting player 0 freeze to 1036
[2022-12-12 23:21:11] [SEVERE ] setting player 0 freeze to 1025
[2022-12-12 23:21:11] [SEVERE ] setting player 0 freeze to 1014
[2022-12-12 23:21:11] [SEVERE ] setting player 0 freeze to 1003
[2022-12-12 23:21:11] [SEVERE ] setting player 0 freeze to 992
[2022-12-12 23:21:11] [SEVERE ] setting player 0 freeze to 981
[2022-12-12 23:21:11] [SEVERE ] setting player 0 freeze to 970
[2022-12-12 23:21:11] [SEVERE ] setting player 0 freeze to 959
[2022-12-12 23:21:11] [SEVERE ] setting player 0 freeze to 948
[2022-12-12 23:21:11] [SEVERE ] setting player 0 freeze to 937
[2022-12-12 23:21:11] [SEVERE ] setting player 0 freeze to 926
[2022-12-12 23:21:11] [SEVERE ] setting player 0 freeze to 915
[2022-12-12 23:21:11] [SEVERE ] setting player 0 freeze to 904
[2022-12-12 23:21:11] [SEVERE ] setting player 0 freeze to 893
[2022-12-12 23:21:11] [SEVERE ] setting player 0 freeze to 882
[2022-12-12 23:21:11] [SEVERE ] setting player 0 freeze to 871
[2022-12-12 23:21:11] [SEVERE ] setting player 0 freeze to 860
[2022-12-12 23:21:11] [SEVERE ] setting player 0 freeze to 849
[2022-12-12 23:21:11] [SEVERE ] setting player 0 freeze to 838
[2022-12-12 23:21:11] [SEVERE ] setting player 0 freeze to 827
[2022-12-12 23:21:11] [SEVERE ] setting player 0 freeze to 816
[2022-12-12 23:21:11] [SEVERE ] setting player 0 freeze to 805
[2022-12-12 23:21:11] [SEVERE ] setting player 0 freeze to 794
[2022-12-12 23:21:11] [SEVERE ] setting player 0 freeze to 783
[2022-12-12 23:21:11] [SEVERE ] setting player 0 freeze to 772
[2022-12-12 23:21:11] [SEVERE ] setting player 0 freeze to 761
[2022-12-12 23:21:11] [SEVERE ] setting player 0 freeze to 750
[2022-12-12 23:21:11] [SEVERE ] setting player 0 freeze to 739
[2022-12-12 23:21:11] [SEVERE ] setting player 0 freeze to 728
[2022-12-12 23:21:11] [SEVERE ] setting player 0 freeze to 718
[2022-12-12 23:21:11] [SEVERE ] setting player 0 freeze to 707
[2022-12-12 23:21:11] [SEVERE ] setting player 0 freeze to 696
[2022-12-12 23:21:11] [SEVERE ] setting player 0 freeze to 685
[2022-12-12 23:21:11] [SEVERE ] setting player 0 freeze to 674
[2022-12-12 23:21:11] [SEVERE ] setting player 0 freeze to 663
[2022-12-12 23:21:11] [SEVERE ] setting player 0 freeze to 652
[2022-12-12 23:21:11] [SEVERE ] setting player 0 freeze to 641
[2022-12-12 23:21:11] [SEVERE ] setting player 0 freeze to 630
[2022-12-12 23:21:11] [SEVERE ] setting player 0 freeze to 617
[2022-12-12 23:21:11] [SEVERE ] setting player 0 freeze to 606
[2022-12-12 23:21:11] [SEVERE ] setting player 0 freeze to 595
[2022-12-12 23:21:11] [SEVERE ] setting player 0 freeze to 584
[2022-12-12 23:21:11] [SEVERE ] setting player 0 freeze to 573
[2022-12-12 23:21:11] [SEVERE ] setting player 0 freeze to 562
[2022-12-12 23:21:11] [SEVERE ] setting player 0 freeze to 551
[2022-12-12 23:21:11] [SEVERE ] setting player 0 freeze to 540
[2022-12-12 23:21:11] [SEVERE ] setting player 0 freeze to 528
[2022-12-12 23:21:11] [SEVERE ] setting player 0 freeze to 516
[2022-12-12 23:21:11] [SEVERE ] setting player 0 freeze to 505
[2022-12-12 23:21:11] [SEVERE ] setting player 0 freeze to 494
[2022-12-12 23:21:11] [SEVERE ] setting player 0 freeze to 483
[2022-12-12 23:21:11] [SEVERE ] setting player 0 freeze to 472
[2022-12-12 23:21:11] [SEVERE ] setting player 0 freeze to 461
[2022-12-12 23:21:11] [SEVERE ] setting player 0 freeze to 450
[2022-12-12 23:21:11] [SEVERE ] setting player 0 freeze to 439
[2022-12-12 23:21:11] [SEVERE ] setting player 0 freeze to 428
[2022-12-12 23:21:11] [SEVERE ] setting player 0 freeze to 417
[2022-12-12 23:21:11] [SEVERE ] setting player 0 freeze to 405
[2022-12-12 23:21:11] [SEVERE ] setting player 0 freeze to 394
[2022-12-12 23:21:11] [SEVERE ] setting player 0 freeze to 383
[2022-12-12 23:21:11] [SEVERE ] setting player 0 freeze to 371
[2022-12-12 23:21:11] [SEVERE ] setting player 0 freeze to 360
[2022-12-12 23:21:11] [SEVERE ] setting player 0 freeze to 350
[2022-12-12 23:21:11] [SEVERE ] setting player 0 freeze to 338
[2022-12-12 23:21:11] [SEVERE ] setting player 0 freeze to 328
[2022-12-12 23:21:11] [SEVERE ] setting player 0 freeze to 317
[2022-12-12 23:21:11] [SEVERE ] setting player 0 freeze to 305
[2022-12-12 23:21:11] [SEVERE ] setting player 0 freeze to 294
[2022-12-12 23:21:11] [SEVERE ] setting player 0 freeze to 283
[2022-12-12 23:21:12] [SEVERE ] setting player 0 freeze to 272
[2022-12-12 23:21:12] [SEVERE ] setting player 0 freeze to 261
[2022-12-12 23:21:12] [SEVERE ] setting player 0 freeze to 249
[2022-12-12 23:21:12] [SEVERE ] setting player 0 freeze to 238
[2022-12-12 23:21:12] [SEVERE ] setting player 0 freeze to 227
[2022-12-12 23:21:12] [SEVERE ] setting player 0 freeze to 215
[2022-12-12 23:21:12] [SEVERE ] setting player 0 freeze to 204
[2022-12-12 23:21:12] [SEVERE ] setting player 0 freeze to 193
[2022-12-12 23:21:12] [SEVERE ] setting player 0 freeze to 182
[2022-12-12 23:21:12] [SEVERE ] setting player 0 freeze to 171
[2022-12-12 23:21:12] [SEVERE ] setting player 0 freeze to 160
[2022-12-12 23:21:12] [SEVERE ] setting player 0 freeze to 149
[2022-12-12 23:21:12] [SEVERE ] setting player 0 freeze to 137
[2022-12-12 23:21:12] [SEVERE ] setting player 0 freeze to 126
[2022-12-12 23:21:12] [SEVERE ] setting player 0 freeze to 115
[2022-12-12 23:21:12] [SEVERE ] setting player 0 freeze to 104
[2022-12-12 23:21:12] [SEVERE ] setting player 0 freeze to 93
[2022-12-12 23:21:12] [SEVERE ] setting player 0 freeze to 82
[2022-12-12 23:21:12] [SEVERE ] setting player 0 freeze to 70
[2022-12-12 23:21:12] [SEVERE ] setting player 0 freeze to 59
[2022-12-12 23:21:12] [SEVERE ] setting player 0 freeze to 48
[2022-12-12 23:21:12] [SEVERE ] setting player 0 freeze to 36
[2022-12-12 23:21:12] [SEVERE ] setting player 0 freeze to 24
[2022-12-12 23:21:12] [SEVERE ] setting player 0 freeze to 13
[2022-12-12 23:21:12] [SEVERE ] setting player 0 freeze to 2
[2022-12-12 23:21:12] [SEVERE ] setting player 0 freeze to 0
[2022-12-12 23:21:13] [SEVERE ] Key 81 was pressed by player 0
[2022-12-12 23:21:13] [SEVERE ] player 0 placing token on slot 0
[2022-12-12 23:21:13] [SEVERE ] Key 87 was pressed by player 0
[2022-12-12 23:21:13] [SEVERE ] player 0 placing token on slot 1
[2022-12-12 23:21:13] [SEVERE ] Key 69 was pressed by player 0
[2022-12-12 23:21:13] [SEVERE ] player 0 placing token on slot 2
[2022-12-12 23:21:13] [SEVERE ] setting player 0 freeze to 1000
[2022-12-12 23:21:13] [SEVERE ] removing player 0 token from slot 0
[2022-12-12 23:21:13] [SEVERE ] removing player 0 token from slot 1
[2022-12-12 23:21:13] [SEVERE ] removing player 0 token from slot 2
[2022-12-12 23:21:13] [SEVERE ] setting player 0 freeze to 2999
[2022-12-12 23:21:13] [SEVERE ] setting player 0 freeze to 2988
[2022-12-12 23:21:13] [SEVERE ] setting player 0 freeze to 2977
[2022-12-12 23:21:13] [SEVERE ] setting player 0 freeze to 2966
[2022-12-12 23:21:13] [SEVERE ] setting player 0 freeze to 2955
[2022-12-12 23:21:13] [SEVERE ] setting player 0 freeze to 2944
[2022-12-12 23:21:13] [SEVERE ] setting player 0 freeze to 2933
[2022-12-12 23:21:13] [SEVERE ] setting player 0 freeze to 2922
[2022-12-12 23:21:13] [SEVERE ] setting player 0 freeze to 2911
[2022-12-12 23:21:13] [SEVERE ] setting player 0 freeze to 2900
[2022-12-12 23:21:13] [SEVERE ] setting player 0 freeze to 2889
[2022-12-12 23:21:13] [SEVERE ] setting player 0 freeze to 2878
[2022-12-12 23:21:13] [SEVERE ] setting player 0 freeze to 2866
[2022-12-12 23:21:13] [SEVERE ] setting player 0 freeze to 2855
[2022-12-12 23:21:13] [SEVERE ] setting player 0 freeze to 2843
[2022-12-12 23:21:13] [SEVERE ] setting player 0 freeze to 2832
[2022-12-12 23:21:13] [SEVERE ] setting player 0 freeze to 2821
[2022-12-12 23:21:13] [SEVERE ] setting player 0 freeze to 2811
[2022-12-12 23:21:13] [SEVERE ] setting player 0 freeze to 2798
[2022-12-12 23:21:13] [SEVERE ] setting player 0 freeze to 2788
[2022-12-12 23:21:13] [SEVERE ] setting player 0 freeze to 2777
[2022-12-12 23:21:13] [SEVERE ] setting player 0 freeze to 2766
[2022-12-12 23:21:13] [SEVERE ] setting player 0 freeze to 2755
[2022-12-12 23:21:13] [SEVERE ] setting player 0 freeze to 2744
[2022-12-12 23:21:13] [SEVERE ] setting player 0 freeze to 2733
[2022-12-12 23:21:13] [SEVERE ] setting player 0 freeze to 2722
[2022-12-12 23:21:13] [SEVERE ] setting player 0 freeze to 2711
[2022-12-12 23:21:13] [SEVERE ] setting player 0 freeze to 2699
[2022-12-12 23:21:13] [SEVERE ] setting player 0 freeze to 2688
[2022-12-12 23:21:13] [SEVERE ] setting player 0 freeze to 2677
[2022-12-12 23:21:13] [SEVERE ] setting player 0 freeze to 2666
[2022-12-12 23:21:13] [SEVERE ] setting player 0 freeze to 2655
[2022-12-12 23:21:13] [SEVERE ] setting player 0 freeze to 2644
[2022-12-12 23:21:13] [SEVERE ] setting player 0 freeze to 2632
[2022-12-12 23:21:13] [SEVERE ] setting player 0 freeze to 2621
[2022-12-12 23:21:13] [SEVERE ] setting player 0 freeze to 2610
[2022-12-12 23:21:14] [SEVERE ] setting player 0 freeze to 2599
[2022-12-12 23:21:14] [SEVERE ] setting player 0 freeze to 2588
[2022-12-12 23:21:14] [SEVERE ] setting player 0 freeze to 2577
[2022-12-12 23:21:14] [SEVERE ] setting player 0 freeze to 2565
[2022-12-12 23:21:14] [SEVERE ] setting player 0 freeze to 2554
[2022-12-12 23:21:14] [SEVERE ] setting player 0 freeze to 2543
[2022-12-12 23:21:14] [SEVERE ] setting player 0 freeze to 2532
[2022-12-12 23:21:14] [SEVERE ] setting player 0 freeze to 2521
[2022-12-12 23:21:14] [SEVERE ] setting player 0 freeze to 2510
[2022-12-12 23:21:14] [SEVERE ] setting player 0 freeze to 2499
[2022-12-12 23:21:14] [SEVERE ] setting player 0 freeze to 2487
[2022-12-12 23:21:14] [SEVERE ] setting player 0 freeze to 2476
[2022-12-12 23:21:14] [SEVERE ] setting player 0 freeze to 2464
[2022-12-12 23:21:14] [SEVERE ] setting player 0 freeze to 2453
[2022-12-12 23:21:14] [SEVERE ] setting player 0 freeze to 2442
[2022-12-12 23:21:14] [SEVERE ] setting player 0 freeze to 2431
[2022-12-12 23:21:14] [SEVERE ] setting player 0 freeze to 2420
[2022-12-12 23:21:14] [SEVERE ] setting player 0 freeze to 2409
[2022-12-12 23:21:14] [SEVERE ] setting player 0 freeze to 2397
[2022-12-12 23:21:14] [SEVERE ] setting player 0 freeze to 2386
[2022-12-12 23:21:14] [SEVERE ] setting player 0 freeze to 2375
[2022-12-12 23:21:14] [SEVERE ] setting player 0 freeze to 2364
[2022-12-12 23:21:14] [SEVERE ] setting player 0 freeze to 2353
[2022-12-12 23:21:14] [SEVERE ] setting player 0 freeze to 2342
[2022-12-12 23:21:14] [SEVERE ] setting player 0 freeze to 2331
[2022-12-12 23:21:14] [SEVERE ] setting player 0 freeze to 2320
[2022-12-12 23:21:14] [SEVERE ] setting player 0 freeze to 2309
[2022-12-12 23:21:14] [SEVERE ] setting player 0 freeze to 2297
[2022-12-12 23:21:14] [SEVERE ] setting player 0 freeze to 2286
[2022-12-12 23:21:14] [SEVERE ] setting player 0 freeze to 2275
[2022-12-12 23:21:14] [SEVERE ] setting player 0 freeze to 2264
[2022-12-12 23:21:14] [SEVERE ] setting player 0 freeze to 2253
[2022-12-12 23:21:14] [SEVERE ] setting player 0 freeze to 2242
[2022-12-12 23:21:14] [SEVERE ] setting player 0 freeze to 2230
[2022-12-12 23:21:14] [SEVERE ] setting player 0 freeze to 2219
[2022-12-12 23:21:14] [SEVERE ] setting player 0 freeze to 2208
[2022-12-12 23:21:14] [SEVERE ] setting player 0 freeze to 2197
[2022-12-12 23:21:14] [SEVERE ] setting player 0 freeze to 2185
[2022-12-12 23:21:14] [SEVERE ] setting player 0 freeze to 2174
[2022-12-12 23:21:14] [SEVERE ] setting player 0 freeze to 2163
[2022-12-12 23:21:14] [SEVERE ] setting player 0 freeze to 2152
[2022-12-12 23:21:14] [SEVERE ] setting player 0 freeze to 2141
[2022-12-12 23:21:14] [SEVERE ] setting player 0 freeze to 2130
[2022-12-12 23:21:14] [SEVERE ] setting player 0 freeze to 2119
[2022-12-12 23:21:14] [SEVERE ] setting player 0 freeze to 2108
[2022-12-12 23:21:14] [SEVERE ] setting player 0 freeze to 2097
[2022-12-12 23:21:14] [SEVERE ] setting player 0 freeze to 2086
[2022-12-12 23:21:14] [SEVERE ] setting player 0 freeze to 2075
[2022-12-12 23:21:14] [SEVERE ] setting player 0 freeze to 2064
[2022-12-12 23:21:14] [SEVERE ] setting player 0 freeze to 2054
[2022-12-12 23:21:14] [SEVERE ] setting player 0 freeze to 2043
[2022-12-12 23:21:14] [SEVERE ] setting player 0 freeze to 2031
[2022-12-12 23:21:14] [SEVERE ] setting player 0 freeze to 2020
[2022-12-12 23:21:14] [SEVERE ] setting player 0 freeze to 2009
[2022-12-12 23:21:14] [SEVERE ] setting player 0 freeze to 1998
[2022-12-12 23:21:14] [SEVERE ] setting player 0 freeze to 1987
[2022-12-12 23:21:14] [SEVERE ] setting player 0 freeze to 1976
[2022-12-12 23:21:14] [SEVERE ] setting player 0 freeze to 1965
[2022-12-12 23:21:14] [SEVERE ] setting player 0 freeze to 1953
[2022-12-12 23:21:14] [SEVERE ] setting player 0 freeze to 1942
[2022-12-12 23:21:14] [SEVERE ] setting player 0 freeze to 1931
[2022-12-12 23:21:14] [SEVERE ] setting player 0 freeze to 1920
[2022-12-12 23:21:14] [SEVERE ] setting player 0 freeze to 1909
[2022-12-12 23:21:14] [SEVERE ] setting player 0 freeze to 1898
[2022-12-12 23:21:14] [SEVERE ] setting player 0 freeze to 1887
[2022-12-12 23:21:14] [SEVERE ] setting player 0 freeze to 1876
[2022-12-12 23:21:14] [SEVERE ] setting player 0 freeze to 1864
[2022-12-12 23:21:14] [SEVERE ] setting player 0 freeze to 1853
[2022-12-12 23:21:14] [SEVERE ] setting player 0 freeze to 1842
[2022-12-12 23:21:14] [SEVERE ] setting player 0 freeze to 1831
[2022-12-12 23:21:14] [SEVERE ] setting player 0 freeze to 1819
[2022-12-12 23:21:14] [SEVERE ] setting player 0 freeze to 1808
[2022-12-12 23:21:14] [SEVERE ] setting player 0 freeze to 1796
[2022-12-12 23:21:14] [SEVERE ] setting player 0 freeze to 1785
[2022-12-12 23:21:14] [SEVERE ] setting player 0 freeze to 1774
[2022-12-12 23:21:14] [SEVERE ] setting player 0 freeze to 1762
[2022-12-12 23:21:14] [SEVERE ] setting player 0 freeze to 1751
[2022-12-12 23:21:14] [SEVERE ] setting player 0 freeze to 1740
[2022-12-12 23:21:14] [SEVERE ] setting player 0 freeze to 1729
[2022-12-12 23:21:14] [SEVERE ] setting player 0 freeze to 1718
[2022-12-12 23:21:14] [SEVERE ] setting player 0 freeze to 1707
[2022-12-12 23:21:14] [SEVERE ] setting player 0 freeze to 1696
[2022-12-12 23:21:14] [SEVERE ] setting player 0 freeze to 1686
[2022-12-12 23:21:14] [SEVERE ] setting player 0 freeze to 1675
[2022-12-12 23:21:14] [SEVERE ] setting player 0 freeze to 1664
[2022-12-12 23:21:14] [SEVERE ] setting player 0 freeze to 1653
[2022-12-12 23:21:14] [SEVERE ] setting player 0 freeze to 1642
[2022-12-12 23:21:14] [SEVERE ] setting player 0 freeze to 1631
[2022-12-12 23:21:14] [SEVERE ] setting player 0 freeze to 1620
[2022-12-12 23:21:14] [SEVERE ] setting player 0 freeze to 1609
[2022-12-12 23:21:15] [SEVERE ] setting player 0 freeze to 1598
[2022-12-12 23:21:15] [SEVERE ] setting player 0 freeze to 1587
[2022-12-12 23:21:15] [SEVERE ] setting player 0 freeze to 1576
[2022-12-12 23:21:15] [SEVERE ] setting player 0 freeze to 1565
[2022-12-12 23:21:15] [SEVERE ] setting player 0 freeze to 1554
[2022-12-12 23:21:15] [SEVERE ] setting player 0 freeze to 1543
[2022-12-12 23:21:15] [SEVERE ] setting player 0 freeze to 1532
[2022-12-12 23:21:15] [SEVERE ] setting player 0 freeze to 1520
[2022-12-12 23:21:15] [SEVERE ] setting player 0 freeze to 1509
[2022-12-12 23:21:15] [SEVERE ] setting player 0 freeze to 1498
[2022-12-12 23:21:15] [SEVERE ] setting player 0 freeze to 1486
[2022-12-12 23:21:15] [SEVERE ] setting player 0 freeze to 1475
[2022-12-12 23:21:15] [SEVERE ] setting player 0 freeze to 1464
[2022-12-12 23:21:15] [SEVERE ] setting player 0 freeze to 1452
[2022-12-12 23:21:15] [SEVERE ] setting player 0 freeze to 1441
[2022-12-12 23:21:15] [SEVERE ] setting player 0 freeze to 1430
[2022-12-12 23:21:15] [SEVERE ] setting player 0 freeze to 1418
[2022-12-12 23:21:15] [SEVERE ] setting player 0 freeze to 1407
[2022-12-12 23:21:15] [SEVERE ] setting player 0 freeze to 1396
[2022-12-12 23:21:15] [SEVERE ] setting player 0 freeze to 1385
[2022-12-12 23:21:15] [SEVERE ] setting player 0 freeze to 1373
[2022-12-12 23:21:15] [SEVERE ] setting player 0 freeze to 1362
[2022-12-12 23:21:15] [SEVERE ] setting player 0 freeze to 1351
[2022-12-12 23:21:15] [SEVERE ] setting player 0 freeze to 1339
[2022-12-12 23:21:15] [SEVERE ] setting player 0 freeze to 1327
[2022-12-12 23:21:15] [SEVERE ] setting player 0 freeze to 1316
[2022-12-12 23:21:15] [SEVERE ] setting player 0 freeze to 1305
[2022-12-12 23:21:15] [SEVERE ] setting player 0 freeze to 1295
[2022-12-12 23:21:15] [SEVERE ] setting player 0 freeze to 1284
[2022-12-12 23:21:15] [SEVERE ] setting player 0 freeze to 1273
[2022-12-12 23:21:15] [SEVERE ] setting player 0 freeze to 1262
[2022-12-12 23:21:15] [SEVERE ] setting player 0 freeze to 1251
[2022-12-12 23:21:15] [SEVERE ] setting player 0 freeze to 1240
[2022-12-12 23:21:15] [SEVERE ] setting player 0 freeze to 1229
[2022-12-12 23:21:15] [SEVERE ] setting player 0 freeze to 1218
[2022-12-12 23:21:15] [SEVERE ] setting player 0 freeze to 1207
[2022-12-12 23:21:15] [SEVERE ] setting player 0 freeze to 1196
[2022-12-12 23:21:15] [SEVERE ] setting player 0 freeze to 1185
[2022-12-12 23:21:15] [SEVERE ] setting player 0 freeze to 1173
[2022-12-12 23:21:15] [SEVERE ] setting player 0 freeze to 1162
[2022-12-12 23:21:15] [SEVERE ] setting player 0 freeze to 1151
[2022-12-12 23:21:15] [SEVERE ] setting player 0 freeze to 1139
[2022-12-12 23:21:15] [SEVERE ] setting player 0 freeze to 1128
[2022-12-12 23:21:15] [SEVERE ] setting player 0 freeze to 1117
[2022-12-12 23:21:15] [SEVERE ] setting player 0 freeze to 1105
[2022-12-12 23:21:15] [SEVERE ] setting player 0 freeze to 1094
[2022-12-12 23:21:15] [SEVERE ] setting player 0 freeze to 1082
[2022-12-12 23:21:15] [SEVERE ] setting player 0 freeze to 1071
[2022-12-12 23:21:15] [SEVERE ] setting player 0 freeze to 1060
[2022-12-12 23:21:15] [SEVERE ] setting player 0 freeze to 1048
[2022-12-12 23:21:15] [SEVERE ] setting player 0 freeze to 1037
[2022-12-12 23:21:15] [SEVERE ] setting player 0 freeze to 1026
[2022-12-12 23:21:15] [SEVERE ] setting player 0 freeze to 1015
[2022-12-12 23:21:15] [SEVERE ] setting player 0 freeze to 1003
[2022-12-12 23:21:15] [SEVERE ] setting player 0 freeze to 992
[2022-12-12 23:21:15] [SEVERE ] setting player 0 freeze to 980
[2022-12-12 23:21:15] [SEVERE ] setting player 0 freeze to 969
[2022-12-12 23:21:15] [SEVERE ] setting player 0 freeze to 958
[2022-12-12 23:21:15] [SEVERE ] setting player 0 freeze to 946
[2022-12-12 23:21:15] [SEVERE ] setting player 0 freeze to 935
[2022-12-12 23:21:15] [SEVERE ] setting player 0 freeze to 925
[2022-12-12 23:21:15] [SEVERE ] setting player 0 freeze to 914
[2022-12-12 23:21:15] [SEVERE ] setting player 0 freeze to 903
[2022-12-12 23:21:15] [SEVERE ] setting player 0 freeze to 892
[2022-12-12 23:21:15] [SEVERE ] setting player 0 freeze to 881
[2022-12-12 23:21:15] [SEVERE ] setting player 0 freeze to 870
[2022-12-12 23:21:15] [SEVERE ] setting player 0 freeze to 859
[2022-12-12 23:21:15] [SEVERE ] setting player 0 freeze to 848
[2022-12-12 23:21:15] [SEVERE ] setting player 0 freeze to 837
[2022-12-12 23:21:15] [SEVERE ] setting player 0 freeze to 826
[2022-12-12 23:21:15] [SEVERE ] setting player 0 freeze to 815
[2022-12-12 23:21:15] [SEVERE ] setting player 0 freeze to 804
[2022-12-12 23:21:15] [SEVERE ] setting player 0 freeze to 793
[2022-12-12 23:21:15] [SEVERE ] setting player 0 freeze to 782
[2022-12-12 23:21:15] [SEVERE ] setting player 0 freeze to 771
[2022-12-12 23:21:15] [SEVERE ] setting player 0 freeze to 760
[2022-12-12 23:21:15] [SEVERE ] setting player 0 freeze to 749
[2022-12-12 23:21:15] [SEVERE ] setting player 0 freeze to 738
[2022-12-12 23:21:15] [SEVERE ] setting player 0 freeze to 727
[2022-12-12 23:21:15] [SEVERE ] setting player 0 freeze to 716
[2022-12-12 23:21:15] [SEVERE ] setting player 0 freeze to 705
[2022-12-12 23:21:15] [SEVERE ] setting player 0 freeze to 694
[2022-12-12 23:21:15] [SEVERE ] setting player 0 freeze to 683
[2022-12-12 23:21:15] [SEVERE ] setting player 0 freeze to 671
[2022-12-12 23:21:15] [SEVERE ] setting player 0 freeze to 660
[2022-12-12 23:21:15] [SEVERE ] setting player 0 freeze to 649
[2022-12-12 23:21:15] [SEVERE ] setting player 0 freeze to 638
[2022-12-12 23:21:15] [SEVERE ] setting player 0 freeze to 627
[2022-12-12 23:21:15] [SEVERE ] setting player 0 freeze to 616
[2022-12-12 23:21:16] [SEVERE ] setting player 0 freeze to 605
[2022-12-12 23:21:16] [SEVERE ] setting player 0 freeze to 594
[2022-12-12 23:21:16] [SEVERE ] setting player 0 freeze to 583
[2022-12-12 23:21:16] [SEVERE ] setting player 0 freeze to 572
[2022-12-12 23:21:16] [SEVERE ] setting player 0 freeze to 562
[2022-12-12 23:21:16] [SEVERE ] setting player 0 freeze to 551
[2022-12-12 23:21:16] [SEVERE ] setting player 0 freeze to 540
[2022-12-12 23:21:16] [SEVERE ] setting player 0 freeze to 529
[2022-12-12 23:21:16] [SEVERE ] setting player 0 freeze to 517
[2022-12-12 23:21:16] [SEVERE ] setting player 0 freeze to 506
[2022-12-12 23:21:16] [SEVERE ] setting player 0 freeze to 495
[2022-12-12 23:21:16] [SEVERE ] setting player 0 freeze to 484
[2022-12-12 23:21:16] [SEVERE ] setting player 0 freeze to 473
[2022-12-12 23:21:16] [SEVERE ] setting player 0 freeze to 462
[2022-12-12 23:21:16] [SEVERE ] setting player 0 freeze to 451
[2022-12-12 23:21:16] [SEVERE ] setting player 0 freeze to 440
[2022-12-12 23:21:16] [SEVERE ] setting player 0 freeze to 429
[2022-12-12 23:21:16] [SEVERE ] setting player 0 freeze to 418
[2022-12-12 23:21:16] [SEVERE ] setting player 0 freeze to 407
[2022-12-12 23:21:16] [SEVERE ] setting player 0 freeze to 396
[2022-12-12 23:21:16] [SEVERE ] setting player 0 freeze to 385
[2022-12-12 23:21:16] [SEVERE ] setting player 0 freeze to 373
[2022-12-12 23:21:16] [SEVERE ] setting player 0 freeze to 362
[2022-12-12 23:21:16] [SEVERE ] setting player 0 freeze to 351
[2022-12-12 23:21:16] [SEVERE ] setting player 0 freeze to 340
[2022-12-12 23:21:16] [SEVERE ] setting player 0 freeze to 329
[2022-12-12 23:21:16] [SEVERE ] setting player 0 freeze to 318
[2022-12-12 23:21:16] [SEVERE ] setting player 0 freeze to 307
[2022-12-12 23:21:16] [SEVERE ] setting player 0 freeze to 296
[2022-12-12 23:21:16] [SEVERE ] setting player 0 freeze to 285
[2022-12-12 23:21:16] [SEVERE ] setting player 0 freeze to 274
[2022-12-12 23:21:16] [SEVERE ] setting player 0 freeze to 263
[2022-12-12 23:21:16] [SEVERE ] setting player 0 freeze to 252
[2022-12-12 23:21:16] [SEVERE ] setting player 0 freeze to 241
[2022-12-12 23:21:16] [SEVERE ] setting player 0 freeze to 230
[2022-12-12 23:21:16] [SEVERE ] setting player 0 freeze to 219
[2022-12-12 23:21:16] [SEVERE ] setting player 0 freeze to 208
[2022-12-12 23:21:16] [SEVERE ] setting player 0 freeze to 197
[2022-12-12 23:21:16] [SEVERE ] setting player 0 freeze to 186
[2022-12-12 23:21:16] [SEVERE ] setting player 0 freeze to 176
[2022-12-12 23:21:16] [SEVERE ] setting player 0 freeze to 165
[2022-12-12 23:21:16] [SEVERE ] setting player 0 freeze to 154
[2022-12-12 23:21:16] [SEVERE ] setting player 0 freeze to 143
[2022-12-12 23:21:16] [SEVERE ] setting player 0 freeze to 132
[2022-12-12 23:21:16] [SEVERE ] setting player 0 freeze to 120
[2022-12-12 23:21:16] [SEVERE ] setting player 0 freeze to 109
[2022-12-12 23:21:16] [SEVERE ] setting player 0 freeze to 98
[2022-12-12 23:21:16] [SEVERE ] Key 81 was pressed by player 0
[2022-12-12 23:21:16] [SEVERE ] setting player 0 freeze to 87
[2022-12-12 23:21:16] [SEVERE ] setting player 0 freeze to 76
[2022-12-12 23:21:16] [SEVERE ] Key 87 was pressed by player 0
[2022-12-12 23:21:16] [SEVERE ] setting player 0 freeze to 65
[2022-12-12 23:21:16] [SEVERE ] setting player 0 freeze to 53
[2022-12-12 23:21:16] [SEVERE ] setting player 0 freeze to 42
[2022-12-12 23:21:16] [SEVERE ] setting player 0 freeze to 31
[2022-12-12 23:21:16] [SEVERE ] setting player 0 freeze to 20
[2022-12-12 23:21:16] [SEVERE ] setting player 0 freeze to 9
[2022-12-12 23:21:16] [SEVERE ] setting player 0 freeze to 0
[2022-12-12 23:21:16] [SEVERE ] Key 69 was pressed by player 0
[2022-12-12 23:21:16] [SEVERE ] player 0 placing token on slot 2
[2022-12-12 23:21:17] [SEVERE ] Key 87 was pressed by player 0
[2022-12-12 23:21:17] [SEVERE ] player 0 placing token on slot 1
[2022-12-12 23:21:17] [SEVERE ] Key 81 was pressed by player 0
[2022-12-12 23:21:17] [SEVERE ] player 0 placing token on slot 0
[2022-12-12 23:21:17] [SEVERE ] setting player 0 freeze to 1000
[2022-12-12 23:21:17] [SEVERE ] removing player 0 token from slot 2
[2022-12-12 23:21:17] [SEVERE ] removing player 0 token from slot 1
[2022-12-12 23:21:17] [SEVERE ] removing player 0 token from slot 0
[2022-12-12 23:21:17] [SEVERE ] setting player 0 freeze to 3000
[2022-12-12 23:21:17] [SEVERE ] setting player 0 freeze to 2988
[2022-12-12 23:21:17] [SEVERE ] setting player 0 freeze to 2977
[2022-12-12 23:21:17] [SEVERE ] setting player 0 freeze to 2966
[2022-12-12 23:21:17] [SEVERE ] setting player 0 freeze to 2955
[2022-12-12 23:21:17] [SEVERE ] setting player 0 freeze to 2944
[2022-12-12 23:21:17] [SEVERE ] setting player 0 freeze to 2933
[2022-12-12 23:21:17] [SEVERE ] setting player 0 freeze to 2922
[2022-12-12 23:21:17] [SEVERE ] setting player 0 freeze to 2911
[2022-12-12 23:21:17] [SEVERE ] setting player 0 freeze to 2901
[2022-12-12 23:21:17] [SEVERE ] setting player 0 freeze to 2890
[2022-12-12 23:21:17] [SEVERE ] setting player 0 freeze to 2879
[2022-12-12 23:21:17] [SEVERE ] setting player 0 freeze to 2868
[2022-12-12 23:21:17] [SEVERE ] setting player 0 freeze to 2857
[2022-12-12 23:21:17] [SEVERE ] setting player 0 freeze to 2846
[2022-12-12 23:21:17] [SEVERE ] setting player 0 freeze to 2835
[2022-12-12 23:21:17] [SEVERE ] setting player 0 freeze to 2824
[2022-12-12 23:21:18] [SEVERE ] setting player 0 freeze to 2813
[2022-12-12 23:21:18] [SEVERE ] setting player 0 freeze to 2801
[2022-12-12 23:21:18] [SEVERE ] setting player 0 freeze to 2790
[2022-12-12 23:21:18] [SEVERE ] setting player 0 freeze to 2778
[2022-12-12 23:21:18] [SEVERE ] setting player 0 freeze to 2766
[2022-12-12 23:21:18] [SEVERE ] setting player 0 freeze to 2755
[2022-12-12 23:21:18] [SEVERE ] setting player 0 freeze to 2743
[2022-12-12 23:21:18] [SEVERE ] setting player 0 freeze to 2732
[2022-12-12 23:21:18] [SEVERE ] setting player 0 freeze to 2720
[2022-12-12 23:21:18] [SEVERE ] setting player 0 freeze to 2709
[2022-12-12 23:21:18] [SEVERE ] setting player 0 freeze to 2697
[2022-12-12 23:21:18] [SEVERE ] setting player 0 freeze to 2685
[2022-12-12 23:21:18] [SEVERE ] setting player 0 freeze to 2674
[2022-12-12 23:21:18] [SEVERE ] setting player 0 freeze to 2662
[2022-12-12 23:21:18] [SEVERE ] setting player 0 freeze to 2651
[2022-12-12 23:21:18] [SEVERE ] setting player 0 freeze to 2640
[2022-12-12 23:21:18] [SEVERE ] setting player 0 freeze to 2628
[2022-12-12 23:21:18] [SEVERE ] setting player 0 freeze to 2617
[2022-12-12 23:21:18] [SEVERE ] setting player 0 freeze to 2606
[2022-12-12 23:21:18] [SEVERE ] setting player 0 freeze to 2595
[2022-12-12 23:21:18] [SEVERE ] setting player 0 freeze to 2584
[2022-12-12 23:21:18] [SEVERE ] setting player 0 freeze to 2572
[2022-12-12 23:21:18] [SEVERE ] setting player 0 freeze to 2560
[2022-12-12 23:21:18] [SEVERE ] setting player 0 freeze to 2549
[2022-12-12 23:21:18] [SEVERE ] setting player 0 freeze to 2538
[2022-12-12 23:21:18] [SEVERE ] setting player 0 freeze to 2528
[2022-12-12 23:21:18] [SEVERE ] setting player 0 freeze to 2516
[2022-12-12 23:21:18] [SEVERE ] setting player 0 freeze to 2505
[2022-12-12 23:21:18] [SEVERE ] setting player 0 freeze to 2494
[2022-12-12 23:21:18] [SEVERE ] setting player 0 freeze to 2483
[2022-12-12 23:21:18] [SEVERE ] setting player 0 freeze to 2471
[2022-12-12 23:21:18] [SEVERE ] setting player 0 freeze to 2460
[2022-12-12 23:21:18] [SEVERE ] setting player 0 freeze to 2449
[2022-12-12 23:21:18] [SEVERE ] setting player 0 freeze to 2438
[2022-12-12 23:21:18] [SEVERE ] setting player 0 freeze to 2427
[2022-12-12 23:21:18] [SEVERE ] setting player 0 freeze to 2415
[2022-12-12 23:21:18] [SEVERE ] setting player 0 freeze to 2404
[2022-12-12 23:21:18] [SEVERE ] setting player 0 freeze to 2392
[2022-12-12 23:21:18] [SEVERE ] setting player 0 freeze to 2379
[2022-12-12 23:21:18] [SEVERE ] setting player 0 freeze to 2368
[2022-12-12 23:21:18] [SEVERE ] setting player 0 freeze to 2357
[2022-12-12 23:21:18] [SEVERE ] setting player 0 freeze to 2347
[2022-12-12 23:21:18] [SEVERE ] setting player 0 freeze to 2336
[2022-12-12 23:21:18] [SEVERE ] setting player 0 freeze to 2325
[2022-12-12 23:21:18] [SEVERE ] setting player 0 freeze to 2314
[2022-12-12 23:21:18] [SEVERE ] setting player 0 freeze to 2303
[2022-12-12 23:21:18] [SEVERE ] setting player 0 freeze to 2292
[2022-12-12 23:21:18] [SEVERE ] setting player 0 freeze to 2281
[2022-12-12 23:21:18] [SEVERE ] setting player 0 freeze to 2270
[2022-12-12 23:21:18] [SEVERE ] setting player 0 freeze to 2259
[2022-12-12 23:21:18] [SEVERE ] setting player 0 freeze to 2247
[2022-12-12 23:21:18] [SEVERE ] setting player 0 freeze to 2236
[2022-12-12 23:21:18] [SEVERE ] setting player 0 freeze to 2225
[2022-12-12 23:21:18] [SEVERE ] setting player 0 freeze to 2214
[2022-12-12 23:21:18] [SEVERE ] setting player 0 freeze to 2203
[2022-12-12 23:21:18] [SEVERE ] setting player 0 freeze to 2192
[2022-12-12 23:21:18] [SEVERE ] setting player 0 freeze to 2180
[2022-12-12 23:21:18] [SEVERE ] setting player 0 freeze to 2169
[2022-12-12 23:21:18] [SEVERE ] setting player 0 freeze to 2159
[2022-12-12 23:21:18] [SEVERE ] setting player 0 freeze to 2147
[2022-12-12 23:21:18] [SEVERE ] setting player 0 freeze to 2136
[2022-12-12 23:21:18] [SEVERE ] setting player 0 freeze to 2125
[2022-12-12 23:21:18] [SEVERE ] setting player 0 freeze to 2114
[2022-12-12 23:21:18] [SEVERE ] setting player 0 freeze to 2103
[2022-12-12 23:21:18] [SEVERE ] setting player 0 freeze to 2092
[2022-12-12 23:21:18] [SEVERE ] setting player 0 freeze to 2080
[2022-12-12 23:21:18] [SEVERE ] setting player 0 freeze to 2069
[2022-12-12 23:21:18] [SEVERE ] setting player 0 freeze to 2058
[2022-12-12 23:21:18] [SEVERE ] setting player 0 freeze to 2047
[2022-12-12 23:21:18] [SEVERE ] setting player 0 freeze to 2036
[2022-12-12 23:21:18] [SEVERE ] setting player 0 freeze to 2025
[2022-12-12 23:21:18] [SEVERE ] setting player 0 freeze to 2014
[2022-12-12 23:21:18] [SEVERE ] setting player 0 freeze to 2003
[2022-12-12 23:21:18] [SEVERE ] setting player 0 freeze to 1992
[2022-12-12 23:21:18] [SEVERE ] setting player 0 freeze to 1981
[2022-12-12 23:21:18] [SEVERE ] setting player 0 freeze to 1970
[2022-12-12 23:21:18] [SEVERE ] setting player 0 freeze to 1959
[2022-12-12 23:21:18] [SEVERE ] setting player 0 freeze to 1948
[2022-12-12 23:21:18] [SEVERE ] setting player 0 freeze to 1937
[2022-12-12 23:21:18] [SEVERE ] setting player 0 freeze to 1926
[2022-12-12 23:21:18] [SEVERE ] setting player 0 freeze to 1915
[2022-12-12 23:21:18] [SEVERE ] setting player 0 freeze to 1904
[2022-12-12 23:21:18] [SEVERE ] setting player 0 freeze to 1893
[2022-12-12 23:21:18] [SEVERE ] setting player 0 freeze to 1882
[2022-12-12 23:21:18] [SEVERE ] setting player 0 freeze to 1871
[2022-12-12 23:21:18] [SEVERE ] setting player 0 freeze to 1860
[2022-12-12 23:21:18] [SEVERE ] setting player 0 freeze to 1849
[2022-12-12 23:21:18] [SEVERE ] setting player 0 freeze to 1838
[2022-12-12 23:21:18] [SEVERE ] setting player 0 freeze to 1827
[2022-12-12 23:21:19] [SEVERE ] setting player 0 freeze to 1816
[2022-12-12 23:21:19] [SEVERE ] setting player 0 freeze to 1805
[2022-12-12 23:21:19] [SEVERE ] setting player 0 freeze to 1794
[2022-12-12 23:21:19] [SEVERE ] setting player 0 freeze to 1784
[2022-12-12 23:21:19] [SEVERE ] setting player 0 freeze to 1773
[2022-12-12 23:21:19] [SEVERE ] setting player 0 freeze to 1762
[2022-12-12 23:21:19] [SEVERE ] setting player 0 freeze to 1751
[2022-12-12 23:21:19] [SEVERE ] setting player 0 freeze to 1740
[2022-12-12 23:21:19] [SEVERE ] setting player 0 freeze to 1729
[2022-12-12 23:21:19] [SEVERE ] setting player 0 freeze to 1718
[2022-12-12 23:21:19] [SEVERE ] setting player 0 freeze to 1707
[2022-12-12 23:21:19] [SEVERE ] setting player 0 freeze to 1696
[2022-12-12 23:21:19] [SEVERE ] setting player 0 freeze to 1685
[2022-12-12 23:21:19] [SEVERE ] setting player 0 freeze to 1674
[2022-12-12 23:21:19] [SEVERE ] setting player 0 freeze to 1662
[2022-12-12 23:21:19] [SEVERE ] setting player 0 freeze to 1650
[2022-12-12 23:21:19] [SEVERE ] setting player 0 freeze to 1639
[2022-12-12 23:21:19] [SEVERE ] setting player 0 freeze to 1628
[2022-12-12 23:21:19] [SEVERE ] setting player 0 freeze to 1616
[2022-12-12 23:21:19] [SEVERE ] setting player 0 freeze to 1605
[2022-12-12 23:21:19] [SEVERE ] setting player 0 freeze to 1594
[2022-12-12 23:21:19] [SEVERE ] setting player 0 freeze to 1582
[2022-12-12 23:21:19] [SEVERE ] setting player 0 freeze to 1571
[2022-12-12 23:21:19] [SEVERE ] setting player 0 freeze to 1560
[2022-12-12 23:21:19] [SEVERE ] setting player 0 freeze to 1548
[2022-12-12 23:21:19] [SEVERE ] setting player 0 freeze to 1537
[2022-12-12 23:21:19] [SEVERE ] setting player 0 freeze to 1525
[2022-12-12 23:21:19] [SEVERE ] setting player 0 freeze to 1514
[2022-12-12 23:21:19] [SEVERE ] setting player 0 freeze to 1502
[2022-12-12 23:21:19] [SEVERE ] setting player 0 freeze to 1491
[2022-12-12 23:21:19] [SEVERE ] setting player 0 freeze to 1480
[2022-12-12 23:21:19] [SEVERE ] setting player 0 freeze to 1468
[2022-12-12 23:21:19] [SEVERE ] setting player 0 freeze to 1457
[2022-12-12 23:21:19] [SEVERE ] setting player 0 freeze to 1446
[2022-12-12 23:21:19] [SEVERE ] setting player 0 freeze to 1435
[2022-12-12 23:21:19] [SEVERE ] setting player 0 freeze to 1424
[2022-12-12 23:21:19] [SEVERE ] setting player 0 freeze to 1412
[2022-12-12 23:21:19] [SEVERE ] setting player 0 freeze to 1402
[2022-12-12 23:21:19] [SEVERE ] setting player 0 freeze to 1391
[2022-12-12 23:21:19] [SEVERE ] setting player 0 freeze to 1380
[2022-12-12 23:21:19] [SEVERE ] setting player 0 freeze to 1369
[2022-12-12 23:21:19] [SEVERE ] setting player 0 freeze to 1358
[2022-12-12 23:21:19] [SEVERE ] setting player 0 freeze to 1347
[2022-12-12 23:21:19] [SEVERE ] setting player 0 freeze to 1335
[2022-12-12 23:21:19] [SEVERE ] setting player 0 freeze to 1324
[2022-12-12 23:21:19] [SEVERE ] setting player 0 freeze to 1313
[2022-12-12 23:21:19] [SEVERE ] setting player 0 freeze to 1302
[2022-12-12 23:21:19] [SEVERE ] setting player 0 freeze to 1291
[2022-12-12 23:21:19] [SEVERE ] setting player 0 freeze to 1279
[2022-12-12 23:21:19] [SEVERE ] setting player 0 freeze to 1268
[2022-12-12 23:21:19] [SEVERE ] setting player 0 freeze to 1257
[2022-12-12 23:21:19] [SEVERE ] setting player 0 freeze to 1245
[2022-12-12 23:21:19] [SEVERE ] setting player 0 freeze to 1234
[2022-12-12 23:21:19] [SEVERE ] setting player 0 freeze to 1223
[2022-12-12 23:21:19] [SEVERE ] setting player 0 freeze to 1212
[2022-12-12 23:21:19] [SEVERE ] setting player 0 freeze to 1201
[2022-12-12 23:21:19] [SEVERE ] setting player 0 freeze to 1189
[2022-12-12 23:21:19] [SEVERE ] setting player 0 freeze to 1178
[2022-12-12 23:21:19] [SEVERE ] setting player 0 freeze to 1167
[2022-12-12 23:21:19] [SEVERE ] setting player 0 freeze to 1156
[2022-12-12 23:21:19] [SEVERE ] setting player 0 freeze to 1145
[2022-12-12 23:21:19] [SEVERE ] setting player 0 freeze to 1134
[2022-12-12 23:21:19] [SEVERE ] setting player 0 freeze to 1122
[2022-12-12 23:21:19] [SEVERE ] setting player 0 freeze to 1111
[2022-12-12 23:21:19] [SEVERE ] setting player 0 freeze to 1100
[2022-12-12 23:21:19] [SEVERE ] setting player 0 freeze to 1089
[2022-12-12 23:21:19] [SEVERE ] setting player 0 freeze to 1078
[2022-12-12 23:21:19] [SEVERE ] setting player 0 freeze to 1066
[2022-12-12 23:21:19] [SEVERE ] setting player 0 freeze to 1055
[2022-12-12 23:21:19] [SEVERE ] setting player 0 freeze to 1044
[2022-12-12 23:21:19] [SEVERE ] setting player 0 freeze to 1034
[2022-12-12 23:21:19] [SEVERE ] setting player 0 freeze to 1023
[2022-12-12 23:21:19] [SEVERE ] setting player 0 freeze to 1012
[2022-12-12 23:21:19] [SEVERE ] setting player 0 freeze to 1000
[2022-12-12 23:21:19] [SEVERE ] setting player 0 freeze to 989
[2022-12-12 23:21:19] [SEVERE ] setting player 0 freeze to 978
[2022-12-12 23:21:19] [SEVERE ] setting player 0 freeze to 967
[2022-12-12 23:21:19] [SEVERE ] setting player 0 freeze to 956
[2022-12-12 23:21:19] [SEVERE ] setting player 0 freeze to 944
[2022-12-12 23:21:19] [SEVERE ] setting player 0 freeze to 933
[2022-12-12 23:21:19] [SEVERE ] setting player 0 freeze to 921
[2022-12-12 23:21:19] [SEVERE ] setting player 0 freeze to 910
[2022-12-12 23:21:19] [SEVERE ] setting player 0 freeze to 898
[2022-12-12 23:21:19] [SEVERE ] setting player 0 freeze to 887
[2022-12-12 23:21:19] [SEVERE ] setting player 0 freeze to 875
[2022-12-12 23:21:19] [SEVERE ] setting player 0 freeze to 863
[2022-12-12 23:21:19] [SEVERE ] setting player 0 freeze to 852
[2022-12-12 23:21:19] [SEVERE ] setting player 0 freeze to 841
[2022-12-12 23:21:19] [SEVERE ] setting player 0 freeze to 830
[2022-12-12 23:21:20] [SEVERE ] setting player 0 freeze to 819
[2022-12-12 23:21:20] [SEVERE ] setting player 0 freeze to 808
[2022-12-12 23:21:20] [SEVERE ] setting player 0 freeze to 796
[2022-12-12 23:21:20] [SEVERE ] setting player 0 freeze to 785
[2022-12-12 23:21:20] [SEVERE ] setting player 0 freeze to 774
[2022-12-12 23:21:20] [SEVERE ] setting player 0 freeze to 763
[2022-12-12 23:21:20] [SEVERE ] setting player 0 freeze to 752
[2022-12-12 23:21:20] [SEVERE ] setting player 0 freeze to 741
[2022-12-12 23:21:20] [SEVERE ] setting player 0 freeze to 730
[2022-12-12 23:21:20] [SEVERE ] setting player 0 freeze to 719
[2022-12-12 23:21:20] [SEVERE ] setting player 0 freeze to 708
[2022-12-12 23:21:20] [SEVERE ] setting player 0 freeze to 697
[2022-12-12 23:21:20] [SEVERE ] setting player 0 freeze to 686
[2022-12-12 23:21:20] [SEVERE ] setting player 0 freeze to 675
[2022-12-12 23:21:20] [SEVERE ] setting player 0 freeze to 665
[2022-12-12 23:21:20] [SEVERE ] setting player 0 freeze to 654
[2022-12-12 23:21:20] [SEVERE ] setting player 0 freeze to 642
[2022-12-12 23:21:20] [SEVERE ] setting player 0 freeze to 631
[2022-12-12 23:21:20] [SEVERE ] setting player 0 freeze to 620
[2022-12-12 23:21:20] [SEVERE ] setting player 0 freeze to 609
[2022-12-12 23:21:20] [SEVERE ] setting player 0 freeze to 598
[2022-12-12 23:21:20] [SEVERE ] setting player 0 freeze to 587
[2022-12-12 23:21:20] [SEVERE ] setting player 0 freeze to 576
[2022-12-12 23:21:20] [SEVERE ] setting player 0 freeze to 565
[2022-12-12 23:21:20] [SEVERE ] setting player 0 freeze to 554
[2022-12-12 23:21:20] [SEVERE ] setting player 0 freeze to 543
[2022-12-12 23:21:20] [SEVERE ] setting player 0 freeze to 532
[2022-12-12 23:21:20] [SEVERE ] setting player 0 freeze to 521
[2022-12-12 23:21:20] [SEVERE ] setting player 0 freeze to 510
[2022-12-12 23:21:20] [SEVERE ] setting player 0 freeze to 499
[2022-12-12 23:21:20] [SEVERE ] setting player 0 freeze to 488
[2022-12-12 23:21:20] [SEVERE ] setting player 0 freeze to 477
[2022-12-12 23:21:20] [SEVERE ] setting player 0 freeze to 466
[2022-12-12 23:21:20] [SEVERE ] setting player 0 freeze to 455
[2022-12-12 23:21:20] [SEVERE ] setting player 0 freeze to 444
[2022-12-12 23:21:20] [SEVERE ] setting player 0 freeze to 433
[2022-12-12 23:21:20] [SEVERE ] setting player 0 freeze to 422
[2022-12-12 23:21:20] [SEVERE ] setting player 0 freeze to 411
[2022-12-12 23:21:20] [SEVERE ] setting player 0 freeze to 400
[2022-12-12 23:21:20] [SEVERE ] setting player 0 freeze to 389
[2022-12-12 23:21:20] [SEVERE ] setting player 0 freeze to 378
[2022-12-12 23:21:20] [SEVERE ] setting player 0 freeze to 367
[2022-12-12 23:21:20] [SEVERE ] setting player 0 freeze to 356
[2022-12-12 23:21:20] [SEVERE ] setting player 0 freeze to 345
[2022-12-12 23:21:20] [SEVERE ] setting player 0 freeze to 334
[2022-12-12 23:21:20] [SEVERE ] setting player 0 freeze to 323
[2022-12-12 23:21:20] [SEVERE ] setting player 0 freeze to 312
[2022-12-12 23:21:20] [SEVERE ] setting player 0 freeze to 301
[2022-12-12 23:21:20] [SEVERE ] setting player 0 freeze to 291
[2022-12-12 23:21:20] [SEVERE ] setting player 0 freeze to 280
[2022-12-12 23:21:20] [SEVERE ] setting player 0 freeze to 269
[2022-12-12 23:21:20] [SEVERE ] setting player 0 freeze to 258
[2022-12-12 23:21:20] [SEVERE ] setting player 0 freeze to 247
[2022-12-12 23:21:20] [SEVERE ] setting player 0 freeze to 236
[2022-12-12 23:21:20] [SEVERE ] setting player 0 freeze to 225
[2022-12-12 23:21:20] [SEVERE ] setting player 0 freeze to 214
[2022-12-12 23:21:20] [SEVERE ] setting player 0 freeze to 203
[2022-12-12 23:21:20] [SEVERE ] setting player 0 freeze to 192
[2022-12-12 23:21:20] [SEVERE ] setting player 0 freeze to 181
[2022-12-12 23:21:20] [SEVERE ] setting player 0 freeze to 170
[2022-12-12 23:21:20] [SEVERE ] setting player 0 freeze to 159
[2022-12-12 23:21:20] [SEVERE ] setting player 0 freeze to 148
[2022-12-12 23:21:20] [SEVERE ] setting player 0 freeze to 137
[2022-12-12 23:21:20] [SEVERE ] setting player 0 freeze to 126
[2022-12-12 23:21:20] [SEVERE ] setting player 0 freeze to 115
[2022-12-12 23:21:20] [SEVERE ] setting player 0 freeze to 104
[2022-12-12 23:21:20] [SEVERE ] setting player 0 freeze to 93
[2022-12-12 23:21:20] [SEVERE ] setting player 0 freeze to 82
[2022-12-12 23:21:20] [SEVERE ] setting player 0 freeze to 71
[2022-12-12 23:21:20] [SEVERE ] setting player 0 freeze to 59
[2022-12-12 23:21:20] [SEVERE ] setting player 0 freeze to 48
[2022-12-12 23:21:20] [SEVERE ] setting player 0 freeze to 36
[2022-12-12 23:21:20] [SEVERE ] setting player 0 freeze to 25
[2022-12-12 23:21:20] [SEVERE ] setting player 0 freeze to 14
[2022-12-12 23:21:20] [SEVERE ] setting player 0 freeze to 3
[2022-12-12 23:21:20] [SEVERE ] setting player 0 freeze to 0
[2022-12-12 23:21:21] [SEVERE ] removing card from slot 0
[2022-12-12 23:21:21] [SEVERE ] removing card from slot 1
[2022-12-12 23:21:21] [SEVERE ] removing card from slot 2
[2022-12-12 23:21:21] [SEVERE ] removing card from slot 3
[2022-12-12 23:21:21] [SEVERE ] removing card from slot 4
[2022-12-12 23:21:21] [SEVERE ] removing card from slot 5
[2022-12-12 23:21:21] [SEVERE ] removing card from slot 6
[2022-12-12 23:21:21] [SEVERE ] removing card from slot 7
[2022-12-12 23:21:22] [SEVERE ] removing card from slot 8
[2022-12-12 23:21:22] [SEVERE ] removing card from slot 9
[2022-12-12 23:21:22] [SEVERE ] removing card from slot 10
[2022-12-12 23:21:22] [SEVERE ] removing card from slot 11
[2022-12-12 23:21:22] [SEVERE ] placing card 51 in slot 0
[2022-12-12 23:21:22] [SEVERE ] placing card 69 in slot 1
[2022-12-12 23:21:22] [SEVERE ] placing card 60 in slot 2
[2022-12-12 23:21:22] [SEVERE ] placing card 9 in slot 3
[2022-12-12 23:21:22] [SEVERE ] placing card 14 in slot 4
[2022-12-12 23:21:22] [SEVERE ] placing card 13 in slot 5
[2022-12-12 23:21:23] [SEVERE ] placing card 34 in slot 6
[2022-12-12 23:21:23] [SEVERE ] placing card 17 in slot 7
[2022-12-12 23:21:23] [SEVERE ] placing card 25 in slot 8
[2022-12-12 23:21:23] [SEVERE ] placing card 64 in slot 9
[2022-12-12 23:21:23] [SEVERE ] placing card 18 in slot 10
[2022-12-12 23:21:23] [SEVERE ] placing card 27 in slot 11
[2022-12-12 23:21:23] [SEVERE ] setting player 1 freeze to 0
[2022-12-12 23:21:23] [SEVERE ] setting player 0 freeze to 0
[2022-12-12 23:21:30] [SEVERE ] Key 81 was pressed by player 0
[2022-12-12 23:21:30] [SEVERE ] player 0 placing token on slot 0
[2022-12-12 23:21:30] [SEVERE ] Key 87 was pressed by player 0
[2022-12-12 23:21:30] [SEVERE ] player 0 placing token on slot 1
[2022-12-12 23:21:30] [SEVERE ] Key 69 was pressed by player 0
[2022-12-12 23:21:30] [SEVERE ] player 0 placing token on slot 2
[2022-12-12 23:21:30] [SEVERE ] setting player 0 freeze to 1000
[2022-12-12 23:21:30] [SEVERE ] removing player 0 token from slot 0
[2022-12-12 23:21:30] [SEVERE ] removing player 0 token from slot 1
[2022-12-12 23:21:30] [SEVERE ] removing player 0 token from slot 2
[2022-12-12 23:21:30] [SEVERE ] setting player 0 freeze to 3000
[2022-12-12 23:21:30] [SEVERE ] setting player 0 freeze to 2989
[2022-12-12 23:21:30] [SEVERE ] setting player 0 freeze to 2978
[2022-12-12 23:21:30] [SEVERE ] setting player 0 freeze to 2967
[2022-12-12 23:21:30] [SEVERE ] setting player 0 freeze to 2956
[2022-12-12 23:21:30] [SEVERE ] setting player 0 freeze to 2944
[2022-12-12 23:21:30] [SEVERE ] setting player 0 freeze to 2933
[2022-12-12 23:21:30] [SEVERE ] setting player 0 freeze to 2922
[2022-12-12 23:21:30] [SEVERE ] setting player 0 freeze to 2911
[2022-12-12 23:21:30] [SEVERE ] setting player 0 freeze to 2900
[2022-12-12 23:21:30] [SEVERE ] setting player 0 freeze to 2889
[2022-12-12 23:21:30] [SEVERE ] setting player 0 freeze to 2878
[2022-12-12 23:21:30] [SEVERE ] setting player 0 freeze to 2867
[2022-12-12 23:21:30] [SEVERE ] setting player 0 freeze to 2856
[2022-12-12 23:21:30] [SEVERE ] setting player 0 freeze to 2846
[2022-12-12 23:21:30] [SEVERE ] setting player 0 freeze to 2833
[2022-12-12 23:21:30] [SEVERE ] setting player 0 freeze to 2823
[2022-12-12 23:21:30] [SEVERE ] setting player 0 freeze to 2812
[2022-12-12 23:21:30] [SEVERE ] setting player 0 freeze to 2800
[2022-12-12 23:21:30] [SEVERE ] setting player 0 freeze to 2789
[2022-12-12 23:21:30] [SEVERE ] setting player 0 freeze to 2778
[2022-12-12 23:21:30] [SEVERE ] setting player 0 freeze to 2766
[2022-12-12 23:21:30] [SEVERE ] setting player 0 freeze to 2754
[2022-12-12 23:21:30] [SEVERE ] setting player 0 freeze to 2743
[2022-12-12 23:21:30] [SEVERE ] setting player 0 freeze to 2732
[2022-12-12 23:21:31] [SEVERE ] setting player 0 freeze to 2721
[2022-12-12 23:21:31] [SEVERE ] setting player 0 freeze to 2710
[2022-12-12 23:21:31] [SEVERE ] setting player 0 freeze to 2698
[2022-12-12 23:21:31] [SEVERE ] setting player 0 freeze to 2685
[2022-12-12 23:21:31] [SEVERE ] setting player 0 freeze to 2674
[2022-12-12 23:21:31] [SEVERE ] setting player 0 freeze to 2663
[2022-12-12 23:21:31] [SEVERE ] setting player 0 freeze to 2652
[2022-12-12 23:21:31] [SEVERE ] setting player 0 freeze to 2641
[2022-12-12 23:21:31] [SEVERE ] setting player 0 freeze to 2630
[2022-12-12 23:21:31] [SEVERE ] setting player 0 freeze to 2619
[2022-12-12 23:21:31] [SEVERE ] setting player 0 freeze to 2608
[2022-12-12 23:21:31] [SEVERE ] setting player 0 freeze to 2597
[2022-12-12 23:21:31] [SEVERE ] setting player 0 freeze to 2585
[2022-12-12 23:21:31] [SEVERE ] setting player 0 freeze to 2574
[2022-12-12 23:21:31] [SEVERE ] setting player 0 freeze to 2562
[2022-12-12 23:21:31] [SEVERE ] setting player 0 freeze to 2551
[2022-12-12 23:21:31] [SEVERE ] setting player 0 freeze to 2540
[2022-12-12 23:21:31] [SEVERE ] setting player 0 freeze to 2529
[2022-12-12 23:21:31] [SEVERE ] setting player 0 freeze to 2518
[2022-12-12 23:21:31] [SEVERE ] setting player 0 freeze to 2507
[2022-12-12 23:21:31] [SEVERE ] setting player 0 freeze to 2496
[2022-12-12 23:21:31] [SEVERE ] setting player 0 freeze to 2485
[2022-12-12 23:21:31] [SEVERE ] setting player 0 freeze to 2475
[2022-12-12 23:21:31] [SEVERE ] setting player 0 freeze to 2464
[2022-12-12 23:21:31] [SEVERE ] setting player 0 freeze to 2453
[2022-12-12 23:21:31] [SEVERE ] setting player 0 freeze to 2442
[2022-12-12 23:21:31] [SEVERE ] setting player 0 freeze to 2431
[2022-12-12 23:21:31] [SEVERE ] setting player 0 freeze to 2420
[2022-12-12 23:21:31] [SEVERE ] setting player 0 freeze to 2409
[2022-12-12 23:21:31] [SEVERE ] setting player 0 freeze to 2398
[2022-12-12 23:21:31] [SEVERE ] setting player 0 freeze to 2386
[2022-12-12 23:21:31] [SEVERE ] setting player 0 freeze to 2375
[2022-12-12 23:21:31] [SEVERE ] setting player 0 freeze to 2363
[2022-12-12 23:21:31] [SEVERE ] setting player 0 freeze to 2351
[2022-12-12 23:21:31] [SEVERE ] setting player 0 freeze to 2339
[2022-12-12 23:21:31] [SEVERE ] setting player 0 freeze to 2327
[2022-12-12 23:21:31] [SEVERE ] setting player 0 freeze to 2315
[2022-12-12 23:21:31] [SEVERE ] setting player 0 freeze to 2304
[2022-12-12 23:21:31] [SEVERE ] setting player 0 freeze to 2293
[2022-12-12 23:21:31] [SEVERE ] setting player 0 freeze to 2282
[2022-12-12 23:21:31] [SEVERE ] setting player 0 freeze to 2270
[2022-12-12 23:21:31] [SEVERE ] setting player 0 freeze to 2259
[2022-12-12 23:21:31] [SEVERE ] setting player 0 freeze to 2248
[2022-12-12 23:21:31] [SEVERE ] setting player 0 freeze to 2237
[2022-12-12 23:21:31] [SEVERE ] setting player 0 freeze to 2226
[2022-12-12 23:21:31] [SEVERE ] setting player 0 freeze to 2215
[2022-12-12 23:21:31] [SEVERE ] setting player 0 freeze to 2203
[2022-12-12 23:21:31] [SEVERE ] setting player 0 freeze to 2192
[2022-12-12 23:21:31] [SEVERE ] setting player 0 freeze to 2181
[2022-12-12 23:21:31] [SEVERE ] setting player 0 freeze to 2169
[2022-12-12 23:21:31] [SEVERE ] setting player 0 freeze to 2158
[2022-12-12 23:21:31] [SEVERE ] setting player 0 freeze to 2146
[2022-12-12 23:21:31] [SEVERE ] setting player 0 freeze to 2135
[2022-12-12 23:21:31] [SEVERE ] setting player 0 freeze to 2124
[2022-12-12 23:21:31] [SEVERE ] setting player 0 freeze to 2113
[2022-12-12 23:21:31] [SEVERE ] setting player 0 freeze to 2101
[2022-12-12 23:21:31] [SEVERE ] setting player 0 freeze to 2090
[2022-12-12 23:21:31] [SEVERE ] setting player 0 freeze to 2080
[2022-12-12 23:21:31] [SEVERE ] setting player 0 freeze to 2069
[2022-12-12 23:21:31] [SEVERE ] setting player 0 freeze to 2058
[2022-12-12 23:21:31] [SEVERE ] setting player 0 freeze to 2047
[2022-12-12 23:21:31] [SEVERE ] setting player 0 freeze to 2036
[2022-12-12 23:21:31] [SEVERE ] setting player 0 freeze to 2025
[2022-12-12 23:21:31] [SEVERE ] setting player 0 freeze to 2013
[2022-12-12 23:21:31] [SEVERE ] setting player 0 freeze to 2002
[2022-12-12 23:21:31] [SEVERE ] setting player 0 freeze to 1991
[2022-12-12 23:21:31] [SEVERE ] setting player 0 freeze to 1979
[2022-12-12 23:21:31] [SEVERE ] setting player 0 freeze to 1968
[2022-12-12 23:21:31] [SEVERE ] setting player 0 freeze to 1957
[2022-12-12 23:21:31] [SEVERE ] setting player 0 freeze to 1946
[2022-12-12 23:21:31] [SEVERE ] setting player 0 freeze to 1935
[2022-12-12 23:21:31] [SEVERE ] setting player 0 freeze to 1924
[2022-12-12 23:21:31] [SEVERE ] setting player 0 freeze to 1913
[2022-12-12 23:21:31] [SEVERE ] setting player 0 freeze to 1901
[2022-12-12 23:21:31] [SEVERE ] setting player 0 freeze to 1890
[2022-12-12 23:21:31] [SEVERE ] setting player 0 freeze to 1879
[2022-12-12 23:21:31] [SEVERE ] setting player 0 freeze to 1867
[2022-12-12 23:21:31] [SEVERE ] setting player 0 freeze to 1856
[2022-12-12 23:21:31] [SEVERE ] setting player 0 freeze to 1845
[2022-12-12 23:21:31] [SEVERE ] setting player 0 freeze to 1834
[2022-12-12 23:21:31] [SEVERE ] setting player 0 freeze to 1823
[2022-12-12 23:21:31] [SEVERE ] setting player 0 freeze to 1812
[2022-12-12 23:21:31] [SEVERE ] setting player 0 freeze to 1801
[2022-12-12 23:21:31] [SEVERE ] setting player 0 freeze to 1790
[2022-12-12 23:21:31] [SEVERE ] setting player 0 freeze to 1779
[2022-12-12 23:21:31] [SEVERE ] setting player 0 freeze to 1768
[2022-12-12 23:21:31] [SEVERE ] setting player 0 freeze to 1757
[2022-12-12 23:21:31] [SEVERE ] setting player 0 freeze to 1745
[2022-12-12 23:21:31] [SEVERE ] setting player 0 freeze to 1734
[2022-12-12 23:21:31] [SEVERE ] setting player 0 freeze to 1723
[2022-12-12 23:21:32] [SEVERE ] setting player 0 freeze to 1712
[2022-12-12 23:21:32] [SEVERE ] setting player 0 freeze to 1702
[2022-12-12 23:21:32] [SEVERE ] setting player 0 freeze to 1691
[2022-12-12 23:21:32] [SEVERE ] setting player 0 freeze to 1680
[2022-12-12 23:21:32] [SEVERE ] setting player 0 freeze to 1669
[2022-12-12 23:21:32] [SEVERE ] setting player 0 freeze to 1658
[2022-12-12 23:21:32] [SEVERE ] setting player 0 freeze to 1647
[2022-12-12 23:21:32] [SEVERE ] setting player 0 freeze to 1636
[2022-12-12 23:21:32] [SEVERE ] setting player 0 freeze to 1625
[2022-12-12 23:21:32] [SEVERE ] setting player 0 freeze to 1614
[2022-12-12 23:21:32] [SEVERE ] setting player 0 freeze to 1603
[2022-12-12 23:21:32] [SEVERE ] setting player 0 freeze to 1591
[2022-12-12 23:21:32] [SEVERE ] setting player 0 freeze to 1580
[2022-12-12 23:21:32] [SEVERE ] setting player 0 freeze to 1569
[2022-12-12 23:21:32] [SEVERE ] setting player 0 freeze to 1558
[2022-12-12 23:21:32] [SEVERE ] setting player 0 freeze to 1547
[2022-12-12 23:21:32] [SEVERE ] setting player 0 freeze to 1536
[2022-12-12 23:21:32] [SEVERE ] setting player 0 freeze to 1524
[2022-12-12 23:21:32] [SEVERE ] setting player 0 freeze to 1513
[2022-12-12 23:21:32] [SEVERE ] setting player 0 freeze to 1502
[2022-12-12 23:21:32] [SEVERE ] setting player 0 freeze to 1491
[2022-12-12 23:21:32] [SEVERE ] setting player 0 freeze to 1480
[2022-12-12 23:21:32] [SEVERE ] setting player 0 freeze to 1469
[2022-12-12 23:21:32] [SEVERE ] setting player 0 freeze to 1458
[2022-12-12 23:21:32] [SEVERE ] setting player 0 freeze to 1447
[2022-12-12 23:21:32] [SEVERE ] setting player 0 freeze to 1436
[2022-12-12 23:21:32] [SEVERE ] setting player 0 freeze to 1424
[2022-12-12 23:21:32] [SEVERE ] setting player 0 freeze to 1413
[2022-12-12 23:21:32] [SEVERE ] setting player 0 freeze to 1402
[2022-12-12 23:21:32] [SEVERE ] setting player 0 freeze to 1391
[2022-12-12 23:21:32] [SEVERE ] setting player 0 freeze to 1380
[2022-12-12 23:21:32] [SEVERE ] setting player 0 freeze to 1368
[2022-12-12 23:21:32] [SEVERE ] setting player 0 freeze to 1357
[2022-12-12 23:21:32] [SEVERE ] setting player 0 freeze to 1345
[2022-12-12 23:21:32] [SEVERE ] setting player 0 freeze to 1335
[2022-12-12 23:21:32] [SEVERE ] setting player 0 freeze to 1324
[2022-12-12 23:21:32] [SEVERE ] setting player 0 freeze to 1313
[2022-12-12 23:21:32] [SEVERE ] setting player 0 freeze to 1301
[2022-12-12 23:21:32] [SEVERE ] setting player 0 freeze to 1290
[2022-12-12 23:21:32] [SEVERE ] setting player 0 freeze to 1279
[2022-12-12 23:21:32] [SEVERE ] setting player 0 freeze to 1268
[2022-12-12 23:21:32] [SEVERE ] setting player 0 freeze to 1257
[2022-12-12 23:21:32] [SEVERE ] setting player 0 freeze to 1246
[2022-12-12 23:21:32] [SEVERE ] setting player 0 freeze to 1235
[2022-12-12 23:21:32] [SEVERE ] setting player 0 freeze to 1224
[2022-12-12 23:21:32] [SEVERE ] setting player 0 freeze to 1213
[2022-12-12 23:21:32] [SEVERE ] setting player 0 freeze to 1201
[2022-12-12 23:21:32] [SEVERE ] setting player 0 freeze to 1190
[2022-12-12 23:21:32] [SEVERE ] setting player 0 freeze to 1179
[2022-12-12 23:21:32] [SEVERE ] setting player 0 freeze to 1168
[2022-12-12 23:21:32] [SEVERE ] setting player 0 freeze to 1157
[2022-12-12 23:21:32] [SEVERE ] setting player 0 freeze to 1146
[2022-12-12 23:21:32] [SEVERE ] setting player 0 freeze to 1135
[2022-12-12 23:21:32] [SEVERE ] setting player 0 freeze to 1124
[2022-12-12 23:21:32] [SEVERE ] setting player 0 freeze to 1113
[2022-12-12 23:21:32] [SEVERE ] setting player 0 freeze to 1102
[2022-12-12 23:21:32] [SEVERE ] setting player 0 freeze to 1091
[2022-12-12 23:21:32] [SEVERE ] setting player 0 freeze to 1080
[2022-12-12 23:21:32] [SEVERE ] setting player 0 freeze to 1069
[2022-12-12 23:21:32] [SEVERE ] setting player 0 freeze to 1058
[2022-12-12 23:21:32] [SEVERE ] setting player 0 freeze to 1046
[2022-12-12 23:21:32] [SEVERE ] setting player 0 freeze to 1035
[2022-12-12 23:21:32] [SEVERE ] setting player 0 freeze to 1024
[2022-12-12 23:21:32] [SEVERE ] setting player 0 freeze to 1013
[2022-12-12 23:21:32] [SEVERE ] setting player 0 freeze to 1002
[2022-12-12 23:21:32] [SEVERE ] setting player 0 freeze to 991
[2022-12-12 23:21:32] [SEVERE ] setting player 0 freeze to 980
[2022-12-12 23:21:32] [SEVERE ] setting player 0 freeze to 970
[2022-12-12 23:21:32] [SEVERE ] setting player 0 freeze to 958
[2022-12-12 23:21:32] [SEVERE ] setting player 0 freeze to 947
[2022-12-12 23:21:32] [SEVERE ] setting player 0 freeze to 936
[2022-12-12 23:21:32] [SEVERE ] setting player 0 freeze to 925
[2022-12-12 23:21:32] [SEVERE ] setting player 0 freeze to 914
[2022-12-12 23:21:32] [SEVERE ] setting player 0 freeze to 903
[2022-12-12 23:21:32] [SEVERE ] setting player 0 freeze to 892
[2022-12-12 23:21:32] [SEVERE ] setting player 0 freeze to 881
[2022-12-12 23:21:32] [SEVERE ] setting player 0 freeze to 869
[2022-12-12 23:21:32] [SEVERE ] setting player 0 freeze to 858
[2022-12-12 23:21:32] [SEVERE ] setting player 0 freeze to 847
[2022-12-12 23:21:32] [SEVERE ] setting player 0 freeze to 835
[2022-12-12 23:21:32] [SEVERE ] setting player 0 freeze to 822
[2022-12-12 23:21:32] [SEVERE ] setting player 0 freeze to 811
[2022-12-12 23:21:32] [SEVERE ] setting player 0 freeze to 800
[2022-12-12 23:21:32] [SEVERE ] setting player 0 freeze to 789
[2022-12-12 23:21:32] [SEVERE ] setting player 0 freeze to 778
[2022-12-12 23:21:32] [SEVERE ] setting player 0 freeze to 767
[2022-12-12 23:21:32] [SEVERE ] setting player 0 freeze to 756
[2022-12-12 23:21:32] [SEVERE ] setting player 0 freeze to 745
[2022-12-12 23:21:32] [SEVERE ] setting player 0 freeze to 734
[2022-12-12 23:21:33] [SEVERE ] setting player 0 freeze to 722
[2022-12-12 23:21:33] [SEVERE ] setting player 0 freeze to 711
[2022-12-12 23:21:33] [SEVERE ] setting player 0 freeze to 700
[2022-12-12 23:21:33] [SEVERE ] setting player 0 freeze to 689
[2022-12-12 23:21:33] [SEVERE ] setting player 0 freeze to 678
[2022-12-12 23:21:33] [SEVERE ] setting player 0 freeze to 667
[2022-12-12 23:21:33] [SEVERE ] setting player 0 freeze to 655
[2022-12-12 23:21:33] [SEVERE ] setting player 0 freeze to 644
[2022-12-12 23:21:33] [SEVERE ] setting player 0 freeze to 633
[2022-12-12 23:21:33] [SEVERE ] setting player 0 freeze to 621
[2022-12-12 23:21:33] [SEVERE ] setting player 0 freeze to 610
[2022-12-12 23:21:33] [SEVERE ] setting player 0 freeze to 598
[2022-12-12 23:21:33] [SEVERE ] setting player 0 freeze to 588
[2022-12-12 23:21:33] [SEVERE ] setting player 0 freeze to 577
[2022-12-12 23:21:33] [SEVERE ] setting player 0 freeze to 564
[2022-12-12 23:21:33] [SEVERE ] setting player 0 freeze to 553
[2022-12-12 23:21:33] [SEVERE ] setting player 0 freeze to 542
[2022-12-12 23:21:33] [SEVERE ] setting player 0 freeze to 531
[2022-12-12 23:21:33] [SEVERE ] setting player 0 freeze to 520
[2022-12-12 23:21:33] [SEVERE ] setting player 0 freeze to 509
[2022-12-12 23:21:33] [SEVERE ] setting player 0 freeze to 498
[2022-12-12 23:21:33] [SEVERE ] setting player 0 freeze to 487
[2022-12-12 23:21:33] [SEVERE ] setting player 0 freeze to 476
[2022-12-12 23:21:33] [SEVERE ] setting player 0 freeze to 464
[2022-12-12 23:21:33] [SEVERE ] setting player 0 freeze to 453
[2022-12-12 23:21:33] [SEVERE ] setting player 0 freeze to 441
[2022-12-12 23:21:33] [SEVERE ] setting player 0 freeze to 429
[2022-12-12 23:21:33] [SEVERE ] setting player 0 freeze to 418
[2022-12-12 23:21:33] [SEVERE ] setting player 0 freeze to 407
[2022-12-12 23:21:33] [SEVERE ] setting player 0 freeze to 396
[2022-12-12 23:21:33] [SEVERE ] setting player 0 freeze to 385
[2022-12-12 23:21:33] [SEVERE ] setting player 0 freeze to 374
[2022-12-12 23:21:33] [SEVERE ] setting player 0 freeze to 363
[2022-12-12 23:21:33] [SEVERE ] setting player 0 freeze to 352
[2022-12-12 23:21:33] [SEVERE ] setting player 0 freeze to 341
[2022-12-12 23:21:33] [SEVERE ] setting player 0 freeze to 329
[2022-12-12 23:21:33] [SEVERE ] setting player 0 freeze to 318
[2022-12-12 23:21:33] [SEVERE ] setting player 0 freeze to 307
[2022-12-12 23:21:33] [SEVERE ] setting player 0 freeze to 296
[2022-12-12 23:21:33] [SEVERE ] setting player 0 freeze to 284
[2022-12-12 23:21:33] [SEVERE ] setting player 0 freeze to 272
[2022-12-12 23:21:33] [SEVERE ] setting player 0 freeze to 261
[2022-12-12 23:21:33] [SEVERE ] setting player 0 freeze to 250
[2022-12-12 23:21:33] [SEVERE ] setting player 0 freeze to 239
[2022-12-12 23:21:33] [SEVERE ] setting player 0 freeze to 229
[2022-12-12 23:21:33] [SEVERE ] setting player 0 freeze to 216
[2022-12-12 23:21:33] [SEVERE ] setting player 0 freeze to 206
[2022-12-12 23:21:33] [SEVERE ] setting player 0 freeze to 195
[2022-12-12 23:21:33] [SEVERE ] setting player 0 freeze to 184
[2022-12-12 23:21:33] [SEVERE ] setting player 0 freeze to 173
[2022-12-12 23:21:33] [SEVERE ] setting player 0 freeze to 162
[2022-12-12 23:21:33] [SEVERE ] setting player 0 freeze to 151
[2022-12-12 23:21:33] [SEVERE ] setting player 0 freeze to 140
[2022-12-12 23:21:33] [SEVERE ] setting player 0 freeze to 129
[2022-12-12 23:21:33] [SEVERE ] setting player 0 freeze to 118
[2022-12-12 23:21:33] [SEVERE ] setting player 0 freeze to 107
[2022-12-12 23:21:33] [SEVERE ] setting player 0 freeze to 96
[2022-12-12 23:21:33] [SEVERE ] setting player 0 freeze to 85
[2022-12-12 23:21:33] [SEVERE ] setting player 0 freeze to 74
[2022-12-12 23:21:33] [SEVERE ] setting player 0 freeze to 63
[2022-12-12 23:21:33] [SEVERE ] setting player 0 freeze to 52
[2022-12-12 23:21:33] [SEVERE ] setting player 0 freeze to 41
[2022-12-12 23:21:33] [SEVERE ] setting player 0 freeze to 30
[2022-12-12 23:21:33] [SEVERE ] setting player 0 freeze to 19
[2022-12-12 23:21:33] [SEVERE ] setting player 0 freeze to 8
[2022-12-12 23:21:33] [SEVERE ] setting player 0 freeze to 0
[2022-12-12 23:21:33] [SEVERE ] Key 79 was pressed by player 1
[2022-12-12 23:21:33] [SEVERE ] player 1 placing token on slot 2
[2022-12-12 23:21:33] [SEVERE ] Key 73 was pressed by player 1
[2022-12-12 23:21:33] [SEVERE ] player 1 placing token on slot 1
[2022-12-12 23:21:33] [SEVERE ] Key 85 was pressed by player 1
[2022-12-12 23:21:33] [SEVERE ] player 1 placing token on slot 0
[2022-12-12 23:21:33] [SEVERE ] setting player 1 freeze to 1000
[2022-12-12 23:21:33] [SEVERE ] removing player 1 token from slot 2
[2022-12-12 23:21:33] [SEVERE ] removing player 1 token from slot 1
[2022-12-12 23:21:33] [SEVERE ] removing player 1 token from slot 0
[2022-12-12 23:21:33] [SEVERE ] setting player 1 freeze to 3000
[2022-12-12 23:21:33] [SEVERE ] setting player 1 freeze to 2989
[2022-12-12 23:21:33] [SEVERE ] setting player 1 freeze to 2978
[2022-12-12 23:21:33] [SEVERE ] setting player 1 freeze to 2967
[2022-12-12 23:21:33] [SEVERE ] setting player 1 freeze to 2957
[2022-12-12 23:21:33] [SEVERE ] setting player 1 freeze to 2946
[2022-12-12 23:21:33] [SEVERE ] setting player 1 freeze to 2935
[2022-12-12 23:21:33] [SEVERE ] setting player 1 freeze to 2924
[2022-12-12 23:21:33] [SEVERE ] setting player 1 freeze to 2913
[2022-12-12 23:21:33] [SEVERE ] setting player 1 freeze to 2902
[2022-12-12 23:21:33] [SEVERE ] setting player 1 freeze to 2891
[2022-12-12 23:21:33] [SEVERE ] setting player 1 freeze to 2880
[2022-12-12 23:21:33] [SEVERE ] setting player 1 freeze to 2869
[2022-12-12 23:21:33] [SEVERE ] setting player 1 freeze to 2858
[2022-12-12 23:21:33] [SEVERE ] setting player 1 freeze to 2846
[2022-12-12 23:21:33] [SEVERE ] setting player 1 freeze to 2835
[2022-12-12 23:21:34] [SEVERE ] setting player 1 freeze to 2824
[2022-12-12 23:21:34] [SEVERE ] setting player 1 freeze to 2813
[2022-12-12 23:21:34] [SEVERE ] setting player 1 freeze to 2801
[2022-12-12 23:21:34] [SEVERE ] setting player 1 freeze to 2790
[2022-12-12 23:21:34] [SEVERE ] setting player 1 freeze to 2779
[2022-12-12 23:21:34] [SEVERE ] setting player 1 freeze to 2768
[2022-12-12 23:21:34] [SEVERE ] setting player 1 freeze to 2757
[2022-12-12 23:21:34] [SEVERE ] setting player 1 freeze to 2746
[2022-12-12 23:21:34] [SEVERE ] setting player 1 freeze to 2735
[2022-12-12 23:21:34] [SEVERE ] setting player 1 freeze to 2724
[2022-12-12 23:21:34] [SEVERE ] setting player 1 freeze to 2713
[2022-12-12 23:21:34] [SEVERE ] setting player 1 freeze to 2702
[2022-12-12 23:21:34] [SEVERE ] setting player 1 freeze to 2691
[2022-12-12 23:21:34] [SEVERE ] setting player 1 freeze to 2680
[2022-12-12 23:21:34] [SEVERE ] setting player 1 freeze to 2669
[2022-12-12 23:21:34] [SEVERE ] setting player 1 freeze to 2657
[2022-12-12 23:21:34] [SEVERE ] setting player 1 freeze to 2646
[2022-12-12 23:21:34] [SEVERE ] setting player 1 freeze to 2635
[2022-12-12 23:21:34] [SEVERE ] setting player 1 freeze to 2624
[2022-12-12 23:21:34] [SEVERE ] setting player 1 freeze to 2613
[2022-12-12 23:21:34] [SEVERE ] setting player 1 freeze to 2602
[2022-12-12 23:21:34] [SEVERE ] setting player 1 freeze to 2591
[2022-12-12 23:21:34] [SEVERE ] setting player 1 freeze to 2581
[2022-12-12 23:21:34] [SEVERE ] setting player 1 freeze to 2569
[2022-12-12 23:21:34] [SEVERE ] setting player 1 freeze to 2558
[2022-12-12 23:21:34] [SEVERE ] setting player 1 freeze to 2547
[2022-12-12 23:21:34] [SEVERE ] setting player 1 freeze to 2536
[2022-12-12 23:21:34] [SEVERE ] setting player 1 freeze to 2525
[2022-12-12 23:21:34] [SEVERE ] setting player 1 freeze to 2514
[2022-12-12 23:21:34] [SEVERE ] setting player 1 freeze to 2503
[2022-12-12 23:21:34] [SEVERE ] setting player 1 freeze to 2492
[2022-12-12 23:21:34] [SEVERE ] setting player 1 freeze to 2481
[2022-12-12 23:21:34] [SEVERE ] setting player 1 freeze to 2470
[2022-12-12 23:21:34] [SEVERE ] setting player 1 freeze to 2459
[2022-12-12 23:21:34] [SEVERE ] setting player 1 freeze to 2448
[2022-12-12 23:21:34] [SEVERE ] setting player 1 freeze to 2437
[2022-12-12 23:21:34] [SEVERE ] setting player 1 freeze to 2426
[2022-12-12 23:21:34] [SEVERE ] setting player 1 freeze to 2414
[2022-12-12 23:21:34] [SEVERE ] setting player 1 freeze to 2403
[2022-12-12 23:21:34] [SEVERE ] setting player 1 freeze to 2392
[2022-12-12 23:21:34] [SEVERE ] setting player 1 freeze to 2381
[2022-12-12 23:21:34] [SEVERE ] setting player 1 freeze to 2370
[2022-12-12 23:21:34] [SEVERE ] setting player 1 freeze to 2359
[2022-12-12 23:21:34] [SEVERE ] setting player 1 freeze to 2348
[2022-12-12 23:21:34] [SEVERE ] setting player 1 freeze to 2337
[2022-12-12 23:21:34] [SEVERE ] setting player 1 freeze to 2326
[2022-12-12 23:21:34] [SEVERE ] setting player 1 freeze to 2315
[2022-12-12 23:21:34] [SEVERE ] setting player 1 freeze to 2304
[2022-12-12 23:21:34] [SEVERE ] setting player 1 freeze to 2293
[2022-12-12 23:21:34] [SEVERE ] setting player 1 freeze to 2282
[2022-12-12 23:21:34] [SEVERE ] setting player 1 freeze to 2267
[2022-12-12 23:21:34] [SEVERE ] setting player 1 freeze to 2256
[2022-12-12 23:21:34] [SEVERE ] setting player 1 freeze to 2245
[2022-12-12 23:21:34] [SEVERE ] setting player 1 freeze to 2234
[2022-12-12 23:21:34] [SEVERE ] setting player 1 freeze to 2223
[2022-12-12 23:21:34] [SEVERE ] setting player 1 freeze to 2213
[2022-12-12 23:21:34] [SEVERE ] setting player 1 freeze to 2202
[2022-12-12 23:21:34] [SEVERE ] setting player 1 freeze to 2190
[2022-12-12 23:21:34] [SEVERE ] setting player 1 freeze to 2179
[2022-12-12 23:21:34] [SEVERE ] setting player 1 freeze to 2168
[2022-12-12 23:21:34] [SEVERE ] setting player 1 freeze to 2157
[2022-12-12 23:21:34] [SEVERE ] setting player 1 freeze to 2146
[2022-12-12 23:21:34] [SEVERE ] setting player 1 freeze to 2135
[2022-12-12 23:21:34] [SEVERE ] setting player 1 freeze to 2123
[2022-12-12 23:21:34] [SEVERE ] setting player 1 freeze to 2112
[2022-12-12 23:21:34] [SEVERE ] setting player 1 freeze to 2101
[2022-12-12 23:21:34] [SEVERE ] setting player 1 freeze to 2089
[2022-12-12 23:21:34] [SEVERE ] setting player 1 freeze to 2077
[2022-12-12 23:21:34] [SEVERE ] setting player 1 freeze to 2066
[2022-12-12 23:21:34] [SEVERE ] setting player 1 freeze to 2055
[2022-12-12 23:21:34] [SEVERE ] setting player 1 freeze to 2044
[2022-12-12 23:21:34] [SEVERE ] setting player 1 freeze to 2033
[2022-12-12 23:21:34] [SEVERE ] setting player 1 freeze to 2021
[2022-12-12 23:21:34] [SEVERE ] setting player 1 freeze to 2010
[2022-12-12 23:21:34] [SEVERE ] setting player 1 freeze to 1999
[2022-12-12 23:21:34] [SEVERE ] setting player 1 freeze to 1988
[2022-12-12 23:21:34] [SEVERE ] setting player 1 freeze to 1977
[2022-12-12 23:21:34] [SEVERE ] setting player 1 freeze to 1966
[2022-12-12 23:21:34] [SEVERE ] setting player 1 freeze to 1955
[2022-12-12 23:21:34] [SEVERE ] setting player 1 freeze to 1943
[2022-12-12 23:21:34] [SEVERE ] setting player 1 freeze to 1932
[2022-12-12 23:21:34] [SEVERE ] setting player 1 freeze to 1920
[2022-12-12 23:21:34] [SEVERE ] setting player 1 freeze to 1909
[2022-12-12 23:21:34] [SEVERE ] setting player 1 freeze to 1897
[2022-12-12 23:21:34] [SEVERE ] setting player 1 freeze to 1885
[2022-12-12 23:21:34] [SEVERE ] setting player 1 freeze to 1874
[2022-12-12 23:21:34] [SEVERE ] setting player 1 freeze to 1863
[2022-12-12 23:21:34] [SEVERE ] setting player 1 freeze to 1851
[2022-12-12 23:21:34] [SEVERE ] setting player 1 freeze to 1840
[2022-12-12 23:21:34] [SEVERE ] setting player 1 freeze to 1830
[2022-12-12 23:21:35] [SEVERE ] setting player 1 freeze to 1819
[2022-12-12 23:21:35] [SEVERE ] setting player 1 freeze to 1808
[2022-12-12 23:21:35] [SEVERE ] setting player 1 freeze to 1796
[2022-12-12 23:21:35] [SEVERE ] setting player 1 freeze to 1785
[2022-12-12 23:21:35] [SEVERE ] setting player 1 freeze to 1774
[2022-12-12 23:21:35] [SEVERE ] setting player 1 freeze to 1763
[2022-12-12 23:21:35] [SEVERE ] setting player 1 freeze to 1750
[2022-12-12 23:21:35] [SEVERE ] setting player 1 freeze to 1739
[2022-12-12 23:21:35] [SEVERE ] setting player 1 freeze to 1727
[2022-12-12 23:21:35] [SEVERE ] setting player 1 freeze to 1715
[2022-12-12 23:21:35] [SEVERE ] setting player 1 freeze to 1704
[2022-12-12 23:21:35] [SEVERE ] setting player 1 freeze to 1693
[2022-12-12 23:21:35] [SEVERE ] setting player 1 freeze to 1682
[2022-12-12 23:21:35] [SEVERE ] setting player 1 freeze to 1670
[2022-12-12 23:21:35] [SEVERE ] setting player 1 freeze to 1659
[2022-12-12 23:21:35] [SEVERE ] setting player 1 freeze to 1648
[2022-12-12 23:21:35] [SEVERE ] setting player 1 freeze to 1637
[2022-12-12 23:21:35] [SEVERE ] setting player 1 freeze to 1626
[2022-12-12 23:21:35] [SEVERE ] setting player 1 freeze to 1615
[2022-12-12 23:21:35] [SEVERE ] setting player 1 freeze to 1604
[2022-12-12 23:21:35] [SEVERE ] setting player 1 freeze to 1593
[2022-12-12 23:21:35] [SEVERE ] setting player 1 freeze to 1582
[2022-12-12 23:21:35] [SEVERE ] setting player 1 freeze to 1570
[2022-12-12 23:21:35] [SEVERE ] setting player 1 freeze to 1559
[2022-12-12 23:21:35] [SEVERE ] setting player 1 freeze to 1548
[2022-12-12 23:21:35] [SEVERE ] setting player 1 freeze to 1536
[2022-12-12 23:21:35] [SEVERE ] setting player 1 freeze to 1525
[2022-12-12 23:21:35] [SEVERE ] setting player 1 freeze to 1514
[2022-12-12 23:21:35] [SEVERE ] setting player 1 freeze to 1503
[2022-12-12 23:21:35] [SEVERE ] setting player 1 freeze to 1492
[2022-12-12 23:21:35] [SEVERE ] setting player 1 freeze to 1481
[2022-12-12 23:21:35] [SEVERE ] setting player 1 freeze to 1470
[2022-12-12 23:21:35] [SEVERE ] setting player 1 freeze to 1458
[2022-12-12 23:21:35] [SEVERE ] setting player 1 freeze to 1448
[2022-12-12 23:21:35] [SEVERE ] setting player 1 freeze to 1436
[2022-12-12 23:21:35] [SEVERE ] setting player 1 freeze to 1425
[2022-12-12 23:21:35] [SEVERE ] setting player 1 freeze to 1414
[2022-12-12 23:21:35] [SEVERE ] setting player 1 freeze to 1403
[2022-12-12 23:21:35] [SEVERE ] setting player 1 freeze to 1392
[2022-12-12 23:21:35] [SEVERE ] setting player 1 freeze to 1381
[2022-12-12 23:21:35] [SEVERE ] setting player 1 freeze to 1370
[2022-12-12 23:21:35] [SEVERE ] setting player 1 freeze to 1359
[2022-12-12 23:21:35] [SEVERE ] setting player 1 freeze to 1348
[2022-12-12 23:21:35] [SEVERE ] setting player 1 freeze to 1337
[2022-12-12 23:21:35] [SEVERE ] setting player 1 freeze to 1326
[2022-12-12 23:21:35] [SEVERE ] setting player 1 freeze to 1314
[2022-12-12 23:21:35] [SEVERE ] setting player 1 freeze to 1303
[2022-12-12 23:21:35] [SEVERE ] setting player 1 freeze to 1292
[2022-12-12 23:21:35] [SEVERE ] setting player 1 freeze to 1281
[2022-12-12 23:21:35] [SEVERE ] setting player 1 freeze to 1270
[2022-12-12 23:21:35] [SEVERE ] setting player 1 freeze to 1258
[2022-12-12 23:21:35] [SEVERE ] setting player 1 freeze to 1247
[2022-12-12 23:21:35] [SEVERE ] setting player 1 freeze to 1236
[2022-12-12 23:21:35] [SEVERE ] setting player 1 freeze to 1225
[2022-12-12 23:21:35] [SEVERE ] setting player 1 freeze to 1214
[2022-12-12 23:21:35] [SEVERE ] setting player 1 freeze to 1202
[2022-12-12 23:21:35] [SEVERE ] setting player 1 freeze to 1191
[2022-12-12 23:21:35] [SEVERE ] setting player 1 freeze to 1180
[2022-12-12 23:21:35] [SEVERE ] setting player 1 freeze to 1169
[2022-12-12 23:21:35] [SEVERE ] setting player 1 freeze to 1157
[2022-12-12 23:21:35] [SEVERE ] setting player 1 freeze to 1146
[2022-12-12 23:21:35] [SEVERE ] setting player 1 freeze to 1135
[2022-12-12 23:21:35] [SEVERE ] setting player 1 freeze to 1123
[2022-12-12 23:21:35] [SEVERE ] setting player 1 freeze to 1112
[2022-12-12 23:21:35] [SEVERE ] setting player 1 freeze to 1101
[2022-12-12 23:21:35] [SEVERE ] setting player 1 freeze to 1091
[2022-12-12 23:21:35] [SEVERE ] setting player 1 freeze to 1080
[2022-12-12 23:21:35] [SEVERE ] setting player 1 freeze to 1069
[2022-12-12 23:21:35] [SEVERE ] setting player 1 freeze to 1056
[2022-12-12 23:21:35] [SEVERE ] setting player 1 freeze to 1045
[2022-12-12 23:21:35] [SEVERE ] setting player 1 freeze to 1034
[2022-12-12 23:21:35] [SEVERE ] setting player 1 freeze to 1023
[2022-12-12 23:21:35] [SEVERE ] setting player 1 freeze to 1012
[2022-12-12 23:21:35] [SEVERE ] setting player 1 freeze to 1001
[2022-12-12 23:21:35] [SEVERE ] setting player 1 freeze to 990
[2022-12-12 23:21:35] [SEVERE ] setting player 1 freeze to 979
[2022-12-12 23:21:35] [SEVERE ] setting player 1 freeze to 968
[2022-12-12 23:21:35] [SEVERE ] setting player 1 freeze to 957
[2022-12-12 23:21:35] [SEVERE ] setting player 1 freeze to 946
[2022-12-12 23:21:35] [SEVERE ] setting player 1 freeze to 935
[2022-12-12 23:21:35] [SEVERE ] setting player 1 freeze to 924
[2022-12-12 23:21:35] [SEVERE ] setting player 1 freeze to 913
[2022-12-12 23:21:35] [SEVERE ] setting player 1 freeze to 902
[2022-12-12 23:21:35] [SEVERE ] setting player 1 freeze to 891
[2022-12-12 23:21:35] [SEVERE ] setting player 1 freeze to 880
[2022-12-12 23:21:35] [SEVERE ] setting player 1 freeze to 869
[2022-12-12 23:21:35] [SEVERE ] setting player 1 freeze to 858
[2022-12-12 23:21:35] [SEVERE ] setting player 1 freeze to 847
[2022-12-12 23:21:35] [SEVERE ] setting player 1 freeze to 836
[2022-12-12 23:21:36] [SEVERE ] setting player 1 freeze to 825
[2022-12-12 23:21:36] [SEVERE ] setting player 1 freeze to 814
[2022-12-12 23:21:36] [SEVERE ] setting player 1 freeze to 803
[2022-12-12 23:21:36] [SEVERE ] setting player 1 freeze to 792
[2022-12-12 23:21:36] [SEVERE ] setting player 1 freeze to 781
[2022-12-12 23:21:36] [SEVERE ] setting player 1 freeze to 770
[2022-12-12 23:21:36] [SEVERE ] setting player 1 freeze to 759
[2022-12-12 23:21:36] [SEVERE ] setting player 1 freeze to 748
[2022-12-12 23:21:36] [SEVERE ] setting player 1 freeze to 737
[2022-12-12 23:21:36] [SEVERE ] setting player 1 freeze to 726
[2022-12-12 23:21:36] [SEVERE ] setting player 1 freeze to 716
[2022-12-12 23:21:36] [SEVERE ] setting player 1 freeze to 705
[2022-12-12 23:21:36] [SEVERE ] setting player 1 freeze to 694
[2022-12-12 23:21:36] [SEVERE ] setting player 1 freeze to 683
[2022-12-12 23:21:36] [SEVERE ] setting player 1 freeze to 672
[2022-12-12 23:21:36] [SEVERE ] setting player 1 freeze to 661
[2022-12-12 23:21:36] [SEVERE ] setting player 1 freeze to 650
[2022-12-12 23:21:36] [SEVERE ] setting player 1 freeze to 639
[2022-12-12 23:21:36] [SEVERE ] setting player 1 freeze to 628
[2022-12-12 23:21:36] [SEVERE ] setting player 1 freeze to 617
[2022-12-12 23:21:36] [SEVERE ] setting player 1 freeze to 606
[2022-12-12 23:21:36] [SEVERE ] setting player 1 freeze to 595
[2022-12-12 23:21:36] [SEVERE ] setting player 1 freeze to 584
[2022-12-12 23:21:36] [SEVERE ] setting player 1 freeze to 573
[2022-12-12 23:21:36] [SEVERE ] setting player 1 freeze to 561
[2022-12-12 23:21:36] [SEVERE ] setting player 1 freeze to 550
[2022-12-12 23:21:36] [SEVERE ] setting player 1 freeze to 539
[2022-12-12 23:21:36] [SEVERE ] setting player 1 freeze to 528
[2022-12-12 23:21:36] [SEVERE ] setting player 1 freeze to 517
[2022-12-12 23:21:36] [SEVERE ] setting player 1 freeze to 506
[2022-12-12 23:21:36] [SEVERE ] setting player 1 freeze to 495
[2022-12-12 23:21:36] [SEVERE ] setting player 1 freeze to 483
[2022-12-12 23:21:36] [SEVERE ] setting player 1 freeze to 471
[2022-12-12 23:21:36] [SEVERE ] setting player 1 freeze to 460
[2022-12-12 23:21:36] [SEVERE ] setting player 1 freeze to 449
[2022-12-12 23:21:36] [SEVERE ] setting player 1 freeze to 438
[2022-12-12 23:21:36] [SEVERE ] setting player 1 freeze to 426
[2022-12-12 23:21:36] [SEVERE ] setting player 1 freeze to 415
[2022-12-12 23:21:36] [SEVERE ] setting player 1 freeze to 403
[2022-12-12 23:21:36] [SEVERE ] setting player 1 freeze to 392
[2022-12-12 23:21:36] [SEVERE ] setting player 1 freeze to 381
[2022-12-12 23:21:36] [SEVERE ] setting player 1 freeze to 369
[2022-12-12 23:21:36] [SEVERE ] setting player 1 freeze to 358
[2022-12-12 23:21:36] [SEVERE ] setting player 1 freeze to 347
[2022-12-12 23:21:36] [SEVERE ] setting player 1 freeze to 335
[2022-12-12 23:21:36] [SEVERE ] setting player 1 freeze to 325
[2022-12-12 23:21:36] [SEVERE ] setting player 1 freeze to 314
[2022-12-12 23:21:36] [SEVERE ] setting player 1 freeze to 303
[2022-12-12 23:21:36] [SEVERE ] setting player 1 freeze to 291
[2022-12-12 23:21:36] [SEVERE ] setting player 1 freeze to 280
[2022-12-12 23:21:36] [SEVERE ] setting player 1 freeze to 269
[2022-12-12 23:21:36] [SEVERE ] setting player 1 freeze to 257
[2022-12-12 23:21:36] [SEVERE ] setting player 1 freeze to 246
[2022-12-12 23:21:36] [SEVERE ] setting player 1 freeze to 235
[2022-12-12 23:21:36] [SEVERE ] setting player 1 freeze to 224
[2022-12-12 23:21:36] [SEVERE ] setting player 1 freeze to 213
[2022-12-12 23:21:36] [SEVERE ] setting player 1 freeze to 202
[2022-12-12 23:21:36] [SEVERE ] setting player 1 freeze to 190
[2022-12-12 23:21:36] [SEVERE ] setting player 1 freeze to 179
[2022-12-12 23:21:36] [SEVERE ] setting player 1 freeze to 168
[2022-12-12 23:21:36] [SEVERE ] setting player 1 freeze to 157
[2022-12-12 23:21:36] [SEVERE ] setting player 1 freeze to 145
[2022-12-12 23:21:36] [SEVERE ] setting player 1 freeze to 134
[2022-12-12 23:21:36] [SEVERE ] setting player 1 freeze to 123
[2022-12-12 23:21:36] [SEVERE ] setting player 1 freeze to 112
[2022-12-12 23:21:36] [SEVERE ] setting player 1 freeze to 100
[2022-12-12 23:21:36] [SEVERE ] setting player 1 freeze to 89
[2022-12-12 23:21:36] [SEVERE ] setting player 1 freeze to 77
[2022-12-12 23:21:36] [SEVERE ] setting player 1 freeze to 65
[2022-12-12 23:21:36] [SEVERE ] setting player 1 freeze to 53
[2022-12-12 23:21:36] [SEVERE ] setting player 1 freeze to 41
[2022-12-12 23:21:36] [SEVERE ] setting player 1 freeze to 30
[2022-12-12 23:21:36] [SEVERE ] setting player 1 freeze to 19
[2022-12-12 23:21:36] [SEVERE ] setting player 1 freeze to 7
[2022-12-12 23:21:36] [SEVERE ] setting player 1 freeze to 0
[2022-12-12 23:21:38] [SEVERE ] setting player 0 freeze to 10
[2022-12-12 23:21:38] [SEVERE ] removing card from slot 0
[2022-12-12 23:21:38] [SEVERE ] removing card from slot 1
[2022-12-12 23:21:38] [SEVERE ] removing card from slot 2
[2022-12-12 23:21:38] [SEVERE ] removing card from slot 3
[2022-12-12 23:21:39] [SEVERE ] removing card from slot 4
[2022-12-12 23:21:39] [SEVERE ] removing card from slot 5
[2022-12-12 23:21:39] [SEVERE ] Key 81 was pressed by player 0
[2022-12-12 23:21:39] [SEVERE ] removing card from slot 6
[2022-12-12 23:21:39] [SEVERE ] removing card from slot 7
[2022-12-12 23:21:39] [SEVERE ] removing card from slot 8
[2022-12-12 23:21:39] [SEVERE ] removing card from slot 9
[2022-12-12 23:21:39] [SEVERE ] removing card from slot 10
[2022-12-12 23:21:39] [SEVERE ] removing card from slot 11
[2022-12-12 23:21:39] [SEVERE ] placing card 2 in slot 0
[2022-12-12 23:21:40] [SEVERE ] placing card 34 in slot 1
[2022-12-12 23:21:40] [SEVERE ] placing card 11 in slot 2
[2022-12-12 23:21:40] [SEVERE ] placing card 58 in slot 3
[2022-12-12 23:21:40] [SEVERE ] Key 81 was pressed by player 0
[2022-12-12 23:21:40] [SEVERE ] placing card 27 in slot 4
[2022-12-12 23:21:40] [SEVERE ] Key 87 was pressed by player 0
[2022-12-12 23:21:40] [SEVERE ] Key 69 was pressed by player 0
[2022-12-12 23:21:40] [SEVERE ] placing card 60 in slot 5
[2022-12-12 23:21:40] [SEVERE ] placing card 47 in slot 6
[2022-12-12 23:21:40] [SEVERE ] placing card 54 in slot 7
[2022-12-12 23:21:40] [SEVERE ] placing card 56 in slot 8
[2022-12-12 23:21:40] [SEVERE ] placing card 77 in slot 9
[2022-12-12 23:21:40] [SEVERE ] placing card 32 in slot 10
[2022-12-12 23:21:41] [SEVERE ] placing card 30 in slot 11
[2022-12-12 23:21:41] [SEVERE ] setting player 1 freeze to 0
[2022-12-12 23:21:41] [SEVERE ] setting player 0 freeze to 0
[2022-12-12 23:21:56] [SEVERE ] setting player 0 freeze to 10
[2022-12-12 23:21:56] [SEVERE ] setting player 1 freeze to 10
[2022-12-12 23:21:56] [SEVERE ] removing card from slot 0
[2022-12-12 23:21:56] [SEVERE ] removing card from slot 1
[2022-12-12 23:21:56] [SEVERE ] removing card from slot 2
[2022-12-12 23:21:56] [SEVERE ] removing card from slot 3
[2022-12-12 23:21:56] [SEVERE ] removing card from slot 4
[2022-12-12 23:21:56] [SEVERE ] removing card from slot 5
[2022-12-12 23:21:56] [SEVERE ] removing card from slot 6
[2022-12-12 23:21:56] [SEVERE ] removing card from slot 7
[2022-12-12 23:21:56] [SEVERE ] removing card from slot 8
[2022-12-12 23:21:57] [SEVERE ] removing card from slot 9
[2022-12-12 23:21:57] [SEVERE ] removing card from slot 10
[2022-12-12 23:21:57] [SEVERE ] removing card from slot 11
[2022-12-12 23:21:57] [SEVERE ] placing card 41 in slot 0
[2022-12-12 23:21:57] [SEVERE ] placing card 32 in slot 1
[2022-12-12 23:21:57] [SEVERE ] placing card 66 in slot 2
[2022-12-12 23:21:57] [SEVERE ] placing card 25 in slot 3
[2022-12-12 23:21:57] [SEVERE ] placing card 35 in slot 4
[2022-12-12 23:21:57] [SEVERE ] placing card 23 in slot 5
[2022-12-12 23:21:57] [SEVERE ] placing card 17 in slot 6
[2022-12-12 23:21:58] [SEVERE ] placing card 49 in slot 7
[2022-12-12 23:21:58] [SEVERE ] placing card 36 in slot 8
[2022-12-12 23:21:58] [SEVERE ] placing card 75 in slot 9
[2022-12-12 23:21:58] [SEVERE ] placing card 5 in slot 10
[2022-12-12 23:21:58] [SEVERE ] placing card 74 in slot 11
[2022-12-12 23:21:58] [SEVERE ] setting player 1 freeze to 0
[2022-12-12 23:21:58] [SEVERE ] setting player 0 freeze to 0
[2022-12-12 23:22:13] [SEVERE ] setting player 0 freeze to 10
[2022-12-12 23:22:13] [SEVERE ] removing card from slot 0
[2022-12-12 23:22:13] [SEVERE ] removing card from slot 1
[2022-12-12 23:22:13] [SEVERE ] removing card from slot 2
[2022-12-12 23:22:13] [SEVERE ] removing card from slot 3
[2022-12-12 23:22:13] [SEVERE ] removing card from slot 4
[2022-12-12 23:22:14] [SEVERE ] removing card from slot 5
[2022-12-12 23:22:14] [SEVERE ] removing card from slot 6
[2022-12-12 23:22:14] [SEVERE ] removing card from slot 7
[2022-12-12 23:22:14] [SEVERE ] removing card from slot 8
[2022-12-12 23:22:14] [SEVERE ] removing card from slot 9
[2022-12-12 23:22:14] [SEVERE ] removing card from slot 10
[2022-12-12 23:22:14] [SEVERE ] removing card from slot 11
[2022-12-12 23:22:14] [SEVERE ] placing card 52 in slot 0
[2022-12-12 23:22:14] [SEVERE ] placing card 64 in slot 1
[2022-12-12 23:22:14] [SEVERE ] placing card 38 in slot 2
[2022-12-12 23:22:15] [SEVERE ] placing card 26 in slot 3
[2022-12-12 23:22:15] [SEVERE ] placing card 17 in slot 4
[2022-12-12 23:22:15] [SEVERE ] placing card 44 in slot 5
[2022-12-12 23:22:15] [SEVERE ] placing card 48 in slot 6
[2022-12-12 23:22:15] [SEVERE ] placing card 6 in slot 7
[2022-12-12 23:22:15] [SEVERE ] placing card 8 in slot 8
[2022-12-12 23:22:15] [SEVERE ] placing card 25 in slot 9
[2022-12-12 23:22:15] [SEVERE ] placing card 54 in slot 10
[2022-12-12 23:22:15] [SEVERE ] placing card 24 in slot 11
[2022-12-12 23:22:15] [SEVERE ] setting player 0 freeze to 0
[2022-12-12 23:22:15] [SEVERE ] setting player 1 freeze to 0
[2022-12-12 23:22:30] [SEVERE ] removing card from slot 0
[2022-12-12 23:22:31] [SEVERE ] removing card from slot 1
[2022-12-12 23:22:31] [SEVERE ] removing card from slot 2
[2022-12-12 23:22:31] [SEVERE ] removing card from slot 3
[2022-12-12 23:22:31] [SEVERE ] removing card from slot 4
[2022-12-12 23:22:31] [SEVERE ] removing card from slot 5
[2022-12-12 23:22:31] [SEVERE ] removing card from slot 6
[2022-12-12 23:22:31] [SEVERE ] removing card from slot 7
[2022-12-12 23:22:31] [SEVERE ] removing card from slot 8
[2022-12-12 23:22:31] [SEVERE ] removing card from slot 9
[2022-12-12 23:22:31] [SEVERE ] removing card from slot 10
[2022-12-12 23:22:32] [SEVERE ] removing card from slot 11
[2022-12-12 23:22:32] [SEVERE ] placing card 33 in slot 0
[2022-12-12 23:22:32] [SEVERE ] placing card 69 in slot 1
[2022-12-12 23:22:32] [SEVERE ] placing card 43 in slot 2
[2022-12-12 23:22:32] [SEVERE ] placing card 19 in slot 3
[2022-12-12 23:22:32] [SEVERE ] placing card 8 in slot 4
[2022-12-12 23:22:32] [SEVERE ] placing card 11 in slot 5
[2022-12-12 23:22:32] [SEVERE ] placing card 41 in slot 6
[2022-12-12 23:22:32] [SEVERE ] placing card 52 in slot 7
[2022-12-12 23:22:32] [SEVERE ] placing card 21 in slot 8
[2022-12-12 23:22:33] [SEVERE ] placing card 62 in slot 9
[2022-12-12 23:22:33] [SEVERE ] placing card 77 in slot 10
[2022-12-12 23:22:33] [SEVERE ] placing card 64 in slot 11
[2022-12-12 23:22:33] [SEVERE ] setting player 0 freeze to 0
[2022-12-12 23:22:33] [SEVERE ] setting player 1 freeze to 0
