[2022-12-12 17:40:05] [INFO   ] cannot read configuration file config.properties trying from resources.
[2022-12-12 17:40:05] [INFO   ] configuration file was loaded from resources directory.
[2022-12-12 17:40:06] [INFO   ] Thread dealer starting.
[2022-12-12 17:40:06] [INFO   ] Thread Player 0starting.
[2022-12-12 17:40:06] [INFO   ] Thread Player 1starting.
[2022-12-12 17:40:06] [SEVERE ] placing card 71 in slot 0
[2022-12-12 17:40:06] [SEVERE ] placing card 78 in slot 1
[2022-12-12 17:40:06] [SEVERE ] placing card 41 in slot 2
[2022-12-12 17:40:06] [SEVERE ] placing card 74 in slot 3
[2022-12-12 17:40:06] [SEVERE ] placing card 66 in slot 4
[2022-12-12 17:40:06] [SEVERE ] placing card 6 in slot 5
[2022-12-12 17:40:07] [SEVERE ] placing card 53 in slot 6
[2022-12-12 17:40:07] [SEVERE ] placing card 36 in slot 7
[2022-12-12 17:40:07] [SEVERE ] placing card 44 in slot 8
[2022-12-12 17:40:07] [SEVERE ] placing card 35 in slot 9
[2022-12-12 17:40:07] [SEVERE ] placing card 69 in slot 10
[2022-12-12 17:40:07] [SEVERE ] placing card 24 in slot 11
[2022-12-12 17:40:08] [SEVERE ] Key 81 was pressed by player 0
[2022-12-12 17:40:08] [SEVERE ] player 0 placing token on slot 0
[2022-12-12 17:40:08] [SEVERE ] Key 87 was pressed by player 0
[2022-12-12 17:40:08] [SEVERE ] player 0 placing token on slot 1
[2022-12-12 17:40:08] [SEVERE ] Key 69 was pressed by player 0
[2022-12-12 17:40:08] [SEVERE ] player 0 placing token on slot 2
[2022-12-12 17:40:08] [SEVERE ] setting player 0 freeze to 1000
[2022-12-12 17:40:08] [SEVERE ] removing player 0 token from slot 0
[2022-12-12 17:40:08] [SEVERE ] removing player 0 token from slot 1
[2022-12-12 17:40:08] [SEVERE ] removing player 0 token from slot 2
[2022-12-12 17:40:15] [SEVERE ] Key 81 was pressed by player 0
[2022-12-12 17:40:15] [SEVERE ] player 0 placing token on slot 0
[2022-12-12 17:40:15] [SEVERE ] Key 87 was pressed by player 0
[2022-12-12 17:40:15] [SEVERE ] player 0 placing token on slot 1
[2022-12-12 17:40:15] [SEVERE ] Key 69 was pressed by player 0
[2022-12-12 17:40:15] [SEVERE ] player 0 placing token on slot 2
[2022-12-12 17:40:15] [SEVERE ] setting player 0 freeze to 1000
[2022-12-12 17:40:15] [SEVERE ] removing player 0 token from slot 0
[2022-12-12 17:40:15] [SEVERE ] removing player 0 token from slot 1
[2022-12-12 17:40:15] [SEVERE ] removing player 0 token from slot 2
[2022-12-12 17:40:17] [SEVERE ] Key 81 was pressed by player 0
[2022-12-12 17:40:17] [SEVERE ] player 0 placing token on slot 0
[2022-12-12 17:40:17] [SEVERE ] Key 87 was pressed by player 0
[2022-12-12 17:40:17] [SEVERE ] player 0 placing token on slot 1
[2022-12-12 17:40:17] [SEVERE ] Key 69 was pressed by player 0
[2022-12-12 17:40:17] [SEVERE ] player 0 placing token on slot 2
[2022-12-12 17:40:17] [SEVERE ] setting player 0 freeze to 1000
[2022-12-12 17:40:17] [SEVERE ] removing player 0 token from slot 0
[2022-12-12 17:40:17] [SEVERE ] removing player 0 token from slot 1
[2022-12-12 17:40:17] [SEVERE ] removing player 0 token from slot 2
[2022-12-12 17:40:18] [SEVERE ] Key 81 was pressed by player 0
[2022-12-12 17:40:18] [SEVERE ] player 0 placing token on slot 0
[2022-12-12 17:40:18] [SEVERE ] Key 87 was pressed by player 0
[2022-12-12 17:40:18] [SEVERE ] player 0 placing token on slot 1
[2022-12-12 17:40:18] [SEVERE ] Key 69 was pressed by player 0
[2022-12-12 17:40:18] [SEVERE ] player 0 placing token on slot 2
[2022-12-12 17:40:18] [SEVERE ] setting player 0 freeze to 1000
[2022-12-12 17:40:18] [SEVERE ] removing player 0 token from slot 0
[2022-12-12 17:40:18] [SEVERE ] removing player 0 token from slot 1
[2022-12-12 17:40:18] [SEVERE ] removing player 0 token from slot 2
[2022-12-12 17:40:18] [SEVERE ] Key 81 was pressed by player 0
[2022-12-12 17:40:18] [SEVERE ] player 0 placing token on slot 0
[2022-12-12 17:40:18] [SEVERE ] Key 87 was pressed by player 0
[2022-12-12 17:40:18] [SEVERE ] player 0 placing token on slot 1
[2022-12-12 17:40:18] [SEVERE ] Key 69 was pressed by player 0
[2022-12-12 17:40:18] [SEVERE ] player 0 placing token on slot 2
[2022-12-12 17:40:18] [SEVERE ] setting player 0 freeze to 1000
[2022-12-12 17:40:18] [SEVERE ] removing player 0 token from slot 0
[2022-12-12 17:40:18] [SEVERE ] removing player 0 token from slot 1
[2022-12-12 17:40:18] [SEVERE ] removing player 0 token from slot 2
[2022-12-12 17:40:19] [SEVERE ] Key 81 was pressed by player 0
[2022-12-12 17:40:19] [SEVERE ] player 0 placing token on slot 0
[2022-12-12 17:40:19] [SEVERE ] Key 87 was pressed by player 0
[2022-12-12 17:40:19] [SEVERE ] player 0 placing token on slot 1
[2022-12-12 17:40:19] [SEVERE ] Key 69 was pressed by player 0
[2022-12-12 17:40:19] [SEVERE ] player 0 placing token on slot 2
[2022-12-12 17:40:19] [SEVERE ] setting player 0 freeze to 1000
[2022-12-12 17:40:19] [SEVERE ] removing player 0 token from slot 0
[2022-12-12 17:40:19] [SEVERE ] removing player 0 token from slot 1
[2022-12-12 17:40:19] [SEVERE ] removing player 0 token from slot 2
[2022-12-12 17:40:19] [SEVERE ] Key 81 was pressed by player 0
[2022-12-12 17:40:19] [SEVERE ] player 0 placing token on slot 0
[2022-12-12 17:40:19] [SEVERE ] Key 87 was pressed by player 0
[2022-12-12 17:40:19] [SEVERE ] player 0 placing token on slot 1
[2022-12-12 17:40:19] [SEVERE ] Key 69 was pressed by player 0
[2022-12-12 17:40:19] [SEVERE ] player 0 placing token on slot 2
[2022-12-12 17:40:19] [SEVERE ] setting player 0 freeze to 1000
[2022-12-12 17:40:19] [SEVERE ] removing player 0 token from slot 0
[2022-12-12 17:40:19] [SEVERE ] removing player 0 token from slot 1
[2022-12-12 17:40:19] [SEVERE ] removing player 0 token from slot 2
[2022-12-12 17:40:19] [SEVERE ] Key 81 was pressed by player 0
[2022-12-12 17:40:19] [SEVERE ] player 0 placing token on slot 0
[2022-12-12 17:40:19] [SEVERE ] Key 87 was pressed by player 0
[2022-12-12 17:40:19] [SEVERE ] player 0 placing token on slot 1
[2022-12-12 17:40:19] [SEVERE ] Key 69 was pressed by player 0
[2022-12-12 17:40:19] [SEVERE ] player 0 placing token on slot 2
[2022-12-12 17:40:19] [SEVERE ] setting player 0 freeze to 1000
[2022-12-12 17:40:19] [SEVERE ] removing player 0 token from slot 0
[2022-12-12 17:40:19] [SEVERE ] removing player 0 token from slot 1
[2022-12-12 17:40:19] [SEVERE ] removing player 0 token from slot 2
[2022-12-12 17:40:20] [SEVERE ] Key 81 was pressed by player 0
[2022-12-12 17:40:20] [SEVERE ] player 0 placing token on slot 0
[2022-12-12 17:40:20] [SEVERE ] Key 87 was pressed by player 0
[2022-12-12 17:40:20] [SEVERE ] player 0 placing token on slot 1
[2022-12-12 17:40:20] [SEVERE ] Key 69 was pressed by player 0
[2022-12-12 17:40:20] [SEVERE ] player 0 placing token on slot 2
[2022-12-12 17:40:20] [SEVERE ] setting player 0 freeze to 1000
[2022-12-12 17:40:20] [SEVERE ] removing player 0 token from slot 0
[2022-12-12 17:40:20] [SEVERE ] removing player 0 token from slot 1
[2022-12-12 17:40:20] [SEVERE ] removing player 0 token from slot 2
[2022-12-12 17:40:20] [SEVERE ] Key 87 was pressed by player 0
[2022-12-12 17:40:20] [SEVERE ] player 0 placing token on slot 1
[2022-12-12 17:40:20] [SEVERE ] Key 81 was pressed by player 0
[2022-12-12 17:40:20] [SEVERE ] player 0 placing token on slot 0
[2022-12-12 17:40:20] [SEVERE ] Key 69 was pressed by player 0
[2022-12-12 17:40:20] [SEVERE ] player 0 placing token on slot 2
[2022-12-12 17:40:20] [SEVERE ] setting player 0 freeze to 1000
[2022-12-12 17:40:20] [SEVERE ] removing player 0 token from slot 1
[2022-12-12 17:40:20] [SEVERE ] removing player 0 token from slot 0
[2022-12-12 17:40:20] [SEVERE ] removing player 0 token from slot 2
[2022-12-12 17:40:20] [SEVERE ] Key 87 was pressed by player 0
[2022-12-12 17:40:20] [SEVERE ] player 0 placing token on slot 1
[2022-12-12 17:40:20] [SEVERE ] Key 69 was pressed by player 0
[2022-12-12 17:40:20] [SEVERE ] player 0 placing token on slot 2
[2022-12-12 17:40:21] [SEVERE ] Key 81 was pressed by player 0
[2022-12-12 17:40:21] [SEVERE ] player 0 placing token on slot 0
[2022-12-12 17:40:21] [SEVERE ] setting player 0 freeze to 1000
[2022-12-12 17:40:21] [SEVERE ] removing player 0 token from slot 1
[2022-12-12 17:40:21] [SEVERE ] removing player 0 token from slot 2
[2022-12-12 17:40:21] [SEVERE ] removing player 0 token from slot 0
[2022-12-12 17:40:21] [SEVERE ] Key 87 was pressed by player 0
[2022-12-12 17:40:21] [SEVERE ] player 0 placing token on slot 1
[2022-12-12 17:40:21] [SEVERE ] Key 69 was pressed by player 0
[2022-12-12 17:40:21] [SEVERE ] player 0 placing token on slot 2
[2022-12-12 17:40:21] [SEVERE ] Key 81 was pressed by player 0
[2022-12-12 17:40:21] [SEVERE ] player 0 placing token on slot 0
[2022-12-12 17:40:21] [SEVERE ] setting player 0 freeze to 1000
[2022-12-12 17:40:21] [SEVERE ] removing player 0 token from slot 1
[2022-12-12 17:40:21] [SEVERE ] removing player 0 token from slot 2
[2022-12-12 17:40:21] [SEVERE ] removing player 0 token from slot 0
[2022-12-12 17:40:21] [SEVERE ] Key 87 was pressed by player 0
[2022-12-12 17:40:21] [SEVERE ] player 0 placing token on slot 1
[2022-12-12 17:40:21] [SEVERE ] Key 69 was pressed by player 0
[2022-12-12 17:40:21] [SEVERE ] player 0 placing token on slot 2
[2022-12-12 17:40:21] [SEVERE ] Key 87 was pressed by player 0
[2022-12-12 17:40:21] [SEVERE ] removing player 0 token from slot 1
[2022-12-12 17:40:21] [SEVERE ] Key 81 was pressed by player 0
[2022-12-12 17:40:21] [SEVERE ] player 0 placing token on slot 0
[2022-12-12 17:40:21] [SEVERE ] Key 69 was pressed by player 0
[2022-12-12 17:40:21] [SEVERE ] removing player 0 token from slot 2
[2022-12-12 17:40:22] [SEVERE ] Key 87 was pressed by player 0
[2022-12-12 17:40:22] [SEVERE ] player 0 placing token on slot 1
[2022-12-12 17:40:22] [SEVERE ] Key 81 was pressed by player 0
[2022-12-12 17:40:22] [SEVERE ] removing player 0 token from slot 0
[2022-12-12 17:40:22] [SEVERE ] Key 69 was pressed by player 0
[2022-12-12 17:40:22] [SEVERE ] player 0 placing token on slot 2
[2022-12-12 17:40:22] [SEVERE ] Key 87 was pressed by player 0
[2022-12-12 17:40:22] [SEVERE ] removing player 0 token from slot 1
[2022-12-12 17:40:22] [SEVERE ] Key 81 was pressed by player 0
[2022-12-12 17:40:22] [SEVERE ] player 0 placing token on slot 0
[2022-12-12 17:40:22] [SEVERE ] removing player 0 token from slot 2
[2022-12-12 17:40:22] [SEVERE ] removing player 0 token from slot 0
[2022-12-12 17:40:22] [SEVERE ] Key 69 was pressed by player 0
[2022-12-12 17:40:22] [SEVERE ] removing card from slot 0
[2022-12-12 17:40:22] [SEVERE ] removing card from slot 1
[2022-12-12 17:40:22] [SEVERE ] removing card from slot 2
[2022-12-12 17:40:22] [SEVERE ] removing card from slot 3
[2022-12-12 17:40:23] [SEVERE ] removing card from slot 4
[2022-12-12 17:40:23] [SEVERE ] removing card from slot 5
[2022-12-12 17:40:23] [SEVERE ] removing card from slot 6
[2022-12-12 17:40:23] [SEVERE ] removing card from slot 7
[2022-12-12 17:40:23] [SEVERE ] removing card from slot 8
[2022-12-12 17:40:23] [SEVERE ] removing card from slot 9
[2022-12-12 17:40:23] [SEVERE ] removing card from slot 10
[2022-12-12 17:40:23] [SEVERE ] removing card from slot 11
[2022-12-12 17:40:23] [SEVERE ] placing card 64 in slot 0
[2022-12-12 17:40:23] [SEVERE ] placing card 73 in slot 1
[2022-12-12 17:40:24] [SEVERE ] placing card 53 in slot 2
[2022-12-12 17:40:24] [SEVERE ] placing card 18 in slot 3
[2022-12-12 17:40:24] [SEVERE ] placing card 62 in slot 4
[2022-12-12 17:40:24] [SEVERE ] placing card 78 in slot 5
[2022-12-12 17:40:24] [SEVERE ] placing card 0 in slot 6
[2022-12-12 17:40:24] [SEVERE ] placing card 44 in slot 7
[2022-12-12 17:40:24] [SEVERE ] placing card 31 in slot 8
[2022-12-12 17:40:24] [SEVERE ] placing card 60 in slot 9
[2022-12-12 17:40:24] [SEVERE ] placing card 46 in slot 10
[2022-12-12 17:40:24] [SEVERE ] placing card 50 in slot 11
[2022-12-12 17:40:24] [SEVERE ] player 0 placing token on slot 2
[2022-12-12 17:40:24] [SEVERE ] Key 87 was pressed by player 0
[2022-12-12 17:40:24] [SEVERE ] player 0 placing token on slot 1
[2022-12-12 17:40:24] [SEVERE ] Key 69 was pressed by player 0
[2022-12-12 17:40:24] [SEVERE ] removing player 0 token from slot 2
[2022-12-12 17:40:24] [SEVERE ] Key 87 was pressed by player 0
[2022-12-12 17:40:24] [SEVERE ] removing player 0 token from slot 1
[2022-12-12 17:40:24] [SEVERE ] Key 81 was pressed by player 0
[2022-12-12 17:40:24] [SEVERE ] player 0 placing token on slot 0
