[2022-12-12 18:47:45] [INFO   ] cannot read configuration file config.properties trying from resources.
[2022-12-12 18:47:45] [INFO   ] configuration file was loaded from resources directory.
[2022-12-12 18:47:46] [INFO   ] Thread dealer starting.
[2022-12-12 18:47:46] [INFO   ] Thread Player 0starting.
[2022-12-12 18:47:46] [INFO   ] Thread Player 1starting.
[2022-12-12 18:47:46] [SEVERE ] placing card 18 in slot 0
[2022-12-12 18:47:46] [SEVERE ] placing card 21 in slot 1
[2022-12-12 18:47:47] [SEVERE ] placing card 54 in slot 2
[2022-12-12 18:47:47] [SEVERE ] placing card 28 in slot 3
[2022-12-12 18:47:47] [SEVERE ] placing card 69 in slot 4
[2022-12-12 18:47:47] [SEVERE ] placing card 73 in slot 5
[2022-12-12 18:47:47] [SEVERE ] placing card 78 in slot 6
[2022-12-12 18:47:47] [SEVERE ] placing card 32 in slot 7
[2022-12-12 18:47:47] [SEVERE ] placing card 63 in slot 8
[2022-12-12 18:47:47] [SEVERE ] placing card 15 in slot 9
[2022-12-12 18:47:47] [SEVERE ] placing card 11 in slot 10
[2022-12-12 18:47:47] [SEVERE ] placing card 24 in slot 11
[2022-12-12 18:47:49] [SEVERE ] Key 81 was pressed by player 0
[2022-12-12 18:47:49] [SEVERE ] player 0 placing token on slot 0
[2022-12-12 18:47:49] [SEVERE ] Key 87 was pressed by player 0
[2022-12-12 18:47:49] [SEVERE ] player 0 placing token on slot 1
[2022-12-12 18:47:49] [SEVERE ] Key 69 was pressed by player 0
[2022-12-12 18:47:49] [SEVERE ] player 0 placing token on slot 2
[2022-12-12 18:47:49] [SEVERE ] setting player 0 freeze to 1000
[2022-12-12 18:47:49] [SEVERE ] removing player 0 token from slot 0
[2022-12-12 18:47:49] [SEVERE ] removing player 0 token from slot 1
[2022-12-12 18:47:49] [SEVERE ] removing player 0 token from slot 2
[2022-12-12 18:47:51] [SEVERE ] Key 81 was pressed by player 0
[2022-12-12 18:47:51] [SEVERE ] player 0 placing token on slot 0
[2022-12-12 18:47:51] [SEVERE ] Key 87 was pressed by player 0
[2022-12-12 18:47:51] [SEVERE ] player 0 placing token on slot 1
[2022-12-12 18:47:51] [SEVERE ] Key 69 was pressed by player 0
[2022-12-12 18:47:51] [SEVERE ] player 0 placing token on slot 2
[2022-12-12 18:47:51] [SEVERE ] setting player 0 freeze to 1000
[2022-12-12 18:47:51] [SEVERE ] removing player 0 token from slot 0
[2022-12-12 18:47:51] [SEVERE ] removing player 0 token from slot 1
[2022-12-12 18:47:51] [SEVERE ] removing player 0 token from slot 2
[2022-12-12 18:47:53] [SEVERE ] Key 81 was pressed by player 0
[2022-12-12 18:47:53] [SEVERE ] player 0 placing token on slot 0
[2022-12-12 18:47:53] [SEVERE ] Key 87 was pressed by player 0
[2022-12-12 18:47:53] [SEVERE ] player 0 placing token on slot 1
[2022-12-12 18:47:53] [SEVERE ] Key 69 was pressed by player 0
[2022-12-12 18:47:53] [SEVERE ] player 0 placing token on slot 2
[2022-12-12 18:47:53] [SEVERE ] setting player 0 freeze to 1000
[2022-12-12 18:47:53] [SEVERE ] removing player 0 token from slot 0
[2022-12-12 18:47:53] [SEVERE ] removing player 0 token from slot 1
[2022-12-12 18:47:53] [SEVERE ] removing player 0 token from slot 2
[2022-12-12 18:47:54] [SEVERE ] Key 81 was pressed by player 0
[2022-12-12 18:47:54] [SEVERE ] player 0 placing token on slot 0
[2022-12-12 18:47:54] [SEVERE ] Key 87 was pressed by player 0
[2022-12-12 18:47:54] [SEVERE ] player 0 placing token on slot 1
[2022-12-12 18:47:54] [SEVERE ] Key 69 was pressed by player 0
[2022-12-12 18:47:54] [SEVERE ] player 0 placing token on slot 2
[2022-12-12 18:47:54] [SEVERE ] setting player 0 freeze to 1000
[2022-12-12 18:47:54] [SEVERE ] removing player 0 token from slot 0
[2022-12-12 18:47:54] [SEVERE ] removing player 0 token from slot 1
[2022-12-12 18:47:54] [SEVERE ] removing player 0 token from slot 2
[2022-12-12 18:47:54] [SEVERE ] Key 81 was pressed by player 0
[2022-12-12 18:47:54] [SEVERE ] player 0 placing token on slot 0
[2022-12-12 18:47:54] [SEVERE ] Key 87 was pressed by player 0
[2022-12-12 18:47:54] [SEVERE ] player 0 placing token on slot 1
[2022-12-12 18:47:54] [SEVERE ] Key 69 was pressed by player 0
[2022-12-12 18:47:54] [SEVERE ] player 0 placing token on slot 2
[2022-12-12 18:47:54] [SEVERE ] setting player 0 freeze to 1000
[2022-12-12 18:47:54] [SEVERE ] removing player 0 token from slot 0
[2022-12-12 18:47:54] [SEVERE ] removing player 0 token from slot 1
[2022-12-12 18:47:54] [SEVERE ] removing player 0 token from slot 2
[2022-12-12 18:47:54] [SEVERE ] Key 87 was pressed by player 0
[2022-12-12 18:47:54] [SEVERE ] player 0 placing token on slot 1
[2022-12-12 18:47:54] [SEVERE ] Key 81 was pressed by player 0
[2022-12-12 18:47:54] [SEVERE ] player 0 placing token on slot 0
[2022-12-12 18:47:54] [SEVERE ] Key 69 was pressed by player 0
[2022-12-12 18:47:54] [SEVERE ] player 0 placing token on slot 2
[2022-12-12 18:47:54] [SEVERE ] setting player 0 freeze to 1000
[2022-12-12 18:47:54] [SEVERE ] removing player 0 token from slot 1
[2022-12-12 18:47:54] [SEVERE ] removing player 0 token from slot 0
[2022-12-12 18:47:54] [SEVERE ] removing player 0 token from slot 2
[2022-12-12 18:47:54] [SEVERE ] Key 81 was pressed by player 0
[2022-12-12 18:47:54] [SEVERE ] player 0 placing token on slot 0
[2022-12-12 18:47:54] [SEVERE ] Key 87 was pressed by player 0
[2022-12-12 18:47:54] [SEVERE ] player 0 placing token on slot 1
[2022-12-12 18:47:54] [SEVERE ] Key 69 was pressed by player 0
[2022-12-12 18:47:54] [SEVERE ] player 0 placing token on slot 2
[2022-12-12 18:47:54] [SEVERE ] setting player 0 freeze to 1000
[2022-12-12 18:47:54] [SEVERE ] removing player 0 token from slot 0
[2022-12-12 18:47:54] [SEVERE ] removing player 0 token from slot 1
[2022-12-12 18:47:54] [SEVERE ] removing player 0 token from slot 2
[2022-12-12 18:47:55] [SEVERE ] Key 87 was pressed by player 0
[2022-12-12 18:47:55] [SEVERE ] player 0 placing token on slot 1
[2022-12-12 18:47:55] [SEVERE ] Key 81 was pressed by player 0
[2022-12-12 18:47:55] [SEVERE ] player 0 placing token on slot 0
[2022-12-12 18:47:55] [SEVERE ] Key 69 was pressed by player 0
[2022-12-12 18:47:55] [SEVERE ] player 0 placing token on slot 2
[2022-12-12 18:47:55] [SEVERE ] setting player 0 freeze to 1000
[2022-12-12 18:47:55] [SEVERE ] removing player 0 token from slot 1
[2022-12-12 18:47:55] [SEVERE ] removing player 0 token from slot 0
[2022-12-12 18:47:55] [SEVERE ] removing player 0 token from slot 2
[2022-12-12 18:47:55] [SEVERE ] Key 87 was pressed by player 0
[2022-12-12 18:47:55] [SEVERE ] player 0 placing token on slot 1
[2022-12-12 18:47:55] [SEVERE ] Key 81 was pressed by player 0
[2022-12-12 18:47:55] [SEVERE ] player 0 placing token on slot 0
[2022-12-12 18:47:55] [SEVERE ] Key 69 was pressed by player 0
[2022-12-12 18:47:55] [SEVERE ] player 0 placing token on slot 2
[2022-12-12 18:47:55] [SEVERE ] setting player 0 freeze to 1000
[2022-12-12 18:47:55] [SEVERE ] removing player 0 token from slot 1
[2022-12-12 18:47:55] [SEVERE ] removing player 0 token from slot 0
[2022-12-12 18:47:55] [SEVERE ] removing player 0 token from slot 2
[2022-12-12 18:47:55] [SEVERE ] Key 87 was pressed by player 0
[2022-12-12 18:47:55] [SEVERE ] player 0 placing token on slot 1
[2022-12-12 18:47:55] [SEVERE ] Key 81 was pressed by player 0
[2022-12-12 18:47:55] [SEVERE ] player 0 placing token on slot 0
[2022-12-12 18:47:55] [SEVERE ] Key 69 was pressed by player 0
[2022-12-12 18:47:55] [SEVERE ] player 0 placing token on slot 2
[2022-12-12 18:47:55] [SEVERE ] setting player 0 freeze to 1000
[2022-12-12 18:47:55] [SEVERE ] removing player 0 token from slot 1
[2022-12-12 18:47:55] [SEVERE ] removing player 0 token from slot 0
[2022-12-12 18:47:55] [SEVERE ] removing player 0 token from slot 2
[2022-12-12 18:47:55] [SEVERE ] Key 87 was pressed by player 0
[2022-12-12 18:47:55] [SEVERE ] player 0 placing token on slot 1
[2022-12-12 18:47:55] [SEVERE ] Key 81 was pressed by player 0
[2022-12-12 18:47:55] [SEVERE ] player 0 placing token on slot 0
[2022-12-12 18:47:55] [SEVERE ] Key 69 was pressed by player 0
[2022-12-12 18:47:55] [SEVERE ] player 0 placing token on slot 2
[2022-12-12 18:47:55] [SEVERE ] setting player 0 freeze to 1000
[2022-12-12 18:47:55] [SEVERE ] removing player 0 token from slot 1
[2022-12-12 18:47:55] [SEVERE ] removing player 0 token from slot 0
[2022-12-12 18:47:55] [SEVERE ] removing player 0 token from slot 2
[2022-12-12 18:47:56] [SEVERE ] Key 87 was pressed by player 0
[2022-12-12 18:47:56] [SEVERE ] player 0 placing token on slot 1
[2022-12-12 18:47:56] [SEVERE ] Key 81 was pressed by player 0
[2022-12-12 18:47:56] [SEVERE ] player 0 placing token on slot 0
[2022-12-12 18:47:56] [SEVERE ] Key 69 was pressed by player 0
[2022-12-12 18:47:56] [SEVERE ] player 0 placing token on slot 2
[2022-12-12 18:47:56] [SEVERE ] setting player 0 freeze to 1000
[2022-12-12 18:47:56] [SEVERE ] removing player 0 token from slot 1
[2022-12-12 18:47:56] [SEVERE ] removing player 0 token from slot 0
[2022-12-12 18:47:56] [SEVERE ] removing player 0 token from slot 2
[2022-12-12 18:47:56] [SEVERE ] Key 87 was pressed by player 0
[2022-12-12 18:47:56] [SEVERE ] player 0 placing token on slot 1
[2022-12-12 18:47:56] [SEVERE ] Key 81 was pressed by player 0
[2022-12-12 18:47:56] [SEVERE ] player 0 placing token on slot 0
[2022-12-12 18:47:58] [SEVERE ] Exit button pressed
[2022-12-12 18:48:02] [SEVERE ] removing player 0 token from slot 1
[2022-12-12 18:48:02] [SEVERE ] removing player 0 token from slot 0
[2022-12-12 18:48:03] [SEVERE ] removing card from slot 0
[2022-12-12 18:48:03] [SEVERE ] removing card from slot 1
[2022-12-12 18:48:03] [SEVERE ] removing card from slot 2
[2022-12-12 18:48:03] [SEVERE ] removing card from slot 3
[2022-12-12 18:48:03] [SEVERE ] removing card from slot 4
[2022-12-12 18:48:03] [SEVERE ] removing card from slot 5
[2022-12-12 18:48:03] [SEVERE ] removing card from slot 6
[2022-12-12 18:48:03] [SEVERE ] removing card from slot 7
[2022-12-12 18:48:03] [SEVERE ] removing card from slot 8
[2022-12-12 18:48:03] [SEVERE ] removing card from slot 9
[2022-12-12 18:48:04] [SEVERE ] removing card from slot 10
[2022-12-12 18:48:04] [SEVERE ] removing card from slot 11
[2022-12-12 18:48:04] [SEVERE ] placing card 47 in slot 0
[2022-12-12 18:48:04] [SEVERE ] placing card 64 in slot 1
[2022-12-12 18:48:04] [SEVERE ] placing card 57 in slot 2
[2022-12-12 18:48:04] [SEVERE ] placing card 38 in slot 3
[2022-12-12 18:48:04] [SEVERE ] placing card 70 in slot 4
