[2022-12-12 18:19:07] [INFO   ] cannot read configuration file config.properties trying from resources.
[2022-12-12 18:19:07] [INFO   ] configuration file was loaded from resources directory.
[2022-12-12 18:19:08] [INFO   ] Thread dealer starting.
[2022-12-12 18:19:08] [INFO   ] Thread Player 0starting.
[2022-12-12 18:19:08] [INFO   ] Thread Player 1starting.
[2022-12-12 18:19:08] [SEVERE ] placing card 48 in slot 0
[2022-12-12 18:19:08] [SEVERE ] placing card 1 in slot 1
[2022-12-12 18:19:08] [SEVERE ] placing card 72 in slot 2
[2022-12-12 18:19:09] [SEVERE ] placing card 22 in slot 3
[2022-12-12 18:19:09] [SEVERE ] placing card 34 in slot 4
[2022-12-12 18:19:09] [SEVERE ] placing card 46 in slot 5
[2022-12-12 18:19:09] [SEVERE ] placing card 57 in slot 6
[2022-12-12 18:19:09] [SEVERE ] placing card 25 in slot 7
[2022-12-12 18:19:09] [SEVERE ] placing card 14 in slot 8
[2022-12-12 18:19:09] [SEVERE ] placing card 4 in slot 9
[2022-12-12 18:19:09] [SEVERE ] placing card 80 in slot 10
[2022-12-12 18:19:09] [SEVERE ] placing card 23 in slot 11
[2022-12-12 18:19:11] [SEVERE ] Key 81 was pressed by player 0
[2022-12-12 18:19:11] [SEVERE ] player 0 placing token on slot 0
[2022-12-12 18:19:11] [SEVERE ] Key 87 was pressed by player 0
[2022-12-12 18:19:11] [SEVERE ] player 0 placing token on slot 1
[2022-12-12 18:19:11] [SEVERE ] Key 69 was pressed by player 0
[2022-12-12 18:19:11] [SEVERE ] player 0 placing token on slot 2
[2022-12-12 18:19:18] [SEVERE ] setting player 0 freeze to 1000
[2022-12-12 18:19:22] [SEVERE ] removing player 0 token from slot 0
[2022-12-12 18:19:22] [SEVERE ] removing player 0 token from slot 1
[2022-12-12 18:19:22] [SEVERE ] removing player 0 token from slot 2
[2022-12-12 18:19:32] [SEVERE ] removing card from slot 0
[2022-12-12 18:19:32] [SEVERE ] removing card from slot 1
[2022-12-12 18:19:33] [SEVERE ] removing card from slot 2
[2022-12-12 18:19:33] [SEVERE ] removing card from slot 3
[2022-12-12 18:19:33] [SEVERE ] removing card from slot 4
[2022-12-12 18:19:33] [SEVERE ] removing card from slot 5
[2022-12-12 18:19:33] [SEVERE ] removing card from slot 6
[2022-12-12 18:19:33] [SEVERE ] removing card from slot 7
[2022-12-12 18:19:33] [SEVERE ] removing card from slot 8
[2022-12-12 18:19:33] [SEVERE ] removing card from slot 9
[2022-12-12 18:19:33] [SEVERE ] removing card from slot 10
[2022-12-12 18:19:33] [SEVERE ] removing card from slot 11
[2022-12-12 18:19:34] [SEVERE ] placing card 71 in slot 0
[2022-12-12 18:19:34] [SEVERE ] placing card 78 in slot 1
[2022-12-12 18:19:34] [SEVERE ] placing card 21 in slot 2
[2022-12-12 18:19:34] [SEVERE ] placing card 59 in slot 3
[2022-12-12 18:19:34] [SEVERE ] placing card 10 in slot 4
[2022-12-12 18:19:34] [SEVERE ] placing card 64 in slot 5
[2022-12-12 18:19:34] [SEVERE ] placing card 30 in slot 6
[2022-12-12 18:19:34] [SEVERE ] placing card 25 in slot 7
[2022-12-12 18:19:34] [SEVERE ] placing card 67 in slot 8
[2022-12-12 18:19:35] [SEVERE ] placing card 1 in slot 9
[2022-12-12 18:19:35] [SEVERE ] placing card 13 in slot 10
[2022-12-12 18:19:35] [SEVERE ] placing card 17 in slot 11
