[2022-12-12 16:11:48] [INFO   ] cannot read configuration file config.properties trying from resources.
[2022-12-12 16:11:48] [INFO   ] configuration file was loaded from resources directory.
[2022-12-12 16:11:49] [INFO   ] Thread dealer starting.
[2022-12-12 16:11:49] [SEVERE ] placing card 31 in slot 0
[2022-12-12 16:11:49] [SEVERE ] placing card 48 in slot 1
[2022-12-12 16:11:49] [SEVERE ] placing card 13 in slot 2
[2022-12-12 16:11:50] [SEVERE ] placing card 65 in slot 3
[2022-12-12 16:11:50] [SEVERE ] placing card 55 in slot 4
[2022-12-12 16:11:50] [SEVERE ] placing card 79 in slot 5
[2022-12-12 16:11:50] [SEVERE ] placing card 77 in slot 6
[2022-12-12 16:11:50] [SEVERE ] placing card 58 in slot 7
[2022-12-12 16:11:50] [SEVERE ] placing card 63 in slot 8
[2022-12-12 16:11:50] [SEVERE ] placing card 51 in slot 9
[2022-12-12 16:11:50] [SEVERE ] placing card 53 in slot 10
[2022-12-12 16:11:50] [SEVERE ] placing card 18 in slot 11
[2022-12-12 16:11:52] [SEVERE ] Key 73 was pressed by player 1
[2022-12-12 16:11:52] [SEVERE ] player 1 placing token on slot 1
[2022-12-12 16:11:54] [SEVERE ] Key 87 was pressed by player 0
[2022-12-12 16:11:54] [SEVERE ] player 0 placing token on slot 1
[2022-12-12 16:11:54] [SEVERE ] Key 79 was pressed by player 1
[2022-12-12 16:11:54] [SEVERE ] player 1 placing token on slot 2
[2022-12-12 16:11:55] [SEVERE ] Key 73 was pressed by player 1
[2022-12-12 16:11:55] [SEVERE ] removing player 1 token from slot 1
[2022-12-12 16:11:56] [SEVERE ] Key 87 was pressed by player 0
[2022-12-12 16:11:56] [SEVERE ] removing player 0 token from slot 1
[2022-12-12 16:11:57] [SEVERE ] Key 79 was pressed by player 1
[2022-12-12 16:11:57] [SEVERE ] removing player 1 token from slot 2
[2022-12-12 16:11:57] [SEVERE ] Key 73 was pressed by player 1
[2022-12-12 16:11:57] [SEVERE ] player 1 placing token on slot 1
[2022-12-12 16:11:57] [SEVERE ] Key 87 was pressed by player 0
[2022-12-12 16:11:57] [SEVERE ] player 0 placing token on slot 1
[2022-12-12 16:11:57] [SEVERE ] Key 79 was pressed by player 1
[2022-12-12 16:11:57] [SEVERE ] player 1 placing token on slot 2
[2022-12-12 16:11:58] [SEVERE ] Key 80 was pressed by player 1
[2022-12-12 16:11:58] [SEVERE ] player 1 placing token on slot 3
[2022-12-12 16:11:58] [SEVERE ] setting player 1 freeze to 1000
[2022-12-12 16:11:59] [SEVERE ] Key 75 was pressed by player 1
[2022-12-12 16:11:59] [SEVERE ] player 1 placing token on slot 5
[2022-12-12 16:12:00] [SEVERE ] Key 69 was pressed by player 0
[2022-12-12 16:12:00] [SEVERE ] player 0 placing token on slot 2
[2022-12-12 16:12:00] [SEVERE ] Key 73 was pressed by player 1
[2022-12-12 16:12:00] [SEVERE ] removing player 1 token from slot 1
[2022-12-12 16:12:00] [SEVERE ] Key 79 was pressed by player 1
[2022-12-12 16:12:00] [SEVERE ] removing player 1 token from slot 2
[2022-12-12 16:12:01] [SEVERE ] Key 87 was pressed by player 0
[2022-12-12 16:12:01] [SEVERE ] removing player 0 token from slot 1
[2022-12-12 16:12:01] [SEVERE ] Key 75 was pressed by player 1
[2022-12-12 16:12:01] [SEVERE ] removing player 1 token from slot 5
[2022-12-12 16:12:01] [SEVERE ] Key 80 was pressed by player 1
[2022-12-12 16:12:01] [SEVERE ] removing player 1 token from slot 3
[2022-12-12 16:12:01] [SEVERE ] Key 79 was pressed by player 1
[2022-12-12 16:12:01] [SEVERE ] player 1 placing token on slot 2
[2022-12-12 16:12:01] [SEVERE ] Key 81 was pressed by player 0
[2022-12-12 16:12:01] [SEVERE ] player 0 placing token on slot 0
[2022-12-12 16:12:02] [SEVERE ] Key 75 was pressed by player 1
[2022-12-12 16:12:02] [SEVERE ] player 1 placing token on slot 5
[2022-12-12 16:12:02] [SEVERE ] Key 87 was pressed by player 0
[2022-12-12 16:12:02] [SEVERE ] player 0 placing token on slot 1
[2022-12-12 16:12:02] [SEVERE ] setting player 0 freeze to 1000
[2022-12-12 16:12:03] [SEVERE ] Key 73 was pressed by player 1
[2022-12-12 16:12:03] [SEVERE ] player 1 placing token on slot 1
[2022-12-12 16:12:03] [SEVERE ] setting player 1 freeze to 1000
[2022-12-12 16:12:04] [SEVERE ] Key 74 was pressed by player 1
[2022-12-12 16:12:04] [SEVERE ] player 1 placing token on slot 4
[2022-12-12 16:12:04] [SEVERE ] Key 69 was pressed by player 0
[2022-12-12 16:12:04] [SEVERE ] removing player 0 token from slot 2
[2022-12-12 16:12:04] [SEVERE ] Key 79 was pressed by player 1
[2022-12-12 16:12:04] [SEVERE ] removing player 1 token from slot 2
[2022-12-12 16:12:04] [SEVERE ] Key 87 was pressed by player 0
[2022-12-12 16:12:04] [SEVERE ] removing player 0 token from slot 1
[2022-12-12 16:12:04] [SEVERE ] Key 75 was pressed by player 1
[2022-12-12 16:12:04] [SEVERE ] removing player 1 token from slot 5
[2022-12-12 16:12:04] [SEVERE ] Key 79 was pressed by player 1
[2022-12-12 16:12:04] [SEVERE ] player 1 placing token on slot 2
[2022-12-12 16:12:04] [SEVERE ] setting player 1 freeze to 1000
[2022-12-12 16:12:05] [SEVERE ] Key 73 was pressed by player 1
[2022-12-12 16:12:05] [SEVERE ] removing player 1 token from slot 1
[2022-12-12 16:12:05] [SEVERE ] Key 87 was pressed by player 0
[2022-12-12 16:12:05] [SEVERE ] player 0 placing token on slot 1
[2022-12-12 16:12:05] [SEVERE ] Key 74 was pressed by player 1
[2022-12-12 16:12:05] [SEVERE ] removing player 1 token from slot 4
[2022-12-12 16:12:05] [SEVERE ] Key 73 was pressed by player 1
[2022-12-12 16:12:05] [SEVERE ] player 1 placing token on slot 1
[2022-12-12 16:12:05] [SEVERE ] Key 69 was pressed by player 0
[2022-12-12 16:12:05] [SEVERE ] player 0 placing token on slot 2
[2022-12-12 16:12:05] [SEVERE ] setting player 0 freeze to 1000
[2022-12-12 16:12:06] [SEVERE ] removing player 0 token from slot 0
[2022-12-12 16:12:06] [SEVERE ] removing player 0 token from slot 1
[2022-12-12 16:12:06] [SEVERE ] removing player 0 token from slot 2
[2022-12-12 16:12:06] [SEVERE ] removing player 1 token from slot 2
[2022-12-12 16:12:06] [SEVERE ] removing player 1 token from slot 1
[2022-12-12 16:12:06] [SEVERE ] removing card from slot 0
[2022-12-12 16:12:06] [SEVERE ] removing card from slot 1
[2022-12-12 16:12:06] [SEVERE ] removing card from slot 2
[2022-12-12 16:12:06] [SEVERE ] removing card from slot 3
[2022-12-12 16:12:06] [SEVERE ] removing card from slot 4
[2022-12-12 16:12:06] [SEVERE ] removing card from slot 5
[2022-12-12 16:12:06] [SEVERE ] removing card from slot 6
[2022-12-12 16:12:07] [SEVERE ] removing card from slot 7
[2022-12-12 16:12:07] [SEVERE ] removing card from slot 8
[2022-12-12 16:12:07] [SEVERE ] removing card from slot 9
[2022-12-12 16:12:07] [SEVERE ] removing card from slot 10
