[2022-12-15 13:53:50] [INFO   ] cannot read configuration file config.properties trying from resources.
[2022-12-15 13:53:50] [INFO   ] configuration file was loaded from resources directory.
[2022-12-15 13:53:51] [INFO   ] Thread dealer starting.
[2022-12-15 13:53:51] [INFO   ] Thread Player 0starting.
[2022-12-15 13:53:51] [INFO   ] Thread Player 3starting.
[2022-12-15 13:53:51] [INFO   ] Thread Player 2starting.
[2022-12-15 13:53:51] [INFO   ] Thread Player 1starting.
[2022-12-15 13:53:51] [INFO   ] Thread computer-2 starting.
[2022-12-15 13:53:51] [INFO   ] Thread computer-3 starting.
[2022-12-15 13:53:51] [INFO   ] Thread computer-1 starting.
[2022-12-15 13:53:51] [SEVERE ] placing card 51 in slot 0
[2022-12-15 13:53:51] [SEVERE ] placing card 66 in slot 1
[2022-12-15 13:53:51] [SEVERE ] placing card 47 in slot 2
[2022-12-15 13:53:52] [SEVERE ] placing card 42 in slot 3
[2022-12-15 13:53:52] [SEVERE ] placing card 45 in slot 4
[2022-12-15 13:53:52] [SEVERE ] placing card 63 in slot 5
[2022-12-15 13:53:52] [SEVERE ] placing card 52 in slot 6
[2022-12-15 13:53:52] [SEVERE ] placing card 31 in slot 7
[2022-12-15 13:53:52] [SEVERE ] placing card 6 in slot 8
[2022-12-15 13:53:52] [SEVERE ] placing card 77 in slot 9
[2022-12-15 13:53:52] [SEVERE ] placing card 24 in slot 10
[2022-12-15 13:53:52] [SEVERE ] placing card 22 in slot 11
[2022-12-15 13:53:52] [SEVERE ] player 3 placing token on slot 3
[2022-12-15 13:53:52] [SEVERE ] player 1 placing token on slot 11
[2022-12-15 13:53:52] [SEVERE ] player 2 placing token on slot 9
[2022-12-15 13:53:53] [SEVERE ] player 3 placing token on slot 0
[2022-12-15 13:53:53] [SEVERE ] player 1 placing token on slot 3
[2022-12-15 13:53:53] [SEVERE ] removing player 2 token from slot 9
[2022-12-15 13:53:54] [SEVERE ] removing player 1 token from slot 3
[2022-12-15 13:53:54] [SEVERE ] player 3 placing token on slot 4
[2022-12-15 13:53:54] [SEVERE ] player 2 placing token on slot 1
[2022-12-15 13:53:54] [SEVERE ] removing player 3 token from slot 3
[2022-12-15 13:53:54] [SEVERE ] removing player 3 token from slot 0
[2022-12-15 13:53:54] [SEVERE ] removing player 3 token from slot 4
[2022-12-15 13:53:54] [SEVERE ] setting player 3 freeze to 3000
[2022-12-15 13:53:54] [SEVERE ] setting player 3 freeze to 2986
[2022-12-15 13:53:55] [SEVERE ] setting player 3 freeze to 2970
[2022-12-15 13:53:55] [SEVERE ] setting player 3 freeze to 2954
[2022-12-15 13:53:55] [SEVERE ] setting player 3 freeze to 2939
[2022-12-15 13:53:55] [SEVERE ] setting player 3 freeze to 2923
[2022-12-15 13:53:55] [SEVERE ] setting player 3 freeze to 2907
[2022-12-15 13:53:55] [SEVERE ] setting player 3 freeze to 2891
[2022-12-15 13:53:55] [SEVERE ] setting player 3 freeze to 2875
[2022-12-15 13:53:55] [SEVERE ] setting player 3 freeze to 2859
[2022-12-15 13:53:55] [SEVERE ] setting player 3 freeze to 2843
[2022-12-15 13:53:55] [SEVERE ] setting player 3 freeze to 2827
[2022-12-15 13:53:55] [SEVERE ] setting player 3 freeze to 2811
[2022-12-15 13:53:55] [SEVERE ] setting player 3 freeze to 2795
[2022-12-15 13:53:55] [SEVERE ] setting player 3 freeze to 2779
[2022-12-15 13:53:55] [SEVERE ] setting player 3 freeze to 2763
[2022-12-15 13:53:55] [SEVERE ] setting player 3 freeze to 2747
[2022-12-15 13:53:55] [SEVERE ] setting player 3 freeze to 2731
[2022-12-15 13:53:55] [SEVERE ] setting player 3 freeze to 2715
[2022-12-15 13:53:55] [SEVERE ] setting player 3 freeze to 2699
[2022-12-15 13:53:55] [SEVERE ] setting player 3 freeze to 2683
[2022-12-15 13:53:55] [SEVERE ] setting player 3 freeze to 2667
[2022-12-15 13:53:55] [SEVERE ] setting player 3 freeze to 2651
[2022-12-15 13:53:55] [SEVERE ] setting player 3 freeze to 2635
[2022-12-15 13:53:55] [SEVERE ] setting player 3 freeze to 2619
[2022-12-15 13:53:55] [SEVERE ] setting player 3 freeze to 2604
[2022-12-15 13:53:55] [SEVERE ] setting player 3 freeze to 2588
[2022-12-15 13:53:55] [SEVERE ] setting player 3 freeze to 2572
[2022-12-15 13:53:55] [SEVERE ] setting player 3 freeze to 2557
[2022-12-15 13:53:55] [SEVERE ] setting player 3 freeze to 2542
[2022-12-15 13:53:55] [SEVERE ] setting player 3 freeze to 2527
[2022-12-15 13:53:55] [SEVERE ] setting player 3 freeze to 2512
[2022-12-15 13:53:55] [SEVERE ] setting player 3 freeze to 2496
[2022-12-15 13:53:55] [SEVERE ] setting player 3 freeze to 2480
[2022-12-15 13:53:55] [SEVERE ] setting player 3 freeze to 2465
[2022-12-15 13:53:55] [SEVERE ] setting player 3 freeze to 2449
[2022-12-15 13:53:55] [SEVERE ] setting player 3 freeze to 2433
[2022-12-15 13:53:55] [SEVERE ] setting player 3 freeze to 2417
[2022-12-15 13:53:55] [SEVERE ] setting player 3 freeze to 2402
[2022-12-15 13:53:55] [SEVERE ] setting player 3 freeze to 2386
[2022-12-15 13:53:55] [SEVERE ] setting player 3 freeze to 2370
[2022-12-15 13:53:55] [SEVERE ] setting player 3 freeze to 2354
[2022-12-15 13:53:55] [SEVERE ] setting player 3 freeze to 2338
[2022-12-15 13:53:55] [SEVERE ] setting player 3 freeze to 2322
[2022-12-15 13:53:55] [SEVERE ] setting player 3 freeze to 2306
[2022-12-15 13:53:55] [SEVERE ] setting player 3 freeze to 2290
[2022-12-15 13:53:55] [SEVERE ] setting player 3 freeze to 2274
[2022-12-15 13:53:55] [SEVERE ] setting player 3 freeze to 2258
[2022-12-15 13:53:55] [SEVERE ] setting player 3 freeze to 2242
[2022-12-15 13:53:55] [SEVERE ] setting player 3 freeze to 2226
[2022-12-15 13:53:55] [SEVERE ] setting player 3 freeze to 2211
[2022-12-15 13:53:55] [SEVERE ] setting player 3 freeze to 2196
[2022-12-15 13:53:55] [SEVERE ] setting player 3 freeze to 2180
[2022-12-15 13:53:55] [SEVERE ] setting player 3 freeze to 2164
[2022-12-15 13:53:55] [SEVERE ] setting player 3 freeze to 2148
[2022-12-15 13:53:55] [SEVERE ] setting player 3 freeze to 2132
[2022-12-15 13:53:55] [SEVERE ] setting player 3 freeze to 2116
[2022-12-15 13:53:55] [SEVERE ] setting player 3 freeze to 2101
[2022-12-15 13:53:55] [SEVERE ] setting player 3 freeze to 2085
[2022-12-15 13:53:55] [SEVERE ] setting player 3 freeze to 2070
[2022-12-15 13:53:55] [SEVERE ] setting player 3 freeze to 2054
[2022-12-15 13:53:55] [SEVERE ] setting player 3 freeze to 2038
[2022-12-15 13:53:55] [SEVERE ] setting player 3 freeze to 2022
[2022-12-15 13:53:55] [SEVERE ] setting player 3 freeze to 2006
[2022-12-15 13:53:55] [SEVERE ] player 1 placing token on slot 8
[2022-12-15 13:53:55] [SEVERE ] setting player 3 freeze to 1990
[2022-12-15 13:53:55] [SEVERE ] player 2 placing token on slot 10
[2022-12-15 13:53:56] [SEVERE ] setting player 3 freeze to 1974
[2022-12-15 13:53:56] [SEVERE ] setting player 3 freeze to 1958
[2022-12-15 13:53:56] [SEVERE ] setting player 3 freeze to 1942
[2022-12-15 13:53:56] [SEVERE ] setting player 3 freeze to 1926
[2022-12-15 13:53:56] [SEVERE ] setting player 3 freeze to 1910
[2022-12-15 13:53:56] [SEVERE ] setting player 3 freeze to 1894
[2022-12-15 13:53:56] [SEVERE ] setting player 3 freeze to 1878
[2022-12-15 13:53:56] [SEVERE ] setting player 3 freeze to 1862
[2022-12-15 13:53:56] [SEVERE ] setting player 3 freeze to 1846
[2022-12-15 13:53:56] [SEVERE ] setting player 3 freeze to 1831
[2022-12-15 13:53:56] [SEVERE ] setting player 3 freeze to 1816
[2022-12-15 13:53:56] [SEVERE ] setting player 3 freeze to 1800
[2022-12-15 13:53:56] [SEVERE ] setting player 3 freeze to 1784
[2022-12-15 13:53:56] [SEVERE ] setting player 3 freeze to 1768
[2022-12-15 13:53:56] [SEVERE ] setting player 3 freeze to 1752
[2022-12-15 13:53:56] [SEVERE ] setting player 3 freeze to 1736
[2022-12-15 13:53:56] [SEVERE ] setting player 3 freeze to 1720
[2022-12-15 13:53:56] [SEVERE ] setting player 3 freeze to 1704
[2022-12-15 13:53:56] [SEVERE ] setting player 3 freeze to 1689
[2022-12-15 13:53:56] [SEVERE ] setting player 3 freeze to 1674
[2022-12-15 13:53:56] [SEVERE ] setting player 3 freeze to 1658
[2022-12-15 13:53:56] [SEVERE ] setting player 3 freeze to 1642
[2022-12-15 13:53:56] [SEVERE ] setting player 3 freeze to 1626
[2022-12-15 13:53:56] [SEVERE ] setting player 3 freeze to 1611
[2022-12-15 13:53:56] [SEVERE ] setting player 3 freeze to 1595
[2022-12-15 13:53:56] [SEVERE ] setting player 3 freeze to 1579
[2022-12-15 13:53:56] [SEVERE ] setting player 3 freeze to 1563
[2022-12-15 13:53:56] [SEVERE ] setting player 3 freeze to 1547
[2022-12-15 13:53:56] [SEVERE ] setting player 3 freeze to 1531
[2022-12-15 13:53:56] [SEVERE ] setting player 3 freeze to 1515
[2022-12-15 13:53:56] [SEVERE ] setting player 3 freeze to 1500
[2022-12-15 13:53:56] [SEVERE ] setting player 3 freeze to 1485
[2022-12-15 13:53:56] [SEVERE ] setting player 3 freeze to 1469
[2022-12-15 13:53:56] [SEVERE ] setting player 3 freeze to 1453
[2022-12-15 13:53:56] [SEVERE ] setting player 3 freeze to 1439
[2022-12-15 13:53:56] [SEVERE ] setting player 3 freeze to 1423
[2022-12-15 13:53:56] [SEVERE ] setting player 3 freeze to 1407
[2022-12-15 13:53:56] [SEVERE ] setting player 3 freeze to 1391
[2022-12-15 13:53:56] [SEVERE ] setting player 3 freeze to 1375
[2022-12-15 13:53:56] [SEVERE ] setting player 3 freeze to 1359
[2022-12-15 13:53:56] [SEVERE ] setting player 3 freeze to 1343
[2022-12-15 13:53:56] [SEVERE ] setting player 3 freeze to 1327
[2022-12-15 13:53:56] [SEVERE ] setting player 3 freeze to 1311
[2022-12-15 13:53:56] [SEVERE ] setting player 3 freeze to 1295
[2022-12-15 13:53:56] [SEVERE ] setting player 3 freeze to 1279
[2022-12-15 13:53:56] [SEVERE ] setting player 3 freeze to 1263
[2022-12-15 13:53:56] [SEVERE ] setting player 3 freeze to 1247
[2022-12-15 13:53:56] [SEVERE ] setting player 3 freeze to 1231
[2022-12-15 13:53:56] [SEVERE ] setting player 3 freeze to 1215
[2022-12-15 13:53:56] [SEVERE ] setting player 3 freeze to 1199
[2022-12-15 13:53:56] [SEVERE ] setting player 3 freeze to 1183
[2022-12-15 13:53:56] [SEVERE ] setting player 3 freeze to 1167
[2022-12-15 13:53:56] [SEVERE ] setting player 3 freeze to 1151
[2022-12-15 13:53:56] [SEVERE ] setting player 3 freeze to 1135
[2022-12-15 13:53:56] [SEVERE ] setting player 3 freeze to 1119
[2022-12-15 13:53:56] [SEVERE ] setting player 3 freeze to 1103
[2022-12-15 13:53:56] [SEVERE ] setting player 3 freeze to 1087
[2022-12-15 13:53:56] [SEVERE ] setting player 3 freeze to 1072
[2022-12-15 13:53:56] [SEVERE ] setting player 3 freeze to 1056
[2022-12-15 13:53:56] [SEVERE ] setting player 3 freeze to 1040
[2022-12-15 13:53:56] [SEVERE ] setting player 3 freeze to 1024
[2022-12-15 13:53:56] [SEVERE ] setting player 3 freeze to 1008
[2022-12-15 13:53:56] [SEVERE ] setting player 3 freeze to 992
[2022-12-15 13:53:56] [SEVERE ] player 1 placing token on slot 2
[2022-12-15 13:53:56] [SEVERE ] removing player 1 token from slot 11
[2022-12-15 13:53:56] [SEVERE ] removing player 1 token from slot 8
[2022-12-15 13:53:56] [SEVERE ] removing player 1 token from slot 2
[2022-12-15 13:53:56] [SEVERE ] setting player 1 freeze to 3000
[2022-12-15 13:53:57] [SEVERE ] setting player 1 freeze to 2985
[2022-12-15 13:53:57] [SEVERE ] setting player 3 freeze to 976
[2022-12-15 13:53:57] [SEVERE ] player 2 placing token on slot 6
[2022-12-15 13:53:57] [SEVERE ] removing player 2 token from slot 1
[2022-12-15 13:53:57] [SEVERE ] removing player 2 token from slot 10
[2022-12-15 13:53:57] [SEVERE ] removing player 2 token from slot 6
[2022-12-15 13:53:57] [SEVERE ] setting player 2 freeze to 3000
[2022-12-15 13:53:57] [SEVERE ] setting player 3 freeze to 960
[2022-12-15 13:53:57] [SEVERE ] setting player 2 freeze to 2988
[2022-12-15 13:53:57] [SEVERE ] setting player 1 freeze to 2969
[2022-12-15 13:53:57] [SEVERE ] setting player 3 freeze to 949
[2022-12-15 13:53:57] [SEVERE ] setting player 1 freeze to 2954
[2022-12-15 13:53:57] [SEVERE ] setting player 2 freeze to 2973
[2022-12-15 13:53:57] [SEVERE ] setting player 1 freeze to 2938
[2022-12-15 13:53:57] [SEVERE ] setting player 3 freeze to 929
[2022-12-15 13:53:57] [SEVERE ] setting player 2 freeze to 2957
[2022-12-15 13:53:57] [SEVERE ] setting player 1 freeze to 2927
[2022-12-15 13:53:57] [SEVERE ] setting player 2 freeze to 2942
[2022-12-15 13:53:57] [SEVERE ] setting player 3 freeze to 914
[2022-12-15 13:53:57] [SEVERE ] setting player 2 freeze to 2926
[2022-12-15 13:53:57] [SEVERE ] setting player 3 freeze to 898
[2022-12-15 13:53:57] [SEVERE ] setting player 1 freeze to 2907
[2022-12-15 13:53:57] [SEVERE ] setting player 2 freeze to 2915
[2022-12-15 13:53:57] [SEVERE ] setting player 1 freeze to 2891
[2022-12-15 13:53:57] [SEVERE ] setting player 3 freeze to 882
[2022-12-15 13:53:57] [SEVERE ] setting player 1 freeze to 2875
[2022-12-15 13:53:57] [SEVERE ] setting player 2 freeze to 2894
[2022-12-15 13:53:57] [SEVERE ] setting player 3 freeze to 866
[2022-12-15 13:53:57] [SEVERE ] setting player 1 freeze to 2864
[2022-12-15 13:53:57] [SEVERE ] setting player 2 freeze to 2878
[2022-12-15 13:53:57] [SEVERE ] setting player 3 freeze to 850
[2022-12-15 13:53:57] [SEVERE ] setting player 2 freeze to 2862
[2022-12-15 13:53:57] [SEVERE ] setting player 1 freeze to 2843
[2022-12-15 13:53:57] [SEVERE ] setting player 3 freeze to 834
[2022-12-15 13:53:57] [SEVERE ] setting player 2 freeze to 2851
[2022-12-15 13:53:57] [SEVERE ] setting player 3 freeze to 818
[2022-12-15 13:53:57] [SEVERE ] setting player 1 freeze to 2827
[2022-12-15 13:53:57] [SEVERE ] setting player 1 freeze to 2811
[2022-12-15 13:53:57] [SEVERE ] setting player 3 freeze to 802
[2022-12-15 13:53:57] [SEVERE ] setting player 2 freeze to 2830
[2022-12-15 13:53:57] [SEVERE ] setting player 1 freeze to 2800
[2022-12-15 13:53:57] [SEVERE ] setting player 3 freeze to 787
[2022-12-15 13:53:57] [SEVERE ] setting player 2 freeze to 2815
[2022-12-15 13:53:57] [SEVERE ] setting player 1 freeze to 2780
[2022-12-15 13:53:57] [SEVERE ] setting player 3 freeze to 771
[2022-12-15 13:53:57] [SEVERE ] setting player 2 freeze to 2799
[2022-12-15 13:53:57] [SEVERE ] setting player 1 freeze to 2769
[2022-12-15 13:53:57] [SEVERE ] setting player 3 freeze to 760
[2022-12-15 13:53:57] [SEVERE ] setting player 2 freeze to 2783
[2022-12-15 13:53:57] [SEVERE ] setting player 2 freeze to 2767
[2022-12-15 13:53:57] [SEVERE ] setting player 3 freeze to 739
[2022-12-15 13:53:57] [SEVERE ] setting player 1 freeze to 2748
[2022-12-15 13:53:57] [SEVERE ] setting player 2 freeze to 2756
[2022-12-15 13:53:57] [SEVERE ] setting player 3 freeze to 723
[2022-12-15 13:53:57] [SEVERE ] setting player 1 freeze to 2732
[2022-12-15 13:53:57] [SEVERE ] setting player 2 freeze to 2735
[2022-12-15 13:53:57] [SEVERE ] setting player 3 freeze to 707
[2022-12-15 13:53:57] [SEVERE ] setting player 1 freeze to 2716
[2022-12-15 13:53:57] [SEVERE ] setting player 2 freeze to 2725
[2022-12-15 13:53:57] [SEVERE ] setting player 3 freeze to 692
[2022-12-15 13:53:57] [SEVERE ] setting player 1 freeze to 2701
[2022-12-15 13:53:57] [SEVERE ] setting player 1 freeze to 2685
[2022-12-15 13:53:57] [SEVERE ] setting player 3 freeze to 676
[2022-12-15 13:53:57] [SEVERE ] setting player 2 freeze to 2704
[2022-12-15 13:53:57] [SEVERE ] setting player 1 freeze to 2674
[2022-12-15 13:53:57] [SEVERE ] setting player 2 freeze to 2688
[2022-12-15 13:53:57] [SEVERE ] setting player 3 freeze to 660
[2022-12-15 13:53:57] [SEVERE ] setting player 2 freeze to 2672
[2022-12-15 13:53:57] [SEVERE ] setting player 3 freeze to 644
[2022-12-15 13:53:57] [SEVERE ] setting player 1 freeze to 2653
[2022-12-15 13:53:57] [SEVERE ] setting player 2 freeze to 2661
[2022-12-15 13:53:57] [SEVERE ] setting player 1 freeze to 2637
[2022-12-15 13:53:57] [SEVERE ] setting player 3 freeze to 628
[2022-12-15 13:53:57] [SEVERE ] setting player 1 freeze to 2621
[2022-12-15 13:53:57] [SEVERE ] setting player 2 freeze to 2640
[2022-12-15 13:53:57] [SEVERE ] setting player 3 freeze to 612
[2022-12-15 13:53:57] [SEVERE ] setting player 1 freeze to 2610
[2022-12-15 13:53:57] [SEVERE ] setting player 2 freeze to 2624
[2022-12-15 13:53:57] [SEVERE ] setting player 3 freeze to 596
[2022-12-15 13:53:57] [SEVERE ] setting player 3 freeze to 581
[2022-12-15 13:53:57] [SEVERE ] setting player 2 freeze to 2609
[2022-12-15 13:53:57] [SEVERE ] setting player 1 freeze to 2590
[2022-12-15 13:53:57] [SEVERE ] setting player 3 freeze to 570
[2022-12-15 13:53:57] [SEVERE ] setting player 2 freeze to 2593
[2022-12-15 13:53:57] [SEVERE ] setting player 1 freeze to 2574
[2022-12-15 13:53:57] [SEVERE ] setting player 2 freeze to 2577
[2022-12-15 13:53:57] [SEVERE ] setting player 3 freeze to 549
[2022-12-15 13:53:57] [SEVERE ] setting player 1 freeze to 2558
[2022-12-15 13:53:57] [SEVERE ] setting player 2 freeze to 2566
[2022-12-15 13:53:57] [SEVERE ] setting player 1 freeze to 2542
[2022-12-15 13:53:57] [SEVERE ] setting player 3 freeze to 533
[2022-12-15 13:53:57] [SEVERE ] setting player 2 freeze to 2545
[2022-12-15 13:53:57] [SEVERE ] setting player 1 freeze to 2526
[2022-12-15 13:53:57] [SEVERE ] setting player 3 freeze to 517
[2022-12-15 13:53:57] [SEVERE ] setting player 2 freeze to 2534
[2022-12-15 13:53:57] [SEVERE ] setting player 1 freeze to 2510
[2022-12-15 13:53:57] [SEVERE ] setting player 3 freeze to 501
[2022-12-15 13:53:57] [SEVERE ] setting player 3 freeze to 485
[2022-12-15 13:53:57] [SEVERE ] setting player 2 freeze to 2513
[2022-12-15 13:53:57] [SEVERE ] setting player 1 freeze to 2494
[2022-12-15 13:53:57] [SEVERE ] setting player 3 freeze to 474
[2022-12-15 13:53:57] [SEVERE ] setting player 2 freeze to 2497
[2022-12-15 13:53:57] [SEVERE ] setting player 1 freeze to 2478
[2022-12-15 13:53:57] [SEVERE ] setting player 1 freeze to 2462
[2022-12-15 13:53:57] [SEVERE ] setting player 3 freeze to 453
[2022-12-15 13:53:57] [SEVERE ] setting player 2 freeze to 2481
[2022-12-15 13:53:57] [SEVERE ] setting player 1 freeze to 2451
[2022-12-15 13:53:57] [SEVERE ] setting player 2 freeze to 2465
[2022-12-15 13:53:57] [SEVERE ] setting player 3 freeze to 437
[2022-12-15 13:53:57] [SEVERE ] setting player 2 freeze to 2449
[2022-12-15 13:53:57] [SEVERE ] setting player 1 freeze to 2430
[2022-12-15 13:53:57] [SEVERE ] setting player 3 freeze to 421
[2022-12-15 13:53:57] [SEVERE ] setting player 2 freeze to 2438
[2022-12-15 13:53:57] [SEVERE ] setting player 3 freeze to 406
[2022-12-15 13:53:57] [SEVERE ] setting player 1 freeze to 2415
[2022-12-15 13:53:57] [SEVERE ] setting player 2 freeze to 2419
[2022-12-15 13:53:57] [SEVERE ] setting player 3 freeze to 391
[2022-12-15 13:53:57] [SEVERE ] setting player 1 freeze to 2400
[2022-12-15 13:53:57] [SEVERE ] setting player 2 freeze to 2408
[2022-12-15 13:53:57] [SEVERE ] setting player 1 freeze to 2384
[2022-12-15 13:53:57] [SEVERE ] setting player 3 freeze to 375
[2022-12-15 13:53:57] [SEVERE ] setting player 2 freeze to 2387
[2022-12-15 13:53:57] [SEVERE ] setting player 1 freeze to 2368
[2022-12-15 13:53:57] [SEVERE ] setting player 3 freeze to 359
[2022-12-15 13:53:57] [SEVERE ] setting player 2 freeze to 2376
[2022-12-15 13:53:57] [SEVERE ] setting player 1 freeze to 2352
[2022-12-15 13:53:57] [SEVERE ] setting player 3 freeze to 343
[2022-12-15 13:53:57] [SEVERE ] setting player 3 freeze to 327
[2022-12-15 13:53:57] [SEVERE ] setting player 2 freeze to 2355
[2022-12-15 13:53:57] [SEVERE ] setting player 1 freeze to 2336
[2022-12-15 13:53:57] [SEVERE ] setting player 3 freeze to 317
[2022-12-15 13:53:57] [SEVERE ] setting player 2 freeze to 2341
[2022-12-15 13:53:57] [SEVERE ] setting player 1 freeze to 2322
[2022-12-15 13:53:57] [SEVERE ] setting player 2 freeze to 2325
[2022-12-15 13:53:57] [SEVERE ] setting player 3 freeze to 297
[2022-12-15 13:53:57] [SEVERE ] setting player 1 freeze to 2306
[2022-12-15 13:53:57] [SEVERE ] setting player 2 freeze to 2314
[2022-12-15 13:53:57] [SEVERE ] setting player 1 freeze to 2290
[2022-12-15 13:53:57] [SEVERE ] setting player 3 freeze to 281
[2022-12-15 13:53:57] [SEVERE ] setting player 1 freeze to 2274
[2022-12-15 13:53:57] [SEVERE ] setting player 2 freeze to 2293
[2022-12-15 13:53:57] [SEVERE ] setting player 3 freeze to 265
[2022-12-15 13:53:57] [SEVERE ] setting player 1 freeze to 2263
[2022-12-15 13:53:57] [SEVERE ] setting player 2 freeze to 2277
[2022-12-15 13:53:57] [SEVERE ] setting player 3 freeze to 249
[2022-12-15 13:53:57] [SEVERE ] setting player 3 freeze to 233
[2022-12-15 13:53:57] [SEVERE ] setting player 1 freeze to 2242
[2022-12-15 13:53:57] [SEVERE ] setting player 2 freeze to 2261
[2022-12-15 13:53:57] [SEVERE ] setting player 1 freeze to 2231
[2022-12-15 13:53:57] [SEVERE ] setting player 3 freeze to 222
[2022-12-15 13:53:57] [SEVERE ] setting player 2 freeze to 2245
[2022-12-15 13:53:57] [SEVERE ] setting player 3 freeze to 201
[2022-12-15 13:53:57] [SEVERE ] setting player 1 freeze to 2210
[2022-12-15 13:53:57] [SEVERE ] setting player 2 freeze to 2229
[2022-12-15 13:53:57] [SEVERE ] setting player 1 freeze to 2194
[2022-12-15 13:53:57] [SEVERE ] setting player 2 freeze to 2213
[2022-12-15 13:53:57] [SEVERE ] setting player 3 freeze to 185
[2022-12-15 13:53:57] [SEVERE ] setting player 1 freeze to 2183
[2022-12-15 13:53:57] [SEVERE ] setting player 3 freeze to 169
[2022-12-15 13:53:57] [SEVERE ] setting player 2 freeze to 2197
[2022-12-15 13:53:57] [SEVERE ] setting player 1 freeze to 2162
[2022-12-15 13:53:57] [SEVERE ] setting player 2 freeze to 2181
[2022-12-15 13:53:57] [SEVERE ] setting player 3 freeze to 153
[2022-12-15 13:53:57] [SEVERE ] setting player 1 freeze to 2151
[2022-12-15 13:53:57] [SEVERE ] setting player 3 freeze to 137
[2022-12-15 13:53:57] [SEVERE ] setting player 2 freeze to 2165
[2022-12-15 13:53:57] [SEVERE ] setting player 1 freeze to 2131
[2022-12-15 13:53:57] [SEVERE ] setting player 2 freeze to 2150
[2022-12-15 13:53:57] [SEVERE ] setting player 3 freeze to 122
[2022-12-15 13:53:57] [SEVERE ] setting player 1 freeze to 2120
[2022-12-15 13:53:57] [SEVERE ] setting player 2 freeze to 2134
[2022-12-15 13:53:57] [SEVERE ] setting player 3 freeze to 106
[2022-12-15 13:53:57] [SEVERE ] setting player 3 freeze to 90
[2022-12-15 13:53:57] [SEVERE ] setting player 1 freeze to 2099
[2022-12-15 13:53:57] [SEVERE ] setting player 2 freeze to 2118
[2022-12-15 13:53:57] [SEVERE ] setting player 3 freeze to 79
[2022-12-15 13:53:57] [SEVERE ] setting player 1 freeze to 2084
[2022-12-15 13:53:57] [SEVERE ] setting player 2 freeze to 2103
[2022-12-15 13:53:57] [SEVERE ] setting player 2 freeze to 2087
[2022-12-15 13:53:57] [SEVERE ] setting player 1 freeze to 2068
[2022-12-15 13:53:57] [SEVERE ] setting player 3 freeze to 59
[2022-12-15 13:53:57] [SEVERE ] setting player 2 freeze to 2076
[2022-12-15 13:53:57] [SEVERE ] setting player 1 freeze to 2052
[2022-12-15 13:53:57] [SEVERE ] setting player 3 freeze to 43
[2022-12-15 13:53:57] [SEVERE ] setting player 1 freeze to 2036
[2022-12-15 13:53:57] [SEVERE ] setting player 3 freeze to 27
[2022-12-15 13:53:57] [SEVERE ] setting player 2 freeze to 2055
[2022-12-15 13:53:57] [SEVERE ] setting player 1 freeze to 2025
[2022-12-15 13:53:57] [SEVERE ] setting player 2 freeze to 2039
[2022-12-15 13:53:57] [SEVERE ] setting player 3 freeze to 11
[2022-12-15 13:53:57] [SEVERE ] setting player 2 freeze to 2023
[2022-12-15 13:53:57] [SEVERE ] setting player 3 freeze to 0
[2022-12-15 13:53:57] [SEVERE ] setting player 1 freeze to 2004
[2022-12-15 13:53:57] [SEVERE ] setting player 2 freeze to 2012
[2022-12-15 13:53:57] [SEVERE ] setting player 1 freeze to 1988
[2022-12-15 13:53:58] [SEVERE ] setting player 2 freeze to 1991
[2022-12-15 13:53:58] [SEVERE ] setting player 1 freeze to 1972
[2022-12-15 13:53:58] [SEVERE ] player 3 placing token on slot 5
[2022-12-15 13:53:58] [SEVERE ] setting player 1 freeze to 1957
[2022-12-15 13:53:58] [SEVERE ] setting player 2 freeze to 1976
[2022-12-15 13:53:58] [SEVERE ] setting player 2 freeze to 1960
[2022-12-15 13:53:58] [SEVERE ] setting player 1 freeze to 1941
[2022-12-15 13:53:58] [SEVERE ] setting player 1 freeze to 1925
[2022-12-15 13:53:58] [SEVERE ] setting player 2 freeze to 1944
[2022-12-15 13:53:58] [SEVERE ] setting player 2 freeze to 1928
[2022-12-15 13:53:58] [SEVERE ] setting player 1 freeze to 1909
[2022-12-15 13:53:58] [SEVERE ] setting player 1 freeze to 1893
[2022-12-15 13:53:58] [SEVERE ] setting player 2 freeze to 1912
[2022-12-15 13:53:58] [SEVERE ] setting player 1 freeze to 1877
[2022-12-15 13:53:58] [SEVERE ] setting player 2 freeze to 1896
[2022-12-15 13:53:58] [SEVERE ] setting player 2 freeze to 1880
[2022-12-15 13:53:58] [SEVERE ] setting player 1 freeze to 1861
[2022-12-15 13:53:58] [SEVERE ] setting player 1 freeze to 1845
[2022-12-15 13:53:58] [SEVERE ] setting player 2 freeze to 1864
[2022-12-15 13:53:58] [SEVERE ] setting player 2 freeze to 1848
[2022-12-15 13:53:58] [SEVERE ] setting player 1 freeze to 1829
[2022-12-15 13:53:58] [SEVERE ] setting player 2 freeze to 1837
[2022-12-15 13:53:58] [SEVERE ] setting player 1 freeze to 1813
[2022-12-15 13:53:58] [SEVERE ] setting player 1 freeze to 1797
[2022-12-15 13:53:58] [SEVERE ] setting player 2 freeze to 1816
[2022-12-15 13:53:58] [SEVERE ] setting player 2 freeze to 1800
[2022-12-15 13:53:58] [SEVERE ] setting player 1 freeze to 1781
[2022-12-15 13:53:58] [SEVERE ] setting player 1 freeze to 1766
[2022-12-15 13:53:58] [SEVERE ] setting player 2 freeze to 1785
[2022-12-15 13:53:58] [SEVERE ] setting player 1 freeze to 1751
[2022-12-15 13:53:58] [SEVERE ] setting player 2 freeze to 1770
[2022-12-15 13:53:58] [SEVERE ] setting player 2 freeze to 1754
[2022-12-15 13:53:58] [SEVERE ] setting player 1 freeze to 1735
[2022-12-15 13:53:58] [SEVERE ] setting player 1 freeze to 1719
[2022-12-15 13:53:58] [SEVERE ] setting player 2 freeze to 1738
[2022-12-15 13:53:58] [SEVERE ] setting player 2 freeze to 1722
[2022-12-15 13:53:58] [SEVERE ] setting player 1 freeze to 1703
[2022-12-15 13:53:58] [SEVERE ] setting player 2 freeze to 1706
[2022-12-15 13:53:58] [SEVERE ] setting player 1 freeze to 1687
[2022-12-15 13:53:58] [SEVERE ] setting player 2 freeze to 1690
[2022-12-15 13:53:58] [SEVERE ] setting player 1 freeze to 1671
[2022-12-15 13:53:58] [SEVERE ] setting player 2 freeze to 1674
[2022-12-15 13:53:58] [SEVERE ] setting player 1 freeze to 1655
[2022-12-15 13:53:58] [SEVERE ] setting player 2 freeze to 1658
[2022-12-15 13:53:58] [SEVERE ] setting player 1 freeze to 1639
[2022-12-15 13:53:58] [SEVERE ] setting player 1 freeze to 1623
[2022-12-15 13:53:58] [SEVERE ] setting player 2 freeze to 1642
[2022-12-15 13:53:58] [SEVERE ] setting player 2 freeze to 1626
[2022-12-15 13:53:58] [SEVERE ] setting player 1 freeze to 1607
[2022-12-15 13:53:58] [SEVERE ] setting player 1 freeze to 1591
[2022-12-15 13:53:58] [SEVERE ] setting player 2 freeze to 1610
[2022-12-15 13:53:58] [SEVERE ] setting player 2 freeze to 1595
[2022-12-15 13:53:58] [SEVERE ] setting player 1 freeze to 1576
[2022-12-15 13:53:58] [SEVERE ] setting player 2 freeze to 1579
[2022-12-15 13:53:58] [SEVERE ] setting player 1 freeze to 1560
[2022-12-15 13:53:58] [SEVERE ] setting player 1 freeze to 1544
[2022-12-15 13:53:58] [SEVERE ] setting player 2 freeze to 1563
[2022-12-15 13:53:58] [SEVERE ] setting player 1 freeze to 1528
[2022-12-15 13:53:58] [SEVERE ] setting player 2 freeze to 1547
[2022-12-15 13:53:58] [SEVERE ] setting player 1 freeze to 1512
[2022-12-15 13:53:58] [SEVERE ] setting player 2 freeze to 1531
[2022-12-15 13:53:58] [SEVERE ] setting player 1 freeze to 1496
[2022-12-15 13:53:58] [SEVERE ] setting player 2 freeze to 1515
[2022-12-15 13:53:58] [SEVERE ] setting player 2 freeze to 1499
[2022-12-15 13:53:58] [SEVERE ] setting player 1 freeze to 1480
[2022-12-15 13:53:58] [SEVERE ] setting player 1 freeze to 1464
[2022-12-15 13:53:58] [SEVERE ] setting player 2 freeze to 1483
[2022-12-15 13:53:58] [SEVERE ] setting player 1 freeze to 1449
[2022-12-15 13:53:58] [SEVERE ] setting player 2 freeze to 1468
[2022-12-15 13:53:58] [SEVERE ] setting player 2 freeze to 1452
[2022-12-15 13:53:58] [SEVERE ] setting player 1 freeze to 1433
[2022-12-15 13:53:58] [SEVERE ] setting player 2 freeze to 1441
[2022-12-15 13:53:58] [SEVERE ] setting player 1 freeze to 1417
[2022-12-15 13:53:58] [SEVERE ] setting player 1 freeze to 1401
[2022-12-15 13:53:58] [SEVERE ] setting player 2 freeze to 1420
[2022-12-15 13:53:58] [SEVERE ] setting player 2 freeze to 1404
[2022-12-15 13:53:58] [SEVERE ] setting player 1 freeze to 1385
[2022-12-15 13:53:58] [SEVERE ] setting player 1 freeze to 1369
[2022-12-15 13:53:58] [SEVERE ] setting player 2 freeze to 1388
[2022-12-15 13:53:58] [SEVERE ] setting player 1 freeze to 1354
[2022-12-15 13:53:58] [SEVERE ] setting player 2 freeze to 1373
[2022-12-15 13:53:58] [SEVERE ] setting player 2 freeze to 1357
[2022-12-15 13:53:58] [SEVERE ] setting player 1 freeze to 1338
[2022-12-15 13:53:58] [SEVERE ] setting player 2 freeze to 1341
[2022-12-15 13:53:58] [SEVERE ] setting player 1 freeze to 1322
[2022-12-15 13:53:58] [SEVERE ] setting player 2 freeze to 1326
[2022-12-15 13:53:58] [SEVERE ] setting player 1 freeze to 1307
[2022-12-15 13:53:58] [SEVERE ] setting player 1 freeze to 1291
[2022-12-15 13:53:58] [SEVERE ] setting player 2 freeze to 1310
[2022-12-15 13:53:58] [SEVERE ] setting player 1 freeze to 1276
[2022-12-15 13:53:58] [SEVERE ] setting player 2 freeze to 1295
[2022-12-15 13:53:58] [SEVERE ] setting player 1 freeze to 1260
[2022-12-15 13:53:58] [SEVERE ] setting player 2 freeze to 1279
[2022-12-15 13:53:58] [SEVERE ] setting player 1 freeze to 1245
[2022-12-15 13:53:58] [SEVERE ] setting player 2 freeze to 1264
[2022-12-15 13:53:58] [SEVERE ] setting player 1 freeze to 1229
[2022-12-15 13:53:58] [SEVERE ] setting player 2 freeze to 1248
[2022-12-15 13:53:58] [SEVERE ] setting player 1 freeze to 1214
[2022-12-15 13:53:58] [SEVERE ] setting player 2 freeze to 1233
[2022-12-15 13:53:58] [SEVERE ] setting player 1 freeze to 1198
[2022-12-15 13:53:58] [SEVERE ] setting player 2 freeze to 1217
[2022-12-15 13:53:58] [SEVERE ] setting player 1 freeze to 1187
[2022-12-15 13:53:58] [SEVERE ] setting player 2 freeze to 1201
[2022-12-15 13:53:58] [SEVERE ] setting player 2 freeze to 1185
[2022-12-15 13:53:58] [SEVERE ] setting player 1 freeze to 1166
[2022-12-15 13:53:58] [SEVERE ] setting player 2 freeze to 1169
[2022-12-15 13:53:58] [SEVERE ] setting player 1 freeze to 1150
[2022-12-15 13:53:58] [SEVERE ] setting player 2 freeze to 1153
[2022-12-15 13:53:58] [SEVERE ] setting player 1 freeze to 1134
[2022-12-15 13:53:58] [SEVERE ] setting player 2 freeze to 1137
[2022-12-15 13:53:58] [SEVERE ] setting player 1 freeze to 1118
[2022-12-15 13:53:58] [SEVERE ] setting player 1 freeze to 1102
[2022-12-15 13:53:58] [SEVERE ] setting player 2 freeze to 1121
[2022-12-15 13:53:58] [SEVERE ] setting player 2 freeze to 1106
[2022-12-15 13:53:58] [SEVERE ] setting player 1 freeze to 1087
[2022-12-15 13:53:58] [SEVERE ] setting player 2 freeze to 1090
[2022-12-15 13:53:58] [SEVERE ] setting player 1 freeze to 1071
[2022-12-15 13:53:58] [SEVERE ] setting player 2 freeze to 1074
[2022-12-15 13:53:58] [SEVERE ] setting player 1 freeze to 1055
[2022-12-15 13:53:58] [SEVERE ] setting player 2 freeze to 1059
[2022-12-15 13:53:58] [SEVERE ] setting player 1 freeze to 1040
[2022-12-15 13:53:58] [SEVERE ] setting player 2 freeze to 1043
[2022-12-15 13:53:58] [SEVERE ] setting player 1 freeze to 1024
[2022-12-15 13:53:58] [SEVERE ] setting player 2 freeze to 1027
[2022-12-15 13:53:58] [SEVERE ] setting player 1 freeze to 1008
[2022-12-15 13:53:58] [SEVERE ] setting player 1 freeze to 992
[2022-12-15 13:53:58] [SEVERE ] setting player 2 freeze to 1011
[2022-12-15 13:53:59] [SEVERE ] setting player 1 freeze to 976
[2022-12-15 13:53:59] [SEVERE ] setting player 2 freeze to 995
[2022-12-15 13:53:59] [SEVERE ] player 3 placing token on slot 8
[2022-12-15 13:53:59] [SEVERE ] setting player 2 freeze to 979
[2022-12-15 13:53:59] [SEVERE ] setting player 1 freeze to 960
[2022-12-15 13:53:59] [SEVERE ] setting player 2 freeze to 963
[2022-12-15 13:53:59] [SEVERE ] setting player 1 freeze to 944
[2022-12-15 13:53:59] [SEVERE ] setting player 1 freeze to 928
[2022-12-15 13:53:59] [SEVERE ] setting player 2 freeze to 947
[2022-12-15 13:53:59] [SEVERE ] setting player 2 freeze to 931
[2022-12-15 13:53:59] [SEVERE ] setting player 1 freeze to 912
[2022-12-15 13:53:59] [SEVERE ] setting player 1 freeze to 896
[2022-12-15 13:53:59] [SEVERE ] setting player 2 freeze to 915
[2022-12-15 13:53:59] [SEVERE ] setting player 1 freeze to 880
[2022-12-15 13:53:59] [SEVERE ] setting player 2 freeze to 899
[2022-12-15 13:53:59] [SEVERE ] setting player 2 freeze to 883
[2022-12-15 13:53:59] [SEVERE ] setting player 1 freeze to 864
[2022-12-15 13:53:59] [SEVERE ] setting player 2 freeze to 872
[2022-12-15 13:53:59] [SEVERE ] Exit button pressed
[2022-12-15 13:53:59] [INFO   ] Thread computer-1 terminated.
[2022-12-15 13:53:59] [INFO   ] Thread computer-3 terminated.
[2022-12-15 13:53:59] [INFO   ] Thread computer-2 terminated.
[2022-12-15 13:53:59] [INFO   ] Thread Player 0 terminated.
[2022-12-15 13:53:59] [INFO   ] Thread Player 3 terminated.
[2022-12-15 13:53:59] [INFO   ] Thread Player 2 terminated.
[2022-12-15 13:53:59] [INFO   ] Thread Player 1 terminated.
[2022-12-15 13:53:59] [SEVERE ] announcing winners: [0, 1, 2, 3]
[2022-12-15 13:53:59] [INFO   ] Thread dealer terminated.
[2022-12-15 13:53:59] [INFO   ] Thread main terminated.
