[14:24:18.863] [INFO   ] thread main starting.
[14:24:18.874] [SEVERE ] cannot read configuration file config.properties trying from resources.
[14:24:18.878] [SEVERE ] configuration file was loaded from resources directory.
[14:24:19.566] [INFO   ] thread dealer starting.
[14:24:19.567] [INFO   ] Thread dealer starting.
[14:24:19.569] [INFO   ] Thread Player 1 starting.
[14:24:19.573] [SEVERE ] setting player 2 freeze to 0
[14:24:19.577] [INFO   ] Thread Player 0 starting.
[14:24:19.578] [SEVERE ] setting player 1 freeze to 0
[14:24:19.580] [INFO   ] Thread computer-0 starting.
[14:24:19.580] [INFO   ] Thread computer-1 starting.
[14:24:19.604] [SEVERE ] setting player 1 freeze to 0
[14:24:19.604] [SEVERE ] setting player 2 freeze to 0
[14:24:19.615] [SEVERE ] setting player 1 freeze to 0
[14:24:19.622] [SEVERE ] setting player 2 freeze to 0
[14:24:19.623] [SEVERE ] placing card 9 in slot 0
[14:24:19.638] [SEVERE ] placing card 3 in slot 5
[14:24:19.638] [SEVERE ] setting player 2 freeze to 0
[14:24:19.638] [SEVERE ] setting player 1 freeze to 0
[14:24:19.649] [SEVERE ] placing card 37 in slot 3
[14:24:19.654] [SEVERE ] setting player 2 freeze to 0
[14:24:19.654] [SEVERE ] setting player 1 freeze to 0
[14:24:19.670] [SEVERE ] setting player 2 freeze to 0
[14:24:19.670] [SEVERE ] setting player 1 freeze to 0
[14:24:19.670] [SEVERE ] placing card 12 in slot 6
[14:24:19.681] [SEVERE ] setting player 2 freeze to 0
[14:24:19.686] [SEVERE ] placing card 49 in slot 2
[14:24:19.686] [SEVERE ] setting player 1 freeze to 0
[14:24:19.702] [SEVERE ] setting player 1 freeze to 0
[14:24:19.702] [SEVERE ] setting player 2 freeze to 0
[14:24:19.702] [SEVERE ] placing card 11 in slot 7
[14:24:19.713] [SEVERE ] setting player 1 freeze to 0
[14:24:19.719] [SEVERE ] placing card 10 in slot 8
[14:24:19.719] [SEVERE ] setting player 2 freeze to 0
[14:24:19.734] [SEVERE ] setting player 1 freeze to 0
[14:24:19.750] [SEVERE ] setting player 2 freeze to 0
[14:24:19.750] [SEVERE ] placing card 40 in slot 9
[14:24:19.750] [SEVERE ] setting player 1 freeze to 0
[14:24:19.761] [SEVERE ] setting player 2 freeze to 0
[14:24:19.763] [SEVERE ] placing card 50 in slot 1
[14:24:19.765] [SEVERE ] setting player 1 freeze to 0
[14:24:19.780] [SEVERE ] setting player 1 freeze to 0
[14:24:19.780] [SEVERE ] placing card 27 in slot 11
[14:24:19.780] [SEVERE ] setting player 2 freeze to 0
[14:24:19.790] [SEVERE ] setting player 1 freeze to 0
[14:24:19.794] [SEVERE ] setting player 2 freeze to 0
[14:24:19.794] [SEVERE ] placing card 28 in slot 10
[14:24:19.810] [SEVERE ] setting player 1 freeze to 0
[14:24:19.810] [SEVERE ] setting player 2 freeze to 0
[14:24:19.810] [SEVERE ] placing card 30 in slot 4
[14:24:19.821] [SEVERE ] setting player 1 freeze to 0
[14:24:19.826] [SEVERE ] setting player 1 freeze to 0
[14:24:19.826] [SEVERE ] setting player 2 freeze to 0
[14:24:19.829] [SEVERE ] setting player 2 freeze to 0
[14:24:19.838] [SEVERE ] player 2 placing token on slot 0
[14:24:19.838] [SEVERE ] player 1 placing token on slot 1
[14:24:19.839] [SEVERE ] player 1 placing token on slot 4
[14:24:19.840] [SEVERE ] player 1 placing token on slot 9
[14:24:19.840] [SEVERE ] setting player 1 freeze to 0
[14:24:19.840] [SEVERE ] player 2 placing token on slot 7
[14:24:19.841] [SEVERE ] player 2 placing token on slot 8
[14:24:19.841] [SEVERE ] setting player 2 freeze to 0
[14:24:19.842] [SEVERE ] removing player 1 token from slot 1
[14:24:19.842] [SEVERE ] removing player 1 token from slot 4
[14:24:19.842] [SEVERE ] removing player 1 token from slot 9
[14:24:19.858] [SEVERE ] setting player 1 freeze to 0
[14:24:19.858] [SEVERE ] removing tokens from slot 1
[14:24:19.858] [SEVERE ] setting player 2 freeze to 0
[14:24:19.858] [SEVERE ] removing card from slot 1
[14:24:19.859] [SEVERE ] updating countdown to 1250
[14:24:19.869] [SEVERE ] setting player 1 freeze to 0
[14:24:19.874] [SEVERE ] setting player 2 freeze to 0
[14:24:19.874] [SEVERE ] removing tokens from slot 4
[14:24:19.874] [SEVERE ] removing card from slot 4
[14:24:19.875] [SEVERE ] updating countdown to 1234
[14:24:19.890] [SEVERE ] setting player 2 freeze to 0
[14:24:19.890] [SEVERE ] removing tokens from slot 9
[14:24:19.890] [SEVERE ] setting player 1 freeze to 0
[14:24:19.890] [SEVERE ] removing card from slot 9
[14:24:19.891] [SEVERE ] updating countdown to 1218
[14:24:19.901] [SEVERE ] setting player 2 freeze to 0
[14:24:19.906] [SEVERE ] placing card 13 in slot 1
[14:24:19.906] [SEVERE ] setting player 1 freeze to 0
[14:24:19.921] [SEVERE ] placing card 62 in slot 9
[14:24:19.921] [SEVERE ] setting player 2 freeze to 0
[14:24:19.921] [SEVERE ] setting player 1 freeze to 0
[14:24:19.932] [SEVERE ] placing card 78 in slot 4
[14:24:19.932] [SEVERE ] setting player 1 score to 1
[14:24:19.937] [SEVERE ] removing player 2 token from slot 0
[14:24:19.937] [SEVERE ] setting player 1 freeze to 0
[14:24:19.937] [SEVERE ] setting player 2 freeze to 0
[14:24:19.937] [SEVERE ] setting player 1 freeze to 0
[14:24:19.937] [SEVERE ] removing player 2 token from slot 7
[14:24:19.938] [SEVERE ] removing player 2 token from slot 8
[14:24:19.942] [SEVERE ] player 1 placing token on slot 5
[14:24:19.942] [SEVERE ] player 1 placing token on slot 9
[14:24:19.943] [SEVERE ] player 1 placing token on slot 10
[14:24:19.943] [SEVERE ] setting player 1 freeze to 0
[14:24:19.948] [SEVERE ] setting player 2 freeze to 0
[14:24:19.953] [SEVERE ] removing tokens from slot 0
[14:24:19.953] [SEVERE ] removing card from slot 0
[14:24:19.953] [SEVERE ] updating countdown to 1156
[14:24:19.968] [SEVERE ] setting player 1 freeze to 0
[14:24:19.968] [SEVERE ] removing tokens from slot 7
[14:24:19.968] [SEVERE ] setting player 2 freeze to 0
[14:24:19.968] [SEVERE ] removing card from slot 7
[14:24:19.969] [SEVERE ] updating countdown to 1140
[14:24:19.979] [SEVERE ] setting player 1 freeze to 0
[14:24:19.984] [SEVERE ] removing tokens from slot 8
[14:24:19.984] [SEVERE ] setting player 2 freeze to 0
[14:24:19.984] [SEVERE ] removing card from slot 8
[14:24:19.984] [SEVERE ] updating countdown to 1125
[14:24:20.000] [SEVERE ] setting player 2 freeze to 0
[14:24:20.000] [SEVERE ] setting player 1 freeze to 0
[14:24:20.000] [SEVERE ] placing card 47 in slot 0
[14:24:20.011] [SEVERE ] setting player 2 freeze to 0
[14:24:20.016] [SEVERE ] setting player 1 freeze to 0
[14:24:20.016] [SEVERE ] placing card 19 in slot 8
[14:24:20.032] [SEVERE ] setting player 2 freeze to 0
[14:24:20.032] [SEVERE ] placing card 64 in slot 7
[14:24:20.032] [SEVERE ] setting player 1 freeze to 0
[14:24:20.032] [SEVERE ] setting player 2 score to 1
[14:24:20.035] [SEVERE ] removing player 1 token from slot 5
[14:24:20.035] [SEVERE ] removing player 1 token from slot 9
[14:24:20.036] [SEVERE ] removing player 1 token from slot 10
[14:24:20.044] [SEVERE ] setting player 2 freeze to 0
[14:24:20.048] [SEVERE ] setting player 1 freeze to 0
[14:24:20.051] [SEVERE ] setting player 2 freeze to 0
[14:24:20.052] [SEVERE ] removing tokens from slot 5
[14:24:20.058] [SEVERE ] removing card from slot 5
[14:24:20.059] [SEVERE ] updating countdown to 1050
[14:24:20.060] [SEVERE ] player 2 placing token on slot 7
[14:24:20.061] [SEVERE ] player 2 placing token on slot 8
[14:24:20.061] [SEVERE ] player 2 placing token on slot 10
[14:24:20.063] [SEVERE ] setting player 2 freeze to 0
[14:24:20.064] [SEVERE ] setting player 1 freeze to 0
[14:24:20.080] [SEVERE ] removing tokens from slot 9
[14:24:20.080] [SEVERE ] setting player 1 freeze to 0
[14:24:20.080] [SEVERE ] setting player 2 freeze to 0
[14:24:20.080] [SEVERE ] removing card from slot 9
[14:24:20.080] [SEVERE ] updating countdown to 1029
[14:24:20.081] [SEVERE ] removing player 2 token from slot 10
[14:24:20.091] [SEVERE ] setting player 2 freeze to 0
[14:24:20.096] [SEVERE ] setting player 1 freeze to 0
[14:24:20.096] [SEVERE ] setting player 2 freeze to 0
[14:24:20.096] [SEVERE ] removing tokens from slot 10
[14:24:20.096] [SEVERE ] player 2 placing token on slot 4
[14:24:20.096] [SEVERE ] removing card from slot 10
[14:24:20.096] [SEVERE ] player 2 placing token on slot 6
[14:24:20.097] [SEVERE ] updating countdown to 1012
[14:24:20.097] [SEVERE ] player 2 placing token on slot 11
[14:24:20.107] [SEVERE ] setting player 1 freeze to 0
[14:24:20.111] [SEVERE ] placing card 80 in slot 5
[14:24:20.113] [SEVERE ] removing player 2 token from slot 11
[14:24:20.127] [SEVERE ] placing card 26 in slot 9
[14:24:20.132] [SEVERE ] setting player 1 freeze to 0
[14:24:20.143] [SEVERE ] placing card 5 in slot 10
[14:24:20.143] [SEVERE ] setting player 1 score to 2
[14:24:20.146] [SEVERE ] updating countdown to 1299
[14:24:20.147] [SEVERE ] removing all tokens
[14:24:20.143] [SEVERE ] setting player 1 freeze to 0
[14:24:20.149] [SEVERE ] setting player 2 freeze to 0
[14:24:20.158] [SEVERE ] removing tokens from slot 7
[14:24:20.158] [SEVERE ] removing card from slot 7
[14:24:20.160] [SEVERE ] setting player 1 freeze to 0
[14:24:20.174] [SEVERE ] removing tokens from slot 2
[14:24:20.174] [SEVERE ] setting player 2 freeze to 0
[14:24:20.174] [SEVERE ] setting player 1 freeze to 0
[14:24:20.174] [SEVERE ] removing card from slot 2
[14:24:20.190] [SEVERE ] removing tokens from slot 3
[14:24:20.190] [SEVERE ] setting player 1 freeze to 0
[14:24:20.190] [SEVERE ] setting player 2 freeze to 0
[14:24:20.190] [SEVERE ] removing card from slot 3
[14:24:20.206] [SEVERE ] setting player 2 freeze to 0
[14:24:20.206] [SEVERE ] setting player 1 freeze to 0
[14:24:20.206] [SEVERE ] removing tokens from slot 6
[14:24:20.206] [SEVERE ] removing card from slot 6
[14:24:20.217] [SEVERE ] setting player 2 freeze to 0
[14:24:20.222] [SEVERE ] setting player 1 freeze to 0
[14:24:20.222] [SEVERE ] removing tokens from slot 5
[14:24:20.222] [SEVERE ] removing card from slot 5
[14:24:20.238] [SEVERE ] removing tokens from slot 1
[14:24:20.238] [SEVERE ] setting player 1 freeze to 0
[14:24:20.238] [SEVERE ] setting player 2 freeze to 0
[14:24:20.238] [SEVERE ] removing card from slot 1
[14:24:20.253] [SEVERE ] setting player 1 freeze to 0
[14:24:20.253] [SEVERE ] removing tokens from slot 9
[14:24:20.253] [SEVERE ] setting player 2 freeze to 0
[14:24:20.253] [SEVERE ] removing card from slot 9
[14:24:20.264] [SEVERE ] setting player 1 freeze to 0
[14:24:20.269] [SEVERE ] removing tokens from slot 4
[14:24:20.269] [SEVERE ] setting player 2 freeze to 0
[14:24:20.269] [SEVERE ] removing card from slot 4
[14:24:20.285] [SEVERE ] setting player 1 freeze to 0
[14:24:20.285] [SEVERE ] removing tokens from slot 11
[14:24:20.285] [SEVERE ] setting player 2 freeze to 0
[14:24:20.285] [SEVERE ] removing card from slot 11
[14:24:20.296] [SEVERE ] setting player 1 freeze to 0
[14:24:20.301] [SEVERE ] removing tokens from slot 0
[14:24:20.301] [SEVERE ] setting player 2 freeze to 0
[14:24:20.301] [SEVERE ] removing card from slot 0
[14:24:20.317] [SEVERE ] setting player 1 freeze to 0
[14:24:20.317] [SEVERE ] setting player 2 freeze to 0
[14:24:20.317] [SEVERE ] removing tokens from slot 10
[14:24:20.317] [SEVERE ] removing card from slot 10
[14:24:20.328] [SEVERE ] setting player 1 freeze to 0
[14:24:20.333] [SEVERE ] setting player 2 freeze to 0
[14:24:20.333] [SEVERE ] removing tokens from slot 8
[14:24:20.333] [SEVERE ] removing card from slot 8
[14:24:20.333] [SEVERE ] updating countdown to 1299
[14:24:20.349] [SEVERE ] setting player 1 freeze to 0
[14:24:20.349] [SEVERE ] placing card 6 in slot 7
[14:24:20.349] [SEVERE ] setting player 2 freeze to 0
[14:24:20.360] [SEVERE ] setting player 1 freeze to 0
[14:24:20.365] [SEVERE ] setting player 2 freeze to 0
[14:24:20.365] [SEVERE ] placing card 75 in slot 8
[14:24:20.381] [SEVERE ] setting player 2 freeze to 0
[14:24:20.381] [SEVERE ] setting player 1 freeze to 0
[14:24:20.381] [SEVERE ] placing card 55 in slot 0
[14:24:20.392] [SEVERE ] setting player 2 freeze to 0
[14:24:20.397] [SEVERE ] setting player 1 freeze to 0
[14:24:20.397] [SEVERE ] placing card 29 in slot 1
[14:24:20.413] [SEVERE ] setting player 1 freeze to 0
[14:24:20.413] [SEVERE ] setting player 2 freeze to 0
[14:24:20.413] [SEVERE ] placing card 56 in slot 11
[14:24:20.424] [SEVERE ] setting player 1 freeze to 0
[14:24:20.429] [SEVERE ] placing card 60 in slot 2
[14:24:20.429] [SEVERE ] setting player 2 freeze to 0
[14:24:20.445] [SEVERE ] setting player 2 freeze to 0
[14:24:20.445] [SEVERE ] setting player 1 freeze to 0
[14:24:20.445] [SEVERE ] placing card 24 in slot 6
[14:24:20.456] [SEVERE ] setting player 2 freeze to 0
[14:24:20.460] [SEVERE ] setting player 1 freeze to 0
[14:24:20.460] [SEVERE ] placing card 77 in slot 5
[14:24:20.476] [SEVERE ] placing card 26 in slot 4
[14:24:20.476] [SEVERE ] setting player 2 freeze to 0
[14:24:20.476] [SEVERE ] setting player 1 freeze to 0
[14:24:20.487] [SEVERE ] placing card 78 in slot 3
[14:24:20.492] [SEVERE ] setting player 1 freeze to 0
[14:24:20.492] [SEVERE ] setting player 2 freeze to 0
[14:24:20.508] [SEVERE ] placing card 37 in slot 9
[14:24:20.508] [SEVERE ] setting player 2 freeze to 0
[14:24:20.508] [SEVERE ] setting player 1 freeze to 0
[14:24:20.519] [SEVERE ] placing card 44 in slot 10
[14:24:20.519] [SEVERE ] setting player 2 freeze to 0
[14:24:20.519] [SEVERE ] updating countdown to 1113
[14:24:20.523] [SEVERE ] setting player 1 freeze to 0
[14:24:20.523] [SEVERE ] setting player 1 freeze to 0
[14:24:20.524] [SEVERE ] player 1 placing token on slot 5
[14:24:20.524] [SEVERE ] player 1 placing token on slot 7
[14:24:20.524] [SEVERE ] player 1 placing token on slot 9
[14:24:20.524] [SEVERE ] setting player 1 freeze to 0
[14:24:20.537] [SEVERE ] setting player 1 freeze to 0
[14:24:20.537] [SEVERE ] setting player 2 freeze to 0
[14:24:20.537] [SEVERE ] setting player 2 freeze to 0
[14:24:20.537] [SEVERE ] removing player 1 token from slot 5
[14:24:20.538] [SEVERE ] removing player 1 token from slot 7
[14:24:20.538] [SEVERE ] removing player 1 token from slot 9
[14:24:20.539] [SEVERE ] player 2 placing token on slot 5
[14:24:20.539] [SEVERE ] player 2 placing token on slot 7
[14:24:20.540] [SEVERE ] player 2 placing token on slot 9
[14:24:20.540] [SEVERE ] setting player 2 freeze to 0
[14:24:20.548] [SEVERE ] setting player 1 freeze to 0
[14:24:20.553] [SEVERE ] removing tokens from slot 5
[14:24:20.553] [SEVERE ] setting player 2 freeze to 0
[14:24:20.553] [SEVERE ] removing card from slot 5
[14:24:20.553] [SEVERE ] updating countdown to 1266
[14:24:20.553] [SEVERE ] removing player 2 token from slot 7
[14:24:20.569] [SEVERE ] removing tokens from slot 7
[14:24:20.569] [SEVERE ] setting player 2 freeze to 0
[14:24:20.569] [SEVERE ] setting player 2 freeze to 0
[14:24:20.569] [SEVERE ] setting player 1 freeze to 0
[14:24:20.569] [SEVERE ] removing card from slot 7
[14:24:20.569] [SEVERE ] updating countdown to 1250
[14:24:20.569] [SEVERE ] removing player 2 token from slot 9
[14:24:20.585] [SEVERE ] removing tokens from slot 9
[14:24:20.585] [SEVERE ] removing card from slot 9
[14:24:20.585] [SEVERE ] setting player 1 freeze to 0
[14:24:20.585] [SEVERE ] updating countdown to 1234
[14:24:20.600] [SEVERE ] placing card 17 in slot 9
[14:24:20.600] [SEVERE ] setting player 1 freeze to 0
[14:24:20.611] [SEVERE ] placing card 61 in slot 5
[14:24:20.611] [SEVERE ] player 2 placing token on slot 5
[14:24:20.611] [SEVERE ] player 2 placing token on slot 6
[14:24:20.612] [SEVERE ] player 2 placing token on slot 10
[14:24:20.614] [SEVERE ] setting player 2 freeze to 0
[14:24:20.616] [SEVERE ] setting player 1 freeze to 0
[14:24:20.622] [SEVERE ] placing card 16 in slot 7
[14:24:20.622] [SEVERE ] setting player 1 score to 3
[14:24:20.623] [SEVERE ] removing player 2 token from slot 5
[14:24:20.623] [SEVERE ] removing player 2 token from slot 6
[14:24:20.623] [SEVERE ] removing player 2 token from slot 10
[14:24:20.632] [SEVERE ] setting player 1 freeze to 0
[14:24:20.632] [SEVERE ] setting player 2 freeze to 0
[14:24:20.632] [SEVERE ] setting player 1 freeze to 0
[14:24:20.634] [SEVERE ] player 1 placing token on slot 1
[14:24:20.634] [SEVERE ] player 1 placing token on slot 7
[14:24:20.635] [SEVERE ] player 1 placing token on slot 8
[14:24:20.635] [SEVERE ] setting player 1 freeze to 0
[14:24:20.647] [SEVERE ] setting player 1 freeze to 0
[14:24:20.647] [SEVERE ] removing tokens from slot 5
[14:24:20.647] [SEVERE ] setting player 2 freeze to 0
[14:24:20.647] [SEVERE ] removing card from slot 5
[14:24:20.647] [SEVERE ] updating countdown to 1172
[14:24:20.658] [SEVERE ] setting player 1 freeze to 0
[14:24:20.662] [SEVERE ] removing tokens from slot 6
[14:24:20.662] [SEVERE ] setting player 2 freeze to 0
[14:24:20.662] [SEVERE ] removing card from slot 6
[14:24:20.662] [SEVERE ] updating countdown to 1157
[14:24:20.678] [SEVERE ] setting player 2 freeze to 0
[14:24:20.678] [SEVERE ] removing tokens from slot 10
[14:24:20.678] [SEVERE ] setting player 1 freeze to 0
[14:24:20.678] [SEVERE ] removing card from slot 10
[14:24:20.678] [SEVERE ] updating countdown to 1141
[14:24:20.689] [SEVERE ] setting player 2 freeze to 0
[14:24:20.693] [SEVERE ] setting player 1 freeze to 0
[14:24:20.693] [SEVERE ] placing card 63 in slot 5
[14:24:20.709] [SEVERE ] placing card 43 in slot 10
[14:24:20.709] [SEVERE ] setting player 2 freeze to 0
[14:24:20.709] [SEVERE ] setting player 1 freeze to 0
[14:24:20.720] [SEVERE ] placing card 53 in slot 6
[14:24:20.720] [SEVERE ] setting player 2 score to 2
[14:24:20.721] [SEVERE ] removing player 1 token from slot 1
[14:24:20.721] [SEVERE ] removing player 1 token from slot 7
[14:24:20.721] [SEVERE ] removing player 1 token from slot 8
[14:24:20.724] [SEVERE ] setting player 2 freeze to 0
[14:24:20.725] [SEVERE ] setting player 1 freeze to 0
[14:24:20.725] [SEVERE ] setting player 2 freeze to 0
[14:24:20.726] [SEVERE ] player 2 placing token on slot 2
[14:24:20.727] [SEVERE ] player 2 placing token on slot 6
[14:24:20.728] [SEVERE ] player 2 placing token on slot 7
[14:24:20.728] [SEVERE ] setting player 2 freeze to 0
[14:24:20.740] [SEVERE ] setting player 2 freeze to 0
[14:24:20.740] [SEVERE ] setting player 1 freeze to 0
[14:24:20.740] [SEVERE ] removing tokens from slot 1
[14:24:20.740] [SEVERE ] removing card from slot 1
[14:24:20.740] [SEVERE ] updating countdown to 1079
[14:24:20.741] [SEVERE ] removing player 2 token from slot 7
[14:24:20.751] [SEVERE ] setting player 2 freeze to 0
[14:24:20.755] [SEVERE ] removing tokens from slot 7
[14:24:20.755] [SEVERE ] setting player 2 freeze to 0
[14:24:20.755] [SEVERE ] setting player 1 freeze to 0
[14:24:20.755] [SEVERE ] removing card from slot 7
[14:24:20.755] [SEVERE ] updating countdown to 1064
[14:24:20.757] [SEVERE ] removing player 2 token from slot 2
[14:24:20.757] [SEVERE ] player 2 placing token on slot 5
[14:24:20.758] [SEVERE ] player 2 placing token on slot 8
[14:24:20.759] [SEVERE ] setting player 2 freeze to 0
[14:24:20.771] [SEVERE ] setting player 1 freeze to 0
[14:24:20.771] [SEVERE ] setting player 2 freeze to 0
[14:24:20.771] [SEVERE ] removing tokens from slot 8
[14:24:20.771] [SEVERE ] removing card from slot 8
[14:24:20.771] [SEVERE ] updating countdown to 1048
[14:24:20.782] [SEVERE ] setting player 1 freeze to 0
[14:24:20.786] [SEVERE ] placing card 14 in slot 7
[14:24:20.786] [SEVERE ] setting player 2 freeze to 0
[14:24:20.802] [SEVERE ] placing card 74 in slot 1
[14:24:20.802] [SEVERE ] setting player 1 freeze to 0
[14:24:20.802] [SEVERE ] setting player 2 freeze to 0
[14:24:20.813] [SEVERE ] placing card 31 in slot 8
[14:24:20.813] [SEVERE ] setting player 1 score to 4
[14:24:20.817] [SEVERE ] setting player 1 freeze to 0
[14:24:20.819] [SEVERE ] setting player 2 freeze to 1004
[14:24:20.834] [SEVERE ] updating countdown to 1299
[14:24:20.836] [SEVERE ] setting player 2 freeze to 0
[14:24:20.836] [SEVERE ] setting player 2 freeze to 0
[14:24:20.836] [SEVERE ] setting player 1 freeze to 0
[14:24:20.836] [SEVERE ] removing all tokens
[14:24:20.847] [SEVERE ] setting player 2 freeze to 0
[14:24:20.850] [SEVERE ] setting player 1 freeze to 0
[14:24:20.850] [SEVERE ] removing tokens from slot 4
[14:24:20.850] [SEVERE ] removing card from slot 4
[14:24:20.866] [SEVERE ] setting player 2 freeze to 0
[14:24:20.866] [SEVERE ] setting player 1 freeze to 0
[14:24:20.866] [SEVERE ] removing tokens from slot 2
[14:24:20.866] [SEVERE ] removing card from slot 2
[14:24:20.877] [SEVERE ] setting player 2 freeze to 0
[14:24:20.882] [SEVERE ] setting player 1 freeze to 0
[14:24:20.882] [SEVERE ] removing tokens from slot 11
[14:24:20.882] [SEVERE ] removing card from slot 11
[14:24:20.898] [SEVERE ] setting player 1 freeze to 0
[14:24:20.898] [SEVERE ] setting player 2 freeze to 0
[14:24:20.898] [SEVERE ] removing tokens from slot 9
[14:24:20.898] [SEVERE ] removing card from slot 9
[14:24:20.908] [SEVERE ] setting player 1 freeze to 0
[14:24:20.913] [SEVERE ] removing tokens from slot 0
[14:24:20.913] [SEVERE ] setting player 2 freeze to 0
[14:24:20.913] [SEVERE ] removing card from slot 0
[14:24:20.929] [SEVERE ] removing tokens from slot 3
[14:24:20.929] [SEVERE ] setting player 1 freeze to 0
[14:24:20.929] [SEVERE ] setting player 2 freeze to 0
[14:24:20.929] [SEVERE ] removing card from slot 3
[14:24:20.945] [SEVERE ] setting player 2 freeze to 0
[14:24:20.945] [SEVERE ] setting player 1 freeze to 0
[14:24:20.945] [SEVERE ] removing tokens from slot 10
[14:24:20.945] [SEVERE ] removing card from slot 10
[14:24:20.956] [SEVERE ] setting player 2 freeze to 0
[14:24:20.961] [SEVERE ] removing tokens from slot 5
[14:24:20.961] [SEVERE ] setting player 1 freeze to 0
[14:24:20.961] [SEVERE ] removing card from slot 5
[14:24:20.976] [SEVERE ] removing tokens from slot 1
[14:24:20.976] [SEVERE ] setting player 1 freeze to 0
[14:24:20.976] [SEVERE ] setting player 2 freeze to 0
[14:24:20.976] [SEVERE ] removing card from slot 1
[14:24:20.992] [SEVERE ] removing tokens from slot 8
[14:24:20.992] [SEVERE ] setting player 1 freeze to 0
[14:24:20.992] [SEVERE ] setting player 2 freeze to 0
[14:24:20.992] [SEVERE ] removing card from slot 8
[14:24:21.008] [SEVERE ] removing tokens from slot 6
[14:24:21.008] [SEVERE ] setting player 2 freeze to 0
[14:24:21.008] [SEVERE ] setting player 1 freeze to 0
[14:24:21.008] [SEVERE ] removing card from slot 6
[14:24:21.024] [SEVERE ] setting player 1 freeze to 0
[14:24:21.024] [SEVERE ] removing tokens from slot 7
[14:24:21.024] [SEVERE ] removing card from slot 7
[14:24:21.024] [SEVERE ] updating countdown to 1299
[14:24:21.025] [SEVERE ] setting player 2 freeze to 0
[14:24:21.040] [SEVERE ] placing card 46 in slot 0
[14:24:21.040] [SEVERE ] setting player 1 freeze to 0
[14:24:21.040] [SEVERE ] setting player 2 freeze to 0
[14:24:21.051] [SEVERE ] placing card 51 in slot 10
[14:24:21.051] [SEVERE ] setting player 1 freeze to 0
[14:24:21.056] [SEVERE ] setting player 2 freeze to 0
[14:24:21.072] [SEVERE ] placing card 32 in slot 6
[14:24:21.072] [SEVERE ] setting player 1 freeze to 0
[14:24:21.072] [SEVERE ] setting player 2 freeze to 0
[14:24:21.083] [SEVERE ] setting player 1 freeze to 0
[14:24:21.083] [SEVERE ] placing card 18 in slot 9
[14:24:21.088] [SEVERE ] setting player 2 freeze to 0
[14:24:21.104] [SEVERE ] placing card 48 in slot 8
[14:24:21.104] [SEVERE ] setting player 1 freeze to 0
[14:24:21.104] [SEVERE ] setting player 2 freeze to 0
[14:24:21.120] [SEVERE ] setting player 1 freeze to 0
[14:24:21.120] [SEVERE ] placing card 74 in slot 2
[14:24:21.120] [SEVERE ] setting player 2 freeze to 0
[14:24:21.131] [SEVERE ] setting player 1 freeze to 0
[14:24:21.131] [SEVERE ] placing card 64 in slot 7
[14:24:21.136] [SEVERE ] setting player 2 freeze to 0
[14:24:21.152] [SEVERE ] setting player 2 freeze to 0
[14:24:21.152] [SEVERE ] setting player 1 freeze to 0
[14:24:21.152] [SEVERE ] placing card 63 in slot 4
[14:24:21.163] [SEVERE ] setting player 2 freeze to 0
[14:24:21.168] [SEVERE ] placing card 79 in slot 5
[14:24:21.168] [SEVERE ] setting player 1 freeze to 0
[14:24:21.184] [SEVERE ] placing card 34 in slot 3
[14:24:21.184] [SEVERE ] setting player 2 freeze to 0
[14:24:21.184] [SEVERE ] setting player 1 freeze to 0
[14:24:21.195] [SEVERE ] placing card 55 in slot 11
[14:24:21.200] [SEVERE ] setting player 2 freeze to 0
[14:24:21.200] [SEVERE ] setting player 1 freeze to 0
[14:24:21.211] [SEVERE ] setting player 2 freeze to 0
[14:24:21.216] [SEVERE ] placing card 25 in slot 1
[14:24:21.216] [SEVERE ] setting player 1 freeze to 0
[14:24:21.216] [SEVERE ] updating countdown to 1107
[14:24:21.232] [SEVERE ] setting player 1 freeze to 0
[14:24:21.232] [SEVERE ] setting player 2 freeze to 0
[14:24:21.232] [SEVERE ] setting player 1 freeze to 0
[14:24:21.232] [SEVERE ] updating countdown to 1283
[14:24:21.236] [SEVERE ] player 1 placing token on slot 2
[14:24:21.237] [SEVERE ] player 1 placing token on slot 4
[14:24:21.237] [SEVERE ] player 1 placing token on slot 11
[14:24:21.237] [SEVERE ] setting player 1 freeze to 0
[14:24:21.232] [SEVERE ] setting player 2 freeze to 0
[14:24:21.238] [SEVERE ] player 2 placing token on slot 1
[14:24:21.238] [SEVERE ] player 2 placing token on slot 4
[14:24:21.238] [SEVERE ] player 2 placing token on slot 6
[14:24:21.238] [SEVERE ] setting player 2 freeze to 0
[14:24:21.243] [SEVERE ] removing player 1 token from slot 2
[14:24:21.243] [SEVERE ] removing player 1 token from slot 4
[14:24:21.243] [SEVERE ] removing player 1 token from slot 11
[14:24:21.248] [SEVERE ] setting player 1 freeze to 0
[14:24:21.263] [SEVERE ] removing tokens from slot 2
[14:24:21.263] [SEVERE ] setting player 2 freeze to 0
[14:24:21.263] [SEVERE ] setting player 1 freeze to 0
[14:24:21.263] [SEVERE ] removing card from slot 2
[14:24:21.264] [SEVERE ] updating countdown to 1251
[14:24:21.264] [SEVERE ] removing player 2 token from slot 4
[14:24:21.279] [SEVERE ] removing tokens from slot 4
[14:24:21.279] [SEVERE ] setting player 2 freeze to 0
[14:24:21.279] [SEVERE ] setting player 2 freeze to 0
[14:24:21.279] [SEVERE ] setting player 1 freeze to 0
[14:24:21.279] [SEVERE ] removing card from slot 4
[14:24:21.280] [SEVERE ] updating countdown to 1235
[14:24:21.294] [SEVERE ] setting player 1 freeze to 0
[14:24:21.310] [SEVERE ] setting player 1 freeze to 0
[14:24:21.310] [SEVERE ] removing tokens from slot 11
[14:24:21.310] [SEVERE ] removing card from slot 11
[14:24:21.311] [SEVERE ] updating countdown to 1204
[14:24:21.326] [SEVERE ] setting player 1 freeze to 0
[14:24:21.326] [SEVERE ] placing card 66 in slot 4
[14:24:21.342] [SEVERE ] placing card 70 in slot 2
[14:24:21.342] [SEVERE ] setting player 1 freeze to 0
[14:24:21.342] [SEVERE ] removing player 2 token from slot 1
[14:24:21.342] [SEVERE ] player 2 placing token on slot 2
[14:24:21.343] [SEVERE ] player 2 placing token on slot 3
[14:24:21.343] [SEVERE ] setting player 2 freeze to 0
[14:24:21.356] [SEVERE ] setting player 2 freeze to 0
[14:24:21.356] [SEVERE ] setting player 1 freeze to 0
[14:24:21.356] [SEVERE ] placing card 19 in slot 11
[14:24:21.357] [SEVERE ] setting player 1 score to 5
[14:24:21.364] [SEVERE ] updating countdown to 1151
[14:24:21.369] [SEVERE ] setting player 2 freeze to 1004
[14:24:21.372] [SEVERE ] setting player 1 freeze to 0
[14:24:21.374] [SEVERE ] setting player 2 freeze to 0
[14:24:21.378] [SEVERE ] setting player 1 freeze to 0
[14:24:21.379] [SEVERE ] player 1 placing token on slot 2
[14:24:21.383] [SEVERE ] player 1 placing token on slot 6
[14:24:21.388] [SEVERE ] player 1 placing token on slot 9
[14:24:21.392] [SEVERE ] setting player 1 freeze to 0
[14:24:21.393] [SEVERE ] removing player 1 token from slot 2
[14:24:21.396] [SEVERE ] removing player 1 token from slot 6
[14:24:21.406] [SEVERE ] removing player 1 token from slot 9
[14:24:21.408] [SEVERE ] removing player 2 token from slot 2
[14:24:21.409] [SEVERE ] setting player 1 freeze to 0
[14:24:21.410] [SEVERE ] setting player 2 freeze to 0
[14:24:21.410] [SEVERE ] removing player 2 token from slot 6
[14:24:21.412] [SEVERE ] removing player 2 token from slot 3
[14:24:21.412] [SEVERE ] player 2 placing token on slot 6
[14:24:21.412] [SEVERE ] player 2 placing token on slot 2
[14:24:21.413] [SEVERE ] player 2 placing token on slot 3
[14:24:21.413] [SEVERE ] setting player 2 freeze to 0
[14:24:21.434] [SEVERE ] removing tokens from slot 2
[14:24:21.434] [SEVERE ] setting player 1 freeze to 0
[14:24:21.435] [SEVERE ] removing card from slot 2
[14:24:21.435] [SEVERE ] setting player 2 freeze to 0
[14:24:21.436] [SEVERE ] updating countdown to 1079
[14:24:21.436] [SEVERE ] removing player 2 token from slot 6
[14:24:21.446] [SEVERE ] setting player 2 freeze to 0
[14:24:21.450] [SEVERE ] removing tokens from slot 6
[14:24:21.450] [SEVERE ] setting player 2 freeze to 0
[14:24:21.450] [SEVERE ] setting player 1 freeze to 0
[14:24:21.450] [SEVERE ] removing card from slot 6
[14:24:21.451] [SEVERE ] updating countdown to 1064
[14:24:21.466] [SEVERE ] setting player 1 freeze to 0
[14:24:21.466] [SEVERE ] removing tokens from slot 9
[14:24:21.466] [SEVERE ] removing card from slot 9
[14:24:21.467] [SEVERE ] updating countdown to 1048
[14:24:21.481] [SEVERE ] setting player 1 freeze to 0
[14:24:21.481] [SEVERE ] placing card 27 in slot 2
[14:24:21.497] [SEVERE ] placing card 42 in slot 6
[14:24:21.497] [SEVERE ] setting player 1 freeze to 0
[14:24:21.499] [SEVERE ] player 2 placing token on slot 2
[14:24:21.499] [SEVERE ] player 2 placing token on slot 6
[14:24:21.499] [SEVERE ] player 2 placing token on slot 8
[14:24:21.513] [SEVERE ] setting player 1 freeze to 0
[14:24:21.513] [SEVERE ] placing card 8 in slot 9
[14:24:21.513] [SEVERE ] setting player 1 score to 6
[14:24:21.514] [SEVERE ] removing player 2 token from slot 6
[14:24:21.515] [SEVERE ] setting player 2 freeze to 0
[14:24:21.517] [SEVERE ] updating countdown to 1299
[14:24:21.520] [SEVERE ] removing all tokens
[14:24:21.529] [SEVERE ] setting player 1 freeze to 0
[14:24:21.529] [SEVERE ] setting player 2 freeze to 0
[14:24:21.544] [SEVERE ] setting player 2 freeze to 0
[14:24:21.544] [SEVERE ] removing tokens from slot 3
[14:24:21.544] [SEVERE ] setting player 1 freeze to 0
[14:24:21.544] [SEVERE ] removing card from slot 3
[14:24:21.555] [SEVERE ] setting player 2 freeze to 0
[14:24:21.560] [SEVERE ] setting player 1 freeze to 0
[14:24:21.560] [SEVERE ] removing tokens from slot 8
[14:24:21.560] [SEVERE ] removing card from slot 8
[14:24:21.572] [SEVERE ] setting player 1 freeze to 0
[14:24:21.576] [SEVERE ] removing tokens from slot 0
[14:24:21.576] [SEVERE ] setting player 2 freeze to 0
[14:24:21.576] [SEVERE ] removing card from slot 0
[14:24:21.592] [SEVERE ] setting player 2 freeze to 0
[14:24:21.592] [SEVERE ] setting player 1 freeze to 0
[14:24:21.592] [SEVERE ] removing tokens from slot 5
[14:24:21.593] [SEVERE ] removing card from slot 5
[14:24:21.602] [SEVERE ] setting player 2 freeze to 0
[14:24:21.607] [SEVERE ] setting player 1 freeze to 0
[14:24:21.607] [SEVERE ] removing tokens from slot 2
[14:24:21.608] [SEVERE ] removing card from slot 2
[14:24:21.622] [SEVERE ] setting player 2 freeze to 0
[14:24:21.622] [SEVERE ] removing tokens from slot 7
[14:24:21.622] [SEVERE ] removing card from slot 7
[14:24:21.622] [SEVERE ] setting player 1 freeze to 0
[14:24:21.634] [SEVERE ] setting player 2 freeze to 0
[14:24:21.637] [SEVERE ] removing tokens from slot 11
[14:24:21.637] [SEVERE ] setting player 1 freeze to 0
[14:24:21.637] [SEVERE ] removing card from slot 11
[14:24:21.653] [SEVERE ] removing tokens from slot 1
[14:24:21.653] [SEVERE ] setting player 2 freeze to 0
[14:24:21.653] [SEVERE ] setting player 1 freeze to 0
[14:24:21.653] [SEVERE ] removing card from slot 1
[14:24:21.669] [SEVERE ] removing tokens from slot 10
[14:24:21.669] [SEVERE ] setting player 1 freeze to 0
[14:24:21.669] [SEVERE ] setting player 2 freeze to 0
[14:24:21.669] [SEVERE ] removing card from slot 10
[14:24:21.684] [SEVERE ] removing tokens from slot 4
[14:24:21.684] [SEVERE ] setting player 2 freeze to 0
[14:24:21.684] [SEVERE ] setting player 1 freeze to 0
[14:24:21.684] [SEVERE ] removing card from slot 4
[14:24:21.700] [SEVERE ] setting player 1 freeze to 0
[14:24:21.700] [SEVERE ] removing tokens from slot 6
[14:24:21.701] [SEVERE ] removing card from slot 6
[14:24:21.701] [SEVERE ] setting player 2 freeze to 0
[14:24:21.716] [SEVERE ] setting player 1 freeze to 0
[14:24:21.716] [SEVERE ] removing tokens from slot 9
[14:24:21.716] [SEVERE ] setting player 2 freeze to 0
[14:24:21.717] [SEVERE ] removing card from slot 9
[14:24:21.718] [SEVERE ] updating countdown to 1299
[14:24:21.727] [SEVERE ] setting player 1 freeze to 0
[14:24:21.732] [SEVERE ] setting player 2 freeze to 0
[14:24:21.732] [SEVERE ] placing card 60 in slot 3
[14:24:21.748] [SEVERE ] placing card 34 in slot 9
[14:24:21.748] [SEVERE ] setting player 1 freeze to 0
[14:24:21.748] [SEVERE ] setting player 2 freeze to 0
[14:24:21.760] [SEVERE ] placing card 20 in slot 6
[14:24:21.760] [SEVERE ] setting player 1 freeze to 0
[14:24:21.763] [SEVERE ] setting player 2 freeze to 0
[14:24:21.778] [SEVERE ] setting player 1 freeze to 0
[14:24:21.778] [SEVERE ] placing card 33 in slot 4
[14:24:21.778] [SEVERE ] setting player 2 freeze to 0
[14:24:21.789] [SEVERE ] setting player 1 freeze to 0
[14:24:21.794] [SEVERE ] setting player 2 freeze to 0
[14:24:21.794] [SEVERE ] placing card 12 in slot 0
[14:24:21.810] [SEVERE ] setting player 2 freeze to 0
[14:24:21.810] [SEVERE ] setting player 1 freeze to 0
[14:24:21.810] [SEVERE ] placing card 1 in slot 11
[14:24:21.821] [SEVERE ] setting player 2 freeze to 0
[14:24:21.825] [SEVERE ] placing card 56 in slot 10
[14:24:21.825] [SEVERE ] setting player 1 freeze to 0
[14:24:21.841] [SEVERE ] setting player 2 freeze to 0
[14:24:21.841] [SEVERE ] setting player 1 freeze to 0
[14:24:21.841] [SEVERE ] placing card 13 in slot 5
[14:24:21.852] [SEVERE ] setting player 2 freeze to 0
[14:24:21.856] [SEVERE ] placing card 22 in slot 2
[14:24:21.856] [SEVERE ] setting player 1 freeze to 0
[14:24:21.872] [SEVERE ] placing card 46 in slot 8
[14:24:21.872] [SEVERE ] setting player 1 freeze to 0
[14:24:21.872] [SEVERE ] setting player 2 freeze to 0
[14:24:21.883] [SEVERE ] placing card 53 in slot 7
[14:24:21.887] [SEVERE ] setting player 1 freeze to 0
[14:24:21.887] [SEVERE ] setting player 2 freeze to 0
[14:24:21.902] [SEVERE ] setting player 2 freeze to 0
[14:24:21.902] [SEVERE ] placing card 41 in slot 1
[14:24:21.902] [SEVERE ] setting player 1 freeze to 0
[14:24:21.903] [SEVERE ] updating countdown to 1114
[14:24:21.913] [SEVERE ] setting player 2 freeze to 0
[14:24:21.918] [SEVERE ] updating countdown to 1285
[14:24:21.918] [SEVERE ] setting player 2 freeze to 0
[14:24:21.918] [SEVERE ] setting player 1 freeze to 0
[14:24:21.918] [SEVERE ] setting player 1 freeze to 0
[14:24:21.921] [SEVERE ] player 1 placing token on slot 1
[14:24:21.921] [SEVERE ] player 2 placing token on slot 1
[14:24:21.922] [SEVERE ] player 1 placing token on slot 4
[14:24:21.922] [SEVERE ] player 1 placing token on slot 8
[14:24:21.922] [SEVERE ] setting player 1 freeze to 0
[14:24:21.923] [SEVERE ] player 2 placing token on slot 4
[14:24:21.923] [SEVERE ] player 2 placing token on slot 8
[14:24:21.923] [SEVERE ] setting player 2 freeze to 0
[14:24:21.930] [SEVERE ] removing player 1 token from slot 1
[14:24:21.932] [SEVERE ] removing player 1 token from slot 4
[14:24:21.938] [SEVERE ] setting player 1 freeze to 0
[14:24:21.940] [SEVERE ] removing player 1 token from slot 8
[14:24:21.944] [SEVERE ] removing player 2 token from slot 1
[14:24:21.949] [SEVERE ] setting player 2 freeze to 0
[14:24:21.949] [SEVERE ] setting player 2 freeze to 0
[14:24:21.952] [SEVERE ] player 2 placing token on slot 1
[14:24:21.952] [SEVERE ] setting player 1 freeze to 0
[14:24:21.953] [SEVERE ] removing player 2 token from slot 4
[14:24:21.953] [SEVERE ] removing player 2 token from slot 8
[14:24:21.964] [SEVERE ] removing tokens from slot 1
[14:24:21.964] [SEVERE ] removing card from slot 1
[14:24:21.965] [SEVERE ] updating countdown to 1238
[14:24:21.975] [SEVERE ] setting player 1 freeze to 0
[14:24:21.980] [SEVERE ] removing tokens from slot 4
[14:24:21.980] [SEVERE ] removing card from slot 4
[14:24:21.991] [SEVERE ] updating countdown to 1212
[14:24:22.001] [SEVERE ] setting player 1 freeze to 0
[14:24:22.011] [SEVERE ] removing tokens from slot 8
[14:24:22.011] [SEVERE ] removing card from slot 8
[14:24:22.011] [SEVERE ] updating countdown to 1192
[14:24:22.026] [SEVERE ] placing card 48 in slot 4
[14:24:22.032] [SEVERE ] setting player 1 freeze to 0
[14:24:22.042] [SEVERE ] placing card 4 in slot 8
[14:24:22.057] [SEVERE ] setting player 1 freeze to 0
[14:24:22.057] [SEVERE ] placing card 73 in slot 1
[14:24:22.059] [SEVERE ] setting player 1 score to 7
[14:24:22.060] [SEVERE ] updating countdown to 1143
[14:24:22.063] [SEVERE ] player 2 placing token on slot 2
[14:24:22.065] [SEVERE ] player 2 placing token on slot 5
[14:24:22.065] [SEVERE ] player 2 placing token on slot 8
[14:24:22.065] [SEVERE ] setting player 2 freeze to 0
[14:24:22.073] [SEVERE ] removing player 2 token from slot 2
[14:24:22.073] [SEVERE ] setting player 1 freeze to 0
[14:24:22.074] [SEVERE ] removing player 2 token from slot 5
[14:24:22.074] [SEVERE ] removing player 2 token from slot 8
[14:24:22.074] [SEVERE ] setting player 1 freeze to 0
[14:24:22.074] [SEVERE ] player 1 placing token on slot 1
[14:24:22.074] [SEVERE ] player 1 placing token on slot 5
[14:24:22.074] [SEVERE ] player 1 placing token on slot 9
[14:24:22.077] [SEVERE ] setting player 1 freeze to 0
[14:24:22.088] [SEVERE ] setting player 1 freeze to 0
[14:24:22.088] [SEVERE ] setting player 2 freeze to 0
[14:24:22.088] [SEVERE ] removing tokens from slot 2
[14:24:22.088] [SEVERE ] removing card from slot 2
[14:24:22.088] [SEVERE ] updating countdown to 1115
[14:24:22.088] [SEVERE ] removing player 1 token from slot 5
[14:24:22.099] [SEVERE ] setting player 1 freeze to 0
[14:24:22.099] [SEVERE ] setting player 2 freeze to 0
[14:24:22.099] [SEVERE ] setting player 1 freeze to 0
[14:24:22.099] [SEVERE ] removing player 1 token from slot 1
[14:24:22.099] [SEVERE ] player 1 placing token on slot 5
[14:24:22.099] [SEVERE ] removing player 1 token from slot 9
[14:24:22.103] [SEVERE ] removing tokens from slot 5
[14:24:22.103] [SEVERE ] removing card from slot 5
[14:24:22.104] [SEVERE ] updating countdown to 1099
[14:24:22.110] [SEVERE ] setting player 2 freeze to 0
[14:24:22.119] [SEVERE ] removing tokens from slot 8
[14:24:22.119] [SEVERE ] removing card from slot 8
[14:24:22.119] [SEVERE ] updating countdown to 1084
[14:24:22.135] [SEVERE ] placing card 57 in slot 5
[14:24:22.139] [SEVERE ] setting player 2 freeze to 0
[14:24:22.168] [SEVERE ] setting player 2 freeze to 0
[14:24:22.177] [SEVERE ] placing card 51 in slot 8
[14:24:22.180] [SEVERE ] player 1 placing token on slot 0
[14:24:22.180] [SEVERE ] player 1 placing token on slot 4
[14:24:22.180] [SEVERE ] player 1 placing token on slot 5
[14:24:22.180] [SEVERE ] setting player 1 freeze to 0
[14:24:22.183] [SEVERE ] setting player 2 freeze to 0
[14:24:22.199] [SEVERE ] setting player 2 freeze to 0
[14:24:22.199] [SEVERE ] setting player 1 freeze to 0
[14:24:22.199] [SEVERE ] placing card 2 in slot 2
[14:24:22.203] [SEVERE ] setting player 2 score to 3
[14:24:22.204] [SEVERE ] removing player 1 token from slot 0
[14:24:22.204] [SEVERE ] removing player 1 token from slot 4
[14:24:22.204] [SEVERE ] removing player 1 token from slot 5
[14:24:22.214] [SEVERE ] setting player 1 freeze to 0
[14:24:22.214] [SEVERE ] setting player 2 freeze to 0
[14:24:22.214] [SEVERE ] setting player 2 freeze to 0
[14:24:22.214] [SEVERE ] player 2 placing token on slot 2
[14:24:22.214] [SEVERE ] player 2 placing token on slot 5
[14:24:22.214] [SEVERE ] player 2 placing token on slot 9
[14:24:22.215] [SEVERE ] setting player 2 freeze to 0
[14:24:22.225] [SEVERE ] setting player 1 freeze to 0
[14:24:22.229] [SEVERE ] setting player 2 freeze to 0
[14:24:22.229] [SEVERE ] removing tokens from slot 0
[14:24:22.229] [SEVERE ] removing card from slot 0
[14:24:22.244] [SEVERE ] setting player 1 freeze to 0
[14:24:22.244] [SEVERE ] setting player 2 freeze to 0
[14:24:22.244] [SEVERE ] removing tokens from slot 4
[14:24:22.244] [SEVERE ] removing card from slot 4
[14:24:22.244] [SEVERE ] removing player 2 token from slot 5
[14:24:22.255] [SEVERE ] setting player 1 freeze to 0
[14:24:22.260] [SEVERE ] setting player 2 freeze to 0
[14:24:22.260] [SEVERE ] removing tokens from slot 5
[14:24:22.260] [SEVERE ] setting player 2 freeze to 0
[14:24:22.260] [SEVERE ] removing card from slot 5
[14:24:22.275] [SEVERE ] placing card 35 in slot 5
[14:24:22.275] [SEVERE ] setting player 1 freeze to 0
[14:24:22.291] [SEVERE ] setting player 1 freeze to 0
[14:24:22.291] [SEVERE ] placing card 72 in slot 4
[14:24:22.307] [SEVERE ] placing card 49 in slot 0
[14:24:22.307] [SEVERE ] setting player 1 freeze to 0
[14:24:22.307] [SEVERE ] setting player 1 score to 8
[14:24:22.307] [SEVERE ] updating countdown to 1299
[14:24:22.308] [SEVERE ] removing all tokens
[14:24:22.308] [SEVERE ] setting player 2 freeze to 0
[14:24:22.318] [SEVERE ] setting player 1 freeze to 0
[14:24:22.323] [SEVERE ] setting player 2 freeze to 0
[14:24:22.323] [SEVERE ] removing tokens from slot 2
[14:24:22.323] [SEVERE ] removing card from slot 2
[14:24:22.335] [SEVERE ] setting player 2 freeze to 0
[14:24:22.340] [SEVERE ] removing tokens from slot 5
[14:24:22.340] [SEVERE ] setting player 1 freeze to 0
[14:24:22.340] [SEVERE ] removing card from slot 5
[14:24:22.355] [SEVERE ] setting player 1 freeze to 0
[14:24:22.355] [SEVERE ] removing tokens from slot 3
[14:24:22.355] [SEVERE ] setting player 2 freeze to 0
[14:24:22.356] [SEVERE ] removing card from slot 3
[14:24:22.366] [SEVERE ] setting player 1 freeze to 0
[14:24:22.371] [SEVERE ] setting player 2 freeze to 0
[14:24:22.371] [SEVERE ] removing tokens from slot 6
[14:24:22.371] [SEVERE ] removing card from slot 6
[14:24:22.387] [SEVERE ] removing tokens from slot 11
[14:24:22.387] [SEVERE ] setting player 1 freeze to 0
[14:24:22.387] [SEVERE ] setting player 2 freeze to 0
[14:24:22.387] [SEVERE ] removing card from slot 11
[14:24:22.403] [SEVERE ] setting player 2 freeze to 0
[14:24:22.403] [SEVERE ] removing tokens from slot 0
[14:24:22.403] [SEVERE ] setting player 1 freeze to 0
[14:24:22.403] [SEVERE ] removing card from slot 0
[14:24:22.414] [SEVERE ] setting player 2 freeze to 0
[14:24:22.415] [SEVERE ] setting player 1 freeze to 0
[14:24:22.419] [SEVERE ] removing tokens from slot 9
[14:24:22.419] [SEVERE ] removing card from slot 9
[14:24:22.434] [SEVERE ] setting player 1 freeze to 0
[14:24:22.434] [SEVERE ] setting player 2 freeze to 0
[14:24:22.434] [SEVERE ] removing tokens from slot 1
[14:24:22.435] [SEVERE ] removing card from slot 1
[14:24:22.445] [SEVERE ] setting player 1 freeze to 0
[14:24:22.450] [SEVERE ] removing tokens from slot 10
[14:24:22.450] [SEVERE ] setting player 2 freeze to 0
[14:24:22.450] [SEVERE ] removing card from slot 10
[14:24:22.465] [SEVERE ] removing tokens from slot 7
[14:24:22.465] [SEVERE ] setting player 2 freeze to 0
[14:24:22.465] [SEVERE ] setting player 1 freeze to 0
[14:24:22.465] [SEVERE ] removing card from slot 7
[14:24:22.481] [SEVERE ] setting player 2 freeze to 0
[14:24:22.481] [SEVERE ] setting player 1 freeze to 0
[14:24:22.481] [SEVERE ] removing tokens from slot 4
[14:24:22.481] [SEVERE ] removing card from slot 4
[14:24:22.492] [SEVERE ] setting player 2 freeze to 0
[14:24:22.496] [SEVERE ] removing tokens from slot 8
[14:24:22.496] [SEVERE ] setting player 1 freeze to 0
[14:24:22.496] [SEVERE ] removing card from slot 8
[14:24:22.497] [SEVERE ] updating countdown to 1299
[14:24:22.511] [SEVERE ] setting player 1 freeze to 0
[14:24:22.511] [SEVERE ] setting player 2 freeze to 0
[14:24:22.511] [SEVERE ] placing card 2 in slot 11
[14:24:22.522] [SEVERE ] setting player 1 freeze to 0
[14:24:22.527] [SEVERE ] placing card 36 in slot 2
[14:24:22.527] [SEVERE ] setting player 2 freeze to 0
[14:24:22.543] [SEVERE ] placing card 69 in slot 3
[14:24:22.543] [SEVERE ] setting player 1 freeze to 0
[14:24:22.543] [SEVERE ] setting player 2 freeze to 0
[14:24:22.555] [SEVERE ] placing card 25 in slot 8
[14:24:22.559] [SEVERE ] setting player 2 freeze to 0
[14:24:22.559] [SEVERE ] setting player 1 freeze to 0
[14:24:22.570] [SEVERE ] setting player 2 freeze to 0
[14:24:22.575] [SEVERE ] setting player 1 freeze to 0
[14:24:22.575] [SEVERE ] placing card 79 in slot 6
[14:24:22.591] [SEVERE ] placing card 45 in slot 0
[14:24:22.591] [SEVERE ] setting player 2 freeze to 0
[14:24:22.591] [SEVERE ] setting player 1 freeze to 0
[14:24:22.602] [SEVERE ] placing card 1 in slot 5
[14:24:22.607] [SEVERE ] setting player 1 freeze to 0
[14:24:22.607] [SEVERE ] setting player 2 freeze to 0
[14:24:22.623] [SEVERE ] setting player 2 freeze to 0
[14:24:22.623] [SEVERE ] placing card 47 in slot 7
[14:24:22.623] [SEVERE ] setting player 1 freeze to 0
[14:24:22.634] [SEVERE ] setting player 2 freeze to 0
[14:24:22.638] [SEVERE ] placing card 78 in slot 4
[14:24:22.638] [SEVERE ] setting player 1 freeze to 0
[14:24:22.654] [SEVERE ] placing card 73 in slot 10
[14:24:22.654] [SEVERE ] setting player 1 freeze to 0
[14:24:22.654] [SEVERE ] setting player 2 freeze to 0
[14:24:22.665] [SEVERE ] setting player 1 freeze to 0
[14:24:22.665] [SEVERE ] placing card 43 in slot 1
[14:24:22.668] [SEVERE ] setting player 2 freeze to 0
[14:24:22.684] [SEVERE ] setting player 2 freeze to 0
[14:24:22.684] [SEVERE ] setting player 1 freeze to 0
[14:24:22.684] [SEVERE ] placing card 52 in slot 9
[14:24:22.685] [SEVERE ] updating countdown to 1111
[14:24:22.695] [SEVERE ] setting player 2 freeze to 0
[14:24:22.699] [SEVERE ] setting player 2 freeze to 0
[14:24:22.699] [SEVERE ] updating countdown to 1286
[14:24:22.699] [SEVERE ] setting player 1 freeze to 0
[14:24:22.699] [SEVERE ] setting player 1 freeze to 0
[14:24:22.701] [SEVERE ] player 2 placing token on slot 2
[14:24:22.701] [SEVERE ] player 2 placing token on slot 10
[14:24:22.702] [SEVERE ] player 2 placing token on slot 11
[14:24:22.702] [SEVERE ] setting player 2 freeze to 0
[14:24:22.703] [SEVERE ] player 1 placing token on slot 2
[14:24:22.704] [SEVERE ] player 1 placing token on slot 10
[14:24:22.704] [SEVERE ] player 1 placing token on slot 11
[14:24:22.704] [SEVERE ] setting player 1 freeze to 0
[14:24:22.710] [SEVERE ] removing player 2 token from slot 2
[14:24:22.710] [SEVERE ] removing player 2 token from slot 10
[14:24:22.710] [SEVERE ] removing player 2 token from slot 11
[14:24:22.710] [SEVERE ] removing player 1 token from slot 2
[14:24:22.715] [SEVERE ] setting player 2 freeze to 0
[14:24:22.715] [SEVERE ] setting player 1 freeze to 0
[14:24:22.715] [SEVERE ] player 1 placing token on slot 2
[14:24:22.716] [SEVERE ] removing player 1 token from slot 10
[14:24:22.718] [SEVERE ] removing player 1 token from slot 11
[14:24:22.731] [SEVERE ] removing player 1 token from slot 2
[14:24:22.732] [SEVERE ] player 1 placing token on slot 10
[14:24:22.734] [SEVERE ] setting player 2 freeze to 0
[14:24:22.734] [SEVERE ] removing tokens from slot 2
[14:24:22.734] [SEVERE ] player 1 placing token on slot 11
[14:24:22.734] [SEVERE ] removing card from slot 2
[14:24:22.734] [SEVERE ] updating countdown to 1251
[14:24:22.734] [SEVERE ] removing player 1 token from slot 10
[14:24:22.745] [SEVERE ] setting player 2 freeze to 0
[14:24:22.747] [SEVERE ] removing tokens from slot 10
[14:24:22.747] [SEVERE ] removing card from slot 10
[14:24:22.747] [SEVERE ] updating countdown to 1238
[14:24:22.747] [SEVERE ] removing player 1 token from slot 11
[14:24:22.748] [SEVERE ] player 1 placing token on slot 6
[14:24:22.748] [SEVERE ] player 1 placing token on slot 8
[14:24:22.748] [SEVERE ] player 1 placing token on slot 9
[14:24:22.748] [SEVERE ] setting player 1 freeze to 0
[14:24:22.763] [SEVERE ] setting player 2 freeze to 0
[14:24:22.763] [SEVERE ] setting player 1 freeze to 0
[14:24:22.763] [SEVERE ] removing tokens from slot 11
[14:24:22.763] [SEVERE ] removing card from slot 11
[14:24:22.763] [SEVERE ] updating countdown to 1222
[14:24:22.774] [SEVERE ] setting player 2 freeze to 0
[14:24:22.778] [SEVERE ] placing card 7 in slot 11
[14:24:22.778] [SEVERE ] setting player 1 freeze to 0
[14:24:22.794] [SEVERE ] placing card 53 in slot 10
[14:24:22.794] [SEVERE ] setting player 2 freeze to 0
[14:24:22.794] [SEVERE ] setting player 1 freeze to 0
[14:24:22.809] [SEVERE ] setting player 1 freeze to 0
[14:24:22.809] [SEVERE ] placing card 35 in slot 2
[14:24:22.809] [SEVERE ] setting player 2 freeze to 0
[14:24:22.809] [SEVERE ] setting player 2 score to 4
[14:24:22.810] [SEVERE ] removing player 1 token from slot 6
[14:24:22.810] [SEVERE ] removing player 1 token from slot 8
[14:24:22.810] [SEVERE ] removing player 1 token from slot 9
[14:24:22.820] [SEVERE ] setting player 1 freeze to 0
[14:24:22.825] [SEVERE ] setting player 2 freeze to 0
[14:24:22.825] [SEVERE ] setting player 2 freeze to 0
[14:24:22.825] [SEVERE ] removing tokens from slot 6
[14:24:22.825] [SEVERE ] removing card from slot 6
[14:24:22.825] [SEVERE ] updating countdown to 1160
[14:24:22.825] [SEVERE ] player 2 placing token on slot 4
[14:24:22.825] [SEVERE ] player 2 placing token on slot 8
[14:24:22.825] [SEVERE ] player 2 placing token on slot 10
[14:24:22.825] [SEVERE ] setting player 2 freeze to 0
[14:24:22.841] [SEVERE ] removing tokens from slot 8
[14:24:22.841] [SEVERE ] setting player 1 freeze to 0
[14:24:22.841] [SEVERE ] setting player 2 freeze to 0
[14:24:22.841] [SEVERE ] removing card from slot 8
[14:24:22.841] [SEVERE ] updating countdown to 1144
[14:24:22.857] [SEVERE ] setting player 1 freeze to 0
[14:24:22.857] [SEVERE ] setting player 2 freeze to 0
[14:24:22.857] [SEVERE ] removing tokens from slot 9
[14:24:22.857] [SEVERE ] removing card from slot 9
[14:24:22.857] [SEVERE ] updating countdown to 1128
[14:24:22.868] [SEVERE ] setting player 1 freeze to 0
[14:24:22.873] [SEVERE ] placing card 56 in slot 6
[14:24:22.873] [SEVERE ] setting player 2 freeze to 0
[14:24:22.888] [SEVERE ] setting player 2 freeze to 0
[14:24:22.888] [SEVERE ] setting player 1 freeze to 0
[14:24:22.888] [SEVERE ] placing card 5 in slot 8
[14:24:22.899] [SEVERE ] setting player 2 freeze to 0
[14:24:22.904] [SEVERE ] placing card 38 in slot 9
[14:24:22.904] [SEVERE ] setting player 1 freeze to 0
[14:24:22.904] [SEVERE ] setting player 1 score to 9
[14:24:22.905] [SEVERE ] updating countdown to 1080
[14:24:22.920] [SEVERE ] setting player 1 freeze to 0
[14:24:22.920] [SEVERE ] setting player 1 freeze to 0
[14:24:22.920] [SEVERE ] setting player 2 freeze to 0
[14:24:22.920] [SEVERE ] updating countdown to 1065
[14:24:22.920] [SEVERE ] setting player 2 freeze to 0
[14:24:22.921] [SEVERE ] player 1 placing token on slot 2
[14:24:22.921] [SEVERE ] player 2 placing token on slot 3
[14:24:22.922] [SEVERE ] removing player 2 token from slot 10
[14:24:22.922] [SEVERE ] player 2 placing token on slot 11
[14:24:22.922] [SEVERE ] setting player 2 freeze to 0
[14:24:22.922] [SEVERE ] player 1 placing token on slot 6
[14:24:22.923] [SEVERE ] player 1 placing token on slot 8
[14:24:22.923] [SEVERE ] setting player 1 freeze to 0
[14:24:22.934] [SEVERE ] removing player 1 token from slot 2
[14:24:22.934] [SEVERE ] removing player 1 token from slot 6
[14:24:22.935] [SEVERE ] removing player 1 token from slot 8
[14:24:22.936] [SEVERE ] setting player 1 freeze to 0
[14:24:22.936] [SEVERE ] setting player 2 freeze to 1007
[14:24:22.951] [SEVERE ] setting player 2 freeze to 0
[14:24:22.951] [SEVERE ] setting player 2 freeze to 0
[14:24:22.952] [SEVERE ] removing player 2 token from slot 4
[14:24:22.952] [SEVERE ] removing player 2 token from slot 3
[14:24:22.951] [SEVERE ] setting player 1 freeze to 0
[14:24:22.953] [SEVERE ] removing player 2 token from slot 11
[14:24:22.963] [SEVERE ] player 2 placing token on slot 2
[14:24:22.963] [SEVERE ] player 2 placing token on slot 6
[14:24:22.970] [SEVERE ] player 2 placing token on slot 8
[14:24:22.971] [SEVERE ] setting player 1 freeze to 0
[14:24:22.971] [SEVERE ] setting player 2 freeze to 0
[14:24:22.974] [SEVERE ] removing tokens from slot 2
[14:24:22.974] [SEVERE ] removing card from slot 2
[14:24:22.974] [SEVERE ] updating countdown to 1011
[14:24:22.975] [SEVERE ] removing player 2 token from slot 6
[14:24:22.983] [SEVERE ] setting player 2 freeze to 0
[14:24:22.983] [SEVERE ] setting player 1 freeze to 0
[14:24:22.984] [SEVERE ] player 2 placing token on slot 3
[14:24:22.984] [SEVERE ] player 2 placing token on slot 10
[14:24:22.985] [SEVERE ] player 2 placing token on slot 11
[14:24:22.999] [SEVERE ] setting player 1 freeze to 0
[14:24:22.999] [SEVERE ] removing tokens from slot 6
[14:24:22.999] [SEVERE ] removing card from slot 6
[14:24:23.000] [SEVERE ] removing player 2 token from slot 8
[14:24:23.004] [SEVERE ] removing player 2 token from slot 3
[14:24:23.005] [SEVERE ] removing player 2 token from slot 10
[14:24:23.005] [SEVERE ] removing player 2 token from slot 11
[14:24:23.010] [SEVERE ] setting player 1 freeze to 0
[14:24:23.015] [SEVERE ] removing tokens from slot 8
[14:24:23.015] [SEVERE ] removing card from slot 8
[14:24:23.016] [SEVERE ] player 2 placing token on slot 3
[14:24:23.016] [SEVERE ] player 2 placing token on slot 10
[14:24:23.016] [SEVERE ] player 2 placing token on slot 11
[14:24:23.017] [SEVERE ] setting player 2 freeze to 0
[14:24:23.031] [SEVERE ] placing card 72 in slot 8
[14:24:23.031] [SEVERE ] setting player 2 freeze to 0
[14:24:23.031] [SEVERE ] setting player 1 freeze to 0
[14:24:23.042] [SEVERE ] setting player 2 freeze to 0
[14:24:23.042] [SEVERE ] placing card 58 in slot 6
[14:24:23.046] [SEVERE ] setting player 1 freeze to 0
[14:24:23.053] [SEVERE ] setting player 2 freeze to 0
[14:24:23.062] [SEVERE ] placing card 65 in slot 2
[14:24:23.062] [SEVERE ] setting player 1 freeze to 0
[14:24:23.062] [SEVERE ] setting player 1 score to 10
[14:24:23.062] [SEVERE ] removing player 2 token from slot 3
[14:24:23.062] [SEVERE ] removing player 2 token from slot 10
[14:24:23.062] [SEVERE ] removing player 2 token from slot 11
[14:24:23.077] [SEVERE ] setting player 1 freeze to 0
[14:24:23.077] [SEVERE ] removing tokens from slot 3
[14:24:23.077] [SEVERE ] setting player 2 freeze to 0
[14:24:23.077] [SEVERE ] setting player 1 freeze to 0
[14:24:23.077] [SEVERE ] removing card from slot 3
[14:24:23.077] [SEVERE ] player 1 placing token on slot 2
[14:24:23.077] [SEVERE ] player 1 placing token on slot 4
[14:24:23.077] [SEVERE ] player 1 placing token on slot 6
[14:24:23.077] [SEVERE ] setting player 1 freeze to 0
[14:24:23.087] [SEVERE ] setting player 2 freeze to 0
[14:24:23.092] [SEVERE ] removing tokens from slot 10
[14:24:23.092] [SEVERE ] setting player 1 freeze to 0
[14:24:23.092] [SEVERE ] removing card from slot 10
[14:24:23.108] [SEVERE ] setting player 2 freeze to 0
[14:24:23.108] [SEVERE ] removing tokens from slot 11
[14:24:23.108] [SEVERE ] setting player 1 freeze to 0
[14:24:23.108] [SEVERE ] removing card from slot 11
[14:24:23.119] [SEVERE ] setting player 2 freeze to 0
[14:24:23.123] [SEVERE ] placing card 59 in slot 3
[14:24:23.123] [SEVERE ] setting player 1 freeze to 0
[14:24:23.139] [SEVERE ] placing card 20 in slot 11
[14:24:23.139] [SEVERE ] setting player 2 freeze to 0
[14:24:23.139] [SEVERE ] setting player 1 freeze to 0
[14:24:23.155] [SEVERE ] setting player 2 freeze to 0
[14:24:23.155] [SEVERE ] setting player 1 freeze to 0
[14:24:23.155] [SEVERE ] placing card 14 in slot 10
[14:24:23.155] [SEVERE ] setting player 2 score to 5
[14:24:23.156] [SEVERE ] removing player 1 token from slot 2
[14:24:23.156] [SEVERE ] removing player 1 token from slot 4
[14:24:23.156] [SEVERE ] removing player 1 token from slot 6
[14:24:23.166] [SEVERE ] setting player 2 freeze to 0
[14:24:23.171] [SEVERE ] setting player 2 freeze to 0
[14:24:23.171] [SEVERE ] removing tokens from slot 2
[14:24:23.171] [SEVERE ] setting player 1 freeze to 0
[14:24:23.171] [SEVERE ] removing card from slot 2
[14:24:23.171] [SEVERE ] player 2 placing token on slot 5
[14:24:23.171] [SEVERE ] player 2 placing token on slot 8
[14:24:23.171] [SEVERE ] player 2 placing token on slot 9
[14:24:23.171] [SEVERE ] setting player 2 freeze to 0
[14:24:23.187] [SEVERE ] setting player 1 freeze to 0
[14:24:23.187] [SEVERE ] removing tokens from slot 4
[14:24:23.187] [SEVERE ] setting player 2 freeze to 0
[14:24:23.187] [SEVERE ] removing card from slot 4
[14:24:23.198] [SEVERE ] setting player 2 freeze to 0
[14:24:23.198] [SEVERE ] setting player 1 freeze to 0
[14:24:23.203] [SEVERE ] removing tokens from slot 6
[14:24:23.203] [SEVERE ] removing card from slot 6
[14:24:23.209] [SEVERE ] setting player 2 freeze to 0
[14:24:23.219] [SEVERE ] placing card 17 in slot 6
[14:24:23.219] [SEVERE ] setting player 1 freeze to 0
[14:24:23.234] [SEVERE ] setting player 2 freeze to 0
[14:24:23.234] [SEVERE ] setting player 1 freeze to 0
[14:24:23.234] [SEVERE ] placing card 80 in slot 4
[14:24:23.250] [SEVERE ] setting player 2 freeze to 0
[14:24:23.250] [SEVERE ] placing card 49 in slot 2
[14:24:23.250] [SEVERE ] setting player 1 freeze to 0
[14:24:23.250] [SEVERE ] setting player 1 score to 11
[14:24:23.251] [SEVERE ] removing player 2 token from slot 5
[14:24:23.251] [SEVERE ] removing player 2 token from slot 8
[14:24:23.251] [SEVERE ] removing player 2 token from slot 9
[14:24:23.261] [SEVERE ] setting player 2 freeze to 0
[14:24:23.266] [SEVERE ] setting player 1 freeze to 0
[14:24:23.266] [SEVERE ] removing tokens from slot 5
[14:24:23.266] [SEVERE ] setting player 1 freeze to 0
[14:24:23.266] [SEVERE ] removing card from slot 5
[14:24:23.266] [SEVERE ] player 1 placing token on slot 3
[14:24:23.266] [SEVERE ] player 1 placing token on slot 6
[14:24:23.266] [SEVERE ] player 1 placing token on slot 7
[14:24:23.266] [SEVERE ] setting player 1 freeze to 0
[14:24:23.282] [SEVERE ] setting player 2 freeze to 0
[14:24:23.282] [SEVERE ] setting player 1 freeze to 0
[14:24:23.282] [SEVERE ] removing tokens from slot 8
[14:24:23.282] [SEVERE ] removing card from slot 8
[14:24:23.292] [SEVERE ] setting player 2 freeze to 0
[14:24:23.297] [SEVERE ] setting player 1 freeze to 0
[14:24:23.297] [SEVERE ] removing tokens from slot 9
[14:24:23.297] [SEVERE ] removing card from slot 9
[14:24:23.313] [SEVERE ] placing card 51 in slot 9
[14:24:23.313] [SEVERE ] setting player 1 freeze to 0
[14:24:23.313] [SEVERE ] setting player 2 freeze to 0
[14:24:23.329] [SEVERE ] setting player 2 freeze to 0
[14:24:23.329] [SEVERE ] placing card 34 in slot 8
[14:24:23.329] [SEVERE ] setting player 1 freeze to 0
[14:24:23.340] [SEVERE ] setting player 2 freeze to 0
[14:24:23.344] [SEVERE ] setting player 1 freeze to 0
[14:24:23.344] [SEVERE ] placing card 39 in slot 5
[14:24:23.344] [SEVERE ] setting player 2 score to 6
[14:24:23.345] [SEVERE ] removing player 1 token from slot 3
[14:24:23.345] [SEVERE ] removing player 1 token from slot 6
[14:24:23.345] [SEVERE ] removing player 1 token from slot 7
[14:24:23.360] [SEVERE ] removing tokens from slot 3
[14:24:23.360] [SEVERE ] setting player 2 freeze to 0
[14:24:23.360] [SEVERE ] setting player 2 freeze to 0
[14:24:23.360] [SEVERE ] setting player 1 freeze to 0
[14:24:23.360] [SEVERE ] removing card from slot 3
[14:24:23.360] [SEVERE ] player 2 placing token on slot 2
[14:24:23.360] [SEVERE ] player 2 placing token on slot 7
[14:24:23.360] [SEVERE ] player 2 placing token on slot 9
[14:24:23.360] [SEVERE ] setting player 2 freeze to 0
[14:24:23.376] [SEVERE ] setting player 2 freeze to 0
[14:24:23.376] [SEVERE ] removing tokens from slot 6
[14:24:23.376] [SEVERE ] setting player 1 freeze to 0
[14:24:23.376] [SEVERE ] removing card from slot 6
[14:24:23.376] [SEVERE ] removing player 2 token from slot 7
[14:24:23.387] [SEVERE ] setting player 2 freeze to 0
[14:24:23.387] [SEVERE ] setting player 1 freeze to 0
[14:24:23.392] [SEVERE ] removing tokens from slot 7
[14:24:23.392] [SEVERE ] setting player 2 freeze to 0
[14:24:23.392] [SEVERE ] removing card from slot 7
[14:24:23.408] [SEVERE ] placing card 68 in slot 6
[14:24:23.408] [SEVERE ] setting player 1 freeze to 0
[14:24:23.424] [SEVERE ] setting player 1 freeze to 0
[14:24:23.424] [SEVERE ] placing card 31 in slot 7
[14:24:23.440] [SEVERE ] setting player 1 freeze to 0
[14:24:23.440] [SEVERE ] placing card 67 in slot 3
[14:24:23.440] [SEVERE ] setting player 1 score to 12
[14:24:23.441] [SEVERE ] updating countdown to 1299
[14:24:23.441] [SEVERE ] removing all tokens
[14:24:23.441] [SEVERE ] setting player 2 freeze to 1009
[14:24:23.456] [SEVERE ] setting player 2 freeze to 0
[14:24:23.456] [SEVERE ] setting player 1 freeze to 0
[14:24:23.456] [SEVERE ] removing tokens from slot 7
[14:24:23.456] [SEVERE ] removing card from slot 7
[14:24:23.468] [SEVERE ] setting player 2 freeze to 0
[14:24:23.468] [SEVERE ] setting player 1 freeze to 0
[14:24:23.471] [SEVERE ] removing tokens from slot 0
[14:24:23.471] [SEVERE ] removing card from slot 0
[14:24:23.479] [SEVERE ] setting player 2 freeze to 0
[14:24:23.487] [SEVERE ] setting player 1 freeze to 0
[14:24:23.487] [SEVERE ] removing tokens from slot 10
[14:24:23.487] [SEVERE ] removing card from slot 10
[14:24:23.502] [SEVERE ] setting player 1 freeze to 0
[14:24:23.502] [SEVERE ] setting player 2 freeze to 0
[14:24:23.502] [SEVERE ] removing tokens from slot 2
[14:24:23.502] [SEVERE ] removing card from slot 2
[14:24:23.512] [SEVERE ] setting player 1 freeze to 0
[14:24:23.514] [SEVERE ] setting player 2 freeze to 0
[14:24:23.517] [SEVERE ] removing tokens from slot 1
[14:24:23.517] [SEVERE ] removing card from slot 1
[14:24:23.523] [SEVERE ] setting player 1 freeze to 0
[14:24:23.534] [SEVERE ] setting player 1 freeze to 0
[14:24:23.534] [SEVERE ] setting player 2 freeze to 0
[14:24:23.534] [SEVERE ] removing tokens from slot 3
[14:24:23.534] [SEVERE ] removing card from slot 3
[14:24:23.545] [SEVERE ] setting player 1 freeze to 0
[14:24:23.549] [SEVERE ] removing tokens from slot 9
[14:24:23.549] [SEVERE ] setting player 2 freeze to 0
[14:24:23.549] [SEVERE ] removing card from slot 9
[14:24:23.565] [SEVERE ] removing tokens from slot 6
[14:24:23.565] [SEVERE ] setting player 1 freeze to 0
[14:24:23.565] [SEVERE ] setting player 2 freeze to 0
[14:24:23.565] [SEVERE ] removing card from slot 6
[14:24:23.580] [SEVERE ] setting player 2 freeze to 0
[14:24:23.580] [SEVERE ] removing tokens from slot 4
[14:24:23.580] [SEVERE ] setting player 1 freeze to 0
[14:24:23.581] [SEVERE ] removing card from slot 4
[14:24:23.592] [SEVERE ] setting player 2 freeze to 0
[14:24:23.592] [SEVERE ] setting player 1 freeze to 0
[14:24:23.596] [SEVERE ] removing tokens from slot 11
[14:24:23.596] [SEVERE ] removing card from slot 11
[14:24:23.602] [SEVERE ] setting player 2 freeze to 0
[14:24:23.612] [SEVERE ] removing tokens from slot 5
[14:24:23.612] [SEVERE ] setting player 1 freeze to 0
[14:24:23.612] [SEVERE ] removing card from slot 5
[14:24:23.614] [SEVERE ] setting player 2 freeze to 0
[14:24:23.623] [SEVERE ] removing tokens from slot 8
[14:24:23.623] [SEVERE ] removing card from slot 8
[14:24:23.623] [SEVERE ] setting player 1 freeze to 0
[14:24:23.623] [SEVERE ] updating countdown to 1299
[14:24:23.627] [SEVERE ] setting player 2 freeze to 0
[14:24:23.643] [SEVERE ] setting player 1 freeze to 0
[14:24:23.643] [SEVERE ] setting player 2 freeze to 0
[14:24:23.643] [SEVERE ] placing card 34 in slot 3
[14:24:23.654] [SEVERE ] setting player 1 freeze to 0
[14:24:23.659] [SEVERE ] placing card 23 in slot 11
[14:24:23.659] [SEVERE ] setting player 2 freeze to 0
[14:24:23.674] [SEVERE ] placing card 19 in slot 9
[14:24:23.674] [SEVERE ] setting player 1 freeze to 0
[14:24:23.674] [SEVERE ] setting player 2 freeze to 0
[14:24:23.687] [SEVERE ] placing card 15 in slot 6
[14:24:23.690] [SEVERE ] setting player 1 freeze to 0
[14:24:23.690] [SEVERE ] setting player 2 freeze to 0
[14:24:23.706] [SEVERE ] setting player 2 freeze to 0
[14:24:23.706] [SEVERE ] placing card 21 in slot 4
[14:24:23.706] [SEVERE ] setting player 1 freeze to 0
[14:24:23.717] [SEVERE ] setting player 2 freeze to 0
[14:24:23.721] [SEVERE ] placing card 0 in slot 0
[14:24:23.721] [SEVERE ] setting player 1 freeze to 0
[14:24:23.736] [SEVERE ] setting player 2 freeze to 0
[14:24:23.736] [SEVERE ] placing card 64 in slot 10
[14:24:23.736] [SEVERE ] setting player 1 freeze to 0
[14:24:23.748] [SEVERE ] setting player 2 freeze to 0
[14:24:23.752] [SEVERE ] placing card 43 in slot 2
[14:24:23.752] [SEVERE ] setting player 1 freeze to 0
[14:24:23.768] [SEVERE ] setting player 1 freeze to 0
[14:24:23.768] [SEVERE ] setting player 2 freeze to 0
[14:24:23.768] [SEVERE ] placing card 68 in slot 8
[14:24:23.779] [SEVERE ] setting player 1 freeze to 0
[14:24:23.783] [SEVERE ] setting player 2 freeze to 0
[14:24:23.783] [SEVERE ] placing card 31 in slot 7
[14:24:23.798] [SEVERE ] placing card 67 in slot 1
[14:24:23.798] [SEVERE ] setting player 1 freeze to 0
[14:24:23.798] [SEVERE ] setting player 2 freeze to 0
[14:24:23.810] [SEVERE ] placing card 26 in slot 5
[14:24:23.810] [SEVERE ] updating countdown to 1112
[14:24:23.813] [SEVERE ] setting player 1 freeze to 0
[14:24:23.813] [SEVERE ] setting player 2 freeze to 0
[14:24:23.813] [SEVERE ] setting player 1 freeze to 0
[14:24:23.813] [SEVERE ] setting player 2 freeze to 0
[14:24:23.815] [SEVERE ] player 2 placing token on slot 4
[14:24:23.815] [SEVERE ] player 1 placing token on slot 0
[14:24:23.815] [SEVERE ] player 1 placing token on slot 4
[14:24:23.815] [SEVERE ] player 2 placing token on slot 7
[14:24:23.816] [SEVERE ] player 1 placing token on slot 6
[14:24:23.816] [SEVERE ] player 2 placing token on slot 8
[14:24:23.816] [SEVERE ] setting player 1 freeze to 0
[14:24:23.816] [SEVERE ] setting player 2 freeze to 0
[14:24:23.828] [SEVERE ] setting player 1 freeze to 0
[14:24:23.829] [SEVERE ] setting player 2 freeze to 0
[14:24:23.829] [SEVERE ] removing player 1 token from slot 0
[14:24:23.830] [SEVERE ] removing player 1 token from slot 4
[14:24:23.830] [SEVERE ] removing player 1 token from slot 6
[14:24:23.840] [SEVERE ] setting player 2 freeze to 0
[14:24:23.845] [SEVERE ] setting player 1 freeze to 0
[14:24:23.845] [SEVERE ] removing tokens from slot 0
[14:24:23.846] [SEVERE ] removing card from slot 0
[14:24:23.846] [SEVERE ] updating countdown to 1264
[14:24:23.847] [SEVERE ] removing player 2 token from slot 4
[14:24:23.857] [SEVERE ] setting player 2 freeze to 0
[14:24:23.860] [SEVERE ] removing tokens from slot 4
[14:24:23.860] [SEVERE ] setting player 1 freeze to 0
[14:24:23.860] [SEVERE ] setting player 2 freeze to 0
[14:24:23.860] [SEVERE ] removing card from slot 4
[14:24:23.861] [SEVERE ] removing player 2 token from slot 7
[14:24:23.861] [SEVERE ] updating countdown to 1249
[14:24:23.861] [SEVERE ] removing player 2 token from slot 8
[14:24:23.871] [SEVERE ] setting player 1 freeze to 0
[14:24:23.891] [SEVERE ] removing tokens from slot 6
[14:24:23.891] [SEVERE ] removing card from slot 6
[14:24:23.892] [SEVERE ] updating countdown to 1218
[14:24:23.892] [SEVERE ] player 2 placing token on slot 1
[14:24:23.892] [SEVERE ] setting player 1 freeze to 0
[14:24:23.892] [SEVERE ] player 2 placing token on slot 3
[14:24:23.892] [SEVERE ] player 2 placing token on slot 9
[14:24:23.893] [SEVERE ] setting player 2 freeze to 0
[14:24:23.907] [SEVERE ] setting player 2 freeze to 0
[14:24:23.907] [SEVERE ] placing card 66 in slot 6
[14:24:23.907] [SEVERE ] setting player 1 freeze to 0
[14:24:23.920] [SEVERE ] setting player 2 freeze to 0
[14:24:23.922] [SEVERE ] setting player 1 freeze to 0
[14:24:23.922] [SEVERE ] placing card 20 in slot 4
[14:24:23.938] [SEVERE ] placing card 8 in slot 0
[14:24:23.938] [SEVERE ] setting player 2 freeze to 0
[14:24:23.938] [SEVERE ] setting player 1 freeze to 0
[14:24:23.938] [SEVERE ] setting player 1 score to 13
[14:24:23.941] [SEVERE ] removing player 2 token from slot 1
[14:24:23.942] [SEVERE ] removing player 2 token from slot 3
[14:24:23.942] [SEVERE ] removing player 2 token from slot 9
[14:24:23.950] [SEVERE ] setting player 1 freeze to 0
[14:24:23.950] [SEVERE ] setting player 2 freeze to 0
[14:24:23.954] [SEVERE ] setting player 1 freeze to 0
[14:24:23.954] [SEVERE ] player 1 placing token on slot 6
[14:24:23.954] [SEVERE ] removing tokens from slot 1
[14:24:23.954] [SEVERE ] player 1 placing token on slot 7
[14:24:23.954] [SEVERE ] removing card from slot 1
[14:24:23.955] [SEVERE ] player 1 placing token on slot 11
[14:24:23.955] [SEVERE ] updating countdown to 1155
[14:24:23.955] [SEVERE ] setting player 1 freeze to 0
[14:24:23.970] [SEVERE ] setting player 1 freeze to 0
[14:24:23.970] [SEVERE ] setting player 2 freeze to 0
[14:24:23.970] [SEVERE ] removing tokens from slot 3
[14:24:23.971] [SEVERE ] removing card from slot 3
[14:24:23.971] [SEVERE ] updating countdown to 1139
[14:24:23.981] [SEVERE ] setting player 2 freeze to 0
[14:24:23.981] [SEVERE ] setting player 1 freeze to 0
[14:24:23.985] [SEVERE ] removing tokens from slot 9
[14:24:23.985] [SEVERE ] removing card from slot 9
[14:24:23.985] [SEVERE ] updating countdown to 1125
[14:24:23.993] [SEVERE ] setting player 2 freeze to 0
[14:24:24.001] [SEVERE ] placing card 60 in slot 1
[14:24:24.001] [SEVERE ] setting player 1 freeze to 0
[14:24:24.016] [SEVERE ] placing card 76 in slot 9
[14:24:24.016] [SEVERE ] setting player 2 freeze to 0
[14:24:24.016] [SEVERE ] setting player 1 freeze to 0
[14:24:24.027] [SEVERE ] placing card 80 in slot 3
[14:24:24.028] [SEVERE ] setting player 2 score to 7
[14:24:24.030] [SEVERE ] removing player 1 token from slot 6
[14:24:24.031] [SEVERE ] removing player 1 token from slot 7
[14:24:24.031] [SEVERE ] removing player 1 token from slot 11
[14:24:24.032] [SEVERE ] setting player 2 freeze to 0
[14:24:24.032] [SEVERE ] setting player 2 freeze to 0
[14:24:24.034] [SEVERE ] player 2 placing token on slot 4
[14:24:24.032] [SEVERE ] setting player 1 freeze to 0
[14:24:24.034] [SEVERE ] player 2 placing token on slot 5
[14:24:24.035] [SEVERE ] player 2 placing token on slot 11
[14:24:24.035] [SEVERE ] setting player 2 freeze to 0
[14:24:24.048] [SEVERE ] setting player 2 freeze to 0
[14:24:24.048] [SEVERE ] removing tokens from slot 6
[14:24:24.048] [SEVERE ] setting player 1 freeze to 0
[14:24:24.048] [SEVERE ] removing card from slot 6
[14:24:24.049] [SEVERE ] updating countdown to 1061
[14:24:24.059] [SEVERE ] setting player 2 freeze to 0
[14:24:24.064] [SEVERE ] removing tokens from slot 7
[14:24:24.064] [SEVERE ] setting player 1 freeze to 0
[14:24:24.064] [SEVERE ] removing card from slot 7
[14:24:24.066] [SEVERE ] updating countdown to 1044
[14:24:24.068] [SEVERE ] removing player 2 token from slot 11
[14:24:24.079] [SEVERE ] removing tokens from slot 11
[14:24:24.079] [SEVERE ] removing card from slot 11
[14:24:24.079] [SEVERE ] setting player 2 freeze to 0
[14:24:24.079] [SEVERE ] setting player 2 freeze to 0
[14:24:24.080] [SEVERE ] player 2 placing token on slot 1
[14:24:24.081] [SEVERE ] player 2 placing token on slot 2
[14:24:24.082] [SEVERE ] removing player 2 token from slot 5
[14:24:24.082] [SEVERE ] setting player 2 freeze to 0
[14:24:24.079] [SEVERE ] setting player 1 freeze to 0
[14:24:24.083] [SEVERE ] updating countdown to 1027
[14:24:24.093] [SEVERE ] setting player 2 freeze to 0
[14:24:24.093] [SEVERE ] setting player 1 freeze to 0
[14:24:24.094] [SEVERE ] placing card 39 in slot 7
[14:24:24.110] [SEVERE ] setting player 2 freeze to 0
[14:24:24.110] [SEVERE ] placing card 51 in slot 11
[14:24:24.110] [SEVERE ] setting player 1 freeze to 0
[14:24:24.121] [SEVERE ] setting player 2 freeze to 0
[14:24:24.126] [SEVERE ] setting player 1 freeze to 0
[14:24:24.126] [SEVERE ] placing card 71 in slot 6
[14:24:24.126] [SEVERE ] setting player 1 score to 14
[14:24:24.128] [SEVERE ] updating countdown to 1299
[14:24:24.128] [SEVERE ] removing all tokens
[14:24:24.143] [SEVERE ] setting player 2 freeze to 0
[14:24:24.143] [SEVERE ] setting player 1 freeze to 0
[14:24:24.143] [SEVERE ] removing tokens from slot 2
[14:24:24.143] [SEVERE ] removing card from slot 2
[14:24:24.153] [SEVERE ] setting player 2 freeze to 0
[14:24:24.158] [SEVERE ] setting player 1 freeze to 0
[14:24:24.158] [SEVERE ] removing tokens from slot 6
[14:24:24.158] [SEVERE ] removing card from slot 6
[14:24:24.174] [SEVERE ] setting player 2 freeze to 0
[14:24:24.174] [SEVERE ] removing tokens from slot 11
[14:24:24.174] [SEVERE ] setting player 1 freeze to 0
[14:24:24.174] [SEVERE ] removing card from slot 11
[14:24:24.185] [SEVERE ] setting player 2 freeze to 0
[14:24:24.189] [SEVERE ] setting player 1 freeze to 0
[14:24:24.189] [SEVERE ] removing tokens from slot 5
[14:24:24.189] [SEVERE ] removing card from slot 5
[14:24:24.205] [SEVERE ] setting player 1 freeze to 0
[14:24:24.205] [SEVERE ] setting player 2 freeze to 0
[14:24:24.205] [SEVERE ] removing tokens from slot 3
[14:24:24.205] [SEVERE ] removing card from slot 3
[14:24:24.217] [SEVERE ] setting player 1 freeze to 0
[14:24:24.221] [SEVERE ] setting player 2 freeze to 0
[14:24:24.221] [SEVERE ] removing tokens from slot 4
[14:24:24.221] [SEVERE ] removing card from slot 4
[14:24:24.237] [SEVERE ] setting player 2 freeze to 0
[14:24:24.237] [SEVERE ] setting player 1 freeze to 0
[14:24:24.237] [SEVERE ] removing tokens from slot 9
[14:24:24.238] [SEVERE ] removing card from slot 9
[14:24:24.248] [SEVERE ] setting player 2 freeze to 0
[14:24:24.253] [SEVERE ] removing tokens from slot 1
[14:24:24.253] [SEVERE ] setting player 1 freeze to 0
[14:24:24.253] [SEVERE ] removing card from slot 1
[14:24:24.269] [SEVERE ] removing tokens from slot 0
[14:24:24.269] [SEVERE ] setting player 2 freeze to 0
[14:24:24.269] [SEVERE ] setting player 1 freeze to 0
[14:24:24.269] [SEVERE ] removing card from slot 0
[14:24:24.285] [SEVERE ] setting player 1 freeze to 0
[14:24:24.285] [SEVERE ] setting player 2 freeze to 0
[14:24:24.285] [SEVERE ] removing tokens from slot 8
[14:24:24.286] [SEVERE ] removing card from slot 8
[14:24:24.296] [SEVERE ] setting player 1 freeze to 0
[14:24:24.301] [SEVERE ] removing tokens from slot 7
[14:24:24.301] [SEVERE ] setting player 2 freeze to 0
[14:24:24.301] [SEVERE ] removing card from slot 7
[14:24:24.317] [SEVERE ] setting player 2 freeze to 0
[14:24:24.317] [SEVERE ] setting player 1 freeze to 0
[14:24:24.317] [SEVERE ] removing tokens from slot 10
[14:24:24.318] [SEVERE ] removing card from slot 10
[14:24:24.318] [SEVERE ] updating countdown to 1299
[14:24:24.329] [SEVERE ] setting player 2 freeze to 0
[14:24:24.332] [SEVERE ] setting player 1 freeze to 0
[14:24:24.332] [SEVERE ] placing card 60 in slot 7
[14:24:24.347] [SEVERE ] placing card 76 in slot 3
[14:24:24.347] [SEVERE ] setting player 2 freeze to 0
[14:24:24.347] [SEVERE ] setting player 1 freeze to 0
[14:24:24.358] [SEVERE ] placing card 80 in slot 8
[14:24:24.363] [SEVERE ] setting player 2 freeze to 0
[14:24:24.363] [SEVERE ] setting player 1 freeze to 0
[14:24:24.378] [SEVERE ] setting player 1 freeze to 0
[14:24:24.378] [SEVERE ] placing card 27 in slot 5
[14:24:24.378] [SEVERE ] setting player 2 freeze to 0
[14:24:24.389] [SEVERE ] setting player 1 freeze to 0
[14:24:24.394] [SEVERE ] placing card 45 in slot 10
[14:24:24.394] [SEVERE ] setting player 2 freeze to 0
[14:24:24.409] [SEVERE ] setting player 2 freeze to 0
[14:24:24.409] [SEVERE ] setting player 1 freeze to 0
[14:24:24.409] [SEVERE ] placing card 49 in slot 1
[14:24:24.420] [SEVERE ] setting player 2 freeze to 0
[14:24:24.425] [SEVERE ] setting player 1 freeze to 0
[14:24:24.425] [SEVERE ] placing card 14 in slot 2
[14:24:24.441] [SEVERE ] setting player 1 freeze to 0
[14:24:24.441] [SEVERE ] setting player 2 freeze to 0
[14:24:24.441] [SEVERE ] placing card 43 in slot 9
[14:24:24.452] [SEVERE ] setting player 1 freeze to 0
[14:24:24.457] [SEVERE ] setting player 2 freeze to 0
[14:24:24.457] [SEVERE ] placing card 39 in slot 0
[14:24:24.472] [SEVERE ] setting player 2 freeze to 0
[14:24:24.472] [SEVERE ] setting player 1 freeze to 0
[14:24:24.472] [SEVERE ] placing card 71 in slot 4
[14:24:24.483] [SEVERE ] setting player 2 freeze to 0
[14:24:24.488] [SEVERE ] placing card 54 in slot 6
[14:24:24.488] [SEVERE ] setting player 1 freeze to 0
[14:24:24.503] [SEVERE ] placing card 8 in slot 11
[14:24:24.503] [SEVERE ] setting player 2 freeze to 0
[14:24:24.503] [SEVERE ] setting player 1 freeze to 0
[14:24:24.503] [SEVERE ] updating countdown to 1114
[14:24:24.515] [SEVERE ] setting player 2 freeze to 0
[14:24:24.518] [SEVERE ] updating countdown to 1286
[14:24:24.518] [SEVERE ] setting player 1 freeze to 0
[14:24:24.518] [SEVERE ] setting player 2 freeze to 0
[14:24:24.518] [SEVERE ] setting player 1 freeze to 0
[14:24:24.520] [SEVERE ] player 1 placing token on slot 3
[14:24:24.520] [SEVERE ] player 2 placing token on slot 3
[14:24:24.520] [SEVERE ] player 1 placing token on slot 4
[14:24:24.520] [SEVERE ] player 2 placing token on slot 4
[14:24:24.521] [SEVERE ] player 1 placing token on slot 6
[14:24:24.521] [SEVERE ] player 2 placing token on slot 6
[14:24:24.521] [SEVERE ] setting player 1 freeze to 0
[14:24:24.521] [SEVERE ] setting player 2 freeze to 0
[14:24:24.531] [SEVERE ] removing player 1 token from slot 3
[14:24:24.531] [SEVERE ] removing player 1 token from slot 4
[14:24:24.531] [SEVERE ] removing player 1 token from slot 6
[14:24:24.532] [SEVERE ] removing player 2 token from slot 3
[14:24:24.534] [SEVERE ] setting player 2 freeze to 0
[14:24:24.537] [SEVERE ] player 2 placing token on slot 3
[14:24:24.537] [SEVERE ] removing player 2 token from slot 4
[14:24:24.537] [SEVERE ] removing player 2 token from slot 6
[14:24:24.534] [SEVERE ] setting player 1 freeze to 0
[14:24:24.549] [SEVERE ] removing player 2 token from slot 3
[14:24:24.549] [SEVERE ] player 2 placing token on slot 4
[14:24:24.552] [SEVERE ] player 2 placing token on slot 6
[14:24:24.553] [SEVERE ] removing tokens from slot 3
[14:24:24.554] [SEVERE ] removing card from slot 3
[14:24:24.561] [SEVERE ] updating countdown to 1245
[14:24:24.562] [SEVERE ] removing player 2 token from slot 4
[14:24:24.569] [SEVERE ] setting player 1 freeze to 0
[14:24:24.582] [SEVERE ] setting player 1 freeze to 0
[14:24:24.582] [SEVERE ] removing tokens from slot 4
[14:24:24.582] [SEVERE ] removing card from slot 4
[14:24:24.582] [SEVERE ] updating countdown to 1222
[14:24:24.583] [SEVERE ] removing player 2 token from slot 6
[14:24:24.598] [SEVERE ] removing tokens from slot 6
[14:24:24.598] [SEVERE ] removing card from slot 6
[14:24:24.598] [SEVERE ] updating countdown to 1206
[14:24:24.598] [SEVERE ] setting player 1 freeze to 0
[14:24:24.614] [SEVERE ] placing card 51 in slot 6
[14:24:24.614] [SEVERE ] setting player 1 freeze to 0
[14:24:24.615] [SEVERE ] player 2 placing token on slot 0
[14:24:24.615] [SEVERE ] player 2 placing token on slot 5
[14:24:24.615] [SEVERE ] player 2 placing token on slot 6
[14:24:24.615] [SEVERE ] setting player 2 freeze to 0
[14:24:24.629] [SEVERE ] placing card 20 in slot 4
[14:24:24.629] [SEVERE ] setting player 1 freeze to 0
[14:24:24.629] [SEVERE ] setting player 2 freeze to 0
[14:24:24.641] [SEVERE ] placing card 68 in slot 3
[14:24:24.641] [SEVERE ] setting player 1 score to 15
[14:24:24.642] [SEVERE ] removing player 2 token from slot 0
[14:24:24.642] [SEVERE ] removing player 2 token from slot 5
[14:24:24.643] [SEVERE ] removing player 2 token from slot 6
[14:24:24.644] [SEVERE ] setting player 1 freeze to 0
[14:24:24.646] [SEVERE ] setting player 2 freeze to 0
[14:24:24.646] [SEVERE ] setting player 1 freeze to 0
[14:24:24.648] [SEVERE ] player 1 placing token on slot 0
[14:24:24.648] [SEVERE ] player 1 placing token on slot 5
[14:24:24.648] [SEVERE ] player 1 placing token on slot 6
[14:24:24.648] [SEVERE ] setting player 1 freeze to 0
[14:24:24.660] [SEVERE ] setting player 1 freeze to 0
[14:24:24.660] [SEVERE ] removing tokens from slot 0
[14:24:24.660] [SEVERE ] setting player 2 freeze to 0
[14:24:24.660] [SEVERE ] removing card from slot 0
[14:24:24.661] [SEVERE ] updating countdown to 1143
[14:24:24.661] [SEVERE ] removing player 1 token from slot 5
[14:24:24.671] [SEVERE ] setting player 1 freeze to 0
[14:24:24.676] [SEVERE ] removing tokens from slot 5
[14:24:24.676] [SEVERE ] removing card from slot 5
[14:24:24.676] [SEVERE ] updating countdown to 1128
[14:24:24.677] [SEVERE ] removing player 1 token from slot 6
[14:24:24.677] [SEVERE ] setting player 2 freeze to 0
[14:24:24.677] [SEVERE ] setting player 1 freeze to 0
[14:24:24.678] [SEVERE ] player 1 placing token on slot 2
[14:24:24.678] [SEVERE ] player 1 placing token on slot 4
[14:24:24.678] [SEVERE ] player 1 placing token on slot 11
[14:24:24.679] [SEVERE ] setting player 1 freeze to 0
[14:24:24.692] [SEVERE ] setting player 2 freeze to 0
[14:24:24.692] [SEVERE ] removing tokens from slot 6
[14:24:24.692] [SEVERE ] setting player 1 freeze to 0
[14:24:24.692] [SEVERE ] removing card from slot 6
[14:24:24.693] [SEVERE ] updating countdown to 1111
[14:24:24.703] [SEVERE ] setting player 2 freeze to 0
[14:24:24.708] [SEVERE ] setting player 1 freeze to 0
[14:24:24.708] [SEVERE ] placing card 64 in slot 6
[14:24:24.724] [SEVERE ] setting player 1 freeze to 0
[14:24:24.724] [SEVERE ] placing card 42 in slot 0
[14:24:24.724] [SEVERE ] setting player 2 freeze to 0
[14:24:24.735] [SEVERE ] setting player 1 freeze to 0
[14:24:24.739] [SEVERE ] setting player 2 freeze to 0
[14:24:24.739] [SEVERE ] placing card 26 in slot 5
[14:24:24.739] [SEVERE ] setting player 2 score to 8
[14:24:24.741] [SEVERE ] removing player 1 token from slot 2
[14:24:24.741] [SEVERE ] removing player 1 token from slot 4
[14:24:24.742] [SEVERE ] removing player 1 token from slot 11
[14:24:24.752] [SEVERE ] setting player 2 freeze to 0
[14:24:24.755] [SEVERE ] removing tokens from slot 2
[14:24:24.755] [SEVERE ] setting player 1 freeze to 0
[14:24:24.755] [SEVERE ] setting player 2 freeze to 0
[14:24:24.755] [SEVERE ] removing card from slot 2
[14:24:24.756] [SEVERE ] updating countdown to 1048
[14:24:24.756] [SEVERE ] player 2 placing token on slot 5
[14:24:24.757] [SEVERE ] player 2 placing token on slot 7
[14:24:24.757] [SEVERE ] player 2 placing token on slot 9
[14:24:24.757] [SEVERE ] setting player 2 freeze to 0
[14:24:24.770] [SEVERE ] setting player 2 freeze to 0
[14:24:24.770] [SEVERE ] removing tokens from slot 4
[14:24:24.770] [SEVERE ] setting player 1 freeze to 0
[14:24:24.770] [SEVERE ] removing card from slot 4
[14:24:24.771] [SEVERE ] updating countdown to 1033
[14:24:24.781] [SEVERE ] setting player 2 freeze to 0
[14:24:24.786] [SEVERE ] setting player 1 freeze to 0
[14:24:24.786] [SEVERE ] removing tokens from slot 11
[14:24:24.786] [SEVERE ] removing card from slot 11
[14:24:24.787] [SEVERE ] updating countdown to 1017
[14:24:24.787] [SEVERE ] setting player 1 score to 16
[14:24:24.788] [SEVERE ] removing player 2 token from slot 5
[14:24:24.788] [SEVERE ] removing player 2 token from slot 7
[14:24:24.788] [SEVERE ] removing player 2 token from slot 9
[14:24:24.801] [SEVERE ] setting player 1 freeze to 0
[14:24:24.801] [SEVERE ] setting player 2 freeze to 0
[14:24:24.801] [SEVERE ] setting player 1 freeze to 0
[14:24:24.801] [SEVERE ] removing tokens from slot 5
[14:24:24.802] [SEVERE ] removing card from slot 5
[14:24:24.812] [SEVERE ] setting player 2 freeze to 0
[14:24:24.817] [SEVERE ] removing tokens from slot 7
[14:24:24.817] [SEVERE ] removing card from slot 7
[14:24:24.833] [SEVERE ] setting player 2 freeze to 0
[14:24:24.833] [SEVERE ] removing tokens from slot 9
[14:24:24.833] [SEVERE ] removing card from slot 9
[14:24:24.834] [SEVERE ] setting player 2 score to 9
[14:24:24.835] [SEVERE ] updating countdown to 1299
[14:24:24.835] [SEVERE ] removing all tokens
[14:24:24.849] [SEVERE ] setting player 2 freeze to 0
[14:24:24.849] [SEVERE ] removing tokens from slot 6
[14:24:24.849] [SEVERE ] setting player 2 freeze to 0
[14:24:24.849] [SEVERE ] removing card from slot 6
[14:24:24.865] [SEVERE ] removing tokens from slot 0
[14:24:24.865] [SEVERE ] removing card from slot 0
[14:24:24.881] [SEVERE ] removing tokens from slot 3
[14:24:24.881] [SEVERE ] removing card from slot 3
[14:24:24.897] [SEVERE ] removing tokens from slot 1
[14:24:24.897] [SEVERE ] removing card from slot 1
[14:24:24.913] [SEVERE ] removing tokens from slot 8
[14:24:24.913] [SEVERE ] removing card from slot 8
[14:24:24.928] [SEVERE ] removing tokens from slot 10
[14:24:24.928] [SEVERE ] removing card from slot 10
[14:24:24.928] [SEVERE ] updating countdown to 1299
[14:24:24.944] [INFO   ] Thread computer-1 terminated.
[14:24:24.944] [INFO   ] Thread Player 1 terminated.
[14:24:24.959] [INFO   ] Thread computer-0 terminated.
[14:24:24.959] [INFO   ] Thread Player 0 terminated.
[14:24:24.961] [SEVERE ] announcing winner(s): player 1
[14:24:24.962] [SEVERE ] updating countdown to 1265
[14:24:24.963] [SEVERE ] announcing winner(s): player 1
[14:24:24.963] [INFO   ] Thread dealer terminated.
[14:24:24.963] [INFO   ] thread dealer terminated.
[14:24:29.970] [SEVERE ] thanks for playing... it was fun!
[14:24:29.970] [INFO   ] thread main terminated.
[14:24:29.970] [SEVERE ] disposing of user interface elements
