[10:09:24.826] [INFO   ] thread main starting.
[10:09:24.837] [SEVERE ] cannot read configuration file config.properties trying from resources.
[10:09:24.840] [SEVERE ] configuration file was loaded from resources directory.
[10:09:25.518] [INFO   ] thread dealer starting.
[10:09:25.519] [INFO   ] Thread dealer starting.
[10:09:25.522] [INFO   ] Thread Player 0 starting.
[10:09:25.528] [INFO   ] Thread Player 1 starting.
[10:09:25.529] [INFO   ] Thread computer-0 starting.
[10:09:25.528] [INFO   ] Thread Player 3 starting.
[10:09:25.528] [INFO   ] Thread Player 2 starting.
[10:09:25.529] [INFO   ] Thread computer-1 starting.
[10:09:25.530] [INFO   ] Thread computer-3 starting.
[10:09:25.530] [INFO   ] Thread computer-2 starting.
[10:09:25.637] [SEVERE ] placing card 47 in slot 11
[10:09:25.746] [SEVERE ] placing card 57 in slot 3
[10:09:25.854] [SEVERE ] placing card 49 in slot 1
[10:09:25.964] [SEVERE ] placing card 35 in slot 2
[10:09:26.074] [SEVERE ] placing card 25 in slot 9
[10:09:26.182] [SEVERE ] placing card 40 in slot 0
[10:09:26.293] [SEVERE ] placing card 59 in slot 5
[10:09:26.400] [SEVERE ] placing card 67 in slot 8
[10:09:26.508] [SEVERE ] placing card 46 in slot 7
[10:09:26.619] [SEVERE ] placing card 5 in slot 4
[10:09:26.728] [SEVERE ] placing card 54 in slot 10
[10:09:26.837] [SEVERE ] placing card 18 in slot 6
[10:09:35.189] [SEVERE ] exit button pressed
