[15:52:35.071] [INFO   ] thread main starting.
[15:52:35.081] [SEVERE ] cannot read configuration file config.properties trying from resources.
[15:52:35.084] [SEVERE ] configuration file was loaded from resources directory.
[15:52:35.821] [INFO   ] thread dealer starting.
[15:52:35.822] [INFO   ] Thread dealer starting.
[15:52:35.823] [INFO   ] Thread Player 0 starting.
[15:52:35.831] [INFO   ] Thread Player 1 starting.
[15:52:35.832] [INFO   ] Thread Player 2 starting.
[15:52:35.832] [INFO   ] Thread Player 3 starting.
[15:52:35.835] [INFO   ] Thread computer-3 starting.
[15:52:35.835] [INFO   ] Thread computer-0 starting.
[15:52:35.836] [INFO   ] Thread computer-1 starting.
[15:52:35.836] [INFO   ] Thread computer-2 starting.
[15:52:35.967] [SEVERE ] placing card 1 in slot 9
[15:52:36.079] [SEVERE ] placing card 21 in slot 5
[15:52:36.187] [SEVERE ] placing card 40 in slot 2
[15:52:36.296] [SEVERE ] placing card 49 in slot 0
[15:52:36.403] [SEVERE ] placing card 43 in slot 3
[15:52:36.514] [SEVERE ] placing card 63 in slot 10
[15:52:36.625] [SEVERE ] placing card 24 in slot 1
[15:52:36.737] [SEVERE ] placing card 39 in slot 11
[15:52:36.847] [SEVERE ] placing card 8 in slot 6
[15:52:36.959] [SEVERE ] placing card 46 in slot 8
[15:52:37.070] [SEVERE ] placing card 30 in slot 7
[15:52:37.181] [SEVERE ] placing card 13 in slot 4
[15:53:32.833] [SEVERE ] exit button pressed
