[11:14:52.448] [INFO   ] thread main starting.
[11:14:52.458] [SEVERE ] cannot read configuration file config.properties trying from resources.
[11:14:52.462] [SEVERE ] configuration file was loaded from resources directory.
[11:14:53.132] [INFO   ] thread dealer starting.
[11:14:53.133] [INFO   ] Thread dealer starting.
[11:14:53.134] [INFO   ] Thread Player 0 starting.
[11:14:53.143] [INFO   ] Thread Player 1 starting.
[11:14:53.150] [INFO   ] Thread Player 2 starting.
[11:14:53.150] [INFO   ] Thread computer-1 starting.
[11:14:53.151] [INFO   ] Thread computer-0 starting.
[11:14:53.150] [INFO   ] Thread Player 3 starting.
[11:14:53.151] [INFO   ] Thread computer-2 starting.
[11:14:53.152] [INFO   ] Thread computer-3 starting.
[11:14:53.266] [SEVERE ] placing card 71 in slot 9
[11:14:53.368] [SEVERE ] placing card 39 in slot 8
[11:14:53.469] [SEVERE ] placing card 28 in slot 5
[11:14:53.576] [SEVERE ] placing card 72 in slot 6
[11:14:53.686] [SEVERE ] placing card 79 in slot 10
[11:14:53.795] [SEVERE ] placing card 42 in slot 11
[11:14:53.903] [SEVERE ] placing card 23 in slot 1
[11:14:54.013] [SEVERE ] placing card 53 in slot 4
[11:14:54.120] [SEVERE ] placing card 17 in slot 2
[11:14:54.231] [SEVERE ] placing card 7 in slot 7
[11:14:54.340] [SEVERE ] placing card 2 in slot 0
[11:14:54.450] [SEVERE ] placing card 77 in slot 3
[11:14:54.469] [SEVERE ] player 1 placing token on slot 0
[11:14:54.474] [SEVERE ] player 4 placing token on slot 2
[11:14:54.475] [SEVERE ] player 3 placing token on slot 1
[11:14:54.475] [SEVERE ] player 2 placing token on slot 2
[11:14:54.486] [SEVERE ] updating countdown to 29988
[11:14:54.498] [SEVERE ] updating countdown to 29976
[11:14:54.509] [SEVERE ] updating countdown to 29965
[11:14:54.520] [SEVERE ] updating countdown to 29954
[11:14:54.531] [SEVERE ] updating countdown to 29943
[11:14:54.542] [SEVERE ] updating countdown to 29932
[11:14:54.553] [SEVERE ] updating countdown to 29921
[11:14:54.564] [SEVERE ] updating countdown to 29910
[11:14:54.575] [SEVERE ] updating countdown to 29899
[11:14:54.586] [SEVERE ] updating countdown to 29888
[11:14:54.597] [SEVERE ] updating countdown to 29877
[11:14:54.608] [SEVERE ] updating countdown to 29866
[11:14:54.619] [SEVERE ] updating countdown to 29855
[11:14:54.631] [SEVERE ] updating countdown to 29843
[11:14:54.642] [SEVERE ] updating countdown to 29832
[11:14:54.653] [SEVERE ] updating countdown to 29821
[11:14:54.665] [SEVERE ] updating countdown to 29809
[11:14:54.676] [SEVERE ] updating countdown to 29798
[11:14:54.687] [SEVERE ] updating countdown to 29787
[11:14:54.698] [SEVERE ] updating countdown to 29776
[11:14:54.709] [SEVERE ] updating countdown to 29765
[11:14:54.720] [SEVERE ] updating countdown to 29754
[11:14:54.731] [SEVERE ] updating countdown to 29743
[11:14:54.742] [SEVERE ] updating countdown to 29732
[11:14:54.750] [SEVERE ] player 4 placing token on slot 0
[11:14:54.753] [SEVERE ] updating countdown to 29721
[11:14:54.753] [SEVERE ] removing player 2 token from slot 2
[11:14:54.755] [SEVERE ] player 1 placing token on slot 2
[11:14:54.758] [SEVERE ] player 3 placing token on slot 2
[11:14:54.764] [SEVERE ] updating countdown to 29710
[11:14:54.775] [SEVERE ] updating countdown to 29699
[11:14:54.786] [SEVERE ] updating countdown to 29688
[11:14:54.797] [SEVERE ] updating countdown to 29677
[11:14:54.808] [SEVERE ] updating countdown to 29666
[11:14:54.819] [SEVERE ] updating countdown to 29655
[11:14:54.830] [SEVERE ] updating countdown to 29644
[11:14:54.840] [SEVERE ] updating countdown to 29634
[11:14:54.851] [SEVERE ] updating countdown to 29623
[11:14:54.862] [SEVERE ] updating countdown to 29612
[11:14:54.873] [SEVERE ] updating countdown to 29601
[11:14:54.884] [SEVERE ] updating countdown to 29590
[11:14:54.895] [SEVERE ] updating countdown to 29579
[11:14:54.906] [SEVERE ] updating countdown to 29568
[11:14:54.917] [SEVERE ] updating countdown to 29557
[11:14:54.928] [SEVERE ] updating countdown to 29546
[11:14:54.939] [SEVERE ] updating countdown to 29535
[11:14:54.950] [SEVERE ] updating countdown to 29524
[11:14:54.961] [SEVERE ] updating countdown to 29513
[11:14:54.972] [SEVERE ] updating countdown to 29502
[11:14:54.983] [SEVERE ] updating countdown to 29491
[11:14:54.994] [SEVERE ] updating countdown to 29480
[11:14:55.005] [SEVERE ] updating countdown to 29469
[11:14:55.016] [SEVERE ] updating countdown to 29458
[11:14:55.027] [SEVERE ] updating countdown to 29447
[11:14:55.037] [SEVERE ] player 4 placing token on slot 1
[11:14:55.038] [SEVERE ] setting player 4 freeze to 0
[11:14:55.038] [SEVERE ] setting player 4 score to 1
[11:14:55.038] [SEVERE ] removing player 4 token from slot 2
[11:14:55.039] [SEVERE ] removing player 4 token from slot 0
[11:14:55.039] [SEVERE ] removing player 4 token from slot 1
[11:14:55.041] [SEVERE ] player 2 placing token on slot 2
[11:14:55.072] [SEVERE ] removing player 3 token from slot 1
[11:14:55.073] [SEVERE ] setting player 4 freeze to 0
[11:14:55.073] [SEVERE ] removing player 1 token from slot 2
[11:14:55.142] [SEVERE ] removing tokens from slot 2
[11:14:55.142] [SEVERE ] removing card from slot 2
[11:14:55.243] [SEVERE ] removing tokens from slot 0
[11:14:55.243] [SEVERE ] removing card from slot 0
[11:14:55.325] [SEVERE ] player 4 placing token on slot 10
[11:14:55.329] [SEVERE ] player 2 placing token on slot 3
[11:14:55.344] [SEVERE ] removing tokens from slot 1
[11:14:55.344] [SEVERE ] removing card from slot 1
[11:14:55.360] [SEVERE ] player 3 placing token on slot 10
[11:14:55.361] [SEVERE ] player 1 placing token on slot 10
[11:14:55.445] [SEVERE ] placing card 31 in slot 0
[11:14:55.546] [SEVERE ] placing card 15 in slot 2
[11:14:55.617] [SEVERE ] removing player 2 token from slot 3
[11:14:55.617] [SEVERE ] player 4 placing token on slot 5
[11:14:55.646] [SEVERE ] placing card 20 in slot 1
[11:14:55.646] [SEVERE ] updating countdown to 28828
[11:14:55.649] [SEVERE ] player 1 placing token on slot 4
[11:14:55.649] [SEVERE ] player 3 placing token on slot 4
[11:14:55.657] [SEVERE ] updating countdown to 28817
[11:14:55.668] [SEVERE ] updating countdown to 28806
[11:14:55.679] [SEVERE ] updating countdown to 28795
[11:14:55.690] [SEVERE ] updating countdown to 28784
[11:14:55.701] [SEVERE ] updating countdown to 28773
[11:14:55.712] [SEVERE ] updating countdown to 28762
[11:14:55.723] [SEVERE ] updating countdown to 28751
[11:14:55.734] [SEVERE ] updating countdown to 28740
[11:14:55.745] [SEVERE ] updating countdown to 28729
[11:14:55.756] [SEVERE ] updating countdown to 28718
[11:14:55.767] [SEVERE ] updating countdown to 28707
[11:14:55.778] [SEVERE ] updating countdown to 28696
[11:14:55.789] [SEVERE ] updating countdown to 28685
[11:14:55.800] [SEVERE ] updating countdown to 28674
[11:14:55.811] [SEVERE ] updating countdown to 28663
[11:14:55.822] [SEVERE ] updating countdown to 28652
[11:14:55.833] [SEVERE ] updating countdown to 28641
[11:14:55.844] [SEVERE ] updating countdown to 28630
[11:14:55.855] [SEVERE ] updating countdown to 28619
[11:14:55.866] [SEVERE ] updating countdown to 28608
[11:14:55.877] [SEVERE ] updating countdown to 28597
[11:14:55.888] [SEVERE ] updating countdown to 28586
[11:14:55.899] [SEVERE ] updating countdown to 28575
[11:14:55.902] [SEVERE ] player 4 placing token on slot 3
[11:14:55.903] [SEVERE ] setting player 4 freeze to 0
[11:14:55.906] [SEVERE ] player 2 placing token on slot 4
[11:14:55.910] [SEVERE ] updating countdown to 28564
[11:14:55.914] [SEVERE ] setting player 4 freeze to 0
[11:14:55.921] [SEVERE ] updating countdown to 28553
[11:14:55.932] [SEVERE ] updating countdown to 28542
[11:14:55.937] [SEVERE ] player 3 placing token on slot 1
[11:14:55.938] [SEVERE ] player 1 placing token on slot 1
[11:14:55.939] [SEVERE ] setting player 1 freeze to 0
[11:14:55.940] [SEVERE ] setting player 3 freeze to 0
[11:14:55.943] [SEVERE ] updating countdown to 28531
[11:14:55.950] [SEVERE ] setting player 1 freeze to 0
[11:14:55.952] [SEVERE ] setting player 3 freeze to 0
[11:14:55.953] [SEVERE ] updating countdown to 28521
[11:14:55.964] [SEVERE ] updating countdown to 28510
[11:14:55.975] [SEVERE ] updating countdown to 28499
[11:14:55.986] [SEVERE ] updating countdown to 28488
[11:14:55.997] [SEVERE ] updating countdown to 28477
[11:14:56.008] [SEVERE ] updating countdown to 28466
[11:14:56.019] [SEVERE ] updating countdown to 28455
[11:14:56.030] [SEVERE ] updating countdown to 28444
[11:14:56.041] [SEVERE ] updating countdown to 28433
[11:14:56.052] [SEVERE ] updating countdown to 28422
[11:14:56.063] [SEVERE ] updating countdown to 28411
[11:14:56.074] [SEVERE ] updating countdown to 28400
[11:14:56.085] [SEVERE ] updating countdown to 28389
[11:14:56.096] [SEVERE ] updating countdown to 28378
[11:14:56.107] [SEVERE ] updating countdown to 28367
[11:14:56.118] [SEVERE ] updating countdown to 28356
[11:14:56.129] [SEVERE ] updating countdown to 28345
[11:14:56.140] [SEVERE ] updating countdown to 28334
[11:14:56.151] [SEVERE ] updating countdown to 28323
[11:14:56.162] [SEVERE ] updating countdown to 28312
[11:14:56.173] [SEVERE ] updating countdown to 28301
[11:14:56.184] [SEVERE ] updating countdown to 28290
[11:14:56.194] [SEVERE ] player 2 placing token on slot 3
[11:14:56.195] [SEVERE ] updating countdown to 28279
[11:14:56.206] [SEVERE ] updating countdown to 28268
[11:14:56.217] [SEVERE ] updating countdown to 28257
[11:14:56.261] [SEVERE ] updating countdown to 28213
[11:14:56.272] [SEVERE ] updating countdown to 28202
[11:14:56.284] [SEVERE ] updating countdown to 28190
[11:14:56.295] [SEVERE ] updating countdown to 28179
[11:14:56.306] [SEVERE ] updating countdown to 28168
[11:14:56.317] [SEVERE ] updating countdown to 28157
[11:14:56.327] [SEVERE ] updating countdown to 28147
[11:14:56.338] [SEVERE ] updating countdown to 28136
[11:14:56.349] [SEVERE ] updating countdown to 28125
[11:14:56.360] [SEVERE ] updating countdown to 28114
[11:14:56.371] [SEVERE ] updating countdown to 28103
[11:14:56.382] [SEVERE ] updating countdown to 28092
[11:14:56.393] [SEVERE ] updating countdown to 28081
[11:14:56.404] [SEVERE ] updating countdown to 28070
[11:14:56.415] [SEVERE ] updating countdown to 28059
[11:14:56.426] [SEVERE ] updating countdown to 28048
[11:14:56.437] [SEVERE ] updating countdown to 28037
[11:14:56.448] [SEVERE ] updating countdown to 28026
[11:14:56.459] [SEVERE ] updating countdown to 28015
[11:14:56.470] [SEVERE ] updating countdown to 28004
[11:14:56.481] [SEVERE ] updating countdown to 27993
[11:14:56.482] [SEVERE ] player 2 placing token on slot 1
[11:14:56.482] [SEVERE ] setting player 2 freeze to 0
[11:14:56.492] [SEVERE ] setting player 2 score to 1
[11:14:56.492] [SEVERE ] removing player 2 token from slot 4
[11:14:56.492] [SEVERE ] removing player 2 token from slot 3
[11:14:56.492] [SEVERE ] removing player 2 token from slot 1
[11:14:56.495] [SEVERE ] setting player 2 freeze to 0
[11:14:56.594] [SEVERE ] removing tokens from slot 4
[11:14:56.594] [SEVERE ] removing card from slot 4
[11:14:56.695] [SEVERE ] removing tokens from slot 3
[11:14:56.695] [SEVERE ] removing card from slot 3
[11:14:56.770] [SEVERE ] player 2 placing token on slot 11
[11:14:56.795] [SEVERE ] removing tokens from slot 1
[11:14:56.795] [SEVERE ] removing card from slot 1
[11:14:56.811] [SEVERE ] player 4 placing token on slot 2
[11:14:56.811] [SEVERE ] setting player 4 freeze to 0
[11:14:56.822] [SEVERE ] setting player 4 freeze to 0
[11:14:56.833] [SEVERE ] setting player 4 freeze to 0
[11:14:56.833] [SEVERE ] player 3 placing token on slot 6
[11:14:56.837] [SEVERE ] player 1 placing token on slot 0
[11:14:56.844] [SEVERE ] setting player 4 freeze to 0
[11:14:56.855] [SEVERE ] setting player 4 freeze to 0
[11:14:56.866] [SEVERE ] setting player 4 freeze to 0
[11:14:56.877] [SEVERE ] setting player 4 freeze to 0
[11:14:56.888] [SEVERE ] setting player 4 freeze to 0
[11:14:56.896] [SEVERE ] placing card 27 in slot 1
[11:14:56.899] [SEVERE ] setting player 4 freeze to 0
[11:14:56.910] [SEVERE ] setting player 4 freeze to 0
[11:14:56.921] [SEVERE ] setting player 4 freeze to 0
[11:14:56.932] [SEVERE ] setting player 4 freeze to 0
[11:14:56.943] [SEVERE ] setting player 4 freeze to 0
[11:14:56.954] [SEVERE ] setting player 4 freeze to 0
[11:14:56.965] [SEVERE ] setting player 4 freeze to 0
[11:14:56.976] [SEVERE ] setting player 4 freeze to 0
[11:14:56.987] [SEVERE ] setting player 4 freeze to 0
[11:14:56.997] [SEVERE ] placing card 9 in slot 4
[11:14:56.998] [SEVERE ] setting player 4 freeze to 0
[11:14:57.009] [SEVERE ] setting player 4 freeze to 0
[11:14:57.020] [SEVERE ] setting player 4 freeze to 0
[11:14:57.031] [SEVERE ] setting player 4 freeze to 0
[11:14:57.042] [SEVERE ] setting player 4 freeze to 0
[11:14:57.053] [SEVERE ] setting player 4 freeze to 0
[11:14:57.057] [SEVERE ] player 2 placing token on slot 1
[11:14:57.064] [SEVERE ] setting player 4 freeze to 0
[11:14:57.075] [SEVERE ] setting player 4 freeze to 0
[11:14:57.085] [SEVERE ] setting player 4 freeze to 0
[11:14:57.096] [SEVERE ] setting player 4 freeze to 0
[11:14:57.097] [SEVERE ] placing card 68 in slot 3
[11:14:57.100] [SEVERE ] updating countdown to 27374
[11:14:57.107] [SEVERE ] setting player 4 freeze to 0
[11:14:57.111] [SEVERE ] updating countdown to 27363
[11:14:57.114] [SEVERE ] setting player 4 freeze to 0
[11:14:57.118] [SEVERE ] setting player 4 freeze to 0
[11:14:57.119] [SEVERE ] player 3 placing token on slot 1
[11:14:57.121] [SEVERE ] player 1 placing token on slot 6
[11:14:57.122] [SEVERE ] setting player 1 freeze to 0
[11:14:57.123] [SEVERE ] updating countdown to 27351
[11:14:57.125] [SEVERE ] setting player 3 freeze to 0
[11:14:57.133] [SEVERE ] setting player 1 freeze to 0
[11:14:57.134] [SEVERE ] updating countdown to 27340
[11:14:57.138] [SEVERE ] setting player 3 freeze to 0
[11:14:57.153] [SEVERE ] updating countdown to 27321
[11:14:57.167] [SEVERE ] updating countdown to 27307
[11:14:57.207] [SEVERE ] updating countdown to 27267
[11:14:57.218] [SEVERE ] updating countdown to 27256
[11:14:57.229] [SEVERE ] updating countdown to 27245
[11:14:57.240] [SEVERE ] updating countdown to 27234
[11:14:57.254] [SEVERE ] updating countdown to 27220
[11:14:57.304] [SEVERE ] updating countdown to 27170
[11:14:57.315] [SEVERE ] updating countdown to 27159
[11:14:57.326] [SEVERE ] updating countdown to 27148
[11:14:57.337] [SEVERE ] updating countdown to 27137
[11:14:57.345] [SEVERE ] removing player 2 token from slot 1
[11:14:57.348] [SEVERE ] updating countdown to 27126
[11:14:57.359] [SEVERE ] updating countdown to 27115
[11:14:57.370] [SEVERE ] updating countdown to 27104
[11:14:57.417] [SEVERE ] updating countdown to 27057
[11:14:57.428] [SEVERE ] updating countdown to 27046
[11:14:57.439] [SEVERE ] updating countdown to 27035
[11:14:57.453] [SEVERE ] updating countdown to 27021
[11:14:57.464] [SEVERE ] updating countdown to 27010
[11:14:57.518] [SEVERE ] updating countdown to 26956
[11:14:57.529] [SEVERE ] updating countdown to 26945
[11:14:57.540] [SEVERE ] updating countdown to 26934
[11:14:57.551] [SEVERE ] updating countdown to 26923
[11:14:57.562] [SEVERE ] updating countdown to 26912
[11:14:57.573] [SEVERE ] updating countdown to 26901
[11:14:57.584] [SEVERE ] updating countdown to 26890
[11:14:57.595] [SEVERE ] updating countdown to 26879
[11:14:57.606] [SEVERE ] updating countdown to 26868
[11:14:57.617] [SEVERE ] updating countdown to 26857
[11:14:57.628] [SEVERE ] updating countdown to 26846
[11:14:57.634] [SEVERE ] player 2 placing token on slot 4
[11:14:57.639] [SEVERE ] updating countdown to 26835
[11:14:57.650] [SEVERE ] updating countdown to 26824
[11:14:57.661] [SEVERE ] updating countdown to 26813
[11:14:57.672] [SEVERE ] updating countdown to 26802
[11:14:57.683] [SEVERE ] updating countdown to 26791
[11:14:57.694] [SEVERE ] updating countdown to 26780
[11:14:57.705] [SEVERE ] updating countdown to 26769
[11:14:57.716] [SEVERE ] updating countdown to 26758
[11:14:57.727] [SEVERE ] updating countdown to 26747
[11:14:57.738] [SEVERE ] updating countdown to 26736
[11:14:57.749] [SEVERE ] updating countdown to 26725
[11:14:57.760] [SEVERE ] updating countdown to 26714
[11:14:57.771] [SEVERE ] updating countdown to 26703
[11:14:57.782] [SEVERE ] updating countdown to 26692
[11:14:57.793] [SEVERE ] updating countdown to 26681
[11:14:57.804] [SEVERE ] updating countdown to 26670
[11:14:57.815] [SEVERE ] updating countdown to 26659
[11:14:57.825] [SEVERE ] updating countdown to 26649
[11:14:57.836] [SEVERE ] updating countdown to 26638
[11:14:57.847] [SEVERE ] updating countdown to 26627
[11:14:57.858] [SEVERE ] updating countdown to 26616
[11:14:57.869] [SEVERE ] updating countdown to 26605
[11:14:57.880] [SEVERE ] updating countdown to 26594
[11:14:57.891] [SEVERE ] updating countdown to 26583
[11:14:57.902] [SEVERE ] updating countdown to 26572
[11:14:57.913] [SEVERE ] updating countdown to 26561
[11:14:57.921] [SEVERE ] player 2 placing token on slot 6
[11:14:57.921] [SEVERE ] setting player 2 freeze to 0
[11:14:57.924] [SEVERE ] updating countdown to 26550
[11:14:57.933] [SEVERE ] setting player 2 freeze to 0
[11:14:57.935] [SEVERE ] updating countdown to 26539
[11:14:57.946] [SEVERE ] updating countdown to 26528
[11:14:57.957] [SEVERE ] updating countdown to 26517
[11:14:57.968] [SEVERE ] updating countdown to 26506
[11:14:57.979] [SEVERE ] updating countdown to 26495
[11:14:57.990] [SEVERE ] updating countdown to 26484
[11:14:58.001] [SEVERE ] updating countdown to 26473
[11:14:58.012] [SEVERE ] updating countdown to 26462
[11:14:58.023] [SEVERE ] updating countdown to 26451
[11:14:58.034] [SEVERE ] updating countdown to 26440
[11:14:58.045] [SEVERE ] updating countdown to 26429
[11:14:58.056] [SEVERE ] updating countdown to 26418
[11:14:58.067] [SEVERE ] updating countdown to 26407
[11:14:58.078] [SEVERE ] updating countdown to 26396
[11:14:58.089] [SEVERE ] updating countdown to 26385
[11:14:58.100] [SEVERE ] updating countdown to 26374
[11:14:58.111] [SEVERE ] updating countdown to 26363
[11:14:58.122] [SEVERE ] updating countdown to 26352
[11:14:58.133] [SEVERE ] updating countdown to 26341
[11:14:58.144] [SEVERE ] updating countdown to 26330
[11:14:58.155] [SEVERE ] updating countdown to 26319
[11:14:58.166] [SEVERE ] updating countdown to 26308
[11:14:58.177] [SEVERE ] updating countdown to 26297
[11:14:58.188] [SEVERE ] updating countdown to 26286
[11:14:58.198] [SEVERE ] updating countdown to 26276
[11:14:58.209] [SEVERE ] updating countdown to 26265
[11:14:58.220] [SEVERE ] updating countdown to 26254
[11:14:58.231] [SEVERE ] updating countdown to 26243
[11:14:58.242] [SEVERE ] updating countdown to 26232
[11:14:58.253] [SEVERE ] updating countdown to 26221
[11:14:58.264] [SEVERE ] updating countdown to 26210
[11:14:58.275] [SEVERE ] updating countdown to 26199
[11:14:58.286] [SEVERE ] updating countdown to 26188
[11:14:58.297] [SEVERE ] updating countdown to 26177
[11:14:58.318] [SEVERE ] updating countdown to 26156
[11:14:58.329] [SEVERE ] updating countdown to 26145
[11:14:58.340] [SEVERE ] updating countdown to 26134
[11:14:58.351] [SEVERE ] updating countdown to 26123
[11:14:58.362] [SEVERE ] updating countdown to 26112
[11:14:58.373] [SEVERE ] updating countdown to 26101
[11:14:58.384] [SEVERE ] updating countdown to 26090
[11:14:58.395] [SEVERE ] updating countdown to 26079
[11:14:58.406] [SEVERE ] updating countdown to 26068
[11:14:58.417] [SEVERE ] updating countdown to 26057
[11:14:58.428] [SEVERE ] updating countdown to 26046
[11:14:58.439] [SEVERE ] updating countdown to 26035
[11:14:58.450] [SEVERE ] updating countdown to 26024
[11:14:58.461] [SEVERE ] updating countdown to 26013
[11:14:58.472] [SEVERE ] updating countdown to 26002
[11:14:58.483] [SEVERE ] updating countdown to 25991
[11:14:58.494] [SEVERE ] updating countdown to 25980
[11:14:58.505] [SEVERE ] updating countdown to 25969
[11:14:58.516] [SEVERE ] updating countdown to 25958
[11:14:58.527] [SEVERE ] updating countdown to 25947
[11:14:58.538] [SEVERE ] updating countdown to 25936
[11:14:58.549] [SEVERE ] updating countdown to 25925
[11:14:58.560] [SEVERE ] updating countdown to 25914
[11:14:58.571] [SEVERE ] updating countdown to 25903
[11:14:58.581] [SEVERE ] updating countdown to 25893
[11:14:58.592] [SEVERE ] updating countdown to 25882
[11:14:58.603] [SEVERE ] updating countdown to 25871
[11:14:58.614] [SEVERE ] updating countdown to 25860
[11:14:58.625] [SEVERE ] updating countdown to 25849
[11:14:58.636] [SEVERE ] updating countdown to 25838
[11:14:58.647] [SEVERE ] updating countdown to 25827
[11:14:58.658] [SEVERE ] updating countdown to 25816
[11:14:58.669] [SEVERE ] updating countdown to 25805
[11:14:58.680] [SEVERE ] updating countdown to 25794
[11:14:58.691] [SEVERE ] updating countdown to 25783
[11:14:58.702] [SEVERE ] updating countdown to 25772
[11:14:58.713] [SEVERE ] updating countdown to 25761
[11:14:58.724] [SEVERE ] updating countdown to 25750
[11:14:58.735] [SEVERE ] updating countdown to 25739
[11:14:58.746] [SEVERE ] updating countdown to 25728
[11:14:58.757] [SEVERE ] updating countdown to 25717
[11:14:58.768] [SEVERE ] updating countdown to 25706
[11:14:58.779] [SEVERE ] updating countdown to 25695
[11:14:58.790] [SEVERE ] updating countdown to 25684
[11:14:58.801] [SEVERE ] updating countdown to 25673
[11:14:58.812] [SEVERE ] updating countdown to 25662
[11:14:58.823] [SEVERE ] updating countdown to 25651
[11:14:58.834] [SEVERE ] updating countdown to 25640
[11:14:58.845] [SEVERE ] updating countdown to 25629
[11:14:58.856] [SEVERE ] updating countdown to 25618
[11:14:58.867] [SEVERE ] updating countdown to 25607
[11:14:58.918] [SEVERE ] updating countdown to 25556
[11:14:58.929] [SEVERE ] updating countdown to 25545
[11:14:58.940] [SEVERE ] updating countdown to 25534
[11:14:58.950] [SEVERE ] updating countdown to 25524
[11:14:58.961] [SEVERE ] updating countdown to 25513
[11:14:58.972] [SEVERE ] updating countdown to 25502
[11:14:58.983] [SEVERE ] updating countdown to 25491
[11:14:58.994] [SEVERE ] updating countdown to 25480
[11:14:59.005] [SEVERE ] updating countdown to 25469
[11:14:59.016] [SEVERE ] updating countdown to 25458
[11:14:59.027] [SEVERE ] updating countdown to 25447
[11:14:59.038] [SEVERE ] updating countdown to 25436
[11:14:59.049] [SEVERE ] updating countdown to 25425
[11:14:59.060] [SEVERE ] updating countdown to 25414
[11:14:59.071] [SEVERE ] updating countdown to 25403
[11:14:59.082] [SEVERE ] updating countdown to 25392
[11:14:59.093] [SEVERE ] updating countdown to 25381
[11:14:59.104] [SEVERE ] updating countdown to 25370
[11:14:59.115] [SEVERE ] updating countdown to 25359
[11:14:59.126] [SEVERE ] updating countdown to 25348
[11:14:59.137] [SEVERE ] updating countdown to 25337
[11:14:59.148] [SEVERE ] updating countdown to 25326
[11:14:59.159] [SEVERE ] updating countdown to 25315
[11:14:59.170] [SEVERE ] updating countdown to 25304
[11:14:59.181] [SEVERE ] updating countdown to 25293
[11:14:59.192] [SEVERE ] updating countdown to 25282
[11:14:59.203] [SEVERE ] updating countdown to 25271
[11:14:59.214] [SEVERE ] updating countdown to 25260
[11:14:59.225] [SEVERE ] updating countdown to 25249
[11:14:59.236] [SEVERE ] updating countdown to 25238
[11:14:59.247] [SEVERE ] updating countdown to 25227
[11:14:59.258] [SEVERE ] updating countdown to 25216
[11:14:59.269] [SEVERE ] updating countdown to 25205
[11:14:59.280] [SEVERE ] updating countdown to 25194
[11:14:59.291] [SEVERE ] updating countdown to 25183
[11:14:59.302] [SEVERE ] updating countdown to 25172
[11:14:59.313] [SEVERE ] updating countdown to 25161
[11:14:59.323] [SEVERE ] updating countdown to 25151
[11:14:59.334] [SEVERE ] updating countdown to 25140
[11:14:59.345] [SEVERE ] updating countdown to 25129
[11:14:59.356] [SEVERE ] updating countdown to 25118
[11:14:59.367] [SEVERE ] updating countdown to 25107
[11:14:59.378] [SEVERE ] updating countdown to 25096
[11:14:59.389] [SEVERE ] updating countdown to 25085
[11:14:59.400] [SEVERE ] updating countdown to 25074
[11:14:59.411] [SEVERE ] updating countdown to 25063
[11:14:59.422] [SEVERE ] updating countdown to 25052
[11:14:59.433] [SEVERE ] updating countdown to 25041
[11:14:59.444] [SEVERE ] updating countdown to 25030
[11:14:59.455] [SEVERE ] updating countdown to 25019
[11:14:59.466] [SEVERE ] updating countdown to 25008
[11:14:59.477] [SEVERE ] updating countdown to 24997
[11:14:59.488] [SEVERE ] updating countdown to 24986
[11:14:59.499] [SEVERE ] updating countdown to 24975
[11:14:59.510] [SEVERE ] updating countdown to 24964
[11:14:59.521] [SEVERE ] updating countdown to 24953
[11:14:59.532] [SEVERE ] updating countdown to 24942
[11:14:59.543] [SEVERE ] updating countdown to 24931
[11:14:59.554] [SEVERE ] updating countdown to 24920
[11:14:59.565] [SEVERE ] updating countdown to 24909
[11:14:59.576] [SEVERE ] updating countdown to 24898
[11:14:59.587] [SEVERE ] updating countdown to 24887
[11:14:59.598] [SEVERE ] updating countdown to 24876
[11:14:59.609] [SEVERE ] updating countdown to 24865
[11:14:59.620] [SEVERE ] updating countdown to 24854
[11:14:59.631] [SEVERE ] updating countdown to 24843
[11:14:59.642] [SEVERE ] updating countdown to 24832
[11:14:59.653] [SEVERE ] updating countdown to 24821
[11:14:59.664] [SEVERE ] updating countdown to 24810
[11:14:59.675] [SEVERE ] updating countdown to 24799
[11:14:59.686] [SEVERE ] updating countdown to 24788
[11:14:59.696] [SEVERE ] updating countdown to 24778
[11:14:59.707] [SEVERE ] updating countdown to 24767
[11:14:59.718] [SEVERE ] updating countdown to 24756
[11:14:59.729] [SEVERE ] updating countdown to 24745
[11:14:59.740] [SEVERE ] updating countdown to 24734
[11:14:59.751] [SEVERE ] updating countdown to 24723
[11:14:59.762] [SEVERE ] updating countdown to 24712
[11:14:59.773] [SEVERE ] updating countdown to 24701
[11:14:59.784] [SEVERE ] updating countdown to 24690
[11:14:59.795] [SEVERE ] updating countdown to 24679
[11:14:59.806] [SEVERE ] updating countdown to 24668
[11:14:59.817] [SEVERE ] updating countdown to 24657
[11:14:59.828] [SEVERE ] updating countdown to 24646
[11:14:59.839] [SEVERE ] updating countdown to 24635
[11:14:59.850] [SEVERE ] updating countdown to 24624
[11:14:59.861] [SEVERE ] updating countdown to 24613
[11:14:59.872] [SEVERE ] updating countdown to 24602
[11:14:59.883] [SEVERE ] updating countdown to 24591
[11:14:59.894] [SEVERE ] updating countdown to 24580
[11:14:59.905] [SEVERE ] updating countdown to 24569
[11:14:59.943] [SEVERE ] updating countdown to 24531
[11:14:59.955] [SEVERE ] updating countdown to 24519
[11:14:59.966] [SEVERE ] updating countdown to 24508
[11:14:59.977] [SEVERE ] updating countdown to 24497
[11:14:59.988] [SEVERE ] updating countdown to 24486
[11:14:59.999] [SEVERE ] updating countdown to 24475
[11:15:00.010] [SEVERE ] updating countdown to 24464
[11:15:00.021] [SEVERE ] updating countdown to 24453
[11:15:00.032] [SEVERE ] updating countdown to 24442
[11:15:00.043] [SEVERE ] updating countdown to 24431
[11:15:00.054] [SEVERE ] updating countdown to 24420
[11:15:00.065] [SEVERE ] updating countdown to 24409
[11:15:00.075] [SEVERE ] updating countdown to 24399
[11:15:00.086] [SEVERE ] updating countdown to 24388
[11:15:00.097] [SEVERE ] updating countdown to 24377
[11:15:00.108] [SEVERE ] updating countdown to 24366
[11:15:00.119] [SEVERE ] updating countdown to 24355
[11:15:00.130] [SEVERE ] updating countdown to 24344
[11:15:00.141] [SEVERE ] updating countdown to 24333
[11:15:00.152] [SEVERE ] updating countdown to 24322
[11:15:00.163] [SEVERE ] updating countdown to 24311
[11:15:00.174] [SEVERE ] updating countdown to 24300
[11:15:00.185] [SEVERE ] updating countdown to 24289
[11:15:00.196] [SEVERE ] updating countdown to 24278
[11:15:00.207] [SEVERE ] updating countdown to 24267
[11:15:00.218] [SEVERE ] updating countdown to 24256
[11:15:00.229] [SEVERE ] updating countdown to 24245
[11:15:00.240] [SEVERE ] updating countdown to 24234
[11:15:00.251] [SEVERE ] updating countdown to 24223
[11:15:00.262] [SEVERE ] updating countdown to 24212
[11:15:00.273] [SEVERE ] updating countdown to 24201
[11:15:00.284] [SEVERE ] updating countdown to 24190
[11:15:00.295] [SEVERE ] updating countdown to 24179
[11:15:00.306] [SEVERE ] updating countdown to 24168
[11:15:00.317] [SEVERE ] updating countdown to 24157
[11:15:00.328] [SEVERE ] updating countdown to 24146
[11:15:00.339] [SEVERE ] updating countdown to 24135
[11:15:00.350] [SEVERE ] updating countdown to 24124
[11:15:00.361] [SEVERE ] updating countdown to 24113
[11:15:00.372] [SEVERE ] updating countdown to 24102
[11:15:00.383] [SEVERE ] updating countdown to 24091
[11:15:00.394] [SEVERE ] updating countdown to 24080
[11:15:00.405] [SEVERE ] updating countdown to 24069
[11:15:00.416] [SEVERE ] updating countdown to 24058
[11:15:00.427] [SEVERE ] updating countdown to 24047
[11:15:00.438] [SEVERE ] updating countdown to 24036
[11:15:00.448] [SEVERE ] updating countdown to 24026
[11:15:00.459] [SEVERE ] updating countdown to 24015
[11:15:00.470] [SEVERE ] updating countdown to 24004
[11:15:00.481] [SEVERE ] updating countdown to 23993
[11:15:00.492] [SEVERE ] updating countdown to 23982
[11:15:00.503] [SEVERE ] updating countdown to 23971
[11:15:00.514] [SEVERE ] updating countdown to 23960
[11:15:00.525] [SEVERE ] updating countdown to 23949
[11:15:00.536] [SEVERE ] updating countdown to 23938
[11:15:00.547] [SEVERE ] updating countdown to 23927
[11:15:00.558] [SEVERE ] updating countdown to 23916
[11:15:00.569] [SEVERE ] updating countdown to 23905
[11:15:00.580] [SEVERE ] updating countdown to 23894
[11:15:00.591] [SEVERE ] updating countdown to 23883
[11:15:00.602] [SEVERE ] updating countdown to 23872
[11:15:00.613] [SEVERE ] updating countdown to 23861
[11:15:00.624] [SEVERE ] updating countdown to 23850
[11:15:00.635] [SEVERE ] updating countdown to 23839
[11:15:00.646] [SEVERE ] updating countdown to 23828
[11:15:00.657] [SEVERE ] updating countdown to 23817
[11:15:00.668] [SEVERE ] updating countdown to 23806
[11:15:00.679] [SEVERE ] updating countdown to 23795
[11:15:00.690] [SEVERE ] updating countdown to 23784
[11:15:00.701] [SEVERE ] updating countdown to 23773
[11:15:00.712] [SEVERE ] updating countdown to 23762
[11:15:00.723] [SEVERE ] updating countdown to 23751
[11:15:00.734] [SEVERE ] updating countdown to 23740
[11:15:00.745] [SEVERE ] updating countdown to 23729
[11:15:00.756] [SEVERE ] updating countdown to 23718
[11:15:00.767] [SEVERE ] updating countdown to 23707
[11:15:00.778] [SEVERE ] updating countdown to 23696
[11:15:00.789] [SEVERE ] updating countdown to 23685
[11:15:00.800] [SEVERE ] updating countdown to 23674
[11:15:00.811] [SEVERE ] updating countdown to 23663
[11:15:00.821] [SEVERE ] updating countdown to 23653
[11:15:00.832] [SEVERE ] updating countdown to 23642
[11:15:00.843] [SEVERE ] updating countdown to 23631
[11:15:00.854] [SEVERE ] updating countdown to 23620
[11:15:00.865] [SEVERE ] updating countdown to 23609
[11:15:00.876] [SEVERE ] updating countdown to 23598
[11:15:00.887] [SEVERE ] updating countdown to 23587
[11:15:00.898] [SEVERE ] updating countdown to 23576
[11:15:00.909] [SEVERE ] updating countdown to 23565
[11:15:00.920] [SEVERE ] updating countdown to 23554
[11:15:00.931] [SEVERE ] updating countdown to 23543
[11:15:00.942] [SEVERE ] updating countdown to 23532
[11:15:00.962] [SEVERE ] updating countdown to 23512
[11:15:00.973] [SEVERE ] updating countdown to 23501
[11:15:00.984] [SEVERE ] updating countdown to 23490
[11:15:00.995] [SEVERE ] updating countdown to 23479
[11:15:01.006] [SEVERE ] updating countdown to 23468
[11:15:01.017] [SEVERE ] updating countdown to 23457
[11:15:01.028] [SEVERE ] updating countdown to 23446
[11:15:01.039] [SEVERE ] updating countdown to 23435
[11:15:01.050] [SEVERE ] updating countdown to 23424
[11:15:01.061] [SEVERE ] updating countdown to 23413
[11:15:01.072] [SEVERE ] updating countdown to 23402
[11:15:01.083] [SEVERE ] updating countdown to 23391
[11:15:01.094] [SEVERE ] updating countdown to 23380
[11:15:01.105] [SEVERE ] updating countdown to 23369
[11:15:01.116] [SEVERE ] updating countdown to 23358
[11:15:01.127] [SEVERE ] updating countdown to 23347
[11:15:01.138] [SEVERE ] updating countdown to 23336
[11:15:01.149] [SEVERE ] updating countdown to 23325
[11:15:01.160] [SEVERE ] updating countdown to 23314
[11:15:01.171] [SEVERE ] updating countdown to 23303
[11:15:01.182] [SEVERE ] updating countdown to 23292
[11:15:01.192] [SEVERE ] updating countdown to 23282
[11:15:01.203] [SEVERE ] updating countdown to 23271
[11:15:01.214] [SEVERE ] updating countdown to 23260
[11:15:01.225] [SEVERE ] updating countdown to 23249
[11:15:01.236] [SEVERE ] updating countdown to 23238
[11:15:01.247] [SEVERE ] updating countdown to 23227
[11:15:01.258] [SEVERE ] updating countdown to 23216
[11:15:01.269] [SEVERE ] updating countdown to 23205
[11:15:01.280] [SEVERE ] updating countdown to 23194
[11:15:01.291] [SEVERE ] updating countdown to 23183
[11:15:01.302] [SEVERE ] updating countdown to 23172
[11:15:01.313] [SEVERE ] updating countdown to 23161
[11:15:01.324] [SEVERE ] updating countdown to 23150
[11:15:01.335] [SEVERE ] updating countdown to 23139
[11:15:01.346] [SEVERE ] updating countdown to 23128
[11:15:01.357] [SEVERE ] updating countdown to 23117
[11:15:01.368] [SEVERE ] updating countdown to 23106
[11:15:01.379] [SEVERE ] updating countdown to 23095
[11:15:01.390] [SEVERE ] updating countdown to 23084
[11:15:01.401] [SEVERE ] updating countdown to 23073
[11:15:01.412] [SEVERE ] updating countdown to 23062
[11:15:01.423] [SEVERE ] updating countdown to 23051
[11:15:01.434] [SEVERE ] updating countdown to 23040
[11:15:01.445] [SEVERE ] updating countdown to 23029
[11:15:01.456] [SEVERE ] updating countdown to 23018
[11:15:01.467] [SEVERE ] updating countdown to 23007
[11:15:01.478] [SEVERE ] updating countdown to 22996
[11:15:01.489] [SEVERE ] updating countdown to 22985
[11:15:01.500] [SEVERE ] updating countdown to 22974
[11:15:01.511] [SEVERE ] updating countdown to 22963
[11:15:01.522] [SEVERE ] updating countdown to 22952
[11:15:01.533] [SEVERE ] updating countdown to 22941
[11:15:01.544] [SEVERE ] updating countdown to 22930
[11:15:01.555] [SEVERE ] updating countdown to 22919
[11:15:01.565] [SEVERE ] updating countdown to 22909
[11:15:01.576] [SEVERE ] updating countdown to 22898
[11:15:01.587] [SEVERE ] updating countdown to 22887
[11:15:01.598] [SEVERE ] updating countdown to 22876
[11:15:01.609] [SEVERE ] updating countdown to 22865
[11:15:01.620] [SEVERE ] updating countdown to 22854
[11:15:01.631] [SEVERE ] updating countdown to 22843
[11:15:01.642] [SEVERE ] updating countdown to 22832
[11:15:01.653] [SEVERE ] updating countdown to 22821
[11:15:01.664] [SEVERE ] updating countdown to 22810
[11:15:01.675] [SEVERE ] updating countdown to 22799
[11:15:01.686] [SEVERE ] updating countdown to 22788
[11:15:01.697] [SEVERE ] updating countdown to 22777
[11:15:01.708] [SEVERE ] updating countdown to 22766
[11:15:01.719] [SEVERE ] updating countdown to 22755
[11:15:01.730] [SEVERE ] updating countdown to 22744
[11:15:01.741] [SEVERE ] updating countdown to 22733
[11:15:01.752] [SEVERE ] updating countdown to 22722
[11:15:01.763] [SEVERE ] updating countdown to 22711
[11:15:01.774] [SEVERE ] updating countdown to 22700
[11:15:01.785] [SEVERE ] updating countdown to 22689
[11:15:01.796] [SEVERE ] updating countdown to 22678
[11:15:01.807] [SEVERE ] updating countdown to 22667
[11:15:01.818] [SEVERE ] updating countdown to 22656
[11:15:01.829] [SEVERE ] updating countdown to 22645
[11:15:01.840] [SEVERE ] updating countdown to 22634
[11:15:01.851] [SEVERE ] updating countdown to 22623
[11:15:01.862] [SEVERE ] updating countdown to 22612
[11:15:01.873] [SEVERE ] updating countdown to 22601
[11:15:01.884] [SEVERE ] updating countdown to 22590
[11:15:01.895] [SEVERE ] updating countdown to 22579
[11:15:01.906] [SEVERE ] updating countdown to 22568
[11:15:01.917] [SEVERE ] updating countdown to 22557
[11:15:01.928] [SEVERE ] updating countdown to 22546
[11:15:01.938] [SEVERE ] updating countdown to 22536
[11:15:01.949] [SEVERE ] updating countdown to 22525
[11:15:01.960] [SEVERE ] updating countdown to 22514
[11:15:02.025] [SEVERE ] updating countdown to 22449
[11:15:02.036] [SEVERE ] updating countdown to 22438
[11:15:02.047] [SEVERE ] updating countdown to 22427
[11:15:02.058] [SEVERE ] updating countdown to 22416
[11:15:02.069] [SEVERE ] updating countdown to 22405
[11:15:02.080] [SEVERE ] updating countdown to 22394
[11:15:02.091] [SEVERE ] updating countdown to 22383
[11:15:02.102] [SEVERE ] updating countdown to 22372
[11:15:02.113] [SEVERE ] updating countdown to 22361
[11:15:02.124] [SEVERE ] updating countdown to 22350
[11:15:02.135] [SEVERE ] updating countdown to 22339
[11:15:02.146] [SEVERE ] updating countdown to 22328
[11:15:02.157] [SEVERE ] updating countdown to 22317
[11:15:02.168] [SEVERE ] updating countdown to 22306
[11:15:02.179] [SEVERE ] updating countdown to 22295
[11:15:02.190] [SEVERE ] updating countdown to 22284
[11:15:02.201] [SEVERE ] updating countdown to 22273
[11:15:02.212] [SEVERE ] updating countdown to 22262
[11:15:02.223] [SEVERE ] updating countdown to 22251
[11:15:02.234] [SEVERE ] updating countdown to 22240
[11:15:02.245] [SEVERE ] updating countdown to 22229
[11:15:02.256] [SEVERE ] updating countdown to 22218
[11:15:02.267] [SEVERE ] updating countdown to 22207
[11:15:02.278] [SEVERE ] updating countdown to 22196
[11:15:02.289] [SEVERE ] updating countdown to 22185
[11:15:02.300] [SEVERE ] updating countdown to 22174
[11:15:02.311] [SEVERE ] updating countdown to 22163
[11:15:02.321] [SEVERE ] updating countdown to 22153
[11:15:02.332] [SEVERE ] updating countdown to 22142
[11:15:02.343] [SEVERE ] updating countdown to 22131
[11:15:02.354] [SEVERE ] updating countdown to 22120
[11:15:02.365] [SEVERE ] updating countdown to 22109
[11:15:02.376] [SEVERE ] updating countdown to 22098
[11:15:02.387] [SEVERE ] updating countdown to 22087
[11:15:02.398] [SEVERE ] updating countdown to 22076
[11:15:02.409] [SEVERE ] updating countdown to 22065
[11:15:02.420] [SEVERE ] updating countdown to 22054
[11:15:02.431] [SEVERE ] updating countdown to 22043
[11:15:02.442] [SEVERE ] updating countdown to 22032
[11:15:02.453] [SEVERE ] updating countdown to 22021
[11:15:02.464] [SEVERE ] updating countdown to 22010
[11:15:02.475] [SEVERE ] updating countdown to 21999
[11:15:02.486] [SEVERE ] updating countdown to 21988
[11:15:02.497] [SEVERE ] updating countdown to 21977
[11:15:02.508] [SEVERE ] updating countdown to 21966
[11:15:02.519] [SEVERE ] updating countdown to 21955
[11:15:02.530] [SEVERE ] updating countdown to 21944
[11:15:02.541] [SEVERE ] updating countdown to 21933
[11:15:02.552] [SEVERE ] updating countdown to 21922
[11:15:02.563] [SEVERE ] updating countdown to 21911
[11:15:02.574] [SEVERE ] updating countdown to 21900
[11:15:02.585] [SEVERE ] updating countdown to 21889
[11:15:02.596] [SEVERE ] updating countdown to 21878
[11:15:02.607] [SEVERE ] updating countdown to 21867
[11:15:02.618] [SEVERE ] updating countdown to 21856
[11:15:02.629] [SEVERE ] updating countdown to 21845
[11:15:02.640] [SEVERE ] updating countdown to 21834
[11:15:02.651] [SEVERE ] updating countdown to 21823
[11:15:02.662] [SEVERE ] updating countdown to 21812
[11:15:02.673] [SEVERE ] updating countdown to 21801
[11:15:02.684] [SEVERE ] updating countdown to 21790
[11:15:02.694] [SEVERE ] updating countdown to 21780
[11:15:02.705] [SEVERE ] updating countdown to 21769
[11:15:02.716] [SEVERE ] updating countdown to 21758
[11:15:02.727] [SEVERE ] updating countdown to 21747
[11:15:02.738] [SEVERE ] updating countdown to 21736
[11:15:02.749] [SEVERE ] updating countdown to 21725
[11:15:02.760] [SEVERE ] updating countdown to 21714
[11:15:02.771] [SEVERE ] updating countdown to 21703
[11:15:02.782] [SEVERE ] updating countdown to 21692
[11:15:02.793] [SEVERE ] updating countdown to 21681
[11:15:02.804] [SEVERE ] updating countdown to 21670
[11:15:02.815] [SEVERE ] updating countdown to 21659
[11:15:02.826] [SEVERE ] updating countdown to 21648
[11:15:02.837] [SEVERE ] updating countdown to 21637
[11:15:02.848] [SEVERE ] updating countdown to 21626
[11:15:02.859] [SEVERE ] updating countdown to 21615
[11:15:02.870] [SEVERE ] updating countdown to 21604
[11:15:02.881] [SEVERE ] updating countdown to 21593
[11:15:02.892] [SEVERE ] updating countdown to 21582
[11:15:02.903] [SEVERE ] updating countdown to 21571
[11:15:02.914] [SEVERE ] updating countdown to 21560
[11:15:02.925] [SEVERE ] updating countdown to 21549
[11:15:02.936] [SEVERE ] updating countdown to 21538
[11:15:02.947] [SEVERE ] updating countdown to 21527
[11:15:02.958] [SEVERE ] updating countdown to 21516
[11:15:02.969] [SEVERE ] updating countdown to 21505
[11:15:02.980] [SEVERE ] updating countdown to 21494
[11:15:02.991] [SEVERE ] updating countdown to 21483
[11:15:03.002] [SEVERE ] updating countdown to 21472
[11:15:03.013] [SEVERE ] updating countdown to 21461
[11:15:03.024] [SEVERE ] updating countdown to 21450
[11:15:03.035] [SEVERE ] updating countdown to 21439
[11:15:03.046] [SEVERE ] updating countdown to 21428
[11:15:03.057] [SEVERE ] updating countdown to 21417
[11:15:03.067] [SEVERE ] updating countdown to 21407
[11:15:03.078] [SEVERE ] updating countdown to 21396
[11:15:03.089] [SEVERE ] updating countdown to 21385
[11:15:03.100] [SEVERE ] updating countdown to 21374
[11:15:03.111] [SEVERE ] updating countdown to 21363
[11:15:03.122] [SEVERE ] updating countdown to 21352
[11:15:03.133] [SEVERE ] updating countdown to 21341
[11:15:03.144] [SEVERE ] updating countdown to 21330
[11:15:03.155] [SEVERE ] updating countdown to 21319
[11:15:03.166] [SEVERE ] updating countdown to 21308
[11:15:03.177] [SEVERE ] updating countdown to 21297
[11:15:03.188] [SEVERE ] updating countdown to 21286
[11:15:03.199] [SEVERE ] updating countdown to 21275
[11:15:03.210] [SEVERE ] updating countdown to 21264
[11:15:03.221] [SEVERE ] updating countdown to 21253
[11:15:03.232] [SEVERE ] updating countdown to 21242
[11:15:03.243] [SEVERE ] updating countdown to 21231
[11:15:03.254] [SEVERE ] updating countdown to 21220
[11:15:03.265] [SEVERE ] updating countdown to 21209
[11:15:03.276] [SEVERE ] updating countdown to 21198
[11:15:03.287] [SEVERE ] updating countdown to 21187
[11:15:03.298] [SEVERE ] updating countdown to 21176
[11:15:03.309] [SEVERE ] updating countdown to 21165
[11:15:03.320] [SEVERE ] updating countdown to 21154
[11:15:03.331] [SEVERE ] updating countdown to 21143
[11:15:03.342] [SEVERE ] updating countdown to 21132
[11:15:03.353] [SEVERE ] updating countdown to 21121
[11:15:03.364] [SEVERE ] updating countdown to 21110
[11:15:03.375] [SEVERE ] updating countdown to 21099
[11:15:03.386] [SEVERE ] updating countdown to 21088
[11:15:03.397] [SEVERE ] updating countdown to 21077
[11:15:03.408] [SEVERE ] updating countdown to 21066
[11:15:03.419] [SEVERE ] updating countdown to 21055
[11:15:03.430] [SEVERE ] updating countdown to 21044
[11:15:03.440] [SEVERE ] updating countdown to 21034
[11:15:03.451] [SEVERE ] updating countdown to 21023
[11:15:03.462] [SEVERE ] updating countdown to 21012
[11:15:03.473] [SEVERE ] updating countdown to 21001
[11:15:03.484] [SEVERE ] updating countdown to 20990
[11:15:03.495] [SEVERE ] updating countdown to 20979
[11:15:03.506] [SEVERE ] updating countdown to 20968
[11:15:03.517] [SEVERE ] updating countdown to 20957
[11:15:03.528] [SEVERE ] updating countdown to 20946
[11:15:03.539] [SEVERE ] updating countdown to 20935
[11:15:03.550] [SEVERE ] updating countdown to 20924
[11:15:03.561] [SEVERE ] updating countdown to 20913
[11:15:03.572] [SEVERE ] updating countdown to 20902
[11:15:03.583] [SEVERE ] updating countdown to 20891
[11:15:03.594] [SEVERE ] updating countdown to 20880
[11:15:03.605] [SEVERE ] updating countdown to 20869
[11:15:03.616] [SEVERE ] updating countdown to 20858
[11:15:03.627] [SEVERE ] updating countdown to 20847
[11:15:03.638] [SEVERE ] updating countdown to 20836
[11:15:03.649] [SEVERE ] updating countdown to 20825
[11:15:03.660] [SEVERE ] updating countdown to 20814
[11:15:03.671] [SEVERE ] updating countdown to 20803
[11:15:03.682] [SEVERE ] updating countdown to 20792
[11:15:03.693] [SEVERE ] updating countdown to 20781
[11:15:03.704] [SEVERE ] updating countdown to 20770
[11:15:03.715] [SEVERE ] updating countdown to 20759
[11:15:03.726] [SEVERE ] updating countdown to 20748
[11:15:03.737] [SEVERE ] updating countdown to 20737
[11:15:03.748] [SEVERE ] updating countdown to 20726
[11:15:03.759] [SEVERE ] updating countdown to 20715
[11:15:03.770] [SEVERE ] updating countdown to 20704
[11:15:03.781] [SEVERE ] updating countdown to 20693
[11:15:03.792] [SEVERE ] updating countdown to 20682
[11:15:03.803] [SEVERE ] updating countdown to 20671
[11:15:03.813] [SEVERE ] updating countdown to 20661
[11:15:03.824] [SEVERE ] updating countdown to 20650
[11:15:03.835] [SEVERE ] updating countdown to 20639
[11:15:03.846] [SEVERE ] updating countdown to 20628
[11:15:03.857] [SEVERE ] updating countdown to 20617
[11:15:03.868] [SEVERE ] updating countdown to 20606
[11:15:03.879] [SEVERE ] updating countdown to 20595
[11:15:03.890] [SEVERE ] updating countdown to 20584
[11:15:03.901] [SEVERE ] updating countdown to 20573
[11:15:03.912] [SEVERE ] updating countdown to 20562
[11:15:03.923] [SEVERE ] updating countdown to 20551
[11:15:03.934] [SEVERE ] updating countdown to 20540
[11:15:03.945] [SEVERE ] updating countdown to 20529
[11:15:03.956] [SEVERE ] updating countdown to 20518
[11:15:03.967] [SEVERE ] updating countdown to 20507
[11:15:03.978] [SEVERE ] updating countdown to 20496
[11:15:03.989] [SEVERE ] updating countdown to 20485
[11:15:04.000] [SEVERE ] updating countdown to 20474
[11:15:04.011] [SEVERE ] updating countdown to 20463
[11:15:04.022] [SEVERE ] updating countdown to 20452
[11:15:04.033] [SEVERE ] updating countdown to 20441
[11:15:04.044] [SEVERE ] updating countdown to 20430
[11:15:04.055] [SEVERE ] updating countdown to 20419
[11:15:04.066] [SEVERE ] updating countdown to 20408
[11:15:04.077] [SEVERE ] updating countdown to 20397
[11:15:04.088] [SEVERE ] updating countdown to 20386
[11:15:04.099] [SEVERE ] updating countdown to 20375
[11:15:04.110] [SEVERE ] updating countdown to 20364
[11:15:04.121] [SEVERE ] updating countdown to 20353
[11:15:04.132] [SEVERE ] updating countdown to 20342
[11:15:04.143] [SEVERE ] updating countdown to 20331
[11:15:04.154] [SEVERE ] updating countdown to 20320
[11:15:04.165] [SEVERE ] updating countdown to 20309
[11:15:04.176] [SEVERE ] updating countdown to 20298
[11:15:04.186] [SEVERE ] updating countdown to 20288
[11:15:04.197] [SEVERE ] updating countdown to 20277
[11:15:04.208] [SEVERE ] updating countdown to 20266
[11:15:04.219] [SEVERE ] updating countdown to 20255
[11:15:04.230] [SEVERE ] updating countdown to 20244
[11:15:04.241] [SEVERE ] updating countdown to 20233
[11:15:04.252] [SEVERE ] updating countdown to 20222
[11:15:04.263] [SEVERE ] updating countdown to 20211
[11:15:04.274] [SEVERE ] updating countdown to 20200
[11:15:04.285] [SEVERE ] updating countdown to 20189
[11:15:04.296] [SEVERE ] updating countdown to 20178
[11:15:04.307] [SEVERE ] updating countdown to 20167
[11:15:04.318] [SEVERE ] updating countdown to 20156
[11:15:04.329] [SEVERE ] updating countdown to 20145
[11:15:04.340] [SEVERE ] updating countdown to 20134
[11:15:04.351] [SEVERE ] updating countdown to 20123
[11:15:04.362] [SEVERE ] updating countdown to 20112
[11:15:04.373] [SEVERE ] updating countdown to 20101
[11:15:04.384] [SEVERE ] updating countdown to 20090
[11:15:04.395] [SEVERE ] updating countdown to 20079
[11:15:04.406] [SEVERE ] updating countdown to 20068
[11:15:04.417] [SEVERE ] updating countdown to 20057
[11:15:04.428] [SEVERE ] updating countdown to 20046
[11:15:04.439] [SEVERE ] updating countdown to 20035
[11:15:04.450] [SEVERE ] updating countdown to 20024
[11:15:04.461] [SEVERE ] updating countdown to 20013
[11:15:04.472] [SEVERE ] updating countdown to 20002
[11:15:04.483] [SEVERE ] updating countdown to 19991
[11:15:04.494] [SEVERE ] updating countdown to 19980
[11:15:04.505] [SEVERE ] updating countdown to 19969
[11:15:04.516] [SEVERE ] updating countdown to 19958
[11:15:04.527] [SEVERE ] updating countdown to 19947
[11:15:04.538] [SEVERE ] updating countdown to 19936
[11:15:04.549] [SEVERE ] updating countdown to 19925
[11:15:04.559] [SEVERE ] updating countdown to 19915
[11:15:04.570] [SEVERE ] updating countdown to 19904
[11:15:04.581] [SEVERE ] updating countdown to 19893
[11:15:04.592] [SEVERE ] updating countdown to 19882
[11:15:04.603] [SEVERE ] updating countdown to 19871
[11:15:04.614] [SEVERE ] updating countdown to 19860
[11:15:04.625] [SEVERE ] updating countdown to 19849
[11:15:04.636] [SEVERE ] updating countdown to 19838
[11:15:04.647] [SEVERE ] updating countdown to 19827
[11:15:04.658] [SEVERE ] updating countdown to 19816
[11:15:04.669] [SEVERE ] updating countdown to 19805
[11:15:04.680] [SEVERE ] updating countdown to 19794
[11:15:04.691] [SEVERE ] updating countdown to 19783
[11:15:04.702] [SEVERE ] updating countdown to 19772
[11:15:04.713] [SEVERE ] updating countdown to 19761
[11:15:04.724] [SEVERE ] updating countdown to 19750
[11:15:04.735] [SEVERE ] updating countdown to 19739
[11:15:04.746] [SEVERE ] updating countdown to 19728
[11:15:04.757] [SEVERE ] updating countdown to 19717
[11:15:04.768] [SEVERE ] updating countdown to 19706
[11:15:04.779] [SEVERE ] updating countdown to 19695
[11:15:04.790] [SEVERE ] updating countdown to 19684
[11:15:04.801] [SEVERE ] updating countdown to 19673
[11:15:04.812] [SEVERE ] updating countdown to 19662
[11:15:04.823] [SEVERE ] updating countdown to 19651
[11:15:04.834] [SEVERE ] updating countdown to 19640
[11:15:04.845] [SEVERE ] updating countdown to 19629
[11:15:04.856] [SEVERE ] updating countdown to 19618
[11:15:04.867] [SEVERE ] updating countdown to 19607
[11:15:04.878] [SEVERE ] updating countdown to 19596
[11:15:04.889] [SEVERE ] updating countdown to 19585
[11:15:04.900] [SEVERE ] updating countdown to 19574
[11:15:04.911] [SEVERE ] updating countdown to 19563
[11:15:04.922] [SEVERE ] updating countdown to 19552
[11:15:04.932] [SEVERE ] updating countdown to 19542
[11:15:04.943] [SEVERE ] updating countdown to 19531
[11:15:04.954] [SEVERE ] updating countdown to 19520
[11:15:04.965] [SEVERE ] updating countdown to 19509
[11:15:04.976] [SEVERE ] updating countdown to 19498
[11:15:04.987] [SEVERE ] updating countdown to 19487
[11:15:04.998] [SEVERE ] updating countdown to 19476
[11:15:05.009] [SEVERE ] updating countdown to 19465
[11:15:05.020] [SEVERE ] updating countdown to 19454
[11:15:05.031] [SEVERE ] updating countdown to 19443
[11:15:05.048] [SEVERE ] updating countdown to 19426
[11:15:05.059] [SEVERE ] updating countdown to 19415
[11:15:05.070] [SEVERE ] updating countdown to 19404
[11:15:05.081] [SEVERE ] updating countdown to 19393
[11:15:05.092] [SEVERE ] updating countdown to 19382
[11:15:05.103] [SEVERE ] updating countdown to 19371
[11:15:05.114] [SEVERE ] updating countdown to 19360
[11:15:05.125] [SEVERE ] updating countdown to 19349
[11:15:05.136] [SEVERE ] updating countdown to 19338
[11:15:05.147] [SEVERE ] updating countdown to 19327
[11:15:05.158] [SEVERE ] updating countdown to 19316
[11:15:05.169] [SEVERE ] updating countdown to 19305
[11:15:05.180] [SEVERE ] updating countdown to 19294
[11:15:05.191] [SEVERE ] updating countdown to 19283
[11:15:05.202] [SEVERE ] updating countdown to 19272
[11:15:05.213] [SEVERE ] updating countdown to 19261
[11:15:05.224] [SEVERE ] updating countdown to 19250
[11:15:05.235] [SEVERE ] updating countdown to 19239
[11:15:05.246] [SEVERE ] updating countdown to 19228
[11:15:05.257] [SEVERE ] updating countdown to 19217
[11:15:05.268] [SEVERE ] updating countdown to 19206
[11:15:05.279] [SEVERE ] updating countdown to 19195
[11:15:05.290] [SEVERE ] updating countdown to 19184
[11:15:05.301] [SEVERE ] updating countdown to 19173
[11:15:05.311] [SEVERE ] updating countdown to 19163
[11:15:05.322] [SEVERE ] updating countdown to 19152
[11:15:05.333] [SEVERE ] updating countdown to 19141
[11:15:05.344] [SEVERE ] updating countdown to 19130
[11:15:05.355] [SEVERE ] updating countdown to 19119
[11:15:05.366] [SEVERE ] updating countdown to 19108
[11:15:05.377] [SEVERE ] updating countdown to 19097
[11:15:05.388] [SEVERE ] updating countdown to 19086
[11:15:05.399] [SEVERE ] updating countdown to 19075
[11:15:05.410] [SEVERE ] updating countdown to 19064
[11:15:05.421] [SEVERE ] updating countdown to 19053
[11:15:05.432] [SEVERE ] updating countdown to 19042
[11:15:05.443] [SEVERE ] updating countdown to 19031
[11:15:05.454] [SEVERE ] updating countdown to 19020
[11:15:05.465] [SEVERE ] updating countdown to 19009
[11:15:05.476] [SEVERE ] updating countdown to 18998
[11:15:05.487] [SEVERE ] updating countdown to 18987
[11:15:05.498] [SEVERE ] updating countdown to 18976
[11:15:05.509] [SEVERE ] updating countdown to 18965
[11:15:05.520] [SEVERE ] updating countdown to 18954
[11:15:05.531] [SEVERE ] updating countdown to 18943
[11:15:05.542] [SEVERE ] updating countdown to 18932
[11:15:05.553] [SEVERE ] updating countdown to 18921
[11:15:05.564] [SEVERE ] updating countdown to 18910
[11:15:05.575] [SEVERE ] updating countdown to 18899
[11:15:05.586] [SEVERE ] updating countdown to 18888
[11:15:05.597] [SEVERE ] updating countdown to 18877
[11:15:05.608] [SEVERE ] updating countdown to 18866
[11:15:05.619] [SEVERE ] updating countdown to 18855
[11:15:05.630] [SEVERE ] updating countdown to 18844
[11:15:05.641] [SEVERE ] updating countdown to 18833
[11:15:05.652] [SEVERE ] updating countdown to 18822
[11:15:05.663] [SEVERE ] updating countdown to 18811
[11:15:05.674] [SEVERE ] updating countdown to 18800
[11:15:05.684] [SEVERE ] updating countdown to 18790
[11:15:05.695] [SEVERE ] updating countdown to 18779
[11:15:05.706] [SEVERE ] updating countdown to 18768
[11:15:05.717] [SEVERE ] updating countdown to 18757
[11:15:05.728] [SEVERE ] updating countdown to 18746
[11:15:05.739] [SEVERE ] updating countdown to 18735
[11:15:05.750] [SEVERE ] updating countdown to 18724
[11:15:05.761] [SEVERE ] updating countdown to 18713
[11:15:05.772] [SEVERE ] updating countdown to 18702
[11:15:05.783] [SEVERE ] updating countdown to 18691
[11:15:05.794] [SEVERE ] updating countdown to 18680
[11:15:05.805] [SEVERE ] updating countdown to 18669
[11:15:05.816] [SEVERE ] updating countdown to 18658
[11:15:05.827] [SEVERE ] updating countdown to 18647
[11:15:05.838] [SEVERE ] updating countdown to 18636
[11:15:05.849] [SEVERE ] updating countdown to 18625
[11:15:05.860] [SEVERE ] updating countdown to 18614
[11:15:05.871] [SEVERE ] updating countdown to 18603
[11:15:05.882] [SEVERE ] updating countdown to 18592
[11:15:05.893] [SEVERE ] updating countdown to 18581
[11:15:05.904] [SEVERE ] updating countdown to 18570
[11:15:05.915] [SEVERE ] updating countdown to 18559
[11:15:05.926] [SEVERE ] updating countdown to 18548
[11:15:05.937] [SEVERE ] updating countdown to 18537
[11:15:05.948] [SEVERE ] updating countdown to 18526
[11:15:05.959] [SEVERE ] updating countdown to 18515
[11:15:05.970] [SEVERE ] updating countdown to 18504
[11:15:05.981] [SEVERE ] updating countdown to 18493
[11:15:05.992] [SEVERE ] updating countdown to 18482
[11:15:06.003] [SEVERE ] updating countdown to 18471
[11:15:06.014] [SEVERE ] updating countdown to 18460
[11:15:06.025] [SEVERE ] updating countdown to 18449
[11:15:06.036] [SEVERE ] updating countdown to 18438
[11:15:06.047] [SEVERE ] updating countdown to 18427
[11:15:06.073] [SEVERE ] updating countdown to 18401
[11:15:06.084] [SEVERE ] updating countdown to 18390
[11:15:06.095] [SEVERE ] updating countdown to 18379
[11:15:06.106] [SEVERE ] updating countdown to 18368
[11:15:06.117] [SEVERE ] updating countdown to 18357
[11:15:06.128] [SEVERE ] updating countdown to 18346
[11:15:06.139] [SEVERE ] updating countdown to 18335
[11:15:06.150] [SEVERE ] updating countdown to 18324
[11:15:06.161] [SEVERE ] updating countdown to 18313
[11:15:06.172] [SEVERE ] updating countdown to 18302
[11:15:06.183] [SEVERE ] updating countdown to 18291
[11:15:06.194] [SEVERE ] updating countdown to 18280
[11:15:06.205] [SEVERE ] updating countdown to 18269
[11:15:06.216] [SEVERE ] updating countdown to 18258
[11:15:06.227] [SEVERE ] updating countdown to 18247
[11:15:06.238] [SEVERE ] updating countdown to 18236
[11:15:06.249] [SEVERE ] updating countdown to 18225
[11:15:06.260] [SEVERE ] updating countdown to 18214
[11:15:06.271] [SEVERE ] updating countdown to 18203
[11:15:06.282] [SEVERE ] updating countdown to 18192
[11:15:06.293] [SEVERE ] updating countdown to 18181
[11:15:06.304] [SEVERE ] updating countdown to 18170
[11:15:06.315] [SEVERE ] updating countdown to 18159
[11:15:06.326] [SEVERE ] updating countdown to 18148
[11:15:06.337] [SEVERE ] updating countdown to 18137
[11:15:06.348] [SEVERE ] updating countdown to 18126
[11:15:06.359] [SEVERE ] updating countdown to 18115
[11:15:06.370] [SEVERE ] updating countdown to 18104
[11:15:06.381] [SEVERE ] updating countdown to 18093
[11:15:06.392] [SEVERE ] updating countdown to 18082
[11:15:06.403] [SEVERE ] updating countdown to 18071
[11:15:06.414] [SEVERE ] updating countdown to 18060
[11:15:06.425] [SEVERE ] updating countdown to 18049
[11:15:06.435] [SEVERE ] updating countdown to 18039
[11:15:06.446] [SEVERE ] updating countdown to 18028
[11:15:06.457] [SEVERE ] updating countdown to 18017
[11:15:06.468] [SEVERE ] updating countdown to 18006
[11:15:06.479] [SEVERE ] updating countdown to 17995
[11:15:06.490] [SEVERE ] updating countdown to 17984
[11:15:06.501] [SEVERE ] updating countdown to 17973
[11:15:06.512] [SEVERE ] updating countdown to 17962
[11:15:06.523] [SEVERE ] updating countdown to 17951
[11:15:06.534] [SEVERE ] updating countdown to 17940
[11:15:06.545] [SEVERE ] updating countdown to 17929
[11:15:06.556] [SEVERE ] updating countdown to 17918
[11:15:06.567] [SEVERE ] updating countdown to 17907
[11:15:06.578] [SEVERE ] updating countdown to 17896
[11:15:06.589] [SEVERE ] updating countdown to 17885
[11:15:06.600] [SEVERE ] updating countdown to 17874
[11:15:06.611] [SEVERE ] updating countdown to 17863
[11:15:06.622] [SEVERE ] updating countdown to 17852
[11:15:06.633] [SEVERE ] updating countdown to 17841
[11:15:06.644] [SEVERE ] updating countdown to 17830
[11:15:06.655] [SEVERE ] updating countdown to 17819
[11:15:06.666] [SEVERE ] updating countdown to 17808
[11:15:06.677] [SEVERE ] updating countdown to 17797
[11:15:06.688] [SEVERE ] updating countdown to 17786
[11:15:06.699] [SEVERE ] updating countdown to 17775
[11:15:06.710] [SEVERE ] updating countdown to 17764
[11:15:06.721] [SEVERE ] updating countdown to 17753
[11:15:06.732] [SEVERE ] updating countdown to 17742
[11:15:06.743] [SEVERE ] updating countdown to 17731
[11:15:06.754] [SEVERE ] updating countdown to 17720
[11:15:06.765] [SEVERE ] updating countdown to 17709
[11:15:06.776] [SEVERE ] updating countdown to 17698
[11:15:06.787] [SEVERE ] updating countdown to 17687
[11:15:06.798] [SEVERE ] updating countdown to 17676
[11:15:06.808] [SEVERE ] updating countdown to 17666
[11:15:06.819] [SEVERE ] updating countdown to 17655
[11:15:06.830] [SEVERE ] updating countdown to 17644
[11:15:06.841] [SEVERE ] updating countdown to 17633
[11:15:06.852] [SEVERE ] updating countdown to 17622
[11:15:06.863] [SEVERE ] updating countdown to 17611
[11:15:06.874] [SEVERE ] updating countdown to 17600
[11:15:06.885] [SEVERE ] updating countdown to 17589
[11:15:06.896] [SEVERE ] updating countdown to 17578
[11:15:06.907] [SEVERE ] updating countdown to 17567
[11:15:06.918] [SEVERE ] updating countdown to 17556
[11:15:06.929] [SEVERE ] updating countdown to 17545
[11:15:06.940] [SEVERE ] updating countdown to 17534
[11:15:06.987] [SEVERE ] updating countdown to 17487
[11:15:06.998] [SEVERE ] updating countdown to 17476
[11:15:07.009] [SEVERE ] updating countdown to 17465
[11:15:07.020] [SEVERE ] updating countdown to 17454
[11:15:07.043] [SEVERE ] updating countdown to 17431
[11:15:07.054] [SEVERE ] updating countdown to 17420
[11:15:07.091] [SEVERE ] updating countdown to 17383
[11:15:07.102] [SEVERE ] updating countdown to 17372
[11:15:07.113] [SEVERE ] updating countdown to 17361
[11:15:07.124] [SEVERE ] updating countdown to 17350
[11:15:07.135] [SEVERE ] updating countdown to 17339
[11:15:07.146] [SEVERE ] updating countdown to 17328
[11:15:07.157] [SEVERE ] updating countdown to 17317
[11:15:07.168] [SEVERE ] updating countdown to 17306
[11:15:07.178] [SEVERE ] updating countdown to 17296
[11:15:07.189] [SEVERE ] updating countdown to 17285
[11:15:07.200] [SEVERE ] updating countdown to 17274
[11:15:07.211] [SEVERE ] updating countdown to 17263
[11:15:07.222] [SEVERE ] updating countdown to 17252
[11:15:07.233] [SEVERE ] updating countdown to 17241
[11:15:07.244] [SEVERE ] updating countdown to 17230
[11:15:07.255] [SEVERE ] updating countdown to 17219
[11:15:07.266] [SEVERE ] updating countdown to 17208
[11:15:07.277] [SEVERE ] updating countdown to 17197
[11:15:07.288] [SEVERE ] updating countdown to 17186
[11:15:07.299] [SEVERE ] updating countdown to 17175
[11:15:07.310] [SEVERE ] updating countdown to 17164
[11:15:07.321] [SEVERE ] updating countdown to 17153
[11:15:07.332] [SEVERE ] updating countdown to 17142
[11:15:07.343] [SEVERE ] updating countdown to 17131
[11:15:07.354] [SEVERE ] updating countdown to 17120
[11:15:07.365] [SEVERE ] updating countdown to 17109
[11:15:07.376] [SEVERE ] updating countdown to 17098
[11:15:07.387] [SEVERE ] updating countdown to 17087
[11:15:07.398] [SEVERE ] updating countdown to 17076
[11:15:07.409] [SEVERE ] updating countdown to 17065
[11:15:07.420] [SEVERE ] updating countdown to 17054
[11:15:07.431] [SEVERE ] updating countdown to 17043
[11:15:07.442] [SEVERE ] updating countdown to 17032
[11:15:07.453] [SEVERE ] updating countdown to 17021
[11:15:07.464] [SEVERE ] updating countdown to 17010
[11:15:07.475] [SEVERE ] updating countdown to 16999
[11:15:07.486] [SEVERE ] updating countdown to 16988
[11:15:07.497] [SEVERE ] updating countdown to 16977
[11:15:07.508] [SEVERE ] updating countdown to 16966
[11:15:07.519] [SEVERE ] updating countdown to 16955
[11:15:07.530] [SEVERE ] updating countdown to 16944
[11:15:07.541] [SEVERE ] updating countdown to 16933
[11:15:07.551] [SEVERE ] updating countdown to 16923
[11:15:07.562] [SEVERE ] updating countdown to 16912
[11:15:07.573] [SEVERE ] updating countdown to 16901
[11:15:07.584] [SEVERE ] updating countdown to 16890
[11:15:07.595] [SEVERE ] updating countdown to 16879
[11:15:07.606] [SEVERE ] updating countdown to 16868
[11:15:07.617] [SEVERE ] updating countdown to 16857
[11:15:07.628] [SEVERE ] updating countdown to 16846
[11:15:07.639] [SEVERE ] updating countdown to 16835
[11:15:07.650] [SEVERE ] updating countdown to 16824
[11:15:07.661] [SEVERE ] updating countdown to 16813
[11:15:07.672] [SEVERE ] updating countdown to 16802
[11:15:07.683] [SEVERE ] updating countdown to 16791
[11:15:07.694] [SEVERE ] updating countdown to 16780
[11:15:07.705] [SEVERE ] updating countdown to 16769
[11:15:07.716] [SEVERE ] updating countdown to 16758
[11:15:07.727] [SEVERE ] updating countdown to 16747
[11:15:07.738] [SEVERE ] updating countdown to 16736
[11:15:07.749] [SEVERE ] updating countdown to 16725
[11:15:07.760] [SEVERE ] updating countdown to 16714
[11:15:07.771] [SEVERE ] updating countdown to 16703
[11:15:07.782] [SEVERE ] updating countdown to 16692
[11:15:07.793] [SEVERE ] updating countdown to 16681
[11:15:07.804] [SEVERE ] updating countdown to 16670
[11:15:07.815] [SEVERE ] updating countdown to 16659
[11:15:07.826] [SEVERE ] updating countdown to 16648
[11:15:07.837] [SEVERE ] updating countdown to 16637
[11:15:07.848] [SEVERE ] updating countdown to 16626
[11:15:07.859] [SEVERE ] updating countdown to 16615
[11:15:07.870] [SEVERE ] updating countdown to 16604
[11:15:07.881] [SEVERE ] updating countdown to 16593
[11:15:07.892] [SEVERE ] updating countdown to 16582
[11:15:07.903] [SEVERE ] updating countdown to 16571
[11:15:07.914] [SEVERE ] updating countdown to 16560
[11:15:07.924] [SEVERE ] updating countdown to 16550
[11:15:07.935] [SEVERE ] updating countdown to 16539
[11:15:07.946] [SEVERE ] updating countdown to 16528
[11:15:07.957] [SEVERE ] updating countdown to 16517
[11:15:07.968] [SEVERE ] updating countdown to 16506
[11:15:07.979] [SEVERE ] updating countdown to 16495
[11:15:07.990] [SEVERE ] updating countdown to 16484
[11:15:08.001] [SEVERE ] updating countdown to 16473
[11:15:08.012] [SEVERE ] updating countdown to 16462
[11:15:08.023] [SEVERE ] updating countdown to 16451
[11:15:08.034] [SEVERE ] updating countdown to 16440
[11:15:08.045] [SEVERE ] updating countdown to 16429
[11:15:08.056] [SEVERE ] updating countdown to 16418
[11:15:08.067] [SEVERE ] updating countdown to 16407
[11:15:08.078] [SEVERE ] updating countdown to 16396
[11:15:08.089] [SEVERE ] updating countdown to 16385
[11:15:08.163] [SEVERE ] updating countdown to 16311
[11:15:08.174] [SEVERE ] updating countdown to 16300
[11:15:08.185] [SEVERE ] updating countdown to 16289
[11:15:08.196] [SEVERE ] updating countdown to 16278
[11:15:08.207] [SEVERE ] updating countdown to 16267
[11:15:08.218] [SEVERE ] updating countdown to 16256
[11:15:08.229] [SEVERE ] updating countdown to 16245
[11:15:08.240] [SEVERE ] updating countdown to 16234
[11:15:08.251] [SEVERE ] updating countdown to 16223
[11:15:08.262] [SEVERE ] updating countdown to 16212
[11:15:08.273] [SEVERE ] updating countdown to 16201
[11:15:08.284] [SEVERE ] updating countdown to 16190
[11:15:08.295] [SEVERE ] updating countdown to 16179
[11:15:08.305] [SEVERE ] updating countdown to 16169
[11:15:08.316] [SEVERE ] updating countdown to 16158
[11:15:08.327] [SEVERE ] updating countdown to 16147
[11:15:08.338] [SEVERE ] updating countdown to 16136
[11:15:08.349] [SEVERE ] updating countdown to 16125
[11:15:08.360] [SEVERE ] updating countdown to 16114
[11:15:08.371] [SEVERE ] updating countdown to 16103
[11:15:08.382] [SEVERE ] updating countdown to 16092
[11:15:08.393] [SEVERE ] updating countdown to 16081
[11:15:08.404] [SEVERE ] updating countdown to 16070
[11:15:08.415] [SEVERE ] updating countdown to 16059
[11:15:08.426] [SEVERE ] updating countdown to 16048
[11:15:08.437] [SEVERE ] updating countdown to 16037
[11:15:08.448] [SEVERE ] updating countdown to 16026
[11:15:08.459] [SEVERE ] updating countdown to 16015
[11:15:08.470] [SEVERE ] updating countdown to 16004
[11:15:08.481] [SEVERE ] updating countdown to 15993
[11:15:08.492] [SEVERE ] updating countdown to 15982
[11:15:08.503] [SEVERE ] updating countdown to 15971
[11:15:08.514] [SEVERE ] updating countdown to 15960
[11:15:08.525] [SEVERE ] updating countdown to 15949
[11:15:08.536] [SEVERE ] updating countdown to 15938
[11:15:08.547] [SEVERE ] updating countdown to 15927
[11:15:08.558] [SEVERE ] updating countdown to 15916
[11:15:08.569] [SEVERE ] updating countdown to 15905
[11:15:08.580] [SEVERE ] updating countdown to 15894
[11:15:08.591] [SEVERE ] updating countdown to 15883
[11:15:08.602] [SEVERE ] updating countdown to 15872
[11:15:08.613] [SEVERE ] updating countdown to 15861
[11:15:08.624] [SEVERE ] updating countdown to 15850
[11:15:08.635] [SEVERE ] updating countdown to 15839
[11:15:08.646] [SEVERE ] updating countdown to 15828
[11:15:08.657] [SEVERE ] updating countdown to 15817
[11:15:08.668] [SEVERE ] updating countdown to 15806
[11:15:08.678] [SEVERE ] updating countdown to 15796
[11:15:08.689] [SEVERE ] updating countdown to 15785
[11:15:08.700] [SEVERE ] updating countdown to 15774
[11:15:08.711] [SEVERE ] updating countdown to 15763
[11:15:08.722] [SEVERE ] updating countdown to 15752
[11:15:08.733] [SEVERE ] updating countdown to 15741
[11:15:08.744] [SEVERE ] updating countdown to 15730
[11:15:08.755] [SEVERE ] updating countdown to 15719
[11:15:08.766] [SEVERE ] updating countdown to 15708
[11:15:08.777] [SEVERE ] updating countdown to 15697
[11:15:08.788] [SEVERE ] updating countdown to 15686
[11:15:08.799] [SEVERE ] updating countdown to 15675
[11:15:08.810] [SEVERE ] updating countdown to 15664
[11:15:08.821] [SEVERE ] updating countdown to 15653
[11:15:08.832] [SEVERE ] updating countdown to 15642
[11:15:08.843] [SEVERE ] updating countdown to 15631
[11:15:08.854] [SEVERE ] updating countdown to 15620
[11:15:08.865] [SEVERE ] updating countdown to 15609
[11:15:08.876] [SEVERE ] updating countdown to 15598
[11:15:08.887] [SEVERE ] updating countdown to 15587
[11:15:08.898] [SEVERE ] updating countdown to 15576
[11:15:08.909] [SEVERE ] updating countdown to 15565
[11:15:08.920] [SEVERE ] updating countdown to 15554
[11:15:08.931] [SEVERE ] updating countdown to 15543
[11:15:08.942] [SEVERE ] updating countdown to 15532
[11:15:08.953] [SEVERE ] updating countdown to 15521
[11:15:08.964] [SEVERE ] updating countdown to 15510
[11:15:08.975] [SEVERE ] updating countdown to 15499
[11:15:08.986] [SEVERE ] updating countdown to 15488
[11:15:08.997] [SEVERE ] updating countdown to 15477
[11:15:09.008] [SEVERE ] updating countdown to 15466
[11:15:09.019] [SEVERE ] updating countdown to 15455
[11:15:09.030] [SEVERE ] updating countdown to 15444
[11:15:09.041] [SEVERE ] updating countdown to 15433
[11:15:09.051] [SEVERE ] updating countdown to 15423
[11:15:09.062] [SEVERE ] updating countdown to 15412
[11:15:09.073] [SEVERE ] updating countdown to 15401
[11:15:09.084] [SEVERE ] updating countdown to 15390
[11:15:09.095] [SEVERE ] updating countdown to 15379
[11:15:09.106] [SEVERE ] updating countdown to 15368
[11:15:09.117] [SEVERE ] updating countdown to 15357
[11:15:09.128] [SEVERE ] updating countdown to 15346
[11:15:09.139] [SEVERE ] updating countdown to 15335
[11:15:09.150] [SEVERE ] updating countdown to 15324
[11:15:09.161] [SEVERE ] updating countdown to 15313
[11:15:09.172] [SEVERE ] updating countdown to 15302
[11:15:09.183] [SEVERE ] updating countdown to 15291
[11:15:09.194] [SEVERE ] updating countdown to 15280
[11:15:09.205] [SEVERE ] updating countdown to 15269
[11:15:09.216] [SEVERE ] updating countdown to 15258
[11:15:09.227] [SEVERE ] updating countdown to 15247
[11:15:09.238] [SEVERE ] updating countdown to 15236
[11:15:09.249] [SEVERE ] updating countdown to 15225
[11:15:09.260] [SEVERE ] updating countdown to 15214
[11:15:09.271] [SEVERE ] updating countdown to 15203
[11:15:09.282] [SEVERE ] updating countdown to 15192
[11:15:09.293] [SEVERE ] updating countdown to 15181
[11:15:09.304] [SEVERE ] updating countdown to 15170
[11:15:09.315] [SEVERE ] updating countdown to 15159
[11:15:09.326] [SEVERE ] updating countdown to 15148
[11:15:09.337] [SEVERE ] updating countdown to 15137
[11:15:09.348] [SEVERE ] updating countdown to 15126
[11:15:09.359] [SEVERE ] updating countdown to 15115
[11:15:09.370] [SEVERE ] updating countdown to 15104
[11:15:09.381] [SEVERE ] updating countdown to 15093
[11:15:09.392] [SEVERE ] updating countdown to 15082
[11:15:09.403] [SEVERE ] updating countdown to 15071
[11:15:09.414] [SEVERE ] updating countdown to 15060
[11:15:09.424] [SEVERE ] updating countdown to 15050
[11:15:09.435] [SEVERE ] updating countdown to 15039
[11:15:09.446] [SEVERE ] updating countdown to 15028
[11:15:09.457] [SEVERE ] updating countdown to 15017
[11:15:09.468] [SEVERE ] updating countdown to 15006
[11:15:09.479] [SEVERE ] updating countdown to 14995
[11:15:09.490] [SEVERE ] updating countdown to 14984
[11:15:09.501] [SEVERE ] updating countdown to 14973
[11:15:09.512] [SEVERE ] updating countdown to 14962
[11:15:09.523] [SEVERE ] updating countdown to 14951
[11:15:09.534] [SEVERE ] updating countdown to 14940
[11:15:09.545] [SEVERE ] updating countdown to 14929
[11:15:09.556] [SEVERE ] updating countdown to 14918
[11:15:09.567] [SEVERE ] updating countdown to 14907
[11:15:09.578] [SEVERE ] updating countdown to 14896
[11:15:09.589] [SEVERE ] updating countdown to 14885
[11:15:09.600] [SEVERE ] updating countdown to 14874
[11:15:09.611] [SEVERE ] updating countdown to 14863
[11:15:09.622] [SEVERE ] updating countdown to 14852
[11:15:09.633] [SEVERE ] updating countdown to 14841
[11:15:09.644] [SEVERE ] updating countdown to 14830
[11:15:09.655] [SEVERE ] updating countdown to 14819
[11:15:09.666] [SEVERE ] updating countdown to 14808
[11:15:09.677] [SEVERE ] updating countdown to 14797
[11:15:09.688] [SEVERE ] updating countdown to 14786
[11:15:09.699] [SEVERE ] updating countdown to 14775
[11:15:09.710] [SEVERE ] updating countdown to 14764
[11:15:09.721] [SEVERE ] updating countdown to 14753
[11:15:09.732] [SEVERE ] updating countdown to 14742
[11:15:09.743] [SEVERE ] updating countdown to 14731
[11:15:09.754] [SEVERE ] updating countdown to 14720
[11:15:09.765] [SEVERE ] updating countdown to 14709
[11:15:09.776] [SEVERE ] updating countdown to 14698
[11:15:09.787] [SEVERE ] updating countdown to 14687
[11:15:09.797] [SEVERE ] updating countdown to 14677
[11:15:09.808] [SEVERE ] updating countdown to 14666
[11:15:09.819] [SEVERE ] updating countdown to 14655
[11:15:09.830] [SEVERE ] updating countdown to 14644
[11:15:09.841] [SEVERE ] updating countdown to 14633
[11:15:09.852] [SEVERE ] updating countdown to 14622
[11:15:09.863] [SEVERE ] updating countdown to 14611
[11:15:09.874] [SEVERE ] updating countdown to 14600
[11:15:09.885] [SEVERE ] updating countdown to 14589
[11:15:09.896] [SEVERE ] updating countdown to 14578
[11:15:09.907] [SEVERE ] updating countdown to 14567
[11:15:09.918] [SEVERE ] updating countdown to 14556
[11:15:09.929] [SEVERE ] updating countdown to 14545
[11:15:09.940] [SEVERE ] updating countdown to 14534
[11:15:09.951] [SEVERE ] updating countdown to 14523
[11:15:09.962] [SEVERE ] updating countdown to 14512
[11:15:09.973] [SEVERE ] updating countdown to 14501
[11:15:09.984] [SEVERE ] updating countdown to 14490
[11:15:09.995] [SEVERE ] updating countdown to 14479
[11:15:10.006] [SEVERE ] updating countdown to 14468
[11:15:10.017] [SEVERE ] updating countdown to 14457
[11:15:10.028] [SEVERE ] updating countdown to 14446
[11:15:10.039] [SEVERE ] updating countdown to 14435
[11:15:10.050] [SEVERE ] updating countdown to 14424
[11:15:10.061] [SEVERE ] updating countdown to 14413
[11:15:10.072] [SEVERE ] updating countdown to 14402
[11:15:10.083] [SEVERE ] updating countdown to 14391
[11:15:10.094] [SEVERE ] updating countdown to 14380
[11:15:10.105] [SEVERE ] updating countdown to 14369
[11:15:10.116] [SEVERE ] updating countdown to 14358
[11:15:10.127] [SEVERE ] updating countdown to 14347
[11:15:10.138] [SEVERE ] updating countdown to 14336
[11:15:10.149] [SEVERE ] updating countdown to 14325
[11:15:10.160] [SEVERE ] updating countdown to 14314
[11:15:10.257] [SEVERE ] updating countdown to 14217
[11:15:10.268] [SEVERE ] updating countdown to 14206
[11:15:10.279] [SEVERE ] updating countdown to 14195
[11:15:10.290] [SEVERE ] updating countdown to 14184
[11:15:10.301] [SEVERE ] updating countdown to 14173
[11:15:10.312] [SEVERE ] updating countdown to 14162
[11:15:10.323] [SEVERE ] updating countdown to 14151
[11:15:10.334] [SEVERE ] updating countdown to 14140
[11:15:10.345] [SEVERE ] updating countdown to 14129
[11:15:10.356] [SEVERE ] updating countdown to 14118
[11:15:10.367] [SEVERE ] updating countdown to 14107
[11:15:10.378] [SEVERE ] updating countdown to 14096
[11:15:10.389] [SEVERE ] updating countdown to 14085
[11:15:10.400] [SEVERE ] updating countdown to 14074
[11:15:10.411] [SEVERE ] updating countdown to 14063
[11:15:10.422] [SEVERE ] updating countdown to 14052
[11:15:10.433] [SEVERE ] updating countdown to 14041
[11:15:10.444] [SEVERE ] updating countdown to 14030
[11:15:10.455] [SEVERE ] updating countdown to 14019
[11:15:10.466] [SEVERE ] updating countdown to 14008
[11:15:10.477] [SEVERE ] updating countdown to 13997
[11:15:10.488] [SEVERE ] updating countdown to 13986
[11:15:10.499] [SEVERE ] updating countdown to 13975
[11:15:10.510] [SEVERE ] updating countdown to 13964
[11:15:10.521] [SEVERE ] updating countdown to 13953
[11:15:10.532] [SEVERE ] updating countdown to 13942
[11:15:10.542] [SEVERE ] updating countdown to 13932
[11:15:10.553] [SEVERE ] updating countdown to 13921
[11:15:10.564] [SEVERE ] updating countdown to 13910
[11:15:10.575] [SEVERE ] updating countdown to 13899
[11:15:10.586] [SEVERE ] updating countdown to 13888
[11:15:10.597] [SEVERE ] updating countdown to 13877
[11:15:10.608] [SEVERE ] updating countdown to 13866
[11:15:10.619] [SEVERE ] updating countdown to 13855
[11:15:10.630] [SEVERE ] updating countdown to 13844
[11:15:10.641] [SEVERE ] updating countdown to 13833
[11:15:10.652] [SEVERE ] updating countdown to 13822
[11:15:10.663] [SEVERE ] updating countdown to 13811
[11:15:10.674] [SEVERE ] updating countdown to 13800
[11:15:10.685] [SEVERE ] updating countdown to 13789
[11:15:10.696] [SEVERE ] updating countdown to 13778
[11:15:10.707] [SEVERE ] updating countdown to 13767
[11:15:10.718] [SEVERE ] updating countdown to 13756
[11:15:10.729] [SEVERE ] updating countdown to 13745
[11:15:10.740] [SEVERE ] updating countdown to 13734
[11:15:10.751] [SEVERE ] updating countdown to 13723
[11:15:10.762] [SEVERE ] updating countdown to 13712
[11:15:10.773] [SEVERE ] updating countdown to 13701
[11:15:10.784] [SEVERE ] updating countdown to 13690
[11:15:10.795] [SEVERE ] updating countdown to 13679
[11:15:10.806] [SEVERE ] updating countdown to 13668
[11:15:10.817] [SEVERE ] updating countdown to 13657
[11:15:10.828] [SEVERE ] updating countdown to 13646
[11:15:10.839] [SEVERE ] updating countdown to 13635
[11:15:10.850] [SEVERE ] updating countdown to 13624
[11:15:10.861] [SEVERE ] updating countdown to 13613
[11:15:10.872] [SEVERE ] updating countdown to 13602
[11:15:10.883] [SEVERE ] updating countdown to 13591
[11:15:10.894] [SEVERE ] updating countdown to 13580
[11:15:10.905] [SEVERE ] updating countdown to 13569
[11:15:10.915] [SEVERE ] updating countdown to 13559
[11:15:10.926] [SEVERE ] updating countdown to 13548
[11:15:10.937] [SEVERE ] updating countdown to 13537
[11:15:10.948] [SEVERE ] updating countdown to 13526
[11:15:10.959] [SEVERE ] updating countdown to 13515
[11:15:10.970] [SEVERE ] updating countdown to 13504
[11:15:10.981] [SEVERE ] updating countdown to 13493
[11:15:10.992] [SEVERE ] updating countdown to 13482
[11:15:11.003] [SEVERE ] updating countdown to 13471
[11:15:11.014] [SEVERE ] updating countdown to 13460
[11:15:11.025] [SEVERE ] updating countdown to 13449
[11:15:11.036] [SEVERE ] updating countdown to 13438
[11:15:11.047] [SEVERE ] updating countdown to 13427
[11:15:11.058] [SEVERE ] updating countdown to 13416
[11:15:11.069] [SEVERE ] updating countdown to 13405
[11:15:11.080] [SEVERE ] updating countdown to 13394
[11:15:11.091] [SEVERE ] updating countdown to 13383
[11:15:11.102] [SEVERE ] updating countdown to 13372
[11:15:11.113] [SEVERE ] updating countdown to 13361
[11:15:11.124] [SEVERE ] updating countdown to 13350
[11:15:11.135] [SEVERE ] updating countdown to 13339
[11:15:11.146] [SEVERE ] updating countdown to 13328
[11:15:11.157] [SEVERE ] updating countdown to 13317
[11:15:11.168] [SEVERE ] updating countdown to 13306
[11:15:11.179] [SEVERE ] updating countdown to 13295
[11:15:11.190] [SEVERE ] updating countdown to 13284
[11:15:11.201] [SEVERE ] updating countdown to 13273
[11:15:11.212] [SEVERE ] updating countdown to 13262
[11:15:11.223] [SEVERE ] updating countdown to 13251
[11:15:11.234] [SEVERE ] updating countdown to 13240
[11:15:11.245] [SEVERE ] updating countdown to 13229
[11:15:11.256] [SEVERE ] updating countdown to 13218
[11:15:11.273] [SEVERE ] updating countdown to 13201
[11:15:11.284] [SEVERE ] updating countdown to 13190
[11:15:11.294] [SEVERE ] updating countdown to 13180
[11:15:11.305] [SEVERE ] updating countdown to 13169
[11:15:11.316] [SEVERE ] updating countdown to 13158
[11:15:11.327] [SEVERE ] updating countdown to 13147
[11:15:11.338] [SEVERE ] updating countdown to 13136
[11:15:11.349] [SEVERE ] updating countdown to 13125
[11:15:11.360] [SEVERE ] updating countdown to 13114
[11:15:11.371] [SEVERE ] updating countdown to 13103
[11:15:11.382] [SEVERE ] updating countdown to 13092
[11:15:11.393] [SEVERE ] updating countdown to 13081
[11:15:11.404] [SEVERE ] updating countdown to 13070
[11:15:11.415] [SEVERE ] updating countdown to 13059
[11:15:11.426] [SEVERE ] updating countdown to 13048
[11:15:11.437] [SEVERE ] updating countdown to 13037
[11:15:11.448] [SEVERE ] updating countdown to 13026
[11:15:11.459] [SEVERE ] updating countdown to 13015
[11:15:11.470] [SEVERE ] updating countdown to 13004
[11:15:11.481] [SEVERE ] updating countdown to 12993
[11:15:11.492] [SEVERE ] updating countdown to 12982
[11:15:11.503] [SEVERE ] updating countdown to 12971
[11:15:11.514] [SEVERE ] updating countdown to 12960
[11:15:11.525] [SEVERE ] updating countdown to 12949
[11:15:11.536] [SEVERE ] updating countdown to 12938
[11:15:11.547] [SEVERE ] updating countdown to 12927
[11:15:11.558] [SEVERE ] updating countdown to 12916
[11:15:11.569] [SEVERE ] updating countdown to 12905
[11:15:11.580] [SEVERE ] updating countdown to 12894
[11:15:11.591] [SEVERE ] updating countdown to 12883
[11:15:11.602] [SEVERE ] updating countdown to 12872
[11:15:11.613] [SEVERE ] updating countdown to 12861
[11:15:11.624] [SEVERE ] updating countdown to 12850
[11:15:11.635] [SEVERE ] updating countdown to 12839
[11:15:11.646] [SEVERE ] updating countdown to 12828
[11:15:11.657] [SEVERE ] updating countdown to 12817
[11:15:11.667] [SEVERE ] updating countdown to 12807
[11:15:11.678] [SEVERE ] updating countdown to 12796
[11:15:11.689] [SEVERE ] updating countdown to 12785
[11:15:11.700] [SEVERE ] updating countdown to 12774
[11:15:11.711] [SEVERE ] updating countdown to 12763
[11:15:11.722] [SEVERE ] updating countdown to 12752
[11:15:11.733] [SEVERE ] updating countdown to 12741
[11:15:11.744] [SEVERE ] updating countdown to 12730
[11:15:11.755] [SEVERE ] updating countdown to 12719
[11:15:11.766] [SEVERE ] updating countdown to 12708
[11:15:11.777] [SEVERE ] updating countdown to 12697
[11:15:11.788] [SEVERE ] updating countdown to 12686
[11:15:11.799] [SEVERE ] updating countdown to 12675
[11:15:11.810] [SEVERE ] updating countdown to 12664
[11:15:11.821] [SEVERE ] updating countdown to 12653
[11:15:11.832] [SEVERE ] updating countdown to 12642
[11:15:11.843] [SEVERE ] updating countdown to 12631
[11:15:11.854] [SEVERE ] updating countdown to 12620
[11:15:11.865] [SEVERE ] updating countdown to 12609
[11:15:11.876] [SEVERE ] updating countdown to 12598
[11:15:11.887] [SEVERE ] updating countdown to 12587
[11:15:11.898] [SEVERE ] updating countdown to 12576
[11:15:11.909] [SEVERE ] updating countdown to 12565
[11:15:11.920] [SEVERE ] updating countdown to 12554
[11:15:11.931] [SEVERE ] updating countdown to 12543
[11:15:11.942] [SEVERE ] updating countdown to 12532
[11:15:11.953] [SEVERE ] updating countdown to 12521
[11:15:11.964] [SEVERE ] updating countdown to 12510
[11:15:11.975] [SEVERE ] updating countdown to 12499
[11:15:11.986] [SEVERE ] updating countdown to 12488
[11:15:11.997] [SEVERE ] updating countdown to 12477
[11:15:12.008] [SEVERE ] updating countdown to 12466
[11:15:12.019] [SEVERE ] updating countdown to 12455
[11:15:12.030] [SEVERE ] updating countdown to 12444
[11:15:12.040] [SEVERE ] updating countdown to 12434
[11:15:12.051] [SEVERE ] updating countdown to 12423
[11:15:12.062] [SEVERE ] updating countdown to 12412
[11:15:12.073] [SEVERE ] updating countdown to 12401
[11:15:12.084] [SEVERE ] updating countdown to 12390
[11:15:12.095] [SEVERE ] updating countdown to 12379
[11:15:12.106] [SEVERE ] updating countdown to 12368
[11:15:12.117] [SEVERE ] updating countdown to 12357
[11:15:12.128] [SEVERE ] updating countdown to 12346
[11:15:12.139] [SEVERE ] updating countdown to 12335
[11:15:12.150] [SEVERE ] updating countdown to 12324
[11:15:12.161] [SEVERE ] updating countdown to 12313
[11:15:12.172] [SEVERE ] updating countdown to 12302
[11:15:12.183] [SEVERE ] updating countdown to 12291
[11:15:12.194] [SEVERE ] updating countdown to 12280
[11:15:12.205] [SEVERE ] updating countdown to 12269
[11:15:12.216] [SEVERE ] updating countdown to 12258
[11:15:12.227] [SEVERE ] updating countdown to 12247
[11:15:12.238] [SEVERE ] updating countdown to 12236
[11:15:12.249] [SEVERE ] updating countdown to 12225
[11:15:12.260] [SEVERE ] updating countdown to 12214
[11:15:12.271] [SEVERE ] updating countdown to 12203
[11:15:12.289] [SEVERE ] updating countdown to 12185
[11:15:12.300] [SEVERE ] updating countdown to 12174
[11:15:12.308] [SEVERE ] exit button pressed
[11:15:12.311] [SEVERE ] updating countdown to 12163
[11:15:12.311] [SEVERE ] updating countdown to 30000
[11:15:12.311] [SEVERE ] updating countdown to 30000
[11:15:12.312] [SEVERE ] announcing winner(s): player 2, player 4
[11:15:12.313] [INFO   ] Thread dealer terminated.
[11:15:12.313] [INFO   ] thread dealer terminated.
[11:15:12.313] [SEVERE ] thanks for playing... it was fun!
[11:15:12.313] [INFO   ] thread main terminated.
[11:15:12.334] [INFO   ] Thread computer-3 terminated.
[11:15:12.334] [INFO   ] Thread Player 3 terminated.
[11:15:12.620] [INFO   ] Thread computer-2 terminated.
[11:15:12.620] [INFO   ] Thread Player 2 terminated.
[11:15:13.120] [INFO   ] Thread computer-1 terminated.
[11:15:13.120] [INFO   ] Thread Player 1 terminated.
[11:15:13.192] [INFO   ] Thread computer-0 terminated.
[11:15:13.192] [INFO   ] Thread Player 0 terminated.
