[00:24:19.709] [INFO   ] thread main starting.
[00:24:19.724] [SEVERE ] cannot read configuration file config.properties trying from resources.
[00:24:19.727] [SEVERE ] configuration file was loaded from resources directory.
[00:24:20.553] [INFO   ] thread dealer starting.
[00:24:20.556] [INFO   ] Thread dealer starting.
[00:24:20.568] [INFO   ] Thread Player 1 starting.
[00:24:20.575] [INFO   ] Thread Player 2 starting.
[00:24:20.576] [INFO   ] Thread Player 3 starting.
[00:24:20.577] [INFO   ] Thread Player 0 starting.
[00:24:20.578] [INFO   ] Thread computer-2 starting.
[00:24:20.588] [INFO   ] Thread computer-1 starting.
[00:24:20.591] [INFO   ] Thread computer-3 starting.
[00:24:20.591] [INFO   ] Thread computer-0 starting.
[00:24:20.680] [SEVERE ] placing card 78 in slot 9
[00:24:20.788] [SEVERE ] placing card 51 in slot 10
[00:24:20.894] [SEVERE ] placing card 42 in slot 11
[00:24:21.001] [SEVERE ] placing card 16 in slot 8
[00:24:21.108] [SEVERE ] placing card 73 in slot 7
[00:24:21.216] [SEVERE ] placing card 46 in slot 1
[00:24:21.323] [SEVERE ] placing card 17 in slot 5
[00:24:21.433] [SEVERE ] placing card 38 in slot 3
[00:24:21.542] [SEVERE ] placing card 12 in slot 2
[00:24:21.650] [SEVERE ] placing card 29 in slot 0
[00:24:21.760] [SEVERE ] placing card 45 in slot 6
[00:24:21.868] [SEVERE ] placing card 60 in slot 4
