[11:15:26.148] [INFO   ] thread main starting.
[11:15:26.158] [SEVERE ] cannot read configuration file config.properties trying from resources.
[11:15:26.163] [SEVERE ] configuration file was loaded from resources directory.
[11:15:26.920] [INFO   ] thread dealer starting.
[11:15:26.921] [INFO   ] Thread dealer starting.
[11:15:26.927] [INFO   ] Thread Player 0 starting.
[11:15:26.929] [INFO   ] Thread Player 2 starting.
[11:15:26.930] [INFO   ] Thread Player 3 starting.
[11:15:26.932] [INFO   ] Thread Player 1 starting.
[11:15:26.952] [INFO   ] Thread computer-3 starting.
[11:15:26.953] [INFO   ] Thread computer-2 starting.
[11:15:26.954] [INFO   ] Thread computer-0 starting.
[11:15:26.954] [INFO   ] Thread computer-1 starting.
[11:15:27.047] [SEVERE ] placing card 42 in slot 1
[11:15:27.157] [SEVERE ] placing card 55 in slot 2
[11:15:27.266] [SEVERE ] placing card 59 in slot 10
[11:15:27.378] [SEVERE ] placing card 78 in slot 8
[11:15:27.486] [SEVERE ] placing card 71 in slot 5
[11:15:27.593] [SEVERE ] placing card 54 in slot 3
[11:15:27.701] [SEVERE ] placing card 40 in slot 6
[11:15:27.810] [SEVERE ] placing card 60 in slot 0
[11:15:27.919] [SEVERE ] placing card 52 in slot 11
[11:15:28.028] [SEVERE ] placing card 10 in slot 9
[11:15:28.139] [SEVERE ] placing card 57 in slot 7
[11:15:28.248] [SEVERE ] placing card 23 in slot 4
[11:15:28.272] [SEVERE ] player 2 placing token on slot 2
[11:15:28.272] [SEVERE ] player 1 placing token on slot 10
[11:15:28.274] [SEVERE ] player 3 placing token on slot 0
[11:15:28.274] [SEVERE ] player 4 placing token on slot 0
[11:15:28.283] [SEVERE ] updating countdown to 29989
[11:15:28.294] [SEVERE ] updating countdown to 29978
[11:15:28.305] [SEVERE ] updating countdown to 29967
[11:15:28.317] [SEVERE ] updating countdown to 29955
[11:15:28.328] [SEVERE ] updating countdown to 29944
[11:15:28.339] [SEVERE ] updating countdown to 29933
[11:15:28.350] [SEVERE ] updating countdown to 29922
[11:15:28.361] [SEVERE ] updating countdown to 29911
[11:15:28.372] [SEVERE ] updating countdown to 29900
[11:15:28.385] [SEVERE ] updating countdown to 29887
[11:15:28.396] [SEVERE ] updating countdown to 29876
[11:15:28.408] [SEVERE ] updating countdown to 29864
[11:15:28.419] [SEVERE ] updating countdown to 29853
[11:15:28.430] [SEVERE ] updating countdown to 29842
[11:15:28.441] [SEVERE ] updating countdown to 29831
[11:15:28.452] [SEVERE ] updating countdown to 29820
[11:15:28.463] [SEVERE ] updating countdown to 29809
[11:15:28.474] [SEVERE ] updating countdown to 29798
[11:15:28.485] [SEVERE ] updating countdown to 29787
[11:15:28.496] [SEVERE ] updating countdown to 29776
[11:15:28.507] [SEVERE ] updating countdown to 29765
[11:15:28.519] [SEVERE ] updating countdown to 29753
[11:15:28.530] [SEVERE ] updating countdown to 29742
[11:15:28.541] [SEVERE ] updating countdown to 29731
[11:15:28.548] [SEVERE ] player 4 placing token on slot 2
[11:15:28.552] [SEVERE ] updating countdown to 29720
[11:15:28.553] [SEVERE ] player 3 placing token on slot 2
[11:15:28.557] [SEVERE ] removing player 2 token from slot 2
[11:15:28.560] [SEVERE ] player 1 placing token on slot 0
[11:15:28.563] [SEVERE ] updating countdown to 29709
[11:15:28.574] [SEVERE ] updating countdown to 29698
[11:15:28.585] [SEVERE ] updating countdown to 29687
[11:15:28.596] [SEVERE ] updating countdown to 29676
[11:15:28.607] [SEVERE ] updating countdown to 29665
[11:15:28.618] [SEVERE ] updating countdown to 29654
[11:15:28.629] [SEVERE ] updating countdown to 29643
[11:15:28.640] [SEVERE ] updating countdown to 29632
[11:15:28.651] [SEVERE ] updating countdown to 29621
[11:15:28.662] [SEVERE ] updating countdown to 29610
[11:15:28.673] [SEVERE ] updating countdown to 29599
[11:15:28.683] [SEVERE ] updating countdown to 29589
[11:15:28.694] [SEVERE ] updating countdown to 29578
[11:15:28.705] [SEVERE ] updating countdown to 29567
[11:15:28.718] [SEVERE ] updating countdown to 29554
[11:15:28.729] [SEVERE ] updating countdown to 29543
[11:15:28.741] [SEVERE ] updating countdown to 29531
[11:15:28.752] [SEVERE ] updating countdown to 29520
[11:15:28.763] [SEVERE ] updating countdown to 29509
[11:15:28.774] [SEVERE ] updating countdown to 29498
[11:15:28.785] [SEVERE ] updating countdown to 29487
[11:15:28.796] [SEVERE ] updating countdown to 29476
[11:15:28.807] [SEVERE ] updating countdown to 29465
[11:15:28.818] [SEVERE ] updating countdown to 29454
[11:15:28.829] [SEVERE ] updating countdown to 29443
[11:15:28.837] [SEVERE ] player 4 placing token on slot 10
[11:15:28.837] [SEVERE ] setting player 4 freeze to 0
[11:15:28.839] [SEVERE ] setting player 4 score to 1
[11:15:28.840] [SEVERE ] removing player 4 token from slot 0
[11:15:28.840] [SEVERE ] removing player 4 token from slot 2
[11:15:28.840] [SEVERE ] removing player 4 token from slot 10
[11:15:28.840] [SEVERE ] removing player 3 token from slot 2
[11:15:28.846] [SEVERE ] player 2 placing token on slot 0
[11:15:28.848] [SEVERE ] removing player 1 token from slot 10
[11:15:28.849] [SEVERE ] setting player 4 freeze to 0
[11:15:28.944] [SEVERE ] removing tokens from slot 0
[11:15:28.944] [SEVERE ] removing card from slot 0
[11:15:29.046] [SEVERE ] removing tokens from slot 2
[11:15:29.046] [SEVERE ] removing card from slot 2
[11:15:29.125] [SEVERE ] player 4 placing token on slot 7
[11:15:29.127] [SEVERE ] player 3 placing token on slot 4
[11:15:29.133] [SEVERE ] player 2 placing token on slot 7
[11:15:29.135] [SEVERE ] player 1 placing token on slot 7
[11:15:29.149] [SEVERE ] removing tokens from slot 10
[11:15:29.149] [SEVERE ] removing card from slot 10
[11:15:29.252] [SEVERE ] placing card 47 in slot 10
[11:15:29.354] [SEVERE ] placing card 14 in slot 2
[11:15:29.415] [SEVERE ] player 4 placing token on slot 2
[11:15:29.416] [SEVERE ] player 3 placing token on slot 11
[11:15:29.423] [SEVERE ] player 2 placing token on slot 11
[11:15:29.424] [SEVERE ] player 1 placing token on slot 3
[11:15:29.456] [SEVERE ] placing card 36 in slot 0
[11:15:29.456] [SEVERE ] updating countdown to 28816
[11:15:29.468] [SEVERE ] updating countdown to 28804
[11:15:29.479] [SEVERE ] updating countdown to 28793
[11:15:29.490] [SEVERE ] updating countdown to 28782
[11:15:29.502] [SEVERE ] updating countdown to 28770
[11:15:29.513] [SEVERE ] updating countdown to 28759
[11:15:29.524] [SEVERE ] updating countdown to 28748
[11:15:29.535] [SEVERE ] updating countdown to 28737
[11:15:29.546] [SEVERE ] updating countdown to 28726
[11:15:29.558] [SEVERE ] updating countdown to 28714
[11:15:29.569] [SEVERE ] updating countdown to 28703
[11:15:29.580] [SEVERE ] updating countdown to 28692
[11:15:29.591] [SEVERE ] updating countdown to 28681
[11:15:29.602] [SEVERE ] updating countdown to 28670
[11:15:29.613] [SEVERE ] updating countdown to 28659
[11:15:29.624] [SEVERE ] updating countdown to 28648
[11:15:29.635] [SEVERE ] updating countdown to 28637
[11:15:29.646] [SEVERE ] updating countdown to 28626
[11:15:29.656] [SEVERE ] updating countdown to 28616
[11:15:29.667] [SEVERE ] updating countdown to 28605
[11:15:29.678] [SEVERE ] updating countdown to 28594
[11:15:29.689] [SEVERE ] updating countdown to 28583
[11:15:29.700] [SEVERE ] updating countdown to 28572
[11:15:29.702] [SEVERE ] removing player 4 token from slot 2
[11:15:29.704] [SEVERE ] removing player 3 token from slot 11
[11:15:29.710] [SEVERE ] player 2 placing token on slot 2
[11:15:29.710] [SEVERE ] setting player 2 freeze to 0
[11:15:29.711] [SEVERE ] updating countdown to 28561
[11:15:29.713] [SEVERE ] removing player 1 token from slot 3
[11:15:29.721] [SEVERE ] setting player 2 freeze to 990
[11:15:29.722] [SEVERE ] updating countdown to 28550
[11:15:29.733] [SEVERE ] setting player 2 freeze to 978
[11:15:29.734] [SEVERE ] updating countdown to 28538
[11:15:29.744] [SEVERE ] setting player 2 freeze to 967
[11:15:29.745] [SEVERE ] updating countdown to 28527
[11:15:29.755] [SEVERE ] setting player 2 freeze to 956
[11:15:29.756] [SEVERE ] updating countdown to 28516
[11:15:29.766] [SEVERE ] setting player 2 freeze to 945
[11:15:29.767] [SEVERE ] updating countdown to 28505
[11:15:29.777] [SEVERE ] setting player 2 freeze to 934
[11:15:29.781] [SEVERE ] updating countdown to 28491
[11:15:29.788] [SEVERE ] setting player 2 freeze to 923
[11:15:29.794] [SEVERE ] updating countdown to 28478
[11:15:29.799] [SEVERE ] setting player 2 freeze to 912
[11:15:29.805] [SEVERE ] updating countdown to 28467
[11:15:29.810] [SEVERE ] setting player 2 freeze to 901
[11:15:29.816] [SEVERE ] updating countdown to 28456
[11:15:29.821] [SEVERE ] setting player 2 freeze to 890
[11:15:29.827] [SEVERE ] updating countdown to 28445
[11:15:29.832] [SEVERE ] setting player 2 freeze to 879
[11:15:29.838] [SEVERE ] updating countdown to 28434
[11:15:29.843] [SEVERE ] setting player 2 freeze to 868
[11:15:29.849] [SEVERE ] updating countdown to 28423
[11:15:29.854] [SEVERE ] setting player 2 freeze to 857
[11:15:29.860] [SEVERE ] updating countdown to 28412
[11:15:29.865] [SEVERE ] setting player 2 freeze to 846
[11:15:29.871] [SEVERE ] updating countdown to 28401
[11:15:29.876] [SEVERE ] setting player 2 freeze to 835
[11:15:29.882] [SEVERE ] updating countdown to 28390
[11:15:29.887] [SEVERE ] setting player 2 freeze to 824
[11:15:29.893] [SEVERE ] updating countdown to 28379
[11:15:29.898] [SEVERE ] setting player 2 freeze to 813
[11:15:29.904] [SEVERE ] updating countdown to 28368
[11:15:29.909] [SEVERE ] setting player 2 freeze to 802
[11:15:29.915] [SEVERE ] updating countdown to 28357
[11:15:29.920] [SEVERE ] setting player 2 freeze to 791
[11:15:29.926] [SEVERE ] updating countdown to 28346
[11:15:29.931] [SEVERE ] setting player 2 freeze to 780
[11:15:29.937] [SEVERE ] updating countdown to 28335
[11:15:29.942] [SEVERE ] setting player 2 freeze to 769
[11:15:29.948] [SEVERE ] updating countdown to 28324
[11:15:29.953] [SEVERE ] setting player 2 freeze to 758
[11:15:29.959] [SEVERE ] updating countdown to 28313
[11:15:29.964] [SEVERE ] setting player 2 freeze to 747
[11:15:29.970] [SEVERE ] updating countdown to 28302
[11:15:29.975] [SEVERE ] setting player 2 freeze to 736
[11:15:29.981] [SEVERE ] updating countdown to 28291
[11:15:29.986] [SEVERE ] setting player 2 freeze to 725
[11:15:29.991] [SEVERE ] player 4 placing token on slot 2
[11:15:29.992] [SEVERE ] updating countdown to 28280
[11:15:29.995] [SEVERE ] player 3 placing token on slot 2
[11:15:29.997] [SEVERE ] setting player 2 freeze to 714
[11:15:30.000] [SEVERE ] player 1 placing token on slot 2
[11:15:30.004] [SEVERE ] updating countdown to 28268
[11:15:30.008] [SEVERE ] setting player 2 freeze to 703
[11:15:30.015] [SEVERE ] updating countdown to 28257
[11:15:30.019] [SEVERE ] setting player 2 freeze to 692
[11:15:30.026] [SEVERE ] updating countdown to 28246
[11:15:30.029] [SEVERE ] setting player 2 freeze to 682
[11:15:30.036] [SEVERE ] updating countdown to 28236
[11:15:30.040] [SEVERE ] setting player 2 freeze to 671
[11:15:30.047] [SEVERE ] updating countdown to 28225
[11:15:30.051] [SEVERE ] setting player 2 freeze to 660
[11:15:30.058] [SEVERE ] updating countdown to 28214
[11:15:30.062] [SEVERE ] setting player 2 freeze to 649
[11:15:30.069] [SEVERE ] updating countdown to 28203
[11:15:30.073] [SEVERE ] setting player 2 freeze to 638
[11:15:30.080] [SEVERE ] updating countdown to 28192
[11:15:30.084] [SEVERE ] setting player 2 freeze to 627
[11:15:30.091] [SEVERE ] updating countdown to 28181
[11:15:30.095] [SEVERE ] setting player 2 freeze to 616
[11:15:30.102] [SEVERE ] updating countdown to 28170
[11:15:30.106] [SEVERE ] setting player 2 freeze to 605
[11:15:30.113] [SEVERE ] updating countdown to 28159
[11:15:30.117] [SEVERE ] setting player 2 freeze to 594
[11:15:30.124] [SEVERE ] updating countdown to 28148
[11:15:30.128] [SEVERE ] setting player 2 freeze to 583
[11:15:30.135] [SEVERE ] updating countdown to 28137
[11:15:30.139] [SEVERE ] setting player 2 freeze to 572
[11:15:30.146] [SEVERE ] updating countdown to 28126
[11:15:30.150] [SEVERE ] setting player 2 freeze to 561
[11:15:30.157] [SEVERE ] updating countdown to 28115
[11:15:30.161] [SEVERE ] setting player 2 freeze to 550
[11:15:30.168] [SEVERE ] updating countdown to 28104
[11:15:30.172] [SEVERE ] setting player 2 freeze to 539
[11:15:30.179] [SEVERE ] updating countdown to 28093
[11:15:30.183] [SEVERE ] setting player 2 freeze to 528
[11:15:30.190] [SEVERE ] updating countdown to 28082
[11:15:30.194] [SEVERE ] setting player 2 freeze to 517
[11:15:30.201] [SEVERE ] updating countdown to 28071
[11:15:30.205] [SEVERE ] setting player 2 freeze to 506
[11:15:30.212] [SEVERE ] updating countdown to 28060
[11:15:30.216] [SEVERE ] setting player 2 freeze to 495
[11:15:30.223] [SEVERE ] updating countdown to 28049
[11:15:30.227] [SEVERE ] setting player 2 freeze to 484
[11:15:30.234] [SEVERE ] updating countdown to 28038
[11:15:30.238] [SEVERE ] setting player 2 freeze to 473
[11:15:30.245] [SEVERE ] updating countdown to 28027
[11:15:30.249] [SEVERE ] setting player 2 freeze to 462
[11:15:30.256] [SEVERE ] updating countdown to 28016
[11:15:30.260] [SEVERE ] setting player 2 freeze to 451
[11:15:30.267] [SEVERE ] updating countdown to 28005
[11:15:30.271] [SEVERE ] setting player 2 freeze to 440
[11:15:30.278] [SEVERE ] updating countdown to 27994
[11:15:30.279] [SEVERE ] removing player 4 token from slot 2
[11:15:30.281] [SEVERE ] player 3 placing token on slot 11
[11:15:30.281] [SEVERE ] setting player 3 freeze to 0
[11:15:30.282] [SEVERE ] setting player 2 freeze to 429
[11:15:30.288] [SEVERE ] player 1 placing token on slot 3
[11:15:30.289] [SEVERE ] updating countdown to 27983
[11:15:30.289] [SEVERE ] setting player 1 freeze to 0
[11:15:30.292] [SEVERE ] setting player 3 freeze to 997
[11:15:30.293] [SEVERE ] setting player 2 freeze to 418
[11:15:30.300] [SEVERE ] setting player 1 freeze to 0
[11:15:30.300] [SEVERE ] updating countdown to 27972
[11:15:30.303] [SEVERE ] setting player 3 freeze to 986
[11:15:30.304] [SEVERE ] setting player 2 freeze to 407
[11:15:30.311] [SEVERE ] setting player 1 freeze to 989
[11:15:30.311] [SEVERE ] updating countdown to 27961
[11:15:30.314] [SEVERE ] setting player 3 freeze to 975
[11:15:30.315] [SEVERE ] setting player 2 freeze to 396
[11:15:30.322] [SEVERE ] updating countdown to 27950
[11:15:30.322] [SEVERE ] setting player 1 freeze to 978
[11:15:30.325] [SEVERE ] setting player 3 freeze to 964
[11:15:30.326] [SEVERE ] setting player 2 freeze to 385
[11:15:30.333] [SEVERE ] setting player 1 freeze to 967
[11:15:30.333] [SEVERE ] updating countdown to 27939
[11:15:30.336] [SEVERE ] setting player 3 freeze to 953
[11:15:30.337] [SEVERE ] setting player 2 freeze to 374
[11:15:30.344] [SEVERE ] setting player 1 freeze to 956
[11:15:30.344] [SEVERE ] updating countdown to 27928
[11:15:30.347] [SEVERE ] setting player 3 freeze to 942
[11:15:30.348] [SEVERE ] setting player 2 freeze to 363
[11:15:30.355] [SEVERE ] updating countdown to 27917
[11:15:30.355] [SEVERE ] setting player 1 freeze to 945
[11:15:30.358] [SEVERE ] setting player 3 freeze to 931
[11:15:30.359] [SEVERE ] setting player 2 freeze to 352
[11:15:30.366] [SEVERE ] setting player 1 freeze to 934
[11:15:30.366] [SEVERE ] updating countdown to 27906
[11:15:30.369] [SEVERE ] setting player 3 freeze to 920
[11:15:30.370] [SEVERE ] setting player 2 freeze to 341
[11:15:30.377] [SEVERE ] setting player 1 freeze to 923
[11:15:30.377] [SEVERE ] updating countdown to 27895
[11:15:30.380] [SEVERE ] setting player 3 freeze to 909
[11:15:30.381] [SEVERE ] setting player 2 freeze to 330
[11:15:30.388] [SEVERE ] updating countdown to 27884
[11:15:30.388] [SEVERE ] setting player 1 freeze to 912
[11:15:30.391] [SEVERE ] setting player 3 freeze to 898
[11:15:30.392] [SEVERE ] setting player 2 freeze to 319
[11:15:30.399] [SEVERE ] setting player 1 freeze to 901
[11:15:30.399] [SEVERE ] updating countdown to 27873
[11:15:30.402] [SEVERE ] setting player 3 freeze to 887
[11:15:30.402] [SEVERE ] setting player 2 freeze to 309
[11:15:30.409] [SEVERE ] setting player 1 freeze to 891
[11:15:30.409] [SEVERE ] updating countdown to 27863
[11:15:30.412] [SEVERE ] setting player 3 freeze to 877
[11:15:30.413] [SEVERE ] setting player 2 freeze to 298
[11:15:30.420] [SEVERE ] setting player 1 freeze to 880
[11:15:30.420] [SEVERE ] updating countdown to 27852
[11:15:30.423] [SEVERE ] setting player 3 freeze to 866
[11:15:30.424] [SEVERE ] setting player 2 freeze to 287
[11:15:30.431] [SEVERE ] updating countdown to 27841
[11:15:30.431] [SEVERE ] setting player 1 freeze to 869
[11:15:30.434] [SEVERE ] setting player 3 freeze to 855
[11:15:30.435] [SEVERE ] setting player 2 freeze to 276
[11:15:30.442] [SEVERE ] updating countdown to 27830
[11:15:30.442] [SEVERE ] setting player 1 freeze to 858
[11:15:30.445] [SEVERE ] setting player 3 freeze to 844
[11:15:30.446] [SEVERE ] setting player 2 freeze to 265
[11:15:30.453] [SEVERE ] updating countdown to 27819
[11:15:30.453] [SEVERE ] setting player 1 freeze to 847
[11:15:30.456] [SEVERE ] setting player 3 freeze to 833
[11:15:30.457] [SEVERE ] setting player 2 freeze to 254
[11:15:30.464] [SEVERE ] updating countdown to 27808
[11:15:30.464] [SEVERE ] setting player 1 freeze to 836
[11:15:30.467] [SEVERE ] setting player 3 freeze to 822
[11:15:30.468] [SEVERE ] setting player 2 freeze to 243
[11:15:30.475] [SEVERE ] setting player 1 freeze to 825
[11:15:30.475] [SEVERE ] updating countdown to 27797
[11:15:30.478] [SEVERE ] setting player 3 freeze to 811
[11:15:30.479] [SEVERE ] setting player 2 freeze to 232
[11:15:30.486] [SEVERE ] setting player 1 freeze to 814
[11:15:30.486] [SEVERE ] updating countdown to 27786
[11:15:30.489] [SEVERE ] setting player 3 freeze to 800
[11:15:30.490] [SEVERE ] setting player 2 freeze to 221
[11:15:30.497] [SEVERE ] setting player 1 freeze to 803
[11:15:30.497] [SEVERE ] updating countdown to 27775
[11:15:30.500] [SEVERE ] setting player 3 freeze to 789
[11:15:30.501] [SEVERE ] setting player 2 freeze to 210
[11:15:30.508] [SEVERE ] setting player 1 freeze to 792
[11:15:30.508] [SEVERE ] updating countdown to 27764
[11:15:30.511] [SEVERE ] setting player 3 freeze to 778
[11:15:30.512] [SEVERE ] setting player 2 freeze to 199
[11:15:30.519] [SEVERE ] updating countdown to 27753
[11:15:30.519] [SEVERE ] setting player 1 freeze to 781
[11:15:30.522] [SEVERE ] setting player 3 freeze to 767
[11:15:30.523] [SEVERE ] setting player 2 freeze to 188
[11:15:30.530] [SEVERE ] setting player 1 freeze to 770
[11:15:30.530] [SEVERE ] updating countdown to 27742
[11:15:30.533] [SEVERE ] setting player 3 freeze to 756
[11:15:30.534] [SEVERE ] setting player 2 freeze to 177
[11:15:30.541] [SEVERE ] setting player 1 freeze to 759
[11:15:30.541] [SEVERE ] updating countdown to 27731
[11:15:30.544] [SEVERE ] setting player 3 freeze to 745
[11:15:30.545] [SEVERE ] setting player 2 freeze to 166
[11:15:30.552] [SEVERE ] setting player 1 freeze to 748
[11:15:30.552] [SEVERE ] updating countdown to 27720
[11:15:30.555] [SEVERE ] setting player 3 freeze to 734
[11:15:30.556] [SEVERE ] setting player 2 freeze to 155
[11:15:30.563] [SEVERE ] setting player 1 freeze to 737
[11:15:30.563] [SEVERE ] updating countdown to 27709
[11:15:30.566] [SEVERE ] setting player 3 freeze to 723
[11:15:30.567] [SEVERE ] setting player 2 freeze to 144
[11:15:30.567] [SEVERE ] player 4 placing token on slot 11
[11:15:30.574] [SEVERE ] setting player 1 freeze to 726
[11:15:30.574] [SEVERE ] updating countdown to 27698
[11:15:30.577] [SEVERE ] setting player 3 freeze to 712
[11:15:30.578] [SEVERE ] setting player 2 freeze to 133
[11:15:30.585] [SEVERE ] setting player 1 freeze to 715
[11:15:30.585] [SEVERE ] updating countdown to 27687
[11:15:30.588] [SEVERE ] setting player 3 freeze to 701
[11:15:30.589] [SEVERE ] setting player 2 freeze to 122
[11:15:30.596] [SEVERE ] setting player 1 freeze to 704
[11:15:30.596] [SEVERE ] updating countdown to 27676
[11:15:30.599] [SEVERE ] setting player 3 freeze to 690
[11:15:30.600] [SEVERE ] setting player 2 freeze to 111
[11:15:30.607] [SEVERE ] setting player 1 freeze to 693
[11:15:30.607] [SEVERE ] updating countdown to 27665
[11:15:30.610] [SEVERE ] setting player 3 freeze to 679
[11:15:30.611] [SEVERE ] setting player 2 freeze to 100
[11:15:30.618] [SEVERE ] setting player 1 freeze to 682
[11:15:30.618] [SEVERE ] updating countdown to 27654
[11:15:30.621] [SEVERE ] setting player 3 freeze to 668
[11:15:30.622] [SEVERE ] setting player 2 freeze to 89
[11:15:30.630] [SEVERE ] setting player 1 freeze to 670
[11:15:30.630] [SEVERE ] updating countdown to 27642
[11:15:30.633] [SEVERE ] setting player 3 freeze to 656
[11:15:30.634] [SEVERE ] setting player 2 freeze to 77
[11:15:30.642] [SEVERE ] setting player 1 freeze to 658
[11:15:30.642] [SEVERE ] updating countdown to 27630
[11:15:30.644] [SEVERE ] setting player 3 freeze to 645
[11:15:30.645] [SEVERE ] setting player 2 freeze to 66
[11:15:30.653] [SEVERE ] setting player 1 freeze to 647
[11:15:30.653] [SEVERE ] updating countdown to 27619
[11:15:30.655] [SEVERE ] setting player 3 freeze to 634
[11:15:30.656] [SEVERE ] setting player 2 freeze to 55
[11:15:30.664] [SEVERE ] setting player 1 freeze to 636
[11:15:30.664] [SEVERE ] updating countdown to 27608
[11:15:30.666] [SEVERE ] setting player 3 freeze to 623
[11:15:30.667] [SEVERE ] setting player 2 freeze to 44
[11:15:30.676] [SEVERE ] updating countdown to 27596
[11:15:30.676] [SEVERE ] setting player 1 freeze to 624
[11:15:30.677] [SEVERE ] setting player 3 freeze to 612
[11:15:30.678] [SEVERE ] setting player 2 freeze to 33
[11:15:30.688] [SEVERE ] setting player 1 freeze to 612
[11:15:30.688] [SEVERE ] updating countdown to 27584
[11:15:30.689] [SEVERE ] setting player 3 freeze to 600
[11:15:30.689] [SEVERE ] setting player 2 freeze to 22
[11:15:30.699] [SEVERE ] updating countdown to 27573
[11:15:30.699] [SEVERE ] setting player 1 freeze to 601
[11:15:30.700] [SEVERE ] setting player 3 freeze to 589
[11:15:30.700] [SEVERE ] setting player 2 freeze to 11
[11:15:30.710] [SEVERE ] setting player 1 freeze to 590
[11:15:30.710] [SEVERE ] updating countdown to 27562
[11:15:30.711] [SEVERE ] setting player 2 freeze to 0
[11:15:30.711] [SEVERE ] setting player 3 freeze to 578
[11:15:30.718] [SEVERE ] setting player 2 freeze to 0
[11:15:30.721] [SEVERE ] setting player 1 freeze to 579
[11:15:30.721] [SEVERE ] updating countdown to 27551
[11:15:30.722] [SEVERE ] setting player 3 freeze to 567
[11:15:30.732] [SEVERE ] setting player 1 freeze to 568
[11:15:30.732] [SEVERE ] updating countdown to 27540
[11:15:30.733] [SEVERE ] setting player 3 freeze to 556
[11:15:30.743] [SEVERE ] setting player 1 freeze to 557
[11:15:30.743] [SEVERE ] updating countdown to 27529
[11:15:30.744] [SEVERE ] setting player 3 freeze to 545
[11:15:30.754] [SEVERE ] setting player 1 freeze to 546
[11:15:30.754] [SEVERE ] updating countdown to 27518
[11:15:30.755] [SEVERE ] setting player 3 freeze to 534
[11:15:30.765] [SEVERE ] setting player 1 freeze to 535
[11:15:30.765] [SEVERE ] updating countdown to 27507
[11:15:30.766] [SEVERE ] setting player 3 freeze to 523
[11:15:30.775] [SEVERE ] updating countdown to 27497
[11:15:30.776] [SEVERE ] setting player 3 freeze to 513
[11:15:30.777] [SEVERE ] setting player 1 freeze to 523
[11:15:30.786] [SEVERE ] updating countdown to 27486
[11:15:30.787] [SEVERE ] setting player 3 freeze to 502
[11:15:30.788] [SEVERE ] setting player 1 freeze to 512
[11:15:30.797] [SEVERE ] updating countdown to 27475
[11:15:30.798] [SEVERE ] setting player 3 freeze to 491
[11:15:30.799] [SEVERE ] setting player 1 freeze to 501
[11:15:30.808] [SEVERE ] updating countdown to 27464
[11:15:30.809] [SEVERE ] setting player 3 freeze to 480
[11:15:30.810] [SEVERE ] setting player 1 freeze to 490
[11:15:30.819] [SEVERE ] updating countdown to 27453
[11:15:30.820] [SEVERE ] setting player 3 freeze to 469
[11:15:30.821] [SEVERE ] setting player 1 freeze to 479
[11:15:30.830] [SEVERE ] updating countdown to 27442
[11:15:30.831] [SEVERE ] setting player 3 freeze to 458
[11:15:30.832] [SEVERE ] setting player 1 freeze to 468
[11:15:30.841] [SEVERE ] updating countdown to 27431
[11:15:30.842] [SEVERE ] setting player 3 freeze to 447
[11:15:30.843] [SEVERE ] setting player 1 freeze to 457
[11:15:30.852] [SEVERE ] updating countdown to 27420
[11:15:30.853] [SEVERE ] setting player 3 freeze to 436
[11:15:30.854] [SEVERE ] setting player 1 freeze to 446
[11:15:30.855] [SEVERE ] player 4 placing token on slot 3
[11:15:30.856] [SEVERE ] setting player 4 freeze to 0
[11:15:30.863] [SEVERE ] updating countdown to 27409
[11:15:30.864] [SEVERE ] setting player 3 freeze to 425
[11:15:30.867] [SEVERE ] setting player 1 freeze to 433
[11:15:30.867] [SEVERE ] setting player 4 freeze to 996
[11:15:30.874] [SEVERE ] updating countdown to 27398
[11:15:30.875] [SEVERE ] setting player 3 freeze to 414
[11:15:30.878] [SEVERE ] setting player 4 freeze to 985
[11:15:30.878] [SEVERE ] setting player 1 freeze to 422
[11:15:30.885] [SEVERE ] updating countdown to 27387
[11:15:30.887] [SEVERE ] setting player 3 freeze to 402
[11:15:30.890] [SEVERE ] setting player 4 freeze to 973
[11:15:30.890] [SEVERE ] setting player 1 freeze to 410
[11:15:30.896] [SEVERE ] updating countdown to 27376
[11:15:30.898] [SEVERE ] setting player 3 freeze to 391
[11:15:30.901] [SEVERE ] setting player 4 freeze to 962
[11:15:30.901] [SEVERE ] setting player 1 freeze to 399
[11:15:30.907] [SEVERE ] updating countdown to 27365
[11:15:30.909] [SEVERE ] setting player 3 freeze to 380
[11:15:30.912] [SEVERE ] setting player 4 freeze to 951
[11:15:30.912] [SEVERE ] setting player 1 freeze to 388
[11:15:30.922] [SEVERE ] setting player 3 freeze to 367
[11:15:30.922] [SEVERE ] updating countdown to 27350
[11:15:30.923] [SEVERE ] setting player 1 freeze to 377
[11:15:30.923] [SEVERE ] setting player 4 freeze to 940
[11:15:30.934] [SEVERE ] setting player 3 freeze to 355
[11:15:30.934] [SEVERE ] updating countdown to 27338
[11:15:30.935] [SEVERE ] setting player 1 freeze to 365
[11:15:30.935] [SEVERE ] setting player 4 freeze to 928
[11:15:30.945] [SEVERE ] setting player 3 freeze to 344
[11:15:30.945] [SEVERE ] updating countdown to 27327
[11:15:30.946] [SEVERE ] setting player 4 freeze to 917
[11:15:30.946] [SEVERE ] setting player 1 freeze to 354
[11:15:30.956] [SEVERE ] setting player 3 freeze to 333
[11:15:30.956] [SEVERE ] updating countdown to 27316
[11:15:30.957] [SEVERE ] setting player 1 freeze to 343
[11:15:30.957] [SEVERE ] setting player 4 freeze to 906
[11:15:30.967] [SEVERE ] setting player 3 freeze to 322
[11:15:30.967] [SEVERE ] updating countdown to 27305
[11:15:30.968] [SEVERE ] setting player 4 freeze to 895
[11:15:30.968] [SEVERE ] setting player 1 freeze to 332
[11:15:30.978] [SEVERE ] updating countdown to 27294
[11:15:30.978] [SEVERE ] setting player 3 freeze to 311
[11:15:30.979] [SEVERE ] setting player 4 freeze to 884
[11:15:30.979] [SEVERE ] setting player 1 freeze to 321
[11:15:30.989] [SEVERE ] setting player 3 freeze to 300
[11:15:30.989] [SEVERE ] updating countdown to 27283
[11:15:30.990] [SEVERE ] setting player 1 freeze to 310
[11:15:30.990] [SEVERE ] setting player 4 freeze to 873
[11:15:31.000] [SEVERE ] setting player 3 freeze to 289
[11:15:31.000] [SEVERE ] updating countdown to 27272
[11:15:31.001] [SEVERE ] setting player 1 freeze to 299
[11:15:31.001] [SEVERE ] setting player 4 freeze to 862
[11:15:31.011] [SEVERE ] setting player 3 freeze to 278
[11:15:31.011] [SEVERE ] updating countdown to 27261
[11:15:31.012] [SEVERE ] setting player 4 freeze to 851
[11:15:31.012] [SEVERE ] setting player 1 freeze to 288
[11:15:31.022] [SEVERE ] setting player 3 freeze to 267
[11:15:31.022] [SEVERE ] updating countdown to 27250
[11:15:31.023] [SEVERE ] setting player 1 freeze to 277
[11:15:31.023] [SEVERE ] setting player 4 freeze to 840
[11:15:31.033] [SEVERE ] setting player 3 freeze to 256
[11:15:31.033] [SEVERE ] updating countdown to 27239
[11:15:31.034] [SEVERE ] setting player 1 freeze to 266
[11:15:31.034] [SEVERE ] setting player 4 freeze to 829
[11:15:31.044] [SEVERE ] setting player 3 freeze to 245
[11:15:31.044] [SEVERE ] updating countdown to 27228
[11:15:31.045] [SEVERE ] setting player 4 freeze to 818
[11:15:31.045] [SEVERE ] setting player 1 freeze to 255
[11:15:31.055] [SEVERE ] setting player 3 freeze to 234
[11:15:31.055] [SEVERE ] updating countdown to 27217
[11:15:31.056] [SEVERE ] setting player 4 freeze to 807
[11:15:31.056] [SEVERE ] setting player 1 freeze to 244
[11:15:31.066] [SEVERE ] setting player 3 freeze to 223
[11:15:31.066] [SEVERE ] updating countdown to 27206
[11:15:31.067] [SEVERE ] setting player 4 freeze to 796
[11:15:31.067] [SEVERE ] setting player 1 freeze to 233
[11:15:31.077] [SEVERE ] setting player 3 freeze to 212
[11:15:31.077] [SEVERE ] updating countdown to 27195
[11:15:31.078] [SEVERE ] setting player 4 freeze to 785
[11:15:31.078] [SEVERE ] setting player 1 freeze to 222
[11:15:31.088] [SEVERE ] setting player 3 freeze to 201
[11:15:31.088] [SEVERE ] updating countdown to 27184
[11:15:31.089] [SEVERE ] setting player 1 freeze to 211
[11:15:31.089] [SEVERE ] setting player 4 freeze to 774
[11:15:31.099] [SEVERE ] setting player 3 freeze to 190
[11:15:31.099] [SEVERE ] updating countdown to 27173
[11:15:31.100] [SEVERE ] setting player 1 freeze to 200
[11:15:31.100] [SEVERE ] setting player 4 freeze to 763
[11:15:31.110] [SEVERE ] updating countdown to 27162
[11:15:31.110] [SEVERE ] setting player 3 freeze to 179
[11:15:31.111] [SEVERE ] setting player 1 freeze to 189
[11:15:31.111] [SEVERE ] setting player 4 freeze to 752
[11:15:31.121] [SEVERE ] setting player 3 freeze to 168
[11:15:31.121] [SEVERE ] updating countdown to 27151
[11:15:31.122] [SEVERE ] setting player 1 freeze to 178
[11:15:31.122] [SEVERE ] setting player 4 freeze to 741
[11:15:31.132] [SEVERE ] setting player 3 freeze to 157
[11:15:31.132] [SEVERE ] updating countdown to 27140
[11:15:31.133] [SEVERE ] setting player 4 freeze to 730
[11:15:31.133] [SEVERE ] setting player 1 freeze to 167
[11:15:31.143] [SEVERE ] setting player 3 freeze to 146
[11:15:31.143] [SEVERE ] updating countdown to 27129
[11:15:31.144] [SEVERE ] setting player 4 freeze to 719
[11:15:31.144] [SEVERE ] setting player 1 freeze to 156
[11:15:31.153] [SEVERE ] setting player 3 freeze to 136
[11:15:31.153] [SEVERE ] updating countdown to 27119
[11:15:31.154] [SEVERE ] setting player 1 freeze to 146
[11:15:31.154] [SEVERE ] setting player 4 freeze to 709
[11:15:31.164] [SEVERE ] setting player 3 freeze to 125
[11:15:31.164] [SEVERE ] updating countdown to 27108
[11:15:31.165] [SEVERE ] setting player 1 freeze to 135
[11:15:31.165] [SEVERE ] setting player 4 freeze to 698
[11:15:31.175] [SEVERE ] setting player 3 freeze to 114
[11:15:31.175] [SEVERE ] updating countdown to 27097
[11:15:31.176] [SEVERE ] setting player 1 freeze to 124
[11:15:31.176] [SEVERE ] setting player 4 freeze to 687
[11:15:31.186] [SEVERE ] setting player 3 freeze to 103
[11:15:31.186] [SEVERE ] updating countdown to 27086
[11:15:31.187] [SEVERE ] setting player 4 freeze to 676
[11:15:31.187] [SEVERE ] setting player 1 freeze to 113
[11:15:31.197] [SEVERE ] setting player 3 freeze to 92
[11:15:31.197] [SEVERE ] updating countdown to 27075
[11:15:31.198] [SEVERE ] setting player 4 freeze to 665
[11:15:31.198] [SEVERE ] setting player 1 freeze to 102
[11:15:31.208] [SEVERE ] setting player 3 freeze to 81
[11:15:31.208] [SEVERE ] updating countdown to 27064
[11:15:31.209] [SEVERE ] setting player 1 freeze to 91
[11:15:31.209] [SEVERE ] setting player 4 freeze to 654
[11:15:31.219] [SEVERE ] setting player 3 freeze to 70
[11:15:31.219] [SEVERE ] updating countdown to 27053
[11:15:31.220] [SEVERE ] setting player 4 freeze to 643
[11:15:31.220] [SEVERE ] setting player 1 freeze to 80
[11:15:31.230] [SEVERE ] setting player 3 freeze to 59
[11:15:31.230] [SEVERE ] updating countdown to 27042
[11:15:31.231] [SEVERE ] setting player 4 freeze to 632
[11:15:31.231] [SEVERE ] setting player 1 freeze to 69
[11:15:31.241] [SEVERE ] setting player 3 freeze to 48
[11:15:31.241] [SEVERE ] updating countdown to 27031
[11:15:31.242] [SEVERE ] setting player 4 freeze to 621
[11:15:31.242] [SEVERE ] setting player 1 freeze to 58
[11:15:31.252] [SEVERE ] setting player 3 freeze to 37
[11:15:31.252] [SEVERE ] updating countdown to 27020
[11:15:31.253] [SEVERE ] setting player 4 freeze to 610
[11:15:31.253] [SEVERE ] setting player 1 freeze to 47
[11:15:31.263] [SEVERE ] setting player 3 freeze to 26
[11:15:31.263] [SEVERE ] updating countdown to 27009
[11:15:31.264] [SEVERE ] setting player 4 freeze to 599
[11:15:31.264] [SEVERE ] setting player 1 freeze to 36
[11:15:31.274] [SEVERE ] setting player 3 freeze to 15
[11:15:31.274] [SEVERE ] updating countdown to 26998
[11:15:31.275] [SEVERE ] setting player 1 freeze to 25
[11:15:31.275] [SEVERE ] setting player 4 freeze to 588
[11:15:31.285] [SEVERE ] setting player 3 freeze to 4
[11:15:31.285] [SEVERE ] updating countdown to 26987
[11:15:31.286] [SEVERE ] setting player 4 freeze to 577
[11:15:31.286] [SEVERE ] setting player 1 freeze to 14
[11:15:31.293] [SEVERE ] setting player 3 freeze to 0
[11:15:31.296] [SEVERE ] setting player 3 freeze to 0
[11:15:31.296] [SEVERE ] updating countdown to 26976
[11:15:31.297] [SEVERE ] setting player 4 freeze to 566
[11:15:31.297] [SEVERE ] setting player 1 freeze to 3
[11:15:31.307] [SEVERE ] updating countdown to 26965
[11:15:31.308] [SEVERE ] setting player 1 freeze to 0
[11:15:31.308] [SEVERE ] setting player 1 freeze to 0
[11:15:31.308] [SEVERE ] setting player 4 freeze to 555
[11:15:31.318] [SEVERE ] updating countdown to 26954
[11:15:31.319] [SEVERE ] setting player 4 freeze to 544
[11:15:31.329] [SEVERE ] updating countdown to 26943
[11:15:31.330] [SEVERE ] setting player 4 freeze to 533
[11:15:31.340] [SEVERE ] updating countdown to 26932
[11:15:31.341] [SEVERE ] setting player 4 freeze to 522
[11:15:31.351] [SEVERE ] updating countdown to 26921
[11:15:31.352] [SEVERE ] setting player 4 freeze to 511
[11:15:31.362] [SEVERE ] updating countdown to 26910
[11:15:31.363] [SEVERE ] setting player 4 freeze to 500
[11:15:31.373] [SEVERE ] updating countdown to 26899
[11:15:31.374] [SEVERE ] setting player 4 freeze to 489
[11:15:31.384] [SEVERE ] updating countdown to 26888
[11:15:31.385] [SEVERE ] setting player 4 freeze to 478
[11:15:31.395] [SEVERE ] updating countdown to 26877
[11:15:31.396] [SEVERE ] setting player 4 freeze to 467
[11:15:31.406] [SEVERE ] updating countdown to 26866
[11:15:31.407] [SEVERE ] setting player 4 freeze to 456
[11:15:31.417] [SEVERE ] updating countdown to 26855
[11:15:31.418] [SEVERE ] setting player 4 freeze to 445
[11:15:31.428] [SEVERE ] updating countdown to 26844
[11:15:31.429] [SEVERE ] setting player 4 freeze to 434
[11:15:31.439] [SEVERE ] updating countdown to 26833
[11:15:31.440] [SEVERE ] setting player 4 freeze to 423
[11:15:31.450] [SEVERE ] updating countdown to 26822
[11:15:31.451] [SEVERE ] setting player 4 freeze to 412
[11:15:31.461] [SEVERE ] updating countdown to 26811
[11:15:31.462] [SEVERE ] setting player 4 freeze to 401
[11:15:31.472] [SEVERE ] updating countdown to 26800
[11:15:31.473] [SEVERE ] setting player 4 freeze to 390
[11:15:31.483] [SEVERE ] updating countdown to 26789
[11:15:31.484] [SEVERE ] setting player 4 freeze to 379
[11:15:31.494] [SEVERE ] updating countdown to 26778
[11:15:31.495] [SEVERE ] setting player 4 freeze to 368
[11:15:31.505] [SEVERE ] updating countdown to 26767
[11:15:31.506] [SEVERE ] setting player 4 freeze to 357
[11:15:31.516] [SEVERE ] updating countdown to 26756
[11:15:31.517] [SEVERE ] setting player 4 freeze to 346
[11:15:31.526] [SEVERE ] updating countdown to 26746
[11:15:31.527] [SEVERE ] setting player 4 freeze to 336
[11:15:31.537] [SEVERE ] updating countdown to 26735
[11:15:31.538] [SEVERE ] setting player 4 freeze to 325
[11:15:31.548] [SEVERE ] updating countdown to 26724
[11:15:31.549] [SEVERE ] setting player 4 freeze to 314
[11:15:31.559] [SEVERE ] updating countdown to 26713
[11:15:31.560] [SEVERE ] setting player 4 freeze to 303
[11:15:31.570] [SEVERE ] updating countdown to 26702
[11:15:31.571] [SEVERE ] setting player 4 freeze to 292
[11:15:31.581] [SEVERE ] updating countdown to 26691
[11:15:31.582] [SEVERE ] setting player 4 freeze to 281
[11:15:31.592] [SEVERE ] updating countdown to 26680
[11:15:31.593] [SEVERE ] setting player 4 freeze to 270
[11:15:31.603] [SEVERE ] updating countdown to 26669
[11:15:31.604] [SEVERE ] setting player 4 freeze to 259
[11:15:31.614] [SEVERE ] updating countdown to 26658
[11:15:31.615] [SEVERE ] setting player 4 freeze to 248
[11:15:31.625] [SEVERE ] updating countdown to 26647
[11:15:31.626] [SEVERE ] setting player 4 freeze to 237
[11:15:31.636] [SEVERE ] updating countdown to 26636
[11:15:31.637] [SEVERE ] setting player 4 freeze to 226
[11:15:31.647] [SEVERE ] updating countdown to 26625
[11:15:31.648] [SEVERE ] setting player 4 freeze to 215
[11:15:31.658] [SEVERE ] updating countdown to 26614
[11:15:31.659] [SEVERE ] setting player 4 freeze to 204
[11:15:31.669] [SEVERE ] updating countdown to 26603
[11:15:31.670] [SEVERE ] setting player 4 freeze to 193
[11:15:31.680] [SEVERE ] updating countdown to 26592
[11:15:31.681] [SEVERE ] setting player 4 freeze to 182
[11:15:31.691] [SEVERE ] updating countdown to 26581
[11:15:31.692] [SEVERE ] setting player 4 freeze to 171
[11:15:31.702] [SEVERE ] updating countdown to 26570
[11:15:31.703] [SEVERE ] setting player 4 freeze to 160
[11:15:31.713] [SEVERE ] updating countdown to 26559
[11:15:31.714] [SEVERE ] setting player 4 freeze to 149
[11:15:31.724] [SEVERE ] updating countdown to 26548
[11:15:31.725] [SEVERE ] setting player 4 freeze to 138
[11:15:31.735] [SEVERE ] updating countdown to 26537
[11:15:31.736] [SEVERE ] setting player 4 freeze to 127
[11:15:31.746] [SEVERE ] updating countdown to 26526
[11:15:31.747] [SEVERE ] setting player 4 freeze to 116
[11:15:31.757] [SEVERE ] updating countdown to 26515
[11:15:31.758] [SEVERE ] setting player 4 freeze to 105
[11:15:31.768] [SEVERE ] updating countdown to 26504
[11:15:31.769] [SEVERE ] setting player 4 freeze to 94
[11:15:31.779] [SEVERE ] updating countdown to 26493
[11:15:31.780] [SEVERE ] setting player 4 freeze to 83
[11:15:31.790] [SEVERE ] updating countdown to 26482
[11:15:31.791] [SEVERE ] setting player 4 freeze to 72
[11:15:31.801] [SEVERE ] updating countdown to 26471
[11:15:31.802] [SEVERE ] setting player 4 freeze to 61
[11:15:31.812] [SEVERE ] updating countdown to 26460
[11:15:31.813] [SEVERE ] setting player 4 freeze to 50
[11:15:31.823] [SEVERE ] updating countdown to 26449
[11:15:31.824] [SEVERE ] setting player 4 freeze to 39
[11:15:31.834] [SEVERE ] updating countdown to 26438
[11:15:31.835] [SEVERE ] setting player 4 freeze to 28
[11:15:31.845] [SEVERE ] updating countdown to 26427
[11:15:31.846] [SEVERE ] setting player 4 freeze to 17
[11:15:31.856] [SEVERE ] updating countdown to 26416
[11:15:31.857] [SEVERE ] setting player 4 freeze to 6
[11:15:31.867] [SEVERE ] updating countdown to 26405
[11:15:31.868] [SEVERE ] setting player 4 freeze to 0
[11:15:31.868] [SEVERE ] setting player 4 freeze to 0
[11:15:31.878] [SEVERE ] updating countdown to 26394
[11:15:31.889] [SEVERE ] updating countdown to 26383
[11:15:31.899] [SEVERE ] updating countdown to 26373
[11:15:31.910] [SEVERE ] updating countdown to 26362
[11:15:31.942] [SEVERE ] updating countdown to 26330
[11:15:31.953] [SEVERE ] updating countdown to 26319
[11:15:31.964] [SEVERE ] updating countdown to 26308
[11:15:31.975] [SEVERE ] updating countdown to 26297
[11:15:31.986] [SEVERE ] updating countdown to 26286
[11:15:31.997] [SEVERE ] updating countdown to 26275
[11:15:32.008] [SEVERE ] updating countdown to 26264
[11:15:32.019] [SEVERE ] updating countdown to 26253
[11:15:32.030] [SEVERE ] updating countdown to 26242
[11:15:32.041] [SEVERE ] updating countdown to 26231
[11:15:32.052] [SEVERE ] updating countdown to 26220
[11:15:32.063] [SEVERE ] updating countdown to 26209
[11:15:32.074] [SEVERE ] updating countdown to 26198
[11:15:32.085] [SEVERE ] updating countdown to 26187
[11:15:32.096] [SEVERE ] updating countdown to 26176
[11:15:32.107] [SEVERE ] updating countdown to 26165
[11:15:32.118] [SEVERE ] updating countdown to 26154
[11:15:32.129] [SEVERE ] updating countdown to 26143
[11:15:32.140] [SEVERE ] updating countdown to 26132
[11:15:32.151] [SEVERE ] updating countdown to 26121
[11:15:32.162] [SEVERE ] updating countdown to 26110
[11:15:32.173] [SEVERE ] updating countdown to 26099
[11:15:32.184] [SEVERE ] updating countdown to 26088
[11:15:32.195] [SEVERE ] updating countdown to 26077
[11:15:32.206] [SEVERE ] updating countdown to 26066
[11:15:32.217] [SEVERE ] updating countdown to 26055
[11:15:32.228] [SEVERE ] updating countdown to 26044
[11:15:32.239] [SEVERE ] updating countdown to 26033
[11:15:32.250] [SEVERE ] updating countdown to 26022
[11:15:32.261] [SEVERE ] updating countdown to 26011
[11:15:32.271] [SEVERE ] updating countdown to 26001
[11:15:32.282] [SEVERE ] updating countdown to 25990
[11:15:32.293] [SEVERE ] updating countdown to 25979
[11:15:32.304] [SEVERE ] updating countdown to 25968
[11:15:32.315] [SEVERE ] updating countdown to 25957
[11:15:32.326] [SEVERE ] updating countdown to 25946
[11:15:32.337] [SEVERE ] updating countdown to 25935
[11:15:32.348] [SEVERE ] updating countdown to 25924
[11:15:32.359] [SEVERE ] updating countdown to 25913
[11:15:32.370] [SEVERE ] updating countdown to 25902
[11:15:32.381] [SEVERE ] updating countdown to 25891
[11:15:32.392] [SEVERE ] updating countdown to 25880
[11:15:32.403] [SEVERE ] updating countdown to 25869
[11:15:32.414] [SEVERE ] updating countdown to 25858
[11:15:32.425] [SEVERE ] updating countdown to 25847
[11:15:32.436] [SEVERE ] updating countdown to 25836
[11:15:32.447] [SEVERE ] updating countdown to 25825
[11:15:32.458] [SEVERE ] updating countdown to 25814
[11:15:32.469] [SEVERE ] updating countdown to 25803
[11:15:32.480] [SEVERE ] updating countdown to 25792
[11:15:32.491] [SEVERE ] updating countdown to 25781
[11:15:32.502] [SEVERE ] updating countdown to 25770
[11:15:32.513] [SEVERE ] updating countdown to 25759
[11:15:32.524] [SEVERE ] updating countdown to 25748
[11:15:32.535] [SEVERE ] updating countdown to 25737
[11:15:32.546] [SEVERE ] updating countdown to 25726
[11:15:32.557] [SEVERE ] updating countdown to 25715
[11:15:32.568] [SEVERE ] updating countdown to 25704
[11:15:32.579] [SEVERE ] updating countdown to 25693
[11:15:32.590] [SEVERE ] updating countdown to 25682
[11:15:32.601] [SEVERE ] updating countdown to 25671
[11:15:32.612] [SEVERE ] updating countdown to 25660
[11:15:32.623] [SEVERE ] updating countdown to 25649
[11:15:32.634] [SEVERE ] updating countdown to 25638
[11:15:32.645] [SEVERE ] updating countdown to 25627
[11:15:32.655] [SEVERE ] updating countdown to 25617
[11:15:32.666] [SEVERE ] updating countdown to 25606
[11:15:32.677] [SEVERE ] updating countdown to 25595
[11:15:32.688] [SEVERE ] updating countdown to 25584
[11:15:32.699] [SEVERE ] updating countdown to 25573
[11:15:32.710] [SEVERE ] updating countdown to 25562
[11:15:32.721] [SEVERE ] updating countdown to 25551
[11:15:32.732] [SEVERE ] updating countdown to 25540
[11:15:32.743] [SEVERE ] updating countdown to 25529
[11:15:32.754] [SEVERE ] updating countdown to 25518
[11:15:32.765] [SEVERE ] updating countdown to 25507
[11:15:32.776] [SEVERE ] updating countdown to 25496
[11:15:32.787] [SEVERE ] updating countdown to 25485
[11:15:32.798] [SEVERE ] updating countdown to 25474
[11:15:32.809] [SEVERE ] updating countdown to 25463
[11:15:32.820] [SEVERE ] updating countdown to 25452
[11:15:32.831] [SEVERE ] updating countdown to 25441
[11:15:32.842] [SEVERE ] updating countdown to 25430
[11:15:32.853] [SEVERE ] updating countdown to 25419
[11:15:32.864] [SEVERE ] updating countdown to 25408
[11:15:32.875] [SEVERE ] updating countdown to 25397
[11:15:32.886] [SEVERE ] updating countdown to 25386
[11:15:32.897] [SEVERE ] updating countdown to 25375
[11:15:32.908] [SEVERE ] updating countdown to 25364
[11:15:32.919] [SEVERE ] updating countdown to 25353
[11:15:32.930] [SEVERE ] updating countdown to 25342
[11:15:32.941] [SEVERE ] updating countdown to 25331
[11:15:32.952] [SEVERE ] updating countdown to 25320
[11:15:32.963] [SEVERE ] updating countdown to 25309
[11:15:32.974] [SEVERE ] updating countdown to 25298
[11:15:32.985] [SEVERE ] updating countdown to 25287
[11:15:32.996] [SEVERE ] updating countdown to 25276
[11:15:33.007] [SEVERE ] updating countdown to 25265
[11:15:33.018] [SEVERE ] updating countdown to 25254
[11:15:33.028] [SEVERE ] updating countdown to 25244
[11:15:33.039] [SEVERE ] updating countdown to 25233
[11:15:33.050] [SEVERE ] updating countdown to 25222
[11:15:33.061] [SEVERE ] updating countdown to 25211
[11:15:33.072] [SEVERE ] updating countdown to 25200
[11:15:33.083] [SEVERE ] updating countdown to 25189
[11:15:33.094] [SEVERE ] updating countdown to 25178
[11:15:33.105] [SEVERE ] updating countdown to 25167
[11:15:33.116] [SEVERE ] updating countdown to 25156
[11:15:33.127] [SEVERE ] updating countdown to 25145
[11:15:33.138] [SEVERE ] updating countdown to 25134
[11:15:33.149] [SEVERE ] updating countdown to 25123
[11:15:33.160] [SEVERE ] updating countdown to 25112
[11:15:33.171] [SEVERE ] updating countdown to 25101
[11:15:33.182] [SEVERE ] updating countdown to 25090
[11:15:33.193] [SEVERE ] updating countdown to 25079
[11:15:33.204] [SEVERE ] updating countdown to 25068
[11:15:33.215] [SEVERE ] updating countdown to 25057
[11:15:33.226] [SEVERE ] updating countdown to 25046
[11:15:33.237] [SEVERE ] updating countdown to 25035
[11:15:33.248] [SEVERE ] updating countdown to 25024
[11:15:33.259] [SEVERE ] updating countdown to 25013
[11:15:33.270] [SEVERE ] updating countdown to 25002
[11:15:33.281] [SEVERE ] updating countdown to 24991
[11:15:33.292] [SEVERE ] updating countdown to 24980
[11:15:33.303] [SEVERE ] updating countdown to 24969
[11:15:33.314] [SEVERE ] updating countdown to 24958
[11:15:33.325] [SEVERE ] updating countdown to 24947
[11:15:33.336] [SEVERE ] updating countdown to 24936
[11:15:33.347] [SEVERE ] updating countdown to 24925
[11:15:33.358] [SEVERE ] updating countdown to 24914
[11:15:33.369] [SEVERE ] updating countdown to 24903
[11:15:33.380] [SEVERE ] updating countdown to 24892
[11:15:33.391] [SEVERE ] updating countdown to 24881
[11:15:33.401] [SEVERE ] updating countdown to 24871
[11:15:33.412] [SEVERE ] updating countdown to 24860
[11:15:33.423] [SEVERE ] updating countdown to 24849
[11:15:33.434] [SEVERE ] updating countdown to 24838
[11:15:33.445] [SEVERE ] updating countdown to 24827
[11:15:33.456] [SEVERE ] updating countdown to 24816
[11:15:33.467] [SEVERE ] updating countdown to 24805
[11:15:33.478] [SEVERE ] updating countdown to 24794
[11:15:33.489] [SEVERE ] updating countdown to 24783
[11:15:33.500] [SEVERE ] updating countdown to 24772
[11:15:33.511] [SEVERE ] updating countdown to 24761
[11:15:33.522] [SEVERE ] updating countdown to 24750
[11:15:33.533] [SEVERE ] updating countdown to 24739
[11:15:33.544] [SEVERE ] updating countdown to 24728
[11:15:33.555] [SEVERE ] updating countdown to 24717
[11:15:33.566] [SEVERE ] updating countdown to 24706
[11:15:33.577] [SEVERE ] updating countdown to 24695
[11:15:33.588] [SEVERE ] updating countdown to 24684
[11:15:33.599] [SEVERE ] updating countdown to 24673
[11:15:33.610] [SEVERE ] updating countdown to 24662
[11:15:33.621] [SEVERE ] updating countdown to 24651
[11:15:33.632] [SEVERE ] updating countdown to 24640
[11:15:33.643] [SEVERE ] updating countdown to 24629
[11:15:33.654] [SEVERE ] updating countdown to 24618
[11:15:33.665] [SEVERE ] updating countdown to 24607
[11:15:33.676] [SEVERE ] updating countdown to 24596
[11:15:33.687] [SEVERE ] updating countdown to 24585
[11:15:33.698] [SEVERE ] updating countdown to 24574
[11:15:33.709] [SEVERE ] updating countdown to 24563
[11:15:33.720] [SEVERE ] updating countdown to 24552
[11:15:33.731] [SEVERE ] updating countdown to 24541
[11:15:33.742] [SEVERE ] updating countdown to 24530
[11:15:33.753] [SEVERE ] updating countdown to 24519
[11:15:33.764] [SEVERE ] updating countdown to 24508
[11:15:33.774] [SEVERE ] updating countdown to 24498
[11:15:33.785] [SEVERE ] updating countdown to 24487
[11:15:33.796] [SEVERE ] updating countdown to 24476
[11:15:33.807] [SEVERE ] updating countdown to 24465
[11:15:33.818] [SEVERE ] updating countdown to 24454
[11:15:33.829] [SEVERE ] updating countdown to 24443
[11:15:33.840] [SEVERE ] updating countdown to 24432
[11:15:33.851] [SEVERE ] updating countdown to 24421
[11:15:33.862] [SEVERE ] updating countdown to 24410
[11:15:33.873] [SEVERE ] updating countdown to 24399
[11:15:33.884] [SEVERE ] updating countdown to 24388
[11:15:33.895] [SEVERE ] updating countdown to 24377
[11:15:33.906] [SEVERE ] updating countdown to 24366
[11:15:33.917] [SEVERE ] updating countdown to 24355
[11:15:33.928] [SEVERE ] updating countdown to 24344
[11:15:33.939] [SEVERE ] updating countdown to 24333
[11:15:34.019] [SEVERE ] updating countdown to 24253
[11:15:34.030] [SEVERE ] updating countdown to 24242
[11:15:34.041] [SEVERE ] updating countdown to 24231
[11:15:34.052] [SEVERE ] updating countdown to 24220
[11:15:34.063] [SEVERE ] updating countdown to 24209
[11:15:34.074] [SEVERE ] updating countdown to 24198
[11:15:34.085] [SEVERE ] updating countdown to 24187
[11:15:34.096] [SEVERE ] updating countdown to 24176
[11:15:34.107] [SEVERE ] updating countdown to 24165
[11:15:34.118] [SEVERE ] updating countdown to 24154
[11:15:34.129] [SEVERE ] updating countdown to 24143
[11:15:34.140] [SEVERE ] updating countdown to 24132
[11:15:34.150] [SEVERE ] updating countdown to 24122
[11:15:34.161] [SEVERE ] updating countdown to 24111
[11:15:34.172] [SEVERE ] updating countdown to 24100
[11:15:34.183] [SEVERE ] updating countdown to 24089
[11:15:34.194] [SEVERE ] updating countdown to 24078
[11:15:34.205] [SEVERE ] updating countdown to 24067
[11:15:34.216] [SEVERE ] updating countdown to 24056
[11:15:34.227] [SEVERE ] updating countdown to 24045
[11:15:34.238] [SEVERE ] updating countdown to 24034
[11:15:34.249] [SEVERE ] updating countdown to 24023
[11:15:34.260] [SEVERE ] updating countdown to 24012
[11:15:34.271] [SEVERE ] updating countdown to 24001
[11:15:34.282] [SEVERE ] updating countdown to 23990
[11:15:34.293] [SEVERE ] updating countdown to 23979
[11:15:34.304] [SEVERE ] updating countdown to 23968
[11:15:34.315] [SEVERE ] updating countdown to 23957
[11:15:34.326] [SEVERE ] updating countdown to 23946
[11:15:34.337] [SEVERE ] updating countdown to 23935
[11:15:34.348] [SEVERE ] updating countdown to 23924
[11:15:34.359] [SEVERE ] updating countdown to 23913
[11:15:34.370] [SEVERE ] updating countdown to 23902
[11:15:34.381] [SEVERE ] updating countdown to 23891
[11:15:34.392] [SEVERE ] updating countdown to 23880
[11:15:34.403] [SEVERE ] updating countdown to 23869
[11:15:34.414] [SEVERE ] updating countdown to 23858
[11:15:34.425] [SEVERE ] updating countdown to 23847
[11:15:34.436] [SEVERE ] updating countdown to 23836
[11:15:34.447] [SEVERE ] updating countdown to 23825
[11:15:34.458] [SEVERE ] updating countdown to 23814
[11:15:34.469] [SEVERE ] updating countdown to 23803
[11:15:34.480] [SEVERE ] updating countdown to 23792
[11:15:34.491] [SEVERE ] updating countdown to 23781
[11:15:34.502] [SEVERE ] updating countdown to 23770
[11:15:34.513] [SEVERE ] updating countdown to 23759
[11:15:34.523] [SEVERE ] updating countdown to 23749
[11:15:34.534] [SEVERE ] updating countdown to 23738
[11:15:34.545] [SEVERE ] updating countdown to 23727
[11:15:34.556] [SEVERE ] updating countdown to 23716
[11:15:34.567] [SEVERE ] updating countdown to 23705
[11:15:34.578] [SEVERE ] updating countdown to 23694
[11:15:34.589] [SEVERE ] updating countdown to 23683
[11:15:34.600] [SEVERE ] updating countdown to 23672
[11:15:34.611] [SEVERE ] updating countdown to 23661
[11:15:34.622] [SEVERE ] updating countdown to 23650
[11:15:34.633] [SEVERE ] updating countdown to 23639
[11:15:34.644] [SEVERE ] updating countdown to 23628
[11:15:34.655] [SEVERE ] updating countdown to 23617
[11:15:34.666] [SEVERE ] updating countdown to 23606
[11:15:34.677] [SEVERE ] updating countdown to 23595
[11:15:34.688] [SEVERE ] updating countdown to 23584
[11:15:34.699] [SEVERE ] updating countdown to 23573
[11:15:34.710] [SEVERE ] updating countdown to 23562
[11:15:34.721] [SEVERE ] updating countdown to 23551
[11:15:34.732] [SEVERE ] updating countdown to 23540
[11:15:34.743] [SEVERE ] updating countdown to 23529
[11:15:34.754] [SEVERE ] updating countdown to 23518
[11:15:34.765] [SEVERE ] updating countdown to 23507
[11:15:34.776] [SEVERE ] updating countdown to 23496
[11:15:34.787] [SEVERE ] updating countdown to 23485
[11:15:34.798] [SEVERE ] updating countdown to 23474
[11:15:34.809] [SEVERE ] updating countdown to 23463
[11:15:34.820] [SEVERE ] updating countdown to 23452
[11:15:34.831] [SEVERE ] updating countdown to 23441
[11:15:34.842] [SEVERE ] updating countdown to 23430
[11:15:34.853] [SEVERE ] updating countdown to 23419
[11:15:34.864] [SEVERE ] updating countdown to 23408
[11:15:34.875] [SEVERE ] updating countdown to 23397
[11:15:34.886] [SEVERE ] updating countdown to 23386
[11:15:34.896] [SEVERE ] updating countdown to 23376
[11:15:34.907] [SEVERE ] updating countdown to 23365
[11:15:34.918] [SEVERE ] updating countdown to 23354
[11:15:34.929] [SEVERE ] updating countdown to 23343
[11:15:34.940] [SEVERE ] updating countdown to 23332
[11:15:34.951] [SEVERE ] updating countdown to 23321
[11:15:34.962] [SEVERE ] updating countdown to 23310
[11:15:34.973] [SEVERE ] updating countdown to 23299
[11:15:34.984] [SEVERE ] updating countdown to 23288
[11:15:34.995] [SEVERE ] updating countdown to 23277
[11:15:35.006] [SEVERE ] updating countdown to 23266
[11:15:35.017] [SEVERE ] updating countdown to 23255
[11:15:35.033] [SEVERE ] updating countdown to 23239
[11:15:35.044] [SEVERE ] updating countdown to 23228
[11:15:35.055] [SEVERE ] updating countdown to 23217
[11:15:35.066] [SEVERE ] updating countdown to 23206
[11:15:35.077] [SEVERE ] updating countdown to 23195
[11:15:35.088] [SEVERE ] updating countdown to 23184
[11:15:35.101] [SEVERE ] updating countdown to 23171
[11:15:35.112] [SEVERE ] updating countdown to 23160
[11:15:35.123] [SEVERE ] updating countdown to 23149
[11:15:35.134] [SEVERE ] updating countdown to 23138
[11:15:35.145] [SEVERE ] updating countdown to 23127
[11:15:35.156] [SEVERE ] updating countdown to 23116
[11:15:35.167] [SEVERE ] updating countdown to 23105
[11:15:35.178] [SEVERE ] updating countdown to 23094
[11:15:35.189] [SEVERE ] updating countdown to 23083
[11:15:35.200] [SEVERE ] updating countdown to 23072
[11:15:35.211] [SEVERE ] updating countdown to 23061
[11:15:35.222] [SEVERE ] updating countdown to 23050
[11:15:35.233] [SEVERE ] updating countdown to 23039
[11:15:35.244] [SEVERE ] updating countdown to 23028
[11:15:35.255] [SEVERE ] updating countdown to 23017
[11:15:35.265] [SEVERE ] updating countdown to 23007
[11:15:35.276] [SEVERE ] updating countdown to 22996
[11:15:35.287] [SEVERE ] updating countdown to 22985
[11:15:35.298] [SEVERE ] updating countdown to 22974
[11:15:35.309] [SEVERE ] updating countdown to 22963
[11:15:35.320] [SEVERE ] updating countdown to 22952
[11:15:35.331] [SEVERE ] updating countdown to 22941
[11:15:35.342] [SEVERE ] updating countdown to 22930
[11:15:35.353] [SEVERE ] updating countdown to 22919
[11:15:35.364] [SEVERE ] updating countdown to 22908
[11:15:35.375] [SEVERE ] updating countdown to 22897
[11:15:35.386] [SEVERE ] updating countdown to 22886
[11:15:35.397] [SEVERE ] updating countdown to 22875
[11:15:35.408] [SEVERE ] updating countdown to 22864
[11:15:35.419] [SEVERE ] updating countdown to 22853
[11:15:35.430] [SEVERE ] updating countdown to 22842
[11:15:35.441] [SEVERE ] updating countdown to 22831
[11:15:35.452] [SEVERE ] updating countdown to 22820
[11:15:35.463] [SEVERE ] updating countdown to 22809
[11:15:35.474] [SEVERE ] updating countdown to 22798
[11:15:35.485] [SEVERE ] updating countdown to 22787
[11:15:35.496] [SEVERE ] updating countdown to 22776
[11:15:35.507] [SEVERE ] updating countdown to 22765
[11:15:35.518] [SEVERE ] updating countdown to 22754
[11:15:35.529] [SEVERE ] updating countdown to 22743
[11:15:35.540] [SEVERE ] updating countdown to 22732
[11:15:35.551] [SEVERE ] updating countdown to 22721
[11:15:35.562] [SEVERE ] updating countdown to 22710
[11:15:35.573] [SEVERE ] updating countdown to 22699
[11:15:35.584] [SEVERE ] updating countdown to 22688
[11:15:35.595] [SEVERE ] updating countdown to 22677
[11:15:35.606] [SEVERE ] updating countdown to 22666
[11:15:35.617] [SEVERE ] updating countdown to 22655
[11:15:35.628] [SEVERE ] updating countdown to 22644
[11:15:35.638] [SEVERE ] updating countdown to 22634
[11:15:35.649] [SEVERE ] updating countdown to 22623
[11:15:35.660] [SEVERE ] updating countdown to 22612
[11:15:35.671] [SEVERE ] updating countdown to 22601
[11:15:35.682] [SEVERE ] updating countdown to 22590
[11:15:35.693] [SEVERE ] updating countdown to 22579
[11:15:35.704] [SEVERE ] updating countdown to 22568
[11:15:35.715] [SEVERE ] updating countdown to 22557
[11:15:35.726] [SEVERE ] updating countdown to 22546
[11:15:35.737] [SEVERE ] updating countdown to 22535
[11:15:35.748] [SEVERE ] updating countdown to 22524
[11:15:35.759] [SEVERE ] updating countdown to 22513
[11:15:35.770] [SEVERE ] updating countdown to 22502
[11:15:35.781] [SEVERE ] updating countdown to 22491
[11:15:35.792] [SEVERE ] updating countdown to 22480
[11:15:35.803] [SEVERE ] updating countdown to 22469
[11:15:35.814] [SEVERE ] updating countdown to 22458
[11:15:35.825] [SEVERE ] updating countdown to 22447
[11:15:35.836] [SEVERE ] updating countdown to 22436
[11:15:35.847] [SEVERE ] updating countdown to 22425
[11:15:35.858] [SEVERE ] updating countdown to 22414
[11:15:35.869] [SEVERE ] updating countdown to 22403
[11:15:35.880] [SEVERE ] updating countdown to 22392
[11:15:35.891] [SEVERE ] updating countdown to 22381
[11:15:35.902] [SEVERE ] updating countdown to 22370
[11:15:35.913] [SEVERE ] updating countdown to 22359
[11:15:35.924] [SEVERE ] updating countdown to 22348
[11:15:35.935] [SEVERE ] updating countdown to 22337
[11:15:35.946] [SEVERE ] updating countdown to 22326
[11:15:35.957] [SEVERE ] updating countdown to 22315
[11:15:35.968] [SEVERE ] updating countdown to 22304
[11:15:35.979] [SEVERE ] updating countdown to 22293
[11:15:35.990] [SEVERE ] updating countdown to 22282
[11:15:36.001] [SEVERE ] updating countdown to 22271
[11:15:36.012] [SEVERE ] updating countdown to 22260
[11:15:36.022] [SEVERE ] updating countdown to 22250
[11:15:36.033] [SEVERE ] updating countdown to 22239
[11:15:36.058] [SEVERE ] updating countdown to 22214
[11:15:36.069] [SEVERE ] updating countdown to 22203
[11:15:36.080] [SEVERE ] updating countdown to 22192
[11:15:36.091] [SEVERE ] updating countdown to 22181
[11:15:36.102] [SEVERE ] updating countdown to 22170
[11:15:36.113] [SEVERE ] updating countdown to 22159
[11:15:36.124] [SEVERE ] updating countdown to 22148
[11:15:36.135] [SEVERE ] updating countdown to 22137
[11:15:36.146] [SEVERE ] updating countdown to 22126
[11:15:36.157] [SEVERE ] updating countdown to 22115
[11:15:36.168] [SEVERE ] updating countdown to 22104
[11:15:36.179] [SEVERE ] updating countdown to 22093
[11:15:36.190] [SEVERE ] updating countdown to 22082
[11:15:36.201] [SEVERE ] updating countdown to 22071
[11:15:36.212] [SEVERE ] updating countdown to 22060
[11:15:36.223] [SEVERE ] updating countdown to 22049
[11:15:36.234] [SEVERE ] updating countdown to 22038
[11:15:36.245] [SEVERE ] updating countdown to 22027
[11:15:36.256] [SEVERE ] updating countdown to 22016
[11:15:36.267] [SEVERE ] updating countdown to 22005
[11:15:36.278] [SEVERE ] updating countdown to 21994
[11:15:36.289] [SEVERE ] updating countdown to 21983
[11:15:36.300] [SEVERE ] updating countdown to 21972
[11:15:36.311] [SEVERE ] updating countdown to 21961
[11:15:36.322] [SEVERE ] updating countdown to 21950
[11:15:36.333] [SEVERE ] updating countdown to 21939
[11:15:36.344] [SEVERE ] updating countdown to 21928
[11:15:36.355] [SEVERE ] updating countdown to 21917
[11:15:36.366] [SEVERE ] updating countdown to 21906
[11:15:36.377] [SEVERE ] updating countdown to 21895
[11:15:36.387] [SEVERE ] updating countdown to 21885
[11:15:36.398] [SEVERE ] updating countdown to 21874
[11:15:36.409] [SEVERE ] updating countdown to 21863
[11:15:36.420] [SEVERE ] updating countdown to 21852
[11:15:36.431] [SEVERE ] updating countdown to 21841
[11:15:36.442] [SEVERE ] updating countdown to 21830
[11:15:36.453] [SEVERE ] updating countdown to 21819
[11:15:36.464] [SEVERE ] updating countdown to 21808
[11:15:36.475] [SEVERE ] updating countdown to 21797
[11:15:36.486] [SEVERE ] updating countdown to 21786
[11:15:36.497] [SEVERE ] updating countdown to 21775
[11:15:36.508] [SEVERE ] updating countdown to 21764
[11:15:36.519] [SEVERE ] updating countdown to 21753
[11:15:36.530] [SEVERE ] updating countdown to 21742
[11:15:36.541] [SEVERE ] updating countdown to 21731
[11:15:36.552] [SEVERE ] updating countdown to 21720
[11:15:36.563] [SEVERE ] updating countdown to 21709
[11:15:36.574] [SEVERE ] updating countdown to 21698
[11:15:36.585] [SEVERE ] updating countdown to 21687
[11:15:36.596] [SEVERE ] updating countdown to 21676
[11:15:36.607] [SEVERE ] updating countdown to 21665
[11:15:36.618] [SEVERE ] updating countdown to 21654
[11:15:36.629] [SEVERE ] updating countdown to 21643
[11:15:36.640] [SEVERE ] updating countdown to 21632
[11:15:36.651] [SEVERE ] updating countdown to 21621
[11:15:36.662] [SEVERE ] updating countdown to 21610
[11:15:36.673] [SEVERE ] updating countdown to 21599
[11:15:36.684] [SEVERE ] updating countdown to 21588
[11:15:36.695] [SEVERE ] updating countdown to 21577
[11:15:36.706] [SEVERE ] updating countdown to 21566
[11:15:36.717] [SEVERE ] updating countdown to 21555
[11:15:36.728] [SEVERE ] updating countdown to 21544
[11:15:36.739] [SEVERE ] updating countdown to 21533
[11:15:36.750] [SEVERE ] updating countdown to 21522
[11:15:36.760] [SEVERE ] updating countdown to 21512
[11:15:36.771] [SEVERE ] updating countdown to 21501
[11:15:36.782] [SEVERE ] updating countdown to 21490
[11:15:36.793] [SEVERE ] updating countdown to 21479
[11:15:36.804] [SEVERE ] updating countdown to 21468
[11:15:36.815] [SEVERE ] updating countdown to 21457
[11:15:36.826] [SEVERE ] updating countdown to 21446
[11:15:36.837] [SEVERE ] updating countdown to 21435
[11:15:36.848] [SEVERE ] updating countdown to 21424
[11:15:36.859] [SEVERE ] updating countdown to 21413
[11:15:36.870] [SEVERE ] updating countdown to 21402
[11:15:36.881] [SEVERE ] updating countdown to 21391
[11:15:36.892] [SEVERE ] updating countdown to 21380
[11:15:36.903] [SEVERE ] updating countdown to 21369
[11:15:36.914] [SEVERE ] updating countdown to 21358
[11:15:36.925] [SEVERE ] updating countdown to 21347
[11:15:36.936] [SEVERE ] updating countdown to 21336
[11:15:36.947] [SEVERE ] updating countdown to 21325
[11:15:36.958] [SEVERE ] updating countdown to 21314
[11:15:36.969] [SEVERE ] updating countdown to 21303
[11:15:36.980] [SEVERE ] updating countdown to 21292
[11:15:36.991] [SEVERE ] updating countdown to 21281
[11:15:37.002] [SEVERE ] updating countdown to 21270
[11:15:37.013] [SEVERE ] updating countdown to 21259
[11:15:37.024] [SEVERE ] updating countdown to 21248
[11:15:37.035] [SEVERE ] updating countdown to 21237
[11:15:37.046] [SEVERE ] updating countdown to 21226
[11:15:37.057] [SEVERE ] updating countdown to 21215
[11:15:37.134] [SEVERE ] updating countdown to 21138
[11:15:37.145] [SEVERE ] updating countdown to 21127
[11:15:37.156] [SEVERE ] updating countdown to 21116
[11:15:37.167] [SEVERE ] updating countdown to 21105
[11:15:37.178] [SEVERE ] updating countdown to 21094
[11:15:37.189] [SEVERE ] updating countdown to 21083
[11:15:37.200] [SEVERE ] updating countdown to 21072
[11:15:37.211] [SEVERE ] updating countdown to 21061
[11:15:37.222] [SEVERE ] updating countdown to 21050
[11:15:37.233] [SEVERE ] updating countdown to 21039
[11:15:37.244] [SEVERE ] updating countdown to 21028
[11:15:37.255] [SEVERE ] updating countdown to 21017
[11:15:37.266] [SEVERE ] updating countdown to 21006
[11:15:37.277] [SEVERE ] updating countdown to 20995
[11:15:37.288] [SEVERE ] updating countdown to 20984
[11:15:37.299] [SEVERE ] updating countdown to 20973
[11:15:37.310] [SEVERE ] updating countdown to 20962
[11:15:37.321] [SEVERE ] updating countdown to 20951
[11:15:37.332] [SEVERE ] updating countdown to 20940
[11:15:37.343] [SEVERE ] updating countdown to 20929
[11:15:37.354] [SEVERE ] updating countdown to 20918
[11:15:37.365] [SEVERE ] updating countdown to 20907
[11:15:37.376] [SEVERE ] updating countdown to 20896
[11:15:37.387] [SEVERE ] updating countdown to 20885
[11:15:37.398] [SEVERE ] updating countdown to 20874
[11:15:37.409] [SEVERE ] updating countdown to 20863
[11:15:37.420] [SEVERE ] updating countdown to 20852
[11:15:37.431] [SEVERE ] updating countdown to 20841
[11:15:37.442] [SEVERE ] updating countdown to 20830
[11:15:37.453] [SEVERE ] updating countdown to 20819
[11:15:37.464] [SEVERE ] updating countdown to 20808
[11:15:37.475] [SEVERE ] updating countdown to 20797
[11:15:37.486] [SEVERE ] updating countdown to 20786
[11:15:37.497] [SEVERE ] updating countdown to 20775
[11:15:37.508] [SEVERE ] updating countdown to 20764
[11:15:37.518] [SEVERE ] updating countdown to 20754
[11:15:37.529] [SEVERE ] updating countdown to 20743
[11:15:37.540] [SEVERE ] updating countdown to 20732
[11:15:37.551] [SEVERE ] updating countdown to 20721
[11:15:37.562] [SEVERE ] updating countdown to 20710
[11:15:37.573] [SEVERE ] updating countdown to 20699
[11:15:37.584] [SEVERE ] updating countdown to 20688
[11:15:37.595] [SEVERE ] updating countdown to 20677
[11:15:37.606] [SEVERE ] updating countdown to 20666
[11:15:37.617] [SEVERE ] updating countdown to 20655
[11:15:37.628] [SEVERE ] updating countdown to 20644
[11:15:37.639] [SEVERE ] updating countdown to 20633
[11:15:37.650] [SEVERE ] updating countdown to 20622
[11:15:37.661] [SEVERE ] updating countdown to 20611
[11:15:37.672] [SEVERE ] updating countdown to 20600
[11:15:37.683] [SEVERE ] updating countdown to 20589
[11:15:37.694] [SEVERE ] updating countdown to 20578
[11:15:37.705] [SEVERE ] updating countdown to 20567
[11:15:37.716] [SEVERE ] updating countdown to 20556
[11:15:37.727] [SEVERE ] updating countdown to 20545
[11:15:37.738] [SEVERE ] updating countdown to 20534
[11:15:37.749] [SEVERE ] updating countdown to 20523
[11:15:37.760] [SEVERE ] updating countdown to 20512
[11:15:37.771] [SEVERE ] updating countdown to 20501
[11:15:37.782] [SEVERE ] updating countdown to 20490
[11:15:37.793] [SEVERE ] updating countdown to 20479
[11:15:37.804] [SEVERE ] updating countdown to 20468
[11:15:37.815] [SEVERE ] updating countdown to 20457
[11:15:37.826] [SEVERE ] updating countdown to 20446
[11:15:37.837] [SEVERE ] updating countdown to 20435
[11:15:37.848] [SEVERE ] updating countdown to 20424
[11:15:37.859] [SEVERE ] updating countdown to 20413
[11:15:37.870] [SEVERE ] updating countdown to 20402
[11:15:37.881] [SEVERE ] updating countdown to 20391
[11:15:37.891] [SEVERE ] updating countdown to 20381
[11:15:37.902] [SEVERE ] updating countdown to 20370
[11:15:37.913] [SEVERE ] updating countdown to 20359
[11:15:37.924] [SEVERE ] updating countdown to 20348
[11:15:37.935] [SEVERE ] updating countdown to 20337
[11:15:37.946] [SEVERE ] updating countdown to 20326
[11:15:37.957] [SEVERE ] updating countdown to 20315
[11:15:37.968] [SEVERE ] updating countdown to 20304
[11:15:37.979] [SEVERE ] updating countdown to 20293
[11:15:37.990] [SEVERE ] updating countdown to 20282
[11:15:38.001] [SEVERE ] updating countdown to 20271
[11:15:38.012] [SEVERE ] updating countdown to 20260
[11:15:38.023] [SEVERE ] updating countdown to 20249
[11:15:38.034] [SEVERE ] updating countdown to 20238
[11:15:38.045] [SEVERE ] updating countdown to 20227
[11:15:38.056] [SEVERE ] updating countdown to 20216
[11:15:38.067] [SEVERE ] updating countdown to 20205
[11:15:38.078] [SEVERE ] updating countdown to 20194
[11:15:38.089] [SEVERE ] updating countdown to 20183
[11:15:38.100] [SEVERE ] updating countdown to 20172
[11:15:38.111] [SEVERE ] updating countdown to 20161
[11:15:38.122] [SEVERE ] updating countdown to 20150
[11:15:38.133] [SEVERE ] updating countdown to 20139
[11:15:38.211] [SEVERE ] updating countdown to 20061
[11:15:38.222] [SEVERE ] updating countdown to 20050
[11:15:38.233] [SEVERE ] updating countdown to 20039
[11:15:38.244] [SEVERE ] updating countdown to 20028
[11:15:38.255] [SEVERE ] updating countdown to 20017
[11:15:38.265] [SEVERE ] updating countdown to 20007
[11:15:38.276] [SEVERE ] updating countdown to 19996
[11:15:38.287] [SEVERE ] updating countdown to 19985
[11:15:38.298] [SEVERE ] updating countdown to 19974
[11:15:38.309] [SEVERE ] updating countdown to 19963
[11:15:38.320] [SEVERE ] updating countdown to 19952
[11:15:38.331] [SEVERE ] updating countdown to 19941
[11:15:38.342] [SEVERE ] updating countdown to 19930
[11:15:38.353] [SEVERE ] updating countdown to 19919
[11:15:38.364] [SEVERE ] updating countdown to 19908
[11:15:38.375] [SEVERE ] updating countdown to 19897
[11:15:38.386] [SEVERE ] updating countdown to 19886
[11:15:38.397] [SEVERE ] updating countdown to 19875
[11:15:38.408] [SEVERE ] updating countdown to 19864
[11:15:38.419] [SEVERE ] updating countdown to 19853
[11:15:38.430] [SEVERE ] updating countdown to 19842
[11:15:38.441] [SEVERE ] updating countdown to 19831
[11:15:38.452] [SEVERE ] updating countdown to 19820
[11:15:38.463] [SEVERE ] updating countdown to 19809
[11:15:38.474] [SEVERE ] updating countdown to 19798
[11:15:38.485] [SEVERE ] updating countdown to 19787
[11:15:38.496] [SEVERE ] updating countdown to 19776
[11:15:38.507] [SEVERE ] updating countdown to 19765
[11:15:38.518] [SEVERE ] updating countdown to 19754
[11:15:38.529] [SEVERE ] updating countdown to 19743
[11:15:38.540] [SEVERE ] updating countdown to 19732
[11:15:38.551] [SEVERE ] updating countdown to 19721
[11:15:38.562] [SEVERE ] updating countdown to 19710
[11:15:38.573] [SEVERE ] updating countdown to 19699
[11:15:38.584] [SEVERE ] updating countdown to 19688
[11:15:38.595] [SEVERE ] updating countdown to 19677
[11:15:38.606] [SEVERE ] updating countdown to 19666
[11:15:38.617] [SEVERE ] updating countdown to 19655
[11:15:38.628] [SEVERE ] updating countdown to 19644
[11:15:38.638] [SEVERE ] updating countdown to 19634
[11:15:38.649] [SEVERE ] updating countdown to 19623
[11:15:38.660] [SEVERE ] updating countdown to 19612
[11:15:38.671] [SEVERE ] updating countdown to 19601
[11:15:38.682] [SEVERE ] updating countdown to 19590
[11:15:38.693] [SEVERE ] updating countdown to 19579
[11:15:38.704] [SEVERE ] updating countdown to 19568
[11:15:38.715] [SEVERE ] updating countdown to 19557
[11:15:38.726] [SEVERE ] updating countdown to 19546
[11:15:38.737] [SEVERE ] updating countdown to 19535
[11:15:38.748] [SEVERE ] updating countdown to 19524
[11:15:38.759] [SEVERE ] updating countdown to 19513
[11:15:38.770] [SEVERE ] updating countdown to 19502
[11:15:38.781] [SEVERE ] updating countdown to 19491
[11:15:38.792] [SEVERE ] updating countdown to 19480
[11:15:38.803] [SEVERE ] updating countdown to 19469
[11:15:38.814] [SEVERE ] updating countdown to 19458
[11:15:38.825] [SEVERE ] updating countdown to 19447
[11:15:38.836] [SEVERE ] updating countdown to 19436
[11:15:38.847] [SEVERE ] updating countdown to 19425
[11:15:38.858] [SEVERE ] updating countdown to 19414
[11:15:38.869] [SEVERE ] updating countdown to 19403
[11:15:38.880] [SEVERE ] updating countdown to 19392
[11:15:38.891] [SEVERE ] updating countdown to 19381
[11:15:38.902] [SEVERE ] updating countdown to 19370
[11:15:38.990] [SEVERE ] updating countdown to 19282
[11:15:39.001] [SEVERE ] updating countdown to 19271
[11:15:39.011] [SEVERE ] updating countdown to 19261
[11:15:39.091] [SEVERE ] updating countdown to 19181
[11:15:39.102] [SEVERE ] updating countdown to 19170
[11:15:39.113] [SEVERE ] updating countdown to 19159
[11:15:39.194] [SEVERE ] updating countdown to 19078
[11:15:39.205] [SEVERE ] updating countdown to 19067
[11:15:39.295] [SEVERE ] updating countdown to 18977
[11:15:39.306] [SEVERE ] updating countdown to 18966
[11:15:39.391] [SEVERE ] updating countdown to 18881
[11:15:39.402] [SEVERE ] updating countdown to 18870
[11:15:39.413] [SEVERE ] updating countdown to 18859
[11:15:39.488] [SEVERE ] updating countdown to 18784
[11:15:39.499] [SEVERE ] updating countdown to 18773
[11:15:39.510] [SEVERE ] updating countdown to 18762
[11:15:39.586] [SEVERE ] updating countdown to 18686
[11:15:39.597] [SEVERE ] updating countdown to 18675
[11:15:39.608] [SEVERE ] updating countdown to 18664
[11:15:39.619] [SEVERE ] updating countdown to 18653
[11:15:39.686] [SEVERE ] updating countdown to 18586
[11:15:39.697] [SEVERE ] updating countdown to 18575
[11:15:39.708] [SEVERE ] updating countdown to 18564
[11:15:39.736] [SEVERE ] updating countdown to 18536
[11:15:39.747] [SEVERE ] updating countdown to 18525
[11:15:39.791] [SEVERE ] updating countdown to 18481
[11:15:39.802] [SEVERE ] updating countdown to 18470
[11:15:39.813] [SEVERE ] updating countdown to 18459
[11:15:39.824] [SEVERE ] updating countdown to 18448
[11:15:39.842] [SEVERE ] updating countdown to 18430
[11:15:39.853] [SEVERE ] updating countdown to 18419
[11:15:39.864] [SEVERE ] updating countdown to 18408
[11:15:39.893] [SEVERE ] updating countdown to 18379
[11:15:39.904] [SEVERE ] updating countdown to 18368
[11:15:39.915] [SEVERE ] updating countdown to 18357
[11:15:39.926] [SEVERE ] updating countdown to 18346
[11:15:39.937] [SEVERE ] updating countdown to 18335
[11:15:39.948] [SEVERE ] updating countdown to 18324
[11:15:39.959] [SEVERE ] updating countdown to 18313
[11:15:39.996] [SEVERE ] updating countdown to 18276
[11:15:40.007] [SEVERE ] updating countdown to 18265
[11:15:40.018] [SEVERE ] updating countdown to 18254
[11:15:40.029] [SEVERE ] updating countdown to 18243
[11:15:40.040] [SEVERE ] updating countdown to 18232
[11:15:40.051] [SEVERE ] updating countdown to 18221
[11:15:40.098] [SEVERE ] updating countdown to 18174
[11:15:40.109] [SEVERE ] updating countdown to 18163
[11:15:40.129] [SEVERE ] updating countdown to 18143
[11:15:40.140] [SEVERE ] updating countdown to 18132
[11:15:40.151] [SEVERE ] updating countdown to 18121
[11:15:40.162] [SEVERE ] updating countdown to 18110
[11:15:40.173] [SEVERE ] updating countdown to 18099
[11:15:40.199] [SEVERE ] updating countdown to 18073
[11:15:40.210] [SEVERE ] updating countdown to 18062
[11:15:40.221] [SEVERE ] updating countdown to 18051
[11:15:40.232] [SEVERE ] updating countdown to 18040
[11:15:40.243] [SEVERE ] updating countdown to 18029
[11:15:40.254] [SEVERE ] updating countdown to 18018
[11:15:40.295] [SEVERE ] updating countdown to 17977
[11:15:40.311] [SEVERE ] updating countdown to 17961
[11:15:40.322] [SEVERE ] updating countdown to 17950
[11:15:40.333] [SEVERE ] updating countdown to 17939
[11:15:40.344] [SEVERE ] updating countdown to 17928
[11:15:40.355] [SEVERE ] updating countdown to 17917
[11:15:40.366] [SEVERE ] updating countdown to 17906
[11:15:40.377] [SEVERE ] updating countdown to 17895
[11:15:40.388] [SEVERE ] updating countdown to 17884
[11:15:40.399] [SEVERE ] updating countdown to 17873
[11:15:40.410] [SEVERE ] updating countdown to 17862
[11:15:40.421] [SEVERE ] updating countdown to 17851
[11:15:40.432] [SEVERE ] updating countdown to 17840
[11:15:40.443] [SEVERE ] updating countdown to 17829
[11:15:40.454] [SEVERE ] updating countdown to 17818
[11:15:40.465] [SEVERE ] updating countdown to 17807
[11:15:40.476] [SEVERE ] updating countdown to 17796
[11:15:40.487] [SEVERE ] updating countdown to 17785
[11:15:40.498] [SEVERE ] updating countdown to 17774
[11:15:40.508] [SEVERE ] updating countdown to 17764
[11:15:40.519] [SEVERE ] updating countdown to 17753
[11:15:40.530] [SEVERE ] updating countdown to 17742
[11:15:40.541] [SEVERE ] updating countdown to 17731
[11:15:40.552] [SEVERE ] updating countdown to 17720
[11:15:40.563] [SEVERE ] updating countdown to 17709
[11:15:40.574] [SEVERE ] updating countdown to 17698
[11:15:40.585] [SEVERE ] updating countdown to 17687
[11:15:40.596] [SEVERE ] updating countdown to 17676
[11:15:40.607] [SEVERE ] updating countdown to 17665
[11:15:40.618] [SEVERE ] updating countdown to 17654
[11:15:40.629] [SEVERE ] updating countdown to 17643
[11:15:40.640] [SEVERE ] updating countdown to 17632
[11:15:40.651] [SEVERE ] updating countdown to 17621
[11:15:40.662] [SEVERE ] updating countdown to 17610
[11:15:40.673] [SEVERE ] updating countdown to 17599
[11:15:40.684] [SEVERE ] updating countdown to 17588
[11:15:40.695] [SEVERE ] updating countdown to 17577
[11:15:40.706] [SEVERE ] updating countdown to 17566
[11:15:40.717] [SEVERE ] updating countdown to 17555
[11:15:40.728] [SEVERE ] updating countdown to 17544
[11:15:40.739] [SEVERE ] updating countdown to 17533
[11:15:40.750] [SEVERE ] updating countdown to 17522
[11:15:40.761] [SEVERE ] updating countdown to 17511
[11:15:40.772] [SEVERE ] updating countdown to 17500
[11:15:40.783] [SEVERE ] updating countdown to 17489
[11:15:40.794] [SEVERE ] updating countdown to 17478
[11:15:40.805] [SEVERE ] updating countdown to 17467
[11:15:40.816] [SEVERE ] updating countdown to 17456
[11:15:40.827] [SEVERE ] updating countdown to 17445
[11:15:40.838] [SEVERE ] updating countdown to 17434
[11:15:40.849] [SEVERE ] updating countdown to 17423
[11:15:40.860] [SEVERE ] updating countdown to 17412
[11:15:40.871] [SEVERE ] updating countdown to 17401
[11:15:40.881] [SEVERE ] updating countdown to 17391
[11:15:40.892] [SEVERE ] updating countdown to 17380
[11:15:40.903] [SEVERE ] updating countdown to 17369
[11:15:40.914] [SEVERE ] updating countdown to 17358
[11:15:40.925] [SEVERE ] updating countdown to 17347
[11:15:40.936] [SEVERE ] updating countdown to 17336
[11:15:40.947] [SEVERE ] updating countdown to 17325
[11:15:40.958] [SEVERE ] updating countdown to 17314
[11:15:40.969] [SEVERE ] updating countdown to 17303
[11:15:40.980] [SEVERE ] updating countdown to 17292
[11:15:40.991] [SEVERE ] updating countdown to 17281
[11:15:41.002] [SEVERE ] updating countdown to 17270
[11:15:41.013] [SEVERE ] updating countdown to 17259
[11:15:41.024] [SEVERE ] updating countdown to 17248
[11:15:41.035] [SEVERE ] updating countdown to 17237
[11:15:41.046] [SEVERE ] updating countdown to 17226
[11:15:41.057] [SEVERE ] updating countdown to 17215
[11:15:41.068] [SEVERE ] updating countdown to 17204
[11:15:41.079] [SEVERE ] updating countdown to 17193
[11:15:41.090] [SEVERE ] updating countdown to 17182
[11:15:41.101] [SEVERE ] updating countdown to 17171
[11:15:41.112] [SEVERE ] updating countdown to 17160
[11:15:41.123] [SEVERE ] updating countdown to 17149
[11:15:41.134] [SEVERE ] updating countdown to 17138
[11:15:41.145] [SEVERE ] updating countdown to 17127
[11:15:41.156] [SEVERE ] updating countdown to 17116
[11:15:41.167] [SEVERE ] updating countdown to 17105
[11:15:41.178] [SEVERE ] updating countdown to 17094
[11:15:41.189] [SEVERE ] updating countdown to 17083
[11:15:41.200] [SEVERE ] updating countdown to 17072
[11:15:41.211] [SEVERE ] updating countdown to 17061
[11:15:41.222] [SEVERE ] updating countdown to 17050
[11:15:41.233] [SEVERE ] updating countdown to 17039
[11:15:41.244] [SEVERE ] updating countdown to 17028
[11:15:41.254] [SEVERE ] updating countdown to 17018
[11:15:41.265] [SEVERE ] updating countdown to 17007
[11:15:41.276] [SEVERE ] updating countdown to 16996
[11:15:41.287] [SEVERE ] updating countdown to 16985
[11:15:41.298] [SEVERE ] updating countdown to 16974
[11:15:41.309] [SEVERE ] updating countdown to 16963
[11:15:41.320] [SEVERE ] updating countdown to 16952
[11:15:41.331] [SEVERE ] updating countdown to 16941
[11:15:41.342] [SEVERE ] updating countdown to 16930
[11:15:41.353] [SEVERE ] updating countdown to 16919
[11:15:41.364] [SEVERE ] updating countdown to 16908
[11:15:41.375] [SEVERE ] updating countdown to 16897
[11:15:41.386] [SEVERE ] updating countdown to 16886
[11:15:41.397] [SEVERE ] updating countdown to 16875
[11:15:41.408] [SEVERE ] updating countdown to 16864
[11:15:41.419] [SEVERE ] updating countdown to 16853
[11:15:41.430] [SEVERE ] updating countdown to 16842
[11:15:41.441] [SEVERE ] updating countdown to 16831
[11:15:41.452] [SEVERE ] updating countdown to 16820
[11:15:41.463] [SEVERE ] updating countdown to 16809
[11:15:41.474] [SEVERE ] updating countdown to 16798
[11:15:41.485] [SEVERE ] updating countdown to 16787
[11:15:41.496] [SEVERE ] updating countdown to 16776
[11:15:41.507] [SEVERE ] updating countdown to 16765
[11:15:41.518] [SEVERE ] updating countdown to 16754
[11:15:41.529] [SEVERE ] updating countdown to 16743
[11:15:41.540] [SEVERE ] updating countdown to 16732
[11:15:41.551] [SEVERE ] updating countdown to 16721
[11:15:41.562] [SEVERE ] updating countdown to 16710
[11:15:41.573] [SEVERE ] updating countdown to 16699
[11:15:41.584] [SEVERE ] updating countdown to 16688
[11:15:41.595] [SEVERE ] updating countdown to 16677
[11:15:41.606] [SEVERE ] updating countdown to 16666
[11:15:41.617] [SEVERE ] updating countdown to 16655
[11:15:41.627] [SEVERE ] updating countdown to 16645
[11:15:41.638] [SEVERE ] updating countdown to 16634
[11:15:41.649] [SEVERE ] updating countdown to 16623
[11:15:41.660] [SEVERE ] updating countdown to 16612
[11:15:41.671] [SEVERE ] updating countdown to 16601
[11:15:41.682] [SEVERE ] updating countdown to 16590
[11:15:41.693] [SEVERE ] updating countdown to 16579
[11:15:41.704] [SEVERE ] updating countdown to 16568
[11:15:41.715] [SEVERE ] updating countdown to 16557
[11:15:41.726] [SEVERE ] updating countdown to 16546
[11:15:41.737] [SEVERE ] updating countdown to 16535
[11:15:41.748] [SEVERE ] updating countdown to 16524
[11:15:41.759] [SEVERE ] updating countdown to 16513
[11:15:41.770] [SEVERE ] updating countdown to 16502
[11:15:41.781] [SEVERE ] updating countdown to 16491
[11:15:41.792] [SEVERE ] updating countdown to 16480
[11:15:41.803] [SEVERE ] updating countdown to 16469
[11:15:41.814] [SEVERE ] updating countdown to 16458
[11:15:41.825] [SEVERE ] updating countdown to 16447
[11:15:41.836] [SEVERE ] updating countdown to 16436
[11:15:41.847] [SEVERE ] updating countdown to 16425
[11:15:41.858] [SEVERE ] updating countdown to 16414
[11:15:41.869] [SEVERE ] updating countdown to 16403
[11:15:41.880] [SEVERE ] updating countdown to 16392
[11:15:41.891] [SEVERE ] updating countdown to 16381
[11:15:41.902] [SEVERE ] updating countdown to 16370
[11:15:41.913] [SEVERE ] updating countdown to 16359
[11:15:41.924] [SEVERE ] updating countdown to 16348
[11:15:41.935] [SEVERE ] updating countdown to 16337
[11:15:41.946] [SEVERE ] updating countdown to 16326
[11:15:41.957] [SEVERE ] updating countdown to 16315
[11:15:41.968] [SEVERE ] updating countdown to 16304
[11:15:41.979] [SEVERE ] updating countdown to 16293
[11:15:41.990] [SEVERE ] updating countdown to 16282
[11:15:42.000] [SEVERE ] updating countdown to 16272
[11:15:42.011] [SEVERE ] updating countdown to 16261
[11:15:42.022] [SEVERE ] updating countdown to 16250
[11:15:42.033] [SEVERE ] updating countdown to 16239
[11:15:42.044] [SEVERE ] updating countdown to 16228
[11:15:42.055] [SEVERE ] updating countdown to 16217
[11:15:42.066] [SEVERE ] updating countdown to 16206
[11:15:42.077] [SEVERE ] updating countdown to 16195
[11:15:42.088] [SEVERE ] updating countdown to 16184
[11:15:42.099] [SEVERE ] updating countdown to 16173
[11:15:42.110] [SEVERE ] updating countdown to 16162
[11:15:42.121] [SEVERE ] updating countdown to 16151
[11:15:42.132] [SEVERE ] updating countdown to 16140
[11:15:42.143] [SEVERE ] updating countdown to 16129
[11:15:42.154] [SEVERE ] updating countdown to 16118
[11:15:42.165] [SEVERE ] updating countdown to 16107
[11:15:42.176] [SEVERE ] updating countdown to 16096
[11:15:42.187] [SEVERE ] updating countdown to 16085
[11:15:42.198] [SEVERE ] updating countdown to 16074
[11:15:42.209] [SEVERE ] updating countdown to 16063
[11:15:42.220] [SEVERE ] updating countdown to 16052
[11:15:42.231] [SEVERE ] updating countdown to 16041
[11:15:42.242] [SEVERE ] updating countdown to 16030
[11:15:42.253] [SEVERE ] updating countdown to 16019
[11:15:42.264] [SEVERE ] updating countdown to 16008
[11:15:42.275] [SEVERE ] updating countdown to 15997
[11:15:42.286] [SEVERE ] updating countdown to 15986
[11:15:42.297] [SEVERE ] updating countdown to 15975
[11:15:42.354] [SEVERE ] updating countdown to 15918
[11:15:42.365] [SEVERE ] updating countdown to 15907
[11:15:42.375] [SEVERE ] updating countdown to 15897
[11:15:42.386] [SEVERE ] updating countdown to 15886
[11:15:42.397] [SEVERE ] updating countdown to 15875
[11:15:42.408] [SEVERE ] updating countdown to 15864
[11:15:42.419] [SEVERE ] updating countdown to 15853
[11:15:42.430] [SEVERE ] updating countdown to 15842
[11:15:42.441] [SEVERE ] updating countdown to 15831
[11:15:42.452] [SEVERE ] updating countdown to 15820
[11:15:42.463] [SEVERE ] updating countdown to 15809
[11:15:42.474] [SEVERE ] updating countdown to 15798
[11:15:42.485] [SEVERE ] updating countdown to 15787
[11:15:42.496] [SEVERE ] updating countdown to 15776
[11:15:42.507] [SEVERE ] updating countdown to 15765
[11:15:42.518] [SEVERE ] updating countdown to 15754
[11:15:42.529] [SEVERE ] updating countdown to 15743
[11:15:42.540] [SEVERE ] updating countdown to 15732
[11:15:42.551] [SEVERE ] updating countdown to 15721
[11:15:42.562] [SEVERE ] updating countdown to 15710
[11:15:42.573] [SEVERE ] updating countdown to 15699
[11:15:42.584] [SEVERE ] updating countdown to 15688
[11:15:42.595] [SEVERE ] updating countdown to 15677
[11:15:42.606] [SEVERE ] updating countdown to 15666
[11:15:42.617] [SEVERE ] updating countdown to 15655
[11:15:42.628] [SEVERE ] updating countdown to 15644
[11:15:42.639] [SEVERE ] updating countdown to 15633
[11:15:42.650] [SEVERE ] updating countdown to 15622
[11:15:42.661] [SEVERE ] updating countdown to 15611
[11:15:42.672] [SEVERE ] updating countdown to 15600
[11:15:42.683] [SEVERE ] updating countdown to 15589
[11:15:42.694] [SEVERE ] updating countdown to 15578
[11:15:42.705] [SEVERE ] updating countdown to 15567
[11:15:42.716] [SEVERE ] updating countdown to 15556
[11:15:42.727] [SEVERE ] updating countdown to 15545
[11:15:42.738] [SEVERE ] updating countdown to 15534
[11:15:42.748] [SEVERE ] updating countdown to 15524
[11:15:42.759] [SEVERE ] updating countdown to 15513
[11:15:42.770] [SEVERE ] updating countdown to 15502
[11:15:42.781] [SEVERE ] updating countdown to 15491
[11:15:42.792] [SEVERE ] updating countdown to 15480
[11:15:42.803] [SEVERE ] updating countdown to 15469
[11:15:42.814] [SEVERE ] updating countdown to 15458
[11:15:42.825] [SEVERE ] updating countdown to 15447
[11:15:42.836] [SEVERE ] updating countdown to 15436
[11:15:42.847] [SEVERE ] updating countdown to 15425
[11:15:42.858] [SEVERE ] updating countdown to 15414
[11:15:42.869] [SEVERE ] updating countdown to 15403
[11:15:42.880] [SEVERE ] updating countdown to 15392
[11:15:42.891] [SEVERE ] updating countdown to 15381
[11:15:42.902] [SEVERE ] updating countdown to 15370
[11:15:42.913] [SEVERE ] updating countdown to 15359
[11:15:42.924] [SEVERE ] updating countdown to 15348
[11:15:42.935] [SEVERE ] updating countdown to 15337
[11:15:42.946] [SEVERE ] updating countdown to 15326
[11:15:42.957] [SEVERE ] updating countdown to 15315
[11:15:42.968] [SEVERE ] updating countdown to 15304
[11:15:42.979] [SEVERE ] updating countdown to 15293
[11:15:42.990] [SEVERE ] updating countdown to 15282
[11:15:43.001] [SEVERE ] updating countdown to 15271
[11:15:43.012] [SEVERE ] updating countdown to 15260
[11:15:43.023] [SEVERE ] updating countdown to 15249
[11:15:43.034] [SEVERE ] updating countdown to 15238
[11:15:43.045] [SEVERE ] updating countdown to 15227
[11:15:43.056] [SEVERE ] updating countdown to 15216
[11:15:43.067] [SEVERE ] updating countdown to 15205
[11:15:43.078] [SEVERE ] updating countdown to 15194
[11:15:43.089] [SEVERE ] updating countdown to 15183
[11:15:43.100] [SEVERE ] updating countdown to 15172
[11:15:43.111] [SEVERE ] updating countdown to 15161
[11:15:43.121] [SEVERE ] updating countdown to 15151
[11:15:43.132] [SEVERE ] updating countdown to 15140
[11:15:43.143] [SEVERE ] updating countdown to 15129
[11:15:43.154] [SEVERE ] updating countdown to 15118
[11:15:43.165] [SEVERE ] updating countdown to 15107
[11:15:43.176] [SEVERE ] updating countdown to 15096
[11:15:43.187] [SEVERE ] updating countdown to 15085
[11:15:43.198] [SEVERE ] updating countdown to 15074
[11:15:43.209] [SEVERE ] updating countdown to 15063
[11:15:43.220] [SEVERE ] updating countdown to 15052
[11:15:43.231] [SEVERE ] updating countdown to 15041
[11:15:43.242] [SEVERE ] updating countdown to 15030
[11:15:43.253] [SEVERE ] updating countdown to 15019
[11:15:43.264] [SEVERE ] updating countdown to 15008
[11:15:43.275] [SEVERE ] updating countdown to 14997
[11:15:43.286] [SEVERE ] updating countdown to 14986
[11:15:43.297] [SEVERE ] updating countdown to 14975
[11:15:43.308] [SEVERE ] updating countdown to 14964
[11:15:43.319] [SEVERE ] updating countdown to 14953
[11:15:43.330] [SEVERE ] updating countdown to 14942
[11:15:43.341] [SEVERE ] updating countdown to 14931
[11:15:43.352] [SEVERE ] updating countdown to 14920
[11:15:43.363] [SEVERE ] updating countdown to 14909
[11:15:43.374] [SEVERE ] updating countdown to 14898
[11:15:43.385] [SEVERE ] updating countdown to 14887
[11:15:43.396] [SEVERE ] updating countdown to 14876
[11:15:43.407] [SEVERE ] updating countdown to 14865
[11:15:43.418] [SEVERE ] updating countdown to 14854
[11:15:43.429] [SEVERE ] updating countdown to 14843
[11:15:43.440] [SEVERE ] updating countdown to 14832
[11:15:43.451] [SEVERE ] updating countdown to 14821
[11:15:43.462] [SEVERE ] updating countdown to 14810
[11:15:43.473] [SEVERE ] updating countdown to 14799
[11:15:43.484] [SEVERE ] updating countdown to 14788
[11:15:43.494] [SEVERE ] updating countdown to 14778
[11:15:43.505] [SEVERE ] updating countdown to 14767
[11:15:43.516] [SEVERE ] updating countdown to 14756
[11:15:43.527] [SEVERE ] updating countdown to 14745
[11:15:43.538] [SEVERE ] updating countdown to 14734
[11:15:43.549] [SEVERE ] updating countdown to 14723
[11:15:43.560] [SEVERE ] updating countdown to 14712
[11:15:43.571] [SEVERE ] updating countdown to 14701
[11:15:43.582] [SEVERE ] updating countdown to 14690
[11:15:43.593] [SEVERE ] updating countdown to 14679
[11:15:43.604] [SEVERE ] updating countdown to 14668
[11:15:43.615] [SEVERE ] updating countdown to 14657
[11:15:43.626] [SEVERE ] updating countdown to 14646
[11:15:43.637] [SEVERE ] updating countdown to 14635
[11:15:43.648] [SEVERE ] updating countdown to 14624
[11:15:43.659] [SEVERE ] updating countdown to 14613
[11:15:43.670] [SEVERE ] updating countdown to 14602
[11:15:43.681] [SEVERE ] updating countdown to 14591
[11:15:43.692] [SEVERE ] updating countdown to 14580
[11:15:43.703] [SEVERE ] updating countdown to 14569
[11:15:43.714] [SEVERE ] updating countdown to 14558
[11:15:43.725] [SEVERE ] updating countdown to 14547
[11:15:43.736] [SEVERE ] updating countdown to 14536
[11:15:43.747] [SEVERE ] updating countdown to 14525
[11:15:43.758] [SEVERE ] updating countdown to 14514
[11:15:43.769] [SEVERE ] updating countdown to 14503
[11:15:43.780] [SEVERE ] updating countdown to 14492
[11:15:43.791] [SEVERE ] updating countdown to 14481
[11:15:43.802] [SEVERE ] updating countdown to 14470
[11:15:43.813] [SEVERE ] updating countdown to 14459
[11:15:43.824] [SEVERE ] updating countdown to 14448
[11:15:43.835] [SEVERE ] updating countdown to 14437
[11:15:43.846] [SEVERE ] updating countdown to 14426
[11:15:43.857] [SEVERE ] updating countdown to 14415
[11:15:43.867] [SEVERE ] updating countdown to 14405
[11:15:43.878] [SEVERE ] updating countdown to 14394
[11:15:43.889] [SEVERE ] updating countdown to 14383
[11:15:43.900] [SEVERE ] updating countdown to 14372
[11:15:43.911] [SEVERE ] updating countdown to 14361
[11:15:43.922] [SEVERE ] updating countdown to 14350
[11:15:43.933] [SEVERE ] updating countdown to 14339
[11:15:43.944] [SEVERE ] updating countdown to 14328
[11:15:43.955] [SEVERE ] updating countdown to 14317
[11:15:43.966] [SEVERE ] updating countdown to 14306
[11:15:43.977] [SEVERE ] updating countdown to 14295
[11:15:43.988] [SEVERE ] updating countdown to 14284
[11:15:43.999] [SEVERE ] updating countdown to 14273
[11:15:44.010] [SEVERE ] updating countdown to 14262
[11:15:44.021] [SEVERE ] updating countdown to 14251
[11:15:44.032] [SEVERE ] updating countdown to 14240
[11:15:44.043] [SEVERE ] updating countdown to 14229
[11:15:44.054] [SEVERE ] updating countdown to 14218
[11:15:44.065] [SEVERE ] updating countdown to 14207
[11:15:44.076] [SEVERE ] updating countdown to 14196
[11:15:44.087] [SEVERE ] updating countdown to 14185
[11:15:44.098] [SEVERE ] updating countdown to 14174
[11:15:44.109] [SEVERE ] updating countdown to 14163
[11:15:44.120] [SEVERE ] updating countdown to 14152
[11:15:44.131] [SEVERE ] updating countdown to 14141
[11:15:44.142] [SEVERE ] updating countdown to 14130
[11:15:44.153] [SEVERE ] updating countdown to 14119
[11:15:44.164] [SEVERE ] updating countdown to 14108
[11:15:44.175] [SEVERE ] updating countdown to 14097
[11:15:44.186] [SEVERE ] updating countdown to 14086
[11:15:44.197] [SEVERE ] updating countdown to 14075
[11:15:44.208] [SEVERE ] updating countdown to 14064
[11:15:44.219] [SEVERE ] updating countdown to 14053
[11:15:44.230] [SEVERE ] updating countdown to 14042
[11:15:44.241] [SEVERE ] updating countdown to 14031
[11:15:44.249] [SEVERE ] exit button pressed
[11:15:44.251] [SEVERE ] updating countdown to 14021
[11:15:44.251] [SEVERE ] updating countdown to 30000
[11:15:44.251] [SEVERE ] updating countdown to 30000
[11:15:44.252] [SEVERE ] announcing winner(s): player 4
[11:15:44.253] [INFO   ] Thread dealer terminated.
[11:15:44.253] [INFO   ] thread dealer terminated.
[11:15:44.253] [SEVERE ] thanks for playing... it was fun!
[11:15:44.253] [INFO   ] thread main terminated.
[11:15:44.508] [INFO   ] Thread computer-3 terminated.
[11:15:44.508] [INFO   ] Thread Player 3 terminated.
[11:15:44.794] [INFO   ] Thread computer-2 terminated.
[11:15:44.794] [INFO   ] Thread Player 2 terminated.
[11:15:45.080] [INFO   ] Thread computer-1 terminated.
[11:15:45.080] [INFO   ] Thread Player 1 terminated.
[11:15:45.367] [INFO   ] Thread computer-0 terminated.
[11:15:45.367] [INFO   ] Thread Player 0 terminated.
