[15:25:22.030] [INFO   ] thread main starting.
[15:25:22.040] [SEVERE ] cannot read configuration file config.properties trying from resources.
[15:25:22.044] [SEVERE ] configuration file was loaded from resources directory.
[15:25:22.728] [INFO   ] thread dealer starting.
[15:25:22.730] [INFO   ] Thread dealer starting.
[15:25:22.732] [INFO   ] Thread Player 0 starting.
[15:25:22.732] [INFO   ] Thread Player 1 starting.
[15:25:22.736] [INFO   ] Thread Player 2 starting.
[15:25:22.739] [INFO   ] Thread Player 3 starting.
[15:25:22.750] [INFO   ] Thread computer-1 starting.
[15:25:22.751] [INFO   ] Thread computer-0 starting.
[15:25:22.751] [INFO   ] Thread computer-3 starting.
[15:25:22.751] [INFO   ] Thread computer-2 starting.
[15:25:22.875] [SEVERE ] placing card 52 in slot 5
[15:25:22.984] [SEVERE ] placing card 33 in slot 4
[15:25:23.092] [SEVERE ] placing card 78 in slot 1
[15:25:23.200] [SEVERE ] placing card 72 in slot 9
[15:25:23.309] [SEVERE ] placing card 7 in slot 2
[15:25:23.419] [SEVERE ] placing card 62 in slot 8
[15:25:23.527] [SEVERE ] placing card 23 in slot 6
[15:25:23.638] [SEVERE ] placing card 76 in slot 3
[15:25:23.750] [SEVERE ] placing card 40 in slot 7
[15:25:23.860] [SEVERE ] placing card 80 in slot 0
[15:25:23.970] [SEVERE ] placing card 34 in slot 11
[15:25:24.081] [SEVERE ] placing card 71 in slot 10
[15:25:24.092] [SEVERE ] player 3 placing token on slot 3
[15:25:24.107] [SEVERE ] player 2 placing token on slot 9
[15:25:24.109] [SEVERE ] player 1 placing token on slot 9
[15:25:24.109] [SEVERE ] player 4 placing token on slot 3
[15:25:24.112] [SEVERE ] player 2 placing token on slot 0
[15:25:24.112] [SEVERE ] player 3 placing token on slot 9
[15:25:24.113] [SEVERE ] removing player 4 token from slot 3
[15:25:24.113] [SEVERE ] player 1 placing token on slot 0
[15:25:24.118] [SEVERE ] player 2 placing token on slot 3
[15:25:24.119] [SEVERE ] setting player 2 freeze to 0
[15:25:24.119] [SEVERE ] player 3 placing token on slot 0
[15:25:24.120] [SEVERE ] setting player 3 freeze to 0
[15:25:24.120] [SEVERE ] player 4 placing token on slot 9
[15:25:24.123] [SEVERE ] removing player 1 token from slot 0
[15:25:24.131] [SEVERE ] setting player 2 score to 1
[15:25:24.131] [SEVERE ] removing player 2 token from slot 9
[15:25:24.132] [SEVERE ] removing player 2 token from slot 0
[15:25:24.132] [SEVERE ] removing player 2 token from slot 3
[15:25:24.132] [SEVERE ] removing player 1 token from slot 9
[15:25:24.132] [SEVERE ] removing player 3 token from slot 9
[15:25:24.133] [SEVERE ] removing player 4 token from slot 9
[15:25:24.132] [SEVERE ] setting player 3 freeze to 0
[15:25:24.143] [SEVERE ] setting player 2 freeze to 0
[15:25:24.158] [SEVERE ] setting player 2 freeze to 0
[15:25:24.158] [SEVERE ] setting player 3 freeze to 0
[15:25:24.173] [SEVERE ] setting player 3 freeze to 0
[15:25:24.173] [SEVERE ] setting player 2 freeze to 0
[15:25:24.188] [SEVERE ] setting player 2 freeze to 0
[15:25:24.188] [SEVERE ] setting player 3 freeze to 0
[15:25:24.204] [SEVERE ] setting player 3 freeze to 0
[15:25:24.204] [SEVERE ] setting player 2 freeze to 0
[15:25:24.220] [SEVERE ] setting player 2 freeze to 0
[15:25:24.220] [SEVERE ] setting player 3 freeze to 0
[15:25:24.236] [SEVERE ] setting player 2 freeze to 0
[15:25:24.236] [SEVERE ] removing tokens from slot 9
[15:25:24.236] [SEVERE ] setting player 3 freeze to 0
[15:25:24.236] [SEVERE ] removing card from slot 9
[15:25:24.237] [SEVERE ] removing player 3 token from slot 0
[15:25:24.247] [SEVERE ] setting player 2 freeze to 0
[15:25:24.248] [SEVERE ] setting player 3 freeze to 0
[15:25:24.257] [SEVERE ] setting player 2 freeze to 0
[15:25:24.267] [SEVERE ] setting player 3 freeze to 0
[15:25:24.269] [SEVERE ] setting player 2 freeze to 0
[15:25:24.278] [SEVERE ] setting player 3 freeze to 0
[15:25:24.283] [SEVERE ] setting player 2 freeze to 0
[15:25:24.299] [SEVERE ] setting player 3 freeze to 0
[15:25:24.299] [SEVERE ] setting player 2 freeze to 0
[15:25:24.315] [SEVERE ] setting player 2 freeze to 0
[15:25:24.315] [SEVERE ] setting player 3 freeze to 0
[15:25:24.331] [SEVERE ] setting player 2 freeze to 0
[15:25:24.331] [SEVERE ] setting player 3 freeze to 0
[15:25:24.347] [SEVERE ] removing tokens from slot 0
[15:25:24.347] [SEVERE ] setting player 2 freeze to 0
[15:25:24.347] [SEVERE ] setting player 3 freeze to 0
[15:25:24.347] [SEVERE ] removing card from slot 0
[15:25:24.348] [SEVERE ] removing player 3 token from slot 3
[15:25:24.363] [SEVERE ] setting player 2 freeze to 0
[15:25:24.363] [SEVERE ] setting player 3 freeze to 0
[15:25:24.379] [SEVERE ] setting player 3 freeze to 0
[15:25:24.379] [SEVERE ] setting player 2 freeze to 0
[15:25:24.395] [SEVERE ] setting player 2 freeze to 0
[15:25:24.395] [SEVERE ] setting player 3 freeze to 0
[15:25:24.411] [SEVERE ] setting player 2 freeze to 0
[15:25:24.411] [SEVERE ] setting player 3 freeze to 0
[15:25:24.426] [SEVERE ] setting player 2 freeze to 0
[15:25:24.426] [SEVERE ] setting player 3 freeze to 0
[15:25:24.442] [SEVERE ] setting player 2 freeze to 0
[15:25:24.442] [SEVERE ] setting player 3 freeze to 0
[15:25:24.453] [SEVERE ] setting player 2 freeze to 0
[15:25:24.457] [SEVERE ] setting player 3 freeze to 0
[15:25:24.457] [SEVERE ] removing tokens from slot 3
[15:25:24.457] [SEVERE ] removing card from slot 3
[15:25:24.472] [SEVERE ] setting player 2 freeze to 0
[15:25:24.472] [SEVERE ] setting player 3 freeze to 0
[15:25:24.472] [SEVERE ] setting player 2 freeze to 0
[15:25:24.488] [SEVERE ] setting player 3 freeze to 0
[15:25:24.503] [SEVERE ] setting player 3 freeze to 0
[15:25:24.519] [SEVERE ] setting player 3 freeze to 0
[15:25:24.535] [SEVERE ] setting player 3 freeze to 0
[15:25:24.551] [SEVERE ] setting player 3 freeze to 0
[15:25:24.567] [SEVERE ] setting player 3 freeze to 0
[15:25:24.582] [SEVERE ] setting player 3 freeze to 0
[15:25:24.598] [SEVERE ] setting player 3 freeze to 0
[15:25:24.614] [SEVERE ] setting player 3 freeze to 0
[15:25:24.630] [SEVERE ] setting player 3 freeze to 0
[15:25:24.645] [SEVERE ] setting player 3 freeze to 0
[15:25:24.660] [SEVERE ] setting player 3 freeze to 0
[15:25:24.676] [SEVERE ] setting player 3 freeze to 0
[15:25:24.692] [SEVERE ] setting player 3 freeze to 0
[15:25:24.708] [SEVERE ] setting player 3 freeze to 0
[15:25:24.724] [SEVERE ] setting player 3 freeze to 0
[15:25:24.739] [SEVERE ] setting player 3 freeze to 0
[15:25:24.754] [SEVERE ] setting player 3 freeze to 0
[15:25:24.769] [SEVERE ] setting player 3 freeze to 0
[15:25:24.785] [SEVERE ] setting player 3 freeze to 0
[15:25:24.800] [SEVERE ] setting player 3 freeze to 0
[15:25:24.816] [SEVERE ] setting player 3 freeze to 0
[15:25:24.832] [SEVERE ] setting player 3 freeze to 0
[15:25:24.847] [SEVERE ] setting player 3 freeze to 0
[15:25:24.863] [SEVERE ] setting player 3 freeze to 0
[15:25:24.878] [SEVERE ] setting player 3 freeze to 0
[15:25:24.893] [SEVERE ] setting player 3 freeze to 0
[15:25:24.908] [SEVERE ] setting player 3 freeze to 0
[15:25:24.924] [SEVERE ] setting player 3 freeze to 0
[15:25:24.940] [SEVERE ] setting player 3 freeze to 0
[15:25:24.955] [SEVERE ] setting player 3 freeze to 0
[15:25:24.971] [SEVERE ] setting player 3 freeze to 0
[15:25:24.987] [SEVERE ] setting player 3 freeze to 0
[15:25:25.002] [SEVERE ] setting player 3 freeze to 0
[15:25:25.018] [SEVERE ] setting player 3 freeze to 0
[15:25:25.033] [SEVERE ] setting player 3 freeze to 0
[15:25:25.048] [SEVERE ] setting player 3 freeze to 0
[15:25:25.064] [SEVERE ] setting player 3 freeze to 0
[15:25:25.080] [SEVERE ] setting player 3 freeze to 0
[15:25:25.095] [SEVERE ] setting player 3 freeze to 0
[15:25:25.111] [SEVERE ] setting player 3 freeze to 0
[15:25:25.126] [SEVERE ] setting player 3 freeze to 0
[15:25:25.142] [SEVERE ] setting player 3 freeze to 0
[15:25:25.157] [SEVERE ] setting player 3 freeze to 0
[15:25:25.173] [SEVERE ] setting player 3 freeze to 0
[15:25:25.188] [SEVERE ] setting player 3 freeze to 0
[15:25:25.203] [SEVERE ] setting player 3 freeze to 0
[15:25:25.219] [SEVERE ] setting player 3 freeze to 0
[15:25:25.234] [SEVERE ] setting player 3 freeze to 0
[15:25:25.250] [SEVERE ] setting player 3 freeze to 0
[15:25:25.266] [SEVERE ] setting player 3 freeze to 0
[15:25:25.281] [SEVERE ] setting player 3 freeze to 0
[15:25:25.297] [SEVERE ] setting player 3 freeze to 0
[15:25:25.313] [SEVERE ] setting player 3 freeze to 0
[15:25:25.329] [SEVERE ] setting player 3 freeze to 0
[15:25:25.345] [SEVERE ] setting player 3 freeze to 0
[15:25:25.360] [SEVERE ] setting player 3 freeze to 0
[15:25:25.375] [SEVERE ] setting player 3 freeze to 0
[15:25:25.391] [SEVERE ] setting player 3 freeze to 0
[15:25:25.407] [SEVERE ] setting player 3 freeze to 0
[15:25:25.423] [SEVERE ] setting player 3 freeze to 0
[15:25:25.439] [SEVERE ] setting player 3 freeze to 0
[15:25:25.454] [SEVERE ] setting player 3 freeze to 0
[15:25:25.469] [SEVERE ] setting player 3 freeze to 0
[15:25:25.485] [SEVERE ] setting player 3 freeze to 0
[15:25:25.501] [SEVERE ] setting player 3 freeze to 0
[15:25:25.517] [SEVERE ] setting player 3 freeze to 0
[15:25:25.533] [SEVERE ] setting player 3 freeze to 0
[15:25:25.548] [SEVERE ] setting player 3 freeze to 0
[15:25:25.564] [SEVERE ] setting player 3 freeze to 0
[15:25:25.579] [SEVERE ] setting player 3 freeze to 0
[15:25:25.594] [SEVERE ] setting player 3 freeze to 0
[15:25:25.610] [SEVERE ] setting player 3 freeze to 0
[15:25:25.625] [SEVERE ] setting player 3 freeze to 0
[15:25:25.640] [SEVERE ] setting player 3 freeze to 0
[15:25:25.657] [SEVERE ] setting player 3 freeze to 0
[15:25:25.672] [SEVERE ] setting player 3 freeze to 0
[15:25:25.687] [SEVERE ] setting player 3 freeze to 0
[15:25:25.703] [SEVERE ] setting player 3 freeze to 0
[15:25:25.719] [SEVERE ] setting player 3 freeze to 0
[15:25:25.734] [SEVERE ] setting player 3 freeze to 0
[15:25:25.750] [SEVERE ] setting player 3 freeze to 0
[15:25:25.766] [SEVERE ] setting player 3 freeze to 0
[15:25:25.781] [SEVERE ] setting player 3 freeze to 0
[15:25:25.797] [SEVERE ] setting player 3 freeze to 0
[15:25:25.813] [SEVERE ] setting player 3 freeze to 0
[15:25:25.829] [SEVERE ] setting player 3 freeze to 0
[15:25:25.845] [SEVERE ] setting player 3 freeze to 0
[15:25:25.860] [SEVERE ] setting player 3 freeze to 0
[15:25:25.875] [SEVERE ] setting player 3 freeze to 0
[15:25:25.891] [SEVERE ] setting player 3 freeze to 0
[15:25:25.906] [SEVERE ] setting player 3 freeze to 0
[15:25:25.922] [SEVERE ] setting player 3 freeze to 0
[15:25:25.938] [SEVERE ] setting player 3 freeze to 0
[15:25:25.953] [SEVERE ] setting player 3 freeze to 0
[15:25:25.968] [SEVERE ] setting player 3 freeze to 0
[15:25:25.984] [SEVERE ] setting player 3 freeze to 0
[15:25:26.000] [SEVERE ] setting player 3 freeze to 0
[15:25:26.015] [SEVERE ] setting player 3 freeze to 0
[15:25:26.031] [SEVERE ] setting player 3 freeze to 0
[15:25:26.047] [SEVERE ] setting player 3 freeze to 0
[15:25:26.062] [SEVERE ] setting player 3 freeze to 0
[15:25:26.077] [SEVERE ] setting player 3 freeze to 0
[15:25:26.093] [SEVERE ] setting player 3 freeze to 0
[15:25:26.109] [SEVERE ] setting player 3 freeze to 0
[15:25:26.124] [SEVERE ] setting player 3 freeze to 0
[15:25:26.139] [SEVERE ] setting player 3 freeze to 0
[15:25:26.155] [SEVERE ] setting player 3 freeze to 0
[15:25:26.171] [SEVERE ] setting player 3 freeze to 0
[15:25:26.186] [SEVERE ] setting player 3 freeze to 0
[15:25:26.202] [SEVERE ] setting player 3 freeze to 0
[15:25:26.217] [SEVERE ] setting player 3 freeze to 0
[15:25:26.233] [SEVERE ] setting player 3 freeze to 0
[15:25:26.248] [SEVERE ] setting player 3 freeze to 0
[15:25:26.263] [SEVERE ] setting player 3 freeze to 0
[15:25:26.279] [SEVERE ] setting player 3 freeze to 0
[15:25:26.295] [SEVERE ] setting player 3 freeze to 0
[15:25:26.310] [SEVERE ] setting player 3 freeze to 0
[15:25:26.326] [SEVERE ] setting player 3 freeze to 0
[15:25:26.341] [SEVERE ] setting player 3 freeze to 0
[15:25:26.357] [SEVERE ] setting player 3 freeze to 0
[15:25:26.373] [SEVERE ] setting player 3 freeze to 0
[15:25:26.389] [SEVERE ] setting player 3 freeze to 0
[15:25:26.403] [SEVERE ] setting player 3 freeze to 0
[15:25:26.418] [SEVERE ] setting player 3 freeze to 0
[15:25:26.434] [SEVERE ] setting player 3 freeze to 0
[15:25:26.450] [SEVERE ] setting player 3 freeze to 0
[15:25:26.465] [SEVERE ] setting player 3 freeze to 0
[15:25:26.481] [SEVERE ] setting player 3 freeze to 0
[15:25:26.496] [SEVERE ] setting player 3 freeze to 0
[15:25:26.512] [SEVERE ] setting player 3 freeze to 0
[15:25:26.527] [SEVERE ] setting player 3 freeze to 0
[15:25:26.542] [SEVERE ] setting player 3 freeze to 0
[15:25:26.558] [SEVERE ] setting player 3 freeze to 0
[15:25:26.574] [SEVERE ] setting player 3 freeze to 0
[15:25:26.590] [SEVERE ] setting player 3 freeze to 0
[15:25:26.605] [SEVERE ] setting player 3 freeze to 0
[15:25:26.620] [SEVERE ] setting player 3 freeze to 0
[15:25:26.636] [SEVERE ] setting player 3 freeze to 0
[15:25:26.651] [SEVERE ] setting player 3 freeze to 0
[15:25:26.667] [SEVERE ] setting player 3 freeze to 0
[15:25:26.683] [SEVERE ] setting player 3 freeze to 0
[15:25:26.699] [SEVERE ] setting player 3 freeze to 0
[15:25:26.714] [SEVERE ] setting player 3 freeze to 0
[15:25:26.730] [SEVERE ] setting player 3 freeze to 0
[15:25:26.746] [SEVERE ] setting player 3 freeze to 0
[15:25:26.762] [SEVERE ] setting player 3 freeze to 0
[15:25:26.778] [SEVERE ] setting player 3 freeze to 0
[15:25:26.793] [SEVERE ] setting player 3 freeze to 0
[15:25:26.809] [SEVERE ] setting player 3 freeze to 0
[15:25:26.824] [SEVERE ] setting player 3 freeze to 0
[15:25:26.840] [SEVERE ] setting player 3 freeze to 0
[15:25:26.856] [SEVERE ] setting player 3 freeze to 0
[15:25:26.871] [SEVERE ] setting player 3 freeze to 0
[15:25:26.887] [SEVERE ] setting player 3 freeze to 0
[15:25:26.902] [SEVERE ] setting player 3 freeze to 0
[15:25:26.918] [SEVERE ] setting player 3 freeze to 0
[15:25:26.934] [SEVERE ] setting player 3 freeze to 0
[15:25:26.949] [SEVERE ] setting player 3 freeze to 0
[15:25:26.965] [SEVERE ] setting player 3 freeze to 0
[15:25:26.981] [SEVERE ] setting player 3 freeze to 0
[15:25:26.996] [SEVERE ] setting player 3 freeze to 0
[15:25:27.012] [SEVERE ] setting player 3 freeze to 0
[15:25:27.027] [SEVERE ] setting player 3 freeze to 0
[15:25:27.043] [SEVERE ] setting player 3 freeze to 0
[15:25:27.059] [SEVERE ] setting player 3 freeze to 0
[15:25:27.074] [SEVERE ] setting player 3 freeze to 0
[15:25:27.090] [SEVERE ] setting player 3 freeze to 0
[15:25:27.106] [SEVERE ] setting player 3 freeze to 0
[15:25:27.121] [SEVERE ] setting player 3 freeze to 0
[15:25:27.137] [SEVERE ] setting player 3 freeze to 0
[15:25:27.152] [SEVERE ] setting player 3 freeze to 0
[15:25:27.168] [SEVERE ] setting player 3 freeze to 0
[15:25:27.184] [SEVERE ] setting player 3 freeze to 0
[15:25:27.198] [SEVERE ] setting player 3 freeze to 0
[15:25:27.214] [SEVERE ] setting player 3 freeze to 0
[15:25:27.230] [SEVERE ] setting player 3 freeze to 0
[15:25:27.246] [SEVERE ] setting player 3 freeze to 0
[15:25:27.262] [SEVERE ] setting player 3 freeze to 0
[15:25:27.277] [SEVERE ] setting player 3 freeze to 0
[15:25:27.293] [SEVERE ] setting player 3 freeze to 0
[15:25:27.309] [SEVERE ] setting player 3 freeze to 0
[15:25:27.324] [SEVERE ] setting player 3 freeze to 0
[15:25:27.340] [SEVERE ] setting player 3 freeze to 0
[15:25:27.356] [SEVERE ] setting player 3 freeze to 0
[15:25:27.372] [SEVERE ] setting player 3 freeze to 0
[15:25:27.388] [SEVERE ] setting player 3 freeze to 0
[15:25:27.404] [SEVERE ] setting player 3 freeze to 0
[15:25:27.419] [SEVERE ] setting player 3 freeze to 0
[15:25:27.434] [SEVERE ] setting player 3 freeze to 0
[15:25:27.450] [SEVERE ] setting player 3 freeze to 0
[15:25:27.465] [SEVERE ] setting player 3 freeze to 0
[15:25:27.480] [SEVERE ] setting player 3 freeze to 0
[15:25:27.496] [SEVERE ] setting player 3 freeze to 0
[15:25:27.512] [SEVERE ] setting player 3 freeze to 0
[15:25:27.527] [SEVERE ] setting player 3 freeze to 0
[15:25:27.543] [SEVERE ] setting player 3 freeze to 0
[15:25:27.559] [SEVERE ] setting player 3 freeze to 0
[15:25:27.575] [SEVERE ] setting player 3 freeze to 0
[15:25:27.591] [SEVERE ] setting player 3 freeze to 0
[15:25:27.606] [SEVERE ] setting player 3 freeze to 0
[15:25:27.622] [SEVERE ] setting player 3 freeze to 0
[15:25:27.636] [SEVERE ] setting player 3 freeze to 0
[15:25:27.652] [SEVERE ] setting player 3 freeze to 0
[15:25:27.667] [SEVERE ] setting player 3 freeze to 0
[15:25:27.682] [SEVERE ] setting player 3 freeze to 0
[15:25:27.698] [SEVERE ] setting player 3 freeze to 0
[15:25:27.713] [SEVERE ] setting player 3 freeze to 0
[15:25:27.729] [SEVERE ] setting player 3 freeze to 0
[15:25:27.745] [SEVERE ] setting player 3 freeze to 0
[15:25:27.761] [SEVERE ] setting player 3 freeze to 0
[15:25:27.775] [SEVERE ] setting player 3 freeze to 0
[15:25:27.791] [SEVERE ] setting player 3 freeze to 0
[15:25:27.806] [SEVERE ] setting player 3 freeze to 0
[15:25:27.822] [SEVERE ] setting player 3 freeze to 0
[15:25:27.837] [SEVERE ] setting player 3 freeze to 0
[15:25:27.852] [SEVERE ] setting player 3 freeze to 0
[15:25:27.868] [SEVERE ] setting player 3 freeze to 0
[15:25:27.884] [SEVERE ] setting player 3 freeze to 0
[15:25:27.900] [SEVERE ] setting player 3 freeze to 0
[15:25:27.915] [SEVERE ] setting player 3 freeze to 0
[15:25:27.930] [SEVERE ] setting player 3 freeze to 0
[15:25:27.946] [SEVERE ] setting player 3 freeze to 0
[15:25:27.961] [SEVERE ] setting player 3 freeze to 0
[15:25:27.977] [SEVERE ] setting player 3 freeze to 0
[15:25:27.993] [SEVERE ] setting player 3 freeze to 0
[15:25:28.008] [SEVERE ] setting player 3 freeze to 0
[15:25:28.024] [SEVERE ] setting player 3 freeze to 0
[15:25:28.040] [SEVERE ] setting player 3 freeze to 0
[15:25:28.055] [SEVERE ] setting player 3 freeze to 0
[15:25:28.071] [SEVERE ] setting player 3 freeze to 0
[15:25:28.091] [SEVERE ] setting player 3 freeze to 0
[15:25:28.126] [SEVERE ] setting player 3 freeze to 0
[15:25:28.147] [SEVERE ] setting player 3 freeze to 0
[15:25:28.163] [SEVERE ] setting player 3 freeze to 0
[15:25:28.184] [SEVERE ] setting player 3 freeze to 0
[15:25:28.195] [SEVERE ] setting player 3 freeze to 0
[15:25:28.211] [SEVERE ] setting player 3 freeze to 0
[15:25:28.227] [SEVERE ] setting player 3 freeze to 0
[15:25:28.242] [SEVERE ] setting player 3 freeze to 0
[15:25:28.258] [SEVERE ] setting player 3 freeze to 0
[15:25:28.274] [SEVERE ] setting player 3 freeze to 0
[15:25:28.290] [SEVERE ] setting player 3 freeze to 0
[15:25:28.305] [SEVERE ] setting player 3 freeze to 0
[15:25:28.321] [SEVERE ] setting player 3 freeze to 0
[15:25:28.337] [SEVERE ] setting player 3 freeze to 0
[15:25:28.353] [SEVERE ] setting player 3 freeze to 0
[15:25:28.368] [SEVERE ] setting player 3 freeze to 0
[15:25:28.384] [SEVERE ] setting player 3 freeze to 0
[15:25:28.400] [SEVERE ] setting player 3 freeze to 0
[15:25:28.416] [SEVERE ] setting player 3 freeze to 0
[15:25:28.432] [SEVERE ] setting player 3 freeze to 0
[15:25:28.467] [SEVERE ] setting player 3 freeze to 0
[15:25:28.478] [SEVERE ] setting player 3 freeze to 0
[15:25:28.493] [SEVERE ] setting player 3 freeze to 0
[15:25:28.509] [SEVERE ] setting player 3 freeze to 0
[15:25:28.525] [SEVERE ] setting player 3 freeze to 0
[15:25:28.541] [SEVERE ] setting player 3 freeze to 0
[15:25:28.565] [SEVERE ] setting player 3 freeze to 0
[15:25:28.589] [SEVERE ] setting player 3 freeze to 0
[15:25:28.604] [SEVERE ] setting player 3 freeze to 0
[15:25:28.620] [SEVERE ] setting player 3 freeze to 0
[15:25:28.635] [SEVERE ] setting player 3 freeze to 0
[15:25:28.651] [SEVERE ] setting player 3 freeze to 0
[15:25:28.666] [SEVERE ] setting player 3 freeze to 0
[15:25:28.682] [SEVERE ] setting player 3 freeze to 0
[15:25:28.713] [SEVERE ] setting player 3 freeze to 0
[15:25:28.728] [SEVERE ] setting player 3 freeze to 0
[15:25:28.744] [SEVERE ] setting player 3 freeze to 0
[15:25:28.759] [SEVERE ] setting player 3 freeze to 0
[15:25:28.775] [SEVERE ] setting player 3 freeze to 0
[15:25:28.791] [SEVERE ] setting player 3 freeze to 0
[15:25:28.806] [SEVERE ] setting player 3 freeze to 0
[15:25:28.822] [SEVERE ] setting player 3 freeze to 0
[15:25:28.838] [SEVERE ] setting player 3 freeze to 0
[15:25:29.033] [SEVERE ] setting player 3 freeze to 0
[15:25:29.218] [SEVERE ] setting player 3 freeze to 0
[15:25:29.736] [SEVERE ] setting player 3 freeze to 0
[15:25:29.767] [SEVERE ] setting player 3 freeze to 0
[15:25:29.790] [SEVERE ] setting player 3 freeze to 0
[15:25:29.813] [SEVERE ] setting player 3 freeze to 0
[15:25:29.830] [SEVERE ] setting player 3 freeze to 0
[15:25:29.846] [SEVERE ] setting player 3 freeze to 0
[15:25:29.861] [SEVERE ] setting player 3 freeze to 0
[15:25:29.874] [SEVERE ] setting player 3 freeze to 0
[15:25:29.906] [SEVERE ] setting player 3 freeze to 0
[15:25:29.924] [SEVERE ] setting player 3 freeze to 0
[15:25:29.936] [SEVERE ] setting player 3 freeze to 0
[15:25:29.951] [SEVERE ] setting player 3 freeze to 0
[15:25:29.967] [SEVERE ] setting player 3 freeze to 0
[15:25:29.982] [SEVERE ] setting player 3 freeze to 0
[15:25:29.999] [SEVERE ] setting player 3 freeze to 0
[15:25:30.014] [SEVERE ] setting player 3 freeze to 0
[15:25:30.029] [SEVERE ] setting player 3 freeze to 0
[15:25:30.045] [SEVERE ] setting player 3 freeze to 0
[15:25:30.061] [SEVERE ] setting player 3 freeze to 0
[15:25:30.076] [SEVERE ] setting player 3 freeze to 0
[15:25:30.091] [SEVERE ] setting player 3 freeze to 0
[15:25:30.107] [SEVERE ] setting player 3 freeze to 0
[15:25:30.122] [SEVERE ] setting player 3 freeze to 0
[15:25:30.138] [SEVERE ] setting player 3 freeze to 0
[15:25:30.154] [SEVERE ] setting player 3 freeze to 0
[15:25:30.169] [SEVERE ] setting player 3 freeze to 0
[15:25:30.185] [SEVERE ] setting player 3 freeze to 0
[15:25:30.201] [SEVERE ] setting player 3 freeze to 0
[15:25:30.217] [SEVERE ] setting player 3 freeze to 0
[15:25:30.233] [SEVERE ] setting player 3 freeze to 0
[15:25:30.249] [SEVERE ] setting player 3 freeze to 0
[15:25:30.264] [SEVERE ] setting player 3 freeze to 0
[15:25:30.280] [SEVERE ] setting player 3 freeze to 0
[15:25:30.295] [SEVERE ] setting player 3 freeze to 0
[15:25:30.310] [SEVERE ] setting player 3 freeze to 0
[15:25:30.325] [SEVERE ] setting player 3 freeze to 0
[15:25:30.342] [SEVERE ] setting player 3 freeze to 0
[15:25:30.360] [SEVERE ] setting player 3 freeze to 0
[15:25:30.386] [SEVERE ] setting player 3 freeze to 0
[15:25:30.402] [SEVERE ] setting player 3 freeze to 0
[15:25:30.417] [SEVERE ] setting player 3 freeze to 0
[15:25:30.432] [SEVERE ] setting player 3 freeze to 0
[15:25:30.448] [SEVERE ] setting player 3 freeze to 0
[15:25:30.464] [SEVERE ] setting player 3 freeze to 0
[15:25:30.479] [SEVERE ] setting player 3 freeze to 0
[15:25:30.494] [SEVERE ] setting player 3 freeze to 0
[15:25:30.509] [SEVERE ] setting player 3 freeze to 0
[15:25:30.524] [SEVERE ] setting player 3 freeze to 0
[15:25:30.540] [SEVERE ] setting player 3 freeze to 0
[15:25:30.555] [SEVERE ] setting player 3 freeze to 0
[15:25:30.571] [SEVERE ] setting player 3 freeze to 0
[15:25:30.587] [SEVERE ] setting player 3 freeze to 0
[15:25:30.603] [SEVERE ] setting player 3 freeze to 0
[15:25:30.618] [SEVERE ] setting player 3 freeze to 0
[15:25:30.633] [SEVERE ] setting player 3 freeze to 0
[15:25:30.649] [SEVERE ] setting player 3 freeze to 0
[15:25:30.664] [SEVERE ] setting player 3 freeze to 0
[15:25:30.679] [SEVERE ] setting player 3 freeze to 0
[15:25:30.695] [SEVERE ] setting player 3 freeze to 0
[15:25:30.710] [SEVERE ] setting player 3 freeze to 0
[15:25:30.726] [SEVERE ] setting player 3 freeze to 0
[15:25:30.742] [SEVERE ] setting player 3 freeze to 0
[15:25:30.758] [SEVERE ] setting player 3 freeze to 0
[15:25:30.774] [SEVERE ] setting player 3 freeze to 0
[15:25:30.790] [SEVERE ] setting player 3 freeze to 0
[15:25:30.806] [SEVERE ] setting player 3 freeze to 0
[15:25:30.823] [SEVERE ] setting player 3 freeze to 0
[15:25:30.835] [SEVERE ] setting player 3 freeze to 0
[15:25:30.851] [SEVERE ] setting player 3 freeze to 0
[15:25:30.867] [SEVERE ] setting player 3 freeze to 0
[15:25:30.883] [SEVERE ] setting player 3 freeze to 0
[15:25:30.898] [SEVERE ] setting player 3 freeze to 0
[15:25:30.914] [SEVERE ] setting player 3 freeze to 0
[15:25:30.929] [SEVERE ] setting player 3 freeze to 0
[15:25:30.945] [SEVERE ] setting player 3 freeze to 0
[15:25:30.960] [SEVERE ] setting player 3 freeze to 0
[15:25:30.976] [SEVERE ] setting player 3 freeze to 0
[15:25:30.991] [SEVERE ] setting player 3 freeze to 0
[15:25:31.007] [SEVERE ] setting player 3 freeze to 0
[15:25:31.022] [SEVERE ] setting player 3 freeze to 0
[15:25:31.037] [SEVERE ] setting player 3 freeze to 0
[15:25:31.052] [SEVERE ] setting player 3 freeze to 0
[15:25:31.068] [SEVERE ] setting player 3 freeze to 0
[15:25:31.084] [SEVERE ] setting player 3 freeze to 0
[15:25:31.099] [SEVERE ] setting player 3 freeze to 0
[15:25:31.115] [SEVERE ] setting player 3 freeze to 0
[15:25:31.131] [SEVERE ] setting player 3 freeze to 0
[15:25:31.147] [SEVERE ] setting player 3 freeze to 0
[15:25:31.163] [SEVERE ] setting player 3 freeze to 0
[15:25:31.178] [SEVERE ] setting player 3 freeze to 0
[15:25:31.194] [SEVERE ] setting player 3 freeze to 0
[15:25:31.209] [SEVERE ] setting player 3 freeze to 0
[15:25:31.225] [SEVERE ] setting player 3 freeze to 0
[15:25:31.241] [SEVERE ] setting player 3 freeze to 0
[15:25:31.256] [SEVERE ] setting player 3 freeze to 0
[15:25:31.271] [SEVERE ] setting player 3 freeze to 0
[15:25:31.287] [SEVERE ] setting player 3 freeze to 0
[15:25:31.302] [SEVERE ] setting player 3 freeze to 0
[15:25:31.317] [SEVERE ] setting player 3 freeze to 0
[15:25:31.333] [SEVERE ] setting player 3 freeze to 0
[15:25:31.349] [SEVERE ] setting player 3 freeze to 0
[15:25:31.364] [SEVERE ] setting player 3 freeze to 0
[15:25:31.380] [SEVERE ] setting player 3 freeze to 0
[15:25:31.396] [SEVERE ] setting player 3 freeze to 0
[15:25:31.411] [SEVERE ] setting player 3 freeze to 0
[15:25:31.427] [SEVERE ] setting player 3 freeze to 0
[15:25:31.443] [SEVERE ] setting player 3 freeze to 0
[15:25:31.458] [SEVERE ] setting player 3 freeze to 0
[15:25:31.474] [SEVERE ] setting player 3 freeze to 0
[15:25:31.489] [SEVERE ] setting player 3 freeze to 0
[15:25:31.505] [SEVERE ] setting player 3 freeze to 0
[15:25:31.521] [SEVERE ] setting player 3 freeze to 0
[15:25:31.536] [SEVERE ] setting player 3 freeze to 0
[15:25:31.551] [SEVERE ] setting player 3 freeze to 0
[15:25:31.567] [SEVERE ] setting player 3 freeze to 0
[15:25:31.582] [SEVERE ] setting player 3 freeze to 0
[15:25:31.598] [SEVERE ] setting player 3 freeze to 0
[15:25:31.614] [SEVERE ] setting player 3 freeze to 0
[15:25:31.630] [SEVERE ] setting player 3 freeze to 0
[15:25:31.645] [SEVERE ] setting player 3 freeze to 0
[15:25:31.660] [SEVERE ] setting player 3 freeze to 0
[15:25:31.675] [SEVERE ] setting player 3 freeze to 0
[15:25:31.691] [SEVERE ] setting player 3 freeze to 0
[15:25:31.706] [SEVERE ] setting player 3 freeze to 0
[15:25:31.721] [SEVERE ] setting player 3 freeze to 0
[15:25:31.737] [SEVERE ] setting player 3 freeze to 0
[15:25:31.753] [SEVERE ] setting player 3 freeze to 0
[15:25:31.768] [SEVERE ] setting player 3 freeze to 0
[15:25:31.784] [SEVERE ] setting player 3 freeze to 0
[15:25:31.799] [SEVERE ] setting player 3 freeze to 0
[15:25:31.815] [SEVERE ] setting player 3 freeze to 0
[15:25:31.831] [SEVERE ] setting player 3 freeze to 0
[15:25:31.846] [SEVERE ] setting player 3 freeze to 0
[15:25:31.862] [SEVERE ] setting player 3 freeze to 0
[15:25:31.877] [SEVERE ] setting player 3 freeze to 0
[15:25:31.893] [SEVERE ] setting player 3 freeze to 0
[15:25:31.909] [SEVERE ] setting player 3 freeze to 0
[15:25:31.924] [SEVERE ] setting player 3 freeze to 0
[15:25:31.940] [SEVERE ] setting player 3 freeze to 0
[15:25:31.955] [SEVERE ] setting player 3 freeze to 0
[15:25:31.971] [SEVERE ] setting player 3 freeze to 0
[15:25:31.987] [SEVERE ] setting player 3 freeze to 0
[15:25:32.003] [SEVERE ] setting player 3 freeze to 0
[15:25:32.019] [SEVERE ] setting player 3 freeze to 0
[15:25:32.035] [SEVERE ] setting player 3 freeze to 0
[15:25:32.051] [SEVERE ] setting player 3 freeze to 0
[15:25:32.067] [SEVERE ] setting player 3 freeze to 0
[15:25:32.082] [SEVERE ] setting player 3 freeze to 0
[15:25:32.097] [SEVERE ] setting player 3 freeze to 0
[15:25:32.113] [SEVERE ] setting player 3 freeze to 0
[15:25:32.131] [SEVERE ] setting player 3 freeze to 0
[15:25:32.145] [SEVERE ] setting player 3 freeze to 0
[15:25:32.161] [SEVERE ] setting player 3 freeze to 0
[15:25:32.177] [SEVERE ] setting player 3 freeze to 0
[15:25:32.193] [SEVERE ] setting player 3 freeze to 0
[15:25:32.209] [SEVERE ] setting player 3 freeze to 0
[15:25:32.224] [SEVERE ] setting player 3 freeze to 0
[15:25:32.239] [SEVERE ] setting player 3 freeze to 0
[15:25:32.254] [SEVERE ] setting player 3 freeze to 0
[15:25:32.270] [SEVERE ] setting player 3 freeze to 0
[15:25:32.286] [SEVERE ] setting player 3 freeze to 0
[15:25:32.302] [SEVERE ] setting player 3 freeze to 0
[15:25:32.317] [SEVERE ] setting player 3 freeze to 0
[15:25:32.333] [SEVERE ] setting player 3 freeze to 0
[15:25:32.348] [SEVERE ] setting player 3 freeze to 0
[15:25:32.364] [SEVERE ] setting player 3 freeze to 0
[15:25:32.380] [SEVERE ] setting player 3 freeze to 0
[15:25:32.396] [SEVERE ] setting player 3 freeze to 0
[15:25:32.411] [SEVERE ] setting player 3 freeze to 0
[15:25:32.426] [SEVERE ] setting player 3 freeze to 0
[15:25:32.441] [SEVERE ] setting player 3 freeze to 0
[15:25:32.456] [SEVERE ] setting player 3 freeze to 0
[15:25:32.472] [SEVERE ] setting player 3 freeze to 0
[15:25:32.487] [SEVERE ] setting player 3 freeze to 0
[15:25:32.503] [SEVERE ] setting player 3 freeze to 0
[15:25:32.518] [SEVERE ] setting player 3 freeze to 0
[15:25:32.534] [SEVERE ] setting player 3 freeze to 0
[15:25:32.549] [SEVERE ] setting player 3 freeze to 0
[15:25:32.565] [SEVERE ] setting player 3 freeze to 0
[15:25:32.580] [SEVERE ] setting player 3 freeze to 0
[15:25:32.595] [SEVERE ] setting player 3 freeze to 0
[15:25:32.611] [SEVERE ] setting player 3 freeze to 0
[15:25:32.626] [SEVERE ] setting player 3 freeze to 0
[15:25:32.641] [SEVERE ] setting player 3 freeze to 0
[15:25:32.657] [SEVERE ] setting player 3 freeze to 0
[15:25:32.673] [SEVERE ] setting player 3 freeze to 0
[15:25:32.689] [SEVERE ] setting player 3 freeze to 0
[15:25:32.705] [SEVERE ] setting player 3 freeze to 0
[15:25:32.720] [SEVERE ] setting player 3 freeze to 0
[15:25:32.736] [SEVERE ] setting player 3 freeze to 0
[15:25:32.752] [SEVERE ] setting player 3 freeze to 0
[15:25:32.768] [SEVERE ] setting player 3 freeze to 0
[15:25:32.783] [SEVERE ] setting player 3 freeze to 0
[15:25:32.799] [SEVERE ] setting player 3 freeze to 0
[15:25:32.815] [SEVERE ] setting player 3 freeze to 0
[15:25:32.830] [SEVERE ] setting player 3 freeze to 0
[15:25:32.845] [SEVERE ] setting player 3 freeze to 0
[15:25:32.861] [SEVERE ] setting player 3 freeze to 0
[15:25:32.877] [SEVERE ] setting player 3 freeze to 0
[15:25:32.892] [SEVERE ] setting player 3 freeze to 0
[15:25:32.908] [SEVERE ] setting player 3 freeze to 0
[15:25:32.924] [SEVERE ] setting player 3 freeze to 0
[15:25:32.939] [SEVERE ] setting player 3 freeze to 0
[15:25:32.955] [SEVERE ] setting player 3 freeze to 0
[15:25:32.971] [SEVERE ] setting player 3 freeze to 0
[15:25:32.987] [SEVERE ] setting player 3 freeze to 0
[15:25:33.002] [SEVERE ] setting player 3 freeze to 0
[15:25:33.018] [SEVERE ] setting player 3 freeze to 0
[15:25:33.034] [SEVERE ] setting player 3 freeze to 0
[15:25:33.049] [SEVERE ] setting player 3 freeze to 0
[15:25:33.064] [SEVERE ] setting player 3 freeze to 0
[15:25:33.079] [SEVERE ] setting player 3 freeze to 0
[15:25:33.095] [SEVERE ] setting player 3 freeze to 0
[15:25:33.111] [SEVERE ] setting player 3 freeze to 0
[15:25:33.127] [SEVERE ] setting player 3 freeze to 0
[15:25:33.143] [SEVERE ] setting player 3 freeze to 0
[15:25:33.158] [SEVERE ] setting player 3 freeze to 0
[15:25:33.173] [SEVERE ] setting player 3 freeze to 0
[15:25:33.189] [SEVERE ] setting player 3 freeze to 0
[15:25:33.204] [SEVERE ] setting player 3 freeze to 0
[15:25:33.220] [SEVERE ] setting player 3 freeze to 0
[15:25:33.235] [SEVERE ] setting player 3 freeze to 0
[15:25:33.251] [SEVERE ] setting player 3 freeze to 0
[15:25:33.266] [SEVERE ] setting player 3 freeze to 0
[15:25:33.281] [SEVERE ] setting player 3 freeze to 0
[15:25:33.297] [SEVERE ] setting player 3 freeze to 0
[15:25:33.313] [SEVERE ] setting player 3 freeze to 0
[15:25:33.329] [SEVERE ] setting player 3 freeze to 0
[15:25:33.345] [SEVERE ] setting player 3 freeze to 0
[15:25:33.360] [SEVERE ] setting player 3 freeze to 0
[15:25:33.376] [SEVERE ] setting player 3 freeze to 0
[15:25:33.392] [SEVERE ] setting player 3 freeze to 0
[15:25:33.407] [SEVERE ] setting player 3 freeze to 0
[15:25:33.423] [SEVERE ] setting player 3 freeze to 0
[15:25:33.438] [SEVERE ] setting player 3 freeze to 0
[15:25:33.454] [SEVERE ] setting player 3 freeze to 0
[15:25:33.469] [SEVERE ] setting player 3 freeze to 0
[15:25:33.485] [SEVERE ] setting player 3 freeze to 0
[15:25:33.501] [SEVERE ] setting player 3 freeze to 0
[15:25:33.516] [SEVERE ] setting player 3 freeze to 0
[15:25:33.532] [SEVERE ] setting player 3 freeze to 0
[15:25:33.548] [SEVERE ] setting player 3 freeze to 0
[15:25:33.563] [SEVERE ] setting player 3 freeze to 0
[15:25:33.579] [SEVERE ] setting player 3 freeze to 0
[15:25:33.594] [SEVERE ] setting player 3 freeze to 0
[15:25:33.610] [SEVERE ] setting player 3 freeze to 0
[15:25:33.626] [SEVERE ] setting player 3 freeze to 0
[15:25:33.642] [SEVERE ] setting player 3 freeze to 0
[15:25:33.658] [SEVERE ] setting player 3 freeze to 0
[15:25:33.673] [SEVERE ] setting player 3 freeze to 0
[15:25:33.688] [SEVERE ] setting player 3 freeze to 0
[15:25:33.703] [SEVERE ] setting player 3 freeze to 0
[15:25:33.719] [SEVERE ] setting player 3 freeze to 0
[15:25:33.735] [SEVERE ] setting player 3 freeze to 0
[15:25:33.750] [SEVERE ] setting player 3 freeze to 0
[15:25:33.766] [SEVERE ] setting player 3 freeze to 0
[15:25:33.781] [SEVERE ] setting player 3 freeze to 0
[15:25:33.797] [SEVERE ] setting player 3 freeze to 0
[15:25:33.812] [SEVERE ] setting player 3 freeze to 0
[15:25:33.828] [SEVERE ] setting player 3 freeze to 0
[15:25:33.843] [SEVERE ] setting player 3 freeze to 0
[15:25:33.858] [SEVERE ] setting player 3 freeze to 0
[15:25:33.874] [SEVERE ] setting player 3 freeze to 0
[15:25:33.889] [SEVERE ] setting player 3 freeze to 0
[15:25:33.905] [SEVERE ] setting player 3 freeze to 0
[15:25:33.921] [SEVERE ] setting player 3 freeze to 0
[15:25:33.937] [SEVERE ] setting player 3 freeze to 0
[15:25:33.952] [SEVERE ] setting player 3 freeze to 0
[15:25:33.968] [SEVERE ] setting player 3 freeze to 0
[15:25:33.983] [SEVERE ] setting player 3 freeze to 0
[15:25:33.998] [SEVERE ] setting player 3 freeze to 0
[15:25:34.014] [SEVERE ] setting player 3 freeze to 0
[15:25:34.030] [SEVERE ] setting player 3 freeze to 0
[15:25:34.045] [SEVERE ] setting player 3 freeze to 0
[15:25:34.060] [SEVERE ] setting player 3 freeze to 0
[15:25:34.076] [SEVERE ] setting player 3 freeze to 0
[15:25:34.091] [SEVERE ] setting player 3 freeze to 0
[15:25:34.106] [SEVERE ] setting player 3 freeze to 0
[15:25:34.122] [SEVERE ] setting player 3 freeze to 0
[15:25:34.138] [SEVERE ] setting player 3 freeze to 0
[15:25:34.153] [SEVERE ] setting player 3 freeze to 0
[15:25:34.169] [SEVERE ] setting player 3 freeze to 0
[15:25:34.185] [SEVERE ] setting player 3 freeze to 0
[15:25:34.200] [SEVERE ] setting player 3 freeze to 0
[15:25:34.216] [SEVERE ] setting player 3 freeze to 0
[15:25:34.231] [SEVERE ] setting player 3 freeze to 0
[15:25:34.247] [SEVERE ] setting player 3 freeze to 0
[15:25:34.262] [SEVERE ] setting player 3 freeze to 0
[15:25:34.278] [SEVERE ] setting player 3 freeze to 0
[15:25:34.293] [SEVERE ] setting player 3 freeze to 0
[15:25:34.309] [SEVERE ] setting player 3 freeze to 0
[15:25:34.324] [SEVERE ] setting player 3 freeze to 0
[15:25:34.339] [SEVERE ] setting player 3 freeze to 0
[15:25:34.355] [SEVERE ] setting player 3 freeze to 0
[15:25:34.371] [SEVERE ] setting player 3 freeze to 0
[15:25:34.387] [SEVERE ] setting player 3 freeze to 0
[15:25:34.403] [SEVERE ] setting player 3 freeze to 0
[15:25:34.418] [SEVERE ] setting player 3 freeze to 0
[15:25:34.433] [SEVERE ] setting player 3 freeze to 0
[15:25:34.448] [SEVERE ] setting player 3 freeze to 0
[15:25:34.464] [SEVERE ] setting player 3 freeze to 0
[15:25:34.479] [SEVERE ] setting player 3 freeze to 0
[15:25:34.494] [SEVERE ] setting player 3 freeze to 0
[15:25:34.510] [SEVERE ] setting player 3 freeze to 0
[15:25:34.525] [SEVERE ] setting player 3 freeze to 0
[15:25:34.541] [SEVERE ] setting player 3 freeze to 0
[15:25:34.557] [SEVERE ] setting player 3 freeze to 0
[15:25:34.572] [SEVERE ] setting player 3 freeze to 0
[15:25:34.588] [SEVERE ] setting player 3 freeze to 0
[15:25:34.603] [SEVERE ] setting player 3 freeze to 0
[15:25:34.619] [SEVERE ] setting player 3 freeze to 0
[15:25:34.634] [SEVERE ] setting player 3 freeze to 0
[15:25:34.650] [SEVERE ] setting player 3 freeze to 0
[15:25:34.666] [SEVERE ] setting player 3 freeze to 0
[15:25:34.682] [SEVERE ] setting player 3 freeze to 0
[15:25:34.697] [SEVERE ] setting player 3 freeze to 0
[15:25:34.713] [SEVERE ] setting player 3 freeze to 0
[15:25:34.728] [SEVERE ] setting player 3 freeze to 0
[15:25:34.744] [SEVERE ] setting player 3 freeze to 0
[15:25:34.760] [SEVERE ] setting player 3 freeze to 0
[15:25:34.775] [SEVERE ] setting player 3 freeze to 0
[15:25:34.791] [SEVERE ] setting player 3 freeze to 0
[15:25:34.806] [SEVERE ] setting player 3 freeze to 0
[15:25:34.822] [SEVERE ] setting player 3 freeze to 0
[15:25:34.838] [SEVERE ] setting player 3 freeze to 0
[15:25:34.853] [SEVERE ] setting player 3 freeze to 0
[15:25:34.871] [SEVERE ] setting player 3 freeze to 0
[15:25:34.884] [SEVERE ] setting player 3 freeze to 0
[15:25:34.900] [SEVERE ] setting player 3 freeze to 0
[15:25:34.915] [SEVERE ] setting player 3 freeze to 0
[15:25:34.931] [SEVERE ] setting player 3 freeze to 0
[15:25:34.947] [SEVERE ] setting player 3 freeze to 0
[15:25:34.963] [SEVERE ] setting player 3 freeze to 0
[15:25:34.978] [SEVERE ] setting player 3 freeze to 0
[15:25:34.994] [SEVERE ] setting player 3 freeze to 0
[15:25:35.009] [SEVERE ] setting player 3 freeze to 0
[15:25:35.025] [SEVERE ] setting player 3 freeze to 0
[15:25:35.040] [SEVERE ] setting player 3 freeze to 0
[15:25:35.056] [SEVERE ] setting player 3 freeze to 0
[15:25:35.072] [SEVERE ] setting player 3 freeze to 0
[15:25:35.087] [SEVERE ] setting player 3 freeze to 0
[15:25:35.102] [SEVERE ] setting player 3 freeze to 0
[15:25:35.117] [SEVERE ] setting player 3 freeze to 0
[15:25:35.133] [SEVERE ] setting player 3 freeze to 0
[15:25:35.148] [SEVERE ] setting player 3 freeze to 0
[15:25:35.163] [SEVERE ] setting player 3 freeze to 0
[15:25:35.178] [SEVERE ] setting player 3 freeze to 0
[15:25:35.194] [SEVERE ] setting player 3 freeze to 0
[15:25:35.210] [SEVERE ] setting player 3 freeze to 0
[15:25:35.226] [SEVERE ] setting player 3 freeze to 0
[15:25:35.240] [SEVERE ] setting player 3 freeze to 0
[15:25:35.255] [SEVERE ] setting player 3 freeze to 0
[15:25:35.271] [SEVERE ] setting player 3 freeze to 0
[15:25:35.286] [SEVERE ] setting player 3 freeze to 0
[15:25:35.302] [SEVERE ] setting player 3 freeze to 0
[15:25:35.318] [SEVERE ] setting player 3 freeze to 0
[15:25:35.334] [SEVERE ] setting player 3 freeze to 0
[15:25:35.350] [SEVERE ] setting player 3 freeze to 0
[15:25:35.366] [SEVERE ] setting player 3 freeze to 0
[15:25:35.382] [SEVERE ] setting player 3 freeze to 0
[15:25:35.397] [SEVERE ] setting player 3 freeze to 0
[15:25:35.413] [SEVERE ] setting player 3 freeze to 0
[15:25:35.429] [SEVERE ] setting player 3 freeze to 0
[15:25:35.445] [SEVERE ] setting player 3 freeze to 0
[15:25:35.460] [SEVERE ] setting player 3 freeze to 0
[15:25:35.475] [SEVERE ] setting player 3 freeze to 0
[15:25:35.491] [SEVERE ] setting player 3 freeze to 0
[15:25:35.507] [SEVERE ] setting player 3 freeze to 0
[15:25:35.523] [SEVERE ] setting player 3 freeze to 0
[15:25:35.538] [SEVERE ] setting player 3 freeze to 0
[15:25:35.553] [SEVERE ] setting player 3 freeze to 0
[15:25:35.569] [SEVERE ] setting player 3 freeze to 0
[15:25:35.585] [SEVERE ] setting player 3 freeze to 0
[15:25:35.687] [SEVERE ] setting player 3 freeze to 0
[15:25:35.770] [SEVERE ] setting player 3 freeze to 0
[15:25:35.823] [SEVERE ] setting player 3 freeze to 0
[15:25:35.838] [SEVERE ] setting player 3 freeze to 0
[15:25:35.854] [SEVERE ] setting player 3 freeze to 0
[15:25:35.870] [SEVERE ] setting player 3 freeze to 0
[15:25:35.885] [SEVERE ] setting player 3 freeze to 0
[15:25:35.901] [SEVERE ] setting player 3 freeze to 0
[15:25:35.917] [SEVERE ] setting player 3 freeze to 0
[15:25:35.933] [SEVERE ] setting player 3 freeze to 0
[15:25:35.949] [SEVERE ] setting player 3 freeze to 0
[15:25:35.965] [SEVERE ] setting player 3 freeze to 0
[15:25:35.981] [SEVERE ] setting player 3 freeze to 0
[15:25:35.997] [SEVERE ] setting player 3 freeze to 0
[15:25:36.013] [SEVERE ] setting player 3 freeze to 0
[15:25:36.029] [SEVERE ] setting player 3 freeze to 0
[15:25:36.045] [SEVERE ] setting player 3 freeze to 0
[15:25:36.061] [SEVERE ] setting player 3 freeze to 0
[15:25:36.077] [SEVERE ] setting player 3 freeze to 0
[15:25:36.092] [SEVERE ] setting player 3 freeze to 0
[15:25:36.107] [SEVERE ] setting player 3 freeze to 0
[15:25:36.123] [SEVERE ] setting player 3 freeze to 0
[15:25:36.138] [SEVERE ] setting player 3 freeze to 0
[15:25:36.153] [SEVERE ] setting player 3 freeze to 0
[15:25:36.169] [SEVERE ] setting player 3 freeze to 0
[15:25:36.185] [SEVERE ] setting player 3 freeze to 0
[15:25:36.200] [SEVERE ] setting player 3 freeze to 0
[15:25:36.216] [SEVERE ] setting player 3 freeze to 0
[15:25:36.231] [SEVERE ] setting player 3 freeze to 0
[15:25:36.247] [SEVERE ] setting player 3 freeze to 0
[15:25:36.262] [SEVERE ] setting player 3 freeze to 0
[15:25:36.277] [SEVERE ] setting player 3 freeze to 0
[15:25:36.293] [SEVERE ] setting player 3 freeze to 0
[15:25:36.309] [SEVERE ] setting player 3 freeze to 0
[15:25:36.325] [SEVERE ] setting player 3 freeze to 0
[15:25:36.341] [SEVERE ] setting player 3 freeze to 0
[15:25:36.356] [SEVERE ] setting player 3 freeze to 0
[15:25:36.371] [SEVERE ] setting player 3 freeze to 0
[15:25:36.387] [SEVERE ] setting player 3 freeze to 0
[15:25:36.402] [SEVERE ] setting player 3 freeze to 0
[15:25:36.417] [SEVERE ] setting player 3 freeze to 0
[15:25:36.433] [SEVERE ] setting player 3 freeze to 0
[15:25:36.449] [SEVERE ] setting player 3 freeze to 0
[15:25:36.465] [SEVERE ] setting player 3 freeze to 0
[15:25:36.481] [SEVERE ] setting player 3 freeze to 0
[15:25:36.496] [SEVERE ] setting player 3 freeze to 0
[15:25:36.512] [SEVERE ] setting player 3 freeze to 0
[15:25:36.527] [SEVERE ] setting player 3 freeze to 0
[15:25:36.543] [SEVERE ] setting player 3 freeze to 0
[15:25:36.558] [SEVERE ] setting player 3 freeze to 0
[15:25:36.574] [SEVERE ] setting player 3 freeze to 0
[15:25:36.589] [SEVERE ] setting player 3 freeze to 0
[15:25:36.605] [SEVERE ] setting player 3 freeze to 0
[15:25:36.621] [SEVERE ] setting player 3 freeze to 0
[15:25:36.637] [SEVERE ] setting player 3 freeze to 0
[15:25:36.652] [SEVERE ] setting player 3 freeze to 0
[15:25:36.668] [SEVERE ] setting player 3 freeze to 0
[15:25:36.684] [SEVERE ] setting player 3 freeze to 0
[15:25:36.699] [SEVERE ] setting player 3 freeze to 0
[15:25:36.715] [SEVERE ] setting player 3 freeze to 0
[15:25:36.730] [SEVERE ] setting player 3 freeze to 0
[15:25:36.746] [SEVERE ] setting player 3 freeze to 0
[15:25:36.762] [SEVERE ] setting player 3 freeze to 0
[15:25:36.777] [SEVERE ] setting player 3 freeze to 0
[15:25:36.793] [SEVERE ] setting player 3 freeze to 0
[15:25:36.808] [SEVERE ] setting player 3 freeze to 0
[15:25:36.823] [SEVERE ] setting player 3 freeze to 0
[15:25:36.839] [SEVERE ] setting player 3 freeze to 0
[15:25:36.854] [SEVERE ] setting player 3 freeze to 0
[15:25:36.870] [SEVERE ] setting player 3 freeze to 0
[15:25:36.886] [SEVERE ] setting player 3 freeze to 0
[15:25:36.901] [SEVERE ] setting player 3 freeze to 0
[15:25:36.917] [SEVERE ] setting player 3 freeze to 0
[15:25:36.933] [SEVERE ] setting player 3 freeze to 0
[15:25:36.948] [SEVERE ] setting player 3 freeze to 0
[15:25:36.964] [SEVERE ] setting player 3 freeze to 0
[15:25:36.979] [SEVERE ] setting player 3 freeze to 0
[15:25:36.995] [SEVERE ] setting player 3 freeze to 0
[15:25:37.011] [SEVERE ] setting player 3 freeze to 0
[15:25:37.027] [SEVERE ] setting player 3 freeze to 0
[15:25:37.043] [SEVERE ] setting player 3 freeze to 0
[15:25:37.058] [SEVERE ] setting player 3 freeze to 0
[15:25:37.074] [SEVERE ] setting player 3 freeze to 0
[15:25:37.089] [SEVERE ] setting player 3 freeze to 0
[15:25:37.104] [SEVERE ] setting player 3 freeze to 0
[15:25:37.121] [SEVERE ] setting player 3 freeze to 0
[15:25:37.136] [SEVERE ] setting player 3 freeze to 0
[15:25:37.151] [SEVERE ] setting player 3 freeze to 0
[15:25:37.168] [SEVERE ] setting player 3 freeze to 0
[15:25:37.183] [SEVERE ] setting player 3 freeze to 0
[15:25:37.198] [SEVERE ] setting player 3 freeze to 0
[15:25:37.214] [SEVERE ] setting player 3 freeze to 0
[15:25:37.230] [SEVERE ] setting player 3 freeze to 0
[15:25:37.245] [SEVERE ] setting player 3 freeze to 0
[15:25:37.261] [SEVERE ] setting player 3 freeze to 0
[15:25:37.277] [SEVERE ] setting player 3 freeze to 0
[15:25:37.293] [SEVERE ] setting player 3 freeze to 0
[15:25:37.309] [SEVERE ] setting player 3 freeze to 0
[15:25:37.324] [SEVERE ] setting player 3 freeze to 0
[15:25:37.341] [SEVERE ] setting player 3 freeze to 0
[15:25:37.357] [SEVERE ] setting player 3 freeze to 0
[15:25:37.372] [SEVERE ] setting player 3 freeze to 0
[15:25:37.388] [SEVERE ] setting player 3 freeze to 0
[15:25:37.403] [SEVERE ] setting player 3 freeze to 0
[15:25:37.419] [SEVERE ] setting player 3 freeze to 0
[15:25:37.434] [SEVERE ] setting player 3 freeze to 0
[15:25:37.450] [SEVERE ] setting player 3 freeze to 0
[15:25:37.466] [SEVERE ] setting player 3 freeze to 0
[15:25:37.482] [SEVERE ] setting player 3 freeze to 0
[15:25:37.498] [SEVERE ] setting player 3 freeze to 0
[15:25:37.514] [SEVERE ] setting player 3 freeze to 0
[15:25:37.529] [SEVERE ] setting player 3 freeze to 0
[15:25:37.545] [SEVERE ] setting player 3 freeze to 0
[15:25:37.559] [SEVERE ] setting player 3 freeze to 0
[15:25:37.575] [SEVERE ] setting player 3 freeze to 0
[15:25:37.590] [SEVERE ] setting player 3 freeze to 0
[15:25:37.606] [SEVERE ] setting player 3 freeze to 0
[15:25:37.621] [SEVERE ] setting player 3 freeze to 0
[15:25:37.651] [SEVERE ] setting player 3 freeze to 0
[15:25:37.667] [SEVERE ] setting player 3 freeze to 0
[15:25:37.683] [SEVERE ] setting player 3 freeze to 0
[15:25:37.698] [SEVERE ] setting player 3 freeze to 0
[15:25:37.713] [SEVERE ] setting player 3 freeze to 0
[15:25:37.729] [SEVERE ] setting player 3 freeze to 0
[15:25:37.744] [SEVERE ] setting player 3 freeze to 0
[15:25:37.759] [SEVERE ] setting player 3 freeze to 0
[15:25:37.775] [SEVERE ] setting player 3 freeze to 0
[15:25:37.790] [SEVERE ] setting player 3 freeze to 0
[15:25:37.806] [SEVERE ] setting player 3 freeze to 0
[15:25:37.821] [SEVERE ] setting player 3 freeze to 0
[15:25:37.837] [SEVERE ] setting player 3 freeze to 0
[15:25:37.904] [SEVERE ] setting player 3 freeze to 0
[15:25:37.921] [SEVERE ] setting player 3 freeze to 0
[15:25:37.977] [SEVERE ] setting player 3 freeze to 0
[15:25:38.062] [SEVERE ] setting player 3 freeze to 0
[15:25:38.186] [SEVERE ] setting player 3 freeze to 0
[15:25:38.282] [SEVERE ] setting player 3 freeze to 0
[15:25:38.339] [SEVERE ] setting player 3 freeze to 0
[15:25:38.354] [SEVERE ] setting player 3 freeze to 0
[15:25:38.370] [SEVERE ] setting player 3 freeze to 0
[15:25:38.385] [SEVERE ] setting player 3 freeze to 0
[15:25:38.401] [SEVERE ] setting player 3 freeze to 0
[15:25:38.417] [SEVERE ] setting player 3 freeze to 0
[15:25:38.432] [SEVERE ] setting player 3 freeze to 0
[15:25:38.447] [SEVERE ] setting player 3 freeze to 0
[15:25:38.463] [SEVERE ] setting player 3 freeze to 0
[15:25:38.479] [SEVERE ] setting player 3 freeze to 0
[15:25:38.495] [SEVERE ] setting player 3 freeze to 0
[15:25:38.511] [SEVERE ] setting player 3 freeze to 0
[15:25:38.527] [SEVERE ] setting player 3 freeze to 0
[15:25:38.543] [SEVERE ] setting player 3 freeze to 0
[15:25:38.558] [SEVERE ] setting player 3 freeze to 0
[15:25:38.573] [SEVERE ] setting player 3 freeze to 0
[15:25:38.589] [SEVERE ] setting player 3 freeze to 0
[15:25:38.605] [SEVERE ] setting player 3 freeze to 0
[15:25:38.620] [SEVERE ] setting player 3 freeze to 0
[15:25:38.635] [SEVERE ] setting player 3 freeze to 0
[15:25:38.650] [SEVERE ] setting player 3 freeze to 0
[15:25:38.666] [SEVERE ] setting player 3 freeze to 0
[15:25:38.682] [SEVERE ] setting player 3 freeze to 0
[15:25:38.698] [SEVERE ] setting player 3 freeze to 0
[15:25:38.714] [SEVERE ] setting player 3 freeze to 0
[15:25:38.730] [SEVERE ] setting player 3 freeze to 0
[15:25:38.745] [SEVERE ] setting player 3 freeze to 0
[15:25:38.761] [SEVERE ] setting player 3 freeze to 0
[15:25:38.777] [SEVERE ] setting player 3 freeze to 0
[15:25:38.793] [SEVERE ] setting player 3 freeze to 0
[15:25:38.809] [SEVERE ] setting player 3 freeze to 0
[15:25:38.824] [SEVERE ] setting player 3 freeze to 0
[15:25:38.839] [SEVERE ] setting player 3 freeze to 0
[15:25:38.855] [SEVERE ] setting player 3 freeze to 0
[15:25:38.871] [SEVERE ] setting player 3 freeze to 0
[15:25:38.887] [SEVERE ] setting player 3 freeze to 0
[15:25:38.903] [SEVERE ] setting player 3 freeze to 0
[15:25:38.919] [SEVERE ] setting player 3 freeze to 0
[15:25:38.935] [SEVERE ] setting player 3 freeze to 0
[15:25:38.951] [SEVERE ] setting player 3 freeze to 0
[15:25:38.967] [SEVERE ] setting player 3 freeze to 0
[15:25:38.983] [SEVERE ] setting player 3 freeze to 0
[15:25:38.998] [SEVERE ] setting player 3 freeze to 0
[15:25:39.013] [SEVERE ] setting player 3 freeze to 0
[15:25:39.029] [SEVERE ] setting player 3 freeze to 0
[15:25:39.044] [SEVERE ] setting player 3 freeze to 0
[15:25:39.059] [SEVERE ] setting player 3 freeze to 0
[15:25:39.075] [SEVERE ] setting player 3 freeze to 0
[15:25:39.090] [SEVERE ] setting player 3 freeze to 0
[15:25:39.106] [SEVERE ] setting player 3 freeze to 0
[15:25:39.121] [SEVERE ] setting player 3 freeze to 0
[15:25:39.136] [SEVERE ] setting player 3 freeze to 0
[15:25:39.152] [SEVERE ] setting player 3 freeze to 0
[15:25:39.168] [SEVERE ] setting player 3 freeze to 0
[15:25:39.184] [SEVERE ] setting player 3 freeze to 0
[15:25:39.199] [SEVERE ] setting player 3 freeze to 0
[15:25:39.214] [SEVERE ] setting player 3 freeze to 0
[15:25:39.230] [SEVERE ] setting player 3 freeze to 0
[15:25:39.245] [SEVERE ] setting player 3 freeze to 0
[15:25:39.260] [SEVERE ] setting player 3 freeze to 0
[15:25:39.275] [SEVERE ] setting player 3 freeze to 0
[15:25:39.291] [SEVERE ] setting player 3 freeze to 0
[15:25:39.306] [SEVERE ] setting player 3 freeze to 0
[15:25:39.322] [SEVERE ] setting player 3 freeze to 0
[15:25:39.338] [SEVERE ] setting player 3 freeze to 0
[15:25:39.353] [SEVERE ] setting player 3 freeze to 0
[15:25:39.369] [SEVERE ] setting player 3 freeze to 0
[15:25:39.385] [SEVERE ] setting player 3 freeze to 0
[15:25:39.400] [SEVERE ] setting player 3 freeze to 0
[15:25:39.416] [SEVERE ] setting player 3 freeze to 0
[15:25:39.431] [SEVERE ] setting player 3 freeze to 0
[15:25:39.446] [SEVERE ] setting player 3 freeze to 0
[15:25:39.462] [SEVERE ] setting player 3 freeze to 0
[15:25:39.477] [SEVERE ] setting player 3 freeze to 0
[15:25:39.493] [SEVERE ] setting player 3 freeze to 0
[15:25:39.508] [SEVERE ] setting player 3 freeze to 0
[15:25:39.524] [SEVERE ] setting player 3 freeze to 0
[15:25:39.540] [SEVERE ] setting player 3 freeze to 0
[15:25:39.555] [SEVERE ] setting player 3 freeze to 0
[15:25:39.572] [SEVERE ] setting player 3 freeze to 0
[15:25:39.587] [SEVERE ] setting player 3 freeze to 0
[15:25:39.602] [SEVERE ] setting player 3 freeze to 0
[15:25:39.617] [SEVERE ] setting player 3 freeze to 0
[15:25:39.633] [SEVERE ] setting player 3 freeze to 0
[15:25:39.650] [SEVERE ] setting player 3 freeze to 0
[15:25:39.665] [SEVERE ] setting player 3 freeze to 0
[15:25:39.681] [SEVERE ] setting player 3 freeze to 0
[15:25:39.697] [SEVERE ] setting player 3 freeze to 0
[15:25:39.713] [SEVERE ] setting player 3 freeze to 0
[15:25:39.728] [SEVERE ] setting player 3 freeze to 0
[15:25:39.744] [SEVERE ] setting player 3 freeze to 0
[15:25:39.760] [SEVERE ] setting player 3 freeze to 0
[15:25:39.775] [SEVERE ] setting player 3 freeze to 0
[15:25:39.791] [SEVERE ] setting player 3 freeze to 0
[15:25:39.807] [SEVERE ] setting player 3 freeze to 0
[15:25:39.823] [SEVERE ] setting player 3 freeze to 0
[15:25:39.839] [SEVERE ] setting player 3 freeze to 0
[15:25:39.854] [SEVERE ] setting player 3 freeze to 0
[15:25:39.870] [SEVERE ] setting player 3 freeze to 0
[15:25:39.885] [SEVERE ] setting player 3 freeze to 0
[15:25:39.901] [SEVERE ] setting player 3 freeze to 0
[15:25:39.916] [SEVERE ] setting player 3 freeze to 0
[15:25:39.932] [SEVERE ] setting player 3 freeze to 0
[15:25:39.947] [SEVERE ] setting player 3 freeze to 0
[15:25:39.963] [SEVERE ] setting player 3 freeze to 0
[15:25:39.978] [SEVERE ] setting player 3 freeze to 0
[15:25:39.994] [SEVERE ] setting player 3 freeze to 0
[15:25:40.009] [SEVERE ] setting player 3 freeze to 0
[15:25:40.024] [SEVERE ] setting player 3 freeze to 0
[15:25:40.040] [SEVERE ] setting player 3 freeze to 0
[15:25:40.056] [SEVERE ] setting player 3 freeze to 0
[15:25:40.071] [SEVERE ] setting player 3 freeze to 0
[15:25:40.086] [SEVERE ] setting player 3 freeze to 0
[15:25:40.102] [SEVERE ] setting player 3 freeze to 0
[15:25:40.118] [SEVERE ] setting player 3 freeze to 0
[15:25:40.133] [SEVERE ] setting player 3 freeze to 0
[15:25:40.149] [SEVERE ] setting player 3 freeze to 0
[15:25:40.164] [SEVERE ] setting player 3 freeze to 0
[15:25:40.180] [SEVERE ] setting player 3 freeze to 0
[15:25:40.195] [SEVERE ] setting player 3 freeze to 0
[15:25:40.212] [SEVERE ] setting player 3 freeze to 0
[15:25:40.227] [SEVERE ] setting player 3 freeze to 0
[15:25:40.243] [SEVERE ] setting player 3 freeze to 0
[15:25:40.259] [SEVERE ] setting player 3 freeze to 0
[15:25:40.274] [SEVERE ] setting player 3 freeze to 0
[15:25:40.290] [SEVERE ] setting player 3 freeze to 0
[15:25:40.306] [SEVERE ] setting player 3 freeze to 0
[15:25:40.321] [SEVERE ] setting player 3 freeze to 0
[15:25:40.336] [SEVERE ] setting player 3 freeze to 0
[15:25:40.352] [SEVERE ] setting player 3 freeze to 0
[15:25:40.367] [SEVERE ] setting player 3 freeze to 0
[15:25:40.382] [SEVERE ] setting player 3 freeze to 0
[15:25:40.398] [SEVERE ] setting player 3 freeze to 0
[15:25:40.413] [SEVERE ] setting player 3 freeze to 0
[15:25:40.428] [SEVERE ] setting player 3 freeze to 0
[15:25:40.444] [SEVERE ] setting player 3 freeze to 0
[15:25:40.460] [SEVERE ] setting player 3 freeze to 0
[15:25:40.476] [SEVERE ] setting player 3 freeze to 0
[15:25:40.491] [SEVERE ] setting player 3 freeze to 0
[15:25:40.507] [SEVERE ] setting player 3 freeze to 0
[15:25:40.523] [SEVERE ] setting player 3 freeze to 0
[15:25:40.539] [SEVERE ] setting player 3 freeze to 0
[15:25:40.554] [SEVERE ] setting player 3 freeze to 0
[15:25:40.570] [SEVERE ] setting player 3 freeze to 0
[15:25:40.586] [SEVERE ] setting player 3 freeze to 0
[15:25:40.602] [SEVERE ] setting player 3 freeze to 0
[15:25:40.617] [SEVERE ] setting player 3 freeze to 0
[15:25:40.632] [SEVERE ] setting player 3 freeze to 0
[15:25:40.648] [SEVERE ] setting player 3 freeze to 0
[15:25:40.664] [SEVERE ] setting player 3 freeze to 0
[15:25:40.680] [SEVERE ] setting player 3 freeze to 0
[15:25:40.695] [SEVERE ] setting player 3 freeze to 0
[15:25:40.711] [SEVERE ] setting player 3 freeze to 0
[15:25:40.727] [SEVERE ] setting player 3 freeze to 0
[15:25:40.743] [SEVERE ] setting player 3 freeze to 0
[15:25:40.758] [SEVERE ] setting player 3 freeze to 0
[15:25:40.774] [SEVERE ] setting player 3 freeze to 0
[15:25:40.790] [SEVERE ] setting player 3 freeze to 0
[15:25:40.805] [SEVERE ] setting player 3 freeze to 0
[15:25:40.821] [SEVERE ] setting player 3 freeze to 0
[15:25:40.837] [SEVERE ] setting player 3 freeze to 0
[15:25:40.853] [SEVERE ] setting player 3 freeze to 0
[15:25:40.868] [SEVERE ] setting player 3 freeze to 0
